[2024-11-12T16:46:11.470+0100] {local_task_job_runner.py:123} INFO - ::group::Pre task execution logs
[2024-11-12T16:46:11.478+0100] {taskinstance.py:2613} INFO - Dependencies all met for dep_context=non-requeueable deps ti=<TaskInstance: process_web_log_v2.scan_for_log manual__2024-11-12T15:46:07+00:00 [queued]>
[2024-11-12T16:46:11.484+0100] {taskinstance.py:2613} INFO - Dependencies all met for dep_context=requeueable deps ti=<TaskInstance: process_web_log_v2.scan_for_log manual__2024-11-12T15:46:07+00:00 [queued]>
[2024-11-12T16:46:11.484+0100] {taskinstance.py:2866} INFO - Starting attempt 1 of 2
[2024-11-12T16:46:11.504+0100] {taskinstance.py:2889} INFO - Executing <Task(PythonOperator): scan_for_log> on 2024-11-12 15:46:07+00:00
[2024-11-12T16:46:11.509+0100] {standard_task_runner.py:72} INFO - Started process 7601 to run task
[2024-11-12T16:46:11.515+0100] {standard_task_runner.py:104} INFO - Running: ['airflow', 'tasks', 'run', 'process_web_log_v2', 'scan_for_log', 'manual__2024-11-12T15:46:07+00:00', '--job-id', '45', '--raw', '--subdir', 'DAGS_FOLDER/process_web_log.py', '--cfg-path', '/tmp/tmpp166a4s5']
[2024-11-12T16:46:11.516+0100] {standard_task_runner.py:105} INFO - Job 45: Subtask scan_for_log
[2024-11-12T16:46:11.558+0100] {task_command.py:467} INFO - Running <TaskInstance: process_web_log_v2.scan_for_log manual__2024-11-12T15:46:07+00:00 [running]> on host sakana
[2024-11-12T16:46:11.631+0100] {taskinstance.py:3132} INFO - Exporting env vars: AIRFLOW_CTX_DAG_OWNER='airflow' AIRFLOW_CTX_DAG_ID='process_web_log_v2' AIRFLOW_CTX_TASK_ID='scan_for_log' AIRFLOW_CTX_EXECUTION_DATE='2024-11-12T15:46:07+00:00' AIRFLOW_CTX_TRY_NUMBER='1' AIRFLOW_CTX_DAG_RUN_ID='manual__2024-11-12T15:46:07+00:00'
[2024-11-12T16:46:11.631+0100] {logging_mixin.py:190} INFO - Task instance is in running state
[2024-11-12T16:46:11.632+0100] {logging_mixin.py:190} INFO -  Previous state of the Task instance: queued
[2024-11-12T16:46:11.632+0100] {logging_mixin.py:190} INFO - Current task name:scan_for_log state:running start_date:2024-11-12 15:46:11.479227+00:00
[2024-11-12T16:46:11.632+0100] {logging_mixin.py:190} INFO - Dag name:process_web_log_v2 and current dag run status:running
[2024-11-12T16:46:11.632+0100] {taskinstance.py:731} INFO - ::endgroup::
[2024-11-12T16:46:11.633+0100] {logging_mixin.py:190} INFO - Log file found.
[2024-11-12T16:46:11.633+0100] {python.py:240} INFO - Done. Returned value was: None
[2024-11-12T16:46:11.637+0100] {taskinstance.py:340} INFO - ::group::Post task execution logs
[2024-11-12T16:46:11.637+0100] {taskinstance.py:352} INFO - Marking task as SUCCESS. dag_id=process_web_log_v2, task_id=scan_for_log, run_id=manual__2024-11-12T15:46:07+00:00, execution_date=20241112T154607, start_date=20241112T154611, end_date=20241112T154611
[2024-11-12T16:46:11.652+0100] {logging_mixin.py:190} INFO - Task instance in success state
[2024-11-12T16:46:11.653+0100] {logging_mixin.py:190} INFO -  Previous state of the Task instance: running
[2024-11-12T16:46:11.653+0100] {logging_mixin.py:190} INFO - Dag name:process_web_log_v2 queued_at:2024-11-12 15:46:07.794056+00:00
[2024-11-12T16:46:11.653+0100] {logging_mixin.py:190} INFO - Task hostname:sakana operator:PythonOperator
[2024-11-12T16:46:11.687+0100] {local_task_job_runner.py:266} INFO - Task exited with return code 0
[2024-11-12T16:46:11.712+0100] {taskinstance.py:3895} INFO - 1 downstream tasks scheduled from follow-on schedule check
[2024-11-12T16:46:11.723+0100] {local_task_job_runner.py:245} INFO - ::endgroup::
