[2024-11-11T13:56:34.875+0100] {local_task_job_runner.py:123} INFO - ::group::Pre task execution logs
[2024-11-11T13:56:34.887+0100] {taskinstance.py:2613} INFO - Dependencies all met for dep_context=non-requeueable deps ti=<TaskInstance: example_bash_operator.runme_2 scheduled__2024-11-10T00:00:00+00:00 [queued]>
[2024-11-11T13:56:34.894+0100] {taskinstance.py:2613} INFO - Dependencies all met for dep_context=requeueable deps ti=<TaskInstance: example_bash_operator.runme_2 scheduled__2024-11-10T00:00:00+00:00 [queued]>
[2024-11-11T13:56:34.894+0100] {taskinstance.py:2866} INFO - Starting attempt 1 of 1
[2024-11-11T13:56:34.914+0100] {taskinstance.py:2889} INFO - Executing <Task(BashOperator): runme_2> on 2024-11-10 00:00:00+00:00
[2024-11-11T13:56:34.917+0100] {standard_task_runner.py:72} INFO - Started process 19799 to run task
[2024-11-11T13:56:34.921+0100] {standard_task_runner.py:104} INFO - Running: ['airflow', 'tasks', 'run', 'example_bash_operator', 'runme_2', 'scheduled__2024-11-10T00:00:00+00:00', '--job-id', '24', '--raw', '--subdir', '/home/sakana/anaconda3/envs/airflow_env/lib/python3.8/site-packages/airflow/example_dags/example_bash_operator.py', '--cfg-path', '/tmp/tmpopa41hur']
[2024-11-11T13:56:34.922+0100] {standard_task_runner.py:105} INFO - Job 24: Subtask runme_2
[2024-11-11T13:56:34.970+0100] {task_command.py:467} INFO - Running <TaskInstance: example_bash_operator.runme_2 scheduled__2024-11-10T00:00:00+00:00 [running]> on host sakana
[2024-11-11T13:56:35.064+0100] {taskinstance.py:3132} INFO - Exporting env vars: AIRFLOW_CTX_DAG_OWNER='airflow' AIRFLOW_CTX_DAG_ID='example_bash_operator' AIRFLOW_CTX_TASK_ID='runme_2' AIRFLOW_CTX_EXECUTION_DATE='2024-11-10T00:00:00+00:00' AIRFLOW_CTX_TRY_NUMBER='1' AIRFLOW_CTX_DAG_RUN_ID='scheduled__2024-11-10T00:00:00+00:00'
[2024-11-11T13:56:35.065+0100] {logging_mixin.py:190} INFO - Task instance is in running state
[2024-11-11T13:56:35.066+0100] {logging_mixin.py:190} INFO -  Previous state of the Task instance: queued
[2024-11-11T13:56:35.066+0100] {logging_mixin.py:190} INFO - Current task name:runme_2 state:running start_date:2024-11-11 12:56:34.888163+00:00
[2024-11-11T13:56:35.066+0100] {logging_mixin.py:190} INFO - Dag name:example_bash_operator and current dag run status:running
[2024-11-11T13:56:35.067+0100] {taskinstance.py:731} INFO - ::endgroup::
[2024-11-11T13:56:35.068+0100] {subprocess.py:78} INFO - Tmp dir root location: /tmp
[2024-11-11T13:56:35.069+0100] {subprocess.py:88} INFO - Running command: ['/usr/bin/bash', '-c', 'echo "example_bash_operator__runme_2__20241110" && sleep 1']
[2024-11-11T13:56:35.077+0100] {subprocess.py:99} INFO - Output:
[2024-11-11T13:56:35.078+0100] {subprocess.py:106} INFO - example_bash_operator__runme_2__20241110
[2024-11-11T13:56:36.079+0100] {subprocess.py:110} INFO - Command exited with return code 0
[2024-11-11T13:56:36.115+0100] {taskinstance.py:340} INFO - ::group::Post task execution logs
[2024-11-11T13:56:36.115+0100] {taskinstance.py:352} INFO - Marking task as SUCCESS. dag_id=example_bash_operator, task_id=runme_2, run_id=scheduled__2024-11-10T00:00:00+00:00, execution_date=20241110T000000, start_date=20241111T125634, end_date=20241111T125636
[2024-11-11T13:56:36.132+0100] {logging_mixin.py:190} INFO - Task instance in success state
[2024-11-11T13:56:36.132+0100] {logging_mixin.py:190} INFO -  Previous state of the Task instance: running
[2024-11-11T13:56:36.133+0100] {logging_mixin.py:190} INFO - Dag name:example_bash_operator queued_at:2024-11-11 12:56:23.604260+00:00
[2024-11-11T13:56:36.133+0100] {logging_mixin.py:190} INFO - Task hostname:sakana operator:BashOperator
[2024-11-11T13:56:36.177+0100] {local_task_job_runner.py:266} INFO - Task exited with return code 0
[2024-11-11T13:56:36.203+0100] {taskinstance.py:3895} INFO - 1 downstream tasks scheduled from follow-on schedule check
[2024-11-11T13:56:36.213+0100] {local_task_job_runner.py:245} INFO - ::endgroup::
