[2024-11-11T13:52:04.238+0100] {local_task_job_runner.py:123} INFO - ::group::Pre task execution logs
[2024-11-11T13:52:04.249+0100] {taskinstance.py:2613} INFO - Dependencies all met for dep_context=non-requeueable deps ti=<TaskInstance: example_bash_operator.run_after_loop backfill__2015-01-01T00:00:00+00:00 [queued]>
[2024-11-11T13:52:04.255+0100] {taskinstance.py:2613} INFO - Dependencies all met for dep_context=requeueable deps ti=<TaskInstance: example_bash_operator.run_after_loop backfill__2015-01-01T00:00:00+00:00 [queued]>
[2024-11-11T13:52:04.255+0100] {taskinstance.py:2866} INFO - Starting attempt 1 of 1
[2024-11-11T13:52:04.273+0100] {taskinstance.py:2889} INFO - Executing <Task(BashOperator): run_after_loop> on 2015-01-01 00:00:00+00:00
[2024-11-11T13:52:04.275+0100] {standard_task_runner.py:72} INFO - Started process 18945 to run task
[2024-11-11T13:52:04.279+0100] {standard_task_runner.py:104} INFO - Running: ['airflow', 'tasks', 'run', 'example_bash_operator', 'run_after_loop', 'backfill__2015-01-01T00:00:00+00:00', '--job-id', '20', '--pool', 'default_pool', '--raw', '--subdir', '/home/sakana/anaconda3/envs/airflow_env/lib/python3.8/site-packages/airflow/example_dags/example_bash_operator.py', '--cfg-path', '/tmp/tmpw5_dkvp1']
[2024-11-11T13:52:04.280+0100] {standard_task_runner.py:105} INFO - Job 20: Subtask run_after_loop
[2024-11-11T13:52:04.326+0100] {task_command.py:467} INFO - Running <TaskInstance: example_bash_operator.run_after_loop backfill__2015-01-01T00:00:00+00:00 [running]> on host sakana
[2024-11-11T13:52:04.404+0100] {taskinstance.py:3132} INFO - Exporting env vars: AIRFLOW_CTX_DAG_OWNER='airflow' AIRFLOW_CTX_DAG_ID='example_bash_operator' AIRFLOW_CTX_TASK_ID='run_after_loop' AIRFLOW_CTX_EXECUTION_DATE='2015-01-01T00:00:00+00:00' AIRFLOW_CTX_TRY_NUMBER='1' AIRFLOW_CTX_DAG_RUN_ID='backfill__2015-01-01T00:00:00+00:00'
[2024-11-11T13:52:04.405+0100] {logging_mixin.py:190} INFO - Task instance is in running state
[2024-11-11T13:52:04.405+0100] {logging_mixin.py:190} INFO -  Previous state of the Task instance: queued
[2024-11-11T13:52:04.405+0100] {logging_mixin.py:190} INFO - Current task name:run_after_loop state:running start_date:2024-11-11 12:52:04.249747+00:00
[2024-11-11T13:52:04.405+0100] {logging_mixin.py:190} INFO - Dag name:example_bash_operator and current dag run status:running
[2024-11-11T13:52:04.405+0100] {taskinstance.py:731} INFO - ::endgroup::
[2024-11-11T13:52:04.406+0100] {subprocess.py:78} INFO - Tmp dir root location: /tmp
[2024-11-11T13:52:04.406+0100] {subprocess.py:88} INFO - Running command: ['/usr/bin/bash', '-c', 'echo https://airflow.apache.org/']
[2024-11-11T13:52:04.413+0100] {subprocess.py:99} INFO - Output:
[2024-11-11T13:52:04.415+0100] {subprocess.py:106} INFO - https://airflow.apache.org/
[2024-11-11T13:52:04.415+0100] {subprocess.py:110} INFO - Command exited with return code 0
[2024-11-11T13:52:04.464+0100] {taskinstance.py:340} INFO - ::group::Post task execution logs
[2024-11-11T13:52:04.465+0100] {taskinstance.py:352} INFO - Marking task as SUCCESS. dag_id=example_bash_operator, task_id=run_after_loop, run_id=backfill__2015-01-01T00:00:00+00:00, execution_date=20150101T000000, start_date=20241111T125204, end_date=20241111T125204
[2024-11-11T13:52:04.479+0100] {logging_mixin.py:190} INFO - Task instance in success state
[2024-11-11T13:52:04.479+0100] {logging_mixin.py:190} INFO -  Previous state of the Task instance: running
[2024-11-11T13:52:04.480+0100] {logging_mixin.py:190} INFO - Dag name:example_bash_operator queued_at:None
[2024-11-11T13:52:04.480+0100] {logging_mixin.py:190} INFO - Task hostname:sakana operator:BashOperator
[2024-11-11T13:52:04.492+0100] {local_task_job_runner.py:266} INFO - Task exited with return code 0
[2024-11-11T13:52:04.503+0100] {taskinstance.py:3895} INFO - 0 downstream tasks scheduled from follow-on schedule check
[2024-11-11T13:52:04.503+0100] {local_task_job_runner.py:245} INFO - ::endgroup::
