[2024-11-11T13:52:00.424+0100] {local_task_job_runner.py:123} INFO - ::group::Pre task execution logs
[2024-11-11T13:52:00.433+0100] {taskinstance.py:2613} INFO - Dependencies all met for dep_context=non-requeueable deps ti=<TaskInstance: example_bash_operator.this_will_skip backfill__2015-01-02T00:00:00+00:00 [queued]>
[2024-11-11T13:52:00.439+0100] {taskinstance.py:2613} INFO - Dependencies all met for dep_context=requeueable deps ti=<TaskInstance: example_bash_operator.this_will_skip backfill__2015-01-02T00:00:00+00:00 [queued]>
[2024-11-11T13:52:00.439+0100] {taskinstance.py:2866} INFO - Starting attempt 1 of 1
[2024-11-11T13:52:00.457+0100] {taskinstance.py:2889} INFO - Executing <Task(BashOperator): this_will_skip> on 2015-01-02 00:00:00+00:00
[2024-11-11T13:52:00.460+0100] {standard_task_runner.py:72} INFO - Started process 18932 to run task
[2024-11-11T13:52:00.463+0100] {standard_task_runner.py:104} INFO - Running: ['airflow', 'tasks', 'run', 'example_bash_operator', 'this_will_skip', 'backfill__2015-01-02T00:00:00+00:00', '--job-id', '19', '--pool', 'default_pool', '--raw', '--subdir', '/home/sakana/anaconda3/envs/airflow_env/lib/python3.8/site-packages/airflow/example_dags/example_bash_operator.py', '--cfg-path', '/tmp/tmp58oqw8jz']
[2024-11-11T13:52:00.464+0100] {standard_task_runner.py:105} INFO - Job 19: Subtask this_will_skip
[2024-11-11T13:52:00.507+0100] {task_command.py:467} INFO - Running <TaskInstance: example_bash_operator.this_will_skip backfill__2015-01-02T00:00:00+00:00 [running]> on host sakana
[2024-11-11T13:52:00.578+0100] {taskinstance.py:3132} INFO - Exporting env vars: AIRFLOW_CTX_DAG_OWNER='airflow' AIRFLOW_CTX_DAG_ID='example_bash_operator' AIRFLOW_CTX_TASK_ID='this_will_skip' AIRFLOW_CTX_EXECUTION_DATE='2015-01-02T00:00:00+00:00' AIRFLOW_CTX_TRY_NUMBER='1' AIRFLOW_CTX_DAG_RUN_ID='backfill__2015-01-02T00:00:00+00:00'
[2024-11-11T13:52:00.579+0100] {logging_mixin.py:190} INFO - Task instance is in running state
[2024-11-11T13:52:00.579+0100] {logging_mixin.py:190} INFO -  Previous state of the Task instance: queued
[2024-11-11T13:52:00.579+0100] {logging_mixin.py:190} INFO - Current task name:this_will_skip state:running start_date:2024-11-11 12:52:00.434201+00:00
[2024-11-11T13:52:00.580+0100] {logging_mixin.py:190} INFO - Dag name:example_bash_operator and current dag run status:running
[2024-11-11T13:52:00.580+0100] {taskinstance.py:731} INFO - ::endgroup::
[2024-11-11T13:52:00.580+0100] {subprocess.py:78} INFO - Tmp dir root location: /tmp
[2024-11-11T13:52:00.581+0100] {subprocess.py:88} INFO - Running command: ['/usr/bin/bash', '-c', 'echo "hello world"; exit 99;']
[2024-11-11T13:52:00.588+0100] {subprocess.py:99} INFO - Output:
[2024-11-11T13:52:00.589+0100] {subprocess.py:106} INFO - hello world
[2024-11-11T13:52:00.589+0100] {subprocess.py:110} INFO - Command exited with return code 99
[2024-11-11T13:52:00.590+0100] {taskinstance.py:301} INFO - Bash command returned exit code 99. Skipping.
[2024-11-11T13:52:00.611+0100] {taskinstance.py:340} INFO - ::group::Post task execution logs
[2024-11-11T13:52:00.612+0100] {taskinstance.py:352} INFO - Marking task as SKIPPED. dag_id=example_bash_operator, task_id=this_will_skip, run_id=backfill__2015-01-02T00:00:00+00:00, execution_date=20150102T000000, start_date=20241111T125200, end_date=20241111T125200
[2024-11-11T13:52:00.636+0100] {local_task_job_runner.py:266} INFO - Task exited with return code 0
[2024-11-11T13:52:00.655+0100] {taskinstance.py:3895} INFO - 0 downstream tasks scheduled from follow-on schedule check
[2024-11-11T13:52:00.667+0100] {local_task_job_runner.py:245} INFO - ::endgroup::
