[2024-11-11T13:51:30.730+0100] {local_task_job_runner.py:123} INFO - ::group::Pre task execution logs
[2024-11-11T13:51:30.740+0100] {taskinstance.py:2613} INFO - Dependencies all met for dep_context=non-requeueable deps ti=<TaskInstance: example_bash_operator.runme_0 backfill__2015-01-01T00:00:00+00:00 [queued]>
[2024-11-11T13:51:30.745+0100] {taskinstance.py:2613} INFO - Dependencies all met for dep_context=requeueable deps ti=<TaskInstance: example_bash_operator.runme_0 backfill__2015-01-01T00:00:00+00:00 [queued]>
[2024-11-11T13:51:30.745+0100] {taskinstance.py:2866} INFO - Starting attempt 1 of 1
[2024-11-11T13:51:30.763+0100] {taskinstance.py:2889} INFO - Executing <Task(BashOperator): runme_0> on 2015-01-01 00:00:00+00:00
[2024-11-11T13:51:30.766+0100] {standard_task_runner.py:72} INFO - Started process 18814 to run task
[2024-11-11T13:51:30.769+0100] {standard_task_runner.py:104} INFO - Running: ['airflow', 'tasks', 'run', 'example_bash_operator', 'runme_0', 'backfill__2015-01-01T00:00:00+00:00', '--job-id', '10', '--pool', 'default_pool', '--raw', '--subdir', '/home/sakana/anaconda3/envs/airflow_env/lib/python3.8/site-packages/airflow/example_dags/example_bash_operator.py', '--cfg-path', '/tmp/tmp954ass6i']
[2024-11-11T13:51:30.770+0100] {standard_task_runner.py:105} INFO - Job 10: Subtask runme_0
[2024-11-11T13:51:30.827+0100] {task_command.py:467} INFO - Running <TaskInstance: example_bash_operator.runme_0 backfill__2015-01-01T00:00:00+00:00 [running]> on host sakana
[2024-11-11T13:51:30.900+0100] {taskinstance.py:3132} INFO - Exporting env vars: AIRFLOW_CTX_DAG_OWNER='airflow' AIRFLOW_CTX_DAG_ID='example_bash_operator' AIRFLOW_CTX_TASK_ID='runme_0' AIRFLOW_CTX_EXECUTION_DATE='2015-01-01T00:00:00+00:00' AIRFLOW_CTX_TRY_NUMBER='1' AIRFLOW_CTX_DAG_RUN_ID='backfill__2015-01-01T00:00:00+00:00'
[2024-11-11T13:51:30.901+0100] {logging_mixin.py:190} INFO - Task instance is in running state
[2024-11-11T13:51:30.901+0100] {logging_mixin.py:190} INFO -  Previous state of the Task instance: queued
[2024-11-11T13:51:30.902+0100] {logging_mixin.py:190} INFO - Current task name:runme_0 state:running start_date:2024-11-11 12:51:30.740768+00:00
[2024-11-11T13:51:30.902+0100] {logging_mixin.py:190} INFO - Dag name:example_bash_operator and current dag run status:running
[2024-11-11T13:51:30.902+0100] {taskinstance.py:731} INFO - ::endgroup::
[2024-11-11T13:51:30.903+0100] {subprocess.py:78} INFO - Tmp dir root location: /tmp
[2024-11-11T13:51:30.903+0100] {subprocess.py:88} INFO - Running command: ['/usr/bin/bash', '-c', 'echo "example_bash_operator__runme_0__20150101" && sleep 1']
[2024-11-11T13:51:30.909+0100] {subprocess.py:99} INFO - Output:
[2024-11-11T13:51:30.910+0100] {subprocess.py:106} INFO - example_bash_operator__runme_0__20150101
[2024-11-11T13:51:31.911+0100] {subprocess.py:110} INFO - Command exited with return code 0
[2024-11-11T13:51:31.970+0100] {taskinstance.py:340} INFO - ::group::Post task execution logs
[2024-11-11T13:51:31.970+0100] {taskinstance.py:352} INFO - Marking task as SUCCESS. dag_id=example_bash_operator, task_id=runme_0, run_id=backfill__2015-01-01T00:00:00+00:00, execution_date=20150101T000000, start_date=20241111T125130, end_date=20241111T125131
[2024-11-11T13:51:31.987+0100] {logging_mixin.py:190} INFO - Task instance in success state
[2024-11-11T13:51:31.987+0100] {logging_mixin.py:190} INFO -  Previous state of the Task instance: running
[2024-11-11T13:51:31.987+0100] {logging_mixin.py:190} INFO - Dag name:example_bash_operator queued_at:None
[2024-11-11T13:51:31.987+0100] {logging_mixin.py:190} INFO - Task hostname:sakana operator:BashOperator
[2024-11-11T13:51:32.030+0100] {local_task_job_runner.py:266} INFO - Task exited with return code 0
[2024-11-11T13:51:32.063+0100] {taskinstance.py:3895} INFO - 0 downstream tasks scheduled from follow-on schedule check
[2024-11-11T13:51:32.064+0100] {local_task_job_runner.py:245} INFO - ::endgroup::
