[2024-11-12T01:01:03.460+0100] {processor.py:186} INFO - Started process (PID=30884) to work on /home/sakana/anaconda3/envs/airflow_env/lib/python3.8/site-packages/airflow/example_dags/plugins/event_listener.py
[2024-11-12T01:01:03.460+0100] {processor.py:914} INFO - Processing file /home/sakana/anaconda3/envs/airflow_env/lib/python3.8/site-packages/airflow/example_dags/plugins/event_listener.py for tasks to queue
[2024-11-12T01:01:03.462+0100] {logging_mixin.py:190} INFO - [2024-11-12T01:01:03.462+0100] {dagbag.py:588} INFO - Filling up the DagBag from /home/sakana/anaconda3/envs/airflow_env/lib/python3.8/site-packages/airflow/example_dags/plugins/event_listener.py
[2024-11-12T01:01:03.465+0100] {processor.py:927} WARNING - No viable dags retrieved from /home/sakana/anaconda3/envs/airflow_env/lib/python3.8/site-packages/airflow/example_dags/plugins/event_listener.py
[2024-11-12T01:01:03.474+0100] {processor.py:208} INFO - Processing /home/sakana/anaconda3/envs/airflow_env/lib/python3.8/site-packages/airflow/example_dags/plugins/event_listener.py took 0.021 seconds
[2024-11-12T01:02:07.065+0100] {processor.py:186} INFO - Started process (PID=31603) to work on /home/sakana/anaconda3/envs/airflow_env/lib/python3.8/site-packages/airflow/example_dags/plugins/event_listener.py
[2024-11-12T01:02:07.066+0100] {processor.py:914} INFO - Processing file /home/sakana/anaconda3/envs/airflow_env/lib/python3.8/site-packages/airflow/example_dags/plugins/event_listener.py for tasks to queue
[2024-11-12T01:02:07.068+0100] {logging_mixin.py:190} INFO - [2024-11-12T01:02:07.068+0100] {dagbag.py:588} INFO - Filling up the DagBag from /home/sakana/anaconda3/envs/airflow_env/lib/python3.8/site-packages/airflow/example_dags/plugins/event_listener.py
[2024-11-12T01:02:07.070+0100] {processor.py:927} WARNING - No viable dags retrieved from /home/sakana/anaconda3/envs/airflow_env/lib/python3.8/site-packages/airflow/example_dags/plugins/event_listener.py
[2024-11-12T01:02:07.082+0100] {processor.py:208} INFO - Processing /home/sakana/anaconda3/envs/airflow_env/lib/python3.8/site-packages/airflow/example_dags/plugins/event_listener.py took 0.023 seconds
[2024-11-12T01:02:39.479+0100] {processor.py:186} INFO - Started process (PID=31893) to work on /home/sakana/anaconda3/envs/airflow_env/lib/python3.8/site-packages/airflow/example_dags/plugins/event_listener.py
[2024-11-12T01:02:39.481+0100] {processor.py:914} INFO - Processing file /home/sakana/anaconda3/envs/airflow_env/lib/python3.8/site-packages/airflow/example_dags/plugins/event_listener.py for tasks to queue
[2024-11-12T01:02:39.485+0100] {logging_mixin.py:190} INFO - [2024-11-12T01:02:39.485+0100] {dagbag.py:588} INFO - Filling up the DagBag from /home/sakana/anaconda3/envs/airflow_env/lib/python3.8/site-packages/airflow/example_dags/plugins/event_listener.py
[2024-11-12T01:02:39.490+0100] {processor.py:927} WARNING - No viable dags retrieved from /home/sakana/anaconda3/envs/airflow_env/lib/python3.8/site-packages/airflow/example_dags/plugins/event_listener.py
[2024-11-12T01:02:39.509+0100] {processor.py:208} INFO - Processing /home/sakana/anaconda3/envs/airflow_env/lib/python3.8/site-packages/airflow/example_dags/plugins/event_listener.py took 0.042 seconds
[2024-11-12T01:03:12.530+0100] {processor.py:186} INFO - Started process (PID=32129) to work on /home/sakana/anaconda3/envs/airflow_env/lib/python3.8/site-packages/airflow/example_dags/plugins/event_listener.py
[2024-11-12T01:03:12.535+0100] {processor.py:914} INFO - Processing file /home/sakana/anaconda3/envs/airflow_env/lib/python3.8/site-packages/airflow/example_dags/plugins/event_listener.py for tasks to queue
[2024-11-12T01:03:12.537+0100] {logging_mixin.py:190} INFO - [2024-11-12T01:03:12.537+0100] {dagbag.py:588} INFO - Filling up the DagBag from /home/sakana/anaconda3/envs/airflow_env/lib/python3.8/site-packages/airflow/example_dags/plugins/event_listener.py
[2024-11-12T01:03:12.539+0100] {processor.py:927} WARNING - No viable dags retrieved from /home/sakana/anaconda3/envs/airflow_env/lib/python3.8/site-packages/airflow/example_dags/plugins/event_listener.py
[2024-11-12T01:03:12.552+0100] {processor.py:208} INFO - Processing /home/sakana/anaconda3/envs/airflow_env/lib/python3.8/site-packages/airflow/example_dags/plugins/event_listener.py took 0.032 seconds
[2024-11-12T01:03:44.348+0100] {processor.py:186} INFO - Started process (PID=32337) to work on /home/sakana/anaconda3/envs/airflow_env/lib/python3.8/site-packages/airflow/example_dags/plugins/event_listener.py
[2024-11-12T01:03:44.353+0100] {processor.py:914} INFO - Processing file /home/sakana/anaconda3/envs/airflow_env/lib/python3.8/site-packages/airflow/example_dags/plugins/event_listener.py for tasks to queue
[2024-11-12T01:03:44.357+0100] {logging_mixin.py:190} INFO - [2024-11-12T01:03:44.356+0100] {dagbag.py:588} INFO - Filling up the DagBag from /home/sakana/anaconda3/envs/airflow_env/lib/python3.8/site-packages/airflow/example_dags/plugins/event_listener.py
[2024-11-12T01:03:44.361+0100] {processor.py:927} WARNING - No viable dags retrieved from /home/sakana/anaconda3/envs/airflow_env/lib/python3.8/site-packages/airflow/example_dags/plugins/event_listener.py
[2024-11-12T01:03:44.379+0100] {processor.py:208} INFO - Processing /home/sakana/anaconda3/envs/airflow_env/lib/python3.8/site-packages/airflow/example_dags/plugins/event_listener.py took 0.041 seconds
[2024-11-12T01:06:36.386+0100] {processor.py:186} INFO - Started process (PID=34150) to work on /home/sakana/anaconda3/envs/airflow_env/lib/python3.8/site-packages/airflow/example_dags/plugins/event_listener.py
[2024-11-12T01:06:36.391+0100] {processor.py:914} INFO - Processing file /home/sakana/anaconda3/envs/airflow_env/lib/python3.8/site-packages/airflow/example_dags/plugins/event_listener.py for tasks to queue
[2024-11-12T01:06:36.394+0100] {logging_mixin.py:190} INFO - [2024-11-12T01:06:36.394+0100] {dagbag.py:588} INFO - Filling up the DagBag from /home/sakana/anaconda3/envs/airflow_env/lib/python3.8/site-packages/airflow/example_dags/plugins/event_listener.py
[2024-11-12T01:06:36.398+0100] {processor.py:927} WARNING - No viable dags retrieved from /home/sakana/anaconda3/envs/airflow_env/lib/python3.8/site-packages/airflow/example_dags/plugins/event_listener.py
[2024-11-12T01:06:36.413+0100] {processor.py:208} INFO - Processing /home/sakana/anaconda3/envs/airflow_env/lib/python3.8/site-packages/airflow/example_dags/plugins/event_listener.py took 0.037 seconds
[2024-11-12T01:09:51.352+0100] {processor.py:186} INFO - Started process (PID=4036) to work on /home/sakana/anaconda3/envs/airflow_env/lib/python3.8/site-packages/airflow/example_dags/plugins/event_listener.py
[2024-11-12T01:09:51.353+0100] {processor.py:914} INFO - Processing file /home/sakana/anaconda3/envs/airflow_env/lib/python3.8/site-packages/airflow/example_dags/plugins/event_listener.py for tasks to queue
[2024-11-12T01:09:51.355+0100] {logging_mixin.py:190} INFO - [2024-11-12T01:09:51.355+0100] {dagbag.py:588} INFO - Filling up the DagBag from /home/sakana/anaconda3/envs/airflow_env/lib/python3.8/site-packages/airflow/example_dags/plugins/event_listener.py
[2024-11-12T01:09:51.357+0100] {processor.py:927} WARNING - No viable dags retrieved from /home/sakana/anaconda3/envs/airflow_env/lib/python3.8/site-packages/airflow/example_dags/plugins/event_listener.py
[2024-11-12T01:09:51.366+0100] {processor.py:208} INFO - Processing /home/sakana/anaconda3/envs/airflow_env/lib/python3.8/site-packages/airflow/example_dags/plugins/event_listener.py took 0.021 seconds
[2024-11-12T01:10:52.172+0100] {processor.py:186} INFO - Started process (PID=4189) to work on /home/sakana/anaconda3/envs/airflow_env/lib/python3.8/site-packages/airflow/example_dags/plugins/event_listener.py
[2024-11-12T01:10:52.178+0100] {processor.py:914} INFO - Processing file /home/sakana/anaconda3/envs/airflow_env/lib/python3.8/site-packages/airflow/example_dags/plugins/event_listener.py for tasks to queue
[2024-11-12T01:10:52.183+0100] {logging_mixin.py:190} INFO - [2024-11-12T01:10:52.182+0100] {dagbag.py:588} INFO - Filling up the DagBag from /home/sakana/anaconda3/envs/airflow_env/lib/python3.8/site-packages/airflow/example_dags/plugins/event_listener.py
[2024-11-12T01:10:52.189+0100] {processor.py:927} WARNING - No viable dags retrieved from /home/sakana/anaconda3/envs/airflow_env/lib/python3.8/site-packages/airflow/example_dags/plugins/event_listener.py
[2024-11-12T01:10:52.209+0100] {processor.py:208} INFO - Processing /home/sakana/anaconda3/envs/airflow_env/lib/python3.8/site-packages/airflow/example_dags/plugins/event_listener.py took 0.044 seconds
[2024-11-12T01:11:24.319+0100] {processor.py:186} INFO - Started process (PID=4221) to work on /home/sakana/anaconda3/envs/airflow_env/lib/python3.8/site-packages/airflow/example_dags/plugins/event_listener.py
[2024-11-12T01:11:24.323+0100] {processor.py:914} INFO - Processing file /home/sakana/anaconda3/envs/airflow_env/lib/python3.8/site-packages/airflow/example_dags/plugins/event_listener.py for tasks to queue
[2024-11-12T01:11:24.326+0100] {logging_mixin.py:190} INFO - [2024-11-12T01:11:24.325+0100] {dagbag.py:588} INFO - Filling up the DagBag from /home/sakana/anaconda3/envs/airflow_env/lib/python3.8/site-packages/airflow/example_dags/plugins/event_listener.py
[2024-11-12T01:11:24.328+0100] {processor.py:927} WARNING - No viable dags retrieved from /home/sakana/anaconda3/envs/airflow_env/lib/python3.8/site-packages/airflow/example_dags/plugins/event_listener.py
[2024-11-12T01:11:24.340+0100] {processor.py:208} INFO - Processing /home/sakana/anaconda3/envs/airflow_env/lib/python3.8/site-packages/airflow/example_dags/plugins/event_listener.py took 0.028 seconds
[2024-11-12T01:12:22.747+0100] {processor.py:186} INFO - Started process (PID=4367) to work on /home/sakana/anaconda3/envs/airflow_env/lib/python3.8/site-packages/airflow/example_dags/plugins/event_listener.py
[2024-11-12T01:12:22.753+0100] {processor.py:914} INFO - Processing file /home/sakana/anaconda3/envs/airflow_env/lib/python3.8/site-packages/airflow/example_dags/plugins/event_listener.py for tasks to queue
[2024-11-12T01:12:22.759+0100] {logging_mixin.py:190} INFO - [2024-11-12T01:12:22.758+0100] {dagbag.py:588} INFO - Filling up the DagBag from /home/sakana/anaconda3/envs/airflow_env/lib/python3.8/site-packages/airflow/example_dags/plugins/event_listener.py
[2024-11-12T01:12:22.765+0100] {processor.py:927} WARNING - No viable dags retrieved from /home/sakana/anaconda3/envs/airflow_env/lib/python3.8/site-packages/airflow/example_dags/plugins/event_listener.py
[2024-11-12T01:12:22.781+0100] {processor.py:208} INFO - Processing /home/sakana/anaconda3/envs/airflow_env/lib/python3.8/site-packages/airflow/example_dags/plugins/event_listener.py took 0.045 seconds
[2024-11-12T16:28:56.092+0100] {processor.py:186} INFO - Started process (PID=6064) to work on /home/sakana/anaconda3/envs/airflow_env/lib/python3.8/site-packages/airflow/example_dags/plugins/event_listener.py
[2024-11-12T16:28:56.093+0100] {processor.py:914} INFO - Processing file /home/sakana/anaconda3/envs/airflow_env/lib/python3.8/site-packages/airflow/example_dags/plugins/event_listener.py for tasks to queue
[2024-11-12T16:28:56.095+0100] {logging_mixin.py:190} INFO - [2024-11-12T16:28:56.094+0100] {dagbag.py:588} INFO - Filling up the DagBag from /home/sakana/anaconda3/envs/airflow_env/lib/python3.8/site-packages/airflow/example_dags/plugins/event_listener.py
[2024-11-12T16:28:56.097+0100] {processor.py:927} WARNING - No viable dags retrieved from /home/sakana/anaconda3/envs/airflow_env/lib/python3.8/site-packages/airflow/example_dags/plugins/event_listener.py
[2024-11-12T16:28:56.107+0100] {processor.py:208} INFO - Processing /home/sakana/anaconda3/envs/airflow_env/lib/python3.8/site-packages/airflow/example_dags/plugins/event_listener.py took 0.023 seconds
[2024-11-12T16:37:29.501+0100] {processor.py:186} INFO - Started process (PID=6564) to work on /home/sakana/anaconda3/envs/airflow_env/lib/python3.8/site-packages/airflow/example_dags/plugins/event_listener.py
[2024-11-12T16:37:29.506+0100] {processor.py:914} INFO - Processing file /home/sakana/anaconda3/envs/airflow_env/lib/python3.8/site-packages/airflow/example_dags/plugins/event_listener.py for tasks to queue
[2024-11-12T16:37:29.509+0100] {logging_mixin.py:190} INFO - [2024-11-12T16:37:29.508+0100] {dagbag.py:588} INFO - Filling up the DagBag from /home/sakana/anaconda3/envs/airflow_env/lib/python3.8/site-packages/airflow/example_dags/plugins/event_listener.py
[2024-11-12T16:37:29.511+0100] {processor.py:927} WARNING - No viable dags retrieved from /home/sakana/anaconda3/envs/airflow_env/lib/python3.8/site-packages/airflow/example_dags/plugins/event_listener.py
[2024-11-12T16:37:29.521+0100] {processor.py:208} INFO - Processing /home/sakana/anaconda3/envs/airflow_env/lib/python3.8/site-packages/airflow/example_dags/plugins/event_listener.py took 0.027 seconds
[2024-11-12T16:39:31.530+0100] {processor.py:186} INFO - Started process (PID=6840) to work on /home/sakana/anaconda3/envs/airflow_env/lib/python3.8/site-packages/airflow/example_dags/plugins/event_listener.py
[2024-11-12T16:39:31.535+0100] {processor.py:914} INFO - Processing file /home/sakana/anaconda3/envs/airflow_env/lib/python3.8/site-packages/airflow/example_dags/plugins/event_listener.py for tasks to queue
[2024-11-12T16:39:31.538+0100] {logging_mixin.py:190} INFO - [2024-11-12T16:39:31.537+0100] {dagbag.py:588} INFO - Filling up the DagBag from /home/sakana/anaconda3/envs/airflow_env/lib/python3.8/site-packages/airflow/example_dags/plugins/event_listener.py
[2024-11-12T16:39:31.542+0100] {processor.py:927} WARNING - No viable dags retrieved from /home/sakana/anaconda3/envs/airflow_env/lib/python3.8/site-packages/airflow/example_dags/plugins/event_listener.py
[2024-11-12T16:39:31.555+0100] {processor.py:208} INFO - Processing /home/sakana/anaconda3/envs/airflow_env/lib/python3.8/site-packages/airflow/example_dags/plugins/event_listener.py took 0.034 seconds
[2024-11-12T16:40:46.541+0100] {processor.py:186} INFO - Started process (PID=7042) to work on /home/sakana/anaconda3/envs/airflow_env/lib/python3.8/site-packages/airflow/example_dags/plugins/event_listener.py
[2024-11-12T16:40:46.546+0100] {processor.py:914} INFO - Processing file /home/sakana/anaconda3/envs/airflow_env/lib/python3.8/site-packages/airflow/example_dags/plugins/event_listener.py for tasks to queue
[2024-11-12T16:40:46.549+0100] {logging_mixin.py:190} INFO - [2024-11-12T16:40:46.548+0100] {dagbag.py:588} INFO - Filling up the DagBag from /home/sakana/anaconda3/envs/airflow_env/lib/python3.8/site-packages/airflow/example_dags/plugins/event_listener.py
[2024-11-12T16:40:46.551+0100] {processor.py:927} WARNING - No viable dags retrieved from /home/sakana/anaconda3/envs/airflow_env/lib/python3.8/site-packages/airflow/example_dags/plugins/event_listener.py
[2024-11-12T16:40:46.562+0100] {processor.py:208} INFO - Processing /home/sakana/anaconda3/envs/airflow_env/lib/python3.8/site-packages/airflow/example_dags/plugins/event_listener.py took 0.035 seconds
[2024-11-12T16:41:23.675+0100] {processor.py:186} INFO - Started process (PID=7116) to work on /home/sakana/anaconda3/envs/airflow_env/lib/python3.8/site-packages/airflow/example_dags/plugins/event_listener.py
[2024-11-12T16:41:23.680+0100] {processor.py:914} INFO - Processing file /home/sakana/anaconda3/envs/airflow_env/lib/python3.8/site-packages/airflow/example_dags/plugins/event_listener.py for tasks to queue
[2024-11-12T16:41:23.683+0100] {logging_mixin.py:190} INFO - [2024-11-12T16:41:23.682+0100] {dagbag.py:588} INFO - Filling up the DagBag from /home/sakana/anaconda3/envs/airflow_env/lib/python3.8/site-packages/airflow/example_dags/plugins/event_listener.py
[2024-11-12T16:41:23.687+0100] {processor.py:927} WARNING - No viable dags retrieved from /home/sakana/anaconda3/envs/airflow_env/lib/python3.8/site-packages/airflow/example_dags/plugins/event_listener.py
[2024-11-12T16:41:23.700+0100] {processor.py:208} INFO - Processing /home/sakana/anaconda3/envs/airflow_env/lib/python3.8/site-packages/airflow/example_dags/plugins/event_listener.py took 0.034 seconds
[2024-11-12T16:42:20.088+0100] {processor.py:186} INFO - Started process (PID=7210) to work on /home/sakana/anaconda3/envs/airflow_env/lib/python3.8/site-packages/airflow/example_dags/plugins/event_listener.py
[2024-11-12T16:42:20.089+0100] {processor.py:914} INFO - Processing file /home/sakana/anaconda3/envs/airflow_env/lib/python3.8/site-packages/airflow/example_dags/plugins/event_listener.py for tasks to queue
[2024-11-12T16:42:20.094+0100] {logging_mixin.py:190} INFO - [2024-11-12T16:42:20.093+0100] {dagbag.py:588} INFO - Filling up the DagBag from /home/sakana/anaconda3/envs/airflow_env/lib/python3.8/site-packages/airflow/example_dags/plugins/event_listener.py
[2024-11-12T16:42:20.098+0100] {processor.py:927} WARNING - No viable dags retrieved from /home/sakana/anaconda3/envs/airflow_env/lib/python3.8/site-packages/airflow/example_dags/plugins/event_listener.py
[2024-11-12T16:42:20.118+0100] {processor.py:208} INFO - Processing /home/sakana/anaconda3/envs/airflow_env/lib/python3.8/site-packages/airflow/example_dags/plugins/event_listener.py took 0.042 seconds
[2024-11-12T16:43:17.917+0100] {processor.py:186} INFO - Started process (PID=7355) to work on /home/sakana/anaconda3/envs/airflow_env/lib/python3.8/site-packages/airflow/example_dags/plugins/event_listener.py
[2024-11-12T16:43:17.921+0100] {processor.py:914} INFO - Processing file /home/sakana/anaconda3/envs/airflow_env/lib/python3.8/site-packages/airflow/example_dags/plugins/event_listener.py for tasks to queue
[2024-11-12T16:43:17.923+0100] {logging_mixin.py:190} INFO - [2024-11-12T16:43:17.923+0100] {dagbag.py:588} INFO - Filling up the DagBag from /home/sakana/anaconda3/envs/airflow_env/lib/python3.8/site-packages/airflow/example_dags/plugins/event_listener.py
[2024-11-12T16:43:17.926+0100] {processor.py:927} WARNING - No viable dags retrieved from /home/sakana/anaconda3/envs/airflow_env/lib/python3.8/site-packages/airflow/example_dags/plugins/event_listener.py
[2024-11-12T16:43:17.936+0100] {processor.py:208} INFO - Processing /home/sakana/anaconda3/envs/airflow_env/lib/python3.8/site-packages/airflow/example_dags/plugins/event_listener.py took 0.026 seconds
[2024-11-12T16:44:16.476+0100] {processor.py:186} INFO - Started process (PID=7441) to work on /home/sakana/anaconda3/envs/airflow_env/lib/python3.8/site-packages/airflow/example_dags/plugins/event_listener.py
[2024-11-12T16:44:16.481+0100] {processor.py:914} INFO - Processing file /home/sakana/anaconda3/envs/airflow_env/lib/python3.8/site-packages/airflow/example_dags/plugins/event_listener.py for tasks to queue
[2024-11-12T16:44:16.485+0100] {logging_mixin.py:190} INFO - [2024-11-12T16:44:16.484+0100] {dagbag.py:588} INFO - Filling up the DagBag from /home/sakana/anaconda3/envs/airflow_env/lib/python3.8/site-packages/airflow/example_dags/plugins/event_listener.py
[2024-11-12T16:44:16.489+0100] {processor.py:927} WARNING - No viable dags retrieved from /home/sakana/anaconda3/envs/airflow_env/lib/python3.8/site-packages/airflow/example_dags/plugins/event_listener.py
[2024-11-12T16:44:16.504+0100] {processor.py:208} INFO - Processing /home/sakana/anaconda3/envs/airflow_env/lib/python3.8/site-packages/airflow/example_dags/plugins/event_listener.py took 0.038 seconds
[2024-11-12T16:45:10.187+0100] {processor.py:186} INFO - Started process (PID=7504) to work on /home/sakana/anaconda3/envs/airflow_env/lib/python3.8/site-packages/airflow/example_dags/plugins/event_listener.py
[2024-11-12T16:45:10.192+0100] {processor.py:914} INFO - Processing file /home/sakana/anaconda3/envs/airflow_env/lib/python3.8/site-packages/airflow/example_dags/plugins/event_listener.py for tasks to queue
[2024-11-12T16:45:10.194+0100] {logging_mixin.py:190} INFO - [2024-11-12T16:45:10.193+0100] {dagbag.py:588} INFO - Filling up the DagBag from /home/sakana/anaconda3/envs/airflow_env/lib/python3.8/site-packages/airflow/example_dags/plugins/event_listener.py
[2024-11-12T16:45:10.196+0100] {processor.py:927} WARNING - No viable dags retrieved from /home/sakana/anaconda3/envs/airflow_env/lib/python3.8/site-packages/airflow/example_dags/plugins/event_listener.py
[2024-11-12T16:45:10.205+0100] {processor.py:208} INFO - Processing /home/sakana/anaconda3/envs/airflow_env/lib/python3.8/site-packages/airflow/example_dags/plugins/event_listener.py took 0.024 seconds
[2024-11-12T16:46:05.873+0100] {processor.py:186} INFO - Started process (PID=7572) to work on /home/sakana/anaconda3/envs/airflow_env/lib/python3.8/site-packages/airflow/example_dags/plugins/event_listener.py
[2024-11-12T16:46:05.878+0100] {processor.py:914} INFO - Processing file /home/sakana/anaconda3/envs/airflow_env/lib/python3.8/site-packages/airflow/example_dags/plugins/event_listener.py for tasks to queue
[2024-11-12T16:46:05.881+0100] {logging_mixin.py:190} INFO - [2024-11-12T16:46:05.880+0100] {dagbag.py:588} INFO - Filling up the DagBag from /home/sakana/anaconda3/envs/airflow_env/lib/python3.8/site-packages/airflow/example_dags/plugins/event_listener.py
[2024-11-12T16:46:05.883+0100] {processor.py:927} WARNING - No viable dags retrieved from /home/sakana/anaconda3/envs/airflow_env/lib/python3.8/site-packages/airflow/example_dags/plugins/event_listener.py
[2024-11-12T16:46:05.895+0100] {processor.py:208} INFO - Processing /home/sakana/anaconda3/envs/airflow_env/lib/python3.8/site-packages/airflow/example_dags/plugins/event_listener.py took 0.029 seconds
[2024-11-12T16:46:42.251+0100] {processor.py:186} INFO - Started process (PID=7670) to work on /home/sakana/anaconda3/envs/airflow_env/lib/python3.8/site-packages/airflow/example_dags/plugins/event_listener.py
[2024-11-12T16:46:42.256+0100] {processor.py:914} INFO - Processing file /home/sakana/anaconda3/envs/airflow_env/lib/python3.8/site-packages/airflow/example_dags/plugins/event_listener.py for tasks to queue
[2024-11-12T16:46:42.258+0100] {logging_mixin.py:190} INFO - [2024-11-12T16:46:42.258+0100] {dagbag.py:588} INFO - Filling up the DagBag from /home/sakana/anaconda3/envs/airflow_env/lib/python3.8/site-packages/airflow/example_dags/plugins/event_listener.py
[2024-11-12T16:46:42.261+0100] {processor.py:927} WARNING - No viable dags retrieved from /home/sakana/anaconda3/envs/airflow_env/lib/python3.8/site-packages/airflow/example_dags/plugins/event_listener.py
[2024-11-12T16:46:42.273+0100] {processor.py:208} INFO - Processing /home/sakana/anaconda3/envs/airflow_env/lib/python3.8/site-packages/airflow/example_dags/plugins/event_listener.py took 0.030 seconds
[2024-11-12T16:47:17.477+0100] {processor.py:186} INFO - Started process (PID=7714) to work on /home/sakana/anaconda3/envs/airflow_env/lib/python3.8/site-packages/airflow/example_dags/plugins/event_listener.py
[2024-11-12T16:47:17.482+0100] {processor.py:914} INFO - Processing file /home/sakana/anaconda3/envs/airflow_env/lib/python3.8/site-packages/airflow/example_dags/plugins/event_listener.py for tasks to queue
[2024-11-12T16:47:17.484+0100] {logging_mixin.py:190} INFO - [2024-11-12T16:47:17.484+0100] {dagbag.py:588} INFO - Filling up the DagBag from /home/sakana/anaconda3/envs/airflow_env/lib/python3.8/site-packages/airflow/example_dags/plugins/event_listener.py
[2024-11-12T16:47:17.487+0100] {processor.py:927} WARNING - No viable dags retrieved from /home/sakana/anaconda3/envs/airflow_env/lib/python3.8/site-packages/airflow/example_dags/plugins/event_listener.py
[2024-11-12T16:47:17.499+0100] {processor.py:208} INFO - Processing /home/sakana/anaconda3/envs/airflow_env/lib/python3.8/site-packages/airflow/example_dags/plugins/event_listener.py took 0.028 seconds
[2024-11-12T16:48:13.838+0100] {processor.py:186} INFO - Started process (PID=7857) to work on /home/sakana/anaconda3/envs/airflow_env/lib/python3.8/site-packages/airflow/example_dags/plugins/event_listener.py
[2024-11-12T16:48:13.843+0100] {processor.py:914} INFO - Processing file /home/sakana/anaconda3/envs/airflow_env/lib/python3.8/site-packages/airflow/example_dags/plugins/event_listener.py for tasks to queue
[2024-11-12T16:48:13.846+0100] {logging_mixin.py:190} INFO - [2024-11-12T16:48:13.845+0100] {dagbag.py:588} INFO - Filling up the DagBag from /home/sakana/anaconda3/envs/airflow_env/lib/python3.8/site-packages/airflow/example_dags/plugins/event_listener.py
[2024-11-12T16:48:13.849+0100] {processor.py:927} WARNING - No viable dags retrieved from /home/sakana/anaconda3/envs/airflow_env/lib/python3.8/site-packages/airflow/example_dags/plugins/event_listener.py
[2024-11-12T16:48:13.866+0100] {processor.py:208} INFO - Processing /home/sakana/anaconda3/envs/airflow_env/lib/python3.8/site-packages/airflow/example_dags/plugins/event_listener.py took 0.036 seconds
[2024-11-12T16:49:12.132+0100] {processor.py:186} INFO - Started process (PID=7936) to work on /home/sakana/anaconda3/envs/airflow_env/lib/python3.8/site-packages/airflow/example_dags/plugins/event_listener.py
[2024-11-12T16:49:12.138+0100] {processor.py:914} INFO - Processing file /home/sakana/anaconda3/envs/airflow_env/lib/python3.8/site-packages/airflow/example_dags/plugins/event_listener.py for tasks to queue
[2024-11-12T16:49:12.143+0100] {logging_mixin.py:190} INFO - [2024-11-12T16:49:12.142+0100] {dagbag.py:588} INFO - Filling up the DagBag from /home/sakana/anaconda3/envs/airflow_env/lib/python3.8/site-packages/airflow/example_dags/plugins/event_listener.py
[2024-11-12T16:49:12.148+0100] {processor.py:927} WARNING - No viable dags retrieved from /home/sakana/anaconda3/envs/airflow_env/lib/python3.8/site-packages/airflow/example_dags/plugins/event_listener.py
[2024-11-12T16:49:12.167+0100] {processor.py:208} INFO - Processing /home/sakana/anaconda3/envs/airflow_env/lib/python3.8/site-packages/airflow/example_dags/plugins/event_listener.py took 0.046 seconds
[2024-11-12T16:50:08.282+0100] {processor.py:186} INFO - Started process (PID=8024) to work on /home/sakana/anaconda3/envs/airflow_env/lib/python3.8/site-packages/airflow/example_dags/plugins/event_listener.py
[2024-11-12T16:50:08.287+0100] {processor.py:914} INFO - Processing file /home/sakana/anaconda3/envs/airflow_env/lib/python3.8/site-packages/airflow/example_dags/plugins/event_listener.py for tasks to queue
[2024-11-12T16:50:08.290+0100] {logging_mixin.py:190} INFO - [2024-11-12T16:50:08.289+0100] {dagbag.py:588} INFO - Filling up the DagBag from /home/sakana/anaconda3/envs/airflow_env/lib/python3.8/site-packages/airflow/example_dags/plugins/event_listener.py
[2024-11-12T16:50:08.292+0100] {processor.py:927} WARNING - No viable dags retrieved from /home/sakana/anaconda3/envs/airflow_env/lib/python3.8/site-packages/airflow/example_dags/plugins/event_listener.py
[2024-11-12T16:50:08.304+0100] {processor.py:208} INFO - Processing /home/sakana/anaconda3/envs/airflow_env/lib/python3.8/site-packages/airflow/example_dags/plugins/event_listener.py took 0.028 seconds
[2024-11-12T16:51:06.655+0100] {processor.py:186} INFO - Started process (PID=8093) to work on /home/sakana/anaconda3/envs/airflow_env/lib/python3.8/site-packages/airflow/example_dags/plugins/event_listener.py
[2024-11-12T16:51:06.660+0100] {processor.py:914} INFO - Processing file /home/sakana/anaconda3/envs/airflow_env/lib/python3.8/site-packages/airflow/example_dags/plugins/event_listener.py for tasks to queue
[2024-11-12T16:51:06.663+0100] {logging_mixin.py:190} INFO - [2024-11-12T16:51:06.662+0100] {dagbag.py:588} INFO - Filling up the DagBag from /home/sakana/anaconda3/envs/airflow_env/lib/python3.8/site-packages/airflow/example_dags/plugins/event_listener.py
[2024-11-12T16:51:06.665+0100] {processor.py:927} WARNING - No viable dags retrieved from /home/sakana/anaconda3/envs/airflow_env/lib/python3.8/site-packages/airflow/example_dags/plugins/event_listener.py
[2024-11-12T16:51:06.675+0100] {processor.py:208} INFO - Processing /home/sakana/anaconda3/envs/airflow_env/lib/python3.8/site-packages/airflow/example_dags/plugins/event_listener.py took 0.028 seconds
[2024-11-12T16:52:02.692+0100] {processor.py:186} INFO - Started process (PID=8186) to work on /home/sakana/anaconda3/envs/airflow_env/lib/python3.8/site-packages/airflow/example_dags/plugins/event_listener.py
[2024-11-12T16:52:02.698+0100] {processor.py:914} INFO - Processing file /home/sakana/anaconda3/envs/airflow_env/lib/python3.8/site-packages/airflow/example_dags/plugins/event_listener.py for tasks to queue
[2024-11-12T16:52:02.703+0100] {logging_mixin.py:190} INFO - [2024-11-12T16:52:02.702+0100] {dagbag.py:588} INFO - Filling up the DagBag from /home/sakana/anaconda3/envs/airflow_env/lib/python3.8/site-packages/airflow/example_dags/plugins/event_listener.py
[2024-11-12T16:52:02.711+0100] {processor.py:927} WARNING - No viable dags retrieved from /home/sakana/anaconda3/envs/airflow_env/lib/python3.8/site-packages/airflow/example_dags/plugins/event_listener.py
[2024-11-12T16:52:02.730+0100] {processor.py:208} INFO - Processing /home/sakana/anaconda3/envs/airflow_env/lib/python3.8/site-packages/airflow/example_dags/plugins/event_listener.py took 0.044 seconds
[2024-11-12T16:52:59.545+0100] {processor.py:186} INFO - Started process (PID=8253) to work on /home/sakana/anaconda3/envs/airflow_env/lib/python3.8/site-packages/airflow/example_dags/plugins/event_listener.py
[2024-11-12T16:52:59.550+0100] {processor.py:914} INFO - Processing file /home/sakana/anaconda3/envs/airflow_env/lib/python3.8/site-packages/airflow/example_dags/plugins/event_listener.py for tasks to queue
[2024-11-12T16:52:59.552+0100] {logging_mixin.py:190} INFO - [2024-11-12T16:52:59.551+0100] {dagbag.py:588} INFO - Filling up the DagBag from /home/sakana/anaconda3/envs/airflow_env/lib/python3.8/site-packages/airflow/example_dags/plugins/event_listener.py
[2024-11-12T16:52:59.554+0100] {processor.py:927} WARNING - No viable dags retrieved from /home/sakana/anaconda3/envs/airflow_env/lib/python3.8/site-packages/airflow/example_dags/plugins/event_listener.py
[2024-11-12T16:52:59.564+0100] {processor.py:208} INFO - Processing /home/sakana/anaconda3/envs/airflow_env/lib/python3.8/site-packages/airflow/example_dags/plugins/event_listener.py took 0.026 seconds
[2024-11-12T16:53:55.844+0100] {processor.py:186} INFO - Started process (PID=8366) to work on /home/sakana/anaconda3/envs/airflow_env/lib/python3.8/site-packages/airflow/example_dags/plugins/event_listener.py
[2024-11-12T16:53:55.845+0100] {processor.py:914} INFO - Processing file /home/sakana/anaconda3/envs/airflow_env/lib/python3.8/site-packages/airflow/example_dags/plugins/event_listener.py for tasks to queue
[2024-11-12T16:53:55.849+0100] {logging_mixin.py:190} INFO - [2024-11-12T16:53:55.848+0100] {dagbag.py:588} INFO - Filling up the DagBag from /home/sakana/anaconda3/envs/airflow_env/lib/python3.8/site-packages/airflow/example_dags/plugins/event_listener.py
[2024-11-12T16:53:55.854+0100] {processor.py:927} WARNING - No viable dags retrieved from /home/sakana/anaconda3/envs/airflow_env/lib/python3.8/site-packages/airflow/example_dags/plugins/event_listener.py
[2024-11-12T16:53:55.870+0100] {processor.py:208} INFO - Processing /home/sakana/anaconda3/envs/airflow_env/lib/python3.8/site-packages/airflow/example_dags/plugins/event_listener.py took 0.039 seconds
[2024-11-12T16:54:27.276+0100] {processor.py:186} INFO - Started process (PID=8480) to work on /home/sakana/anaconda3/envs/airflow_env/lib/python3.8/site-packages/airflow/example_dags/plugins/event_listener.py
[2024-11-12T16:54:27.281+0100] {processor.py:914} INFO - Processing file /home/sakana/anaconda3/envs/airflow_env/lib/python3.8/site-packages/airflow/example_dags/plugins/event_listener.py for tasks to queue
[2024-11-12T16:54:27.284+0100] {logging_mixin.py:190} INFO - [2024-11-12T16:54:27.284+0100] {dagbag.py:588} INFO - Filling up the DagBag from /home/sakana/anaconda3/envs/airflow_env/lib/python3.8/site-packages/airflow/example_dags/plugins/event_listener.py
[2024-11-12T16:54:27.287+0100] {processor.py:927} WARNING - No viable dags retrieved from /home/sakana/anaconda3/envs/airflow_env/lib/python3.8/site-packages/airflow/example_dags/plugins/event_listener.py
[2024-11-12T16:54:27.298+0100] {processor.py:208} INFO - Processing /home/sakana/anaconda3/envs/airflow_env/lib/python3.8/site-packages/airflow/example_dags/plugins/event_listener.py took 0.030 seconds
[2024-11-12T16:55:26.173+0100] {processor.py:186} INFO - Started process (PID=8578) to work on /home/sakana/anaconda3/envs/airflow_env/lib/python3.8/site-packages/airflow/example_dags/plugins/event_listener.py
[2024-11-12T16:55:26.178+0100] {processor.py:914} INFO - Processing file /home/sakana/anaconda3/envs/airflow_env/lib/python3.8/site-packages/airflow/example_dags/plugins/event_listener.py for tasks to queue
[2024-11-12T16:55:26.180+0100] {logging_mixin.py:190} INFO - [2024-11-12T16:55:26.180+0100] {dagbag.py:588} INFO - Filling up the DagBag from /home/sakana/anaconda3/envs/airflow_env/lib/python3.8/site-packages/airflow/example_dags/plugins/event_listener.py
[2024-11-12T16:55:26.183+0100] {processor.py:927} WARNING - No viable dags retrieved from /home/sakana/anaconda3/envs/airflow_env/lib/python3.8/site-packages/airflow/example_dags/plugins/event_listener.py
[2024-11-12T16:55:26.193+0100] {processor.py:208} INFO - Processing /home/sakana/anaconda3/envs/airflow_env/lib/python3.8/site-packages/airflow/example_dags/plugins/event_listener.py took 0.028 seconds
[2024-11-12T16:56:24.401+0100] {processor.py:186} INFO - Started process (PID=8651) to work on /home/sakana/anaconda3/envs/airflow_env/lib/python3.8/site-packages/airflow/example_dags/plugins/event_listener.py
[2024-11-12T16:56:24.406+0100] {processor.py:914} INFO - Processing file /home/sakana/anaconda3/envs/airflow_env/lib/python3.8/site-packages/airflow/example_dags/plugins/event_listener.py for tasks to queue
[2024-11-12T16:56:24.408+0100] {logging_mixin.py:190} INFO - [2024-11-12T16:56:24.407+0100] {dagbag.py:588} INFO - Filling up the DagBag from /home/sakana/anaconda3/envs/airflow_env/lib/python3.8/site-packages/airflow/example_dags/plugins/event_listener.py
[2024-11-12T16:56:24.410+0100] {processor.py:927} WARNING - No viable dags retrieved from /home/sakana/anaconda3/envs/airflow_env/lib/python3.8/site-packages/airflow/example_dags/plugins/event_listener.py
[2024-11-12T16:56:24.420+0100] {processor.py:208} INFO - Processing /home/sakana/anaconda3/envs/airflow_env/lib/python3.8/site-packages/airflow/example_dags/plugins/event_listener.py took 0.025 seconds
[2024-11-12T16:56:56.267+0100] {processor.py:186} INFO - Started process (PID=8683) to work on /home/sakana/anaconda3/envs/airflow_env/lib/python3.8/site-packages/airflow/example_dags/plugins/event_listener.py
[2024-11-12T16:56:56.267+0100] {processor.py:914} INFO - Processing file /home/sakana/anaconda3/envs/airflow_env/lib/python3.8/site-packages/airflow/example_dags/plugins/event_listener.py for tasks to queue
[2024-11-12T16:56:56.269+0100] {logging_mixin.py:190} INFO - [2024-11-12T16:56:56.269+0100] {dagbag.py:588} INFO - Filling up the DagBag from /home/sakana/anaconda3/envs/airflow_env/lib/python3.8/site-packages/airflow/example_dags/plugins/event_listener.py
[2024-11-12T16:56:56.273+0100] {processor.py:927} WARNING - No viable dags retrieved from /home/sakana/anaconda3/envs/airflow_env/lib/python3.8/site-packages/airflow/example_dags/plugins/event_listener.py
[2024-11-12T16:56:56.286+0100] {processor.py:208} INFO - Processing /home/sakana/anaconda3/envs/airflow_env/lib/python3.8/site-packages/airflow/example_dags/plugins/event_listener.py took 0.026 seconds
[2024-11-12T16:57:58.331+0100] {processor.py:186} INFO - Started process (PID=8766) to work on /home/sakana/anaconda3/envs/airflow_env/lib/python3.8/site-packages/airflow/example_dags/plugins/event_listener.py
[2024-11-12T16:57:58.337+0100] {processor.py:914} INFO - Processing file /home/sakana/anaconda3/envs/airflow_env/lib/python3.8/site-packages/airflow/example_dags/plugins/event_listener.py for tasks to queue
[2024-11-12T16:57:58.339+0100] {logging_mixin.py:190} INFO - [2024-11-12T16:57:58.338+0100] {dagbag.py:588} INFO - Filling up the DagBag from /home/sakana/anaconda3/envs/airflow_env/lib/python3.8/site-packages/airflow/example_dags/plugins/event_listener.py
[2024-11-12T16:57:58.341+0100] {processor.py:927} WARNING - No viable dags retrieved from /home/sakana/anaconda3/envs/airflow_env/lib/python3.8/site-packages/airflow/example_dags/plugins/event_listener.py
[2024-11-12T16:57:58.354+0100] {processor.py:208} INFO - Processing /home/sakana/anaconda3/envs/airflow_env/lib/python3.8/site-packages/airflow/example_dags/plugins/event_listener.py took 0.029 seconds
[2024-11-12T16:58:57.219+0100] {processor.py:186} INFO - Started process (PID=8870) to work on /home/sakana/anaconda3/envs/airflow_env/lib/python3.8/site-packages/airflow/example_dags/plugins/event_listener.py
[2024-11-12T16:58:57.224+0100] {processor.py:914} INFO - Processing file /home/sakana/anaconda3/envs/airflow_env/lib/python3.8/site-packages/airflow/example_dags/plugins/event_listener.py for tasks to queue
[2024-11-12T16:58:57.225+0100] {logging_mixin.py:190} INFO - [2024-11-12T16:58:57.225+0100] {dagbag.py:588} INFO - Filling up the DagBag from /home/sakana/anaconda3/envs/airflow_env/lib/python3.8/site-packages/airflow/example_dags/plugins/event_listener.py
[2024-11-12T16:58:57.227+0100] {processor.py:927} WARNING - No viable dags retrieved from /home/sakana/anaconda3/envs/airflow_env/lib/python3.8/site-packages/airflow/example_dags/plugins/event_listener.py
[2024-11-12T16:58:57.237+0100] {processor.py:208} INFO - Processing /home/sakana/anaconda3/envs/airflow_env/lib/python3.8/site-packages/airflow/example_dags/plugins/event_listener.py took 0.024 seconds
[2024-11-12T16:59:29.318+0100] {processor.py:186} INFO - Started process (PID=8912) to work on /home/sakana/anaconda3/envs/airflow_env/lib/python3.8/site-packages/airflow/example_dags/plugins/event_listener.py
[2024-11-12T16:59:29.320+0100] {processor.py:914} INFO - Processing file /home/sakana/anaconda3/envs/airflow_env/lib/python3.8/site-packages/airflow/example_dags/plugins/event_listener.py for tasks to queue
[2024-11-12T16:59:29.323+0100] {logging_mixin.py:190} INFO - [2024-11-12T16:59:29.322+0100] {dagbag.py:588} INFO - Filling up the DagBag from /home/sakana/anaconda3/envs/airflow_env/lib/python3.8/site-packages/airflow/example_dags/plugins/event_listener.py
[2024-11-12T16:59:29.326+0100] {processor.py:927} WARNING - No viable dags retrieved from /home/sakana/anaconda3/envs/airflow_env/lib/python3.8/site-packages/airflow/example_dags/plugins/event_listener.py
[2024-11-12T16:59:29.338+0100] {processor.py:208} INFO - Processing /home/sakana/anaconda3/envs/airflow_env/lib/python3.8/site-packages/airflow/example_dags/plugins/event_listener.py took 0.028 seconds
[2024-11-12T17:00:28.921+0100] {processor.py:186} INFO - Started process (PID=8987) to work on /home/sakana/anaconda3/envs/airflow_env/lib/python3.8/site-packages/airflow/example_dags/plugins/event_listener.py
[2024-11-12T17:00:28.927+0100] {processor.py:914} INFO - Processing file /home/sakana/anaconda3/envs/airflow_env/lib/python3.8/site-packages/airflow/example_dags/plugins/event_listener.py for tasks to queue
[2024-11-12T17:00:28.929+0100] {logging_mixin.py:190} INFO - [2024-11-12T17:00:28.928+0100] {dagbag.py:588} INFO - Filling up the DagBag from /home/sakana/anaconda3/envs/airflow_env/lib/python3.8/site-packages/airflow/example_dags/plugins/event_listener.py
[2024-11-12T17:00:28.932+0100] {processor.py:927} WARNING - No viable dags retrieved from /home/sakana/anaconda3/envs/airflow_env/lib/python3.8/site-packages/airflow/example_dags/plugins/event_listener.py
[2024-11-12T17:00:28.943+0100] {processor.py:208} INFO - Processing /home/sakana/anaconda3/envs/airflow_env/lib/python3.8/site-packages/airflow/example_dags/plugins/event_listener.py took 0.030 seconds
[2024-11-12T17:01:00.572+0100] {processor.py:186} INFO - Started process (PID=9017) to work on /home/sakana/anaconda3/envs/airflow_env/lib/python3.8/site-packages/airflow/example_dags/plugins/event_listener.py
[2024-11-12T17:01:00.577+0100] {processor.py:914} INFO - Processing file /home/sakana/anaconda3/envs/airflow_env/lib/python3.8/site-packages/airflow/example_dags/plugins/event_listener.py for tasks to queue
[2024-11-12T17:01:00.579+0100] {logging_mixin.py:190} INFO - [2024-11-12T17:01:00.579+0100] {dagbag.py:588} INFO - Filling up the DagBag from /home/sakana/anaconda3/envs/airflow_env/lib/python3.8/site-packages/airflow/example_dags/plugins/event_listener.py
[2024-11-12T17:01:00.582+0100] {processor.py:927} WARNING - No viable dags retrieved from /home/sakana/anaconda3/envs/airflow_env/lib/python3.8/site-packages/airflow/example_dags/plugins/event_listener.py
[2024-11-12T17:01:00.592+0100] {processor.py:208} INFO - Processing /home/sakana/anaconda3/envs/airflow_env/lib/python3.8/site-packages/airflow/example_dags/plugins/event_listener.py took 0.026 seconds
[2024-11-12T17:01:31.542+0100] {processor.py:186} INFO - Started process (PID=9075) to work on /home/sakana/anaconda3/envs/airflow_env/lib/python3.8/site-packages/airflow/example_dags/plugins/event_listener.py
[2024-11-12T17:01:31.571+0100] {processor.py:914} INFO - Processing file /home/sakana/anaconda3/envs/airflow_env/lib/python3.8/site-packages/airflow/example_dags/plugins/event_listener.py for tasks to queue
[2024-11-12T17:01:31.573+0100] {logging_mixin.py:190} INFO - [2024-11-12T17:01:31.573+0100] {dagbag.py:588} INFO - Filling up the DagBag from /home/sakana/anaconda3/envs/airflow_env/lib/python3.8/site-packages/airflow/example_dags/plugins/event_listener.py
[2024-11-12T17:01:31.576+0100] {processor.py:927} WARNING - No viable dags retrieved from /home/sakana/anaconda3/envs/airflow_env/lib/python3.8/site-packages/airflow/example_dags/plugins/event_listener.py
[2024-11-12T17:01:31.588+0100] {processor.py:208} INFO - Processing /home/sakana/anaconda3/envs/airflow_env/lib/python3.8/site-packages/airflow/example_dags/plugins/event_listener.py took 0.056 seconds
[2024-11-12T17:19:04.685+0100] {processor.py:186} INFO - Started process (PID=9337) to work on /home/sakana/anaconda3/envs/airflow_env/lib/python3.8/site-packages/airflow/example_dags/plugins/event_listener.py
[2024-11-12T17:19:04.690+0100] {processor.py:914} INFO - Processing file /home/sakana/anaconda3/envs/airflow_env/lib/python3.8/site-packages/airflow/example_dags/plugins/event_listener.py for tasks to queue
[2024-11-12T17:19:04.692+0100] {logging_mixin.py:190} INFO - [2024-11-12T17:19:04.692+0100] {dagbag.py:588} INFO - Filling up the DagBag from /home/sakana/anaconda3/envs/airflow_env/lib/python3.8/site-packages/airflow/example_dags/plugins/event_listener.py
[2024-11-12T17:19:04.695+0100] {processor.py:927} WARNING - No viable dags retrieved from /home/sakana/anaconda3/envs/airflow_env/lib/python3.8/site-packages/airflow/example_dags/plugins/event_listener.py
[2024-11-12T17:19:04.707+0100] {processor.py:208} INFO - Processing /home/sakana/anaconda3/envs/airflow_env/lib/python3.8/site-packages/airflow/example_dags/plugins/event_listener.py took 0.031 seconds
[2024-11-12T17:19:43.536+0100] {processor.py:186} INFO - Started process (PID=9590) to work on /home/sakana/anaconda3/envs/airflow_env/lib/python3.8/site-packages/airflow/example_dags/plugins/event_listener.py
[2024-11-12T17:19:43.542+0100] {processor.py:914} INFO - Processing file /home/sakana/anaconda3/envs/airflow_env/lib/python3.8/site-packages/airflow/example_dags/plugins/event_listener.py for tasks to queue
[2024-11-12T17:19:43.545+0100] {logging_mixin.py:190} INFO - [2024-11-12T17:19:43.544+0100] {dagbag.py:588} INFO - Filling up the DagBag from /home/sakana/anaconda3/envs/airflow_env/lib/python3.8/site-packages/airflow/example_dags/plugins/event_listener.py
[2024-11-12T17:19:43.549+0100] {processor.py:927} WARNING - No viable dags retrieved from /home/sakana/anaconda3/envs/airflow_env/lib/python3.8/site-packages/airflow/example_dags/plugins/event_listener.py
[2024-11-12T17:19:43.563+0100] {processor.py:208} INFO - Processing /home/sakana/anaconda3/envs/airflow_env/lib/python3.8/site-packages/airflow/example_dags/plugins/event_listener.py took 0.036 seconds
[2024-11-12T17:20:16.342+0100] {processor.py:186} INFO - Started process (PID=9654) to work on /home/sakana/anaconda3/envs/airflow_env/lib/python3.8/site-packages/airflow/example_dags/plugins/event_listener.py
[2024-11-12T17:20:16.343+0100] {processor.py:914} INFO - Processing file /home/sakana/anaconda3/envs/airflow_env/lib/python3.8/site-packages/airflow/example_dags/plugins/event_listener.py for tasks to queue
[2024-11-12T17:20:16.348+0100] {logging_mixin.py:190} INFO - [2024-11-12T17:20:16.347+0100] {dagbag.py:588} INFO - Filling up the DagBag from /home/sakana/anaconda3/envs/airflow_env/lib/python3.8/site-packages/airflow/example_dags/plugins/event_listener.py
[2024-11-12T17:20:16.353+0100] {processor.py:927} WARNING - No viable dags retrieved from /home/sakana/anaconda3/envs/airflow_env/lib/python3.8/site-packages/airflow/example_dags/plugins/event_listener.py
[2024-11-12T17:20:16.375+0100] {processor.py:208} INFO - Processing /home/sakana/anaconda3/envs/airflow_env/lib/python3.8/site-packages/airflow/example_dags/plugins/event_listener.py took 0.055 seconds
[2024-11-12T17:20:48.952+0100] {processor.py:186} INFO - Started process (PID=9706) to work on /home/sakana/anaconda3/envs/airflow_env/lib/python3.8/site-packages/airflow/example_dags/plugins/event_listener.py
[2024-11-12T17:20:48.958+0100] {processor.py:914} INFO - Processing file /home/sakana/anaconda3/envs/airflow_env/lib/python3.8/site-packages/airflow/example_dags/plugins/event_listener.py for tasks to queue
[2024-11-12T17:20:48.961+0100] {logging_mixin.py:190} INFO - [2024-11-12T17:20:48.960+0100] {dagbag.py:588} INFO - Filling up the DagBag from /home/sakana/anaconda3/envs/airflow_env/lib/python3.8/site-packages/airflow/example_dags/plugins/event_listener.py
[2024-11-12T17:20:48.966+0100] {processor.py:927} WARNING - No viable dags retrieved from /home/sakana/anaconda3/envs/airflow_env/lib/python3.8/site-packages/airflow/example_dags/plugins/event_listener.py
[2024-11-12T17:20:48.988+0100] {processor.py:208} INFO - Processing /home/sakana/anaconda3/envs/airflow_env/lib/python3.8/site-packages/airflow/example_dags/plugins/event_listener.py took 0.051 seconds
[2024-11-12T17:21:24.284+0100] {processor.py:186} INFO - Started process (PID=9750) to work on /home/sakana/anaconda3/envs/airflow_env/lib/python3.8/site-packages/airflow/example_dags/plugins/event_listener.py
[2024-11-12T17:21:24.290+0100] {processor.py:914} INFO - Processing file /home/sakana/anaconda3/envs/airflow_env/lib/python3.8/site-packages/airflow/example_dags/plugins/event_listener.py for tasks to queue
[2024-11-12T17:21:24.295+0100] {logging_mixin.py:190} INFO - [2024-11-12T17:21:24.294+0100] {dagbag.py:588} INFO - Filling up the DagBag from /home/sakana/anaconda3/envs/airflow_env/lib/python3.8/site-packages/airflow/example_dags/plugins/event_listener.py
[2024-11-12T17:21:24.300+0100] {processor.py:927} WARNING - No viable dags retrieved from /home/sakana/anaconda3/envs/airflow_env/lib/python3.8/site-packages/airflow/example_dags/plugins/event_listener.py
[2024-11-12T17:21:24.324+0100] {processor.py:208} INFO - Processing /home/sakana/anaconda3/envs/airflow_env/lib/python3.8/site-packages/airflow/example_dags/plugins/event_listener.py took 0.055 seconds
[2024-11-12T17:21:58.526+0100] {processor.py:186} INFO - Started process (PID=9813) to work on /home/sakana/anaconda3/envs/airflow_env/lib/python3.8/site-packages/airflow/example_dags/plugins/event_listener.py
[2024-11-12T17:21:58.531+0100] {processor.py:914} INFO - Processing file /home/sakana/anaconda3/envs/airflow_env/lib/python3.8/site-packages/airflow/example_dags/plugins/event_listener.py for tasks to queue
[2024-11-12T17:21:58.535+0100] {logging_mixin.py:190} INFO - [2024-11-12T17:21:58.534+0100] {dagbag.py:588} INFO - Filling up the DagBag from /home/sakana/anaconda3/envs/airflow_env/lib/python3.8/site-packages/airflow/example_dags/plugins/event_listener.py
[2024-11-12T17:21:58.539+0100] {processor.py:927} WARNING - No viable dags retrieved from /home/sakana/anaconda3/envs/airflow_env/lib/python3.8/site-packages/airflow/example_dags/plugins/event_listener.py
[2024-11-12T17:21:58.558+0100] {processor.py:208} INFO - Processing /home/sakana/anaconda3/envs/airflow_env/lib/python3.8/site-packages/airflow/example_dags/plugins/event_listener.py took 0.041 seconds
[2024-11-12T17:22:31.559+0100] {processor.py:186} INFO - Started process (PID=9870) to work on /home/sakana/anaconda3/envs/airflow_env/lib/python3.8/site-packages/airflow/example_dags/plugins/event_listener.py
[2024-11-12T17:22:31.564+0100] {processor.py:914} INFO - Processing file /home/sakana/anaconda3/envs/airflow_env/lib/python3.8/site-packages/airflow/example_dags/plugins/event_listener.py for tasks to queue
[2024-11-12T17:22:31.567+0100] {logging_mixin.py:190} INFO - [2024-11-12T17:22:31.566+0100] {dagbag.py:588} INFO - Filling up the DagBag from /home/sakana/anaconda3/envs/airflow_env/lib/python3.8/site-packages/airflow/example_dags/plugins/event_listener.py
[2024-11-12T17:22:31.570+0100] {processor.py:927} WARNING - No viable dags retrieved from /home/sakana/anaconda3/envs/airflow_env/lib/python3.8/site-packages/airflow/example_dags/plugins/event_listener.py
[2024-11-12T17:22:31.586+0100] {processor.py:208} INFO - Processing /home/sakana/anaconda3/envs/airflow_env/lib/python3.8/site-packages/airflow/example_dags/plugins/event_listener.py took 0.035 seconds
[2024-11-12T17:23:09.045+0100] {processor.py:186} INFO - Started process (PID=9931) to work on /home/sakana/anaconda3/envs/airflow_env/lib/python3.8/site-packages/airflow/example_dags/plugins/event_listener.py
[2024-11-12T17:23:09.045+0100] {processor.py:914} INFO - Processing file /home/sakana/anaconda3/envs/airflow_env/lib/python3.8/site-packages/airflow/example_dags/plugins/event_listener.py for tasks to queue
[2024-11-12T17:23:09.047+0100] {logging_mixin.py:190} INFO - [2024-11-12T17:23:09.047+0100] {dagbag.py:588} INFO - Filling up the DagBag from /home/sakana/anaconda3/envs/airflow_env/lib/python3.8/site-packages/airflow/example_dags/plugins/event_listener.py
[2024-11-12T17:23:09.050+0100] {processor.py:927} WARNING - No viable dags retrieved from /home/sakana/anaconda3/envs/airflow_env/lib/python3.8/site-packages/airflow/example_dags/plugins/event_listener.py
[2024-11-12T17:23:09.062+0100] {processor.py:208} INFO - Processing /home/sakana/anaconda3/envs/airflow_env/lib/python3.8/site-packages/airflow/example_dags/plugins/event_listener.py took 0.026 seconds
[2024-11-12T17:23:47.289+0100] {processor.py:186} INFO - Started process (PID=10018) to work on /home/sakana/anaconda3/envs/airflow_env/lib/python3.8/site-packages/airflow/example_dags/plugins/event_listener.py
[2024-11-12T17:23:47.294+0100] {processor.py:914} INFO - Processing file /home/sakana/anaconda3/envs/airflow_env/lib/python3.8/site-packages/airflow/example_dags/plugins/event_listener.py for tasks to queue
[2024-11-12T17:23:47.297+0100] {logging_mixin.py:190} INFO - [2024-11-12T17:23:47.296+0100] {dagbag.py:588} INFO - Filling up the DagBag from /home/sakana/anaconda3/envs/airflow_env/lib/python3.8/site-packages/airflow/example_dags/plugins/event_listener.py
[2024-11-12T17:23:47.301+0100] {processor.py:927} WARNING - No viable dags retrieved from /home/sakana/anaconda3/envs/airflow_env/lib/python3.8/site-packages/airflow/example_dags/plugins/event_listener.py
[2024-11-12T17:23:47.319+0100] {processor.py:208} INFO - Processing /home/sakana/anaconda3/envs/airflow_env/lib/python3.8/site-packages/airflow/example_dags/plugins/event_listener.py took 0.042 seconds
[2024-11-12T17:24:23.776+0100] {processor.py:186} INFO - Started process (PID=10109) to work on /home/sakana/anaconda3/envs/airflow_env/lib/python3.8/site-packages/airflow/example_dags/plugins/event_listener.py
[2024-11-12T17:24:23.778+0100] {processor.py:914} INFO - Processing file /home/sakana/anaconda3/envs/airflow_env/lib/python3.8/site-packages/airflow/example_dags/plugins/event_listener.py for tasks to queue
[2024-11-12T17:24:23.782+0100] {logging_mixin.py:190} INFO - [2024-11-12T17:24:23.781+0100] {dagbag.py:588} INFO - Filling up the DagBag from /home/sakana/anaconda3/envs/airflow_env/lib/python3.8/site-packages/airflow/example_dags/plugins/event_listener.py
[2024-11-12T17:24:23.786+0100] {processor.py:927} WARNING - No viable dags retrieved from /home/sakana/anaconda3/envs/airflow_env/lib/python3.8/site-packages/airflow/example_dags/plugins/event_listener.py
[2024-11-12T17:24:23.802+0100] {processor.py:208} INFO - Processing /home/sakana/anaconda3/envs/airflow_env/lib/python3.8/site-packages/airflow/example_dags/plugins/event_listener.py took 0.040 seconds
[2024-11-12T17:24:59.624+0100] {processor.py:186} INFO - Started process (PID=10173) to work on /home/sakana/anaconda3/envs/airflow_env/lib/python3.8/site-packages/airflow/example_dags/plugins/event_listener.py
[2024-11-12T17:24:59.626+0100] {processor.py:914} INFO - Processing file /home/sakana/anaconda3/envs/airflow_env/lib/python3.8/site-packages/airflow/example_dags/plugins/event_listener.py for tasks to queue
[2024-11-12T17:24:59.630+0100] {logging_mixin.py:190} INFO - [2024-11-12T17:24:59.629+0100] {dagbag.py:588} INFO - Filling up the DagBag from /home/sakana/anaconda3/envs/airflow_env/lib/python3.8/site-packages/airflow/example_dags/plugins/event_listener.py
[2024-11-12T17:24:59.635+0100] {processor.py:927} WARNING - No viable dags retrieved from /home/sakana/anaconda3/envs/airflow_env/lib/python3.8/site-packages/airflow/example_dags/plugins/event_listener.py
[2024-11-12T17:24:59.652+0100] {processor.py:208} INFO - Processing /home/sakana/anaconda3/envs/airflow_env/lib/python3.8/site-packages/airflow/example_dags/plugins/event_listener.py took 0.041 seconds
[2024-11-12T17:25:36.762+0100] {processor.py:186} INFO - Started process (PID=10239) to work on /home/sakana/anaconda3/envs/airflow_env/lib/python3.8/site-packages/airflow/example_dags/plugins/event_listener.py
[2024-11-12T17:25:36.767+0100] {processor.py:914} INFO - Processing file /home/sakana/anaconda3/envs/airflow_env/lib/python3.8/site-packages/airflow/example_dags/plugins/event_listener.py for tasks to queue
[2024-11-12T17:25:36.771+0100] {logging_mixin.py:190} INFO - [2024-11-12T17:25:36.770+0100] {dagbag.py:588} INFO - Filling up the DagBag from /home/sakana/anaconda3/envs/airflow_env/lib/python3.8/site-packages/airflow/example_dags/plugins/event_listener.py
[2024-11-12T17:25:36.775+0100] {processor.py:927} WARNING - No viable dags retrieved from /home/sakana/anaconda3/envs/airflow_env/lib/python3.8/site-packages/airflow/example_dags/plugins/event_listener.py
[2024-11-12T17:25:36.796+0100] {processor.py:208} INFO - Processing /home/sakana/anaconda3/envs/airflow_env/lib/python3.8/site-packages/airflow/example_dags/plugins/event_listener.py took 0.042 seconds
[2024-11-12T17:26:12.720+0100] {processor.py:186} INFO - Started process (PID=10274) to work on /home/sakana/anaconda3/envs/airflow_env/lib/python3.8/site-packages/airflow/example_dags/plugins/event_listener.py
[2024-11-12T17:26:12.722+0100] {processor.py:914} INFO - Processing file /home/sakana/anaconda3/envs/airflow_env/lib/python3.8/site-packages/airflow/example_dags/plugins/event_listener.py for tasks to queue
[2024-11-12T17:26:12.726+0100] {logging_mixin.py:190} INFO - [2024-11-12T17:26:12.725+0100] {dagbag.py:588} INFO - Filling up the DagBag from /home/sakana/anaconda3/envs/airflow_env/lib/python3.8/site-packages/airflow/example_dags/plugins/event_listener.py
[2024-11-12T17:26:12.731+0100] {processor.py:927} WARNING - No viable dags retrieved from /home/sakana/anaconda3/envs/airflow_env/lib/python3.8/site-packages/airflow/example_dags/plugins/event_listener.py
[2024-11-12T17:26:12.745+0100] {processor.py:208} INFO - Processing /home/sakana/anaconda3/envs/airflow_env/lib/python3.8/site-packages/airflow/example_dags/plugins/event_listener.py took 0.034 seconds
[2024-11-12T17:26:48.513+0100] {processor.py:186} INFO - Started process (PID=10343) to work on /home/sakana/anaconda3/envs/airflow_env/lib/python3.8/site-packages/airflow/example_dags/plugins/event_listener.py
[2024-11-12T17:26:48.520+0100] {processor.py:914} INFO - Processing file /home/sakana/anaconda3/envs/airflow_env/lib/python3.8/site-packages/airflow/example_dags/plugins/event_listener.py for tasks to queue
[2024-11-12T17:26:48.522+0100] {logging_mixin.py:190} INFO - [2024-11-12T17:26:48.522+0100] {dagbag.py:588} INFO - Filling up the DagBag from /home/sakana/anaconda3/envs/airflow_env/lib/python3.8/site-packages/airflow/example_dags/plugins/event_listener.py
[2024-11-12T17:26:48.527+0100] {processor.py:927} WARNING - No viable dags retrieved from /home/sakana/anaconda3/envs/airflow_env/lib/python3.8/site-packages/airflow/example_dags/plugins/event_listener.py
[2024-11-12T17:26:48.545+0100] {processor.py:208} INFO - Processing /home/sakana/anaconda3/envs/airflow_env/lib/python3.8/site-packages/airflow/example_dags/plugins/event_listener.py took 0.044 seconds
[2024-11-12T17:27:24.984+0100] {processor.py:186} INFO - Started process (PID=10387) to work on /home/sakana/anaconda3/envs/airflow_env/lib/python3.8/site-packages/airflow/example_dags/plugins/event_listener.py
[2024-11-12T17:27:24.989+0100] {processor.py:914} INFO - Processing file /home/sakana/anaconda3/envs/airflow_env/lib/python3.8/site-packages/airflow/example_dags/plugins/event_listener.py for tasks to queue
[2024-11-12T17:27:24.993+0100] {logging_mixin.py:190} INFO - [2024-11-12T17:27:24.992+0100] {dagbag.py:588} INFO - Filling up the DagBag from /home/sakana/anaconda3/envs/airflow_env/lib/python3.8/site-packages/airflow/example_dags/plugins/event_listener.py
[2024-11-12T17:27:24.996+0100] {processor.py:927} WARNING - No viable dags retrieved from /home/sakana/anaconda3/envs/airflow_env/lib/python3.8/site-packages/airflow/example_dags/plugins/event_listener.py
[2024-11-12T17:27:25.013+0100] {processor.py:208} INFO - Processing /home/sakana/anaconda3/envs/airflow_env/lib/python3.8/site-packages/airflow/example_dags/plugins/event_listener.py took 0.041 seconds
[2024-11-12T17:28:01.598+0100] {processor.py:186} INFO - Started process (PID=10422) to work on /home/sakana/anaconda3/envs/airflow_env/lib/python3.8/site-packages/airflow/example_dags/plugins/event_listener.py
[2024-11-12T17:28:01.604+0100] {processor.py:914} INFO - Processing file /home/sakana/anaconda3/envs/airflow_env/lib/python3.8/site-packages/airflow/example_dags/plugins/event_listener.py for tasks to queue
[2024-11-12T17:28:01.608+0100] {logging_mixin.py:190} INFO - [2024-11-12T17:28:01.608+0100] {dagbag.py:588} INFO - Filling up the DagBag from /home/sakana/anaconda3/envs/airflow_env/lib/python3.8/site-packages/airflow/example_dags/plugins/event_listener.py
[2024-11-12T17:28:01.612+0100] {processor.py:927} WARNING - No viable dags retrieved from /home/sakana/anaconda3/envs/airflow_env/lib/python3.8/site-packages/airflow/example_dags/plugins/event_listener.py
[2024-11-12T17:28:01.625+0100] {processor.py:208} INFO - Processing /home/sakana/anaconda3/envs/airflow_env/lib/python3.8/site-packages/airflow/example_dags/plugins/event_listener.py took 0.034 seconds
[2024-11-12T17:28:37.371+0100] {processor.py:186} INFO - Started process (PID=10519) to work on /home/sakana/anaconda3/envs/airflow_env/lib/python3.8/site-packages/airflow/example_dags/plugins/event_listener.py
[2024-11-12T17:28:37.376+0100] {processor.py:914} INFO - Processing file /home/sakana/anaconda3/envs/airflow_env/lib/python3.8/site-packages/airflow/example_dags/plugins/event_listener.py for tasks to queue
[2024-11-12T17:28:37.380+0100] {logging_mixin.py:190} INFO - [2024-11-12T17:28:37.380+0100] {dagbag.py:588} INFO - Filling up the DagBag from /home/sakana/anaconda3/envs/airflow_env/lib/python3.8/site-packages/airflow/example_dags/plugins/event_listener.py
[2024-11-12T17:28:37.385+0100] {processor.py:927} WARNING - No viable dags retrieved from /home/sakana/anaconda3/envs/airflow_env/lib/python3.8/site-packages/airflow/example_dags/plugins/event_listener.py
[2024-11-12T17:28:37.402+0100] {processor.py:208} INFO - Processing /home/sakana/anaconda3/envs/airflow_env/lib/python3.8/site-packages/airflow/example_dags/plugins/event_listener.py took 0.044 seconds
[2024-11-12T17:29:13.608+0100] {processor.py:186} INFO - Started process (PID=10559) to work on /home/sakana/anaconda3/envs/airflow_env/lib/python3.8/site-packages/airflow/example_dags/plugins/event_listener.py
[2024-11-12T17:29:13.610+0100] {processor.py:914} INFO - Processing file /home/sakana/anaconda3/envs/airflow_env/lib/python3.8/site-packages/airflow/example_dags/plugins/event_listener.py for tasks to queue
[2024-11-12T17:29:13.614+0100] {logging_mixin.py:190} INFO - [2024-11-12T17:29:13.613+0100] {dagbag.py:588} INFO - Filling up the DagBag from /home/sakana/anaconda3/envs/airflow_env/lib/python3.8/site-packages/airflow/example_dags/plugins/event_listener.py
[2024-11-12T17:29:13.617+0100] {processor.py:927} WARNING - No viable dags retrieved from /home/sakana/anaconda3/envs/airflow_env/lib/python3.8/site-packages/airflow/example_dags/plugins/event_listener.py
[2024-11-12T17:29:13.636+0100] {processor.py:208} INFO - Processing /home/sakana/anaconda3/envs/airflow_env/lib/python3.8/site-packages/airflow/example_dags/plugins/event_listener.py took 0.040 seconds
[2024-11-12T17:29:50.580+0100] {processor.py:186} INFO - Started process (PID=10602) to work on /home/sakana/anaconda3/envs/airflow_env/lib/python3.8/site-packages/airflow/example_dags/plugins/event_listener.py
[2024-11-12T17:29:50.586+0100] {processor.py:914} INFO - Processing file /home/sakana/anaconda3/envs/airflow_env/lib/python3.8/site-packages/airflow/example_dags/plugins/event_listener.py for tasks to queue
[2024-11-12T17:29:50.589+0100] {logging_mixin.py:190} INFO - [2024-11-12T17:29:50.588+0100] {dagbag.py:588} INFO - Filling up the DagBag from /home/sakana/anaconda3/envs/airflow_env/lib/python3.8/site-packages/airflow/example_dags/plugins/event_listener.py
[2024-11-12T17:29:50.592+0100] {processor.py:927} WARNING - No viable dags retrieved from /home/sakana/anaconda3/envs/airflow_env/lib/python3.8/site-packages/airflow/example_dags/plugins/event_listener.py
[2024-11-12T17:29:50.610+0100] {processor.py:208} INFO - Processing /home/sakana/anaconda3/envs/airflow_env/lib/python3.8/site-packages/airflow/example_dags/plugins/event_listener.py took 0.042 seconds
[2024-11-12T17:30:26.470+0100] {processor.py:186} INFO - Started process (PID=10647) to work on /home/sakana/anaconda3/envs/airflow_env/lib/python3.8/site-packages/airflow/example_dags/plugins/event_listener.py
[2024-11-12T17:30:26.475+0100] {processor.py:914} INFO - Processing file /home/sakana/anaconda3/envs/airflow_env/lib/python3.8/site-packages/airflow/example_dags/plugins/event_listener.py for tasks to queue
[2024-11-12T17:30:26.477+0100] {logging_mixin.py:190} INFO - [2024-11-12T17:30:26.477+0100] {dagbag.py:588} INFO - Filling up the DagBag from /home/sakana/anaconda3/envs/airflow_env/lib/python3.8/site-packages/airflow/example_dags/plugins/event_listener.py
[2024-11-12T17:30:26.481+0100] {processor.py:927} WARNING - No viable dags retrieved from /home/sakana/anaconda3/envs/airflow_env/lib/python3.8/site-packages/airflow/example_dags/plugins/event_listener.py
[2024-11-12T17:30:26.495+0100] {processor.py:208} INFO - Processing /home/sakana/anaconda3/envs/airflow_env/lib/python3.8/site-packages/airflow/example_dags/plugins/event_listener.py took 0.039 seconds
[2024-11-12T17:31:02.887+0100] {processor.py:186} INFO - Started process (PID=10681) to work on /home/sakana/anaconda3/envs/airflow_env/lib/python3.8/site-packages/airflow/example_dags/plugins/event_listener.py
[2024-11-12T17:31:02.893+0100] {processor.py:914} INFO - Processing file /home/sakana/anaconda3/envs/airflow_env/lib/python3.8/site-packages/airflow/example_dags/plugins/event_listener.py for tasks to queue
[2024-11-12T17:31:02.897+0100] {logging_mixin.py:190} INFO - [2024-11-12T17:31:02.896+0100] {dagbag.py:588} INFO - Filling up the DagBag from /home/sakana/anaconda3/envs/airflow_env/lib/python3.8/site-packages/airflow/example_dags/plugins/event_listener.py
[2024-11-12T17:31:02.901+0100] {processor.py:927} WARNING - No viable dags retrieved from /home/sakana/anaconda3/envs/airflow_env/lib/python3.8/site-packages/airflow/example_dags/plugins/event_listener.py
[2024-11-12T17:31:02.915+0100] {processor.py:208} INFO - Processing /home/sakana/anaconda3/envs/airflow_env/lib/python3.8/site-packages/airflow/example_dags/plugins/event_listener.py took 0.041 seconds
[2024-11-12T17:31:39.257+0100] {processor.py:186} INFO - Started process (PID=10738) to work on /home/sakana/anaconda3/envs/airflow_env/lib/python3.8/site-packages/airflow/example_dags/plugins/event_listener.py
[2024-11-12T17:31:39.264+0100] {processor.py:914} INFO - Processing file /home/sakana/anaconda3/envs/airflow_env/lib/python3.8/site-packages/airflow/example_dags/plugins/event_listener.py for tasks to queue
[2024-11-12T17:31:39.269+0100] {logging_mixin.py:190} INFO - [2024-11-12T17:31:39.268+0100] {dagbag.py:588} INFO - Filling up the DagBag from /home/sakana/anaconda3/envs/airflow_env/lib/python3.8/site-packages/airflow/example_dags/plugins/event_listener.py
[2024-11-12T17:31:39.276+0100] {processor.py:927} WARNING - No viable dags retrieved from /home/sakana/anaconda3/envs/airflow_env/lib/python3.8/site-packages/airflow/example_dags/plugins/event_listener.py
[2024-11-12T17:31:39.300+0100] {processor.py:208} INFO - Processing /home/sakana/anaconda3/envs/airflow_env/lib/python3.8/site-packages/airflow/example_dags/plugins/event_listener.py took 0.057 seconds
[2024-11-12T17:32:15.267+0100] {processor.py:186} INFO - Started process (PID=10775) to work on /home/sakana/anaconda3/envs/airflow_env/lib/python3.8/site-packages/airflow/example_dags/plugins/event_listener.py
[2024-11-12T17:32:15.273+0100] {processor.py:914} INFO - Processing file /home/sakana/anaconda3/envs/airflow_env/lib/python3.8/site-packages/airflow/example_dags/plugins/event_listener.py for tasks to queue
[2024-11-12T17:32:15.279+0100] {logging_mixin.py:190} INFO - [2024-11-12T17:32:15.278+0100] {dagbag.py:588} INFO - Filling up the DagBag from /home/sakana/anaconda3/envs/airflow_env/lib/python3.8/site-packages/airflow/example_dags/plugins/event_listener.py
[2024-11-12T17:32:15.287+0100] {processor.py:927} WARNING - No viable dags retrieved from /home/sakana/anaconda3/envs/airflow_env/lib/python3.8/site-packages/airflow/example_dags/plugins/event_listener.py
[2024-11-12T17:32:15.315+0100] {processor.py:208} INFO - Processing /home/sakana/anaconda3/envs/airflow_env/lib/python3.8/site-packages/airflow/example_dags/plugins/event_listener.py took 0.063 seconds
[2024-11-12T17:32:49.107+0100] {processor.py:186} INFO - Started process (PID=10873) to work on /home/sakana/anaconda3/envs/airflow_env/lib/python3.8/site-packages/airflow/example_dags/plugins/event_listener.py
[2024-11-12T17:32:49.108+0100] {processor.py:914} INFO - Processing file /home/sakana/anaconda3/envs/airflow_env/lib/python3.8/site-packages/airflow/example_dags/plugins/event_listener.py for tasks to queue
[2024-11-12T17:32:49.110+0100] {logging_mixin.py:190} INFO - [2024-11-12T17:32:49.109+0100] {dagbag.py:588} INFO - Filling up the DagBag from /home/sakana/anaconda3/envs/airflow_env/lib/python3.8/site-packages/airflow/example_dags/plugins/event_listener.py
[2024-11-12T17:32:49.113+0100] {processor.py:927} WARNING - No viable dags retrieved from /home/sakana/anaconda3/envs/airflow_env/lib/python3.8/site-packages/airflow/example_dags/plugins/event_listener.py
[2024-11-12T17:32:49.125+0100] {processor.py:208} INFO - Processing /home/sakana/anaconda3/envs/airflow_env/lib/python3.8/site-packages/airflow/example_dags/plugins/event_listener.py took 0.027 seconds
[2024-11-12T17:33:21.667+0100] {processor.py:186} INFO - Started process (PID=11036) to work on /home/sakana/anaconda3/envs/airflow_env/lib/python3.8/site-packages/airflow/example_dags/plugins/event_listener.py
[2024-11-12T17:33:21.672+0100] {processor.py:914} INFO - Processing file /home/sakana/anaconda3/envs/airflow_env/lib/python3.8/site-packages/airflow/example_dags/plugins/event_listener.py for tasks to queue
[2024-11-12T17:33:21.676+0100] {logging_mixin.py:190} INFO - [2024-11-12T17:33:21.675+0100] {dagbag.py:588} INFO - Filling up the DagBag from /home/sakana/anaconda3/envs/airflow_env/lib/python3.8/site-packages/airflow/example_dags/plugins/event_listener.py
[2024-11-12T17:33:21.680+0100] {processor.py:927} WARNING - No viable dags retrieved from /home/sakana/anaconda3/envs/airflow_env/lib/python3.8/site-packages/airflow/example_dags/plugins/event_listener.py
[2024-11-12T17:33:21.692+0100] {processor.py:208} INFO - Processing /home/sakana/anaconda3/envs/airflow_env/lib/python3.8/site-packages/airflow/example_dags/plugins/event_listener.py took 0.033 seconds
[2024-11-12T17:33:55.870+0100] {processor.py:186} INFO - Started process (PID=11084) to work on /home/sakana/anaconda3/envs/airflow_env/lib/python3.8/site-packages/airflow/example_dags/plugins/event_listener.py
[2024-11-12T17:33:55.876+0100] {processor.py:914} INFO - Processing file /home/sakana/anaconda3/envs/airflow_env/lib/python3.8/site-packages/airflow/example_dags/plugins/event_listener.py for tasks to queue
[2024-11-12T17:33:55.878+0100] {logging_mixin.py:190} INFO - [2024-11-12T17:33:55.878+0100] {dagbag.py:588} INFO - Filling up the DagBag from /home/sakana/anaconda3/envs/airflow_env/lib/python3.8/site-packages/airflow/example_dags/plugins/event_listener.py
[2024-11-12T17:33:55.882+0100] {processor.py:927} WARNING - No viable dags retrieved from /home/sakana/anaconda3/envs/airflow_env/lib/python3.8/site-packages/airflow/example_dags/plugins/event_listener.py
[2024-11-12T17:33:55.895+0100] {processor.py:208} INFO - Processing /home/sakana/anaconda3/envs/airflow_env/lib/python3.8/site-packages/airflow/example_dags/plugins/event_listener.py took 0.034 seconds
[2024-11-12T17:34:55.745+0100] {processor.py:186} INFO - Started process (PID=11155) to work on /home/sakana/anaconda3/envs/airflow_env/lib/python3.8/site-packages/airflow/example_dags/plugins/event_listener.py
[2024-11-12T17:34:55.750+0100] {processor.py:914} INFO - Processing file /home/sakana/anaconda3/envs/airflow_env/lib/python3.8/site-packages/airflow/example_dags/plugins/event_listener.py for tasks to queue
[2024-11-12T17:34:55.753+0100] {logging_mixin.py:190} INFO - [2024-11-12T17:34:55.752+0100] {dagbag.py:588} INFO - Filling up the DagBag from /home/sakana/anaconda3/envs/airflow_env/lib/python3.8/site-packages/airflow/example_dags/plugins/event_listener.py
[2024-11-12T17:34:55.755+0100] {processor.py:927} WARNING - No viable dags retrieved from /home/sakana/anaconda3/envs/airflow_env/lib/python3.8/site-packages/airflow/example_dags/plugins/event_listener.py
[2024-11-12T17:34:55.766+0100] {processor.py:208} INFO - Processing /home/sakana/anaconda3/envs/airflow_env/lib/python3.8/site-packages/airflow/example_dags/plugins/event_listener.py took 0.027 seconds
[2024-11-12T17:35:54.615+0100] {processor.py:186} INFO - Started process (PID=11239) to work on /home/sakana/anaconda3/envs/airflow_env/lib/python3.8/site-packages/airflow/example_dags/plugins/event_listener.py
[2024-11-12T17:35:54.620+0100] {processor.py:914} INFO - Processing file /home/sakana/anaconda3/envs/airflow_env/lib/python3.8/site-packages/airflow/example_dags/plugins/event_listener.py for tasks to queue
[2024-11-12T17:35:54.622+0100] {logging_mixin.py:190} INFO - [2024-11-12T17:35:54.622+0100] {dagbag.py:588} INFO - Filling up the DagBag from /home/sakana/anaconda3/envs/airflow_env/lib/python3.8/site-packages/airflow/example_dags/plugins/event_listener.py
[2024-11-12T17:35:54.625+0100] {processor.py:927} WARNING - No viable dags retrieved from /home/sakana/anaconda3/envs/airflow_env/lib/python3.8/site-packages/airflow/example_dags/plugins/event_listener.py
[2024-11-12T17:35:54.637+0100] {processor.py:208} INFO - Processing /home/sakana/anaconda3/envs/airflow_env/lib/python3.8/site-packages/airflow/example_dags/plugins/event_listener.py took 0.029 seconds
[2024-11-12T17:36:52.691+0100] {processor.py:186} INFO - Started process (PID=11308) to work on /home/sakana/anaconda3/envs/airflow_env/lib/python3.8/site-packages/airflow/example_dags/plugins/event_listener.py
[2024-11-12T17:36:52.696+0100] {processor.py:914} INFO - Processing file /home/sakana/anaconda3/envs/airflow_env/lib/python3.8/site-packages/airflow/example_dags/plugins/event_listener.py for tasks to queue
[2024-11-12T17:36:52.697+0100] {logging_mixin.py:190} INFO - [2024-11-12T17:36:52.697+0100] {dagbag.py:588} INFO - Filling up the DagBag from /home/sakana/anaconda3/envs/airflow_env/lib/python3.8/site-packages/airflow/example_dags/plugins/event_listener.py
[2024-11-12T17:36:52.700+0100] {processor.py:927} WARNING - No viable dags retrieved from /home/sakana/anaconda3/envs/airflow_env/lib/python3.8/site-packages/airflow/example_dags/plugins/event_listener.py
[2024-11-12T17:36:52.709+0100] {processor.py:208} INFO - Processing /home/sakana/anaconda3/envs/airflow_env/lib/python3.8/site-packages/airflow/example_dags/plugins/event_listener.py took 0.025 seconds
