[2024-11-12T01:01:05.842+0100] {processor.py:186} INFO - Started process (PID=30886) to work on /home/sakana/anaconda3/envs/airflow_env/lib/python3.8/site-packages/airflow/example_dags/plugins/workday.py
[2024-11-12T01:01:05.843+0100] {processor.py:914} INFO - Processing file /home/sakana/anaconda3/envs/airflow_env/lib/python3.8/site-packages/airflow/example_dags/plugins/workday.py for tasks to queue
[2024-11-12T01:01:05.845+0100] {logging_mixin.py:190} INFO - [2024-11-12T01:01:05.845+0100] {dagbag.py:588} INFO - Filling up the DagBag from /home/sakana/anaconda3/envs/airflow_env/lib/python3.8/site-packages/airflow/example_dags/plugins/workday.py
[2024-11-12T01:01:05.851+0100] {logging_mixin.py:190} INFO - [2024-11-12T01:01:05.850+0100] {workday.py:41} WARNING - Could not import pandas. Holidays will not be considered.
[2024-11-12T01:01:05.851+0100] {processor.py:927} WARNING - No viable dags retrieved from /home/sakana/anaconda3/envs/airflow_env/lib/python3.8/site-packages/airflow/example_dags/plugins/workday.py
[2024-11-12T01:01:05.870+0100] {processor.py:208} INFO - Processing /home/sakana/anaconda3/envs/airflow_env/lib/python3.8/site-packages/airflow/example_dags/plugins/workday.py took 0.037 seconds
[2024-11-12T01:02:08.918+0100] {processor.py:186} INFO - Started process (PID=31617) to work on /home/sakana/anaconda3/envs/airflow_env/lib/python3.8/site-packages/airflow/example_dags/plugins/workday.py
[2024-11-12T01:02:08.924+0100] {processor.py:914} INFO - Processing file /home/sakana/anaconda3/envs/airflow_env/lib/python3.8/site-packages/airflow/example_dags/plugins/workday.py for tasks to queue
[2024-11-12T01:02:08.931+0100] {logging_mixin.py:190} INFO - [2024-11-12T01:02:08.929+0100] {dagbag.py:588} INFO - Filling up the DagBag from /home/sakana/anaconda3/envs/airflow_env/lib/python3.8/site-packages/airflow/example_dags/plugins/workday.py
[2024-11-12T01:02:08.939+0100] {logging_mixin.py:190} INFO - [2024-11-12T01:02:08.938+0100] {workday.py:41} WARNING - Could not import pandas. Holidays will not be considered.
[2024-11-12T01:02:08.939+0100] {processor.py:927} WARNING - No viable dags retrieved from /home/sakana/anaconda3/envs/airflow_env/lib/python3.8/site-packages/airflow/example_dags/plugins/workday.py
[2024-11-12T01:02:08.953+0100] {processor.py:208} INFO - Processing /home/sakana/anaconda3/envs/airflow_env/lib/python3.8/site-packages/airflow/example_dags/plugins/workday.py took 0.045 seconds
[2024-11-12T01:03:14.491+0100] {processor.py:186} INFO - Started process (PID=32174) to work on /home/sakana/anaconda3/envs/airflow_env/lib/python3.8/site-packages/airflow/example_dags/plugins/workday.py
[2024-11-12T01:03:14.496+0100] {processor.py:914} INFO - Processing file /home/sakana/anaconda3/envs/airflow_env/lib/python3.8/site-packages/airflow/example_dags/plugins/workday.py for tasks to queue
[2024-11-12T01:03:14.498+0100] {logging_mixin.py:190} INFO - [2024-11-12T01:03:14.498+0100] {dagbag.py:588} INFO - Filling up the DagBag from /home/sakana/anaconda3/envs/airflow_env/lib/python3.8/site-packages/airflow/example_dags/plugins/workday.py
[2024-11-12T01:03:14.501+0100] {logging_mixin.py:190} INFO - [2024-11-12T01:03:14.501+0100] {workday.py:41} WARNING - Could not import pandas. Holidays will not be considered.
[2024-11-12T01:03:14.502+0100] {processor.py:927} WARNING - No viable dags retrieved from /home/sakana/anaconda3/envs/airflow_env/lib/python3.8/site-packages/airflow/example_dags/plugins/workday.py
[2024-11-12T01:03:14.514+0100] {processor.py:208} INFO - Processing /home/sakana/anaconda3/envs/airflow_env/lib/python3.8/site-packages/airflow/example_dags/plugins/workday.py took 0.029 seconds
[2024-11-12T01:06:38.692+0100] {processor.py:186} INFO - Started process (PID=34152) to work on /home/sakana/anaconda3/envs/airflow_env/lib/python3.8/site-packages/airflow/example_dags/plugins/workday.py
[2024-11-12T01:06:38.697+0100] {processor.py:914} INFO - Processing file /home/sakana/anaconda3/envs/airflow_env/lib/python3.8/site-packages/airflow/example_dags/plugins/workday.py for tasks to queue
[2024-11-12T01:06:38.699+0100] {logging_mixin.py:190} INFO - [2024-11-12T01:06:38.698+0100] {dagbag.py:588} INFO - Filling up the DagBag from /home/sakana/anaconda3/envs/airflow_env/lib/python3.8/site-packages/airflow/example_dags/plugins/workday.py
[2024-11-12T01:06:38.702+0100] {logging_mixin.py:190} INFO - [2024-11-12T01:06:38.701+0100] {workday.py:41} WARNING - Could not import pandas. Holidays will not be considered.
[2024-11-12T01:06:38.702+0100] {processor.py:927} WARNING - No viable dags retrieved from /home/sakana/anaconda3/envs/airflow_env/lib/python3.8/site-packages/airflow/example_dags/plugins/workday.py
[2024-11-12T01:06:38.711+0100] {processor.py:208} INFO - Processing /home/sakana/anaconda3/envs/airflow_env/lib/python3.8/site-packages/airflow/example_dags/plugins/workday.py took 0.026 seconds
[2024-11-12T01:09:53.700+0100] {processor.py:186} INFO - Started process (PID=4038) to work on /home/sakana/anaconda3/envs/airflow_env/lib/python3.8/site-packages/airflow/example_dags/plugins/workday.py
[2024-11-12T01:09:53.706+0100] {processor.py:914} INFO - Processing file /home/sakana/anaconda3/envs/airflow_env/lib/python3.8/site-packages/airflow/example_dags/plugins/workday.py for tasks to queue
[2024-11-12T01:09:53.711+0100] {logging_mixin.py:190} INFO - [2024-11-12T01:09:53.710+0100] {dagbag.py:588} INFO - Filling up the DagBag from /home/sakana/anaconda3/envs/airflow_env/lib/python3.8/site-packages/airflow/example_dags/plugins/workday.py
[2024-11-12T01:09:53.719+0100] {logging_mixin.py:190} INFO - [2024-11-12T01:09:53.719+0100] {workday.py:41} WARNING - Could not import pandas. Holidays will not be considered.
[2024-11-12T01:09:53.720+0100] {processor.py:927} WARNING - No viable dags retrieved from /home/sakana/anaconda3/envs/airflow_env/lib/python3.8/site-packages/airflow/example_dags/plugins/workday.py
[2024-11-12T01:09:53.735+0100] {processor.py:208} INFO - Processing /home/sakana/anaconda3/envs/airflow_env/lib/python3.8/site-packages/airflow/example_dags/plugins/workday.py took 0.043 seconds
[2024-11-12T01:10:54.537+0100] {processor.py:186} INFO - Started process (PID=4191) to work on /home/sakana/anaconda3/envs/airflow_env/lib/python3.8/site-packages/airflow/example_dags/plugins/workday.py
[2024-11-12T01:10:54.542+0100] {processor.py:914} INFO - Processing file /home/sakana/anaconda3/envs/airflow_env/lib/python3.8/site-packages/airflow/example_dags/plugins/workday.py for tasks to queue
[2024-11-12T01:10:54.544+0100] {logging_mixin.py:190} INFO - [2024-11-12T01:10:54.544+0100] {dagbag.py:588} INFO - Filling up the DagBag from /home/sakana/anaconda3/envs/airflow_env/lib/python3.8/site-packages/airflow/example_dags/plugins/workday.py
[2024-11-12T01:10:54.547+0100] {logging_mixin.py:190} INFO - [2024-11-12T01:10:54.547+0100] {workday.py:41} WARNING - Could not import pandas. Holidays will not be considered.
[2024-11-12T01:10:54.547+0100] {processor.py:927} WARNING - No viable dags retrieved from /home/sakana/anaconda3/envs/airflow_env/lib/python3.8/site-packages/airflow/example_dags/plugins/workday.py
[2024-11-12T01:10:54.557+0100] {processor.py:208} INFO - Processing /home/sakana/anaconda3/envs/airflow_env/lib/python3.8/site-packages/airflow/example_dags/plugins/workday.py took 0.026 seconds
[2024-11-12T01:11:53.319+0100] {processor.py:186} INFO - Started process (PID=4250) to work on /home/sakana/anaconda3/envs/airflow_env/lib/python3.8/site-packages/airflow/example_dags/plugins/workday.py
[2024-11-12T01:11:53.325+0100] {processor.py:914} INFO - Processing file /home/sakana/anaconda3/envs/airflow_env/lib/python3.8/site-packages/airflow/example_dags/plugins/workday.py for tasks to queue
[2024-11-12T01:11:53.328+0100] {logging_mixin.py:190} INFO - [2024-11-12T01:11:53.327+0100] {dagbag.py:588} INFO - Filling up the DagBag from /home/sakana/anaconda3/envs/airflow_env/lib/python3.8/site-packages/airflow/example_dags/plugins/workday.py
[2024-11-12T01:11:53.333+0100] {logging_mixin.py:190} INFO - [2024-11-12T01:11:53.332+0100] {workday.py:41} WARNING - Could not import pandas. Holidays will not be considered.
[2024-11-12T01:11:53.333+0100] {processor.py:927} WARNING - No viable dags retrieved from /home/sakana/anaconda3/envs/airflow_env/lib/python3.8/site-packages/airflow/example_dags/plugins/workday.py
[2024-11-12T01:11:53.346+0100] {processor.py:208} INFO - Processing /home/sakana/anaconda3/envs/airflow_env/lib/python3.8/site-packages/airflow/example_dags/plugins/workday.py took 0.038 seconds
[2024-11-12T16:29:01.030+0100] {processor.py:186} INFO - Started process (PID=6073) to work on /home/sakana/anaconda3/envs/airflow_env/lib/python3.8/site-packages/airflow/example_dags/plugins/workday.py
[2024-11-12T16:29:01.031+0100] {processor.py:914} INFO - Processing file /home/sakana/anaconda3/envs/airflow_env/lib/python3.8/site-packages/airflow/example_dags/plugins/workday.py for tasks to queue
[2024-11-12T16:29:01.033+0100] {logging_mixin.py:190} INFO - [2024-11-12T16:29:01.032+0100] {dagbag.py:588} INFO - Filling up the DagBag from /home/sakana/anaconda3/envs/airflow_env/lib/python3.8/site-packages/airflow/example_dags/plugins/workday.py
[2024-11-12T16:29:01.036+0100] {logging_mixin.py:190} INFO - [2024-11-12T16:29:01.035+0100] {workday.py:41} WARNING - Could not import pandas. Holidays will not be considered.
[2024-11-12T16:29:01.036+0100] {processor.py:927} WARNING - No viable dags retrieved from /home/sakana/anaconda3/envs/airflow_env/lib/python3.8/site-packages/airflow/example_dags/plugins/workday.py
[2024-11-12T16:29:01.046+0100] {processor.py:208} INFO - Processing /home/sakana/anaconda3/envs/airflow_env/lib/python3.8/site-packages/airflow/example_dags/plugins/workday.py took 0.022 seconds
[2024-11-12T16:37:31.792+0100] {processor.py:186} INFO - Started process (PID=6566) to work on /home/sakana/anaconda3/envs/airflow_env/lib/python3.8/site-packages/airflow/example_dags/plugins/workday.py
[2024-11-12T16:37:31.797+0100] {processor.py:914} INFO - Processing file /home/sakana/anaconda3/envs/airflow_env/lib/python3.8/site-packages/airflow/example_dags/plugins/workday.py for tasks to queue
[2024-11-12T16:37:31.799+0100] {logging_mixin.py:190} INFO - [2024-11-12T16:37:31.799+0100] {dagbag.py:588} INFO - Filling up the DagBag from /home/sakana/anaconda3/envs/airflow_env/lib/python3.8/site-packages/airflow/example_dags/plugins/workday.py
[2024-11-12T16:37:31.803+0100] {logging_mixin.py:190} INFO - [2024-11-12T16:37:31.803+0100] {workday.py:41} WARNING - Could not import pandas. Holidays will not be considered.
[2024-11-12T16:37:31.804+0100] {processor.py:927} WARNING - No viable dags retrieved from /home/sakana/anaconda3/envs/airflow_env/lib/python3.8/site-packages/airflow/example_dags/plugins/workday.py
[2024-11-12T16:37:31.814+0100] {processor.py:208} INFO - Processing /home/sakana/anaconda3/envs/airflow_env/lib/python3.8/site-packages/airflow/example_dags/plugins/workday.py took 0.029 seconds
[2024-11-12T16:39:33.882+0100] {processor.py:186} INFO - Started process (PID=6862) to work on /home/sakana/anaconda3/envs/airflow_env/lib/python3.8/site-packages/airflow/example_dags/plugins/workday.py
[2024-11-12T16:39:33.888+0100] {processor.py:914} INFO - Processing file /home/sakana/anaconda3/envs/airflow_env/lib/python3.8/site-packages/airflow/example_dags/plugins/workday.py for tasks to queue
[2024-11-12T16:39:33.891+0100] {logging_mixin.py:190} INFO - [2024-11-12T16:39:33.890+0100] {dagbag.py:588} INFO - Filling up the DagBag from /home/sakana/anaconda3/envs/airflow_env/lib/python3.8/site-packages/airflow/example_dags/plugins/workday.py
[2024-11-12T16:39:33.896+0100] {logging_mixin.py:190} INFO - [2024-11-12T16:39:33.896+0100] {workday.py:41} WARNING - Could not import pandas. Holidays will not be considered.
[2024-11-12T16:39:33.897+0100] {processor.py:927} WARNING - No viable dags retrieved from /home/sakana/anaconda3/envs/airflow_env/lib/python3.8/site-packages/airflow/example_dags/plugins/workday.py
[2024-11-12T16:39:33.915+0100] {processor.py:208} INFO - Processing /home/sakana/anaconda3/envs/airflow_env/lib/python3.8/site-packages/airflow/example_dags/plugins/workday.py took 0.046 seconds
[2024-11-12T16:40:48.295+0100] {processor.py:186} INFO - Started process (PID=7044) to work on /home/sakana/anaconda3/envs/airflow_env/lib/python3.8/site-packages/airflow/example_dags/plugins/workday.py
[2024-11-12T16:40:48.300+0100] {processor.py:914} INFO - Processing file /home/sakana/anaconda3/envs/airflow_env/lib/python3.8/site-packages/airflow/example_dags/plugins/workday.py for tasks to queue
[2024-11-12T16:40:48.303+0100] {logging_mixin.py:190} INFO - [2024-11-12T16:40:48.302+0100] {dagbag.py:588} INFO - Filling up the DagBag from /home/sakana/anaconda3/envs/airflow_env/lib/python3.8/site-packages/airflow/example_dags/plugins/workday.py
[2024-11-12T16:40:48.305+0100] {logging_mixin.py:190} INFO - [2024-11-12T16:40:48.305+0100] {workday.py:41} WARNING - Could not import pandas. Holidays will not be considered.
[2024-11-12T16:40:48.306+0100] {processor.py:927} WARNING - No viable dags retrieved from /home/sakana/anaconda3/envs/airflow_env/lib/python3.8/site-packages/airflow/example_dags/plugins/workday.py
[2024-11-12T16:40:48.318+0100] {processor.py:208} INFO - Processing /home/sakana/anaconda3/envs/airflow_env/lib/python3.8/site-packages/airflow/example_dags/plugins/workday.py took 0.030 seconds
[2024-11-12T16:41:25.216+0100] {processor.py:186} INFO - Started process (PID=7118) to work on /home/sakana/anaconda3/envs/airflow_env/lib/python3.8/site-packages/airflow/example_dags/plugins/workday.py
[2024-11-12T16:41:25.221+0100] {processor.py:914} INFO - Processing file /home/sakana/anaconda3/envs/airflow_env/lib/python3.8/site-packages/airflow/example_dags/plugins/workday.py for tasks to queue
[2024-11-12T16:41:25.223+0100] {logging_mixin.py:190} INFO - [2024-11-12T16:41:25.222+0100] {dagbag.py:588} INFO - Filling up the DagBag from /home/sakana/anaconda3/envs/airflow_env/lib/python3.8/site-packages/airflow/example_dags/plugins/workday.py
[2024-11-12T16:41:25.225+0100] {logging_mixin.py:190} INFO - [2024-11-12T16:41:25.225+0100] {workday.py:41} WARNING - Could not import pandas. Holidays will not be considered.
[2024-11-12T16:41:25.225+0100] {processor.py:927} WARNING - No viable dags retrieved from /home/sakana/anaconda3/envs/airflow_env/lib/python3.8/site-packages/airflow/example_dags/plugins/workday.py
[2024-11-12T16:41:25.235+0100] {processor.py:208} INFO - Processing /home/sakana/anaconda3/envs/airflow_env/lib/python3.8/site-packages/airflow/example_dags/plugins/workday.py took 0.025 seconds
[2024-11-12T16:42:22.392+0100] {processor.py:186} INFO - Started process (PID=7224) to work on /home/sakana/anaconda3/envs/airflow_env/lib/python3.8/site-packages/airflow/example_dags/plugins/workday.py
[2024-11-12T16:42:22.394+0100] {processor.py:914} INFO - Processing file /home/sakana/anaconda3/envs/airflow_env/lib/python3.8/site-packages/airflow/example_dags/plugins/workday.py for tasks to queue
[2024-11-12T16:42:22.396+0100] {logging_mixin.py:190} INFO - [2024-11-12T16:42:22.396+0100] {dagbag.py:588} INFO - Filling up the DagBag from /home/sakana/anaconda3/envs/airflow_env/lib/python3.8/site-packages/airflow/example_dags/plugins/workday.py
[2024-11-12T16:42:22.402+0100] {logging_mixin.py:190} INFO - [2024-11-12T16:42:22.402+0100] {workday.py:41} WARNING - Could not import pandas. Holidays will not be considered.
[2024-11-12T16:42:22.403+0100] {processor.py:927} WARNING - No viable dags retrieved from /home/sakana/anaconda3/envs/airflow_env/lib/python3.8/site-packages/airflow/example_dags/plugins/workday.py
[2024-11-12T16:42:22.420+0100] {processor.py:208} INFO - Processing /home/sakana/anaconda3/envs/airflow_env/lib/python3.8/site-packages/airflow/example_dags/plugins/workday.py took 0.039 seconds
[2024-11-12T16:43:19.302+0100] {processor.py:186} INFO - Started process (PID=7360) to work on /home/sakana/anaconda3/envs/airflow_env/lib/python3.8/site-packages/airflow/example_dags/plugins/workday.py
[2024-11-12T16:43:19.308+0100] {processor.py:914} INFO - Processing file /home/sakana/anaconda3/envs/airflow_env/lib/python3.8/site-packages/airflow/example_dags/plugins/workday.py for tasks to queue
[2024-11-12T16:43:19.315+0100] {logging_mixin.py:190} INFO - [2024-11-12T16:43:19.313+0100] {dagbag.py:588} INFO - Filling up the DagBag from /home/sakana/anaconda3/envs/airflow_env/lib/python3.8/site-packages/airflow/example_dags/plugins/workday.py
[2024-11-12T16:43:19.323+0100] {logging_mixin.py:190} INFO - [2024-11-12T16:43:19.323+0100] {workday.py:41} WARNING - Could not import pandas. Holidays will not be considered.
[2024-11-12T16:43:19.324+0100] {processor.py:927} WARNING - No viable dags retrieved from /home/sakana/anaconda3/envs/airflow_env/lib/python3.8/site-packages/airflow/example_dags/plugins/workday.py
[2024-11-12T16:43:19.338+0100] {processor.py:208} INFO - Processing /home/sakana/anaconda3/envs/airflow_env/lib/python3.8/site-packages/airflow/example_dags/plugins/workday.py took 0.044 seconds
[2024-11-12T16:44:17.906+0100] {processor.py:186} INFO - Started process (PID=7444) to work on /home/sakana/anaconda3/envs/airflow_env/lib/python3.8/site-packages/airflow/example_dags/plugins/workday.py
[2024-11-12T16:44:17.908+0100] {processor.py:914} INFO - Processing file /home/sakana/anaconda3/envs/airflow_env/lib/python3.8/site-packages/airflow/example_dags/plugins/workday.py for tasks to queue
[2024-11-12T16:44:17.911+0100] {logging_mixin.py:190} INFO - [2024-11-12T16:44:17.910+0100] {dagbag.py:588} INFO - Filling up the DagBag from /home/sakana/anaconda3/envs/airflow_env/lib/python3.8/site-packages/airflow/example_dags/plugins/workday.py
[2024-11-12T16:44:17.914+0100] {logging_mixin.py:190} INFO - [2024-11-12T16:44:17.914+0100] {workday.py:41} WARNING - Could not import pandas. Holidays will not be considered.
[2024-11-12T16:44:17.915+0100] {processor.py:927} WARNING - No viable dags retrieved from /home/sakana/anaconda3/envs/airflow_env/lib/python3.8/site-packages/airflow/example_dags/plugins/workday.py
[2024-11-12T16:44:17.925+0100] {processor.py:208} INFO - Processing /home/sakana/anaconda3/envs/airflow_env/lib/python3.8/site-packages/airflow/example_dags/plugins/workday.py took 0.029 seconds
[2024-11-12T16:45:12.476+0100] {processor.py:186} INFO - Started process (PID=7508) to work on /home/sakana/anaconda3/envs/airflow_env/lib/python3.8/site-packages/airflow/example_dags/plugins/workday.py
[2024-11-12T16:45:12.480+0100] {processor.py:914} INFO - Processing file /home/sakana/anaconda3/envs/airflow_env/lib/python3.8/site-packages/airflow/example_dags/plugins/workday.py for tasks to queue
[2024-11-12T16:45:12.482+0100] {logging_mixin.py:190} INFO - [2024-11-12T16:45:12.482+0100] {dagbag.py:588} INFO - Filling up the DagBag from /home/sakana/anaconda3/envs/airflow_env/lib/python3.8/site-packages/airflow/example_dags/plugins/workday.py
[2024-11-12T16:45:12.485+0100] {logging_mixin.py:190} INFO - [2024-11-12T16:45:12.485+0100] {workday.py:41} WARNING - Could not import pandas. Holidays will not be considered.
[2024-11-12T16:45:12.486+0100] {processor.py:927} WARNING - No viable dags retrieved from /home/sakana/anaconda3/envs/airflow_env/lib/python3.8/site-packages/airflow/example_dags/plugins/workday.py
[2024-11-12T16:45:12.496+0100] {processor.py:208} INFO - Processing /home/sakana/anaconda3/envs/airflow_env/lib/python3.8/site-packages/airflow/example_dags/plugins/workday.py took 0.027 seconds
[2024-11-12T16:46:06.613+0100] {processor.py:186} INFO - Started process (PID=7576) to work on /home/sakana/anaconda3/envs/airflow_env/lib/python3.8/site-packages/airflow/example_dags/plugins/workday.py
[2024-11-12T16:46:06.618+0100] {processor.py:914} INFO - Processing file /home/sakana/anaconda3/envs/airflow_env/lib/python3.8/site-packages/airflow/example_dags/plugins/workday.py for tasks to queue
[2024-11-12T16:46:06.621+0100] {logging_mixin.py:190} INFO - [2024-11-12T16:46:06.620+0100] {dagbag.py:588} INFO - Filling up the DagBag from /home/sakana/anaconda3/envs/airflow_env/lib/python3.8/site-packages/airflow/example_dags/plugins/workday.py
[2024-11-12T16:46:06.624+0100] {logging_mixin.py:190} INFO - [2024-11-12T16:46:06.624+0100] {workday.py:41} WARNING - Could not import pandas. Holidays will not be considered.
[2024-11-12T16:46:06.624+0100] {processor.py:927} WARNING - No viable dags retrieved from /home/sakana/anaconda3/envs/airflow_env/lib/python3.8/site-packages/airflow/example_dags/plugins/workday.py
[2024-11-12T16:46:06.637+0100] {processor.py:208} INFO - Processing /home/sakana/anaconda3/envs/airflow_env/lib/python3.8/site-packages/airflow/example_dags/plugins/workday.py took 0.030 seconds
[2024-11-12T16:46:43.729+0100] {processor.py:186} INFO - Started process (PID=7672) to work on /home/sakana/anaconda3/envs/airflow_env/lib/python3.8/site-packages/airflow/example_dags/plugins/workday.py
[2024-11-12T16:46:43.734+0100] {processor.py:914} INFO - Processing file /home/sakana/anaconda3/envs/airflow_env/lib/python3.8/site-packages/airflow/example_dags/plugins/workday.py for tasks to queue
[2024-11-12T16:46:43.736+0100] {logging_mixin.py:190} INFO - [2024-11-12T16:46:43.736+0100] {dagbag.py:588} INFO - Filling up the DagBag from /home/sakana/anaconda3/envs/airflow_env/lib/python3.8/site-packages/airflow/example_dags/plugins/workday.py
[2024-11-12T16:46:43.739+0100] {logging_mixin.py:190} INFO - [2024-11-12T16:46:43.739+0100] {workday.py:41} WARNING - Could not import pandas. Holidays will not be considered.
[2024-11-12T16:46:43.739+0100] {processor.py:927} WARNING - No viable dags retrieved from /home/sakana/anaconda3/envs/airflow_env/lib/python3.8/site-packages/airflow/example_dags/plugins/workday.py
[2024-11-12T16:46:43.749+0100] {processor.py:208} INFO - Processing /home/sakana/anaconda3/envs/airflow_env/lib/python3.8/site-packages/airflow/example_dags/plugins/workday.py took 0.026 seconds
[2024-11-12T16:47:19.764+0100] {processor.py:186} INFO - Started process (PID=7718) to work on /home/sakana/anaconda3/envs/airflow_env/lib/python3.8/site-packages/airflow/example_dags/plugins/workday.py
[2024-11-12T16:47:19.769+0100] {processor.py:914} INFO - Processing file /home/sakana/anaconda3/envs/airflow_env/lib/python3.8/site-packages/airflow/example_dags/plugins/workday.py for tasks to queue
[2024-11-12T16:47:19.771+0100] {logging_mixin.py:190} INFO - [2024-11-12T16:47:19.770+0100] {dagbag.py:588} INFO - Filling up the DagBag from /home/sakana/anaconda3/envs/airflow_env/lib/python3.8/site-packages/airflow/example_dags/plugins/workday.py
[2024-11-12T16:47:19.773+0100] {logging_mixin.py:190} INFO - [2024-11-12T16:47:19.773+0100] {workday.py:41} WARNING - Could not import pandas. Holidays will not be considered.
[2024-11-12T16:47:19.774+0100] {processor.py:927} WARNING - No viable dags retrieved from /home/sakana/anaconda3/envs/airflow_env/lib/python3.8/site-packages/airflow/example_dags/plugins/workday.py
[2024-11-12T16:47:19.784+0100] {processor.py:208} INFO - Processing /home/sakana/anaconda3/envs/airflow_env/lib/python3.8/site-packages/airflow/example_dags/plugins/workday.py took 0.026 seconds
[2024-11-12T16:48:15.419+0100] {processor.py:186} INFO - Started process (PID=7860) to work on /home/sakana/anaconda3/envs/airflow_env/lib/python3.8/site-packages/airflow/example_dags/plugins/workday.py
[2024-11-12T16:48:15.424+0100] {processor.py:914} INFO - Processing file /home/sakana/anaconda3/envs/airflow_env/lib/python3.8/site-packages/airflow/example_dags/plugins/workday.py for tasks to queue
[2024-11-12T16:48:15.427+0100] {logging_mixin.py:190} INFO - [2024-11-12T16:48:15.426+0100] {dagbag.py:588} INFO - Filling up the DagBag from /home/sakana/anaconda3/envs/airflow_env/lib/python3.8/site-packages/airflow/example_dags/plugins/workday.py
[2024-11-12T16:48:15.430+0100] {logging_mixin.py:190} INFO - [2024-11-12T16:48:15.430+0100] {workday.py:41} WARNING - Could not import pandas. Holidays will not be considered.
[2024-11-12T16:48:15.430+0100] {processor.py:927} WARNING - No viable dags retrieved from /home/sakana/anaconda3/envs/airflow_env/lib/python3.8/site-packages/airflow/example_dags/plugins/workday.py
[2024-11-12T16:48:15.442+0100] {processor.py:208} INFO - Processing /home/sakana/anaconda3/envs/airflow_env/lib/python3.8/site-packages/airflow/example_dags/plugins/workday.py took 0.030 seconds
[2024-11-12T16:49:14.418+0100] {processor.py:186} INFO - Started process (PID=7942) to work on /home/sakana/anaconda3/envs/airflow_env/lib/python3.8/site-packages/airflow/example_dags/plugins/workday.py
[2024-11-12T16:49:14.423+0100] {processor.py:914} INFO - Processing file /home/sakana/anaconda3/envs/airflow_env/lib/python3.8/site-packages/airflow/example_dags/plugins/workday.py for tasks to queue
[2024-11-12T16:49:14.425+0100] {logging_mixin.py:190} INFO - [2024-11-12T16:49:14.425+0100] {dagbag.py:588} INFO - Filling up the DagBag from /home/sakana/anaconda3/envs/airflow_env/lib/python3.8/site-packages/airflow/example_dags/plugins/workday.py
[2024-11-12T16:49:14.428+0100] {logging_mixin.py:190} INFO - [2024-11-12T16:49:14.428+0100] {workday.py:41} WARNING - Could not import pandas. Holidays will not be considered.
[2024-11-12T16:49:14.428+0100] {processor.py:927} WARNING - No viable dags retrieved from /home/sakana/anaconda3/envs/airflow_env/lib/python3.8/site-packages/airflow/example_dags/plugins/workday.py
[2024-11-12T16:49:14.438+0100] {processor.py:208} INFO - Processing /home/sakana/anaconda3/envs/airflow_env/lib/python3.8/site-packages/airflow/example_dags/plugins/workday.py took 0.026 seconds
[2024-11-12T16:50:09.883+0100] {processor.py:186} INFO - Started process (PID=8026) to work on /home/sakana/anaconda3/envs/airflow_env/lib/python3.8/site-packages/airflow/example_dags/plugins/workday.py
[2024-11-12T16:50:09.888+0100] {processor.py:914} INFO - Processing file /home/sakana/anaconda3/envs/airflow_env/lib/python3.8/site-packages/airflow/example_dags/plugins/workday.py for tasks to queue
[2024-11-12T16:50:09.891+0100] {logging_mixin.py:190} INFO - [2024-11-12T16:50:09.890+0100] {dagbag.py:588} INFO - Filling up the DagBag from /home/sakana/anaconda3/envs/airflow_env/lib/python3.8/site-packages/airflow/example_dags/plugins/workday.py
[2024-11-12T16:50:09.894+0100] {logging_mixin.py:190} INFO - [2024-11-12T16:50:09.894+0100] {workday.py:41} WARNING - Could not import pandas. Holidays will not be considered.
[2024-11-12T16:50:09.894+0100] {processor.py:927} WARNING - No viable dags retrieved from /home/sakana/anaconda3/envs/airflow_env/lib/python3.8/site-packages/airflow/example_dags/plugins/workday.py
[2024-11-12T16:50:09.907+0100] {processor.py:208} INFO - Processing /home/sakana/anaconda3/envs/airflow_env/lib/python3.8/site-packages/airflow/example_dags/plugins/workday.py took 0.031 seconds
[2024-11-12T16:51:08.707+0100] {processor.py:186} INFO - Started process (PID=8095) to work on /home/sakana/anaconda3/envs/airflow_env/lib/python3.8/site-packages/airflow/example_dags/plugins/workday.py
[2024-11-12T16:51:08.712+0100] {processor.py:914} INFO - Processing file /home/sakana/anaconda3/envs/airflow_env/lib/python3.8/site-packages/airflow/example_dags/plugins/workday.py for tasks to queue
[2024-11-12T16:51:08.714+0100] {logging_mixin.py:190} INFO - [2024-11-12T16:51:08.714+0100] {dagbag.py:588} INFO - Filling up the DagBag from /home/sakana/anaconda3/envs/airflow_env/lib/python3.8/site-packages/airflow/example_dags/plugins/workday.py
[2024-11-12T16:51:08.718+0100] {logging_mixin.py:190} INFO - [2024-11-12T16:51:08.717+0100] {workday.py:41} WARNING - Could not import pandas. Holidays will not be considered.
[2024-11-12T16:51:08.718+0100] {processor.py:927} WARNING - No viable dags retrieved from /home/sakana/anaconda3/envs/airflow_env/lib/python3.8/site-packages/airflow/example_dags/plugins/workday.py
[2024-11-12T16:51:08.730+0100] {processor.py:208} INFO - Processing /home/sakana/anaconda3/envs/airflow_env/lib/python3.8/site-packages/airflow/example_dags/plugins/workday.py took 0.030 seconds
[2024-11-12T16:52:04.993+0100] {processor.py:186} INFO - Started process (PID=8188) to work on /home/sakana/anaconda3/envs/airflow_env/lib/python3.8/site-packages/airflow/example_dags/plugins/workday.py
[2024-11-12T16:52:04.998+0100] {processor.py:914} INFO - Processing file /home/sakana/anaconda3/envs/airflow_env/lib/python3.8/site-packages/airflow/example_dags/plugins/workday.py for tasks to queue
[2024-11-12T16:52:05.000+0100] {logging_mixin.py:190} INFO - [2024-11-12T16:52:04.999+0100] {dagbag.py:588} INFO - Filling up the DagBag from /home/sakana/anaconda3/envs/airflow_env/lib/python3.8/site-packages/airflow/example_dags/plugins/workday.py
[2024-11-12T16:52:05.003+0100] {logging_mixin.py:190} INFO - [2024-11-12T16:52:05.003+0100] {workday.py:41} WARNING - Could not import pandas. Holidays will not be considered.
[2024-11-12T16:52:05.004+0100] {processor.py:927} WARNING - No viable dags retrieved from /home/sakana/anaconda3/envs/airflow_env/lib/python3.8/site-packages/airflow/example_dags/plugins/workday.py
[2024-11-12T16:52:05.015+0100] {processor.py:208} INFO - Processing /home/sakana/anaconda3/envs/airflow_env/lib/python3.8/site-packages/airflow/example_dags/plugins/workday.py took 0.029 seconds
[2024-11-12T16:53:01.874+0100] {processor.py:186} INFO - Started process (PID=8258) to work on /home/sakana/anaconda3/envs/airflow_env/lib/python3.8/site-packages/airflow/example_dags/plugins/workday.py
[2024-11-12T16:53:01.878+0100] {processor.py:914} INFO - Processing file /home/sakana/anaconda3/envs/airflow_env/lib/python3.8/site-packages/airflow/example_dags/plugins/workday.py for tasks to queue
[2024-11-12T16:53:01.881+0100] {logging_mixin.py:190} INFO - [2024-11-12T16:53:01.880+0100] {dagbag.py:588} INFO - Filling up the DagBag from /home/sakana/anaconda3/envs/airflow_env/lib/python3.8/site-packages/airflow/example_dags/plugins/workday.py
[2024-11-12T16:53:01.884+0100] {logging_mixin.py:190} INFO - [2024-11-12T16:53:01.884+0100] {workday.py:41} WARNING - Could not import pandas. Holidays will not be considered.
[2024-11-12T16:53:01.885+0100] {processor.py:927} WARNING - No viable dags retrieved from /home/sakana/anaconda3/envs/airflow_env/lib/python3.8/site-packages/airflow/example_dags/plugins/workday.py
[2024-11-12T16:53:01.896+0100] {processor.py:208} INFO - Processing /home/sakana/anaconda3/envs/airflow_env/lib/python3.8/site-packages/airflow/example_dags/plugins/workday.py took 0.028 seconds
[2024-11-12T16:53:56.972+0100] {processor.py:186} INFO - Started process (PID=8368) to work on /home/sakana/anaconda3/envs/airflow_env/lib/python3.8/site-packages/airflow/example_dags/plugins/workday.py
[2024-11-12T16:53:56.978+0100] {processor.py:914} INFO - Processing file /home/sakana/anaconda3/envs/airflow_env/lib/python3.8/site-packages/airflow/example_dags/plugins/workday.py for tasks to queue
[2024-11-12T16:53:56.984+0100] {logging_mixin.py:190} INFO - [2024-11-12T16:53:56.982+0100] {dagbag.py:588} INFO - Filling up the DagBag from /home/sakana/anaconda3/envs/airflow_env/lib/python3.8/site-packages/airflow/example_dags/plugins/workday.py
[2024-11-12T16:53:56.992+0100] {logging_mixin.py:190} INFO - [2024-11-12T16:53:56.992+0100] {workday.py:41} WARNING - Could not import pandas. Holidays will not be considered.
[2024-11-12T16:53:56.993+0100] {processor.py:927} WARNING - No viable dags retrieved from /home/sakana/anaconda3/envs/airflow_env/lib/python3.8/site-packages/airflow/example_dags/plugins/workday.py
[2024-11-12T16:53:57.016+0100] {processor.py:208} INFO - Processing /home/sakana/anaconda3/envs/airflow_env/lib/python3.8/site-packages/airflow/example_dags/plugins/workday.py took 0.058 seconds
[2024-11-12T16:54:58.863+0100] {processor.py:186} INFO - Started process (PID=8539) to work on /home/sakana/anaconda3/envs/airflow_env/lib/python3.8/site-packages/airflow/example_dags/plugins/workday.py
[2024-11-12T16:54:58.868+0100] {processor.py:914} INFO - Processing file /home/sakana/anaconda3/envs/airflow_env/lib/python3.8/site-packages/airflow/example_dags/plugins/workday.py for tasks to queue
[2024-11-12T16:54:58.871+0100] {logging_mixin.py:190} INFO - [2024-11-12T16:54:58.870+0100] {dagbag.py:588} INFO - Filling up the DagBag from /home/sakana/anaconda3/envs/airflow_env/lib/python3.8/site-packages/airflow/example_dags/plugins/workday.py
[2024-11-12T16:54:58.875+0100] {logging_mixin.py:190} INFO - [2024-11-12T16:54:58.875+0100] {workday.py:41} WARNING - Could not import pandas. Holidays will not be considered.
[2024-11-12T16:54:58.876+0100] {processor.py:927} WARNING - No viable dags retrieved from /home/sakana/anaconda3/envs/airflow_env/lib/python3.8/site-packages/airflow/example_dags/plugins/workday.py
[2024-11-12T16:54:58.890+0100] {processor.py:208} INFO - Processing /home/sakana/anaconda3/envs/airflow_env/lib/python3.8/site-packages/airflow/example_dags/plugins/workday.py took 0.035 seconds
[2024-11-12T16:55:57.242+0100] {processor.py:186} INFO - Started process (PID=8609) to work on /home/sakana/anaconda3/envs/airflow_env/lib/python3.8/site-packages/airflow/example_dags/plugins/workday.py
[2024-11-12T16:55:57.247+0100] {processor.py:914} INFO - Processing file /home/sakana/anaconda3/envs/airflow_env/lib/python3.8/site-packages/airflow/example_dags/plugins/workday.py for tasks to queue
[2024-11-12T16:55:57.250+0100] {logging_mixin.py:190} INFO - [2024-11-12T16:55:57.249+0100] {dagbag.py:588} INFO - Filling up the DagBag from /home/sakana/anaconda3/envs/airflow_env/lib/python3.8/site-packages/airflow/example_dags/plugins/workday.py
[2024-11-12T16:55:57.253+0100] {logging_mixin.py:190} INFO - [2024-11-12T16:55:57.253+0100] {workday.py:41} WARNING - Could not import pandas. Holidays will not be considered.
[2024-11-12T16:55:57.254+0100] {processor.py:927} WARNING - No viable dags retrieved from /home/sakana/anaconda3/envs/airflow_env/lib/python3.8/site-packages/airflow/example_dags/plugins/workday.py
[2024-11-12T16:55:57.267+0100] {processor.py:208} INFO - Processing /home/sakana/anaconda3/envs/airflow_env/lib/python3.8/site-packages/airflow/example_dags/plugins/workday.py took 0.032 seconds
[2024-11-12T16:56:58.607+0100] {processor.py:186} INFO - Started process (PID=8685) to work on /home/sakana/anaconda3/envs/airflow_env/lib/python3.8/site-packages/airflow/example_dags/plugins/workday.py
[2024-11-12T16:56:58.612+0100] {processor.py:914} INFO - Processing file /home/sakana/anaconda3/envs/airflow_env/lib/python3.8/site-packages/airflow/example_dags/plugins/workday.py for tasks to queue
[2024-11-12T16:56:58.614+0100] {logging_mixin.py:190} INFO - [2024-11-12T16:56:58.614+0100] {dagbag.py:588} INFO - Filling up the DagBag from /home/sakana/anaconda3/envs/airflow_env/lib/python3.8/site-packages/airflow/example_dags/plugins/workday.py
[2024-11-12T16:56:58.617+0100] {logging_mixin.py:190} INFO - [2024-11-12T16:56:58.616+0100] {workday.py:41} WARNING - Could not import pandas. Holidays will not be considered.
[2024-11-12T16:56:58.617+0100] {processor.py:927} WARNING - No viable dags retrieved from /home/sakana/anaconda3/envs/airflow_env/lib/python3.8/site-packages/airflow/example_dags/plugins/workday.py
[2024-11-12T16:56:58.627+0100] {processor.py:208} INFO - Processing /home/sakana/anaconda3/envs/airflow_env/lib/python3.8/site-packages/airflow/example_dags/plugins/workday.py took 0.026 seconds
[2024-11-12T16:58:00.641+0100] {processor.py:186} INFO - Started process (PID=8769) to work on /home/sakana/anaconda3/envs/airflow_env/lib/python3.8/site-packages/airflow/example_dags/plugins/workday.py
[2024-11-12T16:58:00.647+0100] {processor.py:914} INFO - Processing file /home/sakana/anaconda3/envs/airflow_env/lib/python3.8/site-packages/airflow/example_dags/plugins/workday.py for tasks to queue
[2024-11-12T16:58:00.649+0100] {logging_mixin.py:190} INFO - [2024-11-12T16:58:00.649+0100] {dagbag.py:588} INFO - Filling up the DagBag from /home/sakana/anaconda3/envs/airflow_env/lib/python3.8/site-packages/airflow/example_dags/plugins/workday.py
[2024-11-12T16:58:00.653+0100] {logging_mixin.py:190} INFO - [2024-11-12T16:58:00.653+0100] {workday.py:41} WARNING - Could not import pandas. Holidays will not be considered.
[2024-11-12T16:58:00.653+0100] {processor.py:927} WARNING - No viable dags retrieved from /home/sakana/anaconda3/envs/airflow_env/lib/python3.8/site-packages/airflow/example_dags/plugins/workday.py
[2024-11-12T16:58:00.667+0100] {processor.py:208} INFO - Processing /home/sakana/anaconda3/envs/airflow_env/lib/python3.8/site-packages/airflow/example_dags/plugins/workday.py took 0.033 seconds
[2024-11-12T16:58:59.356+0100] {processor.py:186} INFO - Started process (PID=8872) to work on /home/sakana/anaconda3/envs/airflow_env/lib/python3.8/site-packages/airflow/example_dags/plugins/workday.py
[2024-11-12T16:58:59.361+0100] {processor.py:914} INFO - Processing file /home/sakana/anaconda3/envs/airflow_env/lib/python3.8/site-packages/airflow/example_dags/plugins/workday.py for tasks to queue
[2024-11-12T16:58:59.363+0100] {logging_mixin.py:190} INFO - [2024-11-12T16:58:59.362+0100] {dagbag.py:588} INFO - Filling up the DagBag from /home/sakana/anaconda3/envs/airflow_env/lib/python3.8/site-packages/airflow/example_dags/plugins/workday.py
[2024-11-12T16:58:59.367+0100] {logging_mixin.py:190} INFO - [2024-11-12T16:58:59.367+0100] {workday.py:41} WARNING - Could not import pandas. Holidays will not be considered.
[2024-11-12T16:58:59.367+0100] {processor.py:927} WARNING - No viable dags retrieved from /home/sakana/anaconda3/envs/airflow_env/lib/python3.8/site-packages/airflow/example_dags/plugins/workday.py
[2024-11-12T16:58:59.380+0100] {processor.py:208} INFO - Processing /home/sakana/anaconda3/envs/airflow_env/lib/python3.8/site-packages/airflow/example_dags/plugins/workday.py took 0.030 seconds
[2024-11-12T16:59:58.421+0100] {processor.py:186} INFO - Started process (PID=8944) to work on /home/sakana/anaconda3/envs/airflow_env/lib/python3.8/site-packages/airflow/example_dags/plugins/workday.py
[2024-11-12T16:59:58.426+0100] {processor.py:914} INFO - Processing file /home/sakana/anaconda3/envs/airflow_env/lib/python3.8/site-packages/airflow/example_dags/plugins/workday.py for tasks to queue
[2024-11-12T16:59:58.428+0100] {logging_mixin.py:190} INFO - [2024-11-12T16:59:58.427+0100] {dagbag.py:588} INFO - Filling up the DagBag from /home/sakana/anaconda3/envs/airflow_env/lib/python3.8/site-packages/airflow/example_dags/plugins/workday.py
[2024-11-12T16:59:58.431+0100] {logging_mixin.py:190} INFO - [2024-11-12T16:59:58.430+0100] {workday.py:41} WARNING - Could not import pandas. Holidays will not be considered.
[2024-11-12T16:59:58.431+0100] {processor.py:927} WARNING - No viable dags retrieved from /home/sakana/anaconda3/envs/airflow_env/lib/python3.8/site-packages/airflow/example_dags/plugins/workday.py
[2024-11-12T16:59:58.440+0100] {processor.py:208} INFO - Processing /home/sakana/anaconda3/envs/airflow_env/lib/python3.8/site-packages/airflow/example_dags/plugins/workday.py took 0.025 seconds
[2024-11-12T17:01:01.739+0100] {processor.py:186} INFO - Started process (PID=9019) to work on /home/sakana/anaconda3/envs/airflow_env/lib/python3.8/site-packages/airflow/example_dags/plugins/workday.py
[2024-11-12T17:01:01.744+0100] {processor.py:914} INFO - Processing file /home/sakana/anaconda3/envs/airflow_env/lib/python3.8/site-packages/airflow/example_dags/plugins/workday.py for tasks to queue
[2024-11-12T17:01:01.746+0100] {logging_mixin.py:190} INFO - [2024-11-12T17:01:01.746+0100] {dagbag.py:588} INFO - Filling up the DagBag from /home/sakana/anaconda3/envs/airflow_env/lib/python3.8/site-packages/airflow/example_dags/plugins/workday.py
[2024-11-12T17:01:01.749+0100] {logging_mixin.py:190} INFO - [2024-11-12T17:01:01.749+0100] {workday.py:41} WARNING - Could not import pandas. Holidays will not be considered.
[2024-11-12T17:01:01.750+0100] {processor.py:927} WARNING - No viable dags retrieved from /home/sakana/anaconda3/envs/airflow_env/lib/python3.8/site-packages/airflow/example_dags/plugins/workday.py
[2024-11-12T17:01:01.761+0100] {processor.py:208} INFO - Processing /home/sakana/anaconda3/envs/airflow_env/lib/python3.8/site-packages/airflow/example_dags/plugins/workday.py took 0.031 seconds
[2024-11-12T17:19:07.048+0100] {processor.py:186} INFO - Started process (PID=9339) to work on /home/sakana/anaconda3/envs/airflow_env/lib/python3.8/site-packages/airflow/example_dags/plugins/workday.py
[2024-11-12T17:19:07.053+0100] {processor.py:914} INFO - Processing file /home/sakana/anaconda3/envs/airflow_env/lib/python3.8/site-packages/airflow/example_dags/plugins/workday.py for tasks to queue
[2024-11-12T17:19:07.055+0100] {logging_mixin.py:190} INFO - [2024-11-12T17:19:07.054+0100] {dagbag.py:588} INFO - Filling up the DagBag from /home/sakana/anaconda3/envs/airflow_env/lib/python3.8/site-packages/airflow/example_dags/plugins/workday.py
[2024-11-12T17:19:07.057+0100] {logging_mixin.py:190} INFO - [2024-11-12T17:19:07.057+0100] {workday.py:41} WARNING - Could not import pandas. Holidays will not be considered.
[2024-11-12T17:19:07.057+0100] {processor.py:927} WARNING - No viable dags retrieved from /home/sakana/anaconda3/envs/airflow_env/lib/python3.8/site-packages/airflow/example_dags/plugins/workday.py
[2024-11-12T17:19:07.066+0100] {processor.py:208} INFO - Processing /home/sakana/anaconda3/envs/airflow_env/lib/python3.8/site-packages/airflow/example_dags/plugins/workday.py took 0.026 seconds
[2024-11-12T17:19:45.040+0100] {processor.py:186} INFO - Started process (PID=9593) to work on /home/sakana/anaconda3/envs/airflow_env/lib/python3.8/site-packages/airflow/example_dags/plugins/workday.py
[2024-11-12T17:19:45.043+0100] {processor.py:914} INFO - Processing file /home/sakana/anaconda3/envs/airflow_env/lib/python3.8/site-packages/airflow/example_dags/plugins/workday.py for tasks to queue
[2024-11-12T17:19:45.046+0100] {logging_mixin.py:190} INFO - [2024-11-12T17:19:45.045+0100] {dagbag.py:588} INFO - Filling up the DagBag from /home/sakana/anaconda3/envs/airflow_env/lib/python3.8/site-packages/airflow/example_dags/plugins/workday.py
[2024-11-12T17:19:45.053+0100] {logging_mixin.py:190} INFO - [2024-11-12T17:19:45.052+0100] {workday.py:41} WARNING - Could not import pandas. Holidays will not be considered.
[2024-11-12T17:19:45.053+0100] {processor.py:927} WARNING - No viable dags retrieved from /home/sakana/anaconda3/envs/airflow_env/lib/python3.8/site-packages/airflow/example_dags/plugins/workday.py
[2024-11-12T17:19:45.069+0100] {processor.py:208} INFO - Processing /home/sakana/anaconda3/envs/airflow_env/lib/python3.8/site-packages/airflow/example_dags/plugins/workday.py took 0.038 seconds
[2024-11-12T17:20:51.322+0100] {processor.py:186} INFO - Started process (PID=9708) to work on /home/sakana/anaconda3/envs/airflow_env/lib/python3.8/site-packages/airflow/example_dags/plugins/workday.py
[2024-11-12T17:20:51.327+0100] {processor.py:914} INFO - Processing file /home/sakana/anaconda3/envs/airflow_env/lib/python3.8/site-packages/airflow/example_dags/plugins/workday.py for tasks to queue
[2024-11-12T17:20:51.332+0100] {logging_mixin.py:190} INFO - [2024-11-12T17:20:51.331+0100] {dagbag.py:588} INFO - Filling up the DagBag from /home/sakana/anaconda3/envs/airflow_env/lib/python3.8/site-packages/airflow/example_dags/plugins/workday.py
[2024-11-12T17:20:51.338+0100] {logging_mixin.py:190} INFO - [2024-11-12T17:20:51.338+0100] {workday.py:41} WARNING - Could not import pandas. Holidays will not be considered.
[2024-11-12T17:20:51.339+0100] {processor.py:927} WARNING - No viable dags retrieved from /home/sakana/anaconda3/envs/airflow_env/lib/python3.8/site-packages/airflow/example_dags/plugins/workday.py
[2024-11-12T17:20:51.365+0100] {processor.py:208} INFO - Processing /home/sakana/anaconda3/envs/airflow_env/lib/python3.8/site-packages/airflow/example_dags/plugins/workday.py took 0.061 seconds
[2024-11-12T17:21:26.577+0100] {processor.py:186} INFO - Started process (PID=9752) to work on /home/sakana/anaconda3/envs/airflow_env/lib/python3.8/site-packages/airflow/example_dags/plugins/workday.py
[2024-11-12T17:21:26.584+0100] {processor.py:914} INFO - Processing file /home/sakana/anaconda3/envs/airflow_env/lib/python3.8/site-packages/airflow/example_dags/plugins/workday.py for tasks to queue
[2024-11-12T17:21:26.588+0100] {logging_mixin.py:190} INFO - [2024-11-12T17:21:26.587+0100] {dagbag.py:588} INFO - Filling up the DagBag from /home/sakana/anaconda3/envs/airflow_env/lib/python3.8/site-packages/airflow/example_dags/plugins/workday.py
[2024-11-12T17:21:26.594+0100] {logging_mixin.py:190} INFO - [2024-11-12T17:21:26.593+0100] {workday.py:41} WARNING - Could not import pandas. Holidays will not be considered.
[2024-11-12T17:21:26.595+0100] {processor.py:927} WARNING - No viable dags retrieved from /home/sakana/anaconda3/envs/airflow_env/lib/python3.8/site-packages/airflow/example_dags/plugins/workday.py
[2024-11-12T17:21:26.615+0100] {processor.py:208} INFO - Processing /home/sakana/anaconda3/envs/airflow_env/lib/python3.8/site-packages/airflow/example_dags/plugins/workday.py took 0.053 seconds
[2024-11-12T17:22:00.181+0100] {processor.py:186} INFO - Started process (PID=9815) to work on /home/sakana/anaconda3/envs/airflow_env/lib/python3.8/site-packages/airflow/example_dags/plugins/workday.py
[2024-11-12T17:22:00.186+0100] {processor.py:914} INFO - Processing file /home/sakana/anaconda3/envs/airflow_env/lib/python3.8/site-packages/airflow/example_dags/plugins/workday.py for tasks to queue
[2024-11-12T17:22:00.189+0100] {logging_mixin.py:190} INFO - [2024-11-12T17:22:00.188+0100] {dagbag.py:588} INFO - Filling up the DagBag from /home/sakana/anaconda3/envs/airflow_env/lib/python3.8/site-packages/airflow/example_dags/plugins/workday.py
[2024-11-12T17:22:00.192+0100] {logging_mixin.py:190} INFO - [2024-11-12T17:22:00.192+0100] {workday.py:41} WARNING - Could not import pandas. Holidays will not be considered.
[2024-11-12T17:22:00.192+0100] {processor.py:927} WARNING - No viable dags retrieved from /home/sakana/anaconda3/envs/airflow_env/lib/python3.8/site-packages/airflow/example_dags/plugins/workday.py
[2024-11-12T17:22:00.208+0100] {processor.py:208} INFO - Processing /home/sakana/anaconda3/envs/airflow_env/lib/python3.8/site-packages/airflow/example_dags/plugins/workday.py took 0.036 seconds
[2024-11-12T17:22:33.000+0100] {processor.py:186} INFO - Started process (PID=9872) to work on /home/sakana/anaconda3/envs/airflow_env/lib/python3.8/site-packages/airflow/example_dags/plugins/workday.py
[2024-11-12T17:22:33.001+0100] {processor.py:914} INFO - Processing file /home/sakana/anaconda3/envs/airflow_env/lib/python3.8/site-packages/airflow/example_dags/plugins/workday.py for tasks to queue
[2024-11-12T17:22:33.003+0100] {logging_mixin.py:190} INFO - [2024-11-12T17:22:33.003+0100] {dagbag.py:588} INFO - Filling up the DagBag from /home/sakana/anaconda3/envs/airflow_env/lib/python3.8/site-packages/airflow/example_dags/plugins/workday.py
[2024-11-12T17:22:33.008+0100] {logging_mixin.py:190} INFO - [2024-11-12T17:22:33.008+0100] {workday.py:41} WARNING - Could not import pandas. Holidays will not be considered.
[2024-11-12T17:22:33.009+0100] {processor.py:927} WARNING - No viable dags retrieved from /home/sakana/anaconda3/envs/airflow_env/lib/python3.8/site-packages/airflow/example_dags/plugins/workday.py
[2024-11-12T17:22:33.022+0100] {processor.py:208} INFO - Processing /home/sakana/anaconda3/envs/airflow_env/lib/python3.8/site-packages/airflow/example_dags/plugins/workday.py took 0.032 seconds
[2024-11-12T17:23:11.399+0100] {processor.py:186} INFO - Started process (PID=9937) to work on /home/sakana/anaconda3/envs/airflow_env/lib/python3.8/site-packages/airflow/example_dags/plugins/workday.py
[2024-11-12T17:23:11.401+0100] {processor.py:914} INFO - Processing file /home/sakana/anaconda3/envs/airflow_env/lib/python3.8/site-packages/airflow/example_dags/plugins/workday.py for tasks to queue
[2024-11-12T17:23:11.404+0100] {logging_mixin.py:190} INFO - [2024-11-12T17:23:11.403+0100] {dagbag.py:588} INFO - Filling up the DagBag from /home/sakana/anaconda3/envs/airflow_env/lib/python3.8/site-packages/airflow/example_dags/plugins/workday.py
[2024-11-12T17:23:11.410+0100] {logging_mixin.py:190} INFO - [2024-11-12T17:23:11.409+0100] {workday.py:41} WARNING - Could not import pandas. Holidays will not be considered.
[2024-11-12T17:23:11.410+0100] {processor.py:927} WARNING - No viable dags retrieved from /home/sakana/anaconda3/envs/airflow_env/lib/python3.8/site-packages/airflow/example_dags/plugins/workday.py
[2024-11-12T17:23:11.426+0100] {processor.py:208} INFO - Processing /home/sakana/anaconda3/envs/airflow_env/lib/python3.8/site-packages/airflow/example_dags/plugins/workday.py took 0.039 seconds
[2024-11-12T17:23:49.487+0100] {processor.py:186} INFO - Started process (PID=10020) to work on /home/sakana/anaconda3/envs/airflow_env/lib/python3.8/site-packages/airflow/example_dags/plugins/workday.py
[2024-11-12T17:23:49.492+0100] {processor.py:914} INFO - Processing file /home/sakana/anaconda3/envs/airflow_env/lib/python3.8/site-packages/airflow/example_dags/plugins/workday.py for tasks to queue
[2024-11-12T17:23:49.495+0100] {logging_mixin.py:190} INFO - [2024-11-12T17:23:49.494+0100] {dagbag.py:588} INFO - Filling up the DagBag from /home/sakana/anaconda3/envs/airflow_env/lib/python3.8/site-packages/airflow/example_dags/plugins/workday.py
[2024-11-12T17:23:49.498+0100] {logging_mixin.py:190} INFO - [2024-11-12T17:23:49.498+0100] {workday.py:41} WARNING - Could not import pandas. Holidays will not be considered.
[2024-11-12T17:23:49.499+0100] {processor.py:927} WARNING - No viable dags retrieved from /home/sakana/anaconda3/envs/airflow_env/lib/python3.8/site-packages/airflow/example_dags/plugins/workday.py
[2024-11-12T17:23:49.514+0100] {processor.py:208} INFO - Processing /home/sakana/anaconda3/envs/airflow_env/lib/python3.8/site-packages/airflow/example_dags/plugins/workday.py took 0.038 seconds
[2024-11-12T17:24:26.120+0100] {processor.py:186} INFO - Started process (PID=10113) to work on /home/sakana/anaconda3/envs/airflow_env/lib/python3.8/site-packages/airflow/example_dags/plugins/workday.py
[2024-11-12T17:24:26.126+0100] {processor.py:914} INFO - Processing file /home/sakana/anaconda3/envs/airflow_env/lib/python3.8/site-packages/airflow/example_dags/plugins/workday.py for tasks to queue
[2024-11-12T17:24:26.129+0100] {logging_mixin.py:190} INFO - [2024-11-12T17:24:26.129+0100] {dagbag.py:588} INFO - Filling up the DagBag from /home/sakana/anaconda3/envs/airflow_env/lib/python3.8/site-packages/airflow/example_dags/plugins/workday.py
[2024-11-12T17:24:26.134+0100] {logging_mixin.py:190} INFO - [2024-11-12T17:24:26.134+0100] {workday.py:41} WARNING - Could not import pandas. Holidays will not be considered.
[2024-11-12T17:24:26.135+0100] {processor.py:927} WARNING - No viable dags retrieved from /home/sakana/anaconda3/envs/airflow_env/lib/python3.8/site-packages/airflow/example_dags/plugins/workday.py
[2024-11-12T17:24:26.154+0100] {processor.py:208} INFO - Processing /home/sakana/anaconda3/envs/airflow_env/lib/python3.8/site-packages/airflow/example_dags/plugins/workday.py took 0.050 seconds
[2024-11-12T17:25:02.012+0100] {processor.py:186} INFO - Started process (PID=10181) to work on /home/sakana/anaconda3/envs/airflow_env/lib/python3.8/site-packages/airflow/example_dags/plugins/workday.py
[2024-11-12T17:25:02.017+0100] {processor.py:914} INFO - Processing file /home/sakana/anaconda3/envs/airflow_env/lib/python3.8/site-packages/airflow/example_dags/plugins/workday.py for tasks to queue
[2024-11-12T17:25:02.021+0100] {logging_mixin.py:190} INFO - [2024-11-12T17:25:02.020+0100] {dagbag.py:588} INFO - Filling up the DagBag from /home/sakana/anaconda3/envs/airflow_env/lib/python3.8/site-packages/airflow/example_dags/plugins/workday.py
[2024-11-12T17:25:02.026+0100] {logging_mixin.py:190} INFO - [2024-11-12T17:25:02.025+0100] {workday.py:41} WARNING - Could not import pandas. Holidays will not be considered.
[2024-11-12T17:25:02.026+0100] {processor.py:927} WARNING - No viable dags retrieved from /home/sakana/anaconda3/envs/airflow_env/lib/python3.8/site-packages/airflow/example_dags/plugins/workday.py
[2024-11-12T17:25:02.046+0100] {processor.py:208} INFO - Processing /home/sakana/anaconda3/envs/airflow_env/lib/python3.8/site-packages/airflow/example_dags/plugins/workday.py took 0.065 seconds
[2024-11-12T17:25:39.104+0100] {processor.py:186} INFO - Started process (PID=10241) to work on /home/sakana/anaconda3/envs/airflow_env/lib/python3.8/site-packages/airflow/example_dags/plugins/workday.py
[2024-11-12T17:25:39.108+0100] {processor.py:914} INFO - Processing file /home/sakana/anaconda3/envs/airflow_env/lib/python3.8/site-packages/airflow/example_dags/plugins/workday.py for tasks to queue
[2024-11-12T17:25:39.111+0100] {logging_mixin.py:190} INFO - [2024-11-12T17:25:39.111+0100] {dagbag.py:588} INFO - Filling up the DagBag from /home/sakana/anaconda3/envs/airflow_env/lib/python3.8/site-packages/airflow/example_dags/plugins/workday.py
[2024-11-12T17:25:39.114+0100] {logging_mixin.py:190} INFO - [2024-11-12T17:25:39.114+0100] {workday.py:41} WARNING - Could not import pandas. Holidays will not be considered.
[2024-11-12T17:25:39.115+0100] {processor.py:927} WARNING - No viable dags retrieved from /home/sakana/anaconda3/envs/airflow_env/lib/python3.8/site-packages/airflow/example_dags/plugins/workday.py
[2024-11-12T17:25:39.128+0100] {processor.py:208} INFO - Processing /home/sakana/anaconda3/envs/airflow_env/lib/python3.8/site-packages/airflow/example_dags/plugins/workday.py took 0.036 seconds
[2024-11-12T17:26:15.046+0100] {processor.py:186} INFO - Started process (PID=10280) to work on /home/sakana/anaconda3/envs/airflow_env/lib/python3.8/site-packages/airflow/example_dags/plugins/workday.py
[2024-11-12T17:26:15.052+0100] {processor.py:914} INFO - Processing file /home/sakana/anaconda3/envs/airflow_env/lib/python3.8/site-packages/airflow/example_dags/plugins/workday.py for tasks to queue
[2024-11-12T17:26:15.056+0100] {logging_mixin.py:190} INFO - [2024-11-12T17:26:15.055+0100] {dagbag.py:588} INFO - Filling up the DagBag from /home/sakana/anaconda3/envs/airflow_env/lib/python3.8/site-packages/airflow/example_dags/plugins/workday.py
[2024-11-12T17:26:15.060+0100] {logging_mixin.py:190} INFO - [2024-11-12T17:26:15.060+0100] {workday.py:41} WARNING - Could not import pandas. Holidays will not be considered.
[2024-11-12T17:26:15.061+0100] {processor.py:927} WARNING - No viable dags retrieved from /home/sakana/anaconda3/envs/airflow_env/lib/python3.8/site-packages/airflow/example_dags/plugins/workday.py
[2024-11-12T17:26:15.078+0100] {processor.py:208} INFO - Processing /home/sakana/anaconda3/envs/airflow_env/lib/python3.8/site-packages/airflow/example_dags/plugins/workday.py took 0.040 seconds
[2024-11-12T17:26:49.952+0100] {processor.py:186} INFO - Started process (PID=10347) to work on /home/sakana/anaconda3/envs/airflow_env/lib/python3.8/site-packages/airflow/example_dags/plugins/workday.py
[2024-11-12T17:26:49.957+0100] {processor.py:914} INFO - Processing file /home/sakana/anaconda3/envs/airflow_env/lib/python3.8/site-packages/airflow/example_dags/plugins/workday.py for tasks to queue
[2024-11-12T17:26:49.961+0100] {logging_mixin.py:190} INFO - [2024-11-12T17:26:49.960+0100] {dagbag.py:588} INFO - Filling up the DagBag from /home/sakana/anaconda3/envs/airflow_env/lib/python3.8/site-packages/airflow/example_dags/plugins/workday.py
[2024-11-12T17:26:49.966+0100] {logging_mixin.py:190} INFO - [2024-11-12T17:26:49.966+0100] {workday.py:41} WARNING - Could not import pandas. Holidays will not be considered.
[2024-11-12T17:26:49.967+0100] {processor.py:927} WARNING - No viable dags retrieved from /home/sakana/anaconda3/envs/airflow_env/lib/python3.8/site-packages/airflow/example_dags/plugins/workday.py
[2024-11-12T17:26:49.987+0100] {processor.py:208} INFO - Processing /home/sakana/anaconda3/envs/airflow_env/lib/python3.8/site-packages/airflow/example_dags/plugins/workday.py took 0.049 seconds
[2024-11-12T17:27:27.014+0100] {processor.py:186} INFO - Started process (PID=10389) to work on /home/sakana/anaconda3/envs/airflow_env/lib/python3.8/site-packages/airflow/example_dags/plugins/workday.py
[2024-11-12T17:27:27.019+0100] {processor.py:914} INFO - Processing file /home/sakana/anaconda3/envs/airflow_env/lib/python3.8/site-packages/airflow/example_dags/plugins/workday.py for tasks to queue
[2024-11-12T17:27:27.023+0100] {logging_mixin.py:190} INFO - [2024-11-12T17:27:27.022+0100] {dagbag.py:588} INFO - Filling up the DagBag from /home/sakana/anaconda3/envs/airflow_env/lib/python3.8/site-packages/airflow/example_dags/plugins/workday.py
[2024-11-12T17:27:27.029+0100] {logging_mixin.py:190} INFO - [2024-11-12T17:27:27.029+0100] {workday.py:41} WARNING - Could not import pandas. Holidays will not be considered.
[2024-11-12T17:27:27.030+0100] {processor.py:927} WARNING - No viable dags retrieved from /home/sakana/anaconda3/envs/airflow_env/lib/python3.8/site-packages/airflow/example_dags/plugins/workday.py
[2024-11-12T17:27:27.053+0100] {processor.py:208} INFO - Processing /home/sakana/anaconda3/envs/airflow_env/lib/python3.8/site-packages/airflow/example_dags/plugins/workday.py took 0.056 seconds
[2024-11-12T17:28:04.003+0100] {processor.py:186} INFO - Started process (PID=10426) to work on /home/sakana/anaconda3/envs/airflow_env/lib/python3.8/site-packages/airflow/example_dags/plugins/workday.py
[2024-11-12T17:28:04.009+0100] {processor.py:914} INFO - Processing file /home/sakana/anaconda3/envs/airflow_env/lib/python3.8/site-packages/airflow/example_dags/plugins/workday.py for tasks to queue
[2024-11-12T17:28:04.011+0100] {logging_mixin.py:190} INFO - [2024-11-12T17:28:04.011+0100] {dagbag.py:588} INFO - Filling up the DagBag from /home/sakana/anaconda3/envs/airflow_env/lib/python3.8/site-packages/airflow/example_dags/plugins/workday.py
[2024-11-12T17:28:04.015+0100] {logging_mixin.py:190} INFO - [2024-11-12T17:28:04.014+0100] {workday.py:41} WARNING - Could not import pandas. Holidays will not be considered.
[2024-11-12T17:28:04.015+0100] {processor.py:927} WARNING - No viable dags retrieved from /home/sakana/anaconda3/envs/airflow_env/lib/python3.8/site-packages/airflow/example_dags/plugins/workday.py
[2024-11-12T17:28:04.029+0100] {processor.py:208} INFO - Processing /home/sakana/anaconda3/envs/airflow_env/lib/python3.8/site-packages/airflow/example_dags/plugins/workday.py took 0.037 seconds
[2024-11-12T17:28:39.368+0100] {processor.py:186} INFO - Started process (PID=10525) to work on /home/sakana/anaconda3/envs/airflow_env/lib/python3.8/site-packages/airflow/example_dags/plugins/workday.py
[2024-11-12T17:28:39.374+0100] {processor.py:914} INFO - Processing file /home/sakana/anaconda3/envs/airflow_env/lib/python3.8/site-packages/airflow/example_dags/plugins/workday.py for tasks to queue
[2024-11-12T17:28:39.378+0100] {logging_mixin.py:190} INFO - [2024-11-12T17:28:39.377+0100] {dagbag.py:588} INFO - Filling up the DagBag from /home/sakana/anaconda3/envs/airflow_env/lib/python3.8/site-packages/airflow/example_dags/plugins/workday.py
[2024-11-12T17:28:39.382+0100] {logging_mixin.py:190} INFO - [2024-11-12T17:28:39.382+0100] {workday.py:41} WARNING - Could not import pandas. Holidays will not be considered.
[2024-11-12T17:28:39.383+0100] {processor.py:927} WARNING - No viable dags retrieved from /home/sakana/anaconda3/envs/airflow_env/lib/python3.8/site-packages/airflow/example_dags/plugins/workday.py
[2024-11-12T17:28:39.395+0100] {processor.py:208} INFO - Processing /home/sakana/anaconda3/envs/airflow_env/lib/python3.8/site-packages/airflow/example_dags/plugins/workday.py took 0.040 seconds
[2024-11-12T17:29:15.987+0100] {processor.py:186} INFO - Started process (PID=10566) to work on /home/sakana/anaconda3/envs/airflow_env/lib/python3.8/site-packages/airflow/example_dags/plugins/workday.py
[2024-11-12T17:29:15.993+0100] {processor.py:914} INFO - Processing file /home/sakana/anaconda3/envs/airflow_env/lib/python3.8/site-packages/airflow/example_dags/plugins/workday.py for tasks to queue
[2024-11-12T17:29:15.998+0100] {logging_mixin.py:190} INFO - [2024-11-12T17:29:15.997+0100] {dagbag.py:588} INFO - Filling up the DagBag from /home/sakana/anaconda3/envs/airflow_env/lib/python3.8/site-packages/airflow/example_dags/plugins/workday.py
[2024-11-12T17:29:16.006+0100] {logging_mixin.py:190} INFO - [2024-11-12T17:29:16.005+0100] {workday.py:41} WARNING - Could not import pandas. Holidays will not be considered.
[2024-11-12T17:29:16.006+0100] {processor.py:927} WARNING - No viable dags retrieved from /home/sakana/anaconda3/envs/airflow_env/lib/python3.8/site-packages/airflow/example_dags/plugins/workday.py
[2024-11-12T17:29:16.031+0100] {processor.py:208} INFO - Processing /home/sakana/anaconda3/envs/airflow_env/lib/python3.8/site-packages/airflow/example_dags/plugins/workday.py took 0.059 seconds
[2024-11-12T17:29:52.332+0100] {processor.py:186} INFO - Started process (PID=10604) to work on /home/sakana/anaconda3/envs/airflow_env/lib/python3.8/site-packages/airflow/example_dags/plugins/workday.py
[2024-11-12T17:29:52.338+0100] {processor.py:914} INFO - Processing file /home/sakana/anaconda3/envs/airflow_env/lib/python3.8/site-packages/airflow/example_dags/plugins/workday.py for tasks to queue
[2024-11-12T17:29:52.342+0100] {logging_mixin.py:190} INFO - [2024-11-12T17:29:52.341+0100] {dagbag.py:588} INFO - Filling up the DagBag from /home/sakana/anaconda3/envs/airflow_env/lib/python3.8/site-packages/airflow/example_dags/plugins/workday.py
[2024-11-12T17:29:52.346+0100] {logging_mixin.py:190} INFO - [2024-11-12T17:29:52.346+0100] {workday.py:41} WARNING - Could not import pandas. Holidays will not be considered.
[2024-11-12T17:29:52.347+0100] {processor.py:927} WARNING - No viable dags retrieved from /home/sakana/anaconda3/envs/airflow_env/lib/python3.8/site-packages/airflow/example_dags/plugins/workday.py
[2024-11-12T17:29:52.364+0100] {processor.py:208} INFO - Processing /home/sakana/anaconda3/envs/airflow_env/lib/python3.8/site-packages/airflow/example_dags/plugins/workday.py took 0.043 seconds
[2024-11-12T17:30:27.964+0100] {processor.py:186} INFO - Started process (PID=10649) to work on /home/sakana/anaconda3/envs/airflow_env/lib/python3.8/site-packages/airflow/example_dags/plugins/workday.py
[2024-11-12T17:30:27.969+0100] {processor.py:914} INFO - Processing file /home/sakana/anaconda3/envs/airflow_env/lib/python3.8/site-packages/airflow/example_dags/plugins/workday.py for tasks to queue
[2024-11-12T17:30:27.973+0100] {logging_mixin.py:190} INFO - [2024-11-12T17:30:27.972+0100] {dagbag.py:588} INFO - Filling up the DagBag from /home/sakana/anaconda3/envs/airflow_env/lib/python3.8/site-packages/airflow/example_dags/plugins/workday.py
[2024-11-12T17:30:27.977+0100] {logging_mixin.py:190} INFO - [2024-11-12T17:30:27.976+0100] {workday.py:41} WARNING - Could not import pandas. Holidays will not be considered.
[2024-11-12T17:30:27.977+0100] {processor.py:927} WARNING - No viable dags retrieved from /home/sakana/anaconda3/envs/airflow_env/lib/python3.8/site-packages/airflow/example_dags/plugins/workday.py
[2024-11-12T17:30:27.991+0100] {processor.py:208} INFO - Processing /home/sakana/anaconda3/envs/airflow_env/lib/python3.8/site-packages/airflow/example_dags/plugins/workday.py took 0.036 seconds
[2024-11-12T17:31:04.575+0100] {processor.py:186} INFO - Started process (PID=10684) to work on /home/sakana/anaconda3/envs/airflow_env/lib/python3.8/site-packages/airflow/example_dags/plugins/workday.py
[2024-11-12T17:31:04.582+0100] {processor.py:914} INFO - Processing file /home/sakana/anaconda3/envs/airflow_env/lib/python3.8/site-packages/airflow/example_dags/plugins/workday.py for tasks to queue
[2024-11-12T17:31:04.584+0100] {logging_mixin.py:190} INFO - [2024-11-12T17:31:04.584+0100] {dagbag.py:588} INFO - Filling up the DagBag from /home/sakana/anaconda3/envs/airflow_env/lib/python3.8/site-packages/airflow/example_dags/plugins/workday.py
[2024-11-12T17:31:04.589+0100] {logging_mixin.py:190} INFO - [2024-11-12T17:31:04.589+0100] {workday.py:41} WARNING - Could not import pandas. Holidays will not be considered.
[2024-11-12T17:31:04.590+0100] {processor.py:927} WARNING - No viable dags retrieved from /home/sakana/anaconda3/envs/airflow_env/lib/python3.8/site-packages/airflow/example_dags/plugins/workday.py
[2024-11-12T17:31:04.602+0100] {processor.py:208} INFO - Processing /home/sakana/anaconda3/envs/airflow_env/lib/python3.8/site-packages/airflow/example_dags/plugins/workday.py took 0.034 seconds
[2024-11-12T17:31:41.178+0100] {processor.py:186} INFO - Started process (PID=10740) to work on /home/sakana/anaconda3/envs/airflow_env/lib/python3.8/site-packages/airflow/example_dags/plugins/workday.py
[2024-11-12T17:31:41.187+0100] {processor.py:914} INFO - Processing file /home/sakana/anaconda3/envs/airflow_env/lib/python3.8/site-packages/airflow/example_dags/plugins/workday.py for tasks to queue
[2024-11-12T17:31:41.193+0100] {logging_mixin.py:190} INFO - [2024-11-12T17:31:41.192+0100] {dagbag.py:588} INFO - Filling up the DagBag from /home/sakana/anaconda3/envs/airflow_env/lib/python3.8/site-packages/airflow/example_dags/plugins/workday.py
[2024-11-12T17:31:41.201+0100] {logging_mixin.py:190} INFO - [2024-11-12T17:31:41.199+0100] {workday.py:41} WARNING - Could not import pandas. Holidays will not be considered.
[2024-11-12T17:31:41.202+0100] {processor.py:927} WARNING - No viable dags retrieved from /home/sakana/anaconda3/envs/airflow_env/lib/python3.8/site-packages/airflow/example_dags/plugins/workday.py
[2024-11-12T17:31:41.220+0100] {processor.py:208} INFO - Processing /home/sakana/anaconda3/envs/airflow_env/lib/python3.8/site-packages/airflow/example_dags/plugins/workday.py took 0.059 seconds
[2024-11-12T17:32:17.639+0100] {processor.py:186} INFO - Started process (PID=10779) to work on /home/sakana/anaconda3/envs/airflow_env/lib/python3.8/site-packages/airflow/example_dags/plugins/workday.py
[2024-11-12T17:32:17.645+0100] {processor.py:914} INFO - Processing file /home/sakana/anaconda3/envs/airflow_env/lib/python3.8/site-packages/airflow/example_dags/plugins/workday.py for tasks to queue
[2024-11-12T17:32:17.650+0100] {logging_mixin.py:190} INFO - [2024-11-12T17:32:17.649+0100] {dagbag.py:588} INFO - Filling up the DagBag from /home/sakana/anaconda3/envs/airflow_env/lib/python3.8/site-packages/airflow/example_dags/plugins/workday.py
[2024-11-12T17:32:17.656+0100] {logging_mixin.py:190} INFO - [2024-11-12T17:32:17.655+0100] {workday.py:41} WARNING - Could not import pandas. Holidays will not be considered.
[2024-11-12T17:32:17.657+0100] {processor.py:927} WARNING - No viable dags retrieved from /home/sakana/anaconda3/envs/airflow_env/lib/python3.8/site-packages/airflow/example_dags/plugins/workday.py
[2024-11-12T17:32:17.677+0100] {processor.py:208} INFO - Processing /home/sakana/anaconda3/envs/airflow_env/lib/python3.8/site-packages/airflow/example_dags/plugins/workday.py took 0.050 seconds
[2024-11-12T17:32:50.948+0100] {processor.py:186} INFO - Started process (PID=10875) to work on /home/sakana/anaconda3/envs/airflow_env/lib/python3.8/site-packages/airflow/example_dags/plugins/workday.py
[2024-11-12T17:32:50.953+0100] {processor.py:914} INFO - Processing file /home/sakana/anaconda3/envs/airflow_env/lib/python3.8/site-packages/airflow/example_dags/plugins/workday.py for tasks to queue
[2024-11-12T17:32:50.955+0100] {logging_mixin.py:190} INFO - [2024-11-12T17:32:50.955+0100] {dagbag.py:588} INFO - Filling up the DagBag from /home/sakana/anaconda3/envs/airflow_env/lib/python3.8/site-packages/airflow/example_dags/plugins/workday.py
[2024-11-12T17:32:50.959+0100] {logging_mixin.py:190} INFO - [2024-11-12T17:32:50.958+0100] {workday.py:41} WARNING - Could not import pandas. Holidays will not be considered.
[2024-11-12T17:32:50.959+0100] {processor.py:927} WARNING - No viable dags retrieved from /home/sakana/anaconda3/envs/airflow_env/lib/python3.8/site-packages/airflow/example_dags/plugins/workday.py
[2024-11-12T17:32:50.972+0100] {processor.py:208} INFO - Processing /home/sakana/anaconda3/envs/airflow_env/lib/python3.8/site-packages/airflow/example_dags/plugins/workday.py took 0.032 seconds
[2024-11-12T17:33:23.985+0100] {processor.py:186} INFO - Started process (PID=11039) to work on /home/sakana/anaconda3/envs/airflow_env/lib/python3.8/site-packages/airflow/example_dags/plugins/workday.py
[2024-11-12T17:33:23.986+0100] {processor.py:914} INFO - Processing file /home/sakana/anaconda3/envs/airflow_env/lib/python3.8/site-packages/airflow/example_dags/plugins/workday.py for tasks to queue
[2024-11-12T17:33:23.989+0100] {logging_mixin.py:190} INFO - [2024-11-12T17:33:23.988+0100] {dagbag.py:588} INFO - Filling up the DagBag from /home/sakana/anaconda3/envs/airflow_env/lib/python3.8/site-packages/airflow/example_dags/plugins/workday.py
[2024-11-12T17:33:23.993+0100] {logging_mixin.py:190} INFO - [2024-11-12T17:33:23.993+0100] {workday.py:41} WARNING - Could not import pandas. Holidays will not be considered.
[2024-11-12T17:33:23.993+0100] {processor.py:927} WARNING - No viable dags retrieved from /home/sakana/anaconda3/envs/airflow_env/lib/python3.8/site-packages/airflow/example_dags/plugins/workday.py
[2024-11-12T17:33:24.005+0100] {processor.py:208} INFO - Processing /home/sakana/anaconda3/envs/airflow_env/lib/python3.8/site-packages/airflow/example_dags/plugins/workday.py took 0.027 seconds
[2024-11-12T17:33:57.908+0100] {processor.py:186} INFO - Started process (PID=11086) to work on /home/sakana/anaconda3/envs/airflow_env/lib/python3.8/site-packages/airflow/example_dags/plugins/workday.py
[2024-11-12T17:33:57.914+0100] {processor.py:914} INFO - Processing file /home/sakana/anaconda3/envs/airflow_env/lib/python3.8/site-packages/airflow/example_dags/plugins/workday.py for tasks to queue
[2024-11-12T17:33:57.916+0100] {logging_mixin.py:190} INFO - [2024-11-12T17:33:57.916+0100] {dagbag.py:588} INFO - Filling up the DagBag from /home/sakana/anaconda3/envs/airflow_env/lib/python3.8/site-packages/airflow/example_dags/plugins/workday.py
[2024-11-12T17:33:57.920+0100] {logging_mixin.py:190} INFO - [2024-11-12T17:33:57.920+0100] {workday.py:41} WARNING - Could not import pandas. Holidays will not be considered.
[2024-11-12T17:33:57.921+0100] {processor.py:927} WARNING - No viable dags retrieved from /home/sakana/anaconda3/envs/airflow_env/lib/python3.8/site-packages/airflow/example_dags/plugins/workday.py
[2024-11-12T17:33:57.934+0100] {processor.py:208} INFO - Processing /home/sakana/anaconda3/envs/airflow_env/lib/python3.8/site-packages/airflow/example_dags/plugins/workday.py took 0.034 seconds
[2024-11-12T17:34:58.065+0100] {processor.py:186} INFO - Started process (PID=11157) to work on /home/sakana/anaconda3/envs/airflow_env/lib/python3.8/site-packages/airflow/example_dags/plugins/workday.py
[2024-11-12T17:34:58.070+0100] {processor.py:914} INFO - Processing file /home/sakana/anaconda3/envs/airflow_env/lib/python3.8/site-packages/airflow/example_dags/plugins/workday.py for tasks to queue
[2024-11-12T17:34:58.072+0100] {logging_mixin.py:190} INFO - [2024-11-12T17:34:58.071+0100] {dagbag.py:588} INFO - Filling up the DagBag from /home/sakana/anaconda3/envs/airflow_env/lib/python3.8/site-packages/airflow/example_dags/plugins/workday.py
[2024-11-12T17:34:58.075+0100] {logging_mixin.py:190} INFO - [2024-11-12T17:34:58.075+0100] {workday.py:41} WARNING - Could not import pandas. Holidays will not be considered.
[2024-11-12T17:34:58.075+0100] {processor.py:927} WARNING - No viable dags retrieved from /home/sakana/anaconda3/envs/airflow_env/lib/python3.8/site-packages/airflow/example_dags/plugins/workday.py
[2024-11-12T17:34:58.086+0100] {processor.py:208} INFO - Processing /home/sakana/anaconda3/envs/airflow_env/lib/python3.8/site-packages/airflow/example_dags/plugins/workday.py took 0.028 seconds
[2024-11-12T17:35:56.947+0100] {processor.py:186} INFO - Started process (PID=11241) to work on /home/sakana/anaconda3/envs/airflow_env/lib/python3.8/site-packages/airflow/example_dags/plugins/workday.py
[2024-11-12T17:35:56.952+0100] {processor.py:914} INFO - Processing file /home/sakana/anaconda3/envs/airflow_env/lib/python3.8/site-packages/airflow/example_dags/plugins/workday.py for tasks to queue
[2024-11-12T17:35:56.955+0100] {logging_mixin.py:190} INFO - [2024-11-12T17:35:56.954+0100] {dagbag.py:588} INFO - Filling up the DagBag from /home/sakana/anaconda3/envs/airflow_env/lib/python3.8/site-packages/airflow/example_dags/plugins/workday.py
[2024-11-12T17:35:56.959+0100] {logging_mixin.py:190} INFO - [2024-11-12T17:35:56.958+0100] {workday.py:41} WARNING - Could not import pandas. Holidays will not be considered.
[2024-11-12T17:35:56.959+0100] {processor.py:927} WARNING - No viable dags retrieved from /home/sakana/anaconda3/envs/airflow_env/lib/python3.8/site-packages/airflow/example_dags/plugins/workday.py
[2024-11-12T17:35:56.972+0100] {processor.py:208} INFO - Processing /home/sakana/anaconda3/envs/airflow_env/lib/python3.8/site-packages/airflow/example_dags/plugins/workday.py took 0.032 seconds
[2024-11-12T17:36:54.763+0100] {processor.py:186} INFO - Started process (PID=11310) to work on /home/sakana/anaconda3/envs/airflow_env/lib/python3.8/site-packages/airflow/example_dags/plugins/workday.py
[2024-11-12T17:36:54.769+0100] {processor.py:914} INFO - Processing file /home/sakana/anaconda3/envs/airflow_env/lib/python3.8/site-packages/airflow/example_dags/plugins/workday.py for tasks to queue
[2024-11-12T17:36:54.771+0100] {logging_mixin.py:190} INFO - [2024-11-12T17:36:54.771+0100] {dagbag.py:588} INFO - Filling up the DagBag from /home/sakana/anaconda3/envs/airflow_env/lib/python3.8/site-packages/airflow/example_dags/plugins/workday.py
[2024-11-12T17:36:54.775+0100] {logging_mixin.py:190} INFO - [2024-11-12T17:36:54.775+0100] {workday.py:41} WARNING - Could not import pandas. Holidays will not be considered.
[2024-11-12T17:36:54.776+0100] {processor.py:927} WARNING - No viable dags retrieved from /home/sakana/anaconda3/envs/airflow_env/lib/python3.8/site-packages/airflow/example_dags/plugins/workday.py
[2024-11-12T17:36:54.788+0100] {processor.py:208} INFO - Processing /home/sakana/anaconda3/envs/airflow_env/lib/python3.8/site-packages/airflow/example_dags/plugins/workday.py took 0.034 seconds
