[2024-11-11T13:51:52.670+0100] {local_task_job_runner.py:123} INFO - ::group::Pre task execution logs
[2024-11-11T13:51:52.679+0100] {taskinstance.py:2613} INFO - Dependencies all met for dep_context=non-requeueable deps ti=<TaskInstance: example_bash_operator.also_run_this backfill__2015-01-01T00:00:00+00:00 [queued]>
[2024-11-11T13:51:52.684+0100] {taskinstance.py:2613} INFO - Dependencies all met for dep_context=requeueable deps ti=<TaskInstance: example_bash_operator.also_run_this backfill__2015-01-01T00:00:00+00:00 [queued]>
[2024-11-11T13:51:52.685+0100] {taskinstance.py:2866} INFO - Starting attempt 1 of 1
[2024-11-11T13:51:52.704+0100] {taskinstance.py:2889} INFO - Executing <Task(BashOperator): also_run_this> on 2015-01-01 00:00:00+00:00
[2024-11-11T13:51:52.707+0100] {standard_task_runner.py:72} INFO - Started process 18895 to run task
[2024-11-11T13:51:52.710+0100] {standard_task_runner.py:104} INFO - Running: ['airflow', 'tasks', 'run', 'example_bash_operator', 'also_run_this', 'backfill__2015-01-01T00:00:00+00:00', '--job-id', '16', '--pool', 'default_pool', '--raw', '--subdir', '/home/sakana/anaconda3/envs/airflow_env/lib/python3.8/site-packages/airflow/example_dags/example_bash_operator.py', '--cfg-path', '/tmp/tmpm6qc81hp']
[2024-11-11T13:51:52.711+0100] {standard_task_runner.py:105} INFO - Job 16: Subtask also_run_this
[2024-11-11T13:51:52.776+0100] {task_command.py:467} INFO - Running <TaskInstance: example_bash_operator.also_run_this backfill__2015-01-01T00:00:00+00:00 [running]> on host sakana
[2024-11-11T13:51:52.870+0100] {taskinstance.py:3132} INFO - Exporting env vars: AIRFLOW_CTX_DAG_OWNER='airflow' AIRFLOW_CTX_DAG_ID='example_bash_operator' AIRFLOW_CTX_TASK_ID='also_run_this' AIRFLOW_CTX_EXECUTION_DATE='2015-01-01T00:00:00+00:00' AIRFLOW_CTX_TRY_NUMBER='1' AIRFLOW_CTX_DAG_RUN_ID='backfill__2015-01-01T00:00:00+00:00'
[2024-11-11T13:51:52.871+0100] {logging_mixin.py:190} INFO - Task instance is in running state
[2024-11-11T13:51:52.871+0100] {logging_mixin.py:190} INFO -  Previous state of the Task instance: queued
[2024-11-11T13:51:52.871+0100] {logging_mixin.py:190} INFO - Current task name:also_run_this state:running start_date:2024-11-11 12:51:52.680136+00:00
[2024-11-11T13:51:52.872+0100] {logging_mixin.py:190} INFO - Dag name:example_bash_operator and current dag run status:running
[2024-11-11T13:51:52.872+0100] {taskinstance.py:731} INFO - ::endgroup::
[2024-11-11T13:51:52.873+0100] {subprocess.py:78} INFO - Tmp dir root location: /tmp
[2024-11-11T13:51:52.874+0100] {subprocess.py:88} INFO - Running command: ['/usr/bin/bash', '-c', 'echo "ti_key=example_bash_operator__also_run_this__20150101"']
[2024-11-11T13:51:52.880+0100] {subprocess.py:99} INFO - Output:
[2024-11-11T13:51:52.881+0100] {subprocess.py:106} INFO - ti_key=example_bash_operator__also_run_this__20150101
[2024-11-11T13:51:52.882+0100] {subprocess.py:110} INFO - Command exited with return code 0
[2024-11-11T13:51:52.908+0100] {taskinstance.py:340} INFO - ::group::Post task execution logs
[2024-11-11T13:51:52.908+0100] {taskinstance.py:352} INFO - Marking task as SUCCESS. dag_id=example_bash_operator, task_id=also_run_this, run_id=backfill__2015-01-01T00:00:00+00:00, execution_date=20150101T000000, start_date=20241111T125152, end_date=20241111T125152
[2024-11-11T13:51:52.924+0100] {logging_mixin.py:190} INFO - Task instance in success state
[2024-11-11T13:51:52.924+0100] {logging_mixin.py:190} INFO -  Previous state of the Task instance: running
[2024-11-11T13:51:52.924+0100] {logging_mixin.py:190} INFO - Dag name:example_bash_operator queued_at:None
[2024-11-11T13:51:52.925+0100] {logging_mixin.py:190} INFO - Task hostname:sakana operator:BashOperator
[2024-11-11T13:51:52.963+0100] {local_task_job_runner.py:266} INFO - Task exited with return code 0
[2024-11-11T13:51:52.990+0100] {taskinstance.py:3895} INFO - 0 downstream tasks scheduled from follow-on schedule check
[2024-11-11T13:51:52.990+0100] {local_task_job_runner.py:245} INFO - ::endgroup::
