[2024-11-12T01:01:19.031+0100] {processor.py:186} INFO - Started process (PID=31222) to work on /home/sakana/anaconda3/envs/airflow_env/lib/python3.8/site-packages/airflow/example_dags/example_xcom.py
[2024-11-12T01:01:19.032+0100] {processor.py:914} INFO - Processing file /home/sakana/anaconda3/envs/airflow_env/lib/python3.8/site-packages/airflow/example_dags/example_xcom.py for tasks to queue
[2024-11-12T01:01:19.035+0100] {logging_mixin.py:190} INFO - [2024-11-12T01:01:19.034+0100] {dagbag.py:588} INFO - Filling up the DagBag from /home/sakana/anaconda3/envs/airflow_env/lib/python3.8/site-packages/airflow/example_dags/example_xcom.py
[2024-11-12T01:01:19.044+0100] {processor.py:925} INFO - DAG(s) 'example_xcom' retrieved from /home/sakana/anaconda3/envs/airflow_env/lib/python3.8/site-packages/airflow/example_dags/example_xcom.py
[2024-11-12T01:01:19.066+0100] {logging_mixin.py:190} INFO - [2024-11-12T01:01:19.065+0100] {dag.py:3239} INFO - Sync 1 DAGs
[2024-11-12T01:01:19.087+0100] {logging_mixin.py:190} INFO - [2024-11-12T01:01:19.087+0100] {dag.py:4180} INFO - Setting next_dagrun for example_xcom to 2021-01-01 00:00:00+00:00, run_after=2021-01-01 00:00:00+00:00
[2024-11-12T01:01:19.117+0100] {processor.py:208} INFO - Processing /home/sakana/anaconda3/envs/airflow_env/lib/python3.8/site-packages/airflow/example_dags/example_xcom.py took 0.092 seconds
[2024-11-12T01:02:22.450+0100] {processor.py:186} INFO - Started process (PID=31684) to work on /home/sakana/anaconda3/envs/airflow_env/lib/python3.8/site-packages/airflow/example_dags/example_xcom.py
[2024-11-12T01:02:22.454+0100] {processor.py:914} INFO - Processing file /home/sakana/anaconda3/envs/airflow_env/lib/python3.8/site-packages/airflow/example_dags/example_xcom.py for tasks to queue
[2024-11-12T01:02:22.457+0100] {logging_mixin.py:190} INFO - [2024-11-12T01:02:22.456+0100] {dagbag.py:588} INFO - Filling up the DagBag from /home/sakana/anaconda3/envs/airflow_env/lib/python3.8/site-packages/airflow/example_dags/example_xcom.py
[2024-11-12T01:02:22.466+0100] {processor.py:925} INFO - DAG(s) 'example_xcom' retrieved from /home/sakana/anaconda3/envs/airflow_env/lib/python3.8/site-packages/airflow/example_dags/example_xcom.py
[2024-11-12T01:02:22.484+0100] {logging_mixin.py:190} INFO - [2024-11-12T01:02:22.484+0100] {dag.py:3239} INFO - Sync 1 DAGs
[2024-11-12T01:02:22.511+0100] {logging_mixin.py:190} INFO - [2024-11-12T01:02:22.510+0100] {dag.py:4180} INFO - Setting next_dagrun for example_xcom to 2021-01-01 00:00:00+00:00, run_after=2021-01-01 00:00:00+00:00
[2024-11-12T01:02:22.542+0100] {processor.py:208} INFO - Processing /home/sakana/anaconda3/envs/airflow_env/lib/python3.8/site-packages/airflow/example_dags/example_xcom.py took 0.098 seconds
[2024-11-12T01:03:27.237+0100] {processor.py:186} INFO - Started process (PID=32235) to work on /home/sakana/anaconda3/envs/airflow_env/lib/python3.8/site-packages/airflow/example_dags/example_xcom.py
[2024-11-12T01:03:27.243+0100] {processor.py:914} INFO - Processing file /home/sakana/anaconda3/envs/airflow_env/lib/python3.8/site-packages/airflow/example_dags/example_xcom.py for tasks to queue
[2024-11-12T01:03:27.249+0100] {logging_mixin.py:190} INFO - [2024-11-12T01:03:27.248+0100] {dagbag.py:588} INFO - Filling up the DagBag from /home/sakana/anaconda3/envs/airflow_env/lib/python3.8/site-packages/airflow/example_dags/example_xcom.py
[2024-11-12T01:03:27.274+0100] {processor.py:925} INFO - DAG(s) 'example_xcom' retrieved from /home/sakana/anaconda3/envs/airflow_env/lib/python3.8/site-packages/airflow/example_dags/example_xcom.py
[2024-11-12T01:03:27.293+0100] {logging_mixin.py:190} INFO - [2024-11-12T01:03:27.293+0100] {dag.py:3239} INFO - Sync 1 DAGs
[2024-11-12T01:03:27.316+0100] {logging_mixin.py:190} INFO - [2024-11-12T01:03:27.315+0100] {dag.py:4180} INFO - Setting next_dagrun for example_xcom to 2021-01-01 00:00:00+00:00, run_after=2021-01-01 00:00:00+00:00
[2024-11-12T01:03:27.362+0100] {processor.py:208} INFO - Processing /home/sakana/anaconda3/envs/airflow_env/lib/python3.8/site-packages/airflow/example_dags/example_xcom.py took 0.132 seconds
[2024-11-12T01:06:51.439+0100] {processor.py:186} INFO - Started process (PID=34221) to work on /home/sakana/anaconda3/envs/airflow_env/lib/python3.8/site-packages/airflow/example_dags/example_xcom.py
[2024-11-12T01:06:51.445+0100] {processor.py:914} INFO - Processing file /home/sakana/anaconda3/envs/airflow_env/lib/python3.8/site-packages/airflow/example_dags/example_xcom.py for tasks to queue
[2024-11-12T01:06:51.456+0100] {logging_mixin.py:190} INFO - [2024-11-12T01:06:51.454+0100] {dagbag.py:588} INFO - Filling up the DagBag from /home/sakana/anaconda3/envs/airflow_env/lib/python3.8/site-packages/airflow/example_dags/example_xcom.py
[2024-11-12T01:06:51.473+0100] {processor.py:925} INFO - DAG(s) 'example_xcom' retrieved from /home/sakana/anaconda3/envs/airflow_env/lib/python3.8/site-packages/airflow/example_dags/example_xcom.py
[2024-11-12T01:06:51.494+0100] {logging_mixin.py:190} INFO - [2024-11-12T01:06:51.494+0100] {dag.py:3239} INFO - Sync 1 DAGs
[2024-11-12T01:06:51.518+0100] {logging_mixin.py:190} INFO - [2024-11-12T01:06:51.518+0100] {dag.py:4180} INFO - Setting next_dagrun for example_xcom to 2021-01-01 00:00:00+00:00, run_after=2021-01-01 00:00:00+00:00
[2024-11-12T01:06:51.544+0100] {processor.py:208} INFO - Processing /home/sakana/anaconda3/envs/airflow_env/lib/python3.8/site-packages/airflow/example_dags/example_xcom.py took 0.116 seconds
[2024-11-12T01:10:06.128+0100] {processor.py:186} INFO - Started process (PID=4080) to work on /home/sakana/anaconda3/envs/airflow_env/lib/python3.8/site-packages/airflow/example_dags/example_xcom.py
[2024-11-12T01:10:06.134+0100] {processor.py:914} INFO - Processing file /home/sakana/anaconda3/envs/airflow_env/lib/python3.8/site-packages/airflow/example_dags/example_xcom.py for tasks to queue
[2024-11-12T01:10:06.140+0100] {logging_mixin.py:190} INFO - [2024-11-12T01:10:06.139+0100] {dagbag.py:588} INFO - Filling up the DagBag from /home/sakana/anaconda3/envs/airflow_env/lib/python3.8/site-packages/airflow/example_dags/example_xcom.py
[2024-11-12T01:10:06.155+0100] {processor.py:925} INFO - DAG(s) 'example_xcom' retrieved from /home/sakana/anaconda3/envs/airflow_env/lib/python3.8/site-packages/airflow/example_dags/example_xcom.py
[2024-11-12T01:10:06.173+0100] {logging_mixin.py:190} INFO - [2024-11-12T01:10:06.173+0100] {dag.py:3239} INFO - Sync 1 DAGs
[2024-11-12T01:10:06.191+0100] {logging_mixin.py:190} INFO - [2024-11-12T01:10:06.191+0100] {dag.py:4180} INFO - Setting next_dagrun for example_xcom to 2021-01-01 00:00:00+00:00, run_after=2021-01-01 00:00:00+00:00
[2024-11-12T01:10:06.236+0100] {processor.py:208} INFO - Processing /home/sakana/anaconda3/envs/airflow_env/lib/python3.8/site-packages/airflow/example_dags/example_xcom.py took 0.121 seconds
[2024-11-12T01:11:07.714+0100] {processor.py:186} INFO - Started process (PID=4205) to work on /home/sakana/anaconda3/envs/airflow_env/lib/python3.8/site-packages/airflow/example_dags/example_xcom.py
[2024-11-12T01:11:07.720+0100] {processor.py:914} INFO - Processing file /home/sakana/anaconda3/envs/airflow_env/lib/python3.8/site-packages/airflow/example_dags/example_xcom.py for tasks to queue
[2024-11-12T01:11:07.722+0100] {logging_mixin.py:190} INFO - [2024-11-12T01:11:07.722+0100] {dagbag.py:588} INFO - Filling up the DagBag from /home/sakana/anaconda3/envs/airflow_env/lib/python3.8/site-packages/airflow/example_dags/example_xcom.py
[2024-11-12T01:11:07.732+0100] {processor.py:925} INFO - DAG(s) 'example_xcom' retrieved from /home/sakana/anaconda3/envs/airflow_env/lib/python3.8/site-packages/airflow/example_dags/example_xcom.py
[2024-11-12T01:11:07.748+0100] {logging_mixin.py:190} INFO - [2024-11-12T01:11:07.747+0100] {dag.py:3239} INFO - Sync 1 DAGs
[2024-11-12T01:11:07.765+0100] {logging_mixin.py:190} INFO - [2024-11-12T01:11:07.764+0100] {dag.py:4180} INFO - Setting next_dagrun for example_xcom to 2021-01-01 00:00:00+00:00, run_after=2021-01-01 00:00:00+00:00
[2024-11-12T01:11:07.794+0100] {processor.py:208} INFO - Processing /home/sakana/anaconda3/envs/airflow_env/lib/python3.8/site-packages/airflow/example_dags/example_xcom.py took 0.086 seconds
[2024-11-12T01:12:07.054+0100] {processor.py:186} INFO - Started process (PID=4328) to work on /home/sakana/anaconda3/envs/airflow_env/lib/python3.8/site-packages/airflow/example_dags/example_xcom.py
[2024-11-12T01:12:07.060+0100] {processor.py:914} INFO - Processing file /home/sakana/anaconda3/envs/airflow_env/lib/python3.8/site-packages/airflow/example_dags/example_xcom.py for tasks to queue
[2024-11-12T01:12:07.062+0100] {logging_mixin.py:190} INFO - [2024-11-12T01:12:07.061+0100] {dagbag.py:588} INFO - Filling up the DagBag from /home/sakana/anaconda3/envs/airflow_env/lib/python3.8/site-packages/airflow/example_dags/example_xcom.py
[2024-11-12T01:12:07.072+0100] {processor.py:925} INFO - DAG(s) 'example_xcom' retrieved from /home/sakana/anaconda3/envs/airflow_env/lib/python3.8/site-packages/airflow/example_dags/example_xcom.py
[2024-11-12T01:12:07.089+0100] {logging_mixin.py:190} INFO - [2024-11-12T01:12:07.089+0100] {dag.py:3239} INFO - Sync 1 DAGs
[2024-11-12T01:12:07.106+0100] {logging_mixin.py:190} INFO - [2024-11-12T01:12:07.106+0100] {dag.py:4180} INFO - Setting next_dagrun for example_xcom to 2021-01-01 00:00:00+00:00, run_after=2021-01-01 00:00:00+00:00
[2024-11-12T01:12:07.130+0100] {processor.py:208} INFO - Processing /home/sakana/anaconda3/envs/airflow_env/lib/python3.8/site-packages/airflow/example_dags/example_xcom.py took 0.082 seconds
[2024-11-12T16:37:45.719+0100] {processor.py:186} INFO - Started process (PID=6600) to work on /home/sakana/anaconda3/envs/airflow_env/lib/python3.8/site-packages/airflow/example_dags/example_xcom.py
[2024-11-12T16:37:45.725+0100] {processor.py:914} INFO - Processing file /home/sakana/anaconda3/envs/airflow_env/lib/python3.8/site-packages/airflow/example_dags/example_xcom.py for tasks to queue
[2024-11-12T16:37:45.728+0100] {logging_mixin.py:190} INFO - [2024-11-12T16:37:45.728+0100] {dagbag.py:588} INFO - Filling up the DagBag from /home/sakana/anaconda3/envs/airflow_env/lib/python3.8/site-packages/airflow/example_dags/example_xcom.py
[2024-11-12T16:37:45.738+0100] {processor.py:925} INFO - DAG(s) 'example_xcom' retrieved from /home/sakana/anaconda3/envs/airflow_env/lib/python3.8/site-packages/airflow/example_dags/example_xcom.py
[2024-11-12T16:37:45.756+0100] {logging_mixin.py:190} INFO - [2024-11-12T16:37:45.756+0100] {dag.py:3239} INFO - Sync 1 DAGs
[2024-11-12T16:37:45.774+0100] {logging_mixin.py:190} INFO - [2024-11-12T16:37:45.774+0100] {dag.py:4180} INFO - Setting next_dagrun for example_xcom to 2021-01-01 00:00:00+00:00, run_after=2021-01-01 00:00:00+00:00
[2024-11-12T16:37:45.812+0100] {processor.py:208} INFO - Processing /home/sakana/anaconda3/envs/airflow_env/lib/python3.8/site-packages/airflow/example_dags/example_xcom.py took 0.101 seconds
[2024-11-12T16:39:47.708+0100] {processor.py:186} INFO - Started process (PID=6925) to work on /home/sakana/anaconda3/envs/airflow_env/lib/python3.8/site-packages/airflow/example_dags/example_xcom.py
[2024-11-12T16:39:47.709+0100] {processor.py:914} INFO - Processing file /home/sakana/anaconda3/envs/airflow_env/lib/python3.8/site-packages/airflow/example_dags/example_xcom.py for tasks to queue
[2024-11-12T16:39:47.712+0100] {logging_mixin.py:190} INFO - [2024-11-12T16:39:47.711+0100] {dagbag.py:588} INFO - Filling up the DagBag from /home/sakana/anaconda3/envs/airflow_env/lib/python3.8/site-packages/airflow/example_dags/example_xcom.py
[2024-11-12T16:39:47.722+0100] {processor.py:925} INFO - DAG(s) 'example_xcom' retrieved from /home/sakana/anaconda3/envs/airflow_env/lib/python3.8/site-packages/airflow/example_dags/example_xcom.py
[2024-11-12T16:39:47.751+0100] {logging_mixin.py:190} INFO - [2024-11-12T16:39:47.750+0100] {dag.py:3239} INFO - Sync 1 DAGs
[2024-11-12T16:39:47.783+0100] {logging_mixin.py:190} INFO - [2024-11-12T16:39:47.783+0100] {dag.py:4180} INFO - Setting next_dagrun for example_xcom to 2021-01-01 00:00:00+00:00, run_after=2021-01-01 00:00:00+00:00
[2024-11-12T16:39:47.820+0100] {processor.py:208} INFO - Processing /home/sakana/anaconda3/envs/airflow_env/lib/python3.8/site-packages/airflow/example_dags/example_xcom.py took 0.118 seconds
[2024-11-12T16:41:02.504+0100] {processor.py:186} INFO - Started process (PID=7062) to work on /home/sakana/anaconda3/envs/airflow_env/lib/python3.8/site-packages/airflow/example_dags/example_xcom.py
[2024-11-12T16:41:02.509+0100] {processor.py:914} INFO - Processing file /home/sakana/anaconda3/envs/airflow_env/lib/python3.8/site-packages/airflow/example_dags/example_xcom.py for tasks to queue
[2024-11-12T16:41:02.513+0100] {logging_mixin.py:190} INFO - [2024-11-12T16:41:02.512+0100] {dagbag.py:588} INFO - Filling up the DagBag from /home/sakana/anaconda3/envs/airflow_env/lib/python3.8/site-packages/airflow/example_dags/example_xcom.py
[2024-11-12T16:41:02.525+0100] {processor.py:925} INFO - DAG(s) 'example_xcom' retrieved from /home/sakana/anaconda3/envs/airflow_env/lib/python3.8/site-packages/airflow/example_dags/example_xcom.py
[2024-11-12T16:41:02.545+0100] {logging_mixin.py:190} INFO - [2024-11-12T16:41:02.545+0100] {dag.py:3239} INFO - Sync 1 DAGs
[2024-11-12T16:41:02.574+0100] {logging_mixin.py:190} INFO - [2024-11-12T16:41:02.573+0100] {dag.py:4180} INFO - Setting next_dagrun for example_xcom to 2021-01-01 00:00:00+00:00, run_after=2021-01-01 00:00:00+00:00
[2024-11-12T16:41:02.616+0100] {processor.py:208} INFO - Processing /home/sakana/anaconda3/envs/airflow_env/lib/python3.8/site-packages/airflow/example_dags/example_xcom.py took 0.122 seconds
[2024-11-12T16:42:01.325+0100] {processor.py:186} INFO - Started process (PID=7158) to work on /home/sakana/anaconda3/envs/airflow_env/lib/python3.8/site-packages/airflow/example_dags/example_xcom.py
[2024-11-12T16:42:01.330+0100] {processor.py:914} INFO - Processing file /home/sakana/anaconda3/envs/airflow_env/lib/python3.8/site-packages/airflow/example_dags/example_xcom.py for tasks to queue
[2024-11-12T16:42:01.332+0100] {logging_mixin.py:190} INFO - [2024-11-12T16:42:01.331+0100] {dagbag.py:588} INFO - Filling up the DagBag from /home/sakana/anaconda3/envs/airflow_env/lib/python3.8/site-packages/airflow/example_dags/example_xcom.py
[2024-11-12T16:42:01.342+0100] {processor.py:925} INFO - DAG(s) 'example_xcom' retrieved from /home/sakana/anaconda3/envs/airflow_env/lib/python3.8/site-packages/airflow/example_dags/example_xcom.py
[2024-11-12T16:42:01.362+0100] {logging_mixin.py:190} INFO - [2024-11-12T16:42:01.361+0100] {dag.py:3239} INFO - Sync 1 DAGs
[2024-11-12T16:42:01.381+0100] {logging_mixin.py:190} INFO - [2024-11-12T16:42:01.381+0100] {dag.py:4180} INFO - Setting next_dagrun for example_xcom to 2021-01-01 00:00:00+00:00, run_after=2021-01-01 00:00:00+00:00
[2024-11-12T16:42:01.414+0100] {processor.py:208} INFO - Processing /home/sakana/anaconda3/envs/airflow_env/lib/python3.8/site-packages/airflow/example_dags/example_xcom.py took 0.096 seconds
[2024-11-12T16:42:56.237+0100] {processor.py:186} INFO - Started process (PID=7294) to work on /home/sakana/anaconda3/envs/airflow_env/lib/python3.8/site-packages/airflow/example_dags/example_xcom.py
[2024-11-12T16:42:56.240+0100] {processor.py:914} INFO - Processing file /home/sakana/anaconda3/envs/airflow_env/lib/python3.8/site-packages/airflow/example_dags/example_xcom.py for tasks to queue
[2024-11-12T16:42:56.242+0100] {logging_mixin.py:190} INFO - [2024-11-12T16:42:56.242+0100] {dagbag.py:588} INFO - Filling up the DagBag from /home/sakana/anaconda3/envs/airflow_env/lib/python3.8/site-packages/airflow/example_dags/example_xcom.py
[2024-11-12T16:42:56.251+0100] {processor.py:925} INFO - DAG(s) 'example_xcom' retrieved from /home/sakana/anaconda3/envs/airflow_env/lib/python3.8/site-packages/airflow/example_dags/example_xcom.py
[2024-11-12T16:42:56.267+0100] {logging_mixin.py:190} INFO - [2024-11-12T16:42:56.267+0100] {dag.py:3239} INFO - Sync 1 DAGs
[2024-11-12T16:42:56.286+0100] {logging_mixin.py:190} INFO - [2024-11-12T16:42:56.285+0100] {dag.py:4180} INFO - Setting next_dagrun for example_xcom to 2021-01-01 00:00:00+00:00, run_after=2021-01-01 00:00:00+00:00
[2024-11-12T16:42:56.323+0100] {processor.py:208} INFO - Processing /home/sakana/anaconda3/envs/airflow_env/lib/python3.8/site-packages/airflow/example_dags/example_xcom.py took 0.092 seconds
[2024-11-12T16:43:55.056+0100] {processor.py:186} INFO - Started process (PID=7405) to work on /home/sakana/anaconda3/envs/airflow_env/lib/python3.8/site-packages/airflow/example_dags/example_xcom.py
[2024-11-12T16:43:55.061+0100] {processor.py:914} INFO - Processing file /home/sakana/anaconda3/envs/airflow_env/lib/python3.8/site-packages/airflow/example_dags/example_xcom.py for tasks to queue
[2024-11-12T16:43:55.063+0100] {logging_mixin.py:190} INFO - [2024-11-12T16:43:55.062+0100] {dagbag.py:588} INFO - Filling up the DagBag from /home/sakana/anaconda3/envs/airflow_env/lib/python3.8/site-packages/airflow/example_dags/example_xcom.py
[2024-11-12T16:43:55.071+0100] {processor.py:925} INFO - DAG(s) 'example_xcom' retrieved from /home/sakana/anaconda3/envs/airflow_env/lib/python3.8/site-packages/airflow/example_dags/example_xcom.py
[2024-11-12T16:43:55.087+0100] {logging_mixin.py:190} INFO - [2024-11-12T16:43:55.087+0100] {dag.py:3239} INFO - Sync 1 DAGs
[2024-11-12T16:43:55.111+0100] {logging_mixin.py:190} INFO - [2024-11-12T16:43:55.111+0100] {dag.py:4180} INFO - Setting next_dagrun for example_xcom to 2021-01-01 00:00:00+00:00, run_after=2021-01-01 00:00:00+00:00
[2024-11-12T16:43:55.136+0100] {processor.py:208} INFO - Processing /home/sakana/anaconda3/envs/airflow_env/lib/python3.8/site-packages/airflow/example_dags/example_xcom.py took 0.086 seconds
[2024-11-12T16:44:51.888+0100] {processor.py:186} INFO - Started process (PID=7481) to work on /home/sakana/anaconda3/envs/airflow_env/lib/python3.8/site-packages/airflow/example_dags/example_xcom.py
[2024-11-12T16:44:51.893+0100] {processor.py:914} INFO - Processing file /home/sakana/anaconda3/envs/airflow_env/lib/python3.8/site-packages/airflow/example_dags/example_xcom.py for tasks to queue
[2024-11-12T16:44:51.896+0100] {logging_mixin.py:190} INFO - [2024-11-12T16:44:51.896+0100] {dagbag.py:588} INFO - Filling up the DagBag from /home/sakana/anaconda3/envs/airflow_env/lib/python3.8/site-packages/airflow/example_dags/example_xcom.py
[2024-11-12T16:44:51.909+0100] {processor.py:925} INFO - DAG(s) 'example_xcom' retrieved from /home/sakana/anaconda3/envs/airflow_env/lib/python3.8/site-packages/airflow/example_dags/example_xcom.py
[2024-11-12T16:44:51.928+0100] {logging_mixin.py:190} INFO - [2024-11-12T16:44:51.927+0100] {dag.py:3239} INFO - Sync 1 DAGs
[2024-11-12T16:44:51.945+0100] {logging_mixin.py:190} INFO - [2024-11-12T16:44:51.945+0100] {dag.py:4180} INFO - Setting next_dagrun for example_xcom to 2021-01-01 00:00:00+00:00, run_after=2021-01-01 00:00:00+00:00
[2024-11-12T16:44:51.976+0100] {processor.py:208} INFO - Processing /home/sakana/anaconda3/envs/airflow_env/lib/python3.8/site-packages/airflow/example_dags/example_xcom.py took 0.094 seconds
[2024-11-12T16:45:45.363+0100] {processor.py:186} INFO - Started process (PID=7552) to work on /home/sakana/anaconda3/envs/airflow_env/lib/python3.8/site-packages/airflow/example_dags/example_xcom.py
[2024-11-12T16:45:45.368+0100] {processor.py:914} INFO - Processing file /home/sakana/anaconda3/envs/airflow_env/lib/python3.8/site-packages/airflow/example_dags/example_xcom.py for tasks to queue
[2024-11-12T16:45:45.370+0100] {logging_mixin.py:190} INFO - [2024-11-12T16:45:45.370+0100] {dagbag.py:588} INFO - Filling up the DagBag from /home/sakana/anaconda3/envs/airflow_env/lib/python3.8/site-packages/airflow/example_dags/example_xcom.py
[2024-11-12T16:45:45.381+0100] {processor.py:925} INFO - DAG(s) 'example_xcom' retrieved from /home/sakana/anaconda3/envs/airflow_env/lib/python3.8/site-packages/airflow/example_dags/example_xcom.py
[2024-11-12T16:45:45.398+0100] {logging_mixin.py:190} INFO - [2024-11-12T16:45:45.398+0100] {dag.py:3239} INFO - Sync 1 DAGs
[2024-11-12T16:45:45.415+0100] {logging_mixin.py:190} INFO - [2024-11-12T16:45:45.415+0100] {dag.py:4180} INFO - Setting next_dagrun for example_xcom to 2021-01-01 00:00:00+00:00, run_after=2021-01-01 00:00:00+00:00
[2024-11-12T16:45:45.440+0100] {processor.py:208} INFO - Processing /home/sakana/anaconda3/envs/airflow_env/lib/python3.8/site-packages/airflow/example_dags/example_xcom.py took 0.083 seconds
[2024-11-12T16:46:55.416+0100] {processor.py:186} INFO - Started process (PID=7684) to work on /home/sakana/anaconda3/envs/airflow_env/lib/python3.8/site-packages/airflow/example_dags/example_xcom.py
[2024-11-12T16:46:55.417+0100] {processor.py:914} INFO - Processing file /home/sakana/anaconda3/envs/airflow_env/lib/python3.8/site-packages/airflow/example_dags/example_xcom.py for tasks to queue
[2024-11-12T16:46:55.419+0100] {logging_mixin.py:190} INFO - [2024-11-12T16:46:55.419+0100] {dagbag.py:588} INFO - Filling up the DagBag from /home/sakana/anaconda3/envs/airflow_env/lib/python3.8/site-packages/airflow/example_dags/example_xcom.py
[2024-11-12T16:46:55.430+0100] {processor.py:925} INFO - DAG(s) 'example_xcom' retrieved from /home/sakana/anaconda3/envs/airflow_env/lib/python3.8/site-packages/airflow/example_dags/example_xcom.py
[2024-11-12T16:46:55.448+0100] {logging_mixin.py:190} INFO - [2024-11-12T16:46:55.448+0100] {dag.py:3239} INFO - Sync 1 DAGs
[2024-11-12T16:46:55.469+0100] {logging_mixin.py:190} INFO - [2024-11-12T16:46:55.469+0100] {dag.py:4180} INFO - Setting next_dagrun for example_xcom to 2021-01-01 00:00:00+00:00, run_after=2021-01-01 00:00:00+00:00
[2024-11-12T16:46:55.494+0100] {processor.py:208} INFO - Processing /home/sakana/anaconda3/envs/airflow_env/lib/python3.8/site-packages/airflow/example_dags/example_xcom.py took 0.085 seconds
[2024-11-12T16:47:53.463+0100] {processor.py:186} INFO - Started process (PID=7753) to work on /home/sakana/anaconda3/envs/airflow_env/lib/python3.8/site-packages/airflow/example_dags/example_xcom.py
[2024-11-12T16:47:53.468+0100] {processor.py:914} INFO - Processing file /home/sakana/anaconda3/envs/airflow_env/lib/python3.8/site-packages/airflow/example_dags/example_xcom.py for tasks to queue
[2024-11-12T16:47:53.469+0100] {logging_mixin.py:190} INFO - [2024-11-12T16:47:53.469+0100] {dagbag.py:588} INFO - Filling up the DagBag from /home/sakana/anaconda3/envs/airflow_env/lib/python3.8/site-packages/airflow/example_dags/example_xcom.py
[2024-11-12T16:47:53.479+0100] {processor.py:925} INFO - DAG(s) 'example_xcom' retrieved from /home/sakana/anaconda3/envs/airflow_env/lib/python3.8/site-packages/airflow/example_dags/example_xcom.py
[2024-11-12T16:47:53.497+0100] {logging_mixin.py:190} INFO - [2024-11-12T16:47:53.497+0100] {dag.py:3239} INFO - Sync 1 DAGs
[2024-11-12T16:47:53.514+0100] {logging_mixin.py:190} INFO - [2024-11-12T16:47:53.513+0100] {dag.py:4180} INFO - Setting next_dagrun for example_xcom to 2021-01-01 00:00:00+00:00, run_after=2021-01-01 00:00:00+00:00
[2024-11-12T16:47:53.544+0100] {processor.py:208} INFO - Processing /home/sakana/anaconda3/envs/airflow_env/lib/python3.8/site-packages/airflow/example_dags/example_xcom.py took 0.087 seconds
[2024-11-12T16:48:51.513+0100] {processor.py:186} INFO - Started process (PID=7910) to work on /home/sakana/anaconda3/envs/airflow_env/lib/python3.8/site-packages/airflow/example_dags/example_xcom.py
[2024-11-12T16:48:51.518+0100] {processor.py:914} INFO - Processing file /home/sakana/anaconda3/envs/airflow_env/lib/python3.8/site-packages/airflow/example_dags/example_xcom.py for tasks to queue
[2024-11-12T16:48:51.522+0100] {logging_mixin.py:190} INFO - [2024-11-12T16:48:51.521+0100] {dagbag.py:588} INFO - Filling up the DagBag from /home/sakana/anaconda3/envs/airflow_env/lib/python3.8/site-packages/airflow/example_dags/example_xcom.py
[2024-11-12T16:48:51.536+0100] {processor.py:925} INFO - DAG(s) 'example_xcom' retrieved from /home/sakana/anaconda3/envs/airflow_env/lib/python3.8/site-packages/airflow/example_dags/example_xcom.py
[2024-11-12T16:48:51.553+0100] {logging_mixin.py:190} INFO - [2024-11-12T16:48:51.552+0100] {dag.py:3239} INFO - Sync 1 DAGs
[2024-11-12T16:48:51.570+0100] {logging_mixin.py:190} INFO - [2024-11-12T16:48:51.570+0100] {dag.py:4180} INFO - Setting next_dagrun for example_xcom to 2021-01-01 00:00:00+00:00, run_after=2021-01-01 00:00:00+00:00
[2024-11-12T16:48:51.598+0100] {processor.py:208} INFO - Processing /home/sakana/anaconda3/envs/airflow_env/lib/python3.8/site-packages/airflow/example_dags/example_xcom.py took 0.097 seconds
[2024-11-12T16:49:48.361+0100] {processor.py:186} INFO - Started process (PID=8002) to work on /home/sakana/anaconda3/envs/airflow_env/lib/python3.8/site-packages/airflow/example_dags/example_xcom.py
[2024-11-12T16:49:48.366+0100] {processor.py:914} INFO - Processing file /home/sakana/anaconda3/envs/airflow_env/lib/python3.8/site-packages/airflow/example_dags/example_xcom.py for tasks to queue
[2024-11-12T16:49:48.372+0100] {logging_mixin.py:190} INFO - [2024-11-12T16:49:48.371+0100] {dagbag.py:588} INFO - Filling up the DagBag from /home/sakana/anaconda3/envs/airflow_env/lib/python3.8/site-packages/airflow/example_dags/example_xcom.py
[2024-11-12T16:49:48.399+0100] {processor.py:925} INFO - DAG(s) 'example_xcom' retrieved from /home/sakana/anaconda3/envs/airflow_env/lib/python3.8/site-packages/airflow/example_dags/example_xcom.py
[2024-11-12T16:49:48.418+0100] {logging_mixin.py:190} INFO - [2024-11-12T16:49:48.417+0100] {dag.py:3239} INFO - Sync 1 DAGs
[2024-11-12T16:49:48.434+0100] {logging_mixin.py:190} INFO - [2024-11-12T16:49:48.434+0100] {dag.py:4180} INFO - Setting next_dagrun for example_xcom to 2021-01-01 00:00:00+00:00, run_after=2021-01-01 00:00:00+00:00
[2024-11-12T16:49:48.459+0100] {processor.py:208} INFO - Processing /home/sakana/anaconda3/envs/airflow_env/lib/python3.8/site-packages/airflow/example_dags/example_xcom.py took 0.106 seconds
[2024-11-12T16:50:45.843+0100] {processor.py:186} INFO - Started process (PID=8069) to work on /home/sakana/anaconda3/envs/airflow_env/lib/python3.8/site-packages/airflow/example_dags/example_xcom.py
[2024-11-12T16:50:45.849+0100] {processor.py:914} INFO - Processing file /home/sakana/anaconda3/envs/airflow_env/lib/python3.8/site-packages/airflow/example_dags/example_xcom.py for tasks to queue
[2024-11-12T16:50:45.851+0100] {logging_mixin.py:190} INFO - [2024-11-12T16:50:45.850+0100] {dagbag.py:588} INFO - Filling up the DagBag from /home/sakana/anaconda3/envs/airflow_env/lib/python3.8/site-packages/airflow/example_dags/example_xcom.py
[2024-11-12T16:50:45.861+0100] {processor.py:925} INFO - DAG(s) 'example_xcom' retrieved from /home/sakana/anaconda3/envs/airflow_env/lib/python3.8/site-packages/airflow/example_dags/example_xcom.py
[2024-11-12T16:50:45.877+0100] {logging_mixin.py:190} INFO - [2024-11-12T16:50:45.876+0100] {dag.py:3239} INFO - Sync 1 DAGs
[2024-11-12T16:50:45.894+0100] {logging_mixin.py:190} INFO - [2024-11-12T16:50:45.893+0100] {dag.py:4180} INFO - Setting next_dagrun for example_xcom to 2021-01-01 00:00:00+00:00, run_after=2021-01-01 00:00:00+00:00
[2024-11-12T16:50:45.926+0100] {processor.py:208} INFO - Processing /home/sakana/anaconda3/envs/airflow_env/lib/python3.8/site-packages/airflow/example_dags/example_xcom.py took 0.090 seconds
[2024-11-12T16:51:41.707+0100] {processor.py:186} INFO - Started process (PID=8142) to work on /home/sakana/anaconda3/envs/airflow_env/lib/python3.8/site-packages/airflow/example_dags/example_xcom.py
[2024-11-12T16:51:41.712+0100] {processor.py:914} INFO - Processing file /home/sakana/anaconda3/envs/airflow_env/lib/python3.8/site-packages/airflow/example_dags/example_xcom.py for tasks to queue
[2024-11-12T16:51:41.714+0100] {logging_mixin.py:190} INFO - [2024-11-12T16:51:41.714+0100] {dagbag.py:588} INFO - Filling up the DagBag from /home/sakana/anaconda3/envs/airflow_env/lib/python3.8/site-packages/airflow/example_dags/example_xcom.py
[2024-11-12T16:51:41.724+0100] {processor.py:925} INFO - DAG(s) 'example_xcom' retrieved from /home/sakana/anaconda3/envs/airflow_env/lib/python3.8/site-packages/airflow/example_dags/example_xcom.py
[2024-11-12T16:51:41.740+0100] {logging_mixin.py:190} INFO - [2024-11-12T16:51:41.740+0100] {dag.py:3239} INFO - Sync 1 DAGs
[2024-11-12T16:51:41.758+0100] {logging_mixin.py:190} INFO - [2024-11-12T16:51:41.758+0100] {dag.py:4180} INFO - Setting next_dagrun for example_xcom to 2021-01-01 00:00:00+00:00, run_after=2021-01-01 00:00:00+00:00
[2024-11-12T16:51:41.797+0100] {processor.py:208} INFO - Processing /home/sakana/anaconda3/envs/airflow_env/lib/python3.8/site-packages/airflow/example_dags/example_xcom.py took 0.100 seconds
[2024-11-12T16:52:38.931+0100] {processor.py:186} INFO - Started process (PID=8231) to work on /home/sakana/anaconda3/envs/airflow_env/lib/python3.8/site-packages/airflow/example_dags/example_xcom.py
[2024-11-12T16:52:38.936+0100] {processor.py:914} INFO - Processing file /home/sakana/anaconda3/envs/airflow_env/lib/python3.8/site-packages/airflow/example_dags/example_xcom.py for tasks to queue
[2024-11-12T16:52:38.939+0100] {logging_mixin.py:190} INFO - [2024-11-12T16:52:38.938+0100] {dagbag.py:588} INFO - Filling up the DagBag from /home/sakana/anaconda3/envs/airflow_env/lib/python3.8/site-packages/airflow/example_dags/example_xcom.py
[2024-11-12T16:52:38.949+0100] {processor.py:925} INFO - DAG(s) 'example_xcom' retrieved from /home/sakana/anaconda3/envs/airflow_env/lib/python3.8/site-packages/airflow/example_dags/example_xcom.py
[2024-11-12T16:52:38.968+0100] {logging_mixin.py:190} INFO - [2024-11-12T16:52:38.967+0100] {dag.py:3239} INFO - Sync 1 DAGs
[2024-11-12T16:52:38.987+0100] {logging_mixin.py:190} INFO - [2024-11-12T16:52:38.987+0100] {dag.py:4180} INFO - Setting next_dagrun for example_xcom to 2021-01-01 00:00:00+00:00, run_after=2021-01-01 00:00:00+00:00
[2024-11-12T16:52:39.013+0100] {processor.py:208} INFO - Processing /home/sakana/anaconda3/envs/airflow_env/lib/python3.8/site-packages/airflow/example_dags/example_xcom.py took 0.088 seconds
[2024-11-12T16:53:34.675+0100] {processor.py:186} INFO - Started process (PID=8324) to work on /home/sakana/anaconda3/envs/airflow_env/lib/python3.8/site-packages/airflow/example_dags/example_xcom.py
[2024-11-12T16:53:34.681+0100] {processor.py:914} INFO - Processing file /home/sakana/anaconda3/envs/airflow_env/lib/python3.8/site-packages/airflow/example_dags/example_xcom.py for tasks to queue
[2024-11-12T16:53:34.684+0100] {logging_mixin.py:190} INFO - [2024-11-12T16:53:34.683+0100] {dagbag.py:588} INFO - Filling up the DagBag from /home/sakana/anaconda3/envs/airflow_env/lib/python3.8/site-packages/airflow/example_dags/example_xcom.py
[2024-11-12T16:53:34.696+0100] {processor.py:925} INFO - DAG(s) 'example_xcom' retrieved from /home/sakana/anaconda3/envs/airflow_env/lib/python3.8/site-packages/airflow/example_dags/example_xcom.py
[2024-11-12T16:53:34.713+0100] {logging_mixin.py:190} INFO - [2024-11-12T16:53:34.712+0100] {dag.py:3239} INFO - Sync 1 DAGs
[2024-11-12T16:53:34.734+0100] {logging_mixin.py:190} INFO - [2024-11-12T16:53:34.734+0100] {dag.py:4180} INFO - Setting next_dagrun for example_xcom to 2021-01-01 00:00:00+00:00, run_after=2021-01-01 00:00:00+00:00
[2024-11-12T16:53:34.763+0100] {processor.py:208} INFO - Processing /home/sakana/anaconda3/envs/airflow_env/lib/python3.8/site-packages/airflow/example_dags/example_xcom.py took 0.099 seconds
[2024-11-12T16:54:36.210+0100] {processor.py:186} INFO - Started process (PID=8496) to work on /home/sakana/anaconda3/envs/airflow_env/lib/python3.8/site-packages/airflow/example_dags/example_xcom.py
[2024-11-12T16:54:36.226+0100] {processor.py:914} INFO - Processing file /home/sakana/anaconda3/envs/airflow_env/lib/python3.8/site-packages/airflow/example_dags/example_xcom.py for tasks to queue
[2024-11-12T16:54:36.229+0100] {logging_mixin.py:190} INFO - [2024-11-12T16:54:36.228+0100] {dagbag.py:588} INFO - Filling up the DagBag from /home/sakana/anaconda3/envs/airflow_env/lib/python3.8/site-packages/airflow/example_dags/example_xcom.py
[2024-11-12T16:54:36.241+0100] {processor.py:925} INFO - DAG(s) 'example_xcom' retrieved from /home/sakana/anaconda3/envs/airflow_env/lib/python3.8/site-packages/airflow/example_dags/example_xcom.py
[2024-11-12T16:54:36.258+0100] {logging_mixin.py:190} INFO - [2024-11-12T16:54:36.258+0100] {dag.py:3239} INFO - Sync 1 DAGs
[2024-11-12T16:54:36.276+0100] {logging_mixin.py:190} INFO - [2024-11-12T16:54:36.276+0100] {dag.py:4180} INFO - Setting next_dagrun for example_xcom to 2021-01-01 00:00:00+00:00, run_after=2021-01-01 00:00:00+00:00
[2024-11-12T16:54:36.303+0100] {processor.py:208} INFO - Processing /home/sakana/anaconda3/envs/airflow_env/lib/python3.8/site-packages/airflow/example_dags/example_xcom.py took 0.099 seconds
[2024-11-12T16:55:36.364+0100] {processor.py:186} INFO - Started process (PID=8588) to work on /home/sakana/anaconda3/envs/airflow_env/lib/python3.8/site-packages/airflow/example_dags/example_xcom.py
[2024-11-12T16:55:36.369+0100] {processor.py:914} INFO - Processing file /home/sakana/anaconda3/envs/airflow_env/lib/python3.8/site-packages/airflow/example_dags/example_xcom.py for tasks to queue
[2024-11-12T16:55:36.371+0100] {logging_mixin.py:190} INFO - [2024-11-12T16:55:36.370+0100] {dagbag.py:588} INFO - Filling up the DagBag from /home/sakana/anaconda3/envs/airflow_env/lib/python3.8/site-packages/airflow/example_dags/example_xcom.py
[2024-11-12T16:55:36.380+0100] {processor.py:925} INFO - DAG(s) 'example_xcom' retrieved from /home/sakana/anaconda3/envs/airflow_env/lib/python3.8/site-packages/airflow/example_dags/example_xcom.py
[2024-11-12T16:55:36.395+0100] {logging_mixin.py:190} INFO - [2024-11-12T16:55:36.394+0100] {dag.py:3239} INFO - Sync 1 DAGs
[2024-11-12T16:55:36.412+0100] {logging_mixin.py:190} INFO - [2024-11-12T16:55:36.411+0100] {dag.py:4180} INFO - Setting next_dagrun for example_xcom to 2021-01-01 00:00:00+00:00, run_after=2021-01-01 00:00:00+00:00
[2024-11-12T16:55:36.442+0100] {processor.py:208} INFO - Processing /home/sakana/anaconda3/envs/airflow_env/lib/python3.8/site-packages/airflow/example_dags/example_xcom.py took 0.083 seconds
[2024-11-12T16:56:33.428+0100] {processor.py:186} INFO - Started process (PID=8661) to work on /home/sakana/anaconda3/envs/airflow_env/lib/python3.8/site-packages/airflow/example_dags/example_xcom.py
[2024-11-12T16:56:33.433+0100] {processor.py:914} INFO - Processing file /home/sakana/anaconda3/envs/airflow_env/lib/python3.8/site-packages/airflow/example_dags/example_xcom.py for tasks to queue
[2024-11-12T16:56:33.435+0100] {logging_mixin.py:190} INFO - [2024-11-12T16:56:33.435+0100] {dagbag.py:588} INFO - Filling up the DagBag from /home/sakana/anaconda3/envs/airflow_env/lib/python3.8/site-packages/airflow/example_dags/example_xcom.py
[2024-11-12T16:56:33.446+0100] {processor.py:925} INFO - DAG(s) 'example_xcom' retrieved from /home/sakana/anaconda3/envs/airflow_env/lib/python3.8/site-packages/airflow/example_dags/example_xcom.py
[2024-11-12T16:56:33.462+0100] {logging_mixin.py:190} INFO - [2024-11-12T16:56:33.462+0100] {dag.py:3239} INFO - Sync 1 DAGs
[2024-11-12T16:56:33.479+0100] {logging_mixin.py:190} INFO - [2024-11-12T16:56:33.479+0100] {dag.py:4180} INFO - Setting next_dagrun for example_xcom to 2021-01-01 00:00:00+00:00, run_after=2021-01-01 00:00:00+00:00
[2024-11-12T16:56:33.505+0100] {processor.py:208} INFO - Processing /home/sakana/anaconda3/envs/airflow_env/lib/python3.8/site-packages/airflow/example_dags/example_xcom.py took 0.085 seconds
[2024-11-12T16:57:34.271+0100] {processor.py:186} INFO - Started process (PID=8743) to work on /home/sakana/anaconda3/envs/airflow_env/lib/python3.8/site-packages/airflow/example_dags/example_xcom.py
[2024-11-12T16:57:34.275+0100] {processor.py:914} INFO - Processing file /home/sakana/anaconda3/envs/airflow_env/lib/python3.8/site-packages/airflow/example_dags/example_xcom.py for tasks to queue
[2024-11-12T16:57:34.277+0100] {logging_mixin.py:190} INFO - [2024-11-12T16:57:34.277+0100] {dagbag.py:588} INFO - Filling up the DagBag from /home/sakana/anaconda3/envs/airflow_env/lib/python3.8/site-packages/airflow/example_dags/example_xcom.py
[2024-11-12T16:57:34.290+0100] {processor.py:925} INFO - DAG(s) 'example_xcom' retrieved from /home/sakana/anaconda3/envs/airflow_env/lib/python3.8/site-packages/airflow/example_dags/example_xcom.py
[2024-11-12T16:57:34.312+0100] {logging_mixin.py:190} INFO - [2024-11-12T16:57:34.312+0100] {dag.py:3239} INFO - Sync 1 DAGs
[2024-11-12T16:57:34.335+0100] {logging_mixin.py:190} INFO - [2024-11-12T16:57:34.335+0100] {dag.py:4180} INFO - Setting next_dagrun for example_xcom to 2021-01-01 00:00:00+00:00, run_after=2021-01-01 00:00:00+00:00
[2024-11-12T16:57:34.364+0100] {processor.py:208} INFO - Processing /home/sakana/anaconda3/envs/airflow_env/lib/python3.8/site-packages/airflow/example_dags/example_xcom.py took 0.101 seconds
[2024-11-12T16:58:36.806+0100] {processor.py:186} INFO - Started process (PID=8845) to work on /home/sakana/anaconda3/envs/airflow_env/lib/python3.8/site-packages/airflow/example_dags/example_xcom.py
[2024-11-12T16:58:36.811+0100] {processor.py:914} INFO - Processing file /home/sakana/anaconda3/envs/airflow_env/lib/python3.8/site-packages/airflow/example_dags/example_xcom.py for tasks to queue
[2024-11-12T16:58:36.815+0100] {logging_mixin.py:190} INFO - [2024-11-12T16:58:36.814+0100] {dagbag.py:588} INFO - Filling up the DagBag from /home/sakana/anaconda3/envs/airflow_env/lib/python3.8/site-packages/airflow/example_dags/example_xcom.py
[2024-11-12T16:58:36.829+0100] {processor.py:925} INFO - DAG(s) 'example_xcom' retrieved from /home/sakana/anaconda3/envs/airflow_env/lib/python3.8/site-packages/airflow/example_dags/example_xcom.py
[2024-11-12T16:58:36.847+0100] {logging_mixin.py:190} INFO - [2024-11-12T16:58:36.847+0100] {dag.py:3239} INFO - Sync 1 DAGs
[2024-11-12T16:58:36.865+0100] {logging_mixin.py:190} INFO - [2024-11-12T16:58:36.865+0100] {dag.py:4180} INFO - Setting next_dagrun for example_xcom to 2021-01-01 00:00:00+00:00, run_after=2021-01-01 00:00:00+00:00
[2024-11-12T16:58:36.890+0100] {processor.py:208} INFO - Processing /home/sakana/anaconda3/envs/airflow_env/lib/python3.8/site-packages/airflow/example_dags/example_xcom.py took 0.093 seconds
[2024-11-12T16:59:38.042+0100] {processor.py:186} INFO - Started process (PID=8922) to work on /home/sakana/anaconda3/envs/airflow_env/lib/python3.8/site-packages/airflow/example_dags/example_xcom.py
[2024-11-12T16:59:38.048+0100] {processor.py:914} INFO - Processing file /home/sakana/anaconda3/envs/airflow_env/lib/python3.8/site-packages/airflow/example_dags/example_xcom.py for tasks to queue
[2024-11-12T16:59:38.052+0100] {logging_mixin.py:190} INFO - [2024-11-12T16:59:38.050+0100] {dagbag.py:588} INFO - Filling up the DagBag from /home/sakana/anaconda3/envs/airflow_env/lib/python3.8/site-packages/airflow/example_dags/example_xcom.py
[2024-11-12T16:59:38.072+0100] {processor.py:925} INFO - DAG(s) 'example_xcom' retrieved from /home/sakana/anaconda3/envs/airflow_env/lib/python3.8/site-packages/airflow/example_dags/example_xcom.py
[2024-11-12T16:59:38.089+0100] {logging_mixin.py:190} INFO - [2024-11-12T16:59:38.088+0100] {dag.py:3239} INFO - Sync 1 DAGs
[2024-11-12T16:59:38.105+0100] {logging_mixin.py:190} INFO - [2024-11-12T16:59:38.105+0100] {dag.py:4180} INFO - Setting next_dagrun for example_xcom to 2021-01-01 00:00:00+00:00, run_after=2021-01-01 00:00:00+00:00
[2024-11-12T16:59:38.129+0100] {processor.py:208} INFO - Processing /home/sakana/anaconda3/envs/airflow_env/lib/python3.8/site-packages/airflow/example_dags/example_xcom.py took 0.097 seconds
[2024-11-12T17:00:37.856+0100] {processor.py:186} INFO - Started process (PID=8996) to work on /home/sakana/anaconda3/envs/airflow_env/lib/python3.8/site-packages/airflow/example_dags/example_xcom.py
[2024-11-12T17:00:37.868+0100] {processor.py:914} INFO - Processing file /home/sakana/anaconda3/envs/airflow_env/lib/python3.8/site-packages/airflow/example_dags/example_xcom.py for tasks to queue
[2024-11-12T17:00:37.870+0100] {logging_mixin.py:190} INFO - [2024-11-12T17:00:37.870+0100] {dagbag.py:588} INFO - Filling up the DagBag from /home/sakana/anaconda3/envs/airflow_env/lib/python3.8/site-packages/airflow/example_dags/example_xcom.py
[2024-11-12T17:00:37.881+0100] {processor.py:925} INFO - DAG(s) 'example_xcom' retrieved from /home/sakana/anaconda3/envs/airflow_env/lib/python3.8/site-packages/airflow/example_dags/example_xcom.py
[2024-11-12T17:00:37.897+0100] {logging_mixin.py:190} INFO - [2024-11-12T17:00:37.897+0100] {dag.py:3239} INFO - Sync 1 DAGs
[2024-11-12T17:00:37.915+0100] {logging_mixin.py:190} INFO - [2024-11-12T17:00:37.914+0100] {dag.py:4180} INFO - Setting next_dagrun for example_xcom to 2021-01-01 00:00:00+00:00, run_after=2021-01-01 00:00:00+00:00
[2024-11-12T17:00:37.943+0100] {processor.py:208} INFO - Processing /home/sakana/anaconda3/envs/airflow_env/lib/python3.8/site-packages/airflow/example_dags/example_xcom.py took 0.095 seconds
[2024-11-12T17:18:44.650+0100] {processor.py:186} INFO - Started process (PID=9290) to work on /home/sakana/anaconda3/envs/airflow_env/lib/python3.8/site-packages/airflow/example_dags/example_xcom.py
[2024-11-12T17:18:44.656+0100] {processor.py:914} INFO - Processing file /home/sakana/anaconda3/envs/airflow_env/lib/python3.8/site-packages/airflow/example_dags/example_xcom.py for tasks to queue
[2024-11-12T17:18:44.660+0100] {logging_mixin.py:190} INFO - [2024-11-12T17:18:44.659+0100] {dagbag.py:588} INFO - Filling up the DagBag from /home/sakana/anaconda3/envs/airflow_env/lib/python3.8/site-packages/airflow/example_dags/example_xcom.py
[2024-11-12T17:18:44.678+0100] {processor.py:925} INFO - DAG(s) 'example_xcom' retrieved from /home/sakana/anaconda3/envs/airflow_env/lib/python3.8/site-packages/airflow/example_dags/example_xcom.py
[2024-11-12T17:18:44.695+0100] {logging_mixin.py:190} INFO - [2024-11-12T17:18:44.695+0100] {dag.py:3239} INFO - Sync 1 DAGs
[2024-11-12T17:18:44.712+0100] {logging_mixin.py:190} INFO - [2024-11-12T17:18:44.712+0100] {dag.py:4180} INFO - Setting next_dagrun for example_xcom to 2021-01-01 00:00:00+00:00, run_after=2021-01-01 00:00:00+00:00
[2024-11-12T17:18:44.744+0100] {processor.py:208} INFO - Processing /home/sakana/anaconda3/envs/airflow_env/lib/python3.8/site-packages/airflow/example_dags/example_xcom.py took 0.109 seconds
[2024-11-12T17:19:53.943+0100] {processor.py:186} INFO - Started process (PID=9618) to work on /home/sakana/anaconda3/envs/airflow_env/lib/python3.8/site-packages/airflow/example_dags/example_xcom.py
[2024-11-12T17:19:53.944+0100] {processor.py:914} INFO - Processing file /home/sakana/anaconda3/envs/airflow_env/lib/python3.8/site-packages/airflow/example_dags/example_xcom.py for tasks to queue
[2024-11-12T17:19:53.946+0100] {logging_mixin.py:190} INFO - [2024-11-12T17:19:53.946+0100] {dagbag.py:588} INFO - Filling up the DagBag from /home/sakana/anaconda3/envs/airflow_env/lib/python3.8/site-packages/airflow/example_dags/example_xcom.py
[2024-11-12T17:19:53.959+0100] {processor.py:925} INFO - DAG(s) 'example_xcom' retrieved from /home/sakana/anaconda3/envs/airflow_env/lib/python3.8/site-packages/airflow/example_dags/example_xcom.py
[2024-11-12T17:19:53.982+0100] {logging_mixin.py:190} INFO - [2024-11-12T17:19:53.982+0100] {dag.py:3239} INFO - Sync 1 DAGs
[2024-11-12T17:19:54.004+0100] {logging_mixin.py:190} INFO - [2024-11-12T17:19:54.003+0100] {dag.py:4180} INFO - Setting next_dagrun for example_xcom to 2021-01-01 00:00:00+00:00, run_after=2021-01-01 00:00:00+00:00
[2024-11-12T17:19:54.040+0100] {processor.py:208} INFO - Processing /home/sakana/anaconda3/envs/airflow_env/lib/python3.8/site-packages/airflow/example_dags/example_xcom.py took 0.108 seconds
[2024-11-12T17:20:59.504+0100] {processor.py:186} INFO - Started process (PID=9717) to work on /home/sakana/anaconda3/envs/airflow_env/lib/python3.8/site-packages/airflow/example_dags/example_xcom.py
[2024-11-12T17:20:59.511+0100] {processor.py:914} INFO - Processing file /home/sakana/anaconda3/envs/airflow_env/lib/python3.8/site-packages/airflow/example_dags/example_xcom.py for tasks to queue
[2024-11-12T17:20:59.516+0100] {logging_mixin.py:190} INFO - [2024-11-12T17:20:59.515+0100] {dagbag.py:588} INFO - Filling up the DagBag from /home/sakana/anaconda3/envs/airflow_env/lib/python3.8/site-packages/airflow/example_dags/example_xcom.py
[2024-11-12T17:20:59.537+0100] {processor.py:925} INFO - DAG(s) 'example_xcom' retrieved from /home/sakana/anaconda3/envs/airflow_env/lib/python3.8/site-packages/airflow/example_dags/example_xcom.py
[2024-11-12T17:20:59.568+0100] {logging_mixin.py:190} INFO - [2024-11-12T17:20:59.568+0100] {dag.py:3239} INFO - Sync 1 DAGs
[2024-11-12T17:20:59.598+0100] {logging_mixin.py:190} INFO - [2024-11-12T17:20:59.597+0100] {dag.py:4180} INFO - Setting next_dagrun for example_xcom to 2021-01-01 00:00:00+00:00, run_after=2021-01-01 00:00:00+00:00
[2024-11-12T17:20:59.699+0100] {processor.py:208} INFO - Processing /home/sakana/anaconda3/envs/airflow_env/lib/python3.8/site-packages/airflow/example_dags/example_xcom.py took 0.211 seconds
[2024-11-12T17:22:08.813+0100] {processor.py:186} INFO - Started process (PID=9825) to work on /home/sakana/anaconda3/envs/airflow_env/lib/python3.8/site-packages/airflow/example_dags/example_xcom.py
[2024-11-12T17:22:08.818+0100] {processor.py:914} INFO - Processing file /home/sakana/anaconda3/envs/airflow_env/lib/python3.8/site-packages/airflow/example_dags/example_xcom.py for tasks to queue
[2024-11-12T17:22:08.821+0100] {logging_mixin.py:190} INFO - [2024-11-12T17:22:08.821+0100] {dagbag.py:588} INFO - Filling up the DagBag from /home/sakana/anaconda3/envs/airflow_env/lib/python3.8/site-packages/airflow/example_dags/example_xcom.py
[2024-11-12T17:22:08.833+0100] {processor.py:925} INFO - DAG(s) 'example_xcom' retrieved from /home/sakana/anaconda3/envs/airflow_env/lib/python3.8/site-packages/airflow/example_dags/example_xcom.py
[2024-11-12T17:22:08.857+0100] {logging_mixin.py:190} INFO - [2024-11-12T17:22:08.857+0100] {dag.py:3239} INFO - Sync 1 DAGs
[2024-11-12T17:22:08.883+0100] {logging_mixin.py:190} INFO - [2024-11-12T17:22:08.883+0100] {dag.py:4180} INFO - Setting next_dagrun for example_xcom to 2021-01-01 00:00:00+00:00, run_after=2021-01-01 00:00:00+00:00
[2024-11-12T17:22:08.922+0100] {processor.py:208} INFO - Processing /home/sakana/anaconda3/envs/airflow_env/lib/python3.8/site-packages/airflow/example_dags/example_xcom.py took 0.120 seconds
[2024-11-12T17:23:22.748+0100] {processor.py:186} INFO - Started process (PID=9968) to work on /home/sakana/anaconda3/envs/airflow_env/lib/python3.8/site-packages/airflow/example_dags/example_xcom.py
[2024-11-12T17:23:22.753+0100] {processor.py:914} INFO - Processing file /home/sakana/anaconda3/envs/airflow_env/lib/python3.8/site-packages/airflow/example_dags/example_xcom.py for tasks to queue
[2024-11-12T17:23:22.756+0100] {logging_mixin.py:190} INFO - [2024-11-12T17:23:22.756+0100] {dagbag.py:588} INFO - Filling up the DagBag from /home/sakana/anaconda3/envs/airflow_env/lib/python3.8/site-packages/airflow/example_dags/example_xcom.py
[2024-11-12T17:23:22.768+0100] {processor.py:925} INFO - DAG(s) 'example_xcom' retrieved from /home/sakana/anaconda3/envs/airflow_env/lib/python3.8/site-packages/airflow/example_dags/example_xcom.py
[2024-11-12T17:23:22.793+0100] {logging_mixin.py:190} INFO - [2024-11-12T17:23:22.793+0100] {dag.py:3239} INFO - Sync 1 DAGs
[2024-11-12T17:23:22.822+0100] {logging_mixin.py:190} INFO - [2024-11-12T17:23:22.821+0100] {dag.py:4180} INFO - Setting next_dagrun for example_xcom to 2021-01-01 00:00:00+00:00, run_after=2021-01-01 00:00:00+00:00
[2024-11-12T17:23:22.854+0100] {processor.py:208} INFO - Processing /home/sakana/anaconda3/envs/airflow_env/lib/python3.8/site-packages/airflow/example_dags/example_xcom.py took 0.121 seconds
[2024-11-12T17:24:35.696+0100] {processor.py:186} INFO - Started process (PID=10134) to work on /home/sakana/anaconda3/envs/airflow_env/lib/python3.8/site-packages/airflow/example_dags/example_xcom.py
[2024-11-12T17:24:35.702+0100] {processor.py:914} INFO - Processing file /home/sakana/anaconda3/envs/airflow_env/lib/python3.8/site-packages/airflow/example_dags/example_xcom.py for tasks to queue
[2024-11-12T17:24:35.705+0100] {logging_mixin.py:190} INFO - [2024-11-12T17:24:35.704+0100] {dagbag.py:588} INFO - Filling up the DagBag from /home/sakana/anaconda3/envs/airflow_env/lib/python3.8/site-packages/airflow/example_dags/example_xcom.py
[2024-11-12T17:24:35.717+0100] {processor.py:925} INFO - DAG(s) 'example_xcom' retrieved from /home/sakana/anaconda3/envs/airflow_env/lib/python3.8/site-packages/airflow/example_dags/example_xcom.py
[2024-11-12T17:24:35.743+0100] {logging_mixin.py:190} INFO - [2024-11-12T17:24:35.742+0100] {dag.py:3239} INFO - Sync 1 DAGs
[2024-11-12T17:24:35.773+0100] {logging_mixin.py:190} INFO - [2024-11-12T17:24:35.772+0100] {dag.py:4180} INFO - Setting next_dagrun for example_xcom to 2021-01-01 00:00:00+00:00, run_after=2021-01-01 00:00:00+00:00
[2024-11-12T17:24:35.820+0100] {processor.py:208} INFO - Processing /home/sakana/anaconda3/envs/airflow_env/lib/python3.8/site-packages/airflow/example_dags/example_xcom.py took 0.137 seconds
[2024-11-12T17:25:49.150+0100] {processor.py:186} INFO - Started process (PID=10251) to work on /home/sakana/anaconda3/envs/airflow_env/lib/python3.8/site-packages/airflow/example_dags/example_xcom.py
[2024-11-12T17:25:49.155+0100] {processor.py:914} INFO - Processing file /home/sakana/anaconda3/envs/airflow_env/lib/python3.8/site-packages/airflow/example_dags/example_xcom.py for tasks to queue
[2024-11-12T17:25:49.158+0100] {logging_mixin.py:190} INFO - [2024-11-12T17:25:49.158+0100] {dagbag.py:588} INFO - Filling up the DagBag from /home/sakana/anaconda3/envs/airflow_env/lib/python3.8/site-packages/airflow/example_dags/example_xcom.py
[2024-11-12T17:25:49.175+0100] {processor.py:925} INFO - DAG(s) 'example_xcom' retrieved from /home/sakana/anaconda3/envs/airflow_env/lib/python3.8/site-packages/airflow/example_dags/example_xcom.py
[2024-11-12T17:25:49.206+0100] {logging_mixin.py:190} INFO - [2024-11-12T17:25:49.206+0100] {dag.py:3239} INFO - Sync 1 DAGs
[2024-11-12T17:25:49.237+0100] {logging_mixin.py:190} INFO - [2024-11-12T17:25:49.237+0100] {dag.py:4180} INFO - Setting next_dagrun for example_xcom to 2021-01-01 00:00:00+00:00, run_after=2021-01-01 00:00:00+00:00
[2024-11-12T17:25:49.289+0100] {processor.py:208} INFO - Processing /home/sakana/anaconda3/envs/airflow_env/lib/python3.8/site-packages/airflow/example_dags/example_xcom.py took 0.149 seconds
[2024-11-12T17:27:00.362+0100] {processor.py:186} INFO - Started process (PID=10356) to work on /home/sakana/anaconda3/envs/airflow_env/lib/python3.8/site-packages/airflow/example_dags/example_xcom.py
[2024-11-12T17:27:00.368+0100] {processor.py:914} INFO - Processing file /home/sakana/anaconda3/envs/airflow_env/lib/python3.8/site-packages/airflow/example_dags/example_xcom.py for tasks to queue
[2024-11-12T17:27:00.374+0100] {logging_mixin.py:190} INFO - [2024-11-12T17:27:00.373+0100] {dagbag.py:588} INFO - Filling up the DagBag from /home/sakana/anaconda3/envs/airflow_env/lib/python3.8/site-packages/airflow/example_dags/example_xcom.py
[2024-11-12T17:27:00.400+0100] {processor.py:925} INFO - DAG(s) 'example_xcom' retrieved from /home/sakana/anaconda3/envs/airflow_env/lib/python3.8/site-packages/airflow/example_dags/example_xcom.py
[2024-11-12T17:27:00.425+0100] {logging_mixin.py:190} INFO - [2024-11-12T17:27:00.425+0100] {dag.py:3239} INFO - Sync 1 DAGs
[2024-11-12T17:27:00.452+0100] {logging_mixin.py:190} INFO - [2024-11-12T17:27:00.452+0100] {dag.py:4180} INFO - Setting next_dagrun for example_xcom to 2021-01-01 00:00:00+00:00, run_after=2021-01-01 00:00:00+00:00
[2024-11-12T17:27:00.481+0100] {processor.py:208} INFO - Processing /home/sakana/anaconda3/envs/airflow_env/lib/python3.8/site-packages/airflow/example_dags/example_xcom.py took 0.133 seconds
[2024-11-12T17:28:12.632+0100] {processor.py:186} INFO - Started process (PID=10455) to work on /home/sakana/anaconda3/envs/airflow_env/lib/python3.8/site-packages/airflow/example_dags/example_xcom.py
[2024-11-12T17:28:12.639+0100] {processor.py:914} INFO - Processing file /home/sakana/anaconda3/envs/airflow_env/lib/python3.8/site-packages/airflow/example_dags/example_xcom.py for tasks to queue
[2024-11-12T17:28:12.644+0100] {logging_mixin.py:190} INFO - [2024-11-12T17:28:12.643+0100] {dagbag.py:588} INFO - Filling up the DagBag from /home/sakana/anaconda3/envs/airflow_env/lib/python3.8/site-packages/airflow/example_dags/example_xcom.py
[2024-11-12T17:28:12.667+0100] {processor.py:925} INFO - DAG(s) 'example_xcom' retrieved from /home/sakana/anaconda3/envs/airflow_env/lib/python3.8/site-packages/airflow/example_dags/example_xcom.py
[2024-11-12T17:28:12.711+0100] {logging_mixin.py:190} INFO - [2024-11-12T17:28:12.710+0100] {dag.py:3239} INFO - Sync 1 DAGs
[2024-11-12T17:28:12.739+0100] {logging_mixin.py:190} INFO - [2024-11-12T17:28:12.739+0100] {dag.py:4180} INFO - Setting next_dagrun for example_xcom to 2021-01-01 00:00:00+00:00, run_after=2021-01-01 00:00:00+00:00
[2024-11-12T17:28:12.774+0100] {processor.py:208} INFO - Processing /home/sakana/anaconda3/envs/airflow_env/lib/python3.8/site-packages/airflow/example_dags/example_xcom.py took 0.154 seconds
[2024-11-12T17:29:26.175+0100] {processor.py:186} INFO - Started process (PID=10580) to work on /home/sakana/anaconda3/envs/airflow_env/lib/python3.8/site-packages/airflow/example_dags/example_xcom.py
[2024-11-12T17:29:26.180+0100] {processor.py:914} INFO - Processing file /home/sakana/anaconda3/envs/airflow_env/lib/python3.8/site-packages/airflow/example_dags/example_xcom.py for tasks to queue
[2024-11-12T17:29:26.183+0100] {logging_mixin.py:190} INFO - [2024-11-12T17:29:26.182+0100] {dagbag.py:588} INFO - Filling up the DagBag from /home/sakana/anaconda3/envs/airflow_env/lib/python3.8/site-packages/airflow/example_dags/example_xcom.py
[2024-11-12T17:29:26.197+0100] {processor.py:925} INFO - DAG(s) 'example_xcom' retrieved from /home/sakana/anaconda3/envs/airflow_env/lib/python3.8/site-packages/airflow/example_dags/example_xcom.py
[2024-11-12T17:29:26.219+0100] {logging_mixin.py:190} INFO - [2024-11-12T17:29:26.219+0100] {dag.py:3239} INFO - Sync 1 DAGs
[2024-11-12T17:29:26.249+0100] {logging_mixin.py:190} INFO - [2024-11-12T17:29:26.249+0100] {dag.py:4180} INFO - Setting next_dagrun for example_xcom to 2021-01-01 00:00:00+00:00, run_after=2021-01-01 00:00:00+00:00
[2024-11-12T17:29:26.287+0100] {processor.py:208} INFO - Processing /home/sakana/anaconda3/envs/airflow_env/lib/python3.8/site-packages/airflow/example_dags/example_xcom.py took 0.123 seconds
[2024-11-12T17:30:37.674+0100] {processor.py:186} INFO - Started process (PID=10658) to work on /home/sakana/anaconda3/envs/airflow_env/lib/python3.8/site-packages/airflow/example_dags/example_xcom.py
[2024-11-12T17:30:37.679+0100] {processor.py:914} INFO - Processing file /home/sakana/anaconda3/envs/airflow_env/lib/python3.8/site-packages/airflow/example_dags/example_xcom.py for tasks to queue
[2024-11-12T17:30:37.681+0100] {logging_mixin.py:190} INFO - [2024-11-12T17:30:37.681+0100] {dagbag.py:588} INFO - Filling up the DagBag from /home/sakana/anaconda3/envs/airflow_env/lib/python3.8/site-packages/airflow/example_dags/example_xcom.py
[2024-11-12T17:30:37.696+0100] {processor.py:925} INFO - DAG(s) 'example_xcom' retrieved from /home/sakana/anaconda3/envs/airflow_env/lib/python3.8/site-packages/airflow/example_dags/example_xcom.py
[2024-11-12T17:30:37.718+0100] {logging_mixin.py:190} INFO - [2024-11-12T17:30:37.718+0100] {dag.py:3239} INFO - Sync 1 DAGs
[2024-11-12T17:30:37.746+0100] {logging_mixin.py:190} INFO - [2024-11-12T17:30:37.746+0100] {dag.py:4180} INFO - Setting next_dagrun for example_xcom to 2021-01-01 00:00:00+00:00, run_after=2021-01-01 00:00:00+00:00
[2024-11-12T17:30:37.781+0100] {processor.py:208} INFO - Processing /home/sakana/anaconda3/envs/airflow_env/lib/python3.8/site-packages/airflow/example_dags/example_xcom.py took 0.119 seconds
[2024-11-12T17:31:49.432+0100] {processor.py:186} INFO - Started process (PID=10749) to work on /home/sakana/anaconda3/envs/airflow_env/lib/python3.8/site-packages/airflow/example_dags/example_xcom.py
[2024-11-12T17:31:49.437+0100] {processor.py:914} INFO - Processing file /home/sakana/anaconda3/envs/airflow_env/lib/python3.8/site-packages/airflow/example_dags/example_xcom.py for tasks to queue
[2024-11-12T17:31:49.442+0100] {logging_mixin.py:190} INFO - [2024-11-12T17:31:49.441+0100] {dagbag.py:588} INFO - Filling up the DagBag from /home/sakana/anaconda3/envs/airflow_env/lib/python3.8/site-packages/airflow/example_dags/example_xcom.py
[2024-11-12T17:31:49.462+0100] {processor.py:925} INFO - DAG(s) 'example_xcom' retrieved from /home/sakana/anaconda3/envs/airflow_env/lib/python3.8/site-packages/airflow/example_dags/example_xcom.py
[2024-11-12T17:31:49.504+0100] {logging_mixin.py:190} INFO - [2024-11-12T17:31:49.503+0100] {dag.py:3239} INFO - Sync 1 DAGs
[2024-11-12T17:31:49.539+0100] {logging_mixin.py:190} INFO - [2024-11-12T17:31:49.539+0100] {dag.py:4180} INFO - Setting next_dagrun for example_xcom to 2021-01-01 00:00:00+00:00, run_after=2021-01-01 00:00:00+00:00
[2024-11-12T17:31:49.590+0100] {processor.py:208} INFO - Processing /home/sakana/anaconda3/envs/airflow_env/lib/python3.8/site-packages/airflow/example_dags/example_xcom.py took 0.172 seconds
[2024-11-12T17:32:57.923+0100] {processor.py:186} INFO - Started process (PID=10883) to work on /home/sakana/anaconda3/envs/airflow_env/lib/python3.8/site-packages/airflow/example_dags/example_xcom.py
[2024-11-12T17:32:57.928+0100] {processor.py:914} INFO - Processing file /home/sakana/anaconda3/envs/airflow_env/lib/python3.8/site-packages/airflow/example_dags/example_xcom.py for tasks to queue
[2024-11-12T17:32:57.932+0100] {logging_mixin.py:190} INFO - [2024-11-12T17:32:57.931+0100] {dagbag.py:588} INFO - Filling up the DagBag from /home/sakana/anaconda3/envs/airflow_env/lib/python3.8/site-packages/airflow/example_dags/example_xcom.py
[2024-11-12T17:32:57.942+0100] {processor.py:925} INFO - DAG(s) 'example_xcom' retrieved from /home/sakana/anaconda3/envs/airflow_env/lib/python3.8/site-packages/airflow/example_dags/example_xcom.py
[2024-11-12T17:32:57.963+0100] {logging_mixin.py:190} INFO - [2024-11-12T17:32:57.963+0100] {dag.py:3239} INFO - Sync 1 DAGs
[2024-11-12T17:32:57.985+0100] {logging_mixin.py:190} INFO - [2024-11-12T17:32:57.985+0100] {dag.py:4180} INFO - Setting next_dagrun for example_xcom to 2021-01-01 00:00:00+00:00, run_after=2021-01-01 00:00:00+00:00
[2024-11-12T17:32:58.024+0100] {processor.py:208} INFO - Processing /home/sakana/anaconda3/envs/airflow_env/lib/python3.8/site-packages/airflow/example_dags/example_xcom.py took 0.108 seconds
[2024-11-12T17:34:03.136+0100] {processor.py:186} INFO - Started process (PID=11092) to work on /home/sakana/anaconda3/envs/airflow_env/lib/python3.8/site-packages/airflow/example_dags/example_xcom.py
[2024-11-12T17:34:03.141+0100] {processor.py:914} INFO - Processing file /home/sakana/anaconda3/envs/airflow_env/lib/python3.8/site-packages/airflow/example_dags/example_xcom.py for tasks to queue
[2024-11-12T17:34:03.144+0100] {logging_mixin.py:190} INFO - [2024-11-12T17:34:03.143+0100] {dagbag.py:588} INFO - Filling up the DagBag from /home/sakana/anaconda3/envs/airflow_env/lib/python3.8/site-packages/airflow/example_dags/example_xcom.py
[2024-11-12T17:34:03.155+0100] {processor.py:925} INFO - DAG(s) 'example_xcom' retrieved from /home/sakana/anaconda3/envs/airflow_env/lib/python3.8/site-packages/airflow/example_dags/example_xcom.py
[2024-11-12T17:34:03.172+0100] {logging_mixin.py:190} INFO - [2024-11-12T17:34:03.172+0100] {dag.py:3239} INFO - Sync 1 DAGs
[2024-11-12T17:34:03.190+0100] {logging_mixin.py:190} INFO - [2024-11-12T17:34:03.189+0100] {dag.py:4180} INFO - Setting next_dagrun for example_xcom to 2021-01-01 00:00:00+00:00, run_after=2021-01-01 00:00:00+00:00
[2024-11-12T17:34:03.221+0100] {processor.py:208} INFO - Processing /home/sakana/anaconda3/envs/airflow_env/lib/python3.8/site-packages/airflow/example_dags/example_xcom.py took 0.091 seconds
[2024-11-12T17:35:05.066+0100] {processor.py:186} INFO - Started process (PID=11169) to work on /home/sakana/anaconda3/envs/airflow_env/lib/python3.8/site-packages/airflow/example_dags/example_xcom.py
[2024-11-12T17:35:05.071+0100] {processor.py:914} INFO - Processing file /home/sakana/anaconda3/envs/airflow_env/lib/python3.8/site-packages/airflow/example_dags/example_xcom.py for tasks to queue
[2024-11-12T17:35:05.073+0100] {logging_mixin.py:190} INFO - [2024-11-12T17:35:05.073+0100] {dagbag.py:588} INFO - Filling up the DagBag from /home/sakana/anaconda3/envs/airflow_env/lib/python3.8/site-packages/airflow/example_dags/example_xcom.py
[2024-11-12T17:35:05.082+0100] {processor.py:925} INFO - DAG(s) 'example_xcom' retrieved from /home/sakana/anaconda3/envs/airflow_env/lib/python3.8/site-packages/airflow/example_dags/example_xcom.py
[2024-11-12T17:35:05.098+0100] {logging_mixin.py:190} INFO - [2024-11-12T17:35:05.098+0100] {dag.py:3239} INFO - Sync 1 DAGs
[2024-11-12T17:35:05.114+0100] {logging_mixin.py:190} INFO - [2024-11-12T17:35:05.114+0100] {dag.py:4180} INFO - Setting next_dagrun for example_xcom to 2021-01-01 00:00:00+00:00, run_after=2021-01-01 00:00:00+00:00
[2024-11-12T17:35:05.140+0100] {processor.py:208} INFO - Processing /home/sakana/anaconda3/envs/airflow_env/lib/python3.8/site-packages/airflow/example_dags/example_xcom.py took 0.083 seconds
[2024-11-12T17:36:03.763+0100] {processor.py:186} INFO - Started process (PID=11249) to work on /home/sakana/anaconda3/envs/airflow_env/lib/python3.8/site-packages/airflow/example_dags/example_xcom.py
[2024-11-12T17:36:03.764+0100] {processor.py:914} INFO - Processing file /home/sakana/anaconda3/envs/airflow_env/lib/python3.8/site-packages/airflow/example_dags/example_xcom.py for tasks to queue
[2024-11-12T17:36:03.767+0100] {logging_mixin.py:190} INFO - [2024-11-12T17:36:03.767+0100] {dagbag.py:588} INFO - Filling up the DagBag from /home/sakana/anaconda3/envs/airflow_env/lib/python3.8/site-packages/airflow/example_dags/example_xcom.py
[2024-11-12T17:36:03.778+0100] {processor.py:925} INFO - DAG(s) 'example_xcom' retrieved from /home/sakana/anaconda3/envs/airflow_env/lib/python3.8/site-packages/airflow/example_dags/example_xcom.py
[2024-11-12T17:36:03.794+0100] {logging_mixin.py:190} INFO - [2024-11-12T17:36:03.794+0100] {dag.py:3239} INFO - Sync 1 DAGs
[2024-11-12T17:36:03.811+0100] {logging_mixin.py:190} INFO - [2024-11-12T17:36:03.811+0100] {dag.py:4180} INFO - Setting next_dagrun for example_xcom to 2021-01-01 00:00:00+00:00, run_after=2021-01-01 00:00:00+00:00
[2024-11-12T17:36:03.836+0100] {processor.py:208} INFO - Processing /home/sakana/anaconda3/envs/airflow_env/lib/python3.8/site-packages/airflow/example_dags/example_xcom.py took 0.081 seconds
[2024-11-12T17:37:02.532+0100] {processor.py:186} INFO - Started process (PID=11317) to work on /home/sakana/anaconda3/envs/airflow_env/lib/python3.8/site-packages/airflow/example_dags/example_xcom.py
[2024-11-12T17:37:02.537+0100] {processor.py:914} INFO - Processing file /home/sakana/anaconda3/envs/airflow_env/lib/python3.8/site-packages/airflow/example_dags/example_xcom.py for tasks to queue
[2024-11-12T17:37:02.540+0100] {logging_mixin.py:190} INFO - [2024-11-12T17:37:02.540+0100] {dagbag.py:588} INFO - Filling up the DagBag from /home/sakana/anaconda3/envs/airflow_env/lib/python3.8/site-packages/airflow/example_dags/example_xcom.py
[2024-11-12T17:37:02.552+0100] {processor.py:925} INFO - DAG(s) 'example_xcom' retrieved from /home/sakana/anaconda3/envs/airflow_env/lib/python3.8/site-packages/airflow/example_dags/example_xcom.py
[2024-11-12T17:37:02.568+0100] {logging_mixin.py:190} INFO - [2024-11-12T17:37:02.568+0100] {dag.py:3239} INFO - Sync 1 DAGs
[2024-11-12T17:37:02.585+0100] {logging_mixin.py:190} INFO - [2024-11-12T17:37:02.585+0100] {dag.py:4180} INFO - Setting next_dagrun for example_xcom to 2021-01-01 00:00:00+00:00, run_after=2021-01-01 00:00:00+00:00
[2024-11-12T17:37:02.616+0100] {processor.py:208} INFO - Processing /home/sakana/anaconda3/envs/airflow_env/lib/python3.8/site-packages/airflow/example_dags/example_xcom.py took 0.092 seconds
