[2024-11-12T01:01:52.974+0100] {processor.py:186} INFO - Started process (PID=31528) to work on /home/sakana/anaconda3/envs/airflow_env/lib/python3.8/site-packages/airflow/example_dags/example_external_task_marker_dag.py
[2024-11-12T01:01:52.975+0100] {processor.py:914} INFO - Processing file /home/sakana/anaconda3/envs/airflow_env/lib/python3.8/site-packages/airflow/example_dags/example_external_task_marker_dag.py for tasks to queue
[2024-11-12T01:01:52.977+0100] {logging_mixin.py:190} INFO - [2024-11-12T01:01:52.977+0100] {dagbag.py:588} INFO - Filling up the DagBag from /home/sakana/anaconda3/envs/airflow_env/lib/python3.8/site-packages/airflow/example_dags/example_external_task_marker_dag.py
[2024-11-12T01:01:52.987+0100] {processor.py:925} INFO - DAG(s) 'example_external_task_marker_child', 'example_external_task_marker_parent' retrieved from /home/sakana/anaconda3/envs/airflow_env/lib/python3.8/site-packages/airflow/example_dags/example_external_task_marker_dag.py
[2024-11-12T01:01:53.012+0100] {logging_mixin.py:190} INFO - [2024-11-12T01:01:53.012+0100] {dag.py:3239} INFO - Sync 2 DAGs
[2024-11-12T01:01:53.027+0100] {logging_mixin.py:190} INFO - [2024-11-12T01:01:53.026+0100] {dag.py:4180} INFO - Setting next_dagrun for example_external_task_marker_child to None, run_after=None
[2024-11-12T01:01:53.030+0100] {logging_mixin.py:190} INFO - [2024-11-12T01:01:53.030+0100] {dag.py:4180} INFO - Setting next_dagrun for example_external_task_marker_parent to None, run_after=None
[2024-11-12T01:01:53.061+0100] {processor.py:208} INFO - Processing /home/sakana/anaconda3/envs/airflow_env/lib/python3.8/site-packages/airflow/example_dags/example_external_task_marker_dag.py took 0.094 seconds
[2024-11-12T01:02:58.885+0100] {processor.py:186} INFO - Started process (PID=32018) to work on /home/sakana/anaconda3/envs/airflow_env/lib/python3.8/site-packages/airflow/example_dags/example_external_task_marker_dag.py
[2024-11-12T01:02:58.890+0100] {processor.py:914} INFO - Processing file /home/sakana/anaconda3/envs/airflow_env/lib/python3.8/site-packages/airflow/example_dags/example_external_task_marker_dag.py for tasks to queue
[2024-11-12T01:02:58.893+0100] {logging_mixin.py:190} INFO - [2024-11-12T01:02:58.892+0100] {dagbag.py:588} INFO - Filling up the DagBag from /home/sakana/anaconda3/envs/airflow_env/lib/python3.8/site-packages/airflow/example_dags/example_external_task_marker_dag.py
[2024-11-12T01:02:58.901+0100] {processor.py:925} INFO - DAG(s) 'example_external_task_marker_child', 'example_external_task_marker_parent' retrieved from /home/sakana/anaconda3/envs/airflow_env/lib/python3.8/site-packages/airflow/example_dags/example_external_task_marker_dag.py
[2024-11-12T01:02:58.921+0100] {logging_mixin.py:190} INFO - [2024-11-12T01:02:58.920+0100] {dag.py:3239} INFO - Sync 2 DAGs
[2024-11-12T01:02:58.934+0100] {logging_mixin.py:190} INFO - [2024-11-12T01:02:58.934+0100] {dag.py:4180} INFO - Setting next_dagrun for example_external_task_marker_child to None, run_after=None
[2024-11-12T01:02:58.938+0100] {logging_mixin.py:190} INFO - [2024-11-12T01:02:58.937+0100] {dag.py:4180} INFO - Setting next_dagrun for example_external_task_marker_parent to None, run_after=None
[2024-11-12T01:02:58.961+0100] {processor.py:208} INFO - Processing /home/sakana/anaconda3/envs/airflow_env/lib/python3.8/site-packages/airflow/example_dags/example_external_task_marker_dag.py took 0.082 seconds
[2024-11-12T01:04:00.340+0100] {processor.py:186} INFO - Started process (PID=32438) to work on /home/sakana/anaconda3/envs/airflow_env/lib/python3.8/site-packages/airflow/example_dags/example_external_task_marker_dag.py
[2024-11-12T01:04:00.341+0100] {processor.py:914} INFO - Processing file /home/sakana/anaconda3/envs/airflow_env/lib/python3.8/site-packages/airflow/example_dags/example_external_task_marker_dag.py for tasks to queue
[2024-11-12T01:04:00.343+0100] {logging_mixin.py:190} INFO - [2024-11-12T01:04:00.343+0100] {dagbag.py:588} INFO - Filling up the DagBag from /home/sakana/anaconda3/envs/airflow_env/lib/python3.8/site-packages/airflow/example_dags/example_external_task_marker_dag.py
[2024-11-12T01:04:00.351+0100] {processor.py:925} INFO - DAG(s) 'example_external_task_marker_child', 'example_external_task_marker_parent' retrieved from /home/sakana/anaconda3/envs/airflow_env/lib/python3.8/site-packages/airflow/example_dags/example_external_task_marker_dag.py
[2024-11-12T01:04:00.368+0100] {logging_mixin.py:190} INFO - [2024-11-12T01:04:00.368+0100] {dag.py:3239} INFO - Sync 2 DAGs
[2024-11-12T01:04:00.379+0100] {logging_mixin.py:190} INFO - [2024-11-12T01:04:00.379+0100] {dag.py:4180} INFO - Setting next_dagrun for example_external_task_marker_child to None, run_after=None
[2024-11-12T01:04:00.382+0100] {logging_mixin.py:190} INFO - [2024-11-12T01:04:00.382+0100] {dag.py:4180} INFO - Setting next_dagrun for example_external_task_marker_parent to None, run_after=None
[2024-11-12T01:04:00.413+0100] {processor.py:208} INFO - Processing /home/sakana/anaconda3/envs/airflow_env/lib/python3.8/site-packages/airflow/example_dags/example_external_task_marker_dag.py took 0.079 seconds
[2024-11-12T01:10:38.910+0100] {processor.py:186} INFO - Started process (PID=4176) to work on /home/sakana/anaconda3/envs/airflow_env/lib/python3.8/site-packages/airflow/example_dags/example_external_task_marker_dag.py
[2024-11-12T01:10:38.915+0100] {processor.py:914} INFO - Processing file /home/sakana/anaconda3/envs/airflow_env/lib/python3.8/site-packages/airflow/example_dags/example_external_task_marker_dag.py for tasks to queue
[2024-11-12T01:10:38.918+0100] {logging_mixin.py:190} INFO - [2024-11-12T01:10:38.918+0100] {dagbag.py:588} INFO - Filling up the DagBag from /home/sakana/anaconda3/envs/airflow_env/lib/python3.8/site-packages/airflow/example_dags/example_external_task_marker_dag.py
[2024-11-12T01:10:38.926+0100] {processor.py:925} INFO - DAG(s) 'example_external_task_marker_child', 'example_external_task_marker_parent' retrieved from /home/sakana/anaconda3/envs/airflow_env/lib/python3.8/site-packages/airflow/example_dags/example_external_task_marker_dag.py
[2024-11-12T01:10:38.943+0100] {logging_mixin.py:190} INFO - [2024-11-12T01:10:38.942+0100] {dag.py:3239} INFO - Sync 2 DAGs
[2024-11-12T01:10:38.953+0100] {logging_mixin.py:190} INFO - [2024-11-12T01:10:38.953+0100] {dag.py:4180} INFO - Setting next_dagrun for example_external_task_marker_child to None, run_after=None
[2024-11-12T01:10:38.956+0100] {logging_mixin.py:190} INFO - [2024-11-12T01:10:38.956+0100] {dag.py:4180} INFO - Setting next_dagrun for example_external_task_marker_parent to None, run_after=None
[2024-11-12T01:10:38.979+0100] {processor.py:208} INFO - Processing /home/sakana/anaconda3/envs/airflow_env/lib/python3.8/site-packages/airflow/example_dags/example_external_task_marker_dag.py took 0.075 seconds
[2024-11-12T01:11:40.838+0100] {processor.py:186} INFO - Started process (PID=4237) to work on /home/sakana/anaconda3/envs/airflow_env/lib/python3.8/site-packages/airflow/example_dags/example_external_task_marker_dag.py
[2024-11-12T01:11:40.839+0100] {processor.py:914} INFO - Processing file /home/sakana/anaconda3/envs/airflow_env/lib/python3.8/site-packages/airflow/example_dags/example_external_task_marker_dag.py for tasks to queue
[2024-11-12T01:11:40.841+0100] {logging_mixin.py:190} INFO - [2024-11-12T01:11:40.841+0100] {dagbag.py:588} INFO - Filling up the DagBag from /home/sakana/anaconda3/envs/airflow_env/lib/python3.8/site-packages/airflow/example_dags/example_external_task_marker_dag.py
[2024-11-12T01:11:40.850+0100] {processor.py:925} INFO - DAG(s) 'example_external_task_marker_parent', 'example_external_task_marker_child' retrieved from /home/sakana/anaconda3/envs/airflow_env/lib/python3.8/site-packages/airflow/example_dags/example_external_task_marker_dag.py
[2024-11-12T01:11:40.868+0100] {logging_mixin.py:190} INFO - [2024-11-12T01:11:40.868+0100] {dag.py:3239} INFO - Sync 2 DAGs
[2024-11-12T01:11:40.879+0100] {logging_mixin.py:190} INFO - [2024-11-12T01:11:40.878+0100] {dag.py:4180} INFO - Setting next_dagrun for example_external_task_marker_child to None, run_after=None
[2024-11-12T01:11:40.881+0100] {logging_mixin.py:190} INFO - [2024-11-12T01:11:40.881+0100] {dag.py:4180} INFO - Setting next_dagrun for example_external_task_marker_parent to None, run_after=None
[2024-11-12T01:11:40.904+0100] {processor.py:208} INFO - Processing /home/sakana/anaconda3/envs/airflow_env/lib/python3.8/site-packages/airflow/example_dags/example_external_task_marker_dag.py took 0.072 seconds
[2024-11-12T16:40:32.103+0100] {processor.py:186} INFO - Started process (PID=7020) to work on /home/sakana/anaconda3/envs/airflow_env/lib/python3.8/site-packages/airflow/example_dags/example_external_task_marker_dag.py
[2024-11-12T16:40:32.109+0100] {processor.py:914} INFO - Processing file /home/sakana/anaconda3/envs/airflow_env/lib/python3.8/site-packages/airflow/example_dags/example_external_task_marker_dag.py for tasks to queue
[2024-11-12T16:40:32.114+0100] {logging_mixin.py:190} INFO - [2024-11-12T16:40:32.113+0100] {dagbag.py:588} INFO - Filling up the DagBag from /home/sakana/anaconda3/envs/airflow_env/lib/python3.8/site-packages/airflow/example_dags/example_external_task_marker_dag.py
[2024-11-12T16:40:32.131+0100] {processor.py:925} INFO - DAG(s) 'example_external_task_marker_parent', 'example_external_task_marker_child' retrieved from /home/sakana/anaconda3/envs/airflow_env/lib/python3.8/site-packages/airflow/example_dags/example_external_task_marker_dag.py
[2024-11-12T16:40:32.156+0100] {logging_mixin.py:190} INFO - [2024-11-12T16:40:32.155+0100] {dag.py:3239} INFO - Sync 2 DAGs
[2024-11-12T16:40:32.182+0100] {logging_mixin.py:190} INFO - [2024-11-12T16:40:32.181+0100] {dag.py:4180} INFO - Setting next_dagrun for example_external_task_marker_child to None, run_after=None
[2024-11-12T16:40:32.190+0100] {logging_mixin.py:190} INFO - [2024-11-12T16:40:32.189+0100] {dag.py:4180} INFO - Setting next_dagrun for example_external_task_marker_parent to None, run_after=None
[2024-11-12T16:40:32.245+0100] {processor.py:208} INFO - Processing /home/sakana/anaconda3/envs/airflow_env/lib/python3.8/site-packages/airflow/example_dags/example_external_task_marker_dag.py took 0.154 seconds
[2024-11-12T16:41:40.479+0100] {processor.py:186} INFO - Started process (PID=7134) to work on /home/sakana/anaconda3/envs/airflow_env/lib/python3.8/site-packages/airflow/example_dags/example_external_task_marker_dag.py
[2024-11-12T16:41:40.485+0100] {processor.py:914} INFO - Processing file /home/sakana/anaconda3/envs/airflow_env/lib/python3.8/site-packages/airflow/example_dags/example_external_task_marker_dag.py for tasks to queue
[2024-11-12T16:41:40.487+0100] {logging_mixin.py:190} INFO - [2024-11-12T16:41:40.486+0100] {dagbag.py:588} INFO - Filling up the DagBag from /home/sakana/anaconda3/envs/airflow_env/lib/python3.8/site-packages/airflow/example_dags/example_external_task_marker_dag.py
[2024-11-12T16:41:40.497+0100] {processor.py:925} INFO - DAG(s) 'example_external_task_marker_child', 'example_external_task_marker_parent' retrieved from /home/sakana/anaconda3/envs/airflow_env/lib/python3.8/site-packages/airflow/example_dags/example_external_task_marker_dag.py
[2024-11-12T16:41:40.517+0100] {logging_mixin.py:190} INFO - [2024-11-12T16:41:40.517+0100] {dag.py:3239} INFO - Sync 2 DAGs
[2024-11-12T16:41:40.529+0100] {logging_mixin.py:190} INFO - [2024-11-12T16:41:40.529+0100] {dag.py:4180} INFO - Setting next_dagrun for example_external_task_marker_child to None, run_after=None
[2024-11-12T16:41:40.532+0100] {logging_mixin.py:190} INFO - [2024-11-12T16:41:40.532+0100] {dag.py:4180} INFO - Setting next_dagrun for example_external_task_marker_parent to None, run_after=None
[2024-11-12T16:41:40.568+0100] {processor.py:208} INFO - Processing /home/sakana/anaconda3/envs/airflow_env/lib/python3.8/site-packages/airflow/example_dags/example_external_task_marker_dag.py took 0.096 seconds
[2024-11-12T16:42:37.899+0100] {processor.py:186} INFO - Started process (PID=7276) to work on /home/sakana/anaconda3/envs/airflow_env/lib/python3.8/site-packages/airflow/example_dags/example_external_task_marker_dag.py
[2024-11-12T16:42:37.904+0100] {processor.py:914} INFO - Processing file /home/sakana/anaconda3/envs/airflow_env/lib/python3.8/site-packages/airflow/example_dags/example_external_task_marker_dag.py for tasks to queue
[2024-11-12T16:42:37.907+0100] {logging_mixin.py:190} INFO - [2024-11-12T16:42:37.906+0100] {dagbag.py:588} INFO - Filling up the DagBag from /home/sakana/anaconda3/envs/airflow_env/lib/python3.8/site-packages/airflow/example_dags/example_external_task_marker_dag.py
[2024-11-12T16:42:37.917+0100] {processor.py:925} INFO - DAG(s) 'example_external_task_marker_parent', 'example_external_task_marker_child' retrieved from /home/sakana/anaconda3/envs/airflow_env/lib/python3.8/site-packages/airflow/example_dags/example_external_task_marker_dag.py
[2024-11-12T16:42:37.936+0100] {logging_mixin.py:190} INFO - [2024-11-12T16:42:37.936+0100] {dag.py:3239} INFO - Sync 2 DAGs
[2024-11-12T16:42:37.950+0100] {logging_mixin.py:190} INFO - [2024-11-12T16:42:37.950+0100] {dag.py:4180} INFO - Setting next_dagrun for example_external_task_marker_child to None, run_after=None
[2024-11-12T16:42:37.954+0100] {logging_mixin.py:190} INFO - [2024-11-12T16:42:37.954+0100] {dag.py:4180} INFO - Setting next_dagrun for example_external_task_marker_parent to None, run_after=None
[2024-11-12T16:42:37.979+0100] {processor.py:208} INFO - Processing /home/sakana/anaconda3/envs/airflow_env/lib/python3.8/site-packages/airflow/example_dags/example_external_task_marker_dag.py took 0.087 seconds
[2024-11-12T16:43:37.003+0100] {processor.py:186} INFO - Started process (PID=7382) to work on /home/sakana/anaconda3/envs/airflow_env/lib/python3.8/site-packages/airflow/example_dags/example_external_task_marker_dag.py
[2024-11-12T16:43:37.008+0100] {processor.py:914} INFO - Processing file /home/sakana/anaconda3/envs/airflow_env/lib/python3.8/site-packages/airflow/example_dags/example_external_task_marker_dag.py for tasks to queue
[2024-11-12T16:43:37.010+0100] {logging_mixin.py:190} INFO - [2024-11-12T16:43:37.010+0100] {dagbag.py:588} INFO - Filling up the DagBag from /home/sakana/anaconda3/envs/airflow_env/lib/python3.8/site-packages/airflow/example_dags/example_external_task_marker_dag.py
[2024-11-12T16:43:37.017+0100] {processor.py:925} INFO - DAG(s) 'example_external_task_marker_parent', 'example_external_task_marker_child' retrieved from /home/sakana/anaconda3/envs/airflow_env/lib/python3.8/site-packages/airflow/example_dags/example_external_task_marker_dag.py
[2024-11-12T16:43:37.034+0100] {logging_mixin.py:190} INFO - [2024-11-12T16:43:37.033+0100] {dag.py:3239} INFO - Sync 2 DAGs
[2024-11-12T16:43:37.045+0100] {logging_mixin.py:190} INFO - [2024-11-12T16:43:37.045+0100] {dag.py:4180} INFO - Setting next_dagrun for example_external_task_marker_child to None, run_after=None
[2024-11-12T16:43:37.048+0100] {logging_mixin.py:190} INFO - [2024-11-12T16:43:37.047+0100] {dag.py:4180} INFO - Setting next_dagrun for example_external_task_marker_parent to None, run_after=None
[2024-11-12T16:43:37.075+0100] {processor.py:208} INFO - Processing /home/sakana/anaconda3/envs/airflow_env/lib/python3.8/site-packages/airflow/example_dags/example_external_task_marker_dag.py took 0.078 seconds
[2024-11-12T16:44:33.606+0100] {processor.py:186} INFO - Started process (PID=7463) to work on /home/sakana/anaconda3/envs/airflow_env/lib/python3.8/site-packages/airflow/example_dags/example_external_task_marker_dag.py
[2024-11-12T16:44:33.611+0100] {processor.py:914} INFO - Processing file /home/sakana/anaconda3/envs/airflow_env/lib/python3.8/site-packages/airflow/example_dags/example_external_task_marker_dag.py for tasks to queue
[2024-11-12T16:44:33.613+0100] {logging_mixin.py:190} INFO - [2024-11-12T16:44:33.613+0100] {dagbag.py:588} INFO - Filling up the DagBag from /home/sakana/anaconda3/envs/airflow_env/lib/python3.8/site-packages/airflow/example_dags/example_external_task_marker_dag.py
[2024-11-12T16:44:33.623+0100] {processor.py:925} INFO - DAG(s) 'example_external_task_marker_parent', 'example_external_task_marker_child' retrieved from /home/sakana/anaconda3/envs/airflow_env/lib/python3.8/site-packages/airflow/example_dags/example_external_task_marker_dag.py
[2024-11-12T16:44:33.641+0100] {logging_mixin.py:190} INFO - [2024-11-12T16:44:33.641+0100] {dag.py:3239} INFO - Sync 2 DAGs
[2024-11-12T16:44:33.653+0100] {logging_mixin.py:190} INFO - [2024-11-12T16:44:33.652+0100] {dag.py:4180} INFO - Setting next_dagrun for example_external_task_marker_child to None, run_after=None
[2024-11-12T16:44:33.656+0100] {logging_mixin.py:190} INFO - [2024-11-12T16:44:33.655+0100] {dag.py:4180} INFO - Setting next_dagrun for example_external_task_marker_parent to None, run_after=None
[2024-11-12T16:44:33.680+0100] {processor.py:208} INFO - Processing /home/sakana/anaconda3/envs/airflow_env/lib/python3.8/site-packages/airflow/example_dags/example_external_task_marker_dag.py took 0.081 seconds
[2024-11-12T16:45:29.684+0100] {processor.py:186} INFO - Started process (PID=7535) to work on /home/sakana/anaconda3/envs/airflow_env/lib/python3.8/site-packages/airflow/example_dags/example_external_task_marker_dag.py
[2024-11-12T16:45:29.690+0100] {processor.py:914} INFO - Processing file /home/sakana/anaconda3/envs/airflow_env/lib/python3.8/site-packages/airflow/example_dags/example_external_task_marker_dag.py for tasks to queue
[2024-11-12T16:45:29.694+0100] {logging_mixin.py:190} INFO - [2024-11-12T16:45:29.694+0100] {dagbag.py:588} INFO - Filling up the DagBag from /home/sakana/anaconda3/envs/airflow_env/lib/python3.8/site-packages/airflow/example_dags/example_external_task_marker_dag.py
[2024-11-12T16:45:29.707+0100] {processor.py:925} INFO - DAG(s) 'example_external_task_marker_parent', 'example_external_task_marker_child' retrieved from /home/sakana/anaconda3/envs/airflow_env/lib/python3.8/site-packages/airflow/example_dags/example_external_task_marker_dag.py
[2024-11-12T16:45:29.724+0100] {logging_mixin.py:190} INFO - [2024-11-12T16:45:29.724+0100] {dag.py:3239} INFO - Sync 2 DAGs
[2024-11-12T16:45:29.736+0100] {logging_mixin.py:190} INFO - [2024-11-12T16:45:29.736+0100] {dag.py:4180} INFO - Setting next_dagrun for example_external_task_marker_child to None, run_after=None
[2024-11-12T16:45:29.739+0100] {logging_mixin.py:190} INFO - [2024-11-12T16:45:29.739+0100] {dag.py:4180} INFO - Setting next_dagrun for example_external_task_marker_parent to None, run_after=None
[2024-11-12T16:45:29.762+0100] {processor.py:208} INFO - Processing /home/sakana/anaconda3/envs/airflow_env/lib/python3.8/site-packages/airflow/example_dags/example_external_task_marker_dag.py took 0.092 seconds
[2024-11-12T16:46:33.261+0100] {processor.py:186} INFO - Started process (PID=7662) to work on /home/sakana/anaconda3/envs/airflow_env/lib/python3.8/site-packages/airflow/example_dags/example_external_task_marker_dag.py
[2024-11-12T16:46:33.262+0100] {processor.py:914} INFO - Processing file /home/sakana/anaconda3/envs/airflow_env/lib/python3.8/site-packages/airflow/example_dags/example_external_task_marker_dag.py for tasks to queue
[2024-11-12T16:46:33.263+0100] {logging_mixin.py:190} INFO - [2024-11-12T16:46:33.263+0100] {dagbag.py:588} INFO - Filling up the DagBag from /home/sakana/anaconda3/envs/airflow_env/lib/python3.8/site-packages/airflow/example_dags/example_external_task_marker_dag.py
[2024-11-12T16:46:33.272+0100] {processor.py:925} INFO - DAG(s) 'example_external_task_marker_child', 'example_external_task_marker_parent' retrieved from /home/sakana/anaconda3/envs/airflow_env/lib/python3.8/site-packages/airflow/example_dags/example_external_task_marker_dag.py
[2024-11-12T16:46:33.290+0100] {logging_mixin.py:190} INFO - [2024-11-12T16:46:33.290+0100] {dag.py:3239} INFO - Sync 2 DAGs
[2024-11-12T16:46:33.305+0100] {logging_mixin.py:190} INFO - [2024-11-12T16:46:33.305+0100] {dag.py:4180} INFO - Setting next_dagrun for example_external_task_marker_child to None, run_after=None
[2024-11-12T16:46:33.309+0100] {logging_mixin.py:190} INFO - [2024-11-12T16:46:33.309+0100] {dag.py:4180} INFO - Setting next_dagrun for example_external_task_marker_parent to None, run_after=None
[2024-11-12T16:46:33.334+0100] {processor.py:208} INFO - Processing /home/sakana/anaconda3/envs/airflow_env/lib/python3.8/site-packages/airflow/example_dags/example_external_task_marker_dag.py took 0.079 seconds
[2024-11-12T16:47:38.307+0100] {processor.py:186} INFO - Started process (PID=7737) to work on /home/sakana/anaconda3/envs/airflow_env/lib/python3.8/site-packages/airflow/example_dags/example_external_task_marker_dag.py
[2024-11-12T16:47:38.312+0100] {processor.py:914} INFO - Processing file /home/sakana/anaconda3/envs/airflow_env/lib/python3.8/site-packages/airflow/example_dags/example_external_task_marker_dag.py for tasks to queue
[2024-11-12T16:47:38.314+0100] {logging_mixin.py:190} INFO - [2024-11-12T16:47:38.313+0100] {dagbag.py:588} INFO - Filling up the DagBag from /home/sakana/anaconda3/envs/airflow_env/lib/python3.8/site-packages/airflow/example_dags/example_external_task_marker_dag.py
[2024-11-12T16:47:38.323+0100] {processor.py:925} INFO - DAG(s) 'example_external_task_marker_child', 'example_external_task_marker_parent' retrieved from /home/sakana/anaconda3/envs/airflow_env/lib/python3.8/site-packages/airflow/example_dags/example_external_task_marker_dag.py
[2024-11-12T16:47:38.343+0100] {logging_mixin.py:190} INFO - [2024-11-12T16:47:38.343+0100] {dag.py:3239} INFO - Sync 2 DAGs
[2024-11-12T16:47:38.355+0100] {logging_mixin.py:190} INFO - [2024-11-12T16:47:38.355+0100] {dag.py:4180} INFO - Setting next_dagrun for example_external_task_marker_child to None, run_after=None
[2024-11-12T16:47:38.358+0100] {logging_mixin.py:190} INFO - [2024-11-12T16:47:38.357+0100] {dag.py:4180} INFO - Setting next_dagrun for example_external_task_marker_parent to None, run_after=None
[2024-11-12T16:47:38.382+0100] {processor.py:208} INFO - Processing /home/sakana/anaconda3/envs/airflow_env/lib/python3.8/site-packages/airflow/example_dags/example_external_task_marker_dag.py took 0.080 seconds
[2024-11-12T16:48:35.681+0100] {processor.py:186} INFO - Started process (PID=7889) to work on /home/sakana/anaconda3/envs/airflow_env/lib/python3.8/site-packages/airflow/example_dags/example_external_task_marker_dag.py
[2024-11-12T16:48:35.687+0100] {processor.py:914} INFO - Processing file /home/sakana/anaconda3/envs/airflow_env/lib/python3.8/site-packages/airflow/example_dags/example_external_task_marker_dag.py for tasks to queue
[2024-11-12T16:48:35.690+0100] {logging_mixin.py:190} INFO - [2024-11-12T16:48:35.689+0100] {dagbag.py:588} INFO - Filling up the DagBag from /home/sakana/anaconda3/envs/airflow_env/lib/python3.8/site-packages/airflow/example_dags/example_external_task_marker_dag.py
[2024-11-12T16:48:35.705+0100] {processor.py:925} INFO - DAG(s) 'example_external_task_marker_parent', 'example_external_task_marker_child' retrieved from /home/sakana/anaconda3/envs/airflow_env/lib/python3.8/site-packages/airflow/example_dags/example_external_task_marker_dag.py
[2024-11-12T16:48:35.732+0100] {logging_mixin.py:190} INFO - [2024-11-12T16:48:35.732+0100] {dag.py:3239} INFO - Sync 2 DAGs
[2024-11-12T16:48:35.746+0100] {logging_mixin.py:190} INFO - [2024-11-12T16:48:35.746+0100] {dag.py:4180} INFO - Setting next_dagrun for example_external_task_marker_child to None, run_after=None
[2024-11-12T16:48:35.749+0100] {logging_mixin.py:190} INFO - [2024-11-12T16:48:35.749+0100] {dag.py:4180} INFO - Setting next_dagrun for example_external_task_marker_parent to None, run_after=None
[2024-11-12T16:48:35.772+0100] {processor.py:208} INFO - Processing /home/sakana/anaconda3/envs/airflow_env/lib/python3.8/site-packages/airflow/example_dags/example_external_task_marker_dag.py took 0.099 seconds
[2024-11-12T16:49:32.693+0100] {processor.py:186} INFO - Started process (PID=7987) to work on /home/sakana/anaconda3/envs/airflow_env/lib/python3.8/site-packages/airflow/example_dags/example_external_task_marker_dag.py
[2024-11-12T16:49:32.699+0100] {processor.py:914} INFO - Processing file /home/sakana/anaconda3/envs/airflow_env/lib/python3.8/site-packages/airflow/example_dags/example_external_task_marker_dag.py for tasks to queue
[2024-11-12T16:49:32.701+0100] {logging_mixin.py:190} INFO - [2024-11-12T16:49:32.701+0100] {dagbag.py:588} INFO - Filling up the DagBag from /home/sakana/anaconda3/envs/airflow_env/lib/python3.8/site-packages/airflow/example_dags/example_external_task_marker_dag.py
[2024-11-12T16:49:32.711+0100] {processor.py:925} INFO - DAG(s) 'example_external_task_marker_child', 'example_external_task_marker_parent' retrieved from /home/sakana/anaconda3/envs/airflow_env/lib/python3.8/site-packages/airflow/example_dags/example_external_task_marker_dag.py
[2024-11-12T16:49:32.730+0100] {logging_mixin.py:190} INFO - [2024-11-12T16:49:32.729+0100] {dag.py:3239} INFO - Sync 2 DAGs
[2024-11-12T16:49:32.742+0100] {logging_mixin.py:190} INFO - [2024-11-12T16:49:32.742+0100] {dag.py:4180} INFO - Setting next_dagrun for example_external_task_marker_child to None, run_after=None
[2024-11-12T16:49:32.745+0100] {logging_mixin.py:190} INFO - [2024-11-12T16:49:32.744+0100] {dag.py:4180} INFO - Setting next_dagrun for example_external_task_marker_parent to None, run_after=None
[2024-11-12T16:49:32.771+0100] {processor.py:208} INFO - Processing /home/sakana/anaconda3/envs/airflow_env/lib/python3.8/site-packages/airflow/example_dags/example_external_task_marker_dag.py took 0.085 seconds
[2024-11-12T16:50:30.385+0100] {processor.py:186} INFO - Started process (PID=8054) to work on /home/sakana/anaconda3/envs/airflow_env/lib/python3.8/site-packages/airflow/example_dags/example_external_task_marker_dag.py
[2024-11-12T16:50:30.392+0100] {processor.py:914} INFO - Processing file /home/sakana/anaconda3/envs/airflow_env/lib/python3.8/site-packages/airflow/example_dags/example_external_task_marker_dag.py for tasks to queue
[2024-11-12T16:50:30.397+0100] {logging_mixin.py:190} INFO - [2024-11-12T16:50:30.396+0100] {dagbag.py:588} INFO - Filling up the DagBag from /home/sakana/anaconda3/envs/airflow_env/lib/python3.8/site-packages/airflow/example_dags/example_external_task_marker_dag.py
[2024-11-12T16:50:30.410+0100] {processor.py:925} INFO - DAG(s) 'example_external_task_marker_parent', 'example_external_task_marker_child' retrieved from /home/sakana/anaconda3/envs/airflow_env/lib/python3.8/site-packages/airflow/example_dags/example_external_task_marker_dag.py
[2024-11-12T16:50:30.429+0100] {logging_mixin.py:190} INFO - [2024-11-12T16:50:30.429+0100] {dag.py:3239} INFO - Sync 2 DAGs
[2024-11-12T16:50:30.441+0100] {logging_mixin.py:190} INFO - [2024-11-12T16:50:30.441+0100] {dag.py:4180} INFO - Setting next_dagrun for example_external_task_marker_child to None, run_after=None
[2024-11-12T16:50:30.444+0100] {logging_mixin.py:190} INFO - [2024-11-12T16:50:30.444+0100] {dag.py:4180} INFO - Setting next_dagrun for example_external_task_marker_parent to None, run_after=None
[2024-11-12T16:50:30.466+0100] {processor.py:208} INFO - Processing /home/sakana/anaconda3/envs/airflow_env/lib/python3.8/site-packages/airflow/example_dags/example_external_task_marker_dag.py took 0.098 seconds
[2024-11-12T16:51:27.835+0100] {processor.py:186} INFO - Started process (PID=8128) to work on /home/sakana/anaconda3/envs/airflow_env/lib/python3.8/site-packages/airflow/example_dags/example_external_task_marker_dag.py
[2024-11-12T16:51:27.839+0100] {processor.py:914} INFO - Processing file /home/sakana/anaconda3/envs/airflow_env/lib/python3.8/site-packages/airflow/example_dags/example_external_task_marker_dag.py for tasks to queue
[2024-11-12T16:51:27.842+0100] {logging_mixin.py:190} INFO - [2024-11-12T16:51:27.841+0100] {dagbag.py:588} INFO - Filling up the DagBag from /home/sakana/anaconda3/envs/airflow_env/lib/python3.8/site-packages/airflow/example_dags/example_external_task_marker_dag.py
[2024-11-12T16:51:27.854+0100] {processor.py:925} INFO - DAG(s) 'example_external_task_marker_child', 'example_external_task_marker_parent' retrieved from /home/sakana/anaconda3/envs/airflow_env/lib/python3.8/site-packages/airflow/example_dags/example_external_task_marker_dag.py
[2024-11-12T16:51:27.873+0100] {logging_mixin.py:190} INFO - [2024-11-12T16:51:27.873+0100] {dag.py:3239} INFO - Sync 2 DAGs
[2024-11-12T16:51:27.886+0100] {logging_mixin.py:190} INFO - [2024-11-12T16:51:27.885+0100] {dag.py:4180} INFO - Setting next_dagrun for example_external_task_marker_child to None, run_after=None
[2024-11-12T16:51:27.889+0100] {logging_mixin.py:190} INFO - [2024-11-12T16:51:27.889+0100] {dag.py:4180} INFO - Setting next_dagrun for example_external_task_marker_parent to None, run_after=None
[2024-11-12T16:51:27.936+0100] {processor.py:208} INFO - Processing /home/sakana/anaconda3/envs/airflow_env/lib/python3.8/site-packages/airflow/example_dags/example_external_task_marker_dag.py took 0.108 seconds
[2024-11-12T16:52:24.666+0100] {processor.py:186} INFO - Started process (PID=8216) to work on /home/sakana/anaconda3/envs/airflow_env/lib/python3.8/site-packages/airflow/example_dags/example_external_task_marker_dag.py
[2024-11-12T16:52:24.671+0100] {processor.py:914} INFO - Processing file /home/sakana/anaconda3/envs/airflow_env/lib/python3.8/site-packages/airflow/example_dags/example_external_task_marker_dag.py for tasks to queue
[2024-11-12T16:52:24.673+0100] {logging_mixin.py:190} INFO - [2024-11-12T16:52:24.673+0100] {dagbag.py:588} INFO - Filling up the DagBag from /home/sakana/anaconda3/envs/airflow_env/lib/python3.8/site-packages/airflow/example_dags/example_external_task_marker_dag.py
[2024-11-12T16:52:24.682+0100] {processor.py:925} INFO - DAG(s) 'example_external_task_marker_child', 'example_external_task_marker_parent' retrieved from /home/sakana/anaconda3/envs/airflow_env/lib/python3.8/site-packages/airflow/example_dags/example_external_task_marker_dag.py
[2024-11-12T16:52:24.701+0100] {logging_mixin.py:190} INFO - [2024-11-12T16:52:24.701+0100] {dag.py:3239} INFO - Sync 2 DAGs
[2024-11-12T16:52:24.713+0100] {logging_mixin.py:190} INFO - [2024-11-12T16:52:24.712+0100] {dag.py:4180} INFO - Setting next_dagrun for example_external_task_marker_child to None, run_after=None
[2024-11-12T16:52:24.715+0100] {logging_mixin.py:190} INFO - [2024-11-12T16:52:24.715+0100] {dag.py:4180} INFO - Setting next_dagrun for example_external_task_marker_parent to None, run_after=None
[2024-11-12T16:52:24.740+0100] {processor.py:208} INFO - Processing /home/sakana/anaconda3/envs/airflow_env/lib/python3.8/site-packages/airflow/example_dags/example_external_task_marker_dag.py took 0.082 seconds
[2024-11-12T16:53:19.876+0100] {processor.py:186} INFO - Started process (PID=8307) to work on /home/sakana/anaconda3/envs/airflow_env/lib/python3.8/site-packages/airflow/example_dags/example_external_task_marker_dag.py
[2024-11-12T16:53:19.882+0100] {processor.py:914} INFO - Processing file /home/sakana/anaconda3/envs/airflow_env/lib/python3.8/site-packages/airflow/example_dags/example_external_task_marker_dag.py for tasks to queue
[2024-11-12T16:53:19.885+0100] {logging_mixin.py:190} INFO - [2024-11-12T16:53:19.884+0100] {dagbag.py:588} INFO - Filling up the DagBag from /home/sakana/anaconda3/envs/airflow_env/lib/python3.8/site-packages/airflow/example_dags/example_external_task_marker_dag.py
[2024-11-12T16:53:19.893+0100] {processor.py:925} INFO - DAG(s) 'example_external_task_marker_parent', 'example_external_task_marker_child' retrieved from /home/sakana/anaconda3/envs/airflow_env/lib/python3.8/site-packages/airflow/example_dags/example_external_task_marker_dag.py
[2024-11-12T16:53:19.911+0100] {logging_mixin.py:190} INFO - [2024-11-12T16:53:19.911+0100] {dag.py:3239} INFO - Sync 2 DAGs
[2024-11-12T16:53:19.924+0100] {logging_mixin.py:190} INFO - [2024-11-12T16:53:19.923+0100] {dag.py:4180} INFO - Setting next_dagrun for example_external_task_marker_child to None, run_after=None
[2024-11-12T16:53:19.927+0100] {logging_mixin.py:190} INFO - [2024-11-12T16:53:19.927+0100] {dag.py:4180} INFO - Setting next_dagrun for example_external_task_marker_parent to None, run_after=None
[2024-11-12T16:53:19.963+0100] {processor.py:208} INFO - Processing /home/sakana/anaconda3/envs/airflow_env/lib/python3.8/site-packages/airflow/example_dags/example_external_task_marker_dag.py took 0.094 seconds
[2024-11-12T16:54:18.158+0100] {processor.py:186} INFO - Started process (PID=8468) to work on /home/sakana/anaconda3/envs/airflow_env/lib/python3.8/site-packages/airflow/example_dags/example_external_task_marker_dag.py
[2024-11-12T16:54:18.164+0100] {processor.py:914} INFO - Processing file /home/sakana/anaconda3/envs/airflow_env/lib/python3.8/site-packages/airflow/example_dags/example_external_task_marker_dag.py for tasks to queue
[2024-11-12T16:54:18.167+0100] {logging_mixin.py:190} INFO - [2024-11-12T16:54:18.166+0100] {dagbag.py:588} INFO - Filling up the DagBag from /home/sakana/anaconda3/envs/airflow_env/lib/python3.8/site-packages/airflow/example_dags/example_external_task_marker_dag.py
[2024-11-12T16:54:18.178+0100] {processor.py:925} INFO - DAG(s) 'example_external_task_marker_child', 'example_external_task_marker_parent' retrieved from /home/sakana/anaconda3/envs/airflow_env/lib/python3.8/site-packages/airflow/example_dags/example_external_task_marker_dag.py
[2024-11-12T16:54:18.204+0100] {logging_mixin.py:190} INFO - [2024-11-12T16:54:18.203+0100] {dag.py:3239} INFO - Sync 2 DAGs
[2024-11-12T16:54:18.221+0100] {logging_mixin.py:190} INFO - [2024-11-12T16:54:18.221+0100] {dag.py:4180} INFO - Setting next_dagrun for example_external_task_marker_child to None, run_after=None
[2024-11-12T16:54:18.227+0100] {logging_mixin.py:190} INFO - [2024-11-12T16:54:18.226+0100] {dag.py:4180} INFO - Setting next_dagrun for example_external_task_marker_parent to None, run_after=None
[2024-11-12T16:54:18.266+0100] {processor.py:208} INFO - Processing /home/sakana/anaconda3/envs/airflow_env/lib/python3.8/site-packages/airflow/example_dags/example_external_task_marker_dag.py took 0.116 seconds
[2024-11-12T16:55:19.267+0100] {processor.py:186} INFO - Started process (PID=8571) to work on /home/sakana/anaconda3/envs/airflow_env/lib/python3.8/site-packages/airflow/example_dags/example_external_task_marker_dag.py
[2024-11-12T16:55:19.272+0100] {processor.py:914} INFO - Processing file /home/sakana/anaconda3/envs/airflow_env/lib/python3.8/site-packages/airflow/example_dags/example_external_task_marker_dag.py for tasks to queue
[2024-11-12T16:55:19.274+0100] {logging_mixin.py:190} INFO - [2024-11-12T16:55:19.274+0100] {dagbag.py:588} INFO - Filling up the DagBag from /home/sakana/anaconda3/envs/airflow_env/lib/python3.8/site-packages/airflow/example_dags/example_external_task_marker_dag.py
[2024-11-12T16:55:19.285+0100] {processor.py:925} INFO - DAG(s) 'example_external_task_marker_child', 'example_external_task_marker_parent' retrieved from /home/sakana/anaconda3/envs/airflow_env/lib/python3.8/site-packages/airflow/example_dags/example_external_task_marker_dag.py
[2024-11-12T16:55:19.308+0100] {logging_mixin.py:190} INFO - [2024-11-12T16:55:19.308+0100] {dag.py:3239} INFO - Sync 2 DAGs
[2024-11-12T16:55:19.326+0100] {logging_mixin.py:190} INFO - [2024-11-12T16:55:19.325+0100] {dag.py:4180} INFO - Setting next_dagrun for example_external_task_marker_child to None, run_after=None
[2024-11-12T16:55:19.332+0100] {logging_mixin.py:190} INFO - [2024-11-12T16:55:19.331+0100] {dag.py:4180} INFO - Setting next_dagrun for example_external_task_marker_parent to None, run_after=None
[2024-11-12T16:55:19.369+0100] {processor.py:208} INFO - Processing /home/sakana/anaconda3/envs/airflow_env/lib/python3.8/site-packages/airflow/example_dags/example_external_task_marker_dag.py took 0.111 seconds
[2024-11-12T16:56:16.750+0100] {processor.py:186} INFO - Started process (PID=8638) to work on /home/sakana/anaconda3/envs/airflow_env/lib/python3.8/site-packages/airflow/example_dags/example_external_task_marker_dag.py
[2024-11-12T16:56:16.755+0100] {processor.py:914} INFO - Processing file /home/sakana/anaconda3/envs/airflow_env/lib/python3.8/site-packages/airflow/example_dags/example_external_task_marker_dag.py for tasks to queue
[2024-11-12T16:56:16.757+0100] {logging_mixin.py:190} INFO - [2024-11-12T16:56:16.757+0100] {dagbag.py:588} INFO - Filling up the DagBag from /home/sakana/anaconda3/envs/airflow_env/lib/python3.8/site-packages/airflow/example_dags/example_external_task_marker_dag.py
[2024-11-12T16:56:16.765+0100] {processor.py:925} INFO - DAG(s) 'example_external_task_marker_child', 'example_external_task_marker_parent' retrieved from /home/sakana/anaconda3/envs/airflow_env/lib/python3.8/site-packages/airflow/example_dags/example_external_task_marker_dag.py
[2024-11-12T16:56:16.785+0100] {logging_mixin.py:190} INFO - [2024-11-12T16:56:16.785+0100] {dag.py:3239} INFO - Sync 2 DAGs
[2024-11-12T16:56:16.800+0100] {logging_mixin.py:190} INFO - [2024-11-12T16:56:16.799+0100] {dag.py:4180} INFO - Setting next_dagrun for example_external_task_marker_child to None, run_after=None
[2024-11-12T16:56:16.804+0100] {logging_mixin.py:190} INFO - [2024-11-12T16:56:16.804+0100] {dag.py:4180} INFO - Setting next_dagrun for example_external_task_marker_parent to None, run_after=None
[2024-11-12T16:56:16.829+0100] {processor.py:208} INFO - Processing /home/sakana/anaconda3/envs/airflow_env/lib/python3.8/site-packages/airflow/example_dags/example_external_task_marker_dag.py took 0.085 seconds
[2024-11-12T16:57:17.954+0100] {processor.py:186} INFO - Started process (PID=8725) to work on /home/sakana/anaconda3/envs/airflow_env/lib/python3.8/site-packages/airflow/example_dags/example_external_task_marker_dag.py
[2024-11-12T16:57:17.959+0100] {processor.py:914} INFO - Processing file /home/sakana/anaconda3/envs/airflow_env/lib/python3.8/site-packages/airflow/example_dags/example_external_task_marker_dag.py for tasks to queue
[2024-11-12T16:57:17.961+0100] {logging_mixin.py:190} INFO - [2024-11-12T16:57:17.961+0100] {dagbag.py:588} INFO - Filling up the DagBag from /home/sakana/anaconda3/envs/airflow_env/lib/python3.8/site-packages/airflow/example_dags/example_external_task_marker_dag.py
[2024-11-12T16:57:17.970+0100] {processor.py:925} INFO - DAG(s) 'example_external_task_marker_child', 'example_external_task_marker_parent' retrieved from /home/sakana/anaconda3/envs/airflow_env/lib/python3.8/site-packages/airflow/example_dags/example_external_task_marker_dag.py
[2024-11-12T16:57:17.993+0100] {logging_mixin.py:190} INFO - [2024-11-12T16:57:17.993+0100] {dag.py:3239} INFO - Sync 2 DAGs
[2024-11-12T16:57:18.009+0100] {logging_mixin.py:190} INFO - [2024-11-12T16:57:18.009+0100] {dag.py:4180} INFO - Setting next_dagrun for example_external_task_marker_child to None, run_after=None
[2024-11-12T16:57:18.013+0100] {logging_mixin.py:190} INFO - [2024-11-12T16:57:18.012+0100] {dag.py:4180} INFO - Setting next_dagrun for example_external_task_marker_parent to None, run_after=None
[2024-11-12T16:57:18.037+0100] {processor.py:208} INFO - Processing /home/sakana/anaconda3/envs/airflow_env/lib/python3.8/site-packages/airflow/example_dags/example_external_task_marker_dag.py took 0.088 seconds
[2024-11-12T16:58:21.402+0100] {processor.py:186} INFO - Started process (PID=8824) to work on /home/sakana/anaconda3/envs/airflow_env/lib/python3.8/site-packages/airflow/example_dags/example_external_task_marker_dag.py
[2024-11-12T16:58:21.407+0100] {processor.py:914} INFO - Processing file /home/sakana/anaconda3/envs/airflow_env/lib/python3.8/site-packages/airflow/example_dags/example_external_task_marker_dag.py for tasks to queue
[2024-11-12T16:58:21.409+0100] {logging_mixin.py:190} INFO - [2024-11-12T16:58:21.409+0100] {dagbag.py:588} INFO - Filling up the DagBag from /home/sakana/anaconda3/envs/airflow_env/lib/python3.8/site-packages/airflow/example_dags/example_external_task_marker_dag.py
[2024-11-12T16:58:21.419+0100] {processor.py:925} INFO - DAG(s) 'example_external_task_marker_child', 'example_external_task_marker_parent' retrieved from /home/sakana/anaconda3/envs/airflow_env/lib/python3.8/site-packages/airflow/example_dags/example_external_task_marker_dag.py
[2024-11-12T16:58:21.436+0100] {logging_mixin.py:190} INFO - [2024-11-12T16:58:21.436+0100] {dag.py:3239} INFO - Sync 2 DAGs
[2024-11-12T16:58:21.447+0100] {logging_mixin.py:190} INFO - [2024-11-12T16:58:21.447+0100] {dag.py:4180} INFO - Setting next_dagrun for example_external_task_marker_child to None, run_after=None
[2024-11-12T16:58:21.450+0100] {logging_mixin.py:190} INFO - [2024-11-12T16:58:21.450+0100] {dag.py:4180} INFO - Setting next_dagrun for example_external_task_marker_parent to None, run_after=None
[2024-11-12T16:58:21.482+0100] {processor.py:208} INFO - Processing /home/sakana/anaconda3/envs/airflow_env/lib/python3.8/site-packages/airflow/example_dags/example_external_task_marker_dag.py took 0.085 seconds
[2024-11-12T16:59:21.371+0100] {processor.py:186} INFO - Started process (PID=8904) to work on /home/sakana/anaconda3/envs/airflow_env/lib/python3.8/site-packages/airflow/example_dags/example_external_task_marker_dag.py
[2024-11-12T16:59:21.376+0100] {processor.py:914} INFO - Processing file /home/sakana/anaconda3/envs/airflow_env/lib/python3.8/site-packages/airflow/example_dags/example_external_task_marker_dag.py for tasks to queue
[2024-11-12T16:59:21.383+0100] {logging_mixin.py:190} INFO - [2024-11-12T16:59:21.381+0100] {dagbag.py:588} INFO - Filling up the DagBag from /home/sakana/anaconda3/envs/airflow_env/lib/python3.8/site-packages/airflow/example_dags/example_external_task_marker_dag.py
[2024-11-12T16:59:21.404+0100] {processor.py:925} INFO - DAG(s) 'example_external_task_marker_parent', 'example_external_task_marker_child' retrieved from /home/sakana/anaconda3/envs/airflow_env/lib/python3.8/site-packages/airflow/example_dags/example_external_task_marker_dag.py
[2024-11-12T16:59:21.427+0100] {logging_mixin.py:190} INFO - [2024-11-12T16:59:21.426+0100] {dag.py:3239} INFO - Sync 2 DAGs
[2024-11-12T16:59:21.439+0100] {logging_mixin.py:190} INFO - [2024-11-12T16:59:21.439+0100] {dag.py:4180} INFO - Setting next_dagrun for example_external_task_marker_child to None, run_after=None
[2024-11-12T16:59:21.442+0100] {logging_mixin.py:190} INFO - [2024-11-12T16:59:21.442+0100] {dag.py:4180} INFO - Setting next_dagrun for example_external_task_marker_parent to None, run_after=None
[2024-11-12T16:59:21.467+0100] {processor.py:208} INFO - Processing /home/sakana/anaconda3/envs/airflow_env/lib/python3.8/site-packages/airflow/example_dags/example_external_task_marker_dag.py took 0.103 seconds
[2024-11-12T17:00:19.969+0100] {processor.py:186} INFO - Started process (PID=8979) to work on /home/sakana/anaconda3/envs/airflow_env/lib/python3.8/site-packages/airflow/example_dags/example_external_task_marker_dag.py
[2024-11-12T17:00:19.975+0100] {processor.py:914} INFO - Processing file /home/sakana/anaconda3/envs/airflow_env/lib/python3.8/site-packages/airflow/example_dags/example_external_task_marker_dag.py for tasks to queue
[2024-11-12T17:00:19.977+0100] {logging_mixin.py:190} INFO - [2024-11-12T17:00:19.977+0100] {dagbag.py:588} INFO - Filling up the DagBag from /home/sakana/anaconda3/envs/airflow_env/lib/python3.8/site-packages/airflow/example_dags/example_external_task_marker_dag.py
[2024-11-12T17:00:19.986+0100] {processor.py:925} INFO - DAG(s) 'example_external_task_marker_child', 'example_external_task_marker_parent' retrieved from /home/sakana/anaconda3/envs/airflow_env/lib/python3.8/site-packages/airflow/example_dags/example_external_task_marker_dag.py
[2024-11-12T17:00:20.005+0100] {logging_mixin.py:190} INFO - [2024-11-12T17:00:20.004+0100] {dag.py:3239} INFO - Sync 2 DAGs
[2024-11-12T17:00:20.017+0100] {logging_mixin.py:190} INFO - [2024-11-12T17:00:20.017+0100] {dag.py:4180} INFO - Setting next_dagrun for example_external_task_marker_child to None, run_after=None
[2024-11-12T17:00:20.021+0100] {logging_mixin.py:190} INFO - [2024-11-12T17:00:20.021+0100] {dag.py:4180} INFO - Setting next_dagrun for example_external_task_marker_parent to None, run_after=None
[2024-11-12T17:00:20.046+0100] {processor.py:208} INFO - Processing /home/sakana/anaconda3/envs/airflow_env/lib/python3.8/site-packages/airflow/example_dags/example_external_task_marker_dag.py took 0.083 seconds
[2024-11-12T17:01:23.311+0100] {processor.py:186} INFO - Started process (PID=9065) to work on /home/sakana/anaconda3/envs/airflow_env/lib/python3.8/site-packages/airflow/example_dags/example_external_task_marker_dag.py
[2024-11-12T17:01:23.316+0100] {processor.py:914} INFO - Processing file /home/sakana/anaconda3/envs/airflow_env/lib/python3.8/site-packages/airflow/example_dags/example_external_task_marker_dag.py for tasks to queue
[2024-11-12T17:01:23.317+0100] {logging_mixin.py:190} INFO - [2024-11-12T17:01:23.317+0100] {dagbag.py:588} INFO - Filling up the DagBag from /home/sakana/anaconda3/envs/airflow_env/lib/python3.8/site-packages/airflow/example_dags/example_external_task_marker_dag.py
[2024-11-12T17:01:23.325+0100] {processor.py:925} INFO - DAG(s) 'example_external_task_marker_child', 'example_external_task_marker_parent' retrieved from /home/sakana/anaconda3/envs/airflow_env/lib/python3.8/site-packages/airflow/example_dags/example_external_task_marker_dag.py
[2024-11-12T17:01:23.341+0100] {logging_mixin.py:190} INFO - [2024-11-12T17:01:23.341+0100] {dag.py:3239} INFO - Sync 2 DAGs
[2024-11-12T17:01:23.358+0100] {logging_mixin.py:190} INFO - [2024-11-12T17:01:23.357+0100] {dag.py:4180} INFO - Setting next_dagrun for example_external_task_marker_child to None, run_after=None
[2024-11-12T17:01:23.362+0100] {logging_mixin.py:190} INFO - [2024-11-12T17:01:23.362+0100] {dag.py:4180} INFO - Setting next_dagrun for example_external_task_marker_parent to None, run_after=None
[2024-11-12T17:01:23.389+0100] {processor.py:208} INFO - Processing /home/sakana/anaconda3/envs/airflow_env/lib/python3.8/site-packages/airflow/example_dags/example_external_task_marker_dag.py took 0.084 seconds
[2024-11-12T17:19:33.831+0100] {processor.py:186} INFO - Started process (PID=9580) to work on /home/sakana/anaconda3/envs/airflow_env/lib/python3.8/site-packages/airflow/example_dags/example_external_task_marker_dag.py
[2024-11-12T17:19:33.832+0100] {processor.py:914} INFO - Processing file /home/sakana/anaconda3/envs/airflow_env/lib/python3.8/site-packages/airflow/example_dags/example_external_task_marker_dag.py for tasks to queue
[2024-11-12T17:19:33.835+0100] {logging_mixin.py:190} INFO - [2024-11-12T17:19:33.834+0100] {dagbag.py:588} INFO - Filling up the DagBag from /home/sakana/anaconda3/envs/airflow_env/lib/python3.8/site-packages/airflow/example_dags/example_external_task_marker_dag.py
[2024-11-12T17:19:33.845+0100] {processor.py:925} INFO - DAG(s) 'example_external_task_marker_parent', 'example_external_task_marker_child' retrieved from /home/sakana/anaconda3/envs/airflow_env/lib/python3.8/site-packages/airflow/example_dags/example_external_task_marker_dag.py
[2024-11-12T17:19:33.865+0100] {logging_mixin.py:190} INFO - [2024-11-12T17:19:33.865+0100] {dag.py:3239} INFO - Sync 2 DAGs
[2024-11-12T17:19:33.887+0100] {logging_mixin.py:190} INFO - [2024-11-12T17:19:33.887+0100] {dag.py:4180} INFO - Setting next_dagrun for example_external_task_marker_child to None, run_after=None
[2024-11-12T17:19:33.893+0100] {logging_mixin.py:190} INFO - [2024-11-12T17:19:33.893+0100] {dag.py:4180} INFO - Setting next_dagrun for example_external_task_marker_parent to None, run_after=None
[2024-11-12T17:19:33.926+0100] {processor.py:208} INFO - Processing /home/sakana/anaconda3/envs/airflow_env/lib/python3.8/site-packages/airflow/example_dags/example_external_task_marker_dag.py took 0.102 seconds
[2024-11-12T17:20:39.850+0100] {processor.py:186} INFO - Started process (PID=9698) to work on /home/sakana/anaconda3/envs/airflow_env/lib/python3.8/site-packages/airflow/example_dags/example_external_task_marker_dag.py
[2024-11-12T17:20:39.857+0100] {processor.py:914} INFO - Processing file /home/sakana/anaconda3/envs/airflow_env/lib/python3.8/site-packages/airflow/example_dags/example_external_task_marker_dag.py for tasks to queue
[2024-11-12T17:20:39.860+0100] {logging_mixin.py:190} INFO - [2024-11-12T17:20:39.860+0100] {dagbag.py:588} INFO - Filling up the DagBag from /home/sakana/anaconda3/envs/airflow_env/lib/python3.8/site-packages/airflow/example_dags/example_external_task_marker_dag.py
[2024-11-12T17:20:39.876+0100] {processor.py:925} INFO - DAG(s) 'example_external_task_marker_parent', 'example_external_task_marker_child' retrieved from /home/sakana/anaconda3/envs/airflow_env/lib/python3.8/site-packages/airflow/example_dags/example_external_task_marker_dag.py
[2024-11-12T17:20:39.909+0100] {logging_mixin.py:190} INFO - [2024-11-12T17:20:39.908+0100] {dag.py:3239} INFO - Sync 2 DAGs
[2024-11-12T17:20:39.928+0100] {logging_mixin.py:190} INFO - [2024-11-12T17:20:39.928+0100] {dag.py:4180} INFO - Setting next_dagrun for example_external_task_marker_child to None, run_after=None
[2024-11-12T17:20:39.932+0100] {logging_mixin.py:190} INFO - [2024-11-12T17:20:39.932+0100] {dag.py:4180} INFO - Setting next_dagrun for example_external_task_marker_parent to None, run_after=None
[2024-11-12T17:20:39.961+0100] {processor.py:208} INFO - Processing /home/sakana/anaconda3/envs/airflow_env/lib/python3.8/site-packages/airflow/example_dags/example_external_task_marker_dag.py took 0.124 seconds
[2024-11-12T17:21:49.523+0100] {processor.py:186} INFO - Started process (PID=9799) to work on /home/sakana/anaconda3/envs/airflow_env/lib/python3.8/site-packages/airflow/example_dags/example_external_task_marker_dag.py
[2024-11-12T17:21:49.525+0100] {processor.py:914} INFO - Processing file /home/sakana/anaconda3/envs/airflow_env/lib/python3.8/site-packages/airflow/example_dags/example_external_task_marker_dag.py for tasks to queue
[2024-11-12T17:21:49.531+0100] {logging_mixin.py:190} INFO - [2024-11-12T17:21:49.530+0100] {dagbag.py:588} INFO - Filling up the DagBag from /home/sakana/anaconda3/envs/airflow_env/lib/python3.8/site-packages/airflow/example_dags/example_external_task_marker_dag.py
[2024-11-12T17:21:49.550+0100] {processor.py:925} INFO - DAG(s) 'example_external_task_marker_child', 'example_external_task_marker_parent' retrieved from /home/sakana/anaconda3/envs/airflow_env/lib/python3.8/site-packages/airflow/example_dags/example_external_task_marker_dag.py
[2024-11-12T17:21:49.581+0100] {logging_mixin.py:190} INFO - [2024-11-12T17:21:49.581+0100] {dag.py:3239} INFO - Sync 2 DAGs
[2024-11-12T17:21:49.601+0100] {logging_mixin.py:190} INFO - [2024-11-12T17:21:49.600+0100] {dag.py:4180} INFO - Setting next_dagrun for example_external_task_marker_child to None, run_after=None
[2024-11-12T17:21:49.605+0100] {logging_mixin.py:190} INFO - [2024-11-12T17:21:49.605+0100] {dag.py:4180} INFO - Setting next_dagrun for example_external_task_marker_parent to None, run_after=None
[2024-11-12T17:21:49.636+0100] {processor.py:208} INFO - Processing /home/sakana/anaconda3/envs/airflow_env/lib/python3.8/site-packages/airflow/example_dags/example_external_task_marker_dag.py took 0.131 seconds
[2024-11-12T17:22:59.941+0100] {processor.py:186} INFO - Started process (PID=9896) to work on /home/sakana/anaconda3/envs/airflow_env/lib/python3.8/site-packages/airflow/example_dags/example_external_task_marker_dag.py
[2024-11-12T17:22:59.946+0100] {processor.py:914} INFO - Processing file /home/sakana/anaconda3/envs/airflow_env/lib/python3.8/site-packages/airflow/example_dags/example_external_task_marker_dag.py for tasks to queue
[2024-11-12T17:22:59.950+0100] {logging_mixin.py:190} INFO - [2024-11-12T17:22:59.949+0100] {dagbag.py:588} INFO - Filling up the DagBag from /home/sakana/anaconda3/envs/airflow_env/lib/python3.8/site-packages/airflow/example_dags/example_external_task_marker_dag.py
[2024-11-12T17:22:59.961+0100] {processor.py:925} INFO - DAG(s) 'example_external_task_marker_child', 'example_external_task_marker_parent' retrieved from /home/sakana/anaconda3/envs/airflow_env/lib/python3.8/site-packages/airflow/example_dags/example_external_task_marker_dag.py
[2024-11-12T17:22:59.986+0100] {logging_mixin.py:190} INFO - [2024-11-12T17:22:59.986+0100] {dag.py:3239} INFO - Sync 2 DAGs
[2024-11-12T17:23:00.003+0100] {logging_mixin.py:190} INFO - [2024-11-12T17:23:00.003+0100] {dag.py:4180} INFO - Setting next_dagrun for example_external_task_marker_child to None, run_after=None
[2024-11-12T17:23:00.008+0100] {logging_mixin.py:190} INFO - [2024-11-12T17:23:00.008+0100] {dag.py:4180} INFO - Setting next_dagrun for example_external_task_marker_parent to None, run_after=None
[2024-11-12T17:23:00.041+0100] {processor.py:208} INFO - Processing /home/sakana/anaconda3/envs/airflow_env/lib/python3.8/site-packages/airflow/example_dags/example_external_task_marker_dag.py took 0.109 seconds
[2024-11-12T17:24:13.661+0100] {processor.py:186} INFO - Started process (PID=10047) to work on /home/sakana/anaconda3/envs/airflow_env/lib/python3.8/site-packages/airflow/example_dags/example_external_task_marker_dag.py
[2024-11-12T17:24:13.669+0100] {processor.py:914} INFO - Processing file /home/sakana/anaconda3/envs/airflow_env/lib/python3.8/site-packages/airflow/example_dags/example_external_task_marker_dag.py for tasks to queue
[2024-11-12T17:24:13.674+0100] {logging_mixin.py:190} INFO - [2024-11-12T17:24:13.673+0100] {dagbag.py:588} INFO - Filling up the DagBag from /home/sakana/anaconda3/envs/airflow_env/lib/python3.8/site-packages/airflow/example_dags/example_external_task_marker_dag.py
[2024-11-12T17:24:13.694+0100] {processor.py:925} INFO - DAG(s) 'example_external_task_marker_parent', 'example_external_task_marker_child' retrieved from /home/sakana/anaconda3/envs/airflow_env/lib/python3.8/site-packages/airflow/example_dags/example_external_task_marker_dag.py
[2024-11-12T17:24:13.730+0100] {logging_mixin.py:190} INFO - [2024-11-12T17:24:13.730+0100] {dag.py:3239} INFO - Sync 2 DAGs
[2024-11-12T17:24:13.752+0100] {logging_mixin.py:190} INFO - [2024-11-12T17:24:13.752+0100] {dag.py:4180} INFO - Setting next_dagrun for example_external_task_marker_child to None, run_after=None
[2024-11-12T17:24:13.756+0100] {logging_mixin.py:190} INFO - [2024-11-12T17:24:13.756+0100] {dag.py:4180} INFO - Setting next_dagrun for example_external_task_marker_parent to None, run_after=None
[2024-11-12T17:24:13.785+0100] {processor.py:208} INFO - Processing /home/sakana/anaconda3/envs/airflow_env/lib/python3.8/site-packages/airflow/example_dags/example_external_task_marker_dag.py took 0.143 seconds
[2024-11-12T17:25:28.892+0100] {processor.py:186} INFO - Started process (PID=10231) to work on /home/sakana/anaconda3/envs/airflow_env/lib/python3.8/site-packages/airflow/example_dags/example_external_task_marker_dag.py
[2024-11-12T17:25:28.897+0100] {processor.py:914} INFO - Processing file /home/sakana/anaconda3/envs/airflow_env/lib/python3.8/site-packages/airflow/example_dags/example_external_task_marker_dag.py for tasks to queue
[2024-11-12T17:25:28.899+0100] {logging_mixin.py:190} INFO - [2024-11-12T17:25:28.899+0100] {dagbag.py:588} INFO - Filling up the DagBag from /home/sakana/anaconda3/envs/airflow_env/lib/python3.8/site-packages/airflow/example_dags/example_external_task_marker_dag.py
[2024-11-12T17:25:28.915+0100] {processor.py:925} INFO - DAG(s) 'example_external_task_marker_parent', 'example_external_task_marker_child' retrieved from /home/sakana/anaconda3/envs/airflow_env/lib/python3.8/site-packages/airflow/example_dags/example_external_task_marker_dag.py
[2024-11-12T17:25:28.959+0100] {logging_mixin.py:190} INFO - [2024-11-12T17:25:28.958+0100] {dag.py:3239} INFO - Sync 2 DAGs
[2024-11-12T17:25:28.989+0100] {logging_mixin.py:190} INFO - [2024-11-12T17:25:28.989+0100] {dag.py:4180} INFO - Setting next_dagrun for example_external_task_marker_child to None, run_after=None
[2024-11-12T17:25:28.994+0100] {logging_mixin.py:190} INFO - [2024-11-12T17:25:28.994+0100] {dag.py:4180} INFO - Setting next_dagrun for example_external_task_marker_parent to None, run_after=None
[2024-11-12T17:25:29.066+0100] {processor.py:208} INFO - Processing /home/sakana/anaconda3/envs/airflow_env/lib/python3.8/site-packages/airflow/example_dags/example_external_task_marker_dag.py took 0.179 seconds
[2024-11-12T17:26:39.388+0100] {processor.py:186} INFO - Started process (PID=10334) to work on /home/sakana/anaconda3/envs/airflow_env/lib/python3.8/site-packages/airflow/example_dags/example_external_task_marker_dag.py
[2024-11-12T17:26:39.393+0100] {processor.py:914} INFO - Processing file /home/sakana/anaconda3/envs/airflow_env/lib/python3.8/site-packages/airflow/example_dags/example_external_task_marker_dag.py for tasks to queue
[2024-11-12T17:26:39.395+0100] {logging_mixin.py:190} INFO - [2024-11-12T17:26:39.395+0100] {dagbag.py:588} INFO - Filling up the DagBag from /home/sakana/anaconda3/envs/airflow_env/lib/python3.8/site-packages/airflow/example_dags/example_external_task_marker_dag.py
[2024-11-12T17:26:39.406+0100] {processor.py:925} INFO - DAG(s) 'example_external_task_marker_child', 'example_external_task_marker_parent' retrieved from /home/sakana/anaconda3/envs/airflow_env/lib/python3.8/site-packages/airflow/example_dags/example_external_task_marker_dag.py
[2024-11-12T17:26:39.431+0100] {logging_mixin.py:190} INFO - [2024-11-12T17:26:39.431+0100] {dag.py:3239} INFO - Sync 2 DAGs
[2024-11-12T17:26:39.450+0100] {logging_mixin.py:190} INFO - [2024-11-12T17:26:39.450+0100] {dag.py:4180} INFO - Setting next_dagrun for example_external_task_marker_child to None, run_after=None
[2024-11-12T17:26:39.455+0100] {logging_mixin.py:190} INFO - [2024-11-12T17:26:39.455+0100] {dag.py:4180} INFO - Setting next_dagrun for example_external_task_marker_parent to None, run_after=None
[2024-11-12T17:26:39.484+0100] {processor.py:208} INFO - Processing /home/sakana/anaconda3/envs/airflow_env/lib/python3.8/site-packages/airflow/example_dags/example_external_task_marker_dag.py took 0.104 seconds
[2024-11-12T17:27:53.786+0100] {processor.py:186} INFO - Started process (PID=10413) to work on /home/sakana/anaconda3/envs/airflow_env/lib/python3.8/site-packages/airflow/example_dags/example_external_task_marker_dag.py
[2024-11-12T17:27:53.792+0100] {processor.py:914} INFO - Processing file /home/sakana/anaconda3/envs/airflow_env/lib/python3.8/site-packages/airflow/example_dags/example_external_task_marker_dag.py for tasks to queue
[2024-11-12T17:27:53.796+0100] {logging_mixin.py:190} INFO - [2024-11-12T17:27:53.795+0100] {dagbag.py:588} INFO - Filling up the DagBag from /home/sakana/anaconda3/envs/airflow_env/lib/python3.8/site-packages/airflow/example_dags/example_external_task_marker_dag.py
[2024-11-12T17:27:53.816+0100] {processor.py:925} INFO - DAG(s) 'example_external_task_marker_child', 'example_external_task_marker_parent' retrieved from /home/sakana/anaconda3/envs/airflow_env/lib/python3.8/site-packages/airflow/example_dags/example_external_task_marker_dag.py
[2024-11-12T17:27:53.856+0100] {logging_mixin.py:190} INFO - [2024-11-12T17:27:53.856+0100] {dag.py:3239} INFO - Sync 2 DAGs
[2024-11-12T17:27:53.878+0100] {logging_mixin.py:190} INFO - [2024-11-12T17:27:53.877+0100] {dag.py:4180} INFO - Setting next_dagrun for example_external_task_marker_child to None, run_after=None
[2024-11-12T17:27:53.881+0100] {logging_mixin.py:190} INFO - [2024-11-12T17:27:53.881+0100] {dag.py:4180} INFO - Setting next_dagrun for example_external_task_marker_parent to None, run_after=None
[2024-11-12T17:27:53.911+0100] {processor.py:208} INFO - Processing /home/sakana/anaconda3/envs/airflow_env/lib/python3.8/site-packages/airflow/example_dags/example_external_task_marker_dag.py took 0.140 seconds
[2024-11-12T17:29:05.492+0100] {processor.py:186} INFO - Started process (PID=10551) to work on /home/sakana/anaconda3/envs/airflow_env/lib/python3.8/site-packages/airflow/example_dags/example_external_task_marker_dag.py
[2024-11-12T17:29:05.498+0100] {processor.py:914} INFO - Processing file /home/sakana/anaconda3/envs/airflow_env/lib/python3.8/site-packages/airflow/example_dags/example_external_task_marker_dag.py for tasks to queue
[2024-11-12T17:29:05.503+0100] {logging_mixin.py:190} INFO - [2024-11-12T17:29:05.502+0100] {dagbag.py:588} INFO - Filling up the DagBag from /home/sakana/anaconda3/envs/airflow_env/lib/python3.8/site-packages/airflow/example_dags/example_external_task_marker_dag.py
[2024-11-12T17:29:05.523+0100] {processor.py:925} INFO - DAG(s) 'example_external_task_marker_parent', 'example_external_task_marker_child' retrieved from /home/sakana/anaconda3/envs/airflow_env/lib/python3.8/site-packages/airflow/example_dags/example_external_task_marker_dag.py
[2024-11-12T17:29:05.556+0100] {logging_mixin.py:190} INFO - [2024-11-12T17:29:05.556+0100] {dag.py:3239} INFO - Sync 2 DAGs
[2024-11-12T17:29:05.576+0100] {logging_mixin.py:190} INFO - [2024-11-12T17:29:05.576+0100] {dag.py:4180} INFO - Setting next_dagrun for example_external_task_marker_child to None, run_after=None
[2024-11-12T17:29:05.580+0100] {logging_mixin.py:190} INFO - [2024-11-12T17:29:05.580+0100] {dag.py:4180} INFO - Setting next_dagrun for example_external_task_marker_parent to None, run_after=None
[2024-11-12T17:29:05.608+0100] {processor.py:208} INFO - Processing /home/sakana/anaconda3/envs/airflow_env/lib/python3.8/site-packages/airflow/example_dags/example_external_task_marker_dag.py took 0.129 seconds
[2024-11-12T17:30:17.238+0100] {processor.py:186} INFO - Started process (PID=10636) to work on /home/sakana/anaconda3/envs/airflow_env/lib/python3.8/site-packages/airflow/example_dags/example_external_task_marker_dag.py
[2024-11-12T17:30:17.244+0100] {processor.py:914} INFO - Processing file /home/sakana/anaconda3/envs/airflow_env/lib/python3.8/site-packages/airflow/example_dags/example_external_task_marker_dag.py for tasks to queue
[2024-11-12T17:30:17.249+0100] {logging_mixin.py:190} INFO - [2024-11-12T17:30:17.248+0100] {dagbag.py:588} INFO - Filling up the DagBag from /home/sakana/anaconda3/envs/airflow_env/lib/python3.8/site-packages/airflow/example_dags/example_external_task_marker_dag.py
[2024-11-12T17:30:17.267+0100] {processor.py:925} INFO - DAG(s) 'example_external_task_marker_parent', 'example_external_task_marker_child' retrieved from /home/sakana/anaconda3/envs/airflow_env/lib/python3.8/site-packages/airflow/example_dags/example_external_task_marker_dag.py
[2024-11-12T17:30:17.306+0100] {logging_mixin.py:190} INFO - [2024-11-12T17:30:17.305+0100] {dag.py:3239} INFO - Sync 2 DAGs
[2024-11-12T17:30:17.326+0100] {logging_mixin.py:190} INFO - [2024-11-12T17:30:17.325+0100] {dag.py:4180} INFO - Setting next_dagrun for example_external_task_marker_child to None, run_after=None
[2024-11-12T17:30:17.331+0100] {logging_mixin.py:190} INFO - [2024-11-12T17:30:17.330+0100] {dag.py:4180} INFO - Setting next_dagrun for example_external_task_marker_parent to None, run_after=None
[2024-11-12T17:30:17.364+0100] {processor.py:208} INFO - Processing /home/sakana/anaconda3/envs/airflow_env/lib/python3.8/site-packages/airflow/example_dags/example_external_task_marker_dag.py took 0.140 seconds
[2024-11-12T17:31:30.254+0100] {processor.py:186} INFO - Started process (PID=10730) to work on /home/sakana/anaconda3/envs/airflow_env/lib/python3.8/site-packages/airflow/example_dags/example_external_task_marker_dag.py
[2024-11-12T17:31:30.260+0100] {processor.py:914} INFO - Processing file /home/sakana/anaconda3/envs/airflow_env/lib/python3.8/site-packages/airflow/example_dags/example_external_task_marker_dag.py for tasks to queue
[2024-11-12T17:31:30.265+0100] {logging_mixin.py:190} INFO - [2024-11-12T17:31:30.265+0100] {dagbag.py:588} INFO - Filling up the DagBag from /home/sakana/anaconda3/envs/airflow_env/lib/python3.8/site-packages/airflow/example_dags/example_external_task_marker_dag.py
[2024-11-12T17:31:30.290+0100] {processor.py:925} INFO - DAG(s) 'example_external_task_marker_child', 'example_external_task_marker_parent' retrieved from /home/sakana/anaconda3/envs/airflow_env/lib/python3.8/site-packages/airflow/example_dags/example_external_task_marker_dag.py
[2024-11-12T17:31:30.333+0100] {logging_mixin.py:190} INFO - [2024-11-12T17:31:30.333+0100] {dag.py:3239} INFO - Sync 2 DAGs
[2024-11-12T17:31:30.350+0100] {logging_mixin.py:190} INFO - [2024-11-12T17:31:30.349+0100] {dag.py:4180} INFO - Setting next_dagrun for example_external_task_marker_child to None, run_after=None
[2024-11-12T17:31:30.354+0100] {logging_mixin.py:190} INFO - [2024-11-12T17:31:30.354+0100] {dag.py:4180} INFO - Setting next_dagrun for example_external_task_marker_parent to None, run_after=None
[2024-11-12T17:31:30.413+0100] {processor.py:208} INFO - Processing /home/sakana/anaconda3/envs/airflow_env/lib/python3.8/site-packages/airflow/example_dags/example_external_task_marker_dag.py took 0.174 seconds
[2024-11-12T17:32:40.699+0100] {processor.py:186} INFO - Started process (PID=10864) to work on /home/sakana/anaconda3/envs/airflow_env/lib/python3.8/site-packages/airflow/example_dags/example_external_task_marker_dag.py
[2024-11-12T17:32:40.704+0100] {processor.py:914} INFO - Processing file /home/sakana/anaconda3/envs/airflow_env/lib/python3.8/site-packages/airflow/example_dags/example_external_task_marker_dag.py for tasks to queue
[2024-11-12T17:32:40.706+0100] {logging_mixin.py:190} INFO - [2024-11-12T17:32:40.706+0100] {dagbag.py:588} INFO - Filling up the DagBag from /home/sakana/anaconda3/envs/airflow_env/lib/python3.8/site-packages/airflow/example_dags/example_external_task_marker_dag.py
[2024-11-12T17:32:40.718+0100] {processor.py:925} INFO - DAG(s) 'example_external_task_marker_parent', 'example_external_task_marker_child' retrieved from /home/sakana/anaconda3/envs/airflow_env/lib/python3.8/site-packages/airflow/example_dags/example_external_task_marker_dag.py
[2024-11-12T17:32:40.741+0100] {logging_mixin.py:190} INFO - [2024-11-12T17:32:40.740+0100] {dag.py:3239} INFO - Sync 2 DAGs
[2024-11-12T17:32:40.756+0100] {logging_mixin.py:190} INFO - [2024-11-12T17:32:40.756+0100] {dag.py:4180} INFO - Setting next_dagrun for example_external_task_marker_child to None, run_after=None
[2024-11-12T17:32:40.759+0100] {logging_mixin.py:190} INFO - [2024-11-12T17:32:40.759+0100] {dag.py:4180} INFO - Setting next_dagrun for example_external_task_marker_parent to None, run_after=None
[2024-11-12T17:32:40.797+0100] {processor.py:208} INFO - Processing /home/sakana/anaconda3/envs/airflow_env/lib/python3.8/site-packages/airflow/example_dags/example_external_task_marker_dag.py took 0.106 seconds
[2024-11-12T17:33:47.416+0100] {processor.py:186} INFO - Started process (PID=11070) to work on /home/sakana/anaconda3/envs/airflow_env/lib/python3.8/site-packages/airflow/example_dags/example_external_task_marker_dag.py
[2024-11-12T17:33:47.417+0100] {processor.py:914} INFO - Processing file /home/sakana/anaconda3/envs/airflow_env/lib/python3.8/site-packages/airflow/example_dags/example_external_task_marker_dag.py for tasks to queue
[2024-11-12T17:33:47.419+0100] {logging_mixin.py:190} INFO - [2024-11-12T17:33:47.418+0100] {dagbag.py:588} INFO - Filling up the DagBag from /home/sakana/anaconda3/envs/airflow_env/lib/python3.8/site-packages/airflow/example_dags/example_external_task_marker_dag.py
[2024-11-12T17:33:47.426+0100] {processor.py:925} INFO - DAG(s) 'example_external_task_marker_parent', 'example_external_task_marker_child' retrieved from /home/sakana/anaconda3/envs/airflow_env/lib/python3.8/site-packages/airflow/example_dags/example_external_task_marker_dag.py
[2024-11-12T17:33:47.445+0100] {logging_mixin.py:190} INFO - [2024-11-12T17:33:47.445+0100] {dag.py:3239} INFO - Sync 2 DAGs
[2024-11-12T17:33:47.457+0100] {logging_mixin.py:190} INFO - [2024-11-12T17:33:47.456+0100] {dag.py:4180} INFO - Setting next_dagrun for example_external_task_marker_child to None, run_after=None
[2024-11-12T17:33:47.460+0100] {logging_mixin.py:190} INFO - [2024-11-12T17:33:47.460+0100] {dag.py:4180} INFO - Setting next_dagrun for example_external_task_marker_parent to None, run_after=None
[2024-11-12T17:33:47.484+0100] {processor.py:208} INFO - Processing /home/sakana/anaconda3/envs/airflow_env/lib/python3.8/site-packages/airflow/example_dags/example_external_task_marker_dag.py took 0.074 seconds
[2024-11-12T17:34:47.567+0100] {processor.py:186} INFO - Started process (PID=11147) to work on /home/sakana/anaconda3/envs/airflow_env/lib/python3.8/site-packages/airflow/example_dags/example_external_task_marker_dag.py
[2024-11-12T17:34:47.572+0100] {processor.py:914} INFO - Processing file /home/sakana/anaconda3/envs/airflow_env/lib/python3.8/site-packages/airflow/example_dags/example_external_task_marker_dag.py for tasks to queue
[2024-11-12T17:34:47.574+0100] {logging_mixin.py:190} INFO - [2024-11-12T17:34:47.573+0100] {dagbag.py:588} INFO - Filling up the DagBag from /home/sakana/anaconda3/envs/airflow_env/lib/python3.8/site-packages/airflow/example_dags/example_external_task_marker_dag.py
[2024-11-12T17:34:47.581+0100] {processor.py:925} INFO - DAG(s) 'example_external_task_marker_child', 'example_external_task_marker_parent' retrieved from /home/sakana/anaconda3/envs/airflow_env/lib/python3.8/site-packages/airflow/example_dags/example_external_task_marker_dag.py
[2024-11-12T17:34:47.598+0100] {logging_mixin.py:190} INFO - [2024-11-12T17:34:47.598+0100] {dag.py:3239} INFO - Sync 2 DAGs
[2024-11-12T17:34:47.610+0100] {logging_mixin.py:190} INFO - [2024-11-12T17:34:47.610+0100] {dag.py:4180} INFO - Setting next_dagrun for example_external_task_marker_child to None, run_after=None
[2024-11-12T17:34:47.613+0100] {logging_mixin.py:190} INFO - [2024-11-12T17:34:47.613+0100] {dag.py:4180} INFO - Setting next_dagrun for example_external_task_marker_parent to None, run_after=None
[2024-11-12T17:34:47.638+0100] {processor.py:208} INFO - Processing /home/sakana/anaconda3/envs/airflow_env/lib/python3.8/site-packages/airflow/example_dags/example_external_task_marker_dag.py took 0.081 seconds
[2024-11-12T17:35:47.879+0100] {processor.py:186} INFO - Started process (PID=11232) to work on /home/sakana/anaconda3/envs/airflow_env/lib/python3.8/site-packages/airflow/example_dags/example_external_task_marker_dag.py
[2024-11-12T17:35:47.884+0100] {processor.py:914} INFO - Processing file /home/sakana/anaconda3/envs/airflow_env/lib/python3.8/site-packages/airflow/example_dags/example_external_task_marker_dag.py for tasks to queue
[2024-11-12T17:35:47.886+0100] {logging_mixin.py:190} INFO - [2024-11-12T17:35:47.885+0100] {dagbag.py:588} INFO - Filling up the DagBag from /home/sakana/anaconda3/envs/airflow_env/lib/python3.8/site-packages/airflow/example_dags/example_external_task_marker_dag.py
[2024-11-12T17:35:47.895+0100] {processor.py:925} INFO - DAG(s) 'example_external_task_marker_child', 'example_external_task_marker_parent' retrieved from /home/sakana/anaconda3/envs/airflow_env/lib/python3.8/site-packages/airflow/example_dags/example_external_task_marker_dag.py
[2024-11-12T17:35:47.912+0100] {logging_mixin.py:190} INFO - [2024-11-12T17:35:47.912+0100] {dag.py:3239} INFO - Sync 2 DAGs
[2024-11-12T17:35:47.924+0100] {logging_mixin.py:190} INFO - [2024-11-12T17:35:47.923+0100] {dag.py:4180} INFO - Setting next_dagrun for example_external_task_marker_child to None, run_after=None
[2024-11-12T17:35:47.927+0100] {logging_mixin.py:190} INFO - [2024-11-12T17:35:47.926+0100] {dag.py:4180} INFO - Setting next_dagrun for example_external_task_marker_parent to None, run_after=None
[2024-11-12T17:35:47.951+0100] {processor.py:208} INFO - Processing /home/sakana/anaconda3/envs/airflow_env/lib/python3.8/site-packages/airflow/example_dags/example_external_task_marker_dag.py took 0.078 seconds
[2024-11-12T17:36:45.623+0100] {processor.py:186} INFO - Started process (PID=11301) to work on /home/sakana/anaconda3/envs/airflow_env/lib/python3.8/site-packages/airflow/example_dags/example_external_task_marker_dag.py
[2024-11-12T17:36:45.628+0100] {processor.py:914} INFO - Processing file /home/sakana/anaconda3/envs/airflow_env/lib/python3.8/site-packages/airflow/example_dags/example_external_task_marker_dag.py for tasks to queue
[2024-11-12T17:36:45.631+0100] {logging_mixin.py:190} INFO - [2024-11-12T17:36:45.630+0100] {dagbag.py:588} INFO - Filling up the DagBag from /home/sakana/anaconda3/envs/airflow_env/lib/python3.8/site-packages/airflow/example_dags/example_external_task_marker_dag.py
[2024-11-12T17:36:45.642+0100] {processor.py:925} INFO - DAG(s) 'example_external_task_marker_parent', 'example_external_task_marker_child' retrieved from /home/sakana/anaconda3/envs/airflow_env/lib/python3.8/site-packages/airflow/example_dags/example_external_task_marker_dag.py
[2024-11-12T17:36:45.661+0100] {logging_mixin.py:190} INFO - [2024-11-12T17:36:45.661+0100] {dag.py:3239} INFO - Sync 2 DAGs
[2024-11-12T17:36:45.673+0100] {logging_mixin.py:190} INFO - [2024-11-12T17:36:45.673+0100] {dag.py:4180} INFO - Setting next_dagrun for example_external_task_marker_child to None, run_after=None
[2024-11-12T17:36:45.676+0100] {logging_mixin.py:190} INFO - [2024-11-12T17:36:45.676+0100] {dag.py:4180} INFO - Setting next_dagrun for example_external_task_marker_parent to None, run_after=None
[2024-11-12T17:36:45.699+0100] {processor.py:208} INFO - Processing /home/sakana/anaconda3/envs/airflow_env/lib/python3.8/site-packages/airflow/example_dags/example_external_task_marker_dag.py took 0.085 seconds
