[2024-11-12T01:01:54.138+0100] {processor.py:186} INFO - Started process (PID=31539) to work on /home/sakana/anaconda3/envs/airflow_env/lib/python3.8/site-packages/airflow/example_dags/example_inlet_event_extra.py
[2024-11-12T01:01:54.139+0100] {processor.py:914} INFO - Processing file /home/sakana/anaconda3/envs/airflow_env/lib/python3.8/site-packages/airflow/example_dags/example_inlet_event_extra.py for tasks to queue
[2024-11-12T01:01:54.141+0100] {logging_mixin.py:190} INFO - [2024-11-12T01:01:54.141+0100] {dagbag.py:588} INFO - Filling up the DagBag from /home/sakana/anaconda3/envs/airflow_env/lib/python3.8/site-packages/airflow/example_dags/example_inlet_event_extra.py
[2024-11-12T01:01:54.153+0100] {processor.py:925} INFO - DAG(s) 'read_dataset_event_from_classic', 'read_dataset_event' retrieved from /home/sakana/anaconda3/envs/airflow_env/lib/python3.8/site-packages/airflow/example_dags/example_inlet_event_extra.py
[2024-11-12T01:01:54.169+0100] {logging_mixin.py:190} INFO - [2024-11-12T01:01:54.169+0100] {dag.py:3239} INFO - Sync 2 DAGs
[2024-11-12T01:01:54.190+0100] {logging_mixin.py:190} INFO - [2024-11-12T01:01:54.190+0100] {dag.py:4180} INFO - Setting next_dagrun for read_dataset_event to 2024-11-11 00:00:00+00:00, run_after=2024-11-12 00:00:00+00:00
[2024-11-12T01:01:54.196+0100] {logging_mixin.py:190} INFO - [2024-11-12T01:01:54.196+0100] {dag.py:4180} INFO - Setting next_dagrun for read_dataset_event_from_classic to 2024-11-11 00:00:00+00:00, run_after=2024-11-12 00:00:00+00:00
[2024-11-12T01:01:54.229+0100] {processor.py:208} INFO - Processing /home/sakana/anaconda3/envs/airflow_env/lib/python3.8/site-packages/airflow/example_dags/example_inlet_event_extra.py took 0.099 seconds
[2024-11-12T01:02:59.401+0100] {processor.py:186} INFO - Started process (PID=32019) to work on /home/sakana/anaconda3/envs/airflow_env/lib/python3.8/site-packages/airflow/example_dags/example_inlet_event_extra.py
[2024-11-12T01:02:59.418+0100] {processor.py:914} INFO - Processing file /home/sakana/anaconda3/envs/airflow_env/lib/python3.8/site-packages/airflow/example_dags/example_inlet_event_extra.py for tasks to queue
[2024-11-12T01:02:59.420+0100] {logging_mixin.py:190} INFO - [2024-11-12T01:02:59.420+0100] {dagbag.py:588} INFO - Filling up the DagBag from /home/sakana/anaconda3/envs/airflow_env/lib/python3.8/site-packages/airflow/example_dags/example_inlet_event_extra.py
[2024-11-12T01:02:59.437+0100] {processor.py:925} INFO - DAG(s) 'read_dataset_event_from_classic', 'read_dataset_event' retrieved from /home/sakana/anaconda3/envs/airflow_env/lib/python3.8/site-packages/airflow/example_dags/example_inlet_event_extra.py
[2024-11-12T01:02:59.461+0100] {logging_mixin.py:190} INFO - [2024-11-12T01:02:59.460+0100] {dag.py:3239} INFO - Sync 2 DAGs
[2024-11-12T01:02:59.494+0100] {logging_mixin.py:190} INFO - [2024-11-12T01:02:59.494+0100] {dag.py:4180} INFO - Setting next_dagrun for read_dataset_event to 2024-11-11 00:00:00+00:00, run_after=2024-11-12 00:00:00+00:00
[2024-11-12T01:02:59.500+0100] {logging_mixin.py:190} INFO - [2024-11-12T01:02:59.499+0100] {dag.py:4180} INFO - Setting next_dagrun for read_dataset_event_from_classic to 2024-11-11 00:00:00+00:00, run_after=2024-11-12 00:00:00+00:00
[2024-11-12T01:02:59.527+0100] {processor.py:208} INFO - Processing /home/sakana/anaconda3/envs/airflow_env/lib/python3.8/site-packages/airflow/example_dags/example_inlet_event_extra.py took 0.133 seconds
[2024-11-12T01:04:01.365+0100] {processor.py:186} INFO - Started process (PID=32439) to work on /home/sakana/anaconda3/envs/airflow_env/lib/python3.8/site-packages/airflow/example_dags/example_inlet_event_extra.py
[2024-11-12T01:04:01.370+0100] {processor.py:914} INFO - Processing file /home/sakana/anaconda3/envs/airflow_env/lib/python3.8/site-packages/airflow/example_dags/example_inlet_event_extra.py for tasks to queue
[2024-11-12T01:04:01.372+0100] {logging_mixin.py:190} INFO - [2024-11-12T01:04:01.372+0100] {dagbag.py:588} INFO - Filling up the DagBag from /home/sakana/anaconda3/envs/airflow_env/lib/python3.8/site-packages/airflow/example_dags/example_inlet_event_extra.py
[2024-11-12T01:04:01.384+0100] {processor.py:925} INFO - DAG(s) 'read_dataset_event_from_classic', 'read_dataset_event' retrieved from /home/sakana/anaconda3/envs/airflow_env/lib/python3.8/site-packages/airflow/example_dags/example_inlet_event_extra.py
[2024-11-12T01:04:01.401+0100] {logging_mixin.py:190} INFO - [2024-11-12T01:04:01.401+0100] {dag.py:3239} INFO - Sync 2 DAGs
[2024-11-12T01:04:01.425+0100] {logging_mixin.py:190} INFO - [2024-11-12T01:04:01.425+0100] {dag.py:4180} INFO - Setting next_dagrun for read_dataset_event to 2024-11-11 00:00:00+00:00, run_after=2024-11-12 00:00:00+00:00
[2024-11-12T01:04:01.430+0100] {logging_mixin.py:190} INFO - [2024-11-12T01:04:01.430+0100] {dag.py:4180} INFO - Setting next_dagrun for read_dataset_event_from_classic to 2024-11-11 00:00:00+00:00, run_after=2024-11-12 00:00:00+00:00
[2024-11-12T01:04:01.453+0100] {processor.py:208} INFO - Processing /home/sakana/anaconda3/envs/airflow_env/lib/python3.8/site-packages/airflow/example_dags/example_inlet_event_extra.py took 0.094 seconds
[2024-11-12T01:10:40.029+0100] {processor.py:186} INFO - Started process (PID=4177) to work on /home/sakana/anaconda3/envs/airflow_env/lib/python3.8/site-packages/airflow/example_dags/example_inlet_event_extra.py
[2024-11-12T01:10:40.034+0100] {processor.py:914} INFO - Processing file /home/sakana/anaconda3/envs/airflow_env/lib/python3.8/site-packages/airflow/example_dags/example_inlet_event_extra.py for tasks to queue
[2024-11-12T01:10:40.037+0100] {logging_mixin.py:190} INFO - [2024-11-12T01:10:40.036+0100] {dagbag.py:588} INFO - Filling up the DagBag from /home/sakana/anaconda3/envs/airflow_env/lib/python3.8/site-packages/airflow/example_dags/example_inlet_event_extra.py
[2024-11-12T01:10:40.054+0100] {processor.py:925} INFO - DAG(s) 'read_dataset_event_from_classic', 'read_dataset_event' retrieved from /home/sakana/anaconda3/envs/airflow_env/lib/python3.8/site-packages/airflow/example_dags/example_inlet_event_extra.py
[2024-11-12T01:10:40.070+0100] {logging_mixin.py:190} INFO - [2024-11-12T01:10:40.070+0100] {dag.py:3239} INFO - Sync 2 DAGs
[2024-11-12T01:10:40.089+0100] {logging_mixin.py:190} INFO - [2024-11-12T01:10:40.089+0100] {dag.py:4180} INFO - Setting next_dagrun for read_dataset_event to 2024-11-11 00:00:00+00:00, run_after=2024-11-12 00:00:00+00:00
[2024-11-12T01:10:40.092+0100] {logging_mixin.py:190} INFO - [2024-11-12T01:10:40.092+0100] {dag.py:4180} INFO - Setting next_dagrun for read_dataset_event_from_classic to 2024-11-11 00:00:00+00:00, run_after=2024-11-12 00:00:00+00:00
[2024-11-12T01:10:40.117+0100] {processor.py:208} INFO - Processing /home/sakana/anaconda3/envs/airflow_env/lib/python3.8/site-packages/airflow/example_dags/example_inlet_event_extra.py took 0.095 seconds
[2024-11-12T01:11:41.982+0100] {processor.py:186} INFO - Started process (PID=4238) to work on /home/sakana/anaconda3/envs/airflow_env/lib/python3.8/site-packages/airflow/example_dags/example_inlet_event_extra.py
[2024-11-12T01:11:41.987+0100] {processor.py:914} INFO - Processing file /home/sakana/anaconda3/envs/airflow_env/lib/python3.8/site-packages/airflow/example_dags/example_inlet_event_extra.py for tasks to queue
[2024-11-12T01:11:41.990+0100] {logging_mixin.py:190} INFO - [2024-11-12T01:11:41.989+0100] {dagbag.py:588} INFO - Filling up the DagBag from /home/sakana/anaconda3/envs/airflow_env/lib/python3.8/site-packages/airflow/example_dags/example_inlet_event_extra.py
[2024-11-12T01:11:42.009+0100] {processor.py:925} INFO - DAG(s) 'read_dataset_event', 'read_dataset_event_from_classic' retrieved from /home/sakana/anaconda3/envs/airflow_env/lib/python3.8/site-packages/airflow/example_dags/example_inlet_event_extra.py
[2024-11-12T01:11:42.034+0100] {logging_mixin.py:190} INFO - [2024-11-12T01:11:42.034+0100] {dag.py:3239} INFO - Sync 2 DAGs
[2024-11-12T01:11:42.056+0100] {logging_mixin.py:190} INFO - [2024-11-12T01:11:42.055+0100] {dag.py:4180} INFO - Setting next_dagrun for read_dataset_event to 2024-11-11 00:00:00+00:00, run_after=2024-11-12 00:00:00+00:00
[2024-11-12T01:11:42.060+0100] {logging_mixin.py:190} INFO - [2024-11-12T01:11:42.060+0100] {dag.py:4180} INFO - Setting next_dagrun for read_dataset_event_from_classic to 2024-11-11 00:00:00+00:00, run_after=2024-11-12 00:00:00+00:00
[2024-11-12T01:11:42.112+0100] {processor.py:208} INFO - Processing /home/sakana/anaconda3/envs/airflow_env/lib/python3.8/site-packages/airflow/example_dags/example_inlet_event_extra.py took 0.136 seconds
[2024-11-12T16:40:32.730+0100] {processor.py:186} INFO - Started process (PID=7021) to work on /home/sakana/anaconda3/envs/airflow_env/lib/python3.8/site-packages/airflow/example_dags/example_inlet_event_extra.py
[2024-11-12T16:40:32.736+0100] {processor.py:914} INFO - Processing file /home/sakana/anaconda3/envs/airflow_env/lib/python3.8/site-packages/airflow/example_dags/example_inlet_event_extra.py for tasks to queue
[2024-11-12T16:40:32.740+0100] {logging_mixin.py:190} INFO - [2024-11-12T16:40:32.740+0100] {dagbag.py:588} INFO - Filling up the DagBag from /home/sakana/anaconda3/envs/airflow_env/lib/python3.8/site-packages/airflow/example_dags/example_inlet_event_extra.py
[2024-11-12T16:40:32.757+0100] {processor.py:925} INFO - DAG(s) 'read_dataset_event', 'read_dataset_event_from_classic' retrieved from /home/sakana/anaconda3/envs/airflow_env/lib/python3.8/site-packages/airflow/example_dags/example_inlet_event_extra.py
[2024-11-12T16:40:32.773+0100] {logging_mixin.py:190} INFO - [2024-11-12T16:40:32.773+0100] {dag.py:3239} INFO - Sync 2 DAGs
[2024-11-12T16:40:32.794+0100] {logging_mixin.py:190} INFO - [2024-11-12T16:40:32.794+0100] {dag.py:4180} INFO - Setting next_dagrun for read_dataset_event to 2024-11-11 00:00:00+00:00, run_after=2024-11-12 00:00:00+00:00
[2024-11-12T16:40:32.798+0100] {logging_mixin.py:190} INFO - [2024-11-12T16:40:32.798+0100] {dag.py:4180} INFO - Setting next_dagrun for read_dataset_event_from_classic to 2024-11-11 00:00:00+00:00, run_after=2024-11-12 00:00:00+00:00
[2024-11-12T16:40:32.831+0100] {processor.py:208} INFO - Processing /home/sakana/anaconda3/envs/airflow_env/lib/python3.8/site-packages/airflow/example_dags/example_inlet_event_extra.py took 0.112 seconds
[2024-11-12T16:41:40.784+0100] {processor.py:186} INFO - Started process (PID=7135) to work on /home/sakana/anaconda3/envs/airflow_env/lib/python3.8/site-packages/airflow/example_dags/example_inlet_event_extra.py
[2024-11-12T16:41:40.790+0100] {processor.py:914} INFO - Processing file /home/sakana/anaconda3/envs/airflow_env/lib/python3.8/site-packages/airflow/example_dags/example_inlet_event_extra.py for tasks to queue
[2024-11-12T16:41:40.792+0100] {logging_mixin.py:190} INFO - [2024-11-12T16:41:40.791+0100] {dagbag.py:588} INFO - Filling up the DagBag from /home/sakana/anaconda3/envs/airflow_env/lib/python3.8/site-packages/airflow/example_dags/example_inlet_event_extra.py
[2024-11-12T16:41:40.806+0100] {processor.py:925} INFO - DAG(s) 'read_dataset_event', 'read_dataset_event_from_classic' retrieved from /home/sakana/anaconda3/envs/airflow_env/lib/python3.8/site-packages/airflow/example_dags/example_inlet_event_extra.py
[2024-11-12T16:41:40.824+0100] {logging_mixin.py:190} INFO - [2024-11-12T16:41:40.824+0100] {dag.py:3239} INFO - Sync 2 DAGs
[2024-11-12T16:41:40.848+0100] {logging_mixin.py:190} INFO - [2024-11-12T16:41:40.847+0100] {dag.py:4180} INFO - Setting next_dagrun for read_dataset_event to 2024-11-11 00:00:00+00:00, run_after=2024-11-12 00:00:00+00:00
[2024-11-12T16:41:40.853+0100] {logging_mixin.py:190} INFO - [2024-11-12T16:41:40.853+0100] {dag.py:4180} INFO - Setting next_dagrun for read_dataset_event_from_classic to 2024-11-11 00:00:00+00:00, run_after=2024-11-12 00:00:00+00:00
[2024-11-12T16:41:40.888+0100] {processor.py:208} INFO - Processing /home/sakana/anaconda3/envs/airflow_env/lib/python3.8/site-packages/airflow/example_dags/example_inlet_event_extra.py took 0.109 seconds
[2024-11-12T16:42:39.063+0100] {processor.py:186} INFO - Started process (PID=7277) to work on /home/sakana/anaconda3/envs/airflow_env/lib/python3.8/site-packages/airflow/example_dags/example_inlet_event_extra.py
[2024-11-12T16:42:39.068+0100] {processor.py:914} INFO - Processing file /home/sakana/anaconda3/envs/airflow_env/lib/python3.8/site-packages/airflow/example_dags/example_inlet_event_extra.py for tasks to queue
[2024-11-12T16:42:39.070+0100] {logging_mixin.py:190} INFO - [2024-11-12T16:42:39.069+0100] {dagbag.py:588} INFO - Filling up the DagBag from /home/sakana/anaconda3/envs/airflow_env/lib/python3.8/site-packages/airflow/example_dags/example_inlet_event_extra.py
[2024-11-12T16:42:39.081+0100] {processor.py:925} INFO - DAG(s) 'read_dataset_event', 'read_dataset_event_from_classic' retrieved from /home/sakana/anaconda3/envs/airflow_env/lib/python3.8/site-packages/airflow/example_dags/example_inlet_event_extra.py
[2024-11-12T16:42:39.097+0100] {logging_mixin.py:190} INFO - [2024-11-12T16:42:39.097+0100] {dag.py:3239} INFO - Sync 2 DAGs
[2024-11-12T16:42:39.122+0100] {logging_mixin.py:190} INFO - [2024-11-12T16:42:39.121+0100] {dag.py:4180} INFO - Setting next_dagrun for read_dataset_event to 2024-11-11 00:00:00+00:00, run_after=2024-11-12 00:00:00+00:00
[2024-11-12T16:42:39.126+0100] {logging_mixin.py:190} INFO - [2024-11-12T16:42:39.125+0100] {dag.py:4180} INFO - Setting next_dagrun for read_dataset_event_from_classic to 2024-11-11 00:00:00+00:00, run_after=2024-11-12 00:00:00+00:00
[2024-11-12T16:42:39.151+0100] {processor.py:208} INFO - Processing /home/sakana/anaconda3/envs/airflow_env/lib/python3.8/site-packages/airflow/example_dags/example_inlet_event_extra.py took 0.094 seconds
[2024-11-12T16:43:38.149+0100] {processor.py:186} INFO - Started process (PID=7384) to work on /home/sakana/anaconda3/envs/airflow_env/lib/python3.8/site-packages/airflow/example_dags/example_inlet_event_extra.py
[2024-11-12T16:43:38.154+0100] {processor.py:914} INFO - Processing file /home/sakana/anaconda3/envs/airflow_env/lib/python3.8/site-packages/airflow/example_dags/example_inlet_event_extra.py for tasks to queue
[2024-11-12T16:43:38.156+0100] {logging_mixin.py:190} INFO - [2024-11-12T16:43:38.156+0100] {dagbag.py:588} INFO - Filling up the DagBag from /home/sakana/anaconda3/envs/airflow_env/lib/python3.8/site-packages/airflow/example_dags/example_inlet_event_extra.py
[2024-11-12T16:43:38.169+0100] {processor.py:925} INFO - DAG(s) 'read_dataset_event_from_classic', 'read_dataset_event' retrieved from /home/sakana/anaconda3/envs/airflow_env/lib/python3.8/site-packages/airflow/example_dags/example_inlet_event_extra.py
[2024-11-12T16:43:38.189+0100] {logging_mixin.py:190} INFO - [2024-11-12T16:43:38.189+0100] {dag.py:3239} INFO - Sync 2 DAGs
[2024-11-12T16:43:38.216+0100] {logging_mixin.py:190} INFO - [2024-11-12T16:43:38.215+0100] {dag.py:4180} INFO - Setting next_dagrun for read_dataset_event to 2024-11-11 00:00:00+00:00, run_after=2024-11-12 00:00:00+00:00
[2024-11-12T16:43:38.220+0100] {logging_mixin.py:190} INFO - [2024-11-12T16:43:38.220+0100] {dag.py:4180} INFO - Setting next_dagrun for read_dataset_event_from_classic to 2024-11-11 00:00:00+00:00, run_after=2024-11-12 00:00:00+00:00
[2024-11-12T16:43:38.245+0100] {processor.py:208} INFO - Processing /home/sakana/anaconda3/envs/airflow_env/lib/python3.8/site-packages/airflow/example_dags/example_inlet_event_extra.py took 0.103 seconds
[2024-11-12T16:44:34.749+0100] {processor.py:186} INFO - Started process (PID=7464) to work on /home/sakana/anaconda3/envs/airflow_env/lib/python3.8/site-packages/airflow/example_dags/example_inlet_event_extra.py
[2024-11-12T16:44:34.754+0100] {processor.py:914} INFO - Processing file /home/sakana/anaconda3/envs/airflow_env/lib/python3.8/site-packages/airflow/example_dags/example_inlet_event_extra.py for tasks to queue
[2024-11-12T16:44:34.757+0100] {logging_mixin.py:190} INFO - [2024-11-12T16:44:34.756+0100] {dagbag.py:588} INFO - Filling up the DagBag from /home/sakana/anaconda3/envs/airflow_env/lib/python3.8/site-packages/airflow/example_dags/example_inlet_event_extra.py
[2024-11-12T16:44:34.771+0100] {processor.py:925} INFO - DAG(s) 'read_dataset_event_from_classic', 'read_dataset_event' retrieved from /home/sakana/anaconda3/envs/airflow_env/lib/python3.8/site-packages/airflow/example_dags/example_inlet_event_extra.py
[2024-11-12T16:44:34.789+0100] {logging_mixin.py:190} INFO - [2024-11-12T16:44:34.789+0100] {dag.py:3239} INFO - Sync 2 DAGs
[2024-11-12T16:44:34.813+0100] {logging_mixin.py:190} INFO - [2024-11-12T16:44:34.812+0100] {dag.py:4180} INFO - Setting next_dagrun for read_dataset_event to 2024-11-11 00:00:00+00:00, run_after=2024-11-12 00:00:00+00:00
[2024-11-12T16:44:34.817+0100] {logging_mixin.py:190} INFO - [2024-11-12T16:44:34.816+0100] {dag.py:4180} INFO - Setting next_dagrun for read_dataset_event_from_classic to 2024-11-11 00:00:00+00:00, run_after=2024-11-12 00:00:00+00:00
[2024-11-12T16:44:34.841+0100] {processor.py:208} INFO - Processing /home/sakana/anaconda3/envs/airflow_env/lib/python3.8/site-packages/airflow/example_dags/example_inlet_event_extra.py took 0.099 seconds
[2024-11-12T16:45:30.375+0100] {processor.py:186} INFO - Started process (PID=7536) to work on /home/sakana/anaconda3/envs/airflow_env/lib/python3.8/site-packages/airflow/example_dags/example_inlet_event_extra.py
[2024-11-12T16:45:30.380+0100] {processor.py:914} INFO - Processing file /home/sakana/anaconda3/envs/airflow_env/lib/python3.8/site-packages/airflow/example_dags/example_inlet_event_extra.py for tasks to queue
[2024-11-12T16:45:30.382+0100] {logging_mixin.py:190} INFO - [2024-11-12T16:45:30.382+0100] {dagbag.py:588} INFO - Filling up the DagBag from /home/sakana/anaconda3/envs/airflow_env/lib/python3.8/site-packages/airflow/example_dags/example_inlet_event_extra.py
[2024-11-12T16:45:30.395+0100] {processor.py:925} INFO - DAG(s) 'read_dataset_event_from_classic', 'read_dataset_event' retrieved from /home/sakana/anaconda3/envs/airflow_env/lib/python3.8/site-packages/airflow/example_dags/example_inlet_event_extra.py
[2024-11-12T16:45:30.411+0100] {logging_mixin.py:190} INFO - [2024-11-12T16:45:30.410+0100] {dag.py:3239} INFO - Sync 2 DAGs
[2024-11-12T16:45:30.429+0100] {logging_mixin.py:190} INFO - [2024-11-12T16:45:30.429+0100] {dag.py:4180} INFO - Setting next_dagrun for read_dataset_event to 2024-11-11 00:00:00+00:00, run_after=2024-11-12 00:00:00+00:00
[2024-11-12T16:45:30.433+0100] {logging_mixin.py:190} INFO - [2024-11-12T16:45:30.433+0100] {dag.py:4180} INFO - Setting next_dagrun for read_dataset_event_from_classic to 2024-11-11 00:00:00+00:00, run_after=2024-11-12 00:00:00+00:00
[2024-11-12T16:45:30.455+0100] {processor.py:208} INFO - Processing /home/sakana/anaconda3/envs/airflow_env/lib/python3.8/site-packages/airflow/example_dags/example_inlet_event_extra.py took 0.087 seconds
[2024-11-12T16:46:34.422+0100] {processor.py:186} INFO - Started process (PID=7663) to work on /home/sakana/anaconda3/envs/airflow_env/lib/python3.8/site-packages/airflow/example_dags/example_inlet_event_extra.py
[2024-11-12T16:46:34.457+0100] {processor.py:914} INFO - Processing file /home/sakana/anaconda3/envs/airflow_env/lib/python3.8/site-packages/airflow/example_dags/example_inlet_event_extra.py for tasks to queue
[2024-11-12T16:46:34.459+0100] {logging_mixin.py:190} INFO - [2024-11-12T16:46:34.458+0100] {dagbag.py:588} INFO - Filling up the DagBag from /home/sakana/anaconda3/envs/airflow_env/lib/python3.8/site-packages/airflow/example_dags/example_inlet_event_extra.py
[2024-11-12T16:46:34.473+0100] {processor.py:925} INFO - DAG(s) 'read_dataset_event', 'read_dataset_event_from_classic' retrieved from /home/sakana/anaconda3/envs/airflow_env/lib/python3.8/site-packages/airflow/example_dags/example_inlet_event_extra.py
[2024-11-12T16:46:34.491+0100] {logging_mixin.py:190} INFO - [2024-11-12T16:46:34.490+0100] {dag.py:3239} INFO - Sync 2 DAGs
[2024-11-12T16:46:34.515+0100] {logging_mixin.py:190} INFO - [2024-11-12T16:46:34.515+0100] {dag.py:4180} INFO - Setting next_dagrun for read_dataset_event to 2024-11-11 00:00:00+00:00, run_after=2024-11-12 00:00:00+00:00
[2024-11-12T16:46:34.521+0100] {logging_mixin.py:190} INFO - [2024-11-12T16:46:34.521+0100] {dag.py:4180} INFO - Setting next_dagrun for read_dataset_event_from_classic to 2024-11-11 00:00:00+00:00, run_after=2024-11-12 00:00:00+00:00
[2024-11-12T16:46:34.545+0100] {processor.py:208} INFO - Processing /home/sakana/anaconda3/envs/airflow_env/lib/python3.8/site-packages/airflow/example_dags/example_inlet_event_extra.py took 0.131 seconds
[2024-11-12T16:47:39.449+0100] {processor.py:186} INFO - Started process (PID=7738) to work on /home/sakana/anaconda3/envs/airflow_env/lib/python3.8/site-packages/airflow/example_dags/example_inlet_event_extra.py
[2024-11-12T16:47:39.454+0100] {processor.py:914} INFO - Processing file /home/sakana/anaconda3/envs/airflow_env/lib/python3.8/site-packages/airflow/example_dags/example_inlet_event_extra.py for tasks to queue
[2024-11-12T16:47:39.456+0100] {logging_mixin.py:190} INFO - [2024-11-12T16:47:39.456+0100] {dagbag.py:588} INFO - Filling up the DagBag from /home/sakana/anaconda3/envs/airflow_env/lib/python3.8/site-packages/airflow/example_dags/example_inlet_event_extra.py
[2024-11-12T16:47:39.469+0100] {processor.py:925} INFO - DAG(s) 'read_dataset_event_from_classic', 'read_dataset_event' retrieved from /home/sakana/anaconda3/envs/airflow_env/lib/python3.8/site-packages/airflow/example_dags/example_inlet_event_extra.py
[2024-11-12T16:47:39.485+0100] {logging_mixin.py:190} INFO - [2024-11-12T16:47:39.485+0100] {dag.py:3239} INFO - Sync 2 DAGs
[2024-11-12T16:47:39.504+0100] {logging_mixin.py:190} INFO - [2024-11-12T16:47:39.504+0100] {dag.py:4180} INFO - Setting next_dagrun for read_dataset_event to 2024-11-11 00:00:00+00:00, run_after=2024-11-12 00:00:00+00:00
[2024-11-12T16:47:39.509+0100] {logging_mixin.py:190} INFO - [2024-11-12T16:47:39.508+0100] {dag.py:4180} INFO - Setting next_dagrun for read_dataset_event_from_classic to 2024-11-11 00:00:00+00:00, run_after=2024-11-12 00:00:00+00:00
[2024-11-12T16:47:39.536+0100] {processor.py:208} INFO - Processing /home/sakana/anaconda3/envs/airflow_env/lib/python3.8/site-packages/airflow/example_dags/example_inlet_event_extra.py took 0.093 seconds
[2024-11-12T16:48:36.943+0100] {processor.py:186} INFO - Started process (PID=7895) to work on /home/sakana/anaconda3/envs/airflow_env/lib/python3.8/site-packages/airflow/example_dags/example_inlet_event_extra.py
[2024-11-12T16:48:36.948+0100] {processor.py:914} INFO - Processing file /home/sakana/anaconda3/envs/airflow_env/lib/python3.8/site-packages/airflow/example_dags/example_inlet_event_extra.py for tasks to queue
[2024-11-12T16:48:36.950+0100] {logging_mixin.py:190} INFO - [2024-11-12T16:48:36.949+0100] {dagbag.py:588} INFO - Filling up the DagBag from /home/sakana/anaconda3/envs/airflow_env/lib/python3.8/site-packages/airflow/example_dags/example_inlet_event_extra.py
[2024-11-12T16:48:36.961+0100] {processor.py:925} INFO - DAG(s) 'read_dataset_event', 'read_dataset_event_from_classic' retrieved from /home/sakana/anaconda3/envs/airflow_env/lib/python3.8/site-packages/airflow/example_dags/example_inlet_event_extra.py
[2024-11-12T16:48:36.977+0100] {logging_mixin.py:190} INFO - [2024-11-12T16:48:36.976+0100] {dag.py:3239} INFO - Sync 2 DAGs
[2024-11-12T16:48:36.996+0100] {logging_mixin.py:190} INFO - [2024-11-12T16:48:36.996+0100] {dag.py:4180} INFO - Setting next_dagrun for read_dataset_event to 2024-11-11 00:00:00+00:00, run_after=2024-11-12 00:00:00+00:00
[2024-11-12T16:48:37.000+0100] {logging_mixin.py:190} INFO - [2024-11-12T16:48:37.000+0100] {dag.py:4180} INFO - Setting next_dagrun for read_dataset_event_from_classic to 2024-11-11 00:00:00+00:00, run_after=2024-11-12 00:00:00+00:00
[2024-11-12T16:48:37.029+0100] {processor.py:208} INFO - Processing /home/sakana/anaconda3/envs/airflow_env/lib/python3.8/site-packages/airflow/example_dags/example_inlet_event_extra.py took 0.092 seconds
[2024-11-12T16:49:33.842+0100] {processor.py:186} INFO - Started process (PID=7988) to work on /home/sakana/anaconda3/envs/airflow_env/lib/python3.8/site-packages/airflow/example_dags/example_inlet_event_extra.py
[2024-11-12T16:49:33.847+0100] {processor.py:914} INFO - Processing file /home/sakana/anaconda3/envs/airflow_env/lib/python3.8/site-packages/airflow/example_dags/example_inlet_event_extra.py for tasks to queue
[2024-11-12T16:49:33.850+0100] {logging_mixin.py:190} INFO - [2024-11-12T16:49:33.849+0100] {dagbag.py:588} INFO - Filling up the DagBag from /home/sakana/anaconda3/envs/airflow_env/lib/python3.8/site-packages/airflow/example_dags/example_inlet_event_extra.py
[2024-11-12T16:49:33.864+0100] {processor.py:925} INFO - DAG(s) 'read_dataset_event', 'read_dataset_event_from_classic' retrieved from /home/sakana/anaconda3/envs/airflow_env/lib/python3.8/site-packages/airflow/example_dags/example_inlet_event_extra.py
[2024-11-12T16:49:33.880+0100] {logging_mixin.py:190} INFO - [2024-11-12T16:49:33.880+0100] {dag.py:3239} INFO - Sync 2 DAGs
[2024-11-12T16:49:33.905+0100] {logging_mixin.py:190} INFO - [2024-11-12T16:49:33.904+0100] {dag.py:4180} INFO - Setting next_dagrun for read_dataset_event to 2024-11-11 00:00:00+00:00, run_after=2024-11-12 00:00:00+00:00
[2024-11-12T16:49:33.909+0100] {logging_mixin.py:190} INFO - [2024-11-12T16:49:33.909+0100] {dag.py:4180} INFO - Setting next_dagrun for read_dataset_event_from_classic to 2024-11-11 00:00:00+00:00, run_after=2024-11-12 00:00:00+00:00
[2024-11-12T16:49:33.939+0100] {processor.py:208} INFO - Processing /home/sakana/anaconda3/envs/airflow_env/lib/python3.8/site-packages/airflow/example_dags/example_inlet_event_extra.py took 0.104 seconds
[2024-11-12T16:50:31.646+0100] {processor.py:186} INFO - Started process (PID=8055) to work on /home/sakana/anaconda3/envs/airflow_env/lib/python3.8/site-packages/airflow/example_dags/example_inlet_event_extra.py
[2024-11-12T16:50:31.651+0100] {processor.py:914} INFO - Processing file /home/sakana/anaconda3/envs/airflow_env/lib/python3.8/site-packages/airflow/example_dags/example_inlet_event_extra.py for tasks to queue
[2024-11-12T16:50:31.653+0100] {logging_mixin.py:190} INFO - [2024-11-12T16:50:31.653+0100] {dagbag.py:588} INFO - Filling up the DagBag from /home/sakana/anaconda3/envs/airflow_env/lib/python3.8/site-packages/airflow/example_dags/example_inlet_event_extra.py
[2024-11-12T16:50:31.668+0100] {processor.py:925} INFO - DAG(s) 'read_dataset_event', 'read_dataset_event_from_classic' retrieved from /home/sakana/anaconda3/envs/airflow_env/lib/python3.8/site-packages/airflow/example_dags/example_inlet_event_extra.py
[2024-11-12T16:50:31.685+0100] {logging_mixin.py:190} INFO - [2024-11-12T16:50:31.684+0100] {dag.py:3239} INFO - Sync 2 DAGs
[2024-11-12T16:50:31.708+0100] {logging_mixin.py:190} INFO - [2024-11-12T16:50:31.707+0100] {dag.py:4180} INFO - Setting next_dagrun for read_dataset_event to 2024-11-11 00:00:00+00:00, run_after=2024-11-12 00:00:00+00:00
[2024-11-12T16:50:31.712+0100] {logging_mixin.py:190} INFO - [2024-11-12T16:50:31.712+0100] {dag.py:4180} INFO - Setting next_dagrun for read_dataset_event_from_classic to 2024-11-11 00:00:00+00:00, run_after=2024-11-12 00:00:00+00:00
[2024-11-12T16:50:31.734+0100] {processor.py:208} INFO - Processing /home/sakana/anaconda3/envs/airflow_env/lib/python3.8/site-packages/airflow/example_dags/example_inlet_event_extra.py took 0.095 seconds
[2024-11-12T16:51:29.080+0100] {processor.py:186} INFO - Started process (PID=8129) to work on /home/sakana/anaconda3/envs/airflow_env/lib/python3.8/site-packages/airflow/example_dags/example_inlet_event_extra.py
[2024-11-12T16:51:29.085+0100] {processor.py:914} INFO - Processing file /home/sakana/anaconda3/envs/airflow_env/lib/python3.8/site-packages/airflow/example_dags/example_inlet_event_extra.py for tasks to queue
[2024-11-12T16:51:29.087+0100] {logging_mixin.py:190} INFO - [2024-11-12T16:51:29.087+0100] {dagbag.py:588} INFO - Filling up the DagBag from /home/sakana/anaconda3/envs/airflow_env/lib/python3.8/site-packages/airflow/example_dags/example_inlet_event_extra.py
[2024-11-12T16:51:29.099+0100] {processor.py:925} INFO - DAG(s) 'read_dataset_event_from_classic', 'read_dataset_event' retrieved from /home/sakana/anaconda3/envs/airflow_env/lib/python3.8/site-packages/airflow/example_dags/example_inlet_event_extra.py
[2024-11-12T16:51:29.118+0100] {logging_mixin.py:190} INFO - [2024-11-12T16:51:29.118+0100] {dag.py:3239} INFO - Sync 2 DAGs
[2024-11-12T16:51:29.140+0100] {logging_mixin.py:190} INFO - [2024-11-12T16:51:29.140+0100] {dag.py:4180} INFO - Setting next_dagrun for read_dataset_event to 2024-11-11 00:00:00+00:00, run_after=2024-11-12 00:00:00+00:00
[2024-11-12T16:51:29.144+0100] {logging_mixin.py:190} INFO - [2024-11-12T16:51:29.144+0100] {dag.py:4180} INFO - Setting next_dagrun for read_dataset_event_from_classic to 2024-11-11 00:00:00+00:00, run_after=2024-11-12 00:00:00+00:00
[2024-11-12T16:51:29.168+0100] {processor.py:208} INFO - Processing /home/sakana/anaconda3/envs/airflow_env/lib/python3.8/site-packages/airflow/example_dags/example_inlet_event_extra.py took 0.093 seconds
[2024-11-12T16:52:25.809+0100] {processor.py:186} INFO - Started process (PID=8217) to work on /home/sakana/anaconda3/envs/airflow_env/lib/python3.8/site-packages/airflow/example_dags/example_inlet_event_extra.py
[2024-11-12T16:52:25.815+0100] {processor.py:914} INFO - Processing file /home/sakana/anaconda3/envs/airflow_env/lib/python3.8/site-packages/airflow/example_dags/example_inlet_event_extra.py for tasks to queue
[2024-11-12T16:52:25.817+0100] {logging_mixin.py:190} INFO - [2024-11-12T16:52:25.816+0100] {dagbag.py:588} INFO - Filling up the DagBag from /home/sakana/anaconda3/envs/airflow_env/lib/python3.8/site-packages/airflow/example_dags/example_inlet_event_extra.py
[2024-11-12T16:52:25.830+0100] {processor.py:925} INFO - DAG(s) 'read_dataset_event', 'read_dataset_event_from_classic' retrieved from /home/sakana/anaconda3/envs/airflow_env/lib/python3.8/site-packages/airflow/example_dags/example_inlet_event_extra.py
[2024-11-12T16:52:25.849+0100] {logging_mixin.py:190} INFO - [2024-11-12T16:52:25.848+0100] {dag.py:3239} INFO - Sync 2 DAGs
[2024-11-12T16:52:25.870+0100] {logging_mixin.py:190} INFO - [2024-11-12T16:52:25.869+0100] {dag.py:4180} INFO - Setting next_dagrun for read_dataset_event to 2024-11-11 00:00:00+00:00, run_after=2024-11-12 00:00:00+00:00
[2024-11-12T16:52:25.874+0100] {logging_mixin.py:190} INFO - [2024-11-12T16:52:25.874+0100] {dag.py:4180} INFO - Setting next_dagrun for read_dataset_event_from_classic to 2024-11-11 00:00:00+00:00, run_after=2024-11-12 00:00:00+00:00
[2024-11-12T16:52:25.900+0100] {processor.py:208} INFO - Processing /home/sakana/anaconda3/envs/airflow_env/lib/python3.8/site-packages/airflow/example_dags/example_inlet_event_extra.py took 0.097 seconds
[2024-11-12T16:53:21.020+0100] {processor.py:186} INFO - Started process (PID=8308) to work on /home/sakana/anaconda3/envs/airflow_env/lib/python3.8/site-packages/airflow/example_dags/example_inlet_event_extra.py
[2024-11-12T16:53:21.028+0100] {processor.py:914} INFO - Processing file /home/sakana/anaconda3/envs/airflow_env/lib/python3.8/site-packages/airflow/example_dags/example_inlet_event_extra.py for tasks to queue
[2024-11-12T16:53:21.031+0100] {logging_mixin.py:190} INFO - [2024-11-12T16:53:21.030+0100] {dagbag.py:588} INFO - Filling up the DagBag from /home/sakana/anaconda3/envs/airflow_env/lib/python3.8/site-packages/airflow/example_dags/example_inlet_event_extra.py
[2024-11-12T16:53:21.045+0100] {processor.py:925} INFO - DAG(s) 'read_dataset_event', 'read_dataset_event_from_classic' retrieved from /home/sakana/anaconda3/envs/airflow_env/lib/python3.8/site-packages/airflow/example_dags/example_inlet_event_extra.py
[2024-11-12T16:53:21.065+0100] {logging_mixin.py:190} INFO - [2024-11-12T16:53:21.065+0100] {dag.py:3239} INFO - Sync 2 DAGs
[2024-11-12T16:53:21.084+0100] {logging_mixin.py:190} INFO - [2024-11-12T16:53:21.084+0100] {dag.py:4180} INFO - Setting next_dagrun for read_dataset_event to 2024-11-11 00:00:00+00:00, run_after=2024-11-12 00:00:00+00:00
[2024-11-12T16:53:21.088+0100] {logging_mixin.py:190} INFO - [2024-11-12T16:53:21.088+0100] {dag.py:4180} INFO - Setting next_dagrun for read_dataset_event_from_classic to 2024-11-11 00:00:00+00:00, run_after=2024-11-12 00:00:00+00:00
[2024-11-12T16:53:21.119+0100] {processor.py:208} INFO - Processing /home/sakana/anaconda3/envs/airflow_env/lib/python3.8/site-packages/airflow/example_dags/example_inlet_event_extra.py took 0.106 seconds
[2024-11-12T16:54:19.400+0100] {processor.py:186} INFO - Started process (PID=8471) to work on /home/sakana/anaconda3/envs/airflow_env/lib/python3.8/site-packages/airflow/example_dags/example_inlet_event_extra.py
[2024-11-12T16:54:19.405+0100] {processor.py:914} INFO - Processing file /home/sakana/anaconda3/envs/airflow_env/lib/python3.8/site-packages/airflow/example_dags/example_inlet_event_extra.py for tasks to queue
[2024-11-12T16:54:19.407+0100] {logging_mixin.py:190} INFO - [2024-11-12T16:54:19.406+0100] {dagbag.py:588} INFO - Filling up the DagBag from /home/sakana/anaconda3/envs/airflow_env/lib/python3.8/site-packages/airflow/example_dags/example_inlet_event_extra.py
[2024-11-12T16:54:19.422+0100] {processor.py:925} INFO - DAG(s) 'read_dataset_event', 'read_dataset_event_from_classic' retrieved from /home/sakana/anaconda3/envs/airflow_env/lib/python3.8/site-packages/airflow/example_dags/example_inlet_event_extra.py
[2024-11-12T16:54:19.441+0100] {logging_mixin.py:190} INFO - [2024-11-12T16:54:19.441+0100] {dag.py:3239} INFO - Sync 2 DAGs
[2024-11-12T16:54:19.460+0100] {logging_mixin.py:190} INFO - [2024-11-12T16:54:19.460+0100] {dag.py:4180} INFO - Setting next_dagrun for read_dataset_event to 2024-11-11 00:00:00+00:00, run_after=2024-11-12 00:00:00+00:00
[2024-11-12T16:54:19.464+0100] {logging_mixin.py:190} INFO - [2024-11-12T16:54:19.463+0100] {dag.py:4180} INFO - Setting next_dagrun for read_dataset_event_from_classic to 2024-11-11 00:00:00+00:00, run_after=2024-11-12 00:00:00+00:00
[2024-11-12T16:54:19.494+0100] {processor.py:208} INFO - Processing /home/sakana/anaconda3/envs/airflow_env/lib/python3.8/site-packages/airflow/example_dags/example_inlet_event_extra.py took 0.099 seconds
[2024-11-12T16:55:19.631+0100] {processor.py:186} INFO - Started process (PID=8572) to work on /home/sakana/anaconda3/envs/airflow_env/lib/python3.8/site-packages/airflow/example_dags/example_inlet_event_extra.py
[2024-11-12T16:55:19.636+0100] {processor.py:914} INFO - Processing file /home/sakana/anaconda3/envs/airflow_env/lib/python3.8/site-packages/airflow/example_dags/example_inlet_event_extra.py for tasks to queue
[2024-11-12T16:55:19.638+0100] {logging_mixin.py:190} INFO - [2024-11-12T16:55:19.638+0100] {dagbag.py:588} INFO - Filling up the DagBag from /home/sakana/anaconda3/envs/airflow_env/lib/python3.8/site-packages/airflow/example_dags/example_inlet_event_extra.py
[2024-11-12T16:55:19.654+0100] {processor.py:925} INFO - DAG(s) 'read_dataset_event_from_classic', 'read_dataset_event' retrieved from /home/sakana/anaconda3/envs/airflow_env/lib/python3.8/site-packages/airflow/example_dags/example_inlet_event_extra.py
[2024-11-12T16:55:19.675+0100] {logging_mixin.py:190} INFO - [2024-11-12T16:55:19.674+0100] {dag.py:3239} INFO - Sync 2 DAGs
[2024-11-12T16:55:19.702+0100] {logging_mixin.py:190} INFO - [2024-11-12T16:55:19.702+0100] {dag.py:4180} INFO - Setting next_dagrun for read_dataset_event to 2024-11-11 00:00:00+00:00, run_after=2024-11-12 00:00:00+00:00
[2024-11-12T16:55:19.709+0100] {logging_mixin.py:190} INFO - [2024-11-12T16:55:19.709+0100] {dag.py:4180} INFO - Setting next_dagrun for read_dataset_event_from_classic to 2024-11-11 00:00:00+00:00, run_after=2024-11-12 00:00:00+00:00
[2024-11-12T16:55:19.764+0100] {processor.py:208} INFO - Processing /home/sakana/anaconda3/envs/airflow_env/lib/python3.8/site-packages/airflow/example_dags/example_inlet_event_extra.py took 0.142 seconds
[2024-11-12T16:56:17.932+0100] {processor.py:186} INFO - Started process (PID=8640) to work on /home/sakana/anaconda3/envs/airflow_env/lib/python3.8/site-packages/airflow/example_dags/example_inlet_event_extra.py
[2024-11-12T16:56:17.937+0100] {processor.py:914} INFO - Processing file /home/sakana/anaconda3/envs/airflow_env/lib/python3.8/site-packages/airflow/example_dags/example_inlet_event_extra.py for tasks to queue
[2024-11-12T16:56:17.939+0100] {logging_mixin.py:190} INFO - [2024-11-12T16:56:17.938+0100] {dagbag.py:588} INFO - Filling up the DagBag from /home/sakana/anaconda3/envs/airflow_env/lib/python3.8/site-packages/airflow/example_dags/example_inlet_event_extra.py
[2024-11-12T16:56:17.951+0100] {processor.py:925} INFO - DAG(s) 'read_dataset_event_from_classic', 'read_dataset_event' retrieved from /home/sakana/anaconda3/envs/airflow_env/lib/python3.8/site-packages/airflow/example_dags/example_inlet_event_extra.py
[2024-11-12T16:56:17.969+0100] {logging_mixin.py:190} INFO - [2024-11-12T16:56:17.969+0100] {dag.py:3239} INFO - Sync 2 DAGs
[2024-11-12T16:56:17.992+0100] {logging_mixin.py:190} INFO - [2024-11-12T16:56:17.991+0100] {dag.py:4180} INFO - Setting next_dagrun for read_dataset_event to 2024-11-11 00:00:00+00:00, run_after=2024-11-12 00:00:00+00:00
[2024-11-12T16:56:17.997+0100] {logging_mixin.py:190} INFO - [2024-11-12T16:56:17.997+0100] {dag.py:4180} INFO - Setting next_dagrun for read_dataset_event_from_classic to 2024-11-11 00:00:00+00:00, run_after=2024-11-12 00:00:00+00:00
[2024-11-12T16:56:18.022+0100] {processor.py:208} INFO - Processing /home/sakana/anaconda3/envs/airflow_env/lib/python3.8/site-packages/airflow/example_dags/example_inlet_event_extra.py took 0.098 seconds
[2024-11-12T16:57:19.106+0100] {processor.py:186} INFO - Started process (PID=8728) to work on /home/sakana/anaconda3/envs/airflow_env/lib/python3.8/site-packages/airflow/example_dags/example_inlet_event_extra.py
[2024-11-12T16:57:19.111+0100] {processor.py:914} INFO - Processing file /home/sakana/anaconda3/envs/airflow_env/lib/python3.8/site-packages/airflow/example_dags/example_inlet_event_extra.py for tasks to queue
[2024-11-12T16:57:19.114+0100] {logging_mixin.py:190} INFO - [2024-11-12T16:57:19.113+0100] {dagbag.py:588} INFO - Filling up the DagBag from /home/sakana/anaconda3/envs/airflow_env/lib/python3.8/site-packages/airflow/example_dags/example_inlet_event_extra.py
[2024-11-12T16:57:19.131+0100] {processor.py:925} INFO - DAG(s) 'read_dataset_event_from_classic', 'read_dataset_event' retrieved from /home/sakana/anaconda3/envs/airflow_env/lib/python3.8/site-packages/airflow/example_dags/example_inlet_event_extra.py
[2024-11-12T16:57:19.152+0100] {logging_mixin.py:190} INFO - [2024-11-12T16:57:19.152+0100] {dag.py:3239} INFO - Sync 2 DAGs
[2024-11-12T16:57:19.180+0100] {logging_mixin.py:190} INFO - [2024-11-12T16:57:19.180+0100] {dag.py:4180} INFO - Setting next_dagrun for read_dataset_event to 2024-11-11 00:00:00+00:00, run_after=2024-11-12 00:00:00+00:00
[2024-11-12T16:57:19.187+0100] {logging_mixin.py:190} INFO - [2024-11-12T16:57:19.187+0100] {dag.py:4180} INFO - Setting next_dagrun for read_dataset_event_from_classic to 2024-11-11 00:00:00+00:00, run_after=2024-11-12 00:00:00+00:00
[2024-11-12T16:57:19.229+0100] {processor.py:208} INFO - Processing /home/sakana/anaconda3/envs/airflow_env/lib/python3.8/site-packages/airflow/example_dags/example_inlet_event_extra.py took 0.132 seconds
[2024-11-12T16:58:21.759+0100] {processor.py:186} INFO - Started process (PID=8825) to work on /home/sakana/anaconda3/envs/airflow_env/lib/python3.8/site-packages/airflow/example_dags/example_inlet_event_extra.py
[2024-11-12T16:58:21.764+0100] {processor.py:914} INFO - Processing file /home/sakana/anaconda3/envs/airflow_env/lib/python3.8/site-packages/airflow/example_dags/example_inlet_event_extra.py for tasks to queue
[2024-11-12T16:58:21.766+0100] {logging_mixin.py:190} INFO - [2024-11-12T16:58:21.766+0100] {dagbag.py:588} INFO - Filling up the DagBag from /home/sakana/anaconda3/envs/airflow_env/lib/python3.8/site-packages/airflow/example_dags/example_inlet_event_extra.py
[2024-11-12T16:58:21.780+0100] {processor.py:925} INFO - DAG(s) 'read_dataset_event', 'read_dataset_event_from_classic' retrieved from /home/sakana/anaconda3/envs/airflow_env/lib/python3.8/site-packages/airflow/example_dags/example_inlet_event_extra.py
[2024-11-12T16:58:21.796+0100] {logging_mixin.py:190} INFO - [2024-11-12T16:58:21.796+0100] {dag.py:3239} INFO - Sync 2 DAGs
[2024-11-12T16:58:21.819+0100] {logging_mixin.py:190} INFO - [2024-11-12T16:58:21.819+0100] {dag.py:4180} INFO - Setting next_dagrun for read_dataset_event to 2024-11-11 00:00:00+00:00, run_after=2024-11-12 00:00:00+00:00
[2024-11-12T16:58:21.824+0100] {logging_mixin.py:190} INFO - [2024-11-12T16:58:21.824+0100] {dag.py:4180} INFO - Setting next_dagrun for read_dataset_event_from_classic to 2024-11-11 00:00:00+00:00, run_after=2024-11-12 00:00:00+00:00
[2024-11-12T16:58:21.852+0100] {processor.py:208} INFO - Processing /home/sakana/anaconda3/envs/airflow_env/lib/python3.8/site-packages/airflow/example_dags/example_inlet_event_extra.py took 0.100 seconds
[2024-11-12T16:59:22.665+0100] {processor.py:186} INFO - Started process (PID=8905) to work on /home/sakana/anaconda3/envs/airflow_env/lib/python3.8/site-packages/airflow/example_dags/example_inlet_event_extra.py
[2024-11-12T16:59:22.671+0100] {processor.py:914} INFO - Processing file /home/sakana/anaconda3/envs/airflow_env/lib/python3.8/site-packages/airflow/example_dags/example_inlet_event_extra.py for tasks to queue
[2024-11-12T16:59:22.673+0100] {logging_mixin.py:190} INFO - [2024-11-12T16:59:22.672+0100] {dagbag.py:588} INFO - Filling up the DagBag from /home/sakana/anaconda3/envs/airflow_env/lib/python3.8/site-packages/airflow/example_dags/example_inlet_event_extra.py
[2024-11-12T16:59:22.688+0100] {processor.py:925} INFO - DAG(s) 'read_dataset_event_from_classic', 'read_dataset_event' retrieved from /home/sakana/anaconda3/envs/airflow_env/lib/python3.8/site-packages/airflow/example_dags/example_inlet_event_extra.py
[2024-11-12T16:59:22.704+0100] {logging_mixin.py:190} INFO - [2024-11-12T16:59:22.704+0100] {dag.py:3239} INFO - Sync 2 DAGs
[2024-11-12T16:59:22.725+0100] {logging_mixin.py:190} INFO - [2024-11-12T16:59:22.725+0100] {dag.py:4180} INFO - Setting next_dagrun for read_dataset_event to 2024-11-11 00:00:00+00:00, run_after=2024-11-12 00:00:00+00:00
[2024-11-12T16:59:22.730+0100] {logging_mixin.py:190} INFO - [2024-11-12T16:59:22.730+0100] {dag.py:4180} INFO - Setting next_dagrun for read_dataset_event_from_classic to 2024-11-11 00:00:00+00:00, run_after=2024-11-12 00:00:00+00:00
[2024-11-12T16:59:22.753+0100] {processor.py:208} INFO - Processing /home/sakana/anaconda3/envs/airflow_env/lib/python3.8/site-packages/airflow/example_dags/example_inlet_event_extra.py took 0.095 seconds
[2024-11-12T17:00:21.137+0100] {processor.py:186} INFO - Started process (PID=8980) to work on /home/sakana/anaconda3/envs/airflow_env/lib/python3.8/site-packages/airflow/example_dags/example_inlet_event_extra.py
[2024-11-12T17:00:21.139+0100] {processor.py:914} INFO - Processing file /home/sakana/anaconda3/envs/airflow_env/lib/python3.8/site-packages/airflow/example_dags/example_inlet_event_extra.py for tasks to queue
[2024-11-12T17:00:21.143+0100] {logging_mixin.py:190} INFO - [2024-11-12T17:00:21.142+0100] {dagbag.py:588} INFO - Filling up the DagBag from /home/sakana/anaconda3/envs/airflow_env/lib/python3.8/site-packages/airflow/example_dags/example_inlet_event_extra.py
[2024-11-12T17:00:21.160+0100] {processor.py:925} INFO - DAG(s) 'read_dataset_event_from_classic', 'read_dataset_event' retrieved from /home/sakana/anaconda3/envs/airflow_env/lib/python3.8/site-packages/airflow/example_dags/example_inlet_event_extra.py
[2024-11-12T17:00:21.176+0100] {logging_mixin.py:190} INFO - [2024-11-12T17:00:21.176+0100] {dag.py:3239} INFO - Sync 2 DAGs
[2024-11-12T17:00:21.196+0100] {logging_mixin.py:190} INFO - [2024-11-12T17:00:21.196+0100] {dag.py:4180} INFO - Setting next_dagrun for read_dataset_event to 2024-11-11 00:00:00+00:00, run_after=2024-11-12 00:00:00+00:00
[2024-11-12T17:00:21.200+0100] {logging_mixin.py:190} INFO - [2024-11-12T17:00:21.200+0100] {dag.py:4180} INFO - Setting next_dagrun for read_dataset_event_from_classic to 2024-11-11 00:00:00+00:00, run_after=2024-11-12 00:00:00+00:00
[2024-11-12T17:00:21.232+0100] {processor.py:208} INFO - Processing /home/sakana/anaconda3/envs/airflow_env/lib/python3.8/site-packages/airflow/example_dags/example_inlet_event_extra.py took 0.106 seconds
[2024-11-12T17:01:24.494+0100] {processor.py:186} INFO - Started process (PID=9066) to work on /home/sakana/anaconda3/envs/airflow_env/lib/python3.8/site-packages/airflow/example_dags/example_inlet_event_extra.py
[2024-11-12T17:01:24.499+0100] {processor.py:914} INFO - Processing file /home/sakana/anaconda3/envs/airflow_env/lib/python3.8/site-packages/airflow/example_dags/example_inlet_event_extra.py for tasks to queue
[2024-11-12T17:01:24.501+0100] {logging_mixin.py:190} INFO - [2024-11-12T17:01:24.501+0100] {dagbag.py:588} INFO - Filling up the DagBag from /home/sakana/anaconda3/envs/airflow_env/lib/python3.8/site-packages/airflow/example_dags/example_inlet_event_extra.py
[2024-11-12T17:01:24.516+0100] {processor.py:925} INFO - DAG(s) 'read_dataset_event_from_classic', 'read_dataset_event' retrieved from /home/sakana/anaconda3/envs/airflow_env/lib/python3.8/site-packages/airflow/example_dags/example_inlet_event_extra.py
[2024-11-12T17:01:24.532+0100] {logging_mixin.py:190} INFO - [2024-11-12T17:01:24.531+0100] {dag.py:3239} INFO - Sync 2 DAGs
[2024-11-12T17:01:24.551+0100] {logging_mixin.py:190} INFO - [2024-11-12T17:01:24.550+0100] {dag.py:4180} INFO - Setting next_dagrun for read_dataset_event to 2024-11-11 00:00:00+00:00, run_after=2024-11-12 00:00:00+00:00
[2024-11-12T17:01:24.556+0100] {logging_mixin.py:190} INFO - [2024-11-12T17:01:24.555+0100] {dag.py:4180} INFO - Setting next_dagrun for read_dataset_event_from_classic to 2024-11-11 00:00:00+00:00, run_after=2024-11-12 00:00:00+00:00
[2024-11-12T17:01:24.581+0100] {processor.py:208} INFO - Processing /home/sakana/anaconda3/envs/airflow_env/lib/python3.8/site-packages/airflow/example_dags/example_inlet_event_extra.py took 0.097 seconds
[2024-11-12T17:19:35.015+0100] {processor.py:186} INFO - Started process (PID=9581) to work on /home/sakana/anaconda3/envs/airflow_env/lib/python3.8/site-packages/airflow/example_dags/example_inlet_event_extra.py
[2024-11-12T17:19:35.017+0100] {processor.py:914} INFO - Processing file /home/sakana/anaconda3/envs/airflow_env/lib/python3.8/site-packages/airflow/example_dags/example_inlet_event_extra.py for tasks to queue
[2024-11-12T17:19:35.021+0100] {logging_mixin.py:190} INFO - [2024-11-12T17:19:35.020+0100] {dagbag.py:588} INFO - Filling up the DagBag from /home/sakana/anaconda3/envs/airflow_env/lib/python3.8/site-packages/airflow/example_dags/example_inlet_event_extra.py
[2024-11-12T17:19:35.040+0100] {processor.py:925} INFO - DAG(s) 'read_dataset_event', 'read_dataset_event_from_classic' retrieved from /home/sakana/anaconda3/envs/airflow_env/lib/python3.8/site-packages/airflow/example_dags/example_inlet_event_extra.py
[2024-11-12T17:19:35.061+0100] {logging_mixin.py:190} INFO - [2024-11-12T17:19:35.060+0100] {dag.py:3239} INFO - Sync 2 DAGs
[2024-11-12T17:19:35.086+0100] {logging_mixin.py:190} INFO - [2024-11-12T17:19:35.086+0100] {dag.py:4180} INFO - Setting next_dagrun for read_dataset_event to 2024-11-11 00:00:00+00:00, run_after=2024-11-12 00:00:00+00:00
[2024-11-12T17:19:35.092+0100] {logging_mixin.py:190} INFO - [2024-11-12T17:19:35.092+0100] {dag.py:4180} INFO - Setting next_dagrun for read_dataset_event_from_classic to 2024-11-11 00:00:00+00:00, run_after=2024-11-12 00:00:00+00:00
[2024-11-12T17:19:35.127+0100] {processor.py:208} INFO - Processing /home/sakana/anaconda3/envs/airflow_env/lib/python3.8/site-packages/airflow/example_dags/example_inlet_event_extra.py took 0.122 seconds
[2024-11-12T17:20:41.125+0100] {processor.py:186} INFO - Started process (PID=9699) to work on /home/sakana/anaconda3/envs/airflow_env/lib/python3.8/site-packages/airflow/example_dags/example_inlet_event_extra.py
[2024-11-12T17:20:41.127+0100] {processor.py:914} INFO - Processing file /home/sakana/anaconda3/envs/airflow_env/lib/python3.8/site-packages/airflow/example_dags/example_inlet_event_extra.py for tasks to queue
[2024-11-12T17:20:41.129+0100] {logging_mixin.py:190} INFO - [2024-11-12T17:20:41.129+0100] {dagbag.py:588} INFO - Filling up the DagBag from /home/sakana/anaconda3/envs/airflow_env/lib/python3.8/site-packages/airflow/example_dags/example_inlet_event_extra.py
[2024-11-12T17:20:41.146+0100] {processor.py:925} INFO - DAG(s) 'read_dataset_event', 'read_dataset_event_from_classic' retrieved from /home/sakana/anaconda3/envs/airflow_env/lib/python3.8/site-packages/airflow/example_dags/example_inlet_event_extra.py
[2024-11-12T17:20:41.167+0100] {logging_mixin.py:190} INFO - [2024-11-12T17:20:41.167+0100] {dag.py:3239} INFO - Sync 2 DAGs
[2024-11-12T17:20:41.197+0100] {logging_mixin.py:190} INFO - [2024-11-12T17:20:41.197+0100] {dag.py:4180} INFO - Setting next_dagrun for read_dataset_event to 2024-11-11 00:00:00+00:00, run_after=2024-11-12 00:00:00+00:00
[2024-11-12T17:20:41.201+0100] {logging_mixin.py:190} INFO - [2024-11-12T17:20:41.201+0100] {dag.py:4180} INFO - Setting next_dagrun for read_dataset_event_from_classic to 2024-11-11 00:00:00+00:00, run_after=2024-11-12 00:00:00+00:00
[2024-11-12T17:20:41.226+0100] {processor.py:208} INFO - Processing /home/sakana/anaconda3/envs/airflow_env/lib/python3.8/site-packages/airflow/example_dags/example_inlet_event_extra.py took 0.113 seconds
[2024-11-12T17:21:50.840+0100] {processor.py:186} INFO - Started process (PID=9803) to work on /home/sakana/anaconda3/envs/airflow_env/lib/python3.8/site-packages/airflow/example_dags/example_inlet_event_extra.py
[2024-11-12T17:21:50.845+0100] {processor.py:914} INFO - Processing file /home/sakana/anaconda3/envs/airflow_env/lib/python3.8/site-packages/airflow/example_dags/example_inlet_event_extra.py for tasks to queue
[2024-11-12T17:21:50.847+0100] {logging_mixin.py:190} INFO - [2024-11-12T17:21:50.847+0100] {dagbag.py:588} INFO - Filling up the DagBag from /home/sakana/anaconda3/envs/airflow_env/lib/python3.8/site-packages/airflow/example_dags/example_inlet_event_extra.py
[2024-11-12T17:21:50.864+0100] {processor.py:925} INFO - DAG(s) 'read_dataset_event_from_classic', 'read_dataset_event' retrieved from /home/sakana/anaconda3/envs/airflow_env/lib/python3.8/site-packages/airflow/example_dags/example_inlet_event_extra.py
[2024-11-12T17:21:50.891+0100] {logging_mixin.py:190} INFO - [2024-11-12T17:21:50.890+0100] {dag.py:3239} INFO - Sync 2 DAGs
[2024-11-12T17:21:50.923+0100] {logging_mixin.py:190} INFO - [2024-11-12T17:21:50.923+0100] {dag.py:4180} INFO - Setting next_dagrun for read_dataset_event to 2024-11-11 00:00:00+00:00, run_after=2024-11-12 00:00:00+00:00
[2024-11-12T17:21:50.928+0100] {logging_mixin.py:190} INFO - [2024-11-12T17:21:50.928+0100] {dag.py:4180} INFO - Setting next_dagrun for read_dataset_event_from_classic to 2024-11-11 00:00:00+00:00, run_after=2024-11-12 00:00:00+00:00
[2024-11-12T17:21:50.957+0100] {processor.py:208} INFO - Processing /home/sakana/anaconda3/envs/airflow_env/lib/python3.8/site-packages/airflow/example_dags/example_inlet_event_extra.py took 0.128 seconds
[2024-11-12T17:23:01.206+0100] {processor.py:186} INFO - Started process (PID=9897) to work on /home/sakana/anaconda3/envs/airflow_env/lib/python3.8/site-packages/airflow/example_dags/example_inlet_event_extra.py
[2024-11-12T17:23:01.212+0100] {processor.py:914} INFO - Processing file /home/sakana/anaconda3/envs/airflow_env/lib/python3.8/site-packages/airflow/example_dags/example_inlet_event_extra.py for tasks to queue
[2024-11-12T17:23:01.216+0100] {logging_mixin.py:190} INFO - [2024-11-12T17:23:01.215+0100] {dagbag.py:588} INFO - Filling up the DagBag from /home/sakana/anaconda3/envs/airflow_env/lib/python3.8/site-packages/airflow/example_dags/example_inlet_event_extra.py
[2024-11-12T17:23:01.239+0100] {processor.py:925} INFO - DAG(s) 'read_dataset_event', 'read_dataset_event_from_classic' retrieved from /home/sakana/anaconda3/envs/airflow_env/lib/python3.8/site-packages/airflow/example_dags/example_inlet_event_extra.py
[2024-11-12T17:23:01.270+0100] {logging_mixin.py:190} INFO - [2024-11-12T17:23:01.270+0100] {dag.py:3239} INFO - Sync 2 DAGs
[2024-11-12T17:23:01.301+0100] {logging_mixin.py:190} INFO - [2024-11-12T17:23:01.301+0100] {dag.py:4180} INFO - Setting next_dagrun for read_dataset_event to 2024-11-11 00:00:00+00:00, run_after=2024-11-12 00:00:00+00:00
[2024-11-12T17:23:01.307+0100] {logging_mixin.py:190} INFO - [2024-11-12T17:23:01.306+0100] {dag.py:4180} INFO - Setting next_dagrun for read_dataset_event_from_classic to 2024-11-11 00:00:00+00:00, run_after=2024-11-12 00:00:00+00:00
[2024-11-12T17:23:01.368+0100] {processor.py:208} INFO - Processing /home/sakana/anaconda3/envs/airflow_env/lib/python3.8/site-packages/airflow/example_dags/example_inlet_event_extra.py took 0.173 seconds
[2024-11-12T17:24:14.924+0100] {processor.py:186} INFO - Started process (PID=10052) to work on /home/sakana/anaconda3/envs/airflow_env/lib/python3.8/site-packages/airflow/example_dags/example_inlet_event_extra.py
[2024-11-12T17:24:14.930+0100] {processor.py:914} INFO - Processing file /home/sakana/anaconda3/envs/airflow_env/lib/python3.8/site-packages/airflow/example_dags/example_inlet_event_extra.py for tasks to queue
[2024-11-12T17:24:14.935+0100] {logging_mixin.py:190} INFO - [2024-11-12T17:24:14.934+0100] {dagbag.py:588} INFO - Filling up the DagBag from /home/sakana/anaconda3/envs/airflow_env/lib/python3.8/site-packages/airflow/example_dags/example_inlet_event_extra.py
[2024-11-12T17:24:14.972+0100] {processor.py:925} INFO - DAG(s) 'read_dataset_event_from_classic', 'read_dataset_event' retrieved from /home/sakana/anaconda3/envs/airflow_env/lib/python3.8/site-packages/airflow/example_dags/example_inlet_event_extra.py
[2024-11-12T17:24:15.005+0100] {logging_mixin.py:190} INFO - [2024-11-12T17:24:15.004+0100] {dag.py:3239} INFO - Sync 2 DAGs
[2024-11-12T17:24:15.035+0100] {logging_mixin.py:190} INFO - [2024-11-12T17:24:15.034+0100] {dag.py:4180} INFO - Setting next_dagrun for read_dataset_event to 2024-11-11 00:00:00+00:00, run_after=2024-11-12 00:00:00+00:00
[2024-11-12T17:24:15.045+0100] {logging_mixin.py:190} INFO - [2024-11-12T17:24:15.045+0100] {dag.py:4180} INFO - Setting next_dagrun for read_dataset_event_from_classic to 2024-11-11 00:00:00+00:00, run_after=2024-11-12 00:00:00+00:00
[2024-11-12T17:24:15.089+0100] {processor.py:208} INFO - Processing /home/sakana/anaconda3/envs/airflow_env/lib/python3.8/site-packages/airflow/example_dags/example_inlet_event_extra.py took 0.181 seconds
[2024-11-12T17:25:29.513+0100] {processor.py:186} INFO - Started process (PID=10232) to work on /home/sakana/anaconda3/envs/airflow_env/lib/python3.8/site-packages/airflow/example_dags/example_inlet_event_extra.py
[2024-11-12T17:25:29.542+0100] {processor.py:914} INFO - Processing file /home/sakana/anaconda3/envs/airflow_env/lib/python3.8/site-packages/airflow/example_dags/example_inlet_event_extra.py for tasks to queue
[2024-11-12T17:25:29.545+0100] {logging_mixin.py:190} INFO - [2024-11-12T17:25:29.544+0100] {dagbag.py:588} INFO - Filling up the DagBag from /home/sakana/anaconda3/envs/airflow_env/lib/python3.8/site-packages/airflow/example_dags/example_inlet_event_extra.py
[2024-11-12T17:25:29.569+0100] {processor.py:925} INFO - DAG(s) 'read_dataset_event_from_classic', 'read_dataset_event' retrieved from /home/sakana/anaconda3/envs/airflow_env/lib/python3.8/site-packages/airflow/example_dags/example_inlet_event_extra.py
[2024-11-12T17:25:29.602+0100] {logging_mixin.py:190} INFO - [2024-11-12T17:25:29.601+0100] {dag.py:3239} INFO - Sync 2 DAGs
[2024-11-12T17:25:29.643+0100] {logging_mixin.py:190} INFO - [2024-11-12T17:25:29.643+0100] {dag.py:4180} INFO - Setting next_dagrun for read_dataset_event to 2024-11-11 00:00:00+00:00, run_after=2024-11-12 00:00:00+00:00
[2024-11-12T17:25:29.655+0100] {logging_mixin.py:190} INFO - [2024-11-12T17:25:29.655+0100] {dag.py:4180} INFO - Setting next_dagrun for read_dataset_event_from_classic to 2024-11-11 00:00:00+00:00, run_after=2024-11-12 00:00:00+00:00
[2024-11-12T17:25:29.697+0100] {processor.py:208} INFO - Processing /home/sakana/anaconda3/envs/airflow_env/lib/python3.8/site-packages/airflow/example_dags/example_inlet_event_extra.py took 0.198 seconds
[2024-11-12T17:26:40.647+0100] {processor.py:186} INFO - Started process (PID=10335) to work on /home/sakana/anaconda3/envs/airflow_env/lib/python3.8/site-packages/airflow/example_dags/example_inlet_event_extra.py
[2024-11-12T17:26:40.653+0100] {processor.py:914} INFO - Processing file /home/sakana/anaconda3/envs/airflow_env/lib/python3.8/site-packages/airflow/example_dags/example_inlet_event_extra.py for tasks to queue
[2024-11-12T17:26:40.657+0100] {logging_mixin.py:190} INFO - [2024-11-12T17:26:40.656+0100] {dagbag.py:588} INFO - Filling up the DagBag from /home/sakana/anaconda3/envs/airflow_env/lib/python3.8/site-packages/airflow/example_dags/example_inlet_event_extra.py
[2024-11-12T17:26:40.684+0100] {processor.py:925} INFO - DAG(s) 'read_dataset_event_from_classic', 'read_dataset_event' retrieved from /home/sakana/anaconda3/envs/airflow_env/lib/python3.8/site-packages/airflow/example_dags/example_inlet_event_extra.py
[2024-11-12T17:26:40.711+0100] {logging_mixin.py:190} INFO - [2024-11-12T17:26:40.711+0100] {dag.py:3239} INFO - Sync 2 DAGs
[2024-11-12T17:26:40.741+0100] {logging_mixin.py:190} INFO - [2024-11-12T17:26:40.740+0100] {dag.py:4180} INFO - Setting next_dagrun for read_dataset_event to 2024-11-11 00:00:00+00:00, run_after=2024-11-12 00:00:00+00:00
[2024-11-12T17:26:40.747+0100] {logging_mixin.py:190} INFO - [2024-11-12T17:26:40.747+0100] {dag.py:4180} INFO - Setting next_dagrun for read_dataset_event_from_classic to 2024-11-11 00:00:00+00:00, run_after=2024-11-12 00:00:00+00:00
[2024-11-12T17:26:40.811+0100] {processor.py:208} INFO - Processing /home/sakana/anaconda3/envs/airflow_env/lib/python3.8/site-packages/airflow/example_dags/example_inlet_event_extra.py took 0.178 seconds
[2024-11-12T17:27:54.141+0100] {processor.py:186} INFO - Started process (PID=10414) to work on /home/sakana/anaconda3/envs/airflow_env/lib/python3.8/site-packages/airflow/example_dags/example_inlet_event_extra.py
[2024-11-12T17:27:54.147+0100] {processor.py:914} INFO - Processing file /home/sakana/anaconda3/envs/airflow_env/lib/python3.8/site-packages/airflow/example_dags/example_inlet_event_extra.py for tasks to queue
[2024-11-12T17:27:54.150+0100] {logging_mixin.py:190} INFO - [2024-11-12T17:27:54.149+0100] {dagbag.py:588} INFO - Filling up the DagBag from /home/sakana/anaconda3/envs/airflow_env/lib/python3.8/site-packages/airflow/example_dags/example_inlet_event_extra.py
[2024-11-12T17:27:54.169+0100] {processor.py:925} INFO - DAG(s) 'read_dataset_event', 'read_dataset_event_from_classic' retrieved from /home/sakana/anaconda3/envs/airflow_env/lib/python3.8/site-packages/airflow/example_dags/example_inlet_event_extra.py
[2024-11-12T17:27:54.192+0100] {logging_mixin.py:190} INFO - [2024-11-12T17:27:54.192+0100] {dag.py:3239} INFO - Sync 2 DAGs
[2024-11-12T17:27:54.220+0100] {logging_mixin.py:190} INFO - [2024-11-12T17:27:54.220+0100] {dag.py:4180} INFO - Setting next_dagrun for read_dataset_event to 2024-11-11 00:00:00+00:00, run_after=2024-11-12 00:00:00+00:00
[2024-11-12T17:27:54.225+0100] {logging_mixin.py:190} INFO - [2024-11-12T17:27:54.225+0100] {dag.py:4180} INFO - Setting next_dagrun for read_dataset_event_from_classic to 2024-11-11 00:00:00+00:00, run_after=2024-11-12 00:00:00+00:00
[2024-11-12T17:27:54.256+0100] {processor.py:208} INFO - Processing /home/sakana/anaconda3/envs/airflow_env/lib/python3.8/site-packages/airflow/example_dags/example_inlet_event_extra.py took 0.127 seconds
[2024-11-12T17:29:05.762+0100] {processor.py:186} INFO - Started process (PID=10552) to work on /home/sakana/anaconda3/envs/airflow_env/lib/python3.8/site-packages/airflow/example_dags/example_inlet_event_extra.py
[2024-11-12T17:29:05.768+0100] {processor.py:914} INFO - Processing file /home/sakana/anaconda3/envs/airflow_env/lib/python3.8/site-packages/airflow/example_dags/example_inlet_event_extra.py for tasks to queue
[2024-11-12T17:29:05.771+0100] {logging_mixin.py:190} INFO - [2024-11-12T17:29:05.771+0100] {dagbag.py:588} INFO - Filling up the DagBag from /home/sakana/anaconda3/envs/airflow_env/lib/python3.8/site-packages/airflow/example_dags/example_inlet_event_extra.py
[2024-11-12T17:29:05.789+0100] {processor.py:925} INFO - DAG(s) 'read_dataset_event', 'read_dataset_event_from_classic' retrieved from /home/sakana/anaconda3/envs/airflow_env/lib/python3.8/site-packages/airflow/example_dags/example_inlet_event_extra.py
[2024-11-12T17:29:05.813+0100] {logging_mixin.py:190} INFO - [2024-11-12T17:29:05.813+0100] {dag.py:3239} INFO - Sync 2 DAGs
[2024-11-12T17:29:05.847+0100] {logging_mixin.py:190} INFO - [2024-11-12T17:29:05.847+0100] {dag.py:4180} INFO - Setting next_dagrun for read_dataset_event to 2024-11-11 00:00:00+00:00, run_after=2024-11-12 00:00:00+00:00
[2024-11-12T17:29:05.853+0100] {logging_mixin.py:190} INFO - [2024-11-12T17:29:05.853+0100] {dag.py:4180} INFO - Setting next_dagrun for read_dataset_event_from_classic to 2024-11-11 00:00:00+00:00, run_after=2024-11-12 00:00:00+00:00
[2024-11-12T17:29:05.883+0100] {processor.py:208} INFO - Processing /home/sakana/anaconda3/envs/airflow_env/lib/python3.8/site-packages/airflow/example_dags/example_inlet_event_extra.py took 0.128 seconds
[2024-11-12T17:30:17.596+0100] {processor.py:186} INFO - Started process (PID=10637) to work on /home/sakana/anaconda3/envs/airflow_env/lib/python3.8/site-packages/airflow/example_dags/example_inlet_event_extra.py
[2024-11-12T17:30:17.598+0100] {processor.py:914} INFO - Processing file /home/sakana/anaconda3/envs/airflow_env/lib/python3.8/site-packages/airflow/example_dags/example_inlet_event_extra.py for tasks to queue
[2024-11-12T17:30:17.604+0100] {logging_mixin.py:190} INFO - [2024-11-12T17:30:17.603+0100] {dagbag.py:588} INFO - Filling up the DagBag from /home/sakana/anaconda3/envs/airflow_env/lib/python3.8/site-packages/airflow/example_dags/example_inlet_event_extra.py
[2024-11-12T17:30:17.621+0100] {processor.py:925} INFO - DAG(s) 'read_dataset_event', 'read_dataset_event_from_classic' retrieved from /home/sakana/anaconda3/envs/airflow_env/lib/python3.8/site-packages/airflow/example_dags/example_inlet_event_extra.py
[2024-11-12T17:30:17.646+0100] {logging_mixin.py:190} INFO - [2024-11-12T17:30:17.645+0100] {dag.py:3239} INFO - Sync 2 DAGs
[2024-11-12T17:30:17.675+0100] {logging_mixin.py:190} INFO - [2024-11-12T17:30:17.674+0100] {dag.py:4180} INFO - Setting next_dagrun for read_dataset_event to 2024-11-11 00:00:00+00:00, run_after=2024-11-12 00:00:00+00:00
[2024-11-12T17:30:17.680+0100] {logging_mixin.py:190} INFO - [2024-11-12T17:30:17.680+0100] {dag.py:4180} INFO - Setting next_dagrun for read_dataset_event_from_classic to 2024-11-11 00:00:00+00:00, run_after=2024-11-12 00:00:00+00:00
[2024-11-12T17:30:17.710+0100] {processor.py:208} INFO - Processing /home/sakana/anaconda3/envs/airflow_env/lib/python3.8/site-packages/airflow/example_dags/example_inlet_event_extra.py took 0.121 seconds
[2024-11-12T17:31:30.736+0100] {processor.py:186} INFO - Started process (PID=10731) to work on /home/sakana/anaconda3/envs/airflow_env/lib/python3.8/site-packages/airflow/example_dags/example_inlet_event_extra.py
[2024-11-12T17:31:30.742+0100] {processor.py:914} INFO - Processing file /home/sakana/anaconda3/envs/airflow_env/lib/python3.8/site-packages/airflow/example_dags/example_inlet_event_extra.py for tasks to queue
[2024-11-12T17:31:30.744+0100] {logging_mixin.py:190} INFO - [2024-11-12T17:31:30.743+0100] {dagbag.py:588} INFO - Filling up the DagBag from /home/sakana/anaconda3/envs/airflow_env/lib/python3.8/site-packages/airflow/example_dags/example_inlet_event_extra.py
[2024-11-12T17:31:30.763+0100] {processor.py:925} INFO - DAG(s) 'read_dataset_event_from_classic', 'read_dataset_event' retrieved from /home/sakana/anaconda3/envs/airflow_env/lib/python3.8/site-packages/airflow/example_dags/example_inlet_event_extra.py
[2024-11-12T17:31:30.786+0100] {logging_mixin.py:190} INFO - [2024-11-12T17:31:30.785+0100] {dag.py:3239} INFO - Sync 2 DAGs
[2024-11-12T17:31:30.818+0100] {logging_mixin.py:190} INFO - [2024-11-12T17:31:30.817+0100] {dag.py:4180} INFO - Setting next_dagrun for read_dataset_event to 2024-11-11 00:00:00+00:00, run_after=2024-11-12 00:00:00+00:00
[2024-11-12T17:31:30.825+0100] {logging_mixin.py:190} INFO - [2024-11-12T17:31:30.825+0100] {dag.py:4180} INFO - Setting next_dagrun for read_dataset_event_from_classic to 2024-11-11 00:00:00+00:00, run_after=2024-11-12 00:00:00+00:00
[2024-11-12T17:31:30.855+0100] {processor.py:208} INFO - Processing /home/sakana/anaconda3/envs/airflow_env/lib/python3.8/site-packages/airflow/example_dags/example_inlet_event_extra.py took 0.130 seconds
[2024-11-12T17:32:41.965+0100] {processor.py:186} INFO - Started process (PID=10866) to work on /home/sakana/anaconda3/envs/airflow_env/lib/python3.8/site-packages/airflow/example_dags/example_inlet_event_extra.py
[2024-11-12T17:32:41.970+0100] {processor.py:914} INFO - Processing file /home/sakana/anaconda3/envs/airflow_env/lib/python3.8/site-packages/airflow/example_dags/example_inlet_event_extra.py for tasks to queue
[2024-11-12T17:32:41.972+0100] {logging_mixin.py:190} INFO - [2024-11-12T17:32:41.972+0100] {dagbag.py:588} INFO - Filling up the DagBag from /home/sakana/anaconda3/envs/airflow_env/lib/python3.8/site-packages/airflow/example_dags/example_inlet_event_extra.py
[2024-11-12T17:32:41.988+0100] {processor.py:925} INFO - DAG(s) 'read_dataset_event', 'read_dataset_event_from_classic' retrieved from /home/sakana/anaconda3/envs/airflow_env/lib/python3.8/site-packages/airflow/example_dags/example_inlet_event_extra.py
[2024-11-12T17:32:42.008+0100] {logging_mixin.py:190} INFO - [2024-11-12T17:32:42.008+0100] {dag.py:3239} INFO - Sync 2 DAGs
[2024-11-12T17:32:42.033+0100] {logging_mixin.py:190} INFO - [2024-11-12T17:32:42.033+0100] {dag.py:4180} INFO - Setting next_dagrun for read_dataset_event to 2024-11-11 00:00:00+00:00, run_after=2024-11-12 00:00:00+00:00
[2024-11-12T17:32:42.039+0100] {logging_mixin.py:190} INFO - [2024-11-12T17:32:42.039+0100] {dag.py:4180} INFO - Setting next_dagrun for read_dataset_event_from_classic to 2024-11-11 00:00:00+00:00, run_after=2024-11-12 00:00:00+00:00
[2024-11-12T17:32:42.072+0100] {processor.py:208} INFO - Processing /home/sakana/anaconda3/envs/airflow_env/lib/python3.8/site-packages/airflow/example_dags/example_inlet_event_extra.py took 0.116 seconds
[2024-11-12T17:33:47.863+0100] {processor.py:186} INFO - Started process (PID=11071) to work on /home/sakana/anaconda3/envs/airflow_env/lib/python3.8/site-packages/airflow/example_dags/example_inlet_event_extra.py
[2024-11-12T17:33:47.868+0100] {processor.py:914} INFO - Processing file /home/sakana/anaconda3/envs/airflow_env/lib/python3.8/site-packages/airflow/example_dags/example_inlet_event_extra.py for tasks to queue
[2024-11-12T17:33:47.871+0100] {logging_mixin.py:190} INFO - [2024-11-12T17:33:47.870+0100] {dagbag.py:588} INFO - Filling up the DagBag from /home/sakana/anaconda3/envs/airflow_env/lib/python3.8/site-packages/airflow/example_dags/example_inlet_event_extra.py
[2024-11-12T17:33:47.887+0100] {processor.py:925} INFO - DAG(s) 'read_dataset_event_from_classic', 'read_dataset_event' retrieved from /home/sakana/anaconda3/envs/airflow_env/lib/python3.8/site-packages/airflow/example_dags/example_inlet_event_extra.py
[2024-11-12T17:33:47.904+0100] {logging_mixin.py:190} INFO - [2024-11-12T17:33:47.904+0100] {dag.py:3239} INFO - Sync 2 DAGs
[2024-11-12T17:33:47.925+0100] {logging_mixin.py:190} INFO - [2024-11-12T17:33:47.925+0100] {dag.py:4180} INFO - Setting next_dagrun for read_dataset_event to 2024-11-11 00:00:00+00:00, run_after=2024-11-12 00:00:00+00:00
[2024-11-12T17:33:47.929+0100] {logging_mixin.py:190} INFO - [2024-11-12T17:33:47.929+0100] {dag.py:4180} INFO - Setting next_dagrun for read_dataset_event_from_classic to 2024-11-11 00:00:00+00:00, run_after=2024-11-12 00:00:00+00:00
[2024-11-12T17:33:47.951+0100] {processor.py:208} INFO - Processing /home/sakana/anaconda3/envs/airflow_env/lib/python3.8/site-packages/airflow/example_dags/example_inlet_event_extra.py took 0.099 seconds
[2024-11-12T17:34:48.698+0100] {processor.py:186} INFO - Started process (PID=11148) to work on /home/sakana/anaconda3/envs/airflow_env/lib/python3.8/site-packages/airflow/example_dags/example_inlet_event_extra.py
[2024-11-12T17:34:48.703+0100] {processor.py:914} INFO - Processing file /home/sakana/anaconda3/envs/airflow_env/lib/python3.8/site-packages/airflow/example_dags/example_inlet_event_extra.py for tasks to queue
[2024-11-12T17:34:48.706+0100] {logging_mixin.py:190} INFO - [2024-11-12T17:34:48.705+0100] {dagbag.py:588} INFO - Filling up the DagBag from /home/sakana/anaconda3/envs/airflow_env/lib/python3.8/site-packages/airflow/example_dags/example_inlet_event_extra.py
[2024-11-12T17:34:48.720+0100] {processor.py:925} INFO - DAG(s) 'read_dataset_event_from_classic', 'read_dataset_event' retrieved from /home/sakana/anaconda3/envs/airflow_env/lib/python3.8/site-packages/airflow/example_dags/example_inlet_event_extra.py
[2024-11-12T17:34:48.737+0100] {logging_mixin.py:190} INFO - [2024-11-12T17:34:48.737+0100] {dag.py:3239} INFO - Sync 2 DAGs
[2024-11-12T17:34:48.758+0100] {logging_mixin.py:190} INFO - [2024-11-12T17:34:48.758+0100] {dag.py:4180} INFO - Setting next_dagrun for read_dataset_event to 2024-11-11 00:00:00+00:00, run_after=2024-11-12 00:00:00+00:00
[2024-11-12T17:34:48.762+0100] {logging_mixin.py:190} INFO - [2024-11-12T17:34:48.762+0100] {dag.py:4180} INFO - Setting next_dagrun for read_dataset_event_from_classic to 2024-11-11 00:00:00+00:00, run_after=2024-11-12 00:00:00+00:00
[2024-11-12T17:34:48.786+0100] {processor.py:208} INFO - Processing /home/sakana/anaconda3/envs/airflow_env/lib/python3.8/site-packages/airflow/example_dags/example_inlet_event_extra.py took 0.095 seconds
[2024-11-12T17:35:49.040+0100] {processor.py:186} INFO - Started process (PID=11233) to work on /home/sakana/anaconda3/envs/airflow_env/lib/python3.8/site-packages/airflow/example_dags/example_inlet_event_extra.py
[2024-11-12T17:35:49.046+0100] {processor.py:914} INFO - Processing file /home/sakana/anaconda3/envs/airflow_env/lib/python3.8/site-packages/airflow/example_dags/example_inlet_event_extra.py for tasks to queue
[2024-11-12T17:35:49.050+0100] {logging_mixin.py:190} INFO - [2024-11-12T17:35:49.049+0100] {dagbag.py:588} INFO - Filling up the DagBag from /home/sakana/anaconda3/envs/airflow_env/lib/python3.8/site-packages/airflow/example_dags/example_inlet_event_extra.py
[2024-11-12T17:35:49.069+0100] {processor.py:925} INFO - DAG(s) 'read_dataset_event', 'read_dataset_event_from_classic' retrieved from /home/sakana/anaconda3/envs/airflow_env/lib/python3.8/site-packages/airflow/example_dags/example_inlet_event_extra.py
[2024-11-12T17:35:49.086+0100] {logging_mixin.py:190} INFO - [2024-11-12T17:35:49.086+0100] {dag.py:3239} INFO - Sync 2 DAGs
[2024-11-12T17:35:49.106+0100] {logging_mixin.py:190} INFO - [2024-11-12T17:35:49.106+0100] {dag.py:4180} INFO - Setting next_dagrun for read_dataset_event to 2024-11-11 00:00:00+00:00, run_after=2024-11-12 00:00:00+00:00
[2024-11-12T17:35:49.111+0100] {logging_mixin.py:190} INFO - [2024-11-12T17:35:49.111+0100] {dag.py:4180} INFO - Setting next_dagrun for read_dataset_event_from_classic to 2024-11-11 00:00:00+00:00, run_after=2024-11-12 00:00:00+00:00
[2024-11-12T17:35:49.134+0100] {processor.py:208} INFO - Processing /home/sakana/anaconda3/envs/airflow_env/lib/python3.8/site-packages/airflow/example_dags/example_inlet_event_extra.py took 0.108 seconds
[2024-11-12T17:36:46.767+0100] {processor.py:186} INFO - Started process (PID=11302) to work on /home/sakana/anaconda3/envs/airflow_env/lib/python3.8/site-packages/airflow/example_dags/example_inlet_event_extra.py
[2024-11-12T17:36:46.773+0100] {processor.py:914} INFO - Processing file /home/sakana/anaconda3/envs/airflow_env/lib/python3.8/site-packages/airflow/example_dags/example_inlet_event_extra.py for tasks to queue
[2024-11-12T17:36:46.775+0100] {logging_mixin.py:190} INFO - [2024-11-12T17:36:46.774+0100] {dagbag.py:588} INFO - Filling up the DagBag from /home/sakana/anaconda3/envs/airflow_env/lib/python3.8/site-packages/airflow/example_dags/example_inlet_event_extra.py
[2024-11-12T17:36:46.789+0100] {processor.py:925} INFO - DAG(s) 'read_dataset_event', 'read_dataset_event_from_classic' retrieved from /home/sakana/anaconda3/envs/airflow_env/lib/python3.8/site-packages/airflow/example_dags/example_inlet_event_extra.py
[2024-11-12T17:36:46.807+0100] {logging_mixin.py:190} INFO - [2024-11-12T17:36:46.807+0100] {dag.py:3239} INFO - Sync 2 DAGs
[2024-11-12T17:36:46.829+0100] {logging_mixin.py:190} INFO - [2024-11-12T17:36:46.829+0100] {dag.py:4180} INFO - Setting next_dagrun for read_dataset_event to 2024-11-11 00:00:00+00:00, run_after=2024-11-12 00:00:00+00:00
[2024-11-12T17:36:46.833+0100] {logging_mixin.py:190} INFO - [2024-11-12T17:36:46.833+0100] {dag.py:4180} INFO - Setting next_dagrun for read_dataset_event_from_classic to 2024-11-11 00:00:00+00:00, run_after=2024-11-12 00:00:00+00:00
[2024-11-12T17:36:46.863+0100] {processor.py:208} INFO - Processing /home/sakana/anaconda3/envs/airflow_env/lib/python3.8/site-packages/airflow/example_dags/example_inlet_event_extra.py took 0.103 seconds
