[2024-11-12T01:01:40.863+0100] {processor.py:186} INFO - Started process (PID=31428) to work on /home/sakana/anaconda3/envs/airflow_env/lib/python3.8/site-packages/airflow/example_dags/example_nested_branch_dag.py
[2024-11-12T01:01:40.864+0100] {processor.py:914} INFO - Processing file /home/sakana/anaconda3/envs/airflow_env/lib/python3.8/site-packages/airflow/example_dags/example_nested_branch_dag.py for tasks to queue
[2024-11-12T01:01:40.867+0100] {logging_mixin.py:190} INFO - [2024-11-12T01:01:40.867+0100] {dagbag.py:588} INFO - Filling up the DagBag from /home/sakana/anaconda3/envs/airflow_env/lib/python3.8/site-packages/airflow/example_dags/example_nested_branch_dag.py
[2024-11-12T01:01:40.889+0100] {processor.py:925} INFO - DAG(s) 'example_nested_branch_dag' retrieved from /home/sakana/anaconda3/envs/airflow_env/lib/python3.8/site-packages/airflow/example_dags/example_nested_branch_dag.py
[2024-11-12T01:01:40.927+0100] {logging_mixin.py:190} INFO - [2024-11-12T01:01:40.926+0100] {dag.py:3239} INFO - Sync 1 DAGs
[2024-11-12T01:01:40.968+0100] {logging_mixin.py:190} INFO - [2024-11-12T01:01:40.968+0100] {dag.py:4180} INFO - Setting next_dagrun for example_nested_branch_dag to 2024-11-11 00:00:00+00:00, run_after=2024-11-12 00:00:00+00:00
[2024-11-12T01:01:41.024+0100] {processor.py:208} INFO - Processing /home/sakana/anaconda3/envs/airflow_env/lib/python3.8/site-packages/airflow/example_dags/example_nested_branch_dag.py took 0.172 seconds
[2024-11-12T01:02:46.581+0100] {processor.py:186} INFO - Started process (PID=31960) to work on /home/sakana/anaconda3/envs/airflow_env/lib/python3.8/site-packages/airflow/example_dags/example_nested_branch_dag.py
[2024-11-12T01:02:46.586+0100] {processor.py:914} INFO - Processing file /home/sakana/anaconda3/envs/airflow_env/lib/python3.8/site-packages/airflow/example_dags/example_nested_branch_dag.py for tasks to queue
[2024-11-12T01:02:46.588+0100] {logging_mixin.py:190} INFO - [2024-11-12T01:02:46.588+0100] {dagbag.py:588} INFO - Filling up the DagBag from /home/sakana/anaconda3/envs/airflow_env/lib/python3.8/site-packages/airflow/example_dags/example_nested_branch_dag.py
[2024-11-12T01:02:46.600+0100] {processor.py:925} INFO - DAG(s) 'example_nested_branch_dag' retrieved from /home/sakana/anaconda3/envs/airflow_env/lib/python3.8/site-packages/airflow/example_dags/example_nested_branch_dag.py
[2024-11-12T01:02:46.616+0100] {logging_mixin.py:190} INFO - [2024-11-12T01:02:46.616+0100] {dag.py:3239} INFO - Sync 1 DAGs
[2024-11-12T01:02:46.636+0100] {logging_mixin.py:190} INFO - [2024-11-12T01:02:46.636+0100] {dag.py:4180} INFO - Setting next_dagrun for example_nested_branch_dag to 2024-11-11 00:00:00+00:00, run_after=2024-11-12 00:00:00+00:00
[2024-11-12T01:02:46.670+0100] {processor.py:208} INFO - Processing /home/sakana/anaconda3/envs/airflow_env/lib/python3.8/site-packages/airflow/example_dags/example_nested_branch_dag.py took 0.096 seconds
[2024-11-12T01:03:49.518+0100] {processor.py:186} INFO - Started process (PID=32378) to work on /home/sakana/anaconda3/envs/airflow_env/lib/python3.8/site-packages/airflow/example_dags/example_nested_branch_dag.py
[2024-11-12T01:03:49.545+0100] {processor.py:914} INFO - Processing file /home/sakana/anaconda3/envs/airflow_env/lib/python3.8/site-packages/airflow/example_dags/example_nested_branch_dag.py for tasks to queue
[2024-11-12T01:03:49.550+0100] {logging_mixin.py:190} INFO - [2024-11-12T01:03:49.549+0100] {dagbag.py:588} INFO - Filling up the DagBag from /home/sakana/anaconda3/envs/airflow_env/lib/python3.8/site-packages/airflow/example_dags/example_nested_branch_dag.py
[2024-11-12T01:03:49.580+0100] {processor.py:925} INFO - DAG(s) 'example_nested_branch_dag' retrieved from /home/sakana/anaconda3/envs/airflow_env/lib/python3.8/site-packages/airflow/example_dags/example_nested_branch_dag.py
[2024-11-12T01:03:49.605+0100] {logging_mixin.py:190} INFO - [2024-11-12T01:03:49.605+0100] {dag.py:3239} INFO - Sync 1 DAGs
[2024-11-12T01:03:49.629+0100] {logging_mixin.py:190} INFO - [2024-11-12T01:03:49.629+0100] {dag.py:4180} INFO - Setting next_dagrun for example_nested_branch_dag to 2024-11-11 00:00:00+00:00, run_after=2024-11-12 00:00:00+00:00
[2024-11-12T01:03:49.694+0100] {processor.py:208} INFO - Processing /home/sakana/anaconda3/envs/airflow_env/lib/python3.8/site-packages/airflow/example_dags/example_nested_branch_dag.py took 0.183 seconds
[2024-11-12T01:10:26.943+0100] {processor.py:186} INFO - Started process (PID=4163) to work on /home/sakana/anaconda3/envs/airflow_env/lib/python3.8/site-packages/airflow/example_dags/example_nested_branch_dag.py
[2024-11-12T01:10:26.949+0100] {processor.py:914} INFO - Processing file /home/sakana/anaconda3/envs/airflow_env/lib/python3.8/site-packages/airflow/example_dags/example_nested_branch_dag.py for tasks to queue
[2024-11-12T01:10:26.955+0100] {logging_mixin.py:190} INFO - [2024-11-12T01:10:26.954+0100] {dagbag.py:588} INFO - Filling up the DagBag from /home/sakana/anaconda3/envs/airflow_env/lib/python3.8/site-packages/airflow/example_dags/example_nested_branch_dag.py
[2024-11-12T01:10:26.981+0100] {processor.py:925} INFO - DAG(s) 'example_nested_branch_dag' retrieved from /home/sakana/anaconda3/envs/airflow_env/lib/python3.8/site-packages/airflow/example_dags/example_nested_branch_dag.py
[2024-11-12T01:10:27.001+0100] {logging_mixin.py:190} INFO - [2024-11-12T01:10:27.001+0100] {dag.py:3239} INFO - Sync 1 DAGs
[2024-11-12T01:10:27.019+0100] {logging_mixin.py:190} INFO - [2024-11-12T01:10:27.019+0100] {dag.py:4180} INFO - Setting next_dagrun for example_nested_branch_dag to 2024-11-11 00:00:00+00:00, run_after=2024-11-12 00:00:00+00:00
[2024-11-12T01:10:27.043+0100] {processor.py:208} INFO - Processing /home/sakana/anaconda3/envs/airflow_env/lib/python3.8/site-packages/airflow/example_dags/example_nested_branch_dag.py took 0.106 seconds
[2024-11-12T01:11:29.522+0100] {processor.py:186} INFO - Started process (PID=4226) to work on /home/sakana/anaconda3/envs/airflow_env/lib/python3.8/site-packages/airflow/example_dags/example_nested_branch_dag.py
[2024-11-12T01:11:29.527+0100] {processor.py:914} INFO - Processing file /home/sakana/anaconda3/envs/airflow_env/lib/python3.8/site-packages/airflow/example_dags/example_nested_branch_dag.py for tasks to queue
[2024-11-12T01:11:29.530+0100] {logging_mixin.py:190} INFO - [2024-11-12T01:11:29.529+0100] {dagbag.py:588} INFO - Filling up the DagBag from /home/sakana/anaconda3/envs/airflow_env/lib/python3.8/site-packages/airflow/example_dags/example_nested_branch_dag.py
[2024-11-12T01:11:29.544+0100] {processor.py:925} INFO - DAG(s) 'example_nested_branch_dag' retrieved from /home/sakana/anaconda3/envs/airflow_env/lib/python3.8/site-packages/airflow/example_dags/example_nested_branch_dag.py
[2024-11-12T01:11:29.562+0100] {logging_mixin.py:190} INFO - [2024-11-12T01:11:29.562+0100] {dag.py:3239} INFO - Sync 1 DAGs
[2024-11-12T01:11:29.581+0100] {logging_mixin.py:190} INFO - [2024-11-12T01:11:29.581+0100] {dag.py:4180} INFO - Setting next_dagrun for example_nested_branch_dag to 2024-11-11 00:00:00+00:00, run_after=2024-11-12 00:00:00+00:00
[2024-11-12T01:11:29.606+0100] {processor.py:208} INFO - Processing /home/sakana/anaconda3/envs/airflow_env/lib/python3.8/site-packages/airflow/example_dags/example_nested_branch_dag.py took 0.091 seconds
[2024-11-12T16:38:04.187+0100] {processor.py:186} INFO - Started process (PID=6623) to work on /home/sakana/anaconda3/envs/airflow_env/lib/python3.8/site-packages/airflow/example_dags/example_nested_branch_dag.py
[2024-11-12T16:38:04.189+0100] {processor.py:914} INFO - Processing file /home/sakana/anaconda3/envs/airflow_env/lib/python3.8/site-packages/airflow/example_dags/example_nested_branch_dag.py for tasks to queue
[2024-11-12T16:38:04.191+0100] {logging_mixin.py:190} INFO - [2024-11-12T16:38:04.190+0100] {dagbag.py:588} INFO - Filling up the DagBag from /home/sakana/anaconda3/envs/airflow_env/lib/python3.8/site-packages/airflow/example_dags/example_nested_branch_dag.py
[2024-11-12T16:38:04.209+0100] {processor.py:925} INFO - DAG(s) 'example_nested_branch_dag' retrieved from /home/sakana/anaconda3/envs/airflow_env/lib/python3.8/site-packages/airflow/example_dags/example_nested_branch_dag.py
[2024-11-12T16:38:04.232+0100] {logging_mixin.py:190} INFO - [2024-11-12T16:38:04.232+0100] {dag.py:3239} INFO - Sync 1 DAGs
[2024-11-12T16:38:04.255+0100] {logging_mixin.py:190} INFO - [2024-11-12T16:38:04.255+0100] {dag.py:4180} INFO - Setting next_dagrun for example_nested_branch_dag to 2024-11-11 00:00:00+00:00, run_after=2024-11-12 00:00:00+00:00
[2024-11-12T16:38:04.281+0100] {processor.py:208} INFO - Processing /home/sakana/anaconda3/envs/airflow_env/lib/python3.8/site-packages/airflow/example_dags/example_nested_branch_dag.py took 0.102 seconds
[2024-11-12T16:40:17.109+0100] {processor.py:186} INFO - Started process (PID=7001) to work on /home/sakana/anaconda3/envs/airflow_env/lib/python3.8/site-packages/airflow/example_dags/example_nested_branch_dag.py
[2024-11-12T16:40:17.110+0100] {processor.py:914} INFO - Processing file /home/sakana/anaconda3/envs/airflow_env/lib/python3.8/site-packages/airflow/example_dags/example_nested_branch_dag.py for tasks to queue
[2024-11-12T16:40:17.115+0100] {logging_mixin.py:190} INFO - [2024-11-12T16:40:17.114+0100] {dagbag.py:588} INFO - Filling up the DagBag from /home/sakana/anaconda3/envs/airflow_env/lib/python3.8/site-packages/airflow/example_dags/example_nested_branch_dag.py
[2024-11-12T16:40:17.140+0100] {processor.py:925} INFO - DAG(s) 'example_nested_branch_dag' retrieved from /home/sakana/anaconda3/envs/airflow_env/lib/python3.8/site-packages/airflow/example_dags/example_nested_branch_dag.py
[2024-11-12T16:40:17.181+0100] {logging_mixin.py:190} INFO - [2024-11-12T16:40:17.180+0100] {dag.py:3239} INFO - Sync 1 DAGs
[2024-11-12T16:40:17.229+0100] {logging_mixin.py:190} INFO - [2024-11-12T16:40:17.229+0100] {dag.py:4180} INFO - Setting next_dagrun for example_nested_branch_dag to 2024-11-11 00:00:00+00:00, run_after=2024-11-12 00:00:00+00:00
[2024-11-12T16:40:17.292+0100] {processor.py:208} INFO - Processing /home/sakana/anaconda3/envs/airflow_env/lib/python3.8/site-packages/airflow/example_dags/example_nested_branch_dag.py took 0.197 seconds
[2024-11-12T16:41:29.869+0100] {processor.py:186} INFO - Started process (PID=7123) to work on /home/sakana/anaconda3/envs/airflow_env/lib/python3.8/site-packages/airflow/example_dags/example_nested_branch_dag.py
[2024-11-12T16:41:29.874+0100] {processor.py:914} INFO - Processing file /home/sakana/anaconda3/envs/airflow_env/lib/python3.8/site-packages/airflow/example_dags/example_nested_branch_dag.py for tasks to queue
[2024-11-12T16:41:29.877+0100] {logging_mixin.py:190} INFO - [2024-11-12T16:41:29.876+0100] {dagbag.py:588} INFO - Filling up the DagBag from /home/sakana/anaconda3/envs/airflow_env/lib/python3.8/site-packages/airflow/example_dags/example_nested_branch_dag.py
[2024-11-12T16:41:29.889+0100] {processor.py:925} INFO - DAG(s) 'example_nested_branch_dag' retrieved from /home/sakana/anaconda3/envs/airflow_env/lib/python3.8/site-packages/airflow/example_dags/example_nested_branch_dag.py
[2024-11-12T16:41:29.906+0100] {logging_mixin.py:190} INFO - [2024-11-12T16:41:29.905+0100] {dag.py:3239} INFO - Sync 1 DAGs
[2024-11-12T16:41:29.926+0100] {logging_mixin.py:190} INFO - [2024-11-12T16:41:29.925+0100] {dag.py:4180} INFO - Setting next_dagrun for example_nested_branch_dag to 2024-11-11 00:00:00+00:00, run_after=2024-11-12 00:00:00+00:00
[2024-11-12T16:41:29.968+0100] {processor.py:208} INFO - Processing /home/sakana/anaconda3/envs/airflow_env/lib/python3.8/site-packages/airflow/example_dags/example_nested_branch_dag.py took 0.104 seconds
[2024-11-12T16:42:26.826+0100] {processor.py:186} INFO - Started process (PID=7237) to work on /home/sakana/anaconda3/envs/airflow_env/lib/python3.8/site-packages/airflow/example_dags/example_nested_branch_dag.py
[2024-11-12T16:42:26.832+0100] {processor.py:914} INFO - Processing file /home/sakana/anaconda3/envs/airflow_env/lib/python3.8/site-packages/airflow/example_dags/example_nested_branch_dag.py for tasks to queue
[2024-11-12T16:42:26.836+0100] {logging_mixin.py:190} INFO - [2024-11-12T16:42:26.835+0100] {dagbag.py:588} INFO - Filling up the DagBag from /home/sakana/anaconda3/envs/airflow_env/lib/python3.8/site-packages/airflow/example_dags/example_nested_branch_dag.py
[2024-11-12T16:42:26.853+0100] {processor.py:925} INFO - DAG(s) 'example_nested_branch_dag' retrieved from /home/sakana/anaconda3/envs/airflow_env/lib/python3.8/site-packages/airflow/example_dags/example_nested_branch_dag.py
[2024-11-12T16:42:26.880+0100] {logging_mixin.py:190} INFO - [2024-11-12T16:42:26.880+0100] {dag.py:3239} INFO - Sync 1 DAGs
[2024-11-12T16:42:26.912+0100] {logging_mixin.py:190} INFO - [2024-11-12T16:42:26.911+0100] {dag.py:4180} INFO - Setting next_dagrun for example_nested_branch_dag to 2024-11-11 00:00:00+00:00, run_after=2024-11-12 00:00:00+00:00
[2024-11-12T16:42:26.944+0100] {processor.py:208} INFO - Processing /home/sakana/anaconda3/envs/airflow_env/lib/python3.8/site-packages/airflow/example_dags/example_nested_branch_dag.py took 0.127 seconds
[2024-11-12T16:43:25.610+0100] {processor.py:186} INFO - Started process (PID=7366) to work on /home/sakana/anaconda3/envs/airflow_env/lib/python3.8/site-packages/airflow/example_dags/example_nested_branch_dag.py
[2024-11-12T16:43:25.616+0100] {processor.py:914} INFO - Processing file /home/sakana/anaconda3/envs/airflow_env/lib/python3.8/site-packages/airflow/example_dags/example_nested_branch_dag.py for tasks to queue
[2024-11-12T16:43:25.620+0100] {logging_mixin.py:190} INFO - [2024-11-12T16:43:25.619+0100] {dagbag.py:588} INFO - Filling up the DagBag from /home/sakana/anaconda3/envs/airflow_env/lib/python3.8/site-packages/airflow/example_dags/example_nested_branch_dag.py
[2024-11-12T16:43:25.639+0100] {processor.py:925} INFO - DAG(s) 'example_nested_branch_dag' retrieved from /home/sakana/anaconda3/envs/airflow_env/lib/python3.8/site-packages/airflow/example_dags/example_nested_branch_dag.py
[2024-11-12T16:43:25.660+0100] {logging_mixin.py:190} INFO - [2024-11-12T16:43:25.659+0100] {dag.py:3239} INFO - Sync 1 DAGs
[2024-11-12T16:43:25.684+0100] {logging_mixin.py:190} INFO - [2024-11-12T16:43:25.683+0100] {dag.py:4180} INFO - Setting next_dagrun for example_nested_branch_dag to 2024-11-11 00:00:00+00:00, run_after=2024-11-12 00:00:00+00:00
[2024-11-12T16:43:25.716+0100] {processor.py:208} INFO - Processing /home/sakana/anaconda3/envs/airflow_env/lib/python3.8/site-packages/airflow/example_dags/example_nested_branch_dag.py took 0.116 seconds
[2024-11-12T16:44:23.082+0100] {processor.py:186} INFO - Started process (PID=7452) to work on /home/sakana/anaconda3/envs/airflow_env/lib/python3.8/site-packages/airflow/example_dags/example_nested_branch_dag.py
[2024-11-12T16:44:23.087+0100] {processor.py:914} INFO - Processing file /home/sakana/anaconda3/envs/airflow_env/lib/python3.8/site-packages/airflow/example_dags/example_nested_branch_dag.py for tasks to queue
[2024-11-12T16:44:23.090+0100] {logging_mixin.py:190} INFO - [2024-11-12T16:44:23.089+0100] {dagbag.py:588} INFO - Filling up the DagBag from /home/sakana/anaconda3/envs/airflow_env/lib/python3.8/site-packages/airflow/example_dags/example_nested_branch_dag.py
[2024-11-12T16:44:23.104+0100] {processor.py:925} INFO - DAG(s) 'example_nested_branch_dag' retrieved from /home/sakana/anaconda3/envs/airflow_env/lib/python3.8/site-packages/airflow/example_dags/example_nested_branch_dag.py
[2024-11-12T16:44:23.124+0100] {logging_mixin.py:190} INFO - [2024-11-12T16:44:23.123+0100] {dag.py:3239} INFO - Sync 1 DAGs
[2024-11-12T16:44:23.143+0100] {logging_mixin.py:190} INFO - [2024-11-12T16:44:23.143+0100] {dag.py:4180} INFO - Setting next_dagrun for example_nested_branch_dag to 2024-11-11 00:00:00+00:00, run_after=2024-11-12 00:00:00+00:00
[2024-11-12T16:44:23.167+0100] {processor.py:208} INFO - Processing /home/sakana/anaconda3/envs/airflow_env/lib/python3.8/site-packages/airflow/example_dags/example_nested_branch_dag.py took 0.091 seconds
[2024-11-12T16:45:18.809+0100] {processor.py:186} INFO - Started process (PID=7521) to work on /home/sakana/anaconda3/envs/airflow_env/lib/python3.8/site-packages/airflow/example_dags/example_nested_branch_dag.py
[2024-11-12T16:45:18.814+0100] {processor.py:914} INFO - Processing file /home/sakana/anaconda3/envs/airflow_env/lib/python3.8/site-packages/airflow/example_dags/example_nested_branch_dag.py for tasks to queue
[2024-11-12T16:45:18.816+0100] {logging_mixin.py:190} INFO - [2024-11-12T16:45:18.816+0100] {dagbag.py:588} INFO - Filling up the DagBag from /home/sakana/anaconda3/envs/airflow_env/lib/python3.8/site-packages/airflow/example_dags/example_nested_branch_dag.py
[2024-11-12T16:45:18.829+0100] {processor.py:925} INFO - DAG(s) 'example_nested_branch_dag' retrieved from /home/sakana/anaconda3/envs/airflow_env/lib/python3.8/site-packages/airflow/example_dags/example_nested_branch_dag.py
[2024-11-12T16:45:18.847+0100] {logging_mixin.py:190} INFO - [2024-11-12T16:45:18.847+0100] {dag.py:3239} INFO - Sync 1 DAGs
[2024-11-12T16:45:18.866+0100] {logging_mixin.py:190} INFO - [2024-11-12T16:45:18.865+0100] {dag.py:4180} INFO - Setting next_dagrun for example_nested_branch_dag to 2024-11-11 00:00:00+00:00, run_after=2024-11-12 00:00:00+00:00
[2024-11-12T16:45:18.899+0100] {processor.py:208} INFO - Processing /home/sakana/anaconda3/envs/airflow_env/lib/python3.8/site-packages/airflow/example_dags/example_nested_branch_dag.py took 0.097 seconds
[2024-11-12T16:46:22.109+0100] {processor.py:186} INFO - Started process (PID=7642) to work on /home/sakana/anaconda3/envs/airflow_env/lib/python3.8/site-packages/airflow/example_dags/example_nested_branch_dag.py
[2024-11-12T16:46:22.114+0100] {processor.py:914} INFO - Processing file /home/sakana/anaconda3/envs/airflow_env/lib/python3.8/site-packages/airflow/example_dags/example_nested_branch_dag.py for tasks to queue
[2024-11-12T16:46:22.116+0100] {logging_mixin.py:190} INFO - [2024-11-12T16:46:22.116+0100] {dagbag.py:588} INFO - Filling up the DagBag from /home/sakana/anaconda3/envs/airflow_env/lib/python3.8/site-packages/airflow/example_dags/example_nested_branch_dag.py
[2024-11-12T16:46:22.129+0100] {processor.py:925} INFO - DAG(s) 'example_nested_branch_dag' retrieved from /home/sakana/anaconda3/envs/airflow_env/lib/python3.8/site-packages/airflow/example_dags/example_nested_branch_dag.py
[2024-11-12T16:46:22.149+0100] {logging_mixin.py:190} INFO - [2024-11-12T16:46:22.149+0100] {dag.py:3239} INFO - Sync 1 DAGs
[2024-11-12T16:46:22.168+0100] {logging_mixin.py:190} INFO - [2024-11-12T16:46:22.168+0100] {dag.py:4180} INFO - Setting next_dagrun for example_nested_branch_dag to 2024-11-11 00:00:00+00:00, run_after=2024-11-12 00:00:00+00:00
[2024-11-12T16:46:22.197+0100] {processor.py:208} INFO - Processing /home/sakana/anaconda3/envs/airflow_env/lib/python3.8/site-packages/airflow/example_dags/example_nested_branch_dag.py took 0.094 seconds
[2024-11-12T16:47:27.888+0100] {processor.py:186} INFO - Started process (PID=7726) to work on /home/sakana/anaconda3/envs/airflow_env/lib/python3.8/site-packages/airflow/example_dags/example_nested_branch_dag.py
[2024-11-12T16:47:27.893+0100] {processor.py:914} INFO - Processing file /home/sakana/anaconda3/envs/airflow_env/lib/python3.8/site-packages/airflow/example_dags/example_nested_branch_dag.py for tasks to queue
[2024-11-12T16:47:27.894+0100] {logging_mixin.py:190} INFO - [2024-11-12T16:47:27.894+0100] {dagbag.py:588} INFO - Filling up the DagBag from /home/sakana/anaconda3/envs/airflow_env/lib/python3.8/site-packages/airflow/example_dags/example_nested_branch_dag.py
[2024-11-12T16:47:27.905+0100] {processor.py:925} INFO - DAG(s) 'example_nested_branch_dag' retrieved from /home/sakana/anaconda3/envs/airflow_env/lib/python3.8/site-packages/airflow/example_dags/example_nested_branch_dag.py
[2024-11-12T16:47:27.920+0100] {logging_mixin.py:190} INFO - [2024-11-12T16:47:27.920+0100] {dag.py:3239} INFO - Sync 1 DAGs
[2024-11-12T16:47:27.940+0100] {logging_mixin.py:190} INFO - [2024-11-12T16:47:27.940+0100] {dag.py:4180} INFO - Setting next_dagrun for example_nested_branch_dag to 2024-11-11 00:00:00+00:00, run_after=2024-11-12 00:00:00+00:00
[2024-11-12T16:47:27.968+0100] {processor.py:208} INFO - Processing /home/sakana/anaconda3/envs/airflow_env/lib/python3.8/site-packages/airflow/example_dags/example_nested_branch_dag.py took 0.085 seconds
[2024-11-12T16:48:24.079+0100] {processor.py:186} INFO - Started process (PID=7874) to work on /home/sakana/anaconda3/envs/airflow_env/lib/python3.8/site-packages/airflow/example_dags/example_nested_branch_dag.py
[2024-11-12T16:48:24.084+0100] {processor.py:914} INFO - Processing file /home/sakana/anaconda3/envs/airflow_env/lib/python3.8/site-packages/airflow/example_dags/example_nested_branch_dag.py for tasks to queue
[2024-11-12T16:48:24.086+0100] {logging_mixin.py:190} INFO - [2024-11-12T16:48:24.085+0100] {dagbag.py:588} INFO - Filling up the DagBag from /home/sakana/anaconda3/envs/airflow_env/lib/python3.8/site-packages/airflow/example_dags/example_nested_branch_dag.py
[2024-11-12T16:48:24.098+0100] {processor.py:925} INFO - DAG(s) 'example_nested_branch_dag' retrieved from /home/sakana/anaconda3/envs/airflow_env/lib/python3.8/site-packages/airflow/example_dags/example_nested_branch_dag.py
[2024-11-12T16:48:24.115+0100] {logging_mixin.py:190} INFO - [2024-11-12T16:48:24.115+0100] {dag.py:3239} INFO - Sync 1 DAGs
[2024-11-12T16:48:24.141+0100] {logging_mixin.py:190} INFO - [2024-11-12T16:48:24.140+0100] {dag.py:4180} INFO - Setting next_dagrun for example_nested_branch_dag to 2024-11-11 00:00:00+00:00, run_after=2024-11-12 00:00:00+00:00
[2024-11-12T16:48:24.165+0100] {processor.py:208} INFO - Processing /home/sakana/anaconda3/envs/airflow_env/lib/python3.8/site-packages/airflow/example_dags/example_nested_branch_dag.py took 0.091 seconds
[2024-11-12T16:49:22.522+0100] {processor.py:186} INFO - Started process (PID=7975) to work on /home/sakana/anaconda3/envs/airflow_env/lib/python3.8/site-packages/airflow/example_dags/example_nested_branch_dag.py
[2024-11-12T16:49:22.527+0100] {processor.py:914} INFO - Processing file /home/sakana/anaconda3/envs/airflow_env/lib/python3.8/site-packages/airflow/example_dags/example_nested_branch_dag.py for tasks to queue
[2024-11-12T16:49:22.530+0100] {logging_mixin.py:190} INFO - [2024-11-12T16:49:22.530+0100] {dagbag.py:588} INFO - Filling up the DagBag from /home/sakana/anaconda3/envs/airflow_env/lib/python3.8/site-packages/airflow/example_dags/example_nested_branch_dag.py
[2024-11-12T16:49:22.549+0100] {processor.py:925} INFO - DAG(s) 'example_nested_branch_dag' retrieved from /home/sakana/anaconda3/envs/airflow_env/lib/python3.8/site-packages/airflow/example_dags/example_nested_branch_dag.py
[2024-11-12T16:49:22.566+0100] {logging_mixin.py:190} INFO - [2024-11-12T16:49:22.565+0100] {dag.py:3239} INFO - Sync 1 DAGs
[2024-11-12T16:49:22.584+0100] {logging_mixin.py:190} INFO - [2024-11-12T16:49:22.584+0100] {dag.py:4180} INFO - Setting next_dagrun for example_nested_branch_dag to 2024-11-11 00:00:00+00:00, run_after=2024-11-12 00:00:00+00:00
[2024-11-12T16:49:22.622+0100] {processor.py:208} INFO - Processing /home/sakana/anaconda3/envs/airflow_env/lib/python3.8/site-packages/airflow/example_dags/example_nested_branch_dag.py took 0.111 seconds
[2024-11-12T16:50:18.635+0100] {processor.py:186} INFO - Started process (PID=8042) to work on /home/sakana/anaconda3/envs/airflow_env/lib/python3.8/site-packages/airflow/example_dags/example_nested_branch_dag.py
[2024-11-12T16:50:18.640+0100] {processor.py:914} INFO - Processing file /home/sakana/anaconda3/envs/airflow_env/lib/python3.8/site-packages/airflow/example_dags/example_nested_branch_dag.py for tasks to queue
[2024-11-12T16:50:18.642+0100] {logging_mixin.py:190} INFO - [2024-11-12T16:50:18.641+0100] {dagbag.py:588} INFO - Filling up the DagBag from /home/sakana/anaconda3/envs/airflow_env/lib/python3.8/site-packages/airflow/example_dags/example_nested_branch_dag.py
[2024-11-12T16:50:18.656+0100] {processor.py:925} INFO - DAG(s) 'example_nested_branch_dag' retrieved from /home/sakana/anaconda3/envs/airflow_env/lib/python3.8/site-packages/airflow/example_dags/example_nested_branch_dag.py
[2024-11-12T16:50:18.674+0100] {logging_mixin.py:190} INFO - [2024-11-12T16:50:18.674+0100] {dag.py:3239} INFO - Sync 1 DAGs
[2024-11-12T16:50:18.694+0100] {logging_mixin.py:190} INFO - [2024-11-12T16:50:18.693+0100] {dag.py:4180} INFO - Setting next_dagrun for example_nested_branch_dag to 2024-11-11 00:00:00+00:00, run_after=2024-11-12 00:00:00+00:00
[2024-11-12T16:50:18.723+0100] {processor.py:208} INFO - Processing /home/sakana/anaconda3/envs/airflow_env/lib/python3.8/site-packages/airflow/example_dags/example_nested_branch_dag.py took 0.095 seconds
[2024-11-12T16:51:17.125+0100] {processor.py:186} INFO - Started process (PID=8112) to work on /home/sakana/anaconda3/envs/airflow_env/lib/python3.8/site-packages/airflow/example_dags/example_nested_branch_dag.py
[2024-11-12T16:51:17.130+0100] {processor.py:914} INFO - Processing file /home/sakana/anaconda3/envs/airflow_env/lib/python3.8/site-packages/airflow/example_dags/example_nested_branch_dag.py for tasks to queue
[2024-11-12T16:51:17.133+0100] {logging_mixin.py:190} INFO - [2024-11-12T16:51:17.132+0100] {dagbag.py:588} INFO - Filling up the DagBag from /home/sakana/anaconda3/envs/airflow_env/lib/python3.8/site-packages/airflow/example_dags/example_nested_branch_dag.py
[2024-11-12T16:51:17.144+0100] {processor.py:925} INFO - DAG(s) 'example_nested_branch_dag' retrieved from /home/sakana/anaconda3/envs/airflow_env/lib/python3.8/site-packages/airflow/example_dags/example_nested_branch_dag.py
[2024-11-12T16:51:17.160+0100] {logging_mixin.py:190} INFO - [2024-11-12T16:51:17.160+0100] {dag.py:3239} INFO - Sync 1 DAGs
[2024-11-12T16:51:17.177+0100] {logging_mixin.py:190} INFO - [2024-11-12T16:51:17.177+0100] {dag.py:4180} INFO - Setting next_dagrun for example_nested_branch_dag to 2024-11-11 00:00:00+00:00, run_after=2024-11-12 00:00:00+00:00
[2024-11-12T16:51:17.201+0100] {processor.py:208} INFO - Processing /home/sakana/anaconda3/envs/airflow_env/lib/python3.8/site-packages/airflow/example_dags/example_nested_branch_dag.py took 0.084 seconds
[2024-11-12T16:52:12.993+0100] {processor.py:186} INFO - Started process (PID=8198) to work on /home/sakana/anaconda3/envs/airflow_env/lib/python3.8/site-packages/airflow/example_dags/example_nested_branch_dag.py
[2024-11-12T16:52:12.999+0100] {processor.py:914} INFO - Processing file /home/sakana/anaconda3/envs/airflow_env/lib/python3.8/site-packages/airflow/example_dags/example_nested_branch_dag.py for tasks to queue
[2024-11-12T16:52:13.002+0100] {logging_mixin.py:190} INFO - [2024-11-12T16:52:13.001+0100] {dagbag.py:588} INFO - Filling up the DagBag from /home/sakana/anaconda3/envs/airflow_env/lib/python3.8/site-packages/airflow/example_dags/example_nested_branch_dag.py
[2024-11-12T16:52:13.019+0100] {processor.py:925} INFO - DAG(s) 'example_nested_branch_dag' retrieved from /home/sakana/anaconda3/envs/airflow_env/lib/python3.8/site-packages/airflow/example_dags/example_nested_branch_dag.py
[2024-11-12T16:52:13.036+0100] {logging_mixin.py:190} INFO - [2024-11-12T16:52:13.036+0100] {dag.py:3239} INFO - Sync 1 DAGs
[2024-11-12T16:52:13.056+0100] {logging_mixin.py:190} INFO - [2024-11-12T16:52:13.055+0100] {dag.py:4180} INFO - Setting next_dagrun for example_nested_branch_dag to 2024-11-11 00:00:00+00:00, run_after=2024-11-12 00:00:00+00:00
[2024-11-12T16:52:13.105+0100] {processor.py:208} INFO - Processing /home/sakana/anaconda3/envs/airflow_env/lib/python3.8/site-packages/airflow/example_dags/example_nested_branch_dag.py took 0.121 seconds
[2024-11-12T16:53:09.703+0100] {processor.py:186} INFO - Started process (PID=8287) to work on /home/sakana/anaconda3/envs/airflow_env/lib/python3.8/site-packages/airflow/example_dags/example_nested_branch_dag.py
[2024-11-12T16:53:09.708+0100] {processor.py:914} INFO - Processing file /home/sakana/anaconda3/envs/airflow_env/lib/python3.8/site-packages/airflow/example_dags/example_nested_branch_dag.py for tasks to queue
[2024-11-12T16:53:09.710+0100] {logging_mixin.py:190} INFO - [2024-11-12T16:53:09.710+0100] {dagbag.py:588} INFO - Filling up the DagBag from /home/sakana/anaconda3/envs/airflow_env/lib/python3.8/site-packages/airflow/example_dags/example_nested_branch_dag.py
[2024-11-12T16:53:09.721+0100] {processor.py:925} INFO - DAG(s) 'example_nested_branch_dag' retrieved from /home/sakana/anaconda3/envs/airflow_env/lib/python3.8/site-packages/airflow/example_dags/example_nested_branch_dag.py
[2024-11-12T16:53:09.739+0100] {logging_mixin.py:190} INFO - [2024-11-12T16:53:09.738+0100] {dag.py:3239} INFO - Sync 1 DAGs
[2024-11-12T16:53:09.760+0100] {logging_mixin.py:190} INFO - [2024-11-12T16:53:09.760+0100] {dag.py:4180} INFO - Setting next_dagrun for example_nested_branch_dag to 2024-11-11 00:00:00+00:00, run_after=2024-11-12 00:00:00+00:00
[2024-11-12T16:53:09.789+0100] {processor.py:208} INFO - Processing /home/sakana/anaconda3/envs/airflow_env/lib/python3.8/site-packages/airflow/example_dags/example_nested_branch_dag.py took 0.091 seconds
[2024-11-12T16:54:06.414+0100] {processor.py:186} INFO - Started process (PID=8405) to work on /home/sakana/anaconda3/envs/airflow_env/lib/python3.8/site-packages/airflow/example_dags/example_nested_branch_dag.py
[2024-11-12T16:54:06.428+0100] {processor.py:914} INFO - Processing file /home/sakana/anaconda3/envs/airflow_env/lib/python3.8/site-packages/airflow/example_dags/example_nested_branch_dag.py for tasks to queue
[2024-11-12T16:54:06.430+0100] {logging_mixin.py:190} INFO - [2024-11-12T16:54:06.430+0100] {dagbag.py:588} INFO - Filling up the DagBag from /home/sakana/anaconda3/envs/airflow_env/lib/python3.8/site-packages/airflow/example_dags/example_nested_branch_dag.py
[2024-11-12T16:54:06.444+0100] {processor.py:925} INFO - DAG(s) 'example_nested_branch_dag' retrieved from /home/sakana/anaconda3/envs/airflow_env/lib/python3.8/site-packages/airflow/example_dags/example_nested_branch_dag.py
[2024-11-12T16:54:06.460+0100] {logging_mixin.py:190} INFO - [2024-11-12T16:54:06.460+0100] {dag.py:3239} INFO - Sync 1 DAGs
[2024-11-12T16:54:06.483+0100] {logging_mixin.py:190} INFO - [2024-11-12T16:54:06.483+0100] {dag.py:4180} INFO - Setting next_dagrun for example_nested_branch_dag to 2024-11-11 00:00:00+00:00, run_after=2024-11-12 00:00:00+00:00
[2024-11-12T16:54:06.510+0100] {processor.py:208} INFO - Processing /home/sakana/anaconda3/envs/airflow_env/lib/python3.8/site-packages/airflow/example_dags/example_nested_branch_dag.py took 0.103 seconds
[2024-11-12T16:55:07.724+0100] {processor.py:186} INFO - Started process (PID=8551) to work on /home/sakana/anaconda3/envs/airflow_env/lib/python3.8/site-packages/airflow/example_dags/example_nested_branch_dag.py
[2024-11-12T16:55:07.730+0100] {processor.py:914} INFO - Processing file /home/sakana/anaconda3/envs/airflow_env/lib/python3.8/site-packages/airflow/example_dags/example_nested_branch_dag.py for tasks to queue
[2024-11-12T16:55:07.733+0100] {logging_mixin.py:190} INFO - [2024-11-12T16:55:07.732+0100] {dagbag.py:588} INFO - Filling up the DagBag from /home/sakana/anaconda3/envs/airflow_env/lib/python3.8/site-packages/airflow/example_dags/example_nested_branch_dag.py
[2024-11-12T16:55:07.754+0100] {processor.py:925} INFO - DAG(s) 'example_nested_branch_dag' retrieved from /home/sakana/anaconda3/envs/airflow_env/lib/python3.8/site-packages/airflow/example_dags/example_nested_branch_dag.py
[2024-11-12T16:55:07.778+0100] {logging_mixin.py:190} INFO - [2024-11-12T16:55:07.778+0100] {dag.py:3239} INFO - Sync 1 DAGs
[2024-11-12T16:55:07.811+0100] {logging_mixin.py:190} INFO - [2024-11-12T16:55:07.810+0100] {dag.py:4180} INFO - Setting next_dagrun for example_nested_branch_dag to 2024-11-11 00:00:00+00:00, run_after=2024-11-12 00:00:00+00:00
[2024-11-12T16:55:07.874+0100] {processor.py:208} INFO - Processing /home/sakana/anaconda3/envs/airflow_env/lib/python3.8/site-packages/airflow/example_dags/example_nested_branch_dag.py took 0.160 seconds
[2024-11-12T16:56:05.248+0100] {processor.py:186} INFO - Started process (PID=8618) to work on /home/sakana/anaconda3/envs/airflow_env/lib/python3.8/site-packages/airflow/example_dags/example_nested_branch_dag.py
[2024-11-12T16:56:05.253+0100] {processor.py:914} INFO - Processing file /home/sakana/anaconda3/envs/airflow_env/lib/python3.8/site-packages/airflow/example_dags/example_nested_branch_dag.py for tasks to queue
[2024-11-12T16:56:05.255+0100] {logging_mixin.py:190} INFO - [2024-11-12T16:56:05.255+0100] {dagbag.py:588} INFO - Filling up the DagBag from /home/sakana/anaconda3/envs/airflow_env/lib/python3.8/site-packages/airflow/example_dags/example_nested_branch_dag.py
[2024-11-12T16:56:05.266+0100] {processor.py:925} INFO - DAG(s) 'example_nested_branch_dag' retrieved from /home/sakana/anaconda3/envs/airflow_env/lib/python3.8/site-packages/airflow/example_dags/example_nested_branch_dag.py
[2024-11-12T16:56:05.282+0100] {logging_mixin.py:190} INFO - [2024-11-12T16:56:05.282+0100] {dag.py:3239} INFO - Sync 1 DAGs
[2024-11-12T16:56:05.303+0100] {logging_mixin.py:190} INFO - [2024-11-12T16:56:05.303+0100] {dag.py:4180} INFO - Setting next_dagrun for example_nested_branch_dag to 2024-11-11 00:00:00+00:00, run_after=2024-11-12 00:00:00+00:00
[2024-11-12T16:56:05.332+0100] {processor.py:208} INFO - Processing /home/sakana/anaconda3/envs/airflow_env/lib/python3.8/site-packages/airflow/example_dags/example_nested_branch_dag.py took 0.092 seconds
[2024-11-12T16:57:07.542+0100] {processor.py:186} INFO - Started process (PID=8706) to work on /home/sakana/anaconda3/envs/airflow_env/lib/python3.8/site-packages/airflow/example_dags/example_nested_branch_dag.py
[2024-11-12T16:57:07.547+0100] {processor.py:914} INFO - Processing file /home/sakana/anaconda3/envs/airflow_env/lib/python3.8/site-packages/airflow/example_dags/example_nested_branch_dag.py for tasks to queue
[2024-11-12T16:57:07.549+0100] {logging_mixin.py:190} INFO - [2024-11-12T16:57:07.549+0100] {dagbag.py:588} INFO - Filling up the DagBag from /home/sakana/anaconda3/envs/airflow_env/lib/python3.8/site-packages/airflow/example_dags/example_nested_branch_dag.py
[2024-11-12T16:57:07.562+0100] {processor.py:925} INFO - DAG(s) 'example_nested_branch_dag' retrieved from /home/sakana/anaconda3/envs/airflow_env/lib/python3.8/site-packages/airflow/example_dags/example_nested_branch_dag.py
[2024-11-12T16:57:07.578+0100] {logging_mixin.py:190} INFO - [2024-11-12T16:57:07.578+0100] {dag.py:3239} INFO - Sync 1 DAGs
[2024-11-12T16:57:07.597+0100] {logging_mixin.py:190} INFO - [2024-11-12T16:57:07.597+0100] {dag.py:4180} INFO - Setting next_dagrun for example_nested_branch_dag to 2024-11-11 00:00:00+00:00, run_after=2024-11-12 00:00:00+00:00
[2024-11-12T16:57:07.625+0100] {processor.py:208} INFO - Processing /home/sakana/anaconda3/envs/airflow_env/lib/python3.8/site-packages/airflow/example_dags/example_nested_branch_dag.py took 0.092 seconds
[2024-11-12T16:58:10.933+0100] {processor.py:186} INFO - Started process (PID=8804) to work on /home/sakana/anaconda3/envs/airflow_env/lib/python3.8/site-packages/airflow/example_dags/example_nested_branch_dag.py
[2024-11-12T16:58:10.938+0100] {processor.py:914} INFO - Processing file /home/sakana/anaconda3/envs/airflow_env/lib/python3.8/site-packages/airflow/example_dags/example_nested_branch_dag.py for tasks to queue
[2024-11-12T16:58:10.942+0100] {logging_mixin.py:190} INFO - [2024-11-12T16:58:10.941+0100] {dagbag.py:588} INFO - Filling up the DagBag from /home/sakana/anaconda3/envs/airflow_env/lib/python3.8/site-packages/airflow/example_dags/example_nested_branch_dag.py
[2024-11-12T16:58:10.961+0100] {processor.py:925} INFO - DAG(s) 'example_nested_branch_dag' retrieved from /home/sakana/anaconda3/envs/airflow_env/lib/python3.8/site-packages/airflow/example_dags/example_nested_branch_dag.py
[2024-11-12T16:58:10.977+0100] {logging_mixin.py:190} INFO - [2024-11-12T16:58:10.977+0100] {dag.py:3239} INFO - Sync 1 DAGs
[2024-11-12T16:58:10.995+0100] {logging_mixin.py:190} INFO - [2024-11-12T16:58:10.995+0100] {dag.py:4180} INFO - Setting next_dagrun for example_nested_branch_dag to 2024-11-11 00:00:00+00:00, run_after=2024-11-12 00:00:00+00:00
[2024-11-12T16:58:11.020+0100] {processor.py:208} INFO - Processing /home/sakana/anaconda3/envs/airflow_env/lib/python3.8/site-packages/airflow/example_dags/example_nested_branch_dag.py took 0.098 seconds
[2024-11-12T16:59:09.727+0100] {processor.py:186} INFO - Started process (PID=8884) to work on /home/sakana/anaconda3/envs/airflow_env/lib/python3.8/site-packages/airflow/example_dags/example_nested_branch_dag.py
[2024-11-12T16:59:09.732+0100] {processor.py:914} INFO - Processing file /home/sakana/anaconda3/envs/airflow_env/lib/python3.8/site-packages/airflow/example_dags/example_nested_branch_dag.py for tasks to queue
[2024-11-12T16:59:09.734+0100] {logging_mixin.py:190} INFO - [2024-11-12T16:59:09.734+0100] {dagbag.py:588} INFO - Filling up the DagBag from /home/sakana/anaconda3/envs/airflow_env/lib/python3.8/site-packages/airflow/example_dags/example_nested_branch_dag.py
[2024-11-12T16:59:09.750+0100] {processor.py:925} INFO - DAG(s) 'example_nested_branch_dag' retrieved from /home/sakana/anaconda3/envs/airflow_env/lib/python3.8/site-packages/airflow/example_dags/example_nested_branch_dag.py
[2024-11-12T16:59:09.772+0100] {logging_mixin.py:190} INFO - [2024-11-12T16:59:09.772+0100] {dag.py:3239} INFO - Sync 1 DAGs
[2024-11-12T16:59:09.790+0100] {logging_mixin.py:190} INFO - [2024-11-12T16:59:09.790+0100] {dag.py:4180} INFO - Setting next_dagrun for example_nested_branch_dag to 2024-11-11 00:00:00+00:00, run_after=2024-11-12 00:00:00+00:00
[2024-11-12T16:59:09.825+0100] {processor.py:208} INFO - Processing /home/sakana/anaconda3/envs/airflow_env/lib/python3.8/site-packages/airflow/example_dags/example_nested_branch_dag.py took 0.105 seconds
[2024-11-12T17:00:08.613+0100] {processor.py:186} INFO - Started process (PID=8956) to work on /home/sakana/anaconda3/envs/airflow_env/lib/python3.8/site-packages/airflow/example_dags/example_nested_branch_dag.py
[2024-11-12T17:00:08.618+0100] {processor.py:914} INFO - Processing file /home/sakana/anaconda3/envs/airflow_env/lib/python3.8/site-packages/airflow/example_dags/example_nested_branch_dag.py for tasks to queue
[2024-11-12T17:00:08.620+0100] {logging_mixin.py:190} INFO - [2024-11-12T17:00:08.620+0100] {dagbag.py:588} INFO - Filling up the DagBag from /home/sakana/anaconda3/envs/airflow_env/lib/python3.8/site-packages/airflow/example_dags/example_nested_branch_dag.py
[2024-11-12T17:00:08.636+0100] {processor.py:925} INFO - DAG(s) 'example_nested_branch_dag' retrieved from /home/sakana/anaconda3/envs/airflow_env/lib/python3.8/site-packages/airflow/example_dags/example_nested_branch_dag.py
[2024-11-12T17:00:08.657+0100] {logging_mixin.py:190} INFO - [2024-11-12T17:00:08.656+0100] {dag.py:3239} INFO - Sync 1 DAGs
[2024-11-12T17:00:08.676+0100] {logging_mixin.py:190} INFO - [2024-11-12T17:00:08.675+0100] {dag.py:4180} INFO - Setting next_dagrun for example_nested_branch_dag to 2024-11-11 00:00:00+00:00, run_after=2024-11-12 00:00:00+00:00
[2024-11-12T17:00:08.701+0100] {processor.py:208} INFO - Processing /home/sakana/anaconda3/envs/airflow_env/lib/python3.8/site-packages/airflow/example_dags/example_nested_branch_dag.py took 0.097 seconds
[2024-11-12T17:01:11.983+0100] {processor.py:186} INFO - Started process (PID=9029) to work on /home/sakana/anaconda3/envs/airflow_env/lib/python3.8/site-packages/airflow/example_dags/example_nested_branch_dag.py
[2024-11-12T17:01:11.988+0100] {processor.py:914} INFO - Processing file /home/sakana/anaconda3/envs/airflow_env/lib/python3.8/site-packages/airflow/example_dags/example_nested_branch_dag.py for tasks to queue
[2024-11-12T17:01:11.990+0100] {logging_mixin.py:190} INFO - [2024-11-12T17:01:11.989+0100] {dagbag.py:588} INFO - Filling up the DagBag from /home/sakana/anaconda3/envs/airflow_env/lib/python3.8/site-packages/airflow/example_dags/example_nested_branch_dag.py
[2024-11-12T17:01:12.002+0100] {processor.py:925} INFO - DAG(s) 'example_nested_branch_dag' retrieved from /home/sakana/anaconda3/envs/airflow_env/lib/python3.8/site-packages/airflow/example_dags/example_nested_branch_dag.py
[2024-11-12T17:01:12.019+0100] {logging_mixin.py:190} INFO - [2024-11-12T17:01:12.019+0100] {dag.py:3239} INFO - Sync 1 DAGs
[2024-11-12T17:01:12.039+0100] {logging_mixin.py:190} INFO - [2024-11-12T17:01:12.039+0100] {dag.py:4180} INFO - Setting next_dagrun for example_nested_branch_dag to 2024-11-11 00:00:00+00:00, run_after=2024-11-12 00:00:00+00:00
[2024-11-12T17:01:12.064+0100] {processor.py:208} INFO - Processing /home/sakana/anaconda3/envs/airflow_env/lib/python3.8/site-packages/airflow/example_dags/example_nested_branch_dag.py took 0.088 seconds
[2024-11-12T17:19:21.732+0100] {processor.py:186} INFO - Started process (PID=9479) to work on /home/sakana/anaconda3/envs/airflow_env/lib/python3.8/site-packages/airflow/example_dags/example_nested_branch_dag.py
[2024-11-12T17:19:21.733+0100] {processor.py:914} INFO - Processing file /home/sakana/anaconda3/envs/airflow_env/lib/python3.8/site-packages/airflow/example_dags/example_nested_branch_dag.py for tasks to queue
[2024-11-12T17:19:21.738+0100] {logging_mixin.py:190} INFO - [2024-11-12T17:19:21.737+0100] {dagbag.py:588} INFO - Filling up the DagBag from /home/sakana/anaconda3/envs/airflow_env/lib/python3.8/site-packages/airflow/example_dags/example_nested_branch_dag.py
[2024-11-12T17:19:21.804+0100] {processor.py:925} INFO - DAG(s) 'example_nested_branch_dag' retrieved from /home/sakana/anaconda3/envs/airflow_env/lib/python3.8/site-packages/airflow/example_dags/example_nested_branch_dag.py
[2024-11-12T17:19:21.889+0100] {logging_mixin.py:190} INFO - [2024-11-12T17:19:21.887+0100] {dag.py:3239} INFO - Sync 1 DAGs
[2024-11-12T17:19:21.938+0100] {logging_mixin.py:190} INFO - [2024-11-12T17:19:21.938+0100] {dag.py:4180} INFO - Setting next_dagrun for example_nested_branch_dag to 2024-11-11 00:00:00+00:00, run_after=2024-11-12 00:00:00+00:00
[2024-11-12T17:19:21.991+0100] {processor.py:208} INFO - Processing /home/sakana/anaconda3/envs/airflow_env/lib/python3.8/site-packages/airflow/example_dags/example_nested_branch_dag.py took 0.268 seconds
[2024-11-12T17:20:28.110+0100] {processor.py:186} INFO - Started process (PID=9684) to work on /home/sakana/anaconda3/envs/airflow_env/lib/python3.8/site-packages/airflow/example_dags/example_nested_branch_dag.py
[2024-11-12T17:20:28.115+0100] {processor.py:914} INFO - Processing file /home/sakana/anaconda3/envs/airflow_env/lib/python3.8/site-packages/airflow/example_dags/example_nested_branch_dag.py for tasks to queue
[2024-11-12T17:20:28.118+0100] {logging_mixin.py:190} INFO - [2024-11-12T17:20:28.117+0100] {dagbag.py:588} INFO - Filling up the DagBag from /home/sakana/anaconda3/envs/airflow_env/lib/python3.8/site-packages/airflow/example_dags/example_nested_branch_dag.py
[2024-11-12T17:20:28.131+0100] {processor.py:925} INFO - DAG(s) 'example_nested_branch_dag' retrieved from /home/sakana/anaconda3/envs/airflow_env/lib/python3.8/site-packages/airflow/example_dags/example_nested_branch_dag.py
[2024-11-12T17:20:28.152+0100] {logging_mixin.py:190} INFO - [2024-11-12T17:20:28.152+0100] {dag.py:3239} INFO - Sync 1 DAGs
[2024-11-12T17:20:28.181+0100] {logging_mixin.py:190} INFO - [2024-11-12T17:20:28.181+0100] {dag.py:4180} INFO - Setting next_dagrun for example_nested_branch_dag to 2024-11-11 00:00:00+00:00, run_after=2024-11-12 00:00:00+00:00
[2024-11-12T17:20:28.224+0100] {processor.py:208} INFO - Processing /home/sakana/anaconda3/envs/airflow_env/lib/python3.8/site-packages/airflow/example_dags/example_nested_branch_dag.py took 0.122 seconds
[2024-11-12T17:21:37.202+0100] {processor.py:186} INFO - Started process (PID=9779) to work on /home/sakana/anaconda3/envs/airflow_env/lib/python3.8/site-packages/airflow/example_dags/example_nested_branch_dag.py
[2024-11-12T17:21:37.231+0100] {processor.py:914} INFO - Processing file /home/sakana/anaconda3/envs/airflow_env/lib/python3.8/site-packages/airflow/example_dags/example_nested_branch_dag.py for tasks to queue
[2024-11-12T17:21:37.233+0100] {logging_mixin.py:190} INFO - [2024-11-12T17:21:37.233+0100] {dagbag.py:588} INFO - Filling up the DagBag from /home/sakana/anaconda3/envs/airflow_env/lib/python3.8/site-packages/airflow/example_dags/example_nested_branch_dag.py
[2024-11-12T17:21:37.256+0100] {processor.py:925} INFO - DAG(s) 'example_nested_branch_dag' retrieved from /home/sakana/anaconda3/envs/airflow_env/lib/python3.8/site-packages/airflow/example_dags/example_nested_branch_dag.py
[2024-11-12T17:21:37.291+0100] {logging_mixin.py:190} INFO - [2024-11-12T17:21:37.291+0100] {dag.py:3239} INFO - Sync 1 DAGs
[2024-11-12T17:21:37.334+0100] {logging_mixin.py:190} INFO - [2024-11-12T17:21:37.334+0100] {dag.py:4180} INFO - Setting next_dagrun for example_nested_branch_dag to 2024-11-11 00:00:00+00:00, run_after=2024-11-12 00:00:00+00:00
[2024-11-12T17:21:37.402+0100] {processor.py:208} INFO - Processing /home/sakana/anaconda3/envs/airflow_env/lib/python3.8/site-packages/airflow/example_dags/example_nested_branch_dag.py took 0.211 seconds
[2024-11-12T17:22:45.827+0100] {processor.py:186} INFO - Started process (PID=9884) to work on /home/sakana/anaconda3/envs/airflow_env/lib/python3.8/site-packages/airflow/example_dags/example_nested_branch_dag.py
[2024-11-12T17:22:45.833+0100] {processor.py:914} INFO - Processing file /home/sakana/anaconda3/envs/airflow_env/lib/python3.8/site-packages/airflow/example_dags/example_nested_branch_dag.py for tasks to queue
[2024-11-12T17:22:45.836+0100] {logging_mixin.py:190} INFO - [2024-11-12T17:22:45.836+0100] {dagbag.py:588} INFO - Filling up the DagBag from /home/sakana/anaconda3/envs/airflow_env/lib/python3.8/site-packages/airflow/example_dags/example_nested_branch_dag.py
[2024-11-12T17:22:45.858+0100] {processor.py:925} INFO - DAG(s) 'example_nested_branch_dag' retrieved from /home/sakana/anaconda3/envs/airflow_env/lib/python3.8/site-packages/airflow/example_dags/example_nested_branch_dag.py
[2024-11-12T17:22:45.888+0100] {logging_mixin.py:190} INFO - [2024-11-12T17:22:45.888+0100] {dag.py:3239} INFO - Sync 1 DAGs
[2024-11-12T17:22:45.918+0100] {logging_mixin.py:190} INFO - [2024-11-12T17:22:45.918+0100] {dag.py:4180} INFO - Setting next_dagrun for example_nested_branch_dag to 2024-11-11 00:00:00+00:00, run_after=2024-11-12 00:00:00+00:00
[2024-11-12T17:22:45.957+0100] {processor.py:208} INFO - Processing /home/sakana/anaconda3/envs/airflow_env/lib/python3.8/site-packages/airflow/example_dags/example_nested_branch_dag.py took 0.141 seconds
[2024-11-12T17:24:00.426+0100] {processor.py:186} INFO - Started process (PID=10033) to work on /home/sakana/anaconda3/envs/airflow_env/lib/python3.8/site-packages/airflow/example_dags/example_nested_branch_dag.py
[2024-11-12T17:24:00.431+0100] {processor.py:914} INFO - Processing file /home/sakana/anaconda3/envs/airflow_env/lib/python3.8/site-packages/airflow/example_dags/example_nested_branch_dag.py for tasks to queue
[2024-11-12T17:24:00.433+0100] {logging_mixin.py:190} INFO - [2024-11-12T17:24:00.433+0100] {dagbag.py:588} INFO - Filling up the DagBag from /home/sakana/anaconda3/envs/airflow_env/lib/python3.8/site-packages/airflow/example_dags/example_nested_branch_dag.py
[2024-11-12T17:24:00.452+0100] {processor.py:925} INFO - DAG(s) 'example_nested_branch_dag' retrieved from /home/sakana/anaconda3/envs/airflow_env/lib/python3.8/site-packages/airflow/example_dags/example_nested_branch_dag.py
[2024-11-12T17:24:00.478+0100] {logging_mixin.py:190} INFO - [2024-11-12T17:24:00.478+0100] {dag.py:3239} INFO - Sync 1 DAGs
[2024-11-12T17:24:00.510+0100] {logging_mixin.py:190} INFO - [2024-11-12T17:24:00.510+0100] {dag.py:4180} INFO - Setting next_dagrun for example_nested_branch_dag to 2024-11-11 00:00:00+00:00, run_after=2024-11-12 00:00:00+00:00
[2024-11-12T17:24:00.555+0100] {processor.py:208} INFO - Processing /home/sakana/anaconda3/envs/airflow_env/lib/python3.8/site-packages/airflow/example_dags/example_nested_branch_dag.py took 0.137 seconds
[2024-11-12T17:25:14.925+0100] {processor.py:186} INFO - Started process (PID=10214) to work on /home/sakana/anaconda3/envs/airflow_env/lib/python3.8/site-packages/airflow/example_dags/example_nested_branch_dag.py
[2024-11-12T17:25:14.931+0100] {processor.py:914} INFO - Processing file /home/sakana/anaconda3/envs/airflow_env/lib/python3.8/site-packages/airflow/example_dags/example_nested_branch_dag.py for tasks to queue
[2024-11-12T17:25:14.935+0100] {logging_mixin.py:190} INFO - [2024-11-12T17:25:14.934+0100] {dagbag.py:588} INFO - Filling up the DagBag from /home/sakana/anaconda3/envs/airflow_env/lib/python3.8/site-packages/airflow/example_dags/example_nested_branch_dag.py
[2024-11-12T17:25:14.957+0100] {processor.py:925} INFO - DAG(s) 'example_nested_branch_dag' retrieved from /home/sakana/anaconda3/envs/airflow_env/lib/python3.8/site-packages/airflow/example_dags/example_nested_branch_dag.py
[2024-11-12T17:25:14.989+0100] {logging_mixin.py:190} INFO - [2024-11-12T17:25:14.989+0100] {dag.py:3239} INFO - Sync 1 DAGs
[2024-11-12T17:25:15.025+0100] {logging_mixin.py:190} INFO - [2024-11-12T17:25:15.025+0100] {dag.py:4180} INFO - Setting next_dagrun for example_nested_branch_dag to 2024-11-11 00:00:00+00:00, run_after=2024-11-12 00:00:00+00:00
[2024-11-12T17:25:15.088+0100] {processor.py:208} INFO - Processing /home/sakana/anaconda3/envs/airflow_env/lib/python3.8/site-packages/airflow/example_dags/example_nested_branch_dag.py took 0.175 seconds
[2024-11-12T17:26:27.102+0100] {processor.py:186} INFO - Started process (PID=10296) to work on /home/sakana/anaconda3/envs/airflow_env/lib/python3.8/site-packages/airflow/example_dags/example_nested_branch_dag.py
[2024-11-12T17:26:27.108+0100] {processor.py:914} INFO - Processing file /home/sakana/anaconda3/envs/airflow_env/lib/python3.8/site-packages/airflow/example_dags/example_nested_branch_dag.py for tasks to queue
[2024-11-12T17:26:27.110+0100] {logging_mixin.py:190} INFO - [2024-11-12T17:26:27.109+0100] {dagbag.py:588} INFO - Filling up the DagBag from /home/sakana/anaconda3/envs/airflow_env/lib/python3.8/site-packages/airflow/example_dags/example_nested_branch_dag.py
[2024-11-12T17:26:27.126+0100] {processor.py:925} INFO - DAG(s) 'example_nested_branch_dag' retrieved from /home/sakana/anaconda3/envs/airflow_env/lib/python3.8/site-packages/airflow/example_dags/example_nested_branch_dag.py
[2024-11-12T17:26:27.155+0100] {logging_mixin.py:190} INFO - [2024-11-12T17:26:27.155+0100] {dag.py:3239} INFO - Sync 1 DAGs
[2024-11-12T17:26:27.193+0100] {logging_mixin.py:190} INFO - [2024-11-12T17:26:27.192+0100] {dag.py:4180} INFO - Setting next_dagrun for example_nested_branch_dag to 2024-11-11 00:00:00+00:00, run_after=2024-11-12 00:00:00+00:00
[2024-11-12T17:26:27.292+0100] {processor.py:208} INFO - Processing /home/sakana/anaconda3/envs/airflow_env/lib/python3.8/site-packages/airflow/example_dags/example_nested_branch_dag.py took 0.200 seconds
[2024-11-12T17:27:40.775+0100] {processor.py:186} INFO - Started process (PID=10402) to work on /home/sakana/anaconda3/envs/airflow_env/lib/python3.8/site-packages/airflow/example_dags/example_nested_branch_dag.py
[2024-11-12T17:27:40.781+0100] {processor.py:914} INFO - Processing file /home/sakana/anaconda3/envs/airflow_env/lib/python3.8/site-packages/airflow/example_dags/example_nested_branch_dag.py for tasks to queue
[2024-11-12T17:27:40.784+0100] {logging_mixin.py:190} INFO - [2024-11-12T17:27:40.783+0100] {dagbag.py:588} INFO - Filling up the DagBag from /home/sakana/anaconda3/envs/airflow_env/lib/python3.8/site-packages/airflow/example_dags/example_nested_branch_dag.py
[2024-11-12T17:27:40.801+0100] {processor.py:925} INFO - DAG(s) 'example_nested_branch_dag' retrieved from /home/sakana/anaconda3/envs/airflow_env/lib/python3.8/site-packages/airflow/example_dags/example_nested_branch_dag.py
[2024-11-12T17:27:40.822+0100] {logging_mixin.py:190} INFO - [2024-11-12T17:27:40.822+0100] {dag.py:3239} INFO - Sync 1 DAGs
[2024-11-12T17:27:40.849+0100] {logging_mixin.py:190} INFO - [2024-11-12T17:27:40.849+0100] {dag.py:4180} INFO - Setting next_dagrun for example_nested_branch_dag to 2024-11-11 00:00:00+00:00, run_after=2024-11-12 00:00:00+00:00
[2024-11-12T17:27:40.881+0100] {processor.py:208} INFO - Processing /home/sakana/anaconda3/envs/airflow_env/lib/python3.8/site-packages/airflow/example_dags/example_nested_branch_dag.py took 0.117 seconds
[2024-11-12T17:28:52.398+0100] {processor.py:186} INFO - Started process (PID=10537) to work on /home/sakana/anaconda3/envs/airflow_env/lib/python3.8/site-packages/airflow/example_dags/example_nested_branch_dag.py
[2024-11-12T17:28:52.405+0100] {processor.py:914} INFO - Processing file /home/sakana/anaconda3/envs/airflow_env/lib/python3.8/site-packages/airflow/example_dags/example_nested_branch_dag.py for tasks to queue
[2024-11-12T17:28:52.412+0100] {logging_mixin.py:190} INFO - [2024-11-12T17:28:52.410+0100] {dagbag.py:588} INFO - Filling up the DagBag from /home/sakana/anaconda3/envs/airflow_env/lib/python3.8/site-packages/airflow/example_dags/example_nested_branch_dag.py
[2024-11-12T17:28:52.438+0100] {processor.py:925} INFO - DAG(s) 'example_nested_branch_dag' retrieved from /home/sakana/anaconda3/envs/airflow_env/lib/python3.8/site-packages/airflow/example_dags/example_nested_branch_dag.py
[2024-11-12T17:28:52.461+0100] {logging_mixin.py:190} INFO - [2024-11-12T17:28:52.461+0100] {dag.py:3239} INFO - Sync 1 DAGs
[2024-11-12T17:28:52.489+0100] {logging_mixin.py:190} INFO - [2024-11-12T17:28:52.489+0100] {dag.py:4180} INFO - Setting next_dagrun for example_nested_branch_dag to 2024-11-11 00:00:00+00:00, run_after=2024-11-12 00:00:00+00:00
[2024-11-12T17:28:52.522+0100] {processor.py:208} INFO - Processing /home/sakana/anaconda3/envs/airflow_env/lib/python3.8/site-packages/airflow/example_dags/example_nested_branch_dag.py took 0.156 seconds
[2024-11-12T17:30:04.120+0100] {processor.py:186} INFO - Started process (PID=10618) to work on /home/sakana/anaconda3/envs/airflow_env/lib/python3.8/site-packages/airflow/example_dags/example_nested_branch_dag.py
[2024-11-12T17:30:04.125+0100] {processor.py:914} INFO - Processing file /home/sakana/anaconda3/envs/airflow_env/lib/python3.8/site-packages/airflow/example_dags/example_nested_branch_dag.py for tasks to queue
[2024-11-12T17:30:04.127+0100] {logging_mixin.py:190} INFO - [2024-11-12T17:30:04.127+0100] {dagbag.py:588} INFO - Filling up the DagBag from /home/sakana/anaconda3/envs/airflow_env/lib/python3.8/site-packages/airflow/example_dags/example_nested_branch_dag.py
[2024-11-12T17:30:04.146+0100] {processor.py:925} INFO - DAG(s) 'example_nested_branch_dag' retrieved from /home/sakana/anaconda3/envs/airflow_env/lib/python3.8/site-packages/airflow/example_dags/example_nested_branch_dag.py
[2024-11-12T17:30:04.171+0100] {logging_mixin.py:190} INFO - [2024-11-12T17:30:04.170+0100] {dag.py:3239} INFO - Sync 1 DAGs
[2024-11-12T17:30:04.199+0100] {logging_mixin.py:190} INFO - [2024-11-12T17:30:04.198+0100] {dag.py:4180} INFO - Setting next_dagrun for example_nested_branch_dag to 2024-11-11 00:00:00+00:00, run_after=2024-11-12 00:00:00+00:00
[2024-11-12T17:30:04.240+0100] {processor.py:208} INFO - Processing /home/sakana/anaconda3/envs/airflow_env/lib/python3.8/site-packages/airflow/example_dags/example_nested_branch_dag.py took 0.128 seconds
[2024-11-12T17:31:17.982+0100] {processor.py:186} INFO - Started process (PID=10703) to work on /home/sakana/anaconda3/envs/airflow_env/lib/python3.8/site-packages/airflow/example_dags/example_nested_branch_dag.py
[2024-11-12T17:31:17.988+0100] {processor.py:914} INFO - Processing file /home/sakana/anaconda3/envs/airflow_env/lib/python3.8/site-packages/airflow/example_dags/example_nested_branch_dag.py for tasks to queue
[2024-11-12T17:31:17.991+0100] {logging_mixin.py:190} INFO - [2024-11-12T17:31:17.991+0100] {dagbag.py:588} INFO - Filling up the DagBag from /home/sakana/anaconda3/envs/airflow_env/lib/python3.8/site-packages/airflow/example_dags/example_nested_branch_dag.py
[2024-11-12T17:31:18.014+0100] {processor.py:925} INFO - DAG(s) 'example_nested_branch_dag' retrieved from /home/sakana/anaconda3/envs/airflow_env/lib/python3.8/site-packages/airflow/example_dags/example_nested_branch_dag.py
[2024-11-12T17:31:18.040+0100] {logging_mixin.py:190} INFO - [2024-11-12T17:31:18.040+0100] {dag.py:3239} INFO - Sync 1 DAGs
[2024-11-12T17:31:18.070+0100] {logging_mixin.py:190} INFO - [2024-11-12T17:31:18.070+0100] {dag.py:4180} INFO - Setting next_dagrun for example_nested_branch_dag to 2024-11-11 00:00:00+00:00, run_after=2024-11-12 00:00:00+00:00
[2024-11-12T17:31:18.110+0100] {processor.py:208} INFO - Processing /home/sakana/anaconda3/envs/airflow_env/lib/python3.8/site-packages/airflow/example_dags/example_nested_branch_dag.py took 0.158 seconds
[2024-11-12T17:32:30.438+0100] {processor.py:186} INFO - Started process (PID=10826) to work on /home/sakana/anaconda3/envs/airflow_env/lib/python3.8/site-packages/airflow/example_dags/example_nested_branch_dag.py
[2024-11-12T17:32:30.444+0100] {processor.py:914} INFO - Processing file /home/sakana/anaconda3/envs/airflow_env/lib/python3.8/site-packages/airflow/example_dags/example_nested_branch_dag.py for tasks to queue
[2024-11-12T17:32:30.449+0100] {logging_mixin.py:190} INFO - [2024-11-12T17:32:30.448+0100] {dagbag.py:588} INFO - Filling up the DagBag from /home/sakana/anaconda3/envs/airflow_env/lib/python3.8/site-packages/airflow/example_dags/example_nested_branch_dag.py
[2024-11-12T17:32:30.478+0100] {processor.py:925} INFO - DAG(s) 'example_nested_branch_dag' retrieved from /home/sakana/anaconda3/envs/airflow_env/lib/python3.8/site-packages/airflow/example_dags/example_nested_branch_dag.py
[2024-11-12T17:32:30.506+0100] {logging_mixin.py:190} INFO - [2024-11-12T17:32:30.506+0100] {dag.py:3239} INFO - Sync 1 DAGs
[2024-11-12T17:32:30.529+0100] {logging_mixin.py:190} INFO - [2024-11-12T17:32:30.529+0100] {dag.py:4180} INFO - Setting next_dagrun for example_nested_branch_dag to 2024-11-11 00:00:00+00:00, run_after=2024-11-12 00:00:00+00:00
[2024-11-12T17:32:30.559+0100] {processor.py:208} INFO - Processing /home/sakana/anaconda3/envs/airflow_env/lib/python3.8/site-packages/airflow/example_dags/example_nested_branch_dag.py took 0.138 seconds
[2024-11-12T17:33:35.534+0100] {processor.py:186} INFO - Started process (PID=11054) to work on /home/sakana/anaconda3/envs/airflow_env/lib/python3.8/site-packages/airflow/example_dags/example_nested_branch_dag.py
[2024-11-12T17:33:35.539+0100] {processor.py:914} INFO - Processing file /home/sakana/anaconda3/envs/airflow_env/lib/python3.8/site-packages/airflow/example_dags/example_nested_branch_dag.py for tasks to queue
[2024-11-12T17:33:35.542+0100] {logging_mixin.py:190} INFO - [2024-11-12T17:33:35.542+0100] {dagbag.py:588} INFO - Filling up the DagBag from /home/sakana/anaconda3/envs/airflow_env/lib/python3.8/site-packages/airflow/example_dags/example_nested_branch_dag.py
[2024-11-12T17:33:35.557+0100] {processor.py:925} INFO - DAG(s) 'example_nested_branch_dag' retrieved from /home/sakana/anaconda3/envs/airflow_env/lib/python3.8/site-packages/airflow/example_dags/example_nested_branch_dag.py
[2024-11-12T17:33:35.574+0100] {logging_mixin.py:190} INFO - [2024-11-12T17:33:35.574+0100] {dag.py:3239} INFO - Sync 1 DAGs
[2024-11-12T17:33:35.595+0100] {logging_mixin.py:190} INFO - [2024-11-12T17:33:35.595+0100] {dag.py:4180} INFO - Setting next_dagrun for example_nested_branch_dag to 2024-11-11 00:00:00+00:00, run_after=2024-11-12 00:00:00+00:00
[2024-11-12T17:33:35.626+0100] {processor.py:208} INFO - Processing /home/sakana/anaconda3/envs/airflow_env/lib/python3.8/site-packages/airflow/example_dags/example_nested_branch_dag.py took 0.099 seconds
[2024-11-12T17:34:35.664+0100] {processor.py:186} INFO - Started process (PID=11136) to work on /home/sakana/anaconda3/envs/airflow_env/lib/python3.8/site-packages/airflow/example_dags/example_nested_branch_dag.py
[2024-11-12T17:34:35.668+0100] {processor.py:914} INFO - Processing file /home/sakana/anaconda3/envs/airflow_env/lib/python3.8/site-packages/airflow/example_dags/example_nested_branch_dag.py for tasks to queue
[2024-11-12T17:34:35.671+0100] {logging_mixin.py:190} INFO - [2024-11-12T17:34:35.670+0100] {dagbag.py:588} INFO - Filling up the DagBag from /home/sakana/anaconda3/envs/airflow_env/lib/python3.8/site-packages/airflow/example_dags/example_nested_branch_dag.py
[2024-11-12T17:34:35.685+0100] {processor.py:925} INFO - DAG(s) 'example_nested_branch_dag' retrieved from /home/sakana/anaconda3/envs/airflow_env/lib/python3.8/site-packages/airflow/example_dags/example_nested_branch_dag.py
[2024-11-12T17:34:35.701+0100] {logging_mixin.py:190} INFO - [2024-11-12T17:34:35.701+0100] {dag.py:3239} INFO - Sync 1 DAGs
[2024-11-12T17:34:35.720+0100] {logging_mixin.py:190} INFO - [2024-11-12T17:34:35.719+0100] {dag.py:4180} INFO - Setting next_dagrun for example_nested_branch_dag to 2024-11-11 00:00:00+00:00, run_after=2024-11-12 00:00:00+00:00
[2024-11-12T17:34:35.745+0100] {processor.py:208} INFO - Processing /home/sakana/anaconda3/envs/airflow_env/lib/python3.8/site-packages/airflow/example_dags/example_nested_branch_dag.py took 0.088 seconds
[2024-11-12T17:35:36.111+0100] {processor.py:186} INFO - Started process (PID=11221) to work on /home/sakana/anaconda3/envs/airflow_env/lib/python3.8/site-packages/airflow/example_dags/example_nested_branch_dag.py
[2024-11-12T17:35:36.116+0100] {processor.py:914} INFO - Processing file /home/sakana/anaconda3/envs/airflow_env/lib/python3.8/site-packages/airflow/example_dags/example_nested_branch_dag.py for tasks to queue
[2024-11-12T17:35:36.118+0100] {logging_mixin.py:190} INFO - [2024-11-12T17:35:36.118+0100] {dagbag.py:588} INFO - Filling up the DagBag from /home/sakana/anaconda3/envs/airflow_env/lib/python3.8/site-packages/airflow/example_dags/example_nested_branch_dag.py
[2024-11-12T17:35:36.130+0100] {processor.py:925} INFO - DAG(s) 'example_nested_branch_dag' retrieved from /home/sakana/anaconda3/envs/airflow_env/lib/python3.8/site-packages/airflow/example_dags/example_nested_branch_dag.py
[2024-11-12T17:35:36.147+0100] {logging_mixin.py:190} INFO - [2024-11-12T17:35:36.146+0100] {dag.py:3239} INFO - Sync 1 DAGs
[2024-11-12T17:35:36.168+0100] {logging_mixin.py:190} INFO - [2024-11-12T17:35:36.167+0100] {dag.py:4180} INFO - Setting next_dagrun for example_nested_branch_dag to 2024-11-11 00:00:00+00:00, run_after=2024-11-12 00:00:00+00:00
[2024-11-12T17:35:36.201+0100] {processor.py:208} INFO - Processing /home/sakana/anaconda3/envs/airflow_env/lib/python3.8/site-packages/airflow/example_dags/example_nested_branch_dag.py took 0.096 seconds
[2024-11-12T17:36:34.669+0100] {processor.py:186} INFO - Started process (PID=11290) to work on /home/sakana/anaconda3/envs/airflow_env/lib/python3.8/site-packages/airflow/example_dags/example_nested_branch_dag.py
[2024-11-12T17:36:34.674+0100] {processor.py:914} INFO - Processing file /home/sakana/anaconda3/envs/airflow_env/lib/python3.8/site-packages/airflow/example_dags/example_nested_branch_dag.py for tasks to queue
[2024-11-12T17:36:34.676+0100] {logging_mixin.py:190} INFO - [2024-11-12T17:36:34.676+0100] {dagbag.py:588} INFO - Filling up the DagBag from /home/sakana/anaconda3/envs/airflow_env/lib/python3.8/site-packages/airflow/example_dags/example_nested_branch_dag.py
[2024-11-12T17:36:34.690+0100] {processor.py:925} INFO - DAG(s) 'example_nested_branch_dag' retrieved from /home/sakana/anaconda3/envs/airflow_env/lib/python3.8/site-packages/airflow/example_dags/example_nested_branch_dag.py
[2024-11-12T17:36:34.707+0100] {logging_mixin.py:190} INFO - [2024-11-12T17:36:34.707+0100] {dag.py:3239} INFO - Sync 1 DAGs
[2024-11-12T17:36:34.726+0100] {logging_mixin.py:190} INFO - [2024-11-12T17:36:34.726+0100] {dag.py:4180} INFO - Setting next_dagrun for example_nested_branch_dag to 2024-11-11 00:00:00+00:00, run_after=2024-11-12 00:00:00+00:00
[2024-11-12T17:36:34.751+0100] {processor.py:208} INFO - Processing /home/sakana/anaconda3/envs/airflow_env/lib/python3.8/site-packages/airflow/example_dags/example_nested_branch_dag.py took 0.089 seconds
