[2024-11-12T01:01:31.805+0100] {processor.py:186} INFO - Started process (PID=31363) to work on /home/sakana/anaconda3/envs/airflow_env/lib/python3.8/site-packages/airflow/example_dags/example_setup_teardown.py
[2024-11-12T01:01:31.807+0100] {processor.py:914} INFO - Processing file /home/sakana/anaconda3/envs/airflow_env/lib/python3.8/site-packages/airflow/example_dags/example_setup_teardown.py for tasks to queue
[2024-11-12T01:01:31.811+0100] {logging_mixin.py:190} INFO - [2024-11-12T01:01:31.810+0100] {dagbag.py:588} INFO - Filling up the DagBag from /home/sakana/anaconda3/envs/airflow_env/lib/python3.8/site-packages/airflow/example_dags/example_setup_teardown.py
[2024-11-12T01:01:31.830+0100] {processor.py:925} INFO - DAG(s) 'example_setup_teardown' retrieved from /home/sakana/anaconda3/envs/airflow_env/lib/python3.8/site-packages/airflow/example_dags/example_setup_teardown.py
[2024-11-12T01:01:31.869+0100] {logging_mixin.py:190} INFO - [2024-11-12T01:01:31.869+0100] {dag.py:3239} INFO - Sync 1 DAGs
[2024-11-12T01:01:31.899+0100] {logging_mixin.py:190} INFO - [2024-11-12T01:01:31.898+0100] {dag.py:4180} INFO - Setting next_dagrun for example_setup_teardown to None, run_after=None
[2024-11-12T01:01:31.947+0100] {processor.py:208} INFO - Processing /home/sakana/anaconda3/envs/airflow_env/lib/python3.8/site-packages/airflow/example_dags/example_setup_teardown.py took 0.155 seconds
[2024-11-12T01:02:34.118+0100] {processor.py:186} INFO - Started process (PID=31808) to work on /home/sakana/anaconda3/envs/airflow_env/lib/python3.8/site-packages/airflow/example_dags/example_setup_teardown.py
[2024-11-12T01:02:34.119+0100] {processor.py:914} INFO - Processing file /home/sakana/anaconda3/envs/airflow_env/lib/python3.8/site-packages/airflow/example_dags/example_setup_teardown.py for tasks to queue
[2024-11-12T01:02:34.122+0100] {logging_mixin.py:190} INFO - [2024-11-12T01:02:34.122+0100] {dagbag.py:588} INFO - Filling up the DagBag from /home/sakana/anaconda3/envs/airflow_env/lib/python3.8/site-packages/airflow/example_dags/example_setup_teardown.py
[2024-11-12T01:02:34.134+0100] {processor.py:925} INFO - DAG(s) 'example_setup_teardown' retrieved from /home/sakana/anaconda3/envs/airflow_env/lib/python3.8/site-packages/airflow/example_dags/example_setup_teardown.py
[2024-11-12T01:02:34.157+0100] {logging_mixin.py:190} INFO - [2024-11-12T01:02:34.157+0100] {dag.py:3239} INFO - Sync 1 DAGs
[2024-11-12T01:02:34.180+0100] {logging_mixin.py:190} INFO - [2024-11-12T01:02:34.179+0100] {dag.py:4180} INFO - Setting next_dagrun for example_setup_teardown to None, run_after=None
[2024-11-12T01:02:34.213+0100] {processor.py:208} INFO - Processing /home/sakana/anaconda3/envs/airflow_env/lib/python3.8/site-packages/airflow/example_dags/example_setup_teardown.py took 0.104 seconds
[2024-11-12T01:03:39.059+0100] {processor.py:186} INFO - Started process (PID=32297) to work on /home/sakana/anaconda3/envs/airflow_env/lib/python3.8/site-packages/airflow/example_dags/example_setup_teardown.py
[2024-11-12T01:03:39.065+0100] {processor.py:914} INFO - Processing file /home/sakana/anaconda3/envs/airflow_env/lib/python3.8/site-packages/airflow/example_dags/example_setup_teardown.py for tasks to queue
[2024-11-12T01:03:39.074+0100] {logging_mixin.py:190} INFO - [2024-11-12T01:03:39.073+0100] {dagbag.py:588} INFO - Filling up the DagBag from /home/sakana/anaconda3/envs/airflow_env/lib/python3.8/site-packages/airflow/example_dags/example_setup_teardown.py
[2024-11-12T01:03:39.100+0100] {processor.py:925} INFO - DAG(s) 'example_setup_teardown' retrieved from /home/sakana/anaconda3/envs/airflow_env/lib/python3.8/site-packages/airflow/example_dags/example_setup_teardown.py
[2024-11-12T01:03:39.128+0100] {logging_mixin.py:190} INFO - [2024-11-12T01:03:39.128+0100] {dag.py:3239} INFO - Sync 1 DAGs
[2024-11-12T01:03:39.148+0100] {logging_mixin.py:190} INFO - [2024-11-12T01:03:39.148+0100] {dag.py:4180} INFO - Setting next_dagrun for example_setup_teardown to None, run_after=None
[2024-11-12T01:03:39.180+0100] {processor.py:208} INFO - Processing /home/sakana/anaconda3/envs/airflow_env/lib/python3.8/site-packages/airflow/example_dags/example_setup_teardown.py took 0.134 seconds
[2024-11-12T01:10:17.748+0100] {processor.py:186} INFO - Started process (PID=4155) to work on /home/sakana/anaconda3/envs/airflow_env/lib/python3.8/site-packages/airflow/example_dags/example_setup_teardown.py
[2024-11-12T01:10:17.753+0100] {processor.py:914} INFO - Processing file /home/sakana/anaconda3/envs/airflow_env/lib/python3.8/site-packages/airflow/example_dags/example_setup_teardown.py for tasks to queue
[2024-11-12T01:10:17.755+0100] {logging_mixin.py:190} INFO - [2024-11-12T01:10:17.754+0100] {dagbag.py:588} INFO - Filling up the DagBag from /home/sakana/anaconda3/envs/airflow_env/lib/python3.8/site-packages/airflow/example_dags/example_setup_teardown.py
[2024-11-12T01:10:17.763+0100] {processor.py:925} INFO - DAG(s) 'example_setup_teardown' retrieved from /home/sakana/anaconda3/envs/airflow_env/lib/python3.8/site-packages/airflow/example_dags/example_setup_teardown.py
[2024-11-12T01:10:17.781+0100] {logging_mixin.py:190} INFO - [2024-11-12T01:10:17.781+0100] {dag.py:3239} INFO - Sync 1 DAGs
[2024-11-12T01:10:17.794+0100] {logging_mixin.py:190} INFO - [2024-11-12T01:10:17.794+0100] {dag.py:4180} INFO - Setting next_dagrun for example_setup_teardown to None, run_after=None
[2024-11-12T01:10:17.818+0100] {processor.py:208} INFO - Processing /home/sakana/anaconda3/envs/airflow_env/lib/python3.8/site-packages/airflow/example_dags/example_setup_teardown.py took 0.078 seconds
[2024-11-12T01:11:19.215+0100] {processor.py:186} INFO - Started process (PID=4216) to work on /home/sakana/anaconda3/envs/airflow_env/lib/python3.8/site-packages/airflow/example_dags/example_setup_teardown.py
[2024-11-12T01:11:19.221+0100] {processor.py:914} INFO - Processing file /home/sakana/anaconda3/envs/airflow_env/lib/python3.8/site-packages/airflow/example_dags/example_setup_teardown.py for tasks to queue
[2024-11-12T01:11:19.227+0100] {logging_mixin.py:190} INFO - [2024-11-12T01:11:19.226+0100] {dagbag.py:588} INFO - Filling up the DagBag from /home/sakana/anaconda3/envs/airflow_env/lib/python3.8/site-packages/airflow/example_dags/example_setup_teardown.py
[2024-11-12T01:11:19.242+0100] {processor.py:925} INFO - DAG(s) 'example_setup_teardown' retrieved from /home/sakana/anaconda3/envs/airflow_env/lib/python3.8/site-packages/airflow/example_dags/example_setup_teardown.py
[2024-11-12T01:11:19.258+0100] {logging_mixin.py:190} INFO - [2024-11-12T01:11:19.258+0100] {dag.py:3239} INFO - Sync 1 DAGs
[2024-11-12T01:11:19.269+0100] {logging_mixin.py:190} INFO - [2024-11-12T01:11:19.269+0100] {dag.py:4180} INFO - Setting next_dagrun for example_setup_teardown to None, run_after=None
[2024-11-12T01:11:19.293+0100] {processor.py:208} INFO - Processing /home/sakana/anaconda3/envs/airflow_env/lib/python3.8/site-packages/airflow/example_dags/example_setup_teardown.py took 0.094 seconds
[2024-11-12T01:12:18.998+0100] {processor.py:186} INFO - Started process (PID=4339) to work on /home/sakana/anaconda3/envs/airflow_env/lib/python3.8/site-packages/airflow/example_dags/example_setup_teardown.py
[2024-11-12T01:12:19.002+0100] {processor.py:914} INFO - Processing file /home/sakana/anaconda3/envs/airflow_env/lib/python3.8/site-packages/airflow/example_dags/example_setup_teardown.py for tasks to queue
[2024-11-12T01:12:19.004+0100] {logging_mixin.py:190} INFO - [2024-11-12T01:12:19.004+0100] {dagbag.py:588} INFO - Filling up the DagBag from /home/sakana/anaconda3/envs/airflow_env/lib/python3.8/site-packages/airflow/example_dags/example_setup_teardown.py
[2024-11-12T01:12:19.011+0100] {processor.py:925} INFO - DAG(s) 'example_setup_teardown' retrieved from /home/sakana/anaconda3/envs/airflow_env/lib/python3.8/site-packages/airflow/example_dags/example_setup_teardown.py
[2024-11-12T01:12:19.025+0100] {logging_mixin.py:190} INFO - [2024-11-12T01:12:19.025+0100] {dag.py:3239} INFO - Sync 1 DAGs
[2024-11-12T01:12:19.036+0100] {logging_mixin.py:190} INFO - [2024-11-12T01:12:19.036+0100] {dag.py:4180} INFO - Setting next_dagrun for example_setup_teardown to None, run_after=None
[2024-11-12T01:12:19.060+0100] {processor.py:208} INFO - Processing /home/sakana/anaconda3/envs/airflow_env/lib/python3.8/site-packages/airflow/example_dags/example_setup_teardown.py took 0.068 seconds
[2024-11-12T16:37:57.376+0100] {processor.py:186} INFO - Started process (PID=6611) to work on /home/sakana/anaconda3/envs/airflow_env/lib/python3.8/site-packages/airflow/example_dags/example_setup_teardown.py
[2024-11-12T16:37:57.381+0100] {processor.py:914} INFO - Processing file /home/sakana/anaconda3/envs/airflow_env/lib/python3.8/site-packages/airflow/example_dags/example_setup_teardown.py for tasks to queue
[2024-11-12T16:37:57.384+0100] {logging_mixin.py:190} INFO - [2024-11-12T16:37:57.383+0100] {dagbag.py:588} INFO - Filling up the DagBag from /home/sakana/anaconda3/envs/airflow_env/lib/python3.8/site-packages/airflow/example_dags/example_setup_teardown.py
[2024-11-12T16:37:57.394+0100] {processor.py:925} INFO - DAG(s) 'example_setup_teardown' retrieved from /home/sakana/anaconda3/envs/airflow_env/lib/python3.8/site-packages/airflow/example_dags/example_setup_teardown.py
[2024-11-12T16:37:57.416+0100] {logging_mixin.py:190} INFO - [2024-11-12T16:37:57.416+0100] {dag.py:3239} INFO - Sync 1 DAGs
[2024-11-12T16:37:57.430+0100] {logging_mixin.py:190} INFO - [2024-11-12T16:37:57.430+0100] {dag.py:4180} INFO - Setting next_dagrun for example_setup_teardown to None, run_after=None
[2024-11-12T16:37:57.459+0100] {processor.py:208} INFO - Processing /home/sakana/anaconda3/envs/airflow_env/lib/python3.8/site-packages/airflow/example_dags/example_setup_teardown.py took 0.089 seconds
[2024-11-12T16:40:00.128+0100] {processor.py:186} INFO - Started process (PID=6956) to work on /home/sakana/anaconda3/envs/airflow_env/lib/python3.8/site-packages/airflow/example_dags/example_setup_teardown.py
[2024-11-12T16:40:00.134+0100] {processor.py:914} INFO - Processing file /home/sakana/anaconda3/envs/airflow_env/lib/python3.8/site-packages/airflow/example_dags/example_setup_teardown.py for tasks to queue
[2024-11-12T16:40:00.136+0100] {logging_mixin.py:190} INFO - [2024-11-12T16:40:00.135+0100] {dagbag.py:588} INFO - Filling up the DagBag from /home/sakana/anaconda3/envs/airflow_env/lib/python3.8/site-packages/airflow/example_dags/example_setup_teardown.py
[2024-11-12T16:40:00.145+0100] {processor.py:925} INFO - DAG(s) 'example_setup_teardown' retrieved from /home/sakana/anaconda3/envs/airflow_env/lib/python3.8/site-packages/airflow/example_dags/example_setup_teardown.py
[2024-11-12T16:40:00.164+0100] {logging_mixin.py:190} INFO - [2024-11-12T16:40:00.164+0100] {dag.py:3239} INFO - Sync 1 DAGs
[2024-11-12T16:40:00.185+0100] {logging_mixin.py:190} INFO - [2024-11-12T16:40:00.185+0100] {dag.py:4180} INFO - Setting next_dagrun for example_setup_teardown to None, run_after=None
[2024-11-12T16:40:00.232+0100] {processor.py:208} INFO - Processing /home/sakana/anaconda3/envs/airflow_env/lib/python3.8/site-packages/airflow/example_dags/example_setup_teardown.py took 0.111 seconds
[2024-11-12T16:41:14.318+0100] {processor.py:186} INFO - Started process (PID=7102) to work on /home/sakana/anaconda3/envs/airflow_env/lib/python3.8/site-packages/airflow/example_dags/example_setup_teardown.py
[2024-11-12T16:41:14.323+0100] {processor.py:914} INFO - Processing file /home/sakana/anaconda3/envs/airflow_env/lib/python3.8/site-packages/airflow/example_dags/example_setup_teardown.py for tasks to queue
[2024-11-12T16:41:14.326+0100] {logging_mixin.py:190} INFO - [2024-11-12T16:41:14.325+0100] {dagbag.py:588} INFO - Filling up the DagBag from /home/sakana/anaconda3/envs/airflow_env/lib/python3.8/site-packages/airflow/example_dags/example_setup_teardown.py
[2024-11-12T16:41:14.335+0100] {processor.py:925} INFO - DAG(s) 'example_setup_teardown' retrieved from /home/sakana/anaconda3/envs/airflow_env/lib/python3.8/site-packages/airflow/example_dags/example_setup_teardown.py
[2024-11-12T16:41:14.351+0100] {logging_mixin.py:190} INFO - [2024-11-12T16:41:14.351+0100] {dag.py:3239} INFO - Sync 1 DAGs
[2024-11-12T16:41:14.363+0100] {logging_mixin.py:190} INFO - [2024-11-12T16:41:14.363+0100] {dag.py:4180} INFO - Setting next_dagrun for example_setup_teardown to None, run_after=None
[2024-11-12T16:41:14.388+0100] {processor.py:208} INFO - Processing /home/sakana/anaconda3/envs/airflow_env/lib/python3.8/site-packages/airflow/example_dags/example_setup_teardown.py took 0.078 seconds
[2024-11-12T16:42:11.634+0100] {processor.py:186} INFO - Started process (PID=7171) to work on /home/sakana/anaconda3/envs/airflow_env/lib/python3.8/site-packages/airflow/example_dags/example_setup_teardown.py
[2024-11-12T16:42:11.639+0100] {processor.py:914} INFO - Processing file /home/sakana/anaconda3/envs/airflow_env/lib/python3.8/site-packages/airflow/example_dags/example_setup_teardown.py for tasks to queue
[2024-11-12T16:42:11.644+0100] {logging_mixin.py:190} INFO - [2024-11-12T16:42:11.644+0100] {dagbag.py:588} INFO - Filling up the DagBag from /home/sakana/anaconda3/envs/airflow_env/lib/python3.8/site-packages/airflow/example_dags/example_setup_teardown.py
[2024-11-12T16:42:11.662+0100] {processor.py:925} INFO - DAG(s) 'example_setup_teardown' retrieved from /home/sakana/anaconda3/envs/airflow_env/lib/python3.8/site-packages/airflow/example_dags/example_setup_teardown.py
[2024-11-12T16:42:11.680+0100] {logging_mixin.py:190} INFO - [2024-11-12T16:42:11.679+0100] {dag.py:3239} INFO - Sync 1 DAGs
[2024-11-12T16:42:11.691+0100] {logging_mixin.py:190} INFO - [2024-11-12T16:42:11.691+0100] {dag.py:4180} INFO - Setting next_dagrun for example_setup_teardown to None, run_after=None
[2024-11-12T16:42:11.716+0100] {processor.py:208} INFO - Processing /home/sakana/anaconda3/envs/airflow_env/lib/python3.8/site-packages/airflow/example_dags/example_setup_teardown.py took 0.089 seconds
[2024-11-12T16:43:07.674+0100] {processor.py:186} INFO - Started process (PID=7325) to work on /home/sakana/anaconda3/envs/airflow_env/lib/python3.8/site-packages/airflow/example_dags/example_setup_teardown.py
[2024-11-12T16:43:07.680+0100] {processor.py:914} INFO - Processing file /home/sakana/anaconda3/envs/airflow_env/lib/python3.8/site-packages/airflow/example_dags/example_setup_teardown.py for tasks to queue
[2024-11-12T16:43:07.685+0100] {logging_mixin.py:190} INFO - [2024-11-12T16:43:07.684+0100] {dagbag.py:588} INFO - Filling up the DagBag from /home/sakana/anaconda3/envs/airflow_env/lib/python3.8/site-packages/airflow/example_dags/example_setup_teardown.py
[2024-11-12T16:43:07.699+0100] {processor.py:925} INFO - DAG(s) 'example_setup_teardown' retrieved from /home/sakana/anaconda3/envs/airflow_env/lib/python3.8/site-packages/airflow/example_dags/example_setup_teardown.py
[2024-11-12T16:43:07.718+0100] {logging_mixin.py:190} INFO - [2024-11-12T16:43:07.717+0100] {dag.py:3239} INFO - Sync 1 DAGs
[2024-11-12T16:43:07.730+0100] {logging_mixin.py:190} INFO - [2024-11-12T16:43:07.729+0100] {dag.py:4180} INFO - Setting next_dagrun for example_setup_teardown to None, run_after=None
[2024-11-12T16:43:07.755+0100] {processor.py:208} INFO - Processing /home/sakana/anaconda3/envs/airflow_env/lib/python3.8/site-packages/airflow/example_dags/example_setup_teardown.py took 0.092 seconds
[2024-11-12T16:44:06.106+0100] {processor.py:186} INFO - Started process (PID=7424) to work on /home/sakana/anaconda3/envs/airflow_env/lib/python3.8/site-packages/airflow/example_dags/example_setup_teardown.py
[2024-11-12T16:44:06.111+0100] {processor.py:914} INFO - Processing file /home/sakana/anaconda3/envs/airflow_env/lib/python3.8/site-packages/airflow/example_dags/example_setup_teardown.py for tasks to queue
[2024-11-12T16:44:06.113+0100] {logging_mixin.py:190} INFO - [2024-11-12T16:44:06.113+0100] {dagbag.py:588} INFO - Filling up the DagBag from /home/sakana/anaconda3/envs/airflow_env/lib/python3.8/site-packages/airflow/example_dags/example_setup_teardown.py
[2024-11-12T16:44:06.122+0100] {processor.py:925} INFO - DAG(s) 'example_setup_teardown' retrieved from /home/sakana/anaconda3/envs/airflow_env/lib/python3.8/site-packages/airflow/example_dags/example_setup_teardown.py
[2024-11-12T16:44:06.148+0100] {logging_mixin.py:190} INFO - [2024-11-12T16:44:06.147+0100] {dag.py:3239} INFO - Sync 1 DAGs
[2024-11-12T16:44:06.174+0100] {logging_mixin.py:190} INFO - [2024-11-12T16:44:06.174+0100] {dag.py:4180} INFO - Setting next_dagrun for example_setup_teardown to None, run_after=None
[2024-11-12T16:44:06.217+0100] {processor.py:208} INFO - Processing /home/sakana/anaconda3/envs/airflow_env/lib/python3.8/site-packages/airflow/example_dags/example_setup_teardown.py took 0.119 seconds
[2024-11-12T16:45:02.563+0100] {processor.py:186} INFO - Started process (PID=7496) to work on /home/sakana/anaconda3/envs/airflow_env/lib/python3.8/site-packages/airflow/example_dags/example_setup_teardown.py
[2024-11-12T16:45:02.569+0100] {processor.py:914} INFO - Processing file /home/sakana/anaconda3/envs/airflow_env/lib/python3.8/site-packages/airflow/example_dags/example_setup_teardown.py for tasks to queue
[2024-11-12T16:45:02.572+0100] {logging_mixin.py:190} INFO - [2024-11-12T16:45:02.571+0100] {dagbag.py:588} INFO - Filling up the DagBag from /home/sakana/anaconda3/envs/airflow_env/lib/python3.8/site-packages/airflow/example_dags/example_setup_teardown.py
[2024-11-12T16:45:02.582+0100] {processor.py:925} INFO - DAG(s) 'example_setup_teardown' retrieved from /home/sakana/anaconda3/envs/airflow_env/lib/python3.8/site-packages/airflow/example_dags/example_setup_teardown.py
[2024-11-12T16:45:02.599+0100] {logging_mixin.py:190} INFO - [2024-11-12T16:45:02.599+0100] {dag.py:3239} INFO - Sync 1 DAGs
[2024-11-12T16:45:02.611+0100] {logging_mixin.py:190} INFO - [2024-11-12T16:45:02.611+0100] {dag.py:4180} INFO - Setting next_dagrun for example_setup_teardown to None, run_after=None
[2024-11-12T16:45:02.636+0100] {processor.py:208} INFO - Processing /home/sakana/anaconda3/envs/airflow_env/lib/python3.8/site-packages/airflow/example_dags/example_setup_teardown.py took 0.080 seconds
[2024-11-12T16:45:56.853+0100] {processor.py:186} INFO - Started process (PID=7563) to work on /home/sakana/anaconda3/envs/airflow_env/lib/python3.8/site-packages/airflow/example_dags/example_setup_teardown.py
[2024-11-12T16:45:56.858+0100] {processor.py:914} INFO - Processing file /home/sakana/anaconda3/envs/airflow_env/lib/python3.8/site-packages/airflow/example_dags/example_setup_teardown.py for tasks to queue
[2024-11-12T16:45:56.862+0100] {logging_mixin.py:190} INFO - [2024-11-12T16:45:56.861+0100] {dagbag.py:588} INFO - Filling up the DagBag from /home/sakana/anaconda3/envs/airflow_env/lib/python3.8/site-packages/airflow/example_dags/example_setup_teardown.py
[2024-11-12T16:45:56.875+0100] {processor.py:925} INFO - DAG(s) 'example_setup_teardown' retrieved from /home/sakana/anaconda3/envs/airflow_env/lib/python3.8/site-packages/airflow/example_dags/example_setup_teardown.py
[2024-11-12T16:45:56.893+0100] {logging_mixin.py:190} INFO - [2024-11-12T16:45:56.892+0100] {dag.py:3239} INFO - Sync 1 DAGs
[2024-11-12T16:45:56.904+0100] {logging_mixin.py:190} INFO - [2024-11-12T16:45:56.904+0100] {dag.py:4180} INFO - Setting next_dagrun for example_setup_teardown to None, run_after=None
[2024-11-12T16:45:56.930+0100] {processor.py:208} INFO - Processing /home/sakana/anaconda3/envs/airflow_env/lib/python3.8/site-packages/airflow/example_dags/example_setup_teardown.py took 0.087 seconds
[2024-11-12T16:47:06.985+0100] {processor.py:186} INFO - Started process (PID=7696) to work on /home/sakana/anaconda3/envs/airflow_env/lib/python3.8/site-packages/airflow/example_dags/example_setup_teardown.py
[2024-11-12T16:47:06.991+0100] {processor.py:914} INFO - Processing file /home/sakana/anaconda3/envs/airflow_env/lib/python3.8/site-packages/airflow/example_dags/example_setup_teardown.py for tasks to queue
[2024-11-12T16:47:06.994+0100] {logging_mixin.py:190} INFO - [2024-11-12T16:47:06.993+0100] {dagbag.py:588} INFO - Filling up the DagBag from /home/sakana/anaconda3/envs/airflow_env/lib/python3.8/site-packages/airflow/example_dags/example_setup_teardown.py
[2024-11-12T16:47:07.003+0100] {processor.py:925} INFO - DAG(s) 'example_setup_teardown' retrieved from /home/sakana/anaconda3/envs/airflow_env/lib/python3.8/site-packages/airflow/example_dags/example_setup_teardown.py
[2024-11-12T16:47:07.020+0100] {logging_mixin.py:190} INFO - [2024-11-12T16:47:07.020+0100] {dag.py:3239} INFO - Sync 1 DAGs
[2024-11-12T16:47:07.034+0100] {logging_mixin.py:190} INFO - [2024-11-12T16:47:07.034+0100] {dag.py:4180} INFO - Setting next_dagrun for example_setup_teardown to None, run_after=None
[2024-11-12T16:47:07.060+0100] {processor.py:208} INFO - Processing /home/sakana/anaconda3/envs/airflow_env/lib/python3.8/site-packages/airflow/example_dags/example_setup_teardown.py took 0.081 seconds
[2024-11-12T16:48:04.096+0100] {processor.py:186} INFO - Started process (PID=7807) to work on /home/sakana/anaconda3/envs/airflow_env/lib/python3.8/site-packages/airflow/example_dags/example_setup_teardown.py
[2024-11-12T16:48:04.101+0100] {processor.py:914} INFO - Processing file /home/sakana/anaconda3/envs/airflow_env/lib/python3.8/site-packages/airflow/example_dags/example_setup_teardown.py for tasks to queue
[2024-11-12T16:48:04.104+0100] {logging_mixin.py:190} INFO - [2024-11-12T16:48:04.103+0100] {dagbag.py:588} INFO - Filling up the DagBag from /home/sakana/anaconda3/envs/airflow_env/lib/python3.8/site-packages/airflow/example_dags/example_setup_teardown.py
[2024-11-12T16:48:04.113+0100] {processor.py:925} INFO - DAG(s) 'example_setup_teardown' retrieved from /home/sakana/anaconda3/envs/airflow_env/lib/python3.8/site-packages/airflow/example_dags/example_setup_teardown.py
[2024-11-12T16:48:04.128+0100] {logging_mixin.py:190} INFO - [2024-11-12T16:48:04.128+0100] {dag.py:3239} INFO - Sync 1 DAGs
[2024-11-12T16:48:04.140+0100] {logging_mixin.py:190} INFO - [2024-11-12T16:48:04.139+0100] {dag.py:4180} INFO - Setting next_dagrun for example_setup_teardown to None, run_after=None
[2024-11-12T16:48:04.165+0100] {processor.py:208} INFO - Processing /home/sakana/anaconda3/envs/airflow_env/lib/python3.8/site-packages/airflow/example_dags/example_setup_teardown.py took 0.077 seconds
[2024-11-12T16:49:02.924+0100] {processor.py:186} INFO - Started process (PID=7922) to work on /home/sakana/anaconda3/envs/airflow_env/lib/python3.8/site-packages/airflow/example_dags/example_setup_teardown.py
[2024-11-12T16:49:02.929+0100] {processor.py:914} INFO - Processing file /home/sakana/anaconda3/envs/airflow_env/lib/python3.8/site-packages/airflow/example_dags/example_setup_teardown.py for tasks to queue
[2024-11-12T16:49:02.932+0100] {logging_mixin.py:190} INFO - [2024-11-12T16:49:02.932+0100] {dagbag.py:588} INFO - Filling up the DagBag from /home/sakana/anaconda3/envs/airflow_env/lib/python3.8/site-packages/airflow/example_dags/example_setup_teardown.py
[2024-11-12T16:49:02.940+0100] {processor.py:925} INFO - DAG(s) 'example_setup_teardown' retrieved from /home/sakana/anaconda3/envs/airflow_env/lib/python3.8/site-packages/airflow/example_dags/example_setup_teardown.py
[2024-11-12T16:49:02.955+0100] {logging_mixin.py:190} INFO - [2024-11-12T16:49:02.955+0100] {dag.py:3239} INFO - Sync 1 DAGs
[2024-11-12T16:49:02.969+0100] {logging_mixin.py:190} INFO - [2024-11-12T16:49:02.969+0100] {dag.py:4180} INFO - Setting next_dagrun for example_setup_teardown to None, run_after=None
[2024-11-12T16:49:02.998+0100] {processor.py:208} INFO - Processing /home/sakana/anaconda3/envs/airflow_env/lib/python3.8/site-packages/airflow/example_dags/example_setup_teardown.py took 0.078 seconds
[2024-11-12T16:49:58.939+0100] {processor.py:186} INFO - Started process (PID=8014) to work on /home/sakana/anaconda3/envs/airflow_env/lib/python3.8/site-packages/airflow/example_dags/example_setup_teardown.py
[2024-11-12T16:49:58.944+0100] {processor.py:914} INFO - Processing file /home/sakana/anaconda3/envs/airflow_env/lib/python3.8/site-packages/airflow/example_dags/example_setup_teardown.py for tasks to queue
[2024-11-12T16:49:58.947+0100] {logging_mixin.py:190} INFO - [2024-11-12T16:49:58.947+0100] {dagbag.py:588} INFO - Filling up the DagBag from /home/sakana/anaconda3/envs/airflow_env/lib/python3.8/site-packages/airflow/example_dags/example_setup_teardown.py
[2024-11-12T16:49:58.957+0100] {processor.py:925} INFO - DAG(s) 'example_setup_teardown' retrieved from /home/sakana/anaconda3/envs/airflow_env/lib/python3.8/site-packages/airflow/example_dags/example_setup_teardown.py
[2024-11-12T16:49:58.975+0100] {logging_mixin.py:190} INFO - [2024-11-12T16:49:58.975+0100] {dag.py:3239} INFO - Sync 1 DAGs
[2024-11-12T16:49:58.989+0100] {logging_mixin.py:190} INFO - [2024-11-12T16:49:58.989+0100] {dag.py:4180} INFO - Setting next_dagrun for example_setup_teardown to None, run_after=None
[2024-11-12T16:49:59.017+0100] {processor.py:208} INFO - Processing /home/sakana/anaconda3/envs/airflow_env/lib/python3.8/site-packages/airflow/example_dags/example_setup_teardown.py took 0.084 seconds
[2024-11-12T16:50:55.598+0100] {processor.py:186} INFO - Started process (PID=8080) to work on /home/sakana/anaconda3/envs/airflow_env/lib/python3.8/site-packages/airflow/example_dags/example_setup_teardown.py
[2024-11-12T16:50:55.603+0100] {processor.py:914} INFO - Processing file /home/sakana/anaconda3/envs/airflow_env/lib/python3.8/site-packages/airflow/example_dags/example_setup_teardown.py for tasks to queue
[2024-11-12T16:50:55.607+0100] {logging_mixin.py:190} INFO - [2024-11-12T16:50:55.606+0100] {dagbag.py:588} INFO - Filling up the DagBag from /home/sakana/anaconda3/envs/airflow_env/lib/python3.8/site-packages/airflow/example_dags/example_setup_teardown.py
[2024-11-12T16:50:55.618+0100] {processor.py:925} INFO - DAG(s) 'example_setup_teardown' retrieved from /home/sakana/anaconda3/envs/airflow_env/lib/python3.8/site-packages/airflow/example_dags/example_setup_teardown.py
[2024-11-12T16:50:55.634+0100] {logging_mixin.py:190} INFO - [2024-11-12T16:50:55.634+0100] {dag.py:3239} INFO - Sync 1 DAGs
[2024-11-12T16:50:55.645+0100] {logging_mixin.py:190} INFO - [2024-11-12T16:50:55.645+0100] {dag.py:4180} INFO - Setting next_dagrun for example_setup_teardown to None, run_after=None
[2024-11-12T16:50:55.673+0100] {processor.py:208} INFO - Processing /home/sakana/anaconda3/envs/airflow_env/lib/python3.8/site-packages/airflow/example_dags/example_setup_teardown.py took 0.085 seconds
[2024-11-12T16:51:52.006+0100] {processor.py:186} INFO - Started process (PID=8153) to work on /home/sakana/anaconda3/envs/airflow_env/lib/python3.8/site-packages/airflow/example_dags/example_setup_teardown.py
[2024-11-12T16:51:52.012+0100] {processor.py:914} INFO - Processing file /home/sakana/anaconda3/envs/airflow_env/lib/python3.8/site-packages/airflow/example_dags/example_setup_teardown.py for tasks to queue
[2024-11-12T16:51:52.014+0100] {logging_mixin.py:190} INFO - [2024-11-12T16:51:52.014+0100] {dagbag.py:588} INFO - Filling up the DagBag from /home/sakana/anaconda3/envs/airflow_env/lib/python3.8/site-packages/airflow/example_dags/example_setup_teardown.py
[2024-11-12T16:51:52.021+0100] {processor.py:925} INFO - DAG(s) 'example_setup_teardown' retrieved from /home/sakana/anaconda3/envs/airflow_env/lib/python3.8/site-packages/airflow/example_dags/example_setup_teardown.py
[2024-11-12T16:51:52.037+0100] {logging_mixin.py:190} INFO - [2024-11-12T16:51:52.037+0100] {dag.py:3239} INFO - Sync 1 DAGs
[2024-11-12T16:51:52.048+0100] {logging_mixin.py:190} INFO - [2024-11-12T16:51:52.048+0100] {dag.py:4180} INFO - Setting next_dagrun for example_setup_teardown to None, run_after=None
[2024-11-12T16:51:52.084+0100] {processor.py:208} INFO - Processing /home/sakana/anaconda3/envs/airflow_env/lib/python3.8/site-packages/airflow/example_dags/example_setup_teardown.py took 0.084 seconds
[2024-11-12T16:52:49.387+0100] {processor.py:186} INFO - Started process (PID=8242) to work on /home/sakana/anaconda3/envs/airflow_env/lib/python3.8/site-packages/airflow/example_dags/example_setup_teardown.py
[2024-11-12T16:52:49.393+0100] {processor.py:914} INFO - Processing file /home/sakana/anaconda3/envs/airflow_env/lib/python3.8/site-packages/airflow/example_dags/example_setup_teardown.py for tasks to queue
[2024-11-12T16:52:49.396+0100] {logging_mixin.py:190} INFO - [2024-11-12T16:52:49.396+0100] {dagbag.py:588} INFO - Filling up the DagBag from /home/sakana/anaconda3/envs/airflow_env/lib/python3.8/site-packages/airflow/example_dags/example_setup_teardown.py
[2024-11-12T16:52:49.405+0100] {processor.py:925} INFO - DAG(s) 'example_setup_teardown' retrieved from /home/sakana/anaconda3/envs/airflow_env/lib/python3.8/site-packages/airflow/example_dags/example_setup_teardown.py
[2024-11-12T16:52:49.422+0100] {logging_mixin.py:190} INFO - [2024-11-12T16:52:49.422+0100] {dag.py:3239} INFO - Sync 1 DAGs
[2024-11-12T16:52:49.437+0100] {logging_mixin.py:190} INFO - [2024-11-12T16:52:49.437+0100] {dag.py:4180} INFO - Setting next_dagrun for example_setup_teardown to None, run_after=None
[2024-11-12T16:52:49.473+0100] {processor.py:208} INFO - Processing /home/sakana/anaconda3/envs/airflow_env/lib/python3.8/site-packages/airflow/example_dags/example_setup_teardown.py took 0.092 seconds
[2024-11-12T16:53:45.824+0100] {processor.py:186} INFO - Started process (PID=8344) to work on /home/sakana/anaconda3/envs/airflow_env/lib/python3.8/site-packages/airflow/example_dags/example_setup_teardown.py
[2024-11-12T16:53:45.829+0100] {processor.py:914} INFO - Processing file /home/sakana/anaconda3/envs/airflow_env/lib/python3.8/site-packages/airflow/example_dags/example_setup_teardown.py for tasks to queue
[2024-11-12T16:53:45.832+0100] {logging_mixin.py:190} INFO - [2024-11-12T16:53:45.831+0100] {dagbag.py:588} INFO - Filling up the DagBag from /home/sakana/anaconda3/envs/airflow_env/lib/python3.8/site-packages/airflow/example_dags/example_setup_teardown.py
[2024-11-12T16:53:45.842+0100] {processor.py:925} INFO - DAG(s) 'example_setup_teardown' retrieved from /home/sakana/anaconda3/envs/airflow_env/lib/python3.8/site-packages/airflow/example_dags/example_setup_teardown.py
[2024-11-12T16:53:45.859+0100] {logging_mixin.py:190} INFO - [2024-11-12T16:53:45.859+0100] {dag.py:3239} INFO - Sync 1 DAGs
[2024-11-12T16:53:45.871+0100] {logging_mixin.py:190} INFO - [2024-11-12T16:53:45.871+0100] {dag.py:4180} INFO - Setting next_dagrun for example_setup_teardown to None, run_after=None
[2024-11-12T16:53:45.903+0100] {processor.py:208} INFO - Processing /home/sakana/anaconda3/envs/airflow_env/lib/python3.8/site-packages/airflow/example_dags/example_setup_teardown.py took 0.089 seconds
[2024-11-12T16:54:47.933+0100] {processor.py:186} INFO - Started process (PID=8516) to work on /home/sakana/anaconda3/envs/airflow_env/lib/python3.8/site-packages/airflow/example_dags/example_setup_teardown.py
[2024-11-12T16:54:47.939+0100] {processor.py:914} INFO - Processing file /home/sakana/anaconda3/envs/airflow_env/lib/python3.8/site-packages/airflow/example_dags/example_setup_teardown.py for tasks to queue
[2024-11-12T16:54:47.943+0100] {logging_mixin.py:190} INFO - [2024-11-12T16:54:47.942+0100] {dagbag.py:588} INFO - Filling up the DagBag from /home/sakana/anaconda3/envs/airflow_env/lib/python3.8/site-packages/airflow/example_dags/example_setup_teardown.py
[2024-11-12T16:54:47.952+0100] {processor.py:925} INFO - DAG(s) 'example_setup_teardown' retrieved from /home/sakana/anaconda3/envs/airflow_env/lib/python3.8/site-packages/airflow/example_dags/example_setup_teardown.py
[2024-11-12T16:54:47.967+0100] {logging_mixin.py:190} INFO - [2024-11-12T16:54:47.967+0100] {dag.py:3239} INFO - Sync 1 DAGs
[2024-11-12T16:54:47.978+0100] {logging_mixin.py:190} INFO - [2024-11-12T16:54:47.978+0100] {dag.py:4180} INFO - Setting next_dagrun for example_setup_teardown to None, run_after=None
[2024-11-12T16:54:48.012+0100] {processor.py:208} INFO - Processing /home/sakana/anaconda3/envs/airflow_env/lib/python3.8/site-packages/airflow/example_dags/example_setup_teardown.py took 0.086 seconds
[2024-11-12T16:55:46.853+0100] {processor.py:186} INFO - Started process (PID=8599) to work on /home/sakana/anaconda3/envs/airflow_env/lib/python3.8/site-packages/airflow/example_dags/example_setup_teardown.py
[2024-11-12T16:55:46.858+0100] {processor.py:914} INFO - Processing file /home/sakana/anaconda3/envs/airflow_env/lib/python3.8/site-packages/airflow/example_dags/example_setup_teardown.py for tasks to queue
[2024-11-12T16:55:46.861+0100] {logging_mixin.py:190} INFO - [2024-11-12T16:55:46.860+0100] {dagbag.py:588} INFO - Filling up the DagBag from /home/sakana/anaconda3/envs/airflow_env/lib/python3.8/site-packages/airflow/example_dags/example_setup_teardown.py
[2024-11-12T16:55:46.870+0100] {processor.py:925} INFO - DAG(s) 'example_setup_teardown' retrieved from /home/sakana/anaconda3/envs/airflow_env/lib/python3.8/site-packages/airflow/example_dags/example_setup_teardown.py
[2024-11-12T16:55:46.889+0100] {logging_mixin.py:190} INFO - [2024-11-12T16:55:46.889+0100] {dag.py:3239} INFO - Sync 1 DAGs
[2024-11-12T16:55:46.904+0100] {logging_mixin.py:190} INFO - [2024-11-12T16:55:46.904+0100] {dag.py:4180} INFO - Setting next_dagrun for example_setup_teardown to None, run_after=None
[2024-11-12T16:55:46.933+0100] {processor.py:208} INFO - Processing /home/sakana/anaconda3/envs/airflow_env/lib/python3.8/site-packages/airflow/example_dags/example_setup_teardown.py took 0.087 seconds
[2024-11-12T16:56:44.725+0100] {processor.py:186} INFO - Started process (PID=8673) to work on /home/sakana/anaconda3/envs/airflow_env/lib/python3.8/site-packages/airflow/example_dags/example_setup_teardown.py
[2024-11-12T16:56:44.730+0100] {processor.py:914} INFO - Processing file /home/sakana/anaconda3/envs/airflow_env/lib/python3.8/site-packages/airflow/example_dags/example_setup_teardown.py for tasks to queue
[2024-11-12T16:56:44.733+0100] {logging_mixin.py:190} INFO - [2024-11-12T16:56:44.733+0100] {dagbag.py:588} INFO - Filling up the DagBag from /home/sakana/anaconda3/envs/airflow_env/lib/python3.8/site-packages/airflow/example_dags/example_setup_teardown.py
[2024-11-12T16:56:44.744+0100] {processor.py:925} INFO - DAG(s) 'example_setup_teardown' retrieved from /home/sakana/anaconda3/envs/airflow_env/lib/python3.8/site-packages/airflow/example_dags/example_setup_teardown.py
[2024-11-12T16:56:44.761+0100] {logging_mixin.py:190} INFO - [2024-11-12T16:56:44.761+0100] {dag.py:3239} INFO - Sync 1 DAGs
[2024-11-12T16:56:44.776+0100] {logging_mixin.py:190} INFO - [2024-11-12T16:56:44.776+0100] {dag.py:4180} INFO - Setting next_dagrun for example_setup_teardown to None, run_after=None
[2024-11-12T16:56:44.822+0100] {processor.py:208} INFO - Processing /home/sakana/anaconda3/envs/airflow_env/lib/python3.8/site-packages/airflow/example_dags/example_setup_teardown.py took 0.104 seconds
[2024-11-12T16:57:45.652+0100] {processor.py:186} INFO - Started process (PID=8754) to work on /home/sakana/anaconda3/envs/airflow_env/lib/python3.8/site-packages/airflow/example_dags/example_setup_teardown.py
[2024-11-12T16:57:45.658+0100] {processor.py:914} INFO - Processing file /home/sakana/anaconda3/envs/airflow_env/lib/python3.8/site-packages/airflow/example_dags/example_setup_teardown.py for tasks to queue
[2024-11-12T16:57:45.662+0100] {logging_mixin.py:190} INFO - [2024-11-12T16:57:45.661+0100] {dagbag.py:588} INFO - Filling up the DagBag from /home/sakana/anaconda3/envs/airflow_env/lib/python3.8/site-packages/airflow/example_dags/example_setup_teardown.py
[2024-11-12T16:57:45.676+0100] {processor.py:925} INFO - DAG(s) 'example_setup_teardown' retrieved from /home/sakana/anaconda3/envs/airflow_env/lib/python3.8/site-packages/airflow/example_dags/example_setup_teardown.py
[2024-11-12T16:57:45.703+0100] {logging_mixin.py:190} INFO - [2024-11-12T16:57:45.703+0100] {dag.py:3239} INFO - Sync 1 DAGs
[2024-11-12T16:57:45.722+0100] {logging_mixin.py:190} INFO - [2024-11-12T16:57:45.722+0100] {dag.py:4180} INFO - Setting next_dagrun for example_setup_teardown to None, run_after=None
[2024-11-12T16:57:45.757+0100] {processor.py:208} INFO - Processing /home/sakana/anaconda3/envs/airflow_env/lib/python3.8/site-packages/airflow/example_dags/example_setup_teardown.py took 0.118 seconds
[2024-11-12T16:58:47.867+0100] {processor.py:186} INFO - Started process (PID=8860) to work on /home/sakana/anaconda3/envs/airflow_env/lib/python3.8/site-packages/airflow/example_dags/example_setup_teardown.py
[2024-11-12T16:58:47.872+0100] {processor.py:914} INFO - Processing file /home/sakana/anaconda3/envs/airflow_env/lib/python3.8/site-packages/airflow/example_dags/example_setup_teardown.py for tasks to queue
[2024-11-12T16:58:47.876+0100] {logging_mixin.py:190} INFO - [2024-11-12T16:58:47.875+0100] {dagbag.py:588} INFO - Filling up the DagBag from /home/sakana/anaconda3/envs/airflow_env/lib/python3.8/site-packages/airflow/example_dags/example_setup_teardown.py
[2024-11-12T16:58:47.889+0100] {processor.py:925} INFO - DAG(s) 'example_setup_teardown' retrieved from /home/sakana/anaconda3/envs/airflow_env/lib/python3.8/site-packages/airflow/example_dags/example_setup_teardown.py
[2024-11-12T16:58:47.908+0100] {logging_mixin.py:190} INFO - [2024-11-12T16:58:47.908+0100] {dag.py:3239} INFO - Sync 1 DAGs
[2024-11-12T16:58:47.921+0100] {logging_mixin.py:190} INFO - [2024-11-12T16:58:47.921+0100] {dag.py:4180} INFO - Setting next_dagrun for example_setup_teardown to None, run_after=None
[2024-11-12T16:58:47.954+0100] {processor.py:208} INFO - Processing /home/sakana/anaconda3/envs/airflow_env/lib/python3.8/site-packages/airflow/example_dags/example_setup_teardown.py took 0.094 seconds
[2024-11-12T16:59:49.449+0100] {processor.py:186} INFO - Started process (PID=8935) to work on /home/sakana/anaconda3/envs/airflow_env/lib/python3.8/site-packages/airflow/example_dags/example_setup_teardown.py
[2024-11-12T16:59:49.455+0100] {processor.py:914} INFO - Processing file /home/sakana/anaconda3/envs/airflow_env/lib/python3.8/site-packages/airflow/example_dags/example_setup_teardown.py for tasks to queue
[2024-11-12T16:59:49.463+0100] {logging_mixin.py:190} INFO - [2024-11-12T16:59:49.462+0100] {dagbag.py:588} INFO - Filling up the DagBag from /home/sakana/anaconda3/envs/airflow_env/lib/python3.8/site-packages/airflow/example_dags/example_setup_teardown.py
[2024-11-12T16:59:49.483+0100] {processor.py:925} INFO - DAG(s) 'example_setup_teardown' retrieved from /home/sakana/anaconda3/envs/airflow_env/lib/python3.8/site-packages/airflow/example_dags/example_setup_teardown.py
[2024-11-12T16:59:49.500+0100] {logging_mixin.py:190} INFO - [2024-11-12T16:59:49.500+0100] {dag.py:3239} INFO - Sync 1 DAGs
[2024-11-12T16:59:49.512+0100] {logging_mixin.py:190} INFO - [2024-11-12T16:59:49.512+0100] {dag.py:4180} INFO - Setting next_dagrun for example_setup_teardown to None, run_after=None
[2024-11-12T16:59:49.539+0100] {processor.py:208} INFO - Processing /home/sakana/anaconda3/envs/airflow_env/lib/python3.8/site-packages/airflow/example_dags/example_setup_teardown.py took 0.096 seconds
[2024-11-12T17:00:49.160+0100] {processor.py:186} INFO - Started process (PID=9007) to work on /home/sakana/anaconda3/envs/airflow_env/lib/python3.8/site-packages/airflow/example_dags/example_setup_teardown.py
[2024-11-12T17:00:49.165+0100] {processor.py:914} INFO - Processing file /home/sakana/anaconda3/envs/airflow_env/lib/python3.8/site-packages/airflow/example_dags/example_setup_teardown.py for tasks to queue
[2024-11-12T17:00:49.168+0100] {logging_mixin.py:190} INFO - [2024-11-12T17:00:49.167+0100] {dagbag.py:588} INFO - Filling up the DagBag from /home/sakana/anaconda3/envs/airflow_env/lib/python3.8/site-packages/airflow/example_dags/example_setup_teardown.py
[2024-11-12T17:00:49.177+0100] {processor.py:925} INFO - DAG(s) 'example_setup_teardown' retrieved from /home/sakana/anaconda3/envs/airflow_env/lib/python3.8/site-packages/airflow/example_dags/example_setup_teardown.py
[2024-11-12T17:00:49.194+0100] {logging_mixin.py:190} INFO - [2024-11-12T17:00:49.194+0100] {dag.py:3239} INFO - Sync 1 DAGs
[2024-11-12T17:00:49.205+0100] {logging_mixin.py:190} INFO - [2024-11-12T17:00:49.205+0100] {dag.py:4180} INFO - Setting next_dagrun for example_setup_teardown to None, run_after=None
[2024-11-12T17:00:49.231+0100] {processor.py:208} INFO - Processing /home/sakana/anaconda3/envs/airflow_env/lib/python3.8/site-packages/airflow/example_dags/example_setup_teardown.py took 0.078 seconds
[2024-11-12T17:18:55.045+0100] {processor.py:186} INFO - Started process (PID=9316) to work on /home/sakana/anaconda3/envs/airflow_env/lib/python3.8/site-packages/airflow/example_dags/example_setup_teardown.py
[2024-11-12T17:18:55.051+0100] {processor.py:914} INFO - Processing file /home/sakana/anaconda3/envs/airflow_env/lib/python3.8/site-packages/airflow/example_dags/example_setup_teardown.py for tasks to queue
[2024-11-12T17:18:55.059+0100] {logging_mixin.py:190} INFO - [2024-11-12T17:18:55.058+0100] {dagbag.py:588} INFO - Filling up the DagBag from /home/sakana/anaconda3/envs/airflow_env/lib/python3.8/site-packages/airflow/example_dags/example_setup_teardown.py
[2024-11-12T17:18:55.082+0100] {processor.py:925} INFO - DAG(s) 'example_setup_teardown' retrieved from /home/sakana/anaconda3/envs/airflow_env/lib/python3.8/site-packages/airflow/example_dags/example_setup_teardown.py
[2024-11-12T17:18:55.101+0100] {logging_mixin.py:190} INFO - [2024-11-12T17:18:55.101+0100] {dag.py:3239} INFO - Sync 1 DAGs
[2024-11-12T17:18:55.111+0100] {logging_mixin.py:190} INFO - [2024-11-12T17:18:55.111+0100] {dag.py:4180} INFO - Setting next_dagrun for example_setup_teardown to None, run_after=None
[2024-11-12T17:18:55.136+0100] {processor.py:208} INFO - Processing /home/sakana/anaconda3/envs/airflow_env/lib/python3.8/site-packages/airflow/example_dags/example_setup_teardown.py took 0.096 seconds
[2024-11-12T17:20:04.724+0100] {processor.py:186} INFO - Started process (PID=9638) to work on /home/sakana/anaconda3/envs/airflow_env/lib/python3.8/site-packages/airflow/example_dags/example_setup_teardown.py
[2024-11-12T17:20:04.725+0100] {processor.py:914} INFO - Processing file /home/sakana/anaconda3/envs/airflow_env/lib/python3.8/site-packages/airflow/example_dags/example_setup_teardown.py for tasks to queue
[2024-11-12T17:20:04.728+0100] {logging_mixin.py:190} INFO - [2024-11-12T17:20:04.727+0100] {dagbag.py:588} INFO - Filling up the DagBag from /home/sakana/anaconda3/envs/airflow_env/lib/python3.8/site-packages/airflow/example_dags/example_setup_teardown.py
[2024-11-12T17:20:04.739+0100] {processor.py:925} INFO - DAG(s) 'example_setup_teardown' retrieved from /home/sakana/anaconda3/envs/airflow_env/lib/python3.8/site-packages/airflow/example_dags/example_setup_teardown.py
[2024-11-12T17:20:04.759+0100] {logging_mixin.py:190} INFO - [2024-11-12T17:20:04.759+0100] {dag.py:3239} INFO - Sync 1 DAGs
[2024-11-12T17:20:04.775+0100] {logging_mixin.py:190} INFO - [2024-11-12T17:20:04.775+0100] {dag.py:4180} INFO - Setting next_dagrun for example_setup_teardown to None, run_after=None
[2024-11-12T17:20:04.807+0100] {processor.py:208} INFO - Processing /home/sakana/anaconda3/envs/airflow_env/lib/python3.8/site-packages/airflow/example_dags/example_setup_teardown.py took 0.092 seconds
[2024-11-12T17:21:12.576+0100] {processor.py:186} INFO - Started process (PID=9730) to work on /home/sakana/anaconda3/envs/airflow_env/lib/python3.8/site-packages/airflow/example_dags/example_setup_teardown.py
[2024-11-12T17:21:12.582+0100] {processor.py:914} INFO - Processing file /home/sakana/anaconda3/envs/airflow_env/lib/python3.8/site-packages/airflow/example_dags/example_setup_teardown.py for tasks to queue
[2024-11-12T17:21:12.588+0100] {logging_mixin.py:190} INFO - [2024-11-12T17:21:12.587+0100] {dagbag.py:588} INFO - Filling up the DagBag from /home/sakana/anaconda3/envs/airflow_env/lib/python3.8/site-packages/airflow/example_dags/example_setup_teardown.py
[2024-11-12T17:21:12.604+0100] {processor.py:925} INFO - DAG(s) 'example_setup_teardown' retrieved from /home/sakana/anaconda3/envs/airflow_env/lib/python3.8/site-packages/airflow/example_dags/example_setup_teardown.py
[2024-11-12T17:21:12.638+0100] {logging_mixin.py:190} INFO - [2024-11-12T17:21:12.638+0100] {dag.py:3239} INFO - Sync 1 DAGs
[2024-11-12T17:21:12.662+0100] {logging_mixin.py:190} INFO - [2024-11-12T17:21:12.662+0100] {dag.py:4180} INFO - Setting next_dagrun for example_setup_teardown to None, run_after=None
[2024-11-12T17:21:12.707+0100] {processor.py:208} INFO - Processing /home/sakana/anaconda3/envs/airflow_env/lib/python3.8/site-packages/airflow/example_dags/example_setup_teardown.py took 0.146 seconds
[2024-11-12T17:22:20.988+0100] {processor.py:186} INFO - Started process (PID=9859) to work on /home/sakana/anaconda3/envs/airflow_env/lib/python3.8/site-packages/airflow/example_dags/example_setup_teardown.py
[2024-11-12T17:22:20.994+0100] {processor.py:914} INFO - Processing file /home/sakana/anaconda3/envs/airflow_env/lib/python3.8/site-packages/airflow/example_dags/example_setup_teardown.py for tasks to queue
[2024-11-12T17:22:20.998+0100] {logging_mixin.py:190} INFO - [2024-11-12T17:22:20.997+0100] {dagbag.py:588} INFO - Filling up the DagBag from /home/sakana/anaconda3/envs/airflow_env/lib/python3.8/site-packages/airflow/example_dags/example_setup_teardown.py
[2024-11-12T17:22:21.017+0100] {processor.py:925} INFO - DAG(s) 'example_setup_teardown' retrieved from /home/sakana/anaconda3/envs/airflow_env/lib/python3.8/site-packages/airflow/example_dags/example_setup_teardown.py
[2024-11-12T17:22:21.050+0100] {logging_mixin.py:190} INFO - [2024-11-12T17:22:21.050+0100] {dag.py:3239} INFO - Sync 1 DAGs
[2024-11-12T17:22:21.067+0100] {logging_mixin.py:190} INFO - [2024-11-12T17:22:21.067+0100] {dag.py:4180} INFO - Setting next_dagrun for example_setup_teardown to None, run_after=None
[2024-11-12T17:22:21.100+0100] {processor.py:208} INFO - Processing /home/sakana/anaconda3/envs/airflow_env/lib/python3.8/site-packages/airflow/example_dags/example_setup_teardown.py took 0.127 seconds
[2024-11-12T17:23:35.547+0100] {processor.py:186} INFO - Started process (PID=10002) to work on /home/sakana/anaconda3/envs/airflow_env/lib/python3.8/site-packages/airflow/example_dags/example_setup_teardown.py
[2024-11-12T17:23:35.573+0100] {processor.py:914} INFO - Processing file /home/sakana/anaconda3/envs/airflow_env/lib/python3.8/site-packages/airflow/example_dags/example_setup_teardown.py for tasks to queue
[2024-11-12T17:23:35.576+0100] {logging_mixin.py:190} INFO - [2024-11-12T17:23:35.576+0100] {dagbag.py:588} INFO - Filling up the DagBag from /home/sakana/anaconda3/envs/airflow_env/lib/python3.8/site-packages/airflow/example_dags/example_setup_teardown.py
[2024-11-12T17:23:35.587+0100] {processor.py:925} INFO - DAG(s) 'example_setup_teardown' retrieved from /home/sakana/anaconda3/envs/airflow_env/lib/python3.8/site-packages/airflow/example_dags/example_setup_teardown.py
[2024-11-12T17:23:35.611+0100] {logging_mixin.py:190} INFO - [2024-11-12T17:23:35.610+0100] {dag.py:3239} INFO - Sync 1 DAGs
[2024-11-12T17:23:35.629+0100] {logging_mixin.py:190} INFO - [2024-11-12T17:23:35.628+0100] {dag.py:4180} INFO - Setting next_dagrun for example_setup_teardown to None, run_after=None
[2024-11-12T17:23:35.670+0100] {processor.py:208} INFO - Processing /home/sakana/anaconda3/envs/airflow_env/lib/python3.8/site-packages/airflow/example_dags/example_setup_teardown.py took 0.152 seconds
[2024-11-12T17:24:47.523+0100] {processor.py:186} INFO - Started process (PID=10146) to work on /home/sakana/anaconda3/envs/airflow_env/lib/python3.8/site-packages/airflow/example_dags/example_setup_teardown.py
[2024-11-12T17:24:47.529+0100] {processor.py:914} INFO - Processing file /home/sakana/anaconda3/envs/airflow_env/lib/python3.8/site-packages/airflow/example_dags/example_setup_teardown.py for tasks to queue
[2024-11-12T17:24:47.534+0100] {logging_mixin.py:190} INFO - [2024-11-12T17:24:47.534+0100] {dagbag.py:588} INFO - Filling up the DagBag from /home/sakana/anaconda3/envs/airflow_env/lib/python3.8/site-packages/airflow/example_dags/example_setup_teardown.py
[2024-11-12T17:24:47.551+0100] {processor.py:925} INFO - DAG(s) 'example_setup_teardown' retrieved from /home/sakana/anaconda3/envs/airflow_env/lib/python3.8/site-packages/airflow/example_dags/example_setup_teardown.py
[2024-11-12T17:24:47.591+0100] {logging_mixin.py:190} INFO - [2024-11-12T17:24:47.590+0100] {dag.py:3239} INFO - Sync 1 DAGs
[2024-11-12T17:24:47.617+0100] {logging_mixin.py:190} INFO - [2024-11-12T17:24:47.617+0100] {dag.py:4180} INFO - Setting next_dagrun for example_setup_teardown to None, run_after=None
[2024-11-12T17:24:47.673+0100] {processor.py:208} INFO - Processing /home/sakana/anaconda3/envs/airflow_env/lib/python3.8/site-packages/airflow/example_dags/example_setup_teardown.py took 0.166 seconds
[2024-11-12T17:26:01.369+0100] {processor.py:186} INFO - Started process (PID=10262) to work on /home/sakana/anaconda3/envs/airflow_env/lib/python3.8/site-packages/airflow/example_dags/example_setup_teardown.py
[2024-11-12T17:26:01.375+0100] {processor.py:914} INFO - Processing file /home/sakana/anaconda3/envs/airflow_env/lib/python3.8/site-packages/airflow/example_dags/example_setup_teardown.py for tasks to queue
[2024-11-12T17:26:01.378+0100] {logging_mixin.py:190} INFO - [2024-11-12T17:26:01.377+0100] {dagbag.py:588} INFO - Filling up the DagBag from /home/sakana/anaconda3/envs/airflow_env/lib/python3.8/site-packages/airflow/example_dags/example_setup_teardown.py
[2024-11-12T17:26:01.394+0100] {processor.py:925} INFO - DAG(s) 'example_setup_teardown' retrieved from /home/sakana/anaconda3/envs/airflow_env/lib/python3.8/site-packages/airflow/example_dags/example_setup_teardown.py
[2024-11-12T17:26:01.428+0100] {logging_mixin.py:190} INFO - [2024-11-12T17:26:01.428+0100] {dag.py:3239} INFO - Sync 1 DAGs
[2024-11-12T17:26:01.455+0100] {logging_mixin.py:190} INFO - [2024-11-12T17:26:01.454+0100] {dag.py:4180} INFO - Setting next_dagrun for example_setup_teardown to None, run_after=None
[2024-11-12T17:26:01.498+0100] {processor.py:208} INFO - Processing /home/sakana/anaconda3/envs/airflow_env/lib/python3.8/site-packages/airflow/example_dags/example_setup_teardown.py took 0.136 seconds
[2024-11-12T17:27:14.251+0100] {processor.py:186} INFO - Started process (PID=10372) to work on /home/sakana/anaconda3/envs/airflow_env/lib/python3.8/site-packages/airflow/example_dags/example_setup_teardown.py
[2024-11-12T17:27:14.256+0100] {processor.py:914} INFO - Processing file /home/sakana/anaconda3/envs/airflow_env/lib/python3.8/site-packages/airflow/example_dags/example_setup_teardown.py for tasks to queue
[2024-11-12T17:27:14.259+0100] {logging_mixin.py:190} INFO - [2024-11-12T17:27:14.259+0100] {dagbag.py:588} INFO - Filling up the DagBag from /home/sakana/anaconda3/envs/airflow_env/lib/python3.8/site-packages/airflow/example_dags/example_setup_teardown.py
[2024-11-12T17:27:14.271+0100] {processor.py:925} INFO - DAG(s) 'example_setup_teardown' retrieved from /home/sakana/anaconda3/envs/airflow_env/lib/python3.8/site-packages/airflow/example_dags/example_setup_teardown.py
[2024-11-12T17:27:14.292+0100] {logging_mixin.py:190} INFO - [2024-11-12T17:27:14.292+0100] {dag.py:3239} INFO - Sync 1 DAGs
[2024-11-12T17:27:14.311+0100] {logging_mixin.py:190} INFO - [2024-11-12T17:27:14.311+0100] {dag.py:4180} INFO - Setting next_dagrun for example_setup_teardown to None, run_after=None
[2024-11-12T17:27:14.341+0100] {processor.py:208} INFO - Processing /home/sakana/anaconda3/envs/airflow_env/lib/python3.8/site-packages/airflow/example_dags/example_setup_teardown.py took 0.098 seconds
[2024-11-12T17:28:26.187+0100] {processor.py:186} INFO - Started process (PID=10478) to work on /home/sakana/anaconda3/envs/airflow_env/lib/python3.8/site-packages/airflow/example_dags/example_setup_teardown.py
[2024-11-12T17:28:26.193+0100] {processor.py:914} INFO - Processing file /home/sakana/anaconda3/envs/airflow_env/lib/python3.8/site-packages/airflow/example_dags/example_setup_teardown.py for tasks to queue
[2024-11-12T17:28:26.199+0100] {logging_mixin.py:190} INFO - [2024-11-12T17:28:26.198+0100] {dagbag.py:588} INFO - Filling up the DagBag from /home/sakana/anaconda3/envs/airflow_env/lib/python3.8/site-packages/airflow/example_dags/example_setup_teardown.py
[2024-11-12T17:28:26.221+0100] {processor.py:925} INFO - DAG(s) 'example_setup_teardown' retrieved from /home/sakana/anaconda3/envs/airflow_env/lib/python3.8/site-packages/airflow/example_dags/example_setup_teardown.py
[2024-11-12T17:28:26.261+0100] {logging_mixin.py:190} INFO - [2024-11-12T17:28:26.261+0100] {dag.py:3239} INFO - Sync 1 DAGs
[2024-11-12T17:28:26.284+0100] {logging_mixin.py:190} INFO - [2024-11-12T17:28:26.284+0100] {dag.py:4180} INFO - Setting next_dagrun for example_setup_teardown to None, run_after=None
[2024-11-12T17:28:26.322+0100] {processor.py:208} INFO - Processing /home/sakana/anaconda3/envs/airflow_env/lib/python3.8/site-packages/airflow/example_dags/example_setup_teardown.py took 0.153 seconds
[2024-11-12T17:29:40.081+0100] {processor.py:186} INFO - Started process (PID=10592) to work on /home/sakana/anaconda3/envs/airflow_env/lib/python3.8/site-packages/airflow/example_dags/example_setup_teardown.py
[2024-11-12T17:29:40.086+0100] {processor.py:914} INFO - Processing file /home/sakana/anaconda3/envs/airflow_env/lib/python3.8/site-packages/airflow/example_dags/example_setup_teardown.py for tasks to queue
[2024-11-12T17:29:40.090+0100] {logging_mixin.py:190} INFO - [2024-11-12T17:29:40.090+0100] {dagbag.py:588} INFO - Filling up the DagBag from /home/sakana/anaconda3/envs/airflow_env/lib/python3.8/site-packages/airflow/example_dags/example_setup_teardown.py
[2024-11-12T17:29:40.105+0100] {processor.py:925} INFO - DAG(s) 'example_setup_teardown' retrieved from /home/sakana/anaconda3/envs/airflow_env/lib/python3.8/site-packages/airflow/example_dags/example_setup_teardown.py
[2024-11-12T17:29:40.126+0100] {logging_mixin.py:190} INFO - [2024-11-12T17:29:40.125+0100] {dag.py:3239} INFO - Sync 1 DAGs
[2024-11-12T17:29:40.143+0100] {logging_mixin.py:190} INFO - [2024-11-12T17:29:40.143+0100] {dag.py:4180} INFO - Setting next_dagrun for example_setup_teardown to None, run_after=None
[2024-11-12T17:29:40.178+0100] {processor.py:208} INFO - Processing /home/sakana/anaconda3/envs/airflow_env/lib/python3.8/site-packages/airflow/example_dags/example_setup_teardown.py took 0.108 seconds
[2024-11-12T17:30:50.317+0100] {processor.py:186} INFO - Started process (PID=10670) to work on /home/sakana/anaconda3/envs/airflow_env/lib/python3.8/site-packages/airflow/example_dags/example_setup_teardown.py
[2024-11-12T17:30:50.322+0100] {processor.py:914} INFO - Processing file /home/sakana/anaconda3/envs/airflow_env/lib/python3.8/site-packages/airflow/example_dags/example_setup_teardown.py for tasks to queue
[2024-11-12T17:30:50.327+0100] {logging_mixin.py:190} INFO - [2024-11-12T17:30:50.326+0100] {dagbag.py:588} INFO - Filling up the DagBag from /home/sakana/anaconda3/envs/airflow_env/lib/python3.8/site-packages/airflow/example_dags/example_setup_teardown.py
[2024-11-12T17:30:50.344+0100] {processor.py:925} INFO - DAG(s) 'example_setup_teardown' retrieved from /home/sakana/anaconda3/envs/airflow_env/lib/python3.8/site-packages/airflow/example_dags/example_setup_teardown.py
[2024-11-12T17:30:50.377+0100] {logging_mixin.py:190} INFO - [2024-11-12T17:30:50.376+0100] {dag.py:3239} INFO - Sync 1 DAGs
[2024-11-12T17:30:50.402+0100] {logging_mixin.py:190} INFO - [2024-11-12T17:30:50.402+0100] {dag.py:4180} INFO - Setting next_dagrun for example_setup_teardown to None, run_after=None
[2024-11-12T17:30:50.437+0100] {processor.py:208} INFO - Processing /home/sakana/anaconda3/envs/airflow_env/lib/python3.8/site-packages/airflow/example_dags/example_setup_teardown.py took 0.134 seconds
[2024-11-12T17:32:02.179+0100] {processor.py:186} INFO - Started process (PID=10760) to work on /home/sakana/anaconda3/envs/airflow_env/lib/python3.8/site-packages/airflow/example_dags/example_setup_teardown.py
[2024-11-12T17:32:02.184+0100] {processor.py:914} INFO - Processing file /home/sakana/anaconda3/envs/airflow_env/lib/python3.8/site-packages/airflow/example_dags/example_setup_teardown.py for tasks to queue
[2024-11-12T17:32:02.188+0100] {logging_mixin.py:190} INFO - [2024-11-12T17:32:02.188+0100] {dagbag.py:588} INFO - Filling up the DagBag from /home/sakana/anaconda3/envs/airflow_env/lib/python3.8/site-packages/airflow/example_dags/example_setup_teardown.py
[2024-11-12T17:32:02.201+0100] {processor.py:925} INFO - DAG(s) 'example_setup_teardown' retrieved from /home/sakana/anaconda3/envs/airflow_env/lib/python3.8/site-packages/airflow/example_dags/example_setup_teardown.py
[2024-11-12T17:32:02.226+0100] {logging_mixin.py:190} INFO - [2024-11-12T17:32:02.226+0100] {dag.py:3239} INFO - Sync 1 DAGs
[2024-11-12T17:32:02.243+0100] {logging_mixin.py:190} INFO - [2024-11-12T17:32:02.243+0100] {dag.py:4180} INFO - Setting next_dagrun for example_setup_teardown to None, run_after=None
[2024-11-12T17:32:02.276+0100] {processor.py:208} INFO - Processing /home/sakana/anaconda3/envs/airflow_env/lib/python3.8/site-packages/airflow/example_dags/example_setup_teardown.py took 0.107 seconds
[2024-11-12T17:33:10.759+0100] {processor.py:186} INFO - Started process (PID=10930) to work on /home/sakana/anaconda3/envs/airflow_env/lib/python3.8/site-packages/airflow/example_dags/example_setup_teardown.py
[2024-11-12T17:33:10.764+0100] {processor.py:914} INFO - Processing file /home/sakana/anaconda3/envs/airflow_env/lib/python3.8/site-packages/airflow/example_dags/example_setup_teardown.py for tasks to queue
[2024-11-12T17:33:10.766+0100] {logging_mixin.py:190} INFO - [2024-11-12T17:33:10.766+0100] {dagbag.py:588} INFO - Filling up the DagBag from /home/sakana/anaconda3/envs/airflow_env/lib/python3.8/site-packages/airflow/example_dags/example_setup_teardown.py
[2024-11-12T17:33:10.777+0100] {processor.py:925} INFO - DAG(s) 'example_setup_teardown' retrieved from /home/sakana/anaconda3/envs/airflow_env/lib/python3.8/site-packages/airflow/example_dags/example_setup_teardown.py
[2024-11-12T17:33:10.796+0100] {logging_mixin.py:190} INFO - [2024-11-12T17:33:10.796+0100] {dag.py:3239} INFO - Sync 1 DAGs
[2024-11-12T17:33:10.810+0100] {logging_mixin.py:190} INFO - [2024-11-12T17:33:10.809+0100] {dag.py:4180} INFO - Setting next_dagrun for example_setup_teardown to None, run_after=None
[2024-11-12T17:33:10.840+0100] {processor.py:208} INFO - Processing /home/sakana/anaconda3/envs/airflow_env/lib/python3.8/site-packages/airflow/example_dags/example_setup_teardown.py took 0.091 seconds
[2024-11-12T17:34:14.050+0100] {processor.py:186} INFO - Started process (PID=11107) to work on /home/sakana/anaconda3/envs/airflow_env/lib/python3.8/site-packages/airflow/example_dags/example_setup_teardown.py
[2024-11-12T17:34:14.051+0100] {processor.py:914} INFO - Processing file /home/sakana/anaconda3/envs/airflow_env/lib/python3.8/site-packages/airflow/example_dags/example_setup_teardown.py for tasks to queue
[2024-11-12T17:34:14.053+0100] {logging_mixin.py:190} INFO - [2024-11-12T17:34:14.053+0100] {dagbag.py:588} INFO - Filling up the DagBag from /home/sakana/anaconda3/envs/airflow_env/lib/python3.8/site-packages/airflow/example_dags/example_setup_teardown.py
[2024-11-12T17:34:14.062+0100] {processor.py:925} INFO - DAG(s) 'example_setup_teardown' retrieved from /home/sakana/anaconda3/envs/airflow_env/lib/python3.8/site-packages/airflow/example_dags/example_setup_teardown.py
[2024-11-12T17:34:14.084+0100] {logging_mixin.py:190} INFO - [2024-11-12T17:34:14.084+0100] {dag.py:3239} INFO - Sync 1 DAGs
[2024-11-12T17:34:14.101+0100] {logging_mixin.py:190} INFO - [2024-11-12T17:34:14.101+0100] {dag.py:4180} INFO - Setting next_dagrun for example_setup_teardown to None, run_after=None
[2024-11-12T17:34:14.134+0100] {processor.py:208} INFO - Processing /home/sakana/anaconda3/envs/airflow_env/lib/python3.8/site-packages/airflow/example_dags/example_setup_teardown.py took 0.089 seconds
[2024-11-12T17:35:16.704+0100] {processor.py:186} INFO - Started process (PID=11197) to work on /home/sakana/anaconda3/envs/airflow_env/lib/python3.8/site-packages/airflow/example_dags/example_setup_teardown.py
[2024-11-12T17:35:16.709+0100] {processor.py:914} INFO - Processing file /home/sakana/anaconda3/envs/airflow_env/lib/python3.8/site-packages/airflow/example_dags/example_setup_teardown.py for tasks to queue
[2024-11-12T17:35:16.712+0100] {logging_mixin.py:190} INFO - [2024-11-12T17:35:16.712+0100] {dagbag.py:588} INFO - Filling up the DagBag from /home/sakana/anaconda3/envs/airflow_env/lib/python3.8/site-packages/airflow/example_dags/example_setup_teardown.py
[2024-11-12T17:35:16.721+0100] {processor.py:925} INFO - DAG(s) 'example_setup_teardown' retrieved from /home/sakana/anaconda3/envs/airflow_env/lib/python3.8/site-packages/airflow/example_dags/example_setup_teardown.py
[2024-11-12T17:35:16.739+0100] {logging_mixin.py:190} INFO - [2024-11-12T17:35:16.739+0100] {dag.py:3239} INFO - Sync 1 DAGs
[2024-11-12T17:35:16.751+0100] {logging_mixin.py:190} INFO - [2024-11-12T17:35:16.751+0100] {dag.py:4180} INFO - Setting next_dagrun for example_setup_teardown to None, run_after=None
[2024-11-12T17:35:16.774+0100] {processor.py:208} INFO - Processing /home/sakana/anaconda3/envs/airflow_env/lib/python3.8/site-packages/airflow/example_dags/example_setup_teardown.py took 0.077 seconds
[2024-11-12T17:36:14.954+0100] {processor.py:186} INFO - Started process (PID=11265) to work on /home/sakana/anaconda3/envs/airflow_env/lib/python3.8/site-packages/airflow/example_dags/example_setup_teardown.py
[2024-11-12T17:36:14.959+0100] {processor.py:914} INFO - Processing file /home/sakana/anaconda3/envs/airflow_env/lib/python3.8/site-packages/airflow/example_dags/example_setup_teardown.py for tasks to queue
[2024-11-12T17:36:14.961+0100] {logging_mixin.py:190} INFO - [2024-11-12T17:36:14.961+0100] {dagbag.py:588} INFO - Filling up the DagBag from /home/sakana/anaconda3/envs/airflow_env/lib/python3.8/site-packages/airflow/example_dags/example_setup_teardown.py
[2024-11-12T17:36:14.969+0100] {processor.py:925} INFO - DAG(s) 'example_setup_teardown' retrieved from /home/sakana/anaconda3/envs/airflow_env/lib/python3.8/site-packages/airflow/example_dags/example_setup_teardown.py
[2024-11-12T17:36:14.985+0100] {logging_mixin.py:190} INFO - [2024-11-12T17:36:14.985+0100] {dag.py:3239} INFO - Sync 1 DAGs
[2024-11-12T17:36:14.997+0100] {logging_mixin.py:190} INFO - [2024-11-12T17:36:14.996+0100] {dag.py:4180} INFO - Setting next_dagrun for example_setup_teardown to None, run_after=None
[2024-11-12T17:36:15.020+0100] {processor.py:208} INFO - Processing /home/sakana/anaconda3/envs/airflow_env/lib/python3.8/site-packages/airflow/example_dags/example_setup_teardown.py took 0.072 seconds
[2024-11-12T17:37:14.277+0100] {processor.py:186} INFO - Started process (PID=11331) to work on /home/sakana/anaconda3/envs/airflow_env/lib/python3.8/site-packages/airflow/example_dags/example_setup_teardown.py
[2024-11-12T17:37:14.278+0100] {processor.py:914} INFO - Processing file /home/sakana/anaconda3/envs/airflow_env/lib/python3.8/site-packages/airflow/example_dags/example_setup_teardown.py for tasks to queue
[2024-11-12T17:37:14.280+0100] {logging_mixin.py:190} INFO - [2024-11-12T17:37:14.280+0100] {dagbag.py:588} INFO - Filling up the DagBag from /home/sakana/anaconda3/envs/airflow_env/lib/python3.8/site-packages/airflow/example_dags/example_setup_teardown.py
[2024-11-12T17:37:14.292+0100] {processor.py:925} INFO - DAG(s) 'example_setup_teardown' retrieved from /home/sakana/anaconda3/envs/airflow_env/lib/python3.8/site-packages/airflow/example_dags/example_setup_teardown.py
[2024-11-12T17:37:14.310+0100] {logging_mixin.py:190} INFO - [2024-11-12T17:37:14.310+0100] {dag.py:3239} INFO - Sync 1 DAGs
[2024-11-12T17:37:14.335+0100] {logging_mixin.py:190} INFO - [2024-11-12T17:37:14.335+0100] {dag.py:4180} INFO - Setting next_dagrun for example_setup_teardown to None, run_after=None
[2024-11-12T17:37:14.375+0100] {processor.py:208} INFO - Processing /home/sakana/anaconda3/envs/airflow_env/lib/python3.8/site-packages/airflow/example_dags/example_setup_teardown.py took 0.105 seconds
