[2024-11-12T01:01:48.354+0100] {processor.py:186} INFO - Started process (PID=31490) to work on /home/sakana/anaconda3/envs/airflow_env/lib/python3.8/site-packages/airflow/example_dags/example_latest_only_with_trigger.py
[2024-11-12T01:01:48.356+0100] {processor.py:914} INFO - Processing file /home/sakana/anaconda3/envs/airflow_env/lib/python3.8/site-packages/airflow/example_dags/example_latest_only_with_trigger.py for tasks to queue
[2024-11-12T01:01:48.361+0100] {logging_mixin.py:190} INFO - [2024-11-12T01:01:48.361+0100] {dagbag.py:588} INFO - Filling up the DagBag from /home/sakana/anaconda3/envs/airflow_env/lib/python3.8/site-packages/airflow/example_dags/example_latest_only_with_trigger.py
[2024-11-12T01:01:48.372+0100] {processor.py:925} INFO - DAG(s) 'latest_only_with_trigger' retrieved from /home/sakana/anaconda3/envs/airflow_env/lib/python3.8/site-packages/airflow/example_dags/example_latest_only_with_trigger.py
[2024-11-12T01:01:48.393+0100] {logging_mixin.py:190} INFO - [2024-11-12T01:01:48.393+0100] {dag.py:3239} INFO - Sync 1 DAGs
[2024-11-12T01:01:48.416+0100] {logging_mixin.py:190} INFO - [2024-11-12T01:01:48.415+0100] {dag.py:4180} INFO - Setting next_dagrun for latest_only_with_trigger to 2024-11-11 20:00:00+00:00, run_after=2024-11-12 00:00:00+00:00
[2024-11-12T01:01:48.451+0100] {processor.py:208} INFO - Processing /home/sakana/anaconda3/envs/airflow_env/lib/python3.8/site-packages/airflow/example_dags/example_latest_only_with_trigger.py took 0.107 seconds
[2024-11-12T01:02:54.932+0100] {processor.py:186} INFO - Started process (PID=32014) to work on /home/sakana/anaconda3/envs/airflow_env/lib/python3.8/site-packages/airflow/example_dags/example_latest_only_with_trigger.py
[2024-11-12T01:02:54.937+0100] {processor.py:914} INFO - Processing file /home/sakana/anaconda3/envs/airflow_env/lib/python3.8/site-packages/airflow/example_dags/example_latest_only_with_trigger.py for tasks to queue
[2024-11-12T01:02:54.940+0100] {logging_mixin.py:190} INFO - [2024-11-12T01:02:54.939+0100] {dagbag.py:588} INFO - Filling up the DagBag from /home/sakana/anaconda3/envs/airflow_env/lib/python3.8/site-packages/airflow/example_dags/example_latest_only_with_trigger.py
[2024-11-12T01:02:54.948+0100] {processor.py:925} INFO - DAG(s) 'latest_only_with_trigger' retrieved from /home/sakana/anaconda3/envs/airflow_env/lib/python3.8/site-packages/airflow/example_dags/example_latest_only_with_trigger.py
[2024-11-12T01:02:54.966+0100] {logging_mixin.py:190} INFO - [2024-11-12T01:02:54.966+0100] {dag.py:3239} INFO - Sync 1 DAGs
[2024-11-12T01:02:54.987+0100] {logging_mixin.py:190} INFO - [2024-11-12T01:02:54.986+0100] {dag.py:4180} INFO - Setting next_dagrun for latest_only_with_trigger to 2024-11-11 20:00:00+00:00, run_after=2024-11-12 00:00:00+00:00
[2024-11-12T01:02:55.020+0100] {processor.py:208} INFO - Processing /home/sakana/anaconda3/envs/airflow_env/lib/python3.8/site-packages/airflow/example_dags/example_latest_only_with_trigger.py took 0.096 seconds
[2024-11-12T01:03:57.316+0100] {processor.py:186} INFO - Started process (PID=32409) to work on /home/sakana/anaconda3/envs/airflow_env/lib/python3.8/site-packages/airflow/example_dags/example_latest_only_with_trigger.py
[2024-11-12T01:03:57.322+0100] {processor.py:914} INFO - Processing file /home/sakana/anaconda3/envs/airflow_env/lib/python3.8/site-packages/airflow/example_dags/example_latest_only_with_trigger.py for tasks to queue
[2024-11-12T01:03:57.326+0100] {logging_mixin.py:190} INFO - [2024-11-12T01:03:57.325+0100] {dagbag.py:588} INFO - Filling up the DagBag from /home/sakana/anaconda3/envs/airflow_env/lib/python3.8/site-packages/airflow/example_dags/example_latest_only_with_trigger.py
[2024-11-12T01:03:57.356+0100] {processor.py:925} INFO - DAG(s) 'latest_only_with_trigger' retrieved from /home/sakana/anaconda3/envs/airflow_env/lib/python3.8/site-packages/airflow/example_dags/example_latest_only_with_trigger.py
[2024-11-12T01:03:57.407+0100] {logging_mixin.py:190} INFO - [2024-11-12T01:03:57.406+0100] {dag.py:3239} INFO - Sync 1 DAGs
[2024-11-12T01:03:57.448+0100] {logging_mixin.py:190} INFO - [2024-11-12T01:03:57.447+0100] {dag.py:4180} INFO - Setting next_dagrun for latest_only_with_trigger to 2024-11-11 20:00:00+00:00, run_after=2024-11-12 00:00:00+00:00
[2024-11-12T01:03:57.507+0100] {processor.py:208} INFO - Processing /home/sakana/anaconda3/envs/airflow_env/lib/python3.8/site-packages/airflow/example_dags/example_latest_only_with_trigger.py took 0.202 seconds
[2024-11-12T01:10:34.870+0100] {processor.py:186} INFO - Started process (PID=4172) to work on /home/sakana/anaconda3/envs/airflow_env/lib/python3.8/site-packages/airflow/example_dags/example_latest_only_with_trigger.py
[2024-11-12T01:10:34.873+0100] {processor.py:914} INFO - Processing file /home/sakana/anaconda3/envs/airflow_env/lib/python3.8/site-packages/airflow/example_dags/example_latest_only_with_trigger.py for tasks to queue
[2024-11-12T01:10:34.877+0100] {logging_mixin.py:190} INFO - [2024-11-12T01:10:34.877+0100] {dagbag.py:588} INFO - Filling up the DagBag from /home/sakana/anaconda3/envs/airflow_env/lib/python3.8/site-packages/airflow/example_dags/example_latest_only_with_trigger.py
[2024-11-12T01:10:34.884+0100] {processor.py:925} INFO - DAG(s) 'latest_only_with_trigger' retrieved from /home/sakana/anaconda3/envs/airflow_env/lib/python3.8/site-packages/airflow/example_dags/example_latest_only_with_trigger.py
[2024-11-12T01:10:34.904+0100] {logging_mixin.py:190} INFO - [2024-11-12T01:10:34.904+0100] {dag.py:3239} INFO - Sync 1 DAGs
[2024-11-12T01:10:34.921+0100] {logging_mixin.py:190} INFO - [2024-11-12T01:10:34.921+0100] {dag.py:4180} INFO - Setting next_dagrun for latest_only_with_trigger to 2024-11-11 20:00:00+00:00, run_after=2024-11-12 00:00:00+00:00
[2024-11-12T01:10:34.972+0100] {processor.py:208} INFO - Processing /home/sakana/anaconda3/envs/airflow_env/lib/python3.8/site-packages/airflow/example_dags/example_latest_only_with_trigger.py took 0.109 seconds
[2024-11-12T01:11:36.735+0100] {processor.py:186} INFO - Started process (PID=4233) to work on /home/sakana/anaconda3/envs/airflow_env/lib/python3.8/site-packages/airflow/example_dags/example_latest_only_with_trigger.py
[2024-11-12T01:11:36.740+0100] {processor.py:914} INFO - Processing file /home/sakana/anaconda3/envs/airflow_env/lib/python3.8/site-packages/airflow/example_dags/example_latest_only_with_trigger.py for tasks to queue
[2024-11-12T01:11:36.742+0100] {logging_mixin.py:190} INFO - [2024-11-12T01:11:36.742+0100] {dagbag.py:588} INFO - Filling up the DagBag from /home/sakana/anaconda3/envs/airflow_env/lib/python3.8/site-packages/airflow/example_dags/example_latest_only_with_trigger.py
[2024-11-12T01:11:36.751+0100] {processor.py:925} INFO - DAG(s) 'latest_only_with_trigger' retrieved from /home/sakana/anaconda3/envs/airflow_env/lib/python3.8/site-packages/airflow/example_dags/example_latest_only_with_trigger.py
[2024-11-12T01:11:36.768+0100] {logging_mixin.py:190} INFO - [2024-11-12T01:11:36.767+0100] {dag.py:3239} INFO - Sync 1 DAGs
[2024-11-12T01:11:36.784+0100] {logging_mixin.py:190} INFO - [2024-11-12T01:11:36.784+0100] {dag.py:4180} INFO - Setting next_dagrun for latest_only_with_trigger to 2024-11-11 20:00:00+00:00, run_after=2024-11-12 00:00:00+00:00
[2024-11-12T01:11:36.819+0100] {processor.py:208} INFO - Processing /home/sakana/anaconda3/envs/airflow_env/lib/python3.8/site-packages/airflow/example_dags/example_latest_only_with_trigger.py took 0.091 seconds
[2024-11-12T16:38:11.966+0100] {processor.py:186} INFO - Started process (PID=6670) to work on /home/sakana/anaconda3/envs/airflow_env/lib/python3.8/site-packages/airflow/example_dags/example_latest_only_with_trigger.py
[2024-11-12T16:38:11.971+0100] {processor.py:914} INFO - Processing file /home/sakana/anaconda3/envs/airflow_env/lib/python3.8/site-packages/airflow/example_dags/example_latest_only_with_trigger.py for tasks to queue
[2024-11-12T16:38:11.975+0100] {logging_mixin.py:190} INFO - [2024-11-12T16:38:11.974+0100] {dagbag.py:588} INFO - Filling up the DagBag from /home/sakana/anaconda3/envs/airflow_env/lib/python3.8/site-packages/airflow/example_dags/example_latest_only_with_trigger.py
[2024-11-12T16:38:11.983+0100] {processor.py:925} INFO - DAG(s) 'latest_only_with_trigger' retrieved from /home/sakana/anaconda3/envs/airflow_env/lib/python3.8/site-packages/airflow/example_dags/example_latest_only_with_trigger.py
[2024-11-12T16:38:12.001+0100] {logging_mixin.py:190} INFO - [2024-11-12T16:38:12.001+0100] {dag.py:3239} INFO - Sync 1 DAGs
[2024-11-12T16:38:12.020+0100] {logging_mixin.py:190} INFO - [2024-11-12T16:38:12.020+0100] {dag.py:4180} INFO - Setting next_dagrun for latest_only_with_trigger to 2024-11-12 08:00:00+00:00, run_after=2024-11-12 12:00:00+00:00
[2024-11-12T16:38:12.045+0100] {processor.py:208} INFO - Processing /home/sakana/anaconda3/envs/airflow_env/lib/python3.8/site-packages/airflow/example_dags/example_latest_only_with_trigger.py took 0.085 seconds
[2024-11-12T16:40:27.421+0100] {processor.py:186} INFO - Started process (PID=7016) to work on /home/sakana/anaconda3/envs/airflow_env/lib/python3.8/site-packages/airflow/example_dags/example_latest_only_with_trigger.py
[2024-11-12T16:40:27.434+0100] {processor.py:914} INFO - Processing file /home/sakana/anaconda3/envs/airflow_env/lib/python3.8/site-packages/airflow/example_dags/example_latest_only_with_trigger.py for tasks to queue
[2024-11-12T16:40:27.438+0100] {logging_mixin.py:190} INFO - [2024-11-12T16:40:27.438+0100] {dagbag.py:588} INFO - Filling up the DagBag from /home/sakana/anaconda3/envs/airflow_env/lib/python3.8/site-packages/airflow/example_dags/example_latest_only_with_trigger.py
[2024-11-12T16:40:27.446+0100] {processor.py:925} INFO - DAG(s) 'latest_only_with_trigger' retrieved from /home/sakana/anaconda3/envs/airflow_env/lib/python3.8/site-packages/airflow/example_dags/example_latest_only_with_trigger.py
[2024-11-12T16:40:27.464+0100] {logging_mixin.py:190} INFO - [2024-11-12T16:40:27.464+0100] {dag.py:3239} INFO - Sync 1 DAGs
[2024-11-12T16:40:27.484+0100] {logging_mixin.py:190} INFO - [2024-11-12T16:40:27.484+0100] {dag.py:4180} INFO - Setting next_dagrun for latest_only_with_trigger to 2024-11-12 08:00:00+00:00, run_after=2024-11-12 12:00:00+00:00
[2024-11-12T16:40:27.512+0100] {processor.py:208} INFO - Processing /home/sakana/anaconda3/envs/airflow_env/lib/python3.8/site-packages/airflow/example_dags/example_latest_only_with_trigger.py took 0.099 seconds
[2024-11-12T16:41:35.621+0100] {processor.py:186} INFO - Started process (PID=7130) to work on /home/sakana/anaconda3/envs/airflow_env/lib/python3.8/site-packages/airflow/example_dags/example_latest_only_with_trigger.py
[2024-11-12T16:41:35.627+0100] {processor.py:914} INFO - Processing file /home/sakana/anaconda3/envs/airflow_env/lib/python3.8/site-packages/airflow/example_dags/example_latest_only_with_trigger.py for tasks to queue
[2024-11-12T16:41:35.630+0100] {logging_mixin.py:190} INFO - [2024-11-12T16:41:35.629+0100] {dagbag.py:588} INFO - Filling up the DagBag from /home/sakana/anaconda3/envs/airflow_env/lib/python3.8/site-packages/airflow/example_dags/example_latest_only_with_trigger.py
[2024-11-12T16:41:35.638+0100] {processor.py:925} INFO - DAG(s) 'latest_only_with_trigger' retrieved from /home/sakana/anaconda3/envs/airflow_env/lib/python3.8/site-packages/airflow/example_dags/example_latest_only_with_trigger.py
[2024-11-12T16:41:35.653+0100] {logging_mixin.py:190} INFO - [2024-11-12T16:41:35.653+0100] {dag.py:3239} INFO - Sync 1 DAGs
[2024-11-12T16:41:35.675+0100] {logging_mixin.py:190} INFO - [2024-11-12T16:41:35.674+0100] {dag.py:4180} INFO - Setting next_dagrun for latest_only_with_trigger to 2024-11-12 08:00:00+00:00, run_after=2024-11-12 12:00:00+00:00
[2024-11-12T16:41:35.705+0100] {processor.py:208} INFO - Processing /home/sakana/anaconda3/envs/airflow_env/lib/python3.8/site-packages/airflow/example_dags/example_latest_only_with_trigger.py took 0.089 seconds
[2024-11-12T16:42:34.076+0100] {processor.py:186} INFO - Started process (PID=7261) to work on /home/sakana/anaconda3/envs/airflow_env/lib/python3.8/site-packages/airflow/example_dags/example_latest_only_with_trigger.py
[2024-11-12T16:42:34.107+0100] {processor.py:914} INFO - Processing file /home/sakana/anaconda3/envs/airflow_env/lib/python3.8/site-packages/airflow/example_dags/example_latest_only_with_trigger.py for tasks to queue
[2024-11-12T16:42:34.110+0100] {logging_mixin.py:190} INFO - [2024-11-12T16:42:34.109+0100] {dagbag.py:588} INFO - Filling up the DagBag from /home/sakana/anaconda3/envs/airflow_env/lib/python3.8/site-packages/airflow/example_dags/example_latest_only_with_trigger.py
[2024-11-12T16:42:34.118+0100] {processor.py:925} INFO - DAG(s) 'latest_only_with_trigger' retrieved from /home/sakana/anaconda3/envs/airflow_env/lib/python3.8/site-packages/airflow/example_dags/example_latest_only_with_trigger.py
[2024-11-12T16:42:34.136+0100] {logging_mixin.py:190} INFO - [2024-11-12T16:42:34.136+0100] {dag.py:3239} INFO - Sync 1 DAGs
[2024-11-12T16:42:34.162+0100] {logging_mixin.py:190} INFO - [2024-11-12T16:42:34.162+0100] {dag.py:4180} INFO - Setting next_dagrun for latest_only_with_trigger to 2024-11-12 08:00:00+00:00, run_after=2024-11-12 12:00:00+00:00
[2024-11-12T16:42:34.191+0100] {processor.py:208} INFO - Processing /home/sakana/anaconda3/envs/airflow_env/lib/python3.8/site-packages/airflow/example_dags/example_latest_only_with_trigger.py took 0.122 seconds
[2024-11-12T16:43:32.550+0100] {processor.py:186} INFO - Started process (PID=7373) to work on /home/sakana/anaconda3/envs/airflow_env/lib/python3.8/site-packages/airflow/example_dags/example_latest_only_with_trigger.py
[2024-11-12T16:43:32.556+0100] {processor.py:914} INFO - Processing file /home/sakana/anaconda3/envs/airflow_env/lib/python3.8/site-packages/airflow/example_dags/example_latest_only_with_trigger.py for tasks to queue
[2024-11-12T16:43:32.560+0100] {logging_mixin.py:190} INFO - [2024-11-12T16:43:32.559+0100] {dagbag.py:588} INFO - Filling up the DagBag from /home/sakana/anaconda3/envs/airflow_env/lib/python3.8/site-packages/airflow/example_dags/example_latest_only_with_trigger.py
[2024-11-12T16:43:32.571+0100] {processor.py:925} INFO - DAG(s) 'latest_only_with_trigger' retrieved from /home/sakana/anaconda3/envs/airflow_env/lib/python3.8/site-packages/airflow/example_dags/example_latest_only_with_trigger.py
[2024-11-12T16:43:32.590+0100] {logging_mixin.py:190} INFO - [2024-11-12T16:43:32.589+0100] {dag.py:3239} INFO - Sync 1 DAGs
[2024-11-12T16:43:32.614+0100] {logging_mixin.py:190} INFO - [2024-11-12T16:43:32.614+0100] {dag.py:4180} INFO - Setting next_dagrun for latest_only_with_trigger to 2024-11-12 08:00:00+00:00, run_after=2024-11-12 12:00:00+00:00
[2024-11-12T16:43:32.640+0100] {processor.py:208} INFO - Processing /home/sakana/anaconda3/envs/airflow_env/lib/python3.8/site-packages/airflow/example_dags/example_latest_only_with_trigger.py took 0.101 seconds
[2024-11-12T16:44:29.893+0100] {processor.py:186} INFO - Started process (PID=7459) to work on /home/sakana/anaconda3/envs/airflow_env/lib/python3.8/site-packages/airflow/example_dags/example_latest_only_with_trigger.py
[2024-11-12T16:44:29.898+0100] {processor.py:914} INFO - Processing file /home/sakana/anaconda3/envs/airflow_env/lib/python3.8/site-packages/airflow/example_dags/example_latest_only_with_trigger.py for tasks to queue
[2024-11-12T16:44:29.901+0100] {logging_mixin.py:190} INFO - [2024-11-12T16:44:29.900+0100] {dagbag.py:588} INFO - Filling up the DagBag from /home/sakana/anaconda3/envs/airflow_env/lib/python3.8/site-packages/airflow/example_dags/example_latest_only_with_trigger.py
[2024-11-12T16:44:29.909+0100] {processor.py:925} INFO - DAG(s) 'latest_only_with_trigger' retrieved from /home/sakana/anaconda3/envs/airflow_env/lib/python3.8/site-packages/airflow/example_dags/example_latest_only_with_trigger.py
[2024-11-12T16:44:29.925+0100] {logging_mixin.py:190} INFO - [2024-11-12T16:44:29.925+0100] {dag.py:3239} INFO - Sync 1 DAGs
[2024-11-12T16:44:29.943+0100] {logging_mixin.py:190} INFO - [2024-11-12T16:44:29.943+0100] {dag.py:4180} INFO - Setting next_dagrun for latest_only_with_trigger to 2024-11-12 08:00:00+00:00, run_after=2024-11-12 12:00:00+00:00
[2024-11-12T16:44:29.969+0100] {processor.py:208} INFO - Processing /home/sakana/anaconda3/envs/airflow_env/lib/python3.8/site-packages/airflow/example_dags/example_latest_only_with_trigger.py took 0.086 seconds
[2024-11-12T16:45:25.657+0100] {processor.py:186} INFO - Started process (PID=7531) to work on /home/sakana/anaconda3/envs/airflow_env/lib/python3.8/site-packages/airflow/example_dags/example_latest_only_with_trigger.py
[2024-11-12T16:45:25.662+0100] {processor.py:914} INFO - Processing file /home/sakana/anaconda3/envs/airflow_env/lib/python3.8/site-packages/airflow/example_dags/example_latest_only_with_trigger.py for tasks to queue
[2024-11-12T16:45:25.664+0100] {logging_mixin.py:190} INFO - [2024-11-12T16:45:25.664+0100] {dagbag.py:588} INFO - Filling up the DagBag from /home/sakana/anaconda3/envs/airflow_env/lib/python3.8/site-packages/airflow/example_dags/example_latest_only_with_trigger.py
[2024-11-12T16:45:25.671+0100] {processor.py:925} INFO - DAG(s) 'latest_only_with_trigger' retrieved from /home/sakana/anaconda3/envs/airflow_env/lib/python3.8/site-packages/airflow/example_dags/example_latest_only_with_trigger.py
[2024-11-12T16:45:25.686+0100] {logging_mixin.py:190} INFO - [2024-11-12T16:45:25.686+0100] {dag.py:3239} INFO - Sync 1 DAGs
[2024-11-12T16:45:25.704+0100] {logging_mixin.py:190} INFO - [2024-11-12T16:45:25.703+0100] {dag.py:4180} INFO - Setting next_dagrun for latest_only_with_trigger to 2024-11-12 08:00:00+00:00, run_after=2024-11-12 12:00:00+00:00
[2024-11-12T16:45:25.727+0100] {processor.py:208} INFO - Processing /home/sakana/anaconda3/envs/airflow_env/lib/python3.8/site-packages/airflow/example_dags/example_latest_only_with_trigger.py took 0.077 seconds
[2024-11-12T16:46:29.365+0100] {processor.py:186} INFO - Started process (PID=7656) to work on /home/sakana/anaconda3/envs/airflow_env/lib/python3.8/site-packages/airflow/example_dags/example_latest_only_with_trigger.py
[2024-11-12T16:46:29.370+0100] {processor.py:914} INFO - Processing file /home/sakana/anaconda3/envs/airflow_env/lib/python3.8/site-packages/airflow/example_dags/example_latest_only_with_trigger.py for tasks to queue
[2024-11-12T16:46:29.373+0100] {logging_mixin.py:190} INFO - [2024-11-12T16:46:29.373+0100] {dagbag.py:588} INFO - Filling up the DagBag from /home/sakana/anaconda3/envs/airflow_env/lib/python3.8/site-packages/airflow/example_dags/example_latest_only_with_trigger.py
[2024-11-12T16:46:29.384+0100] {processor.py:925} INFO - DAG(s) 'latest_only_with_trigger' retrieved from /home/sakana/anaconda3/envs/airflow_env/lib/python3.8/site-packages/airflow/example_dags/example_latest_only_with_trigger.py
[2024-11-12T16:46:29.401+0100] {logging_mixin.py:190} INFO - [2024-11-12T16:46:29.401+0100] {dag.py:3239} INFO - Sync 1 DAGs
[2024-11-12T16:46:29.420+0100] {logging_mixin.py:190} INFO - [2024-11-12T16:46:29.419+0100] {dag.py:4180} INFO - Setting next_dagrun for latest_only_with_trigger to 2024-11-12 08:00:00+00:00, run_after=2024-11-12 12:00:00+00:00
[2024-11-12T16:46:29.445+0100] {processor.py:208} INFO - Processing /home/sakana/anaconda3/envs/airflow_env/lib/python3.8/site-packages/airflow/example_dags/example_latest_only_with_trigger.py took 0.086 seconds
[2024-11-12T16:47:33.349+0100] {processor.py:186} INFO - Started process (PID=7733) to work on /home/sakana/anaconda3/envs/airflow_env/lib/python3.8/site-packages/airflow/example_dags/example_latest_only_with_trigger.py
[2024-11-12T16:47:33.351+0100] {processor.py:914} INFO - Processing file /home/sakana/anaconda3/envs/airflow_env/lib/python3.8/site-packages/airflow/example_dags/example_latest_only_with_trigger.py for tasks to queue
[2024-11-12T16:47:33.354+0100] {logging_mixin.py:190} INFO - [2024-11-12T16:47:33.354+0100] {dagbag.py:588} INFO - Filling up the DagBag from /home/sakana/anaconda3/envs/airflow_env/lib/python3.8/site-packages/airflow/example_dags/example_latest_only_with_trigger.py
[2024-11-12T16:47:33.363+0100] {processor.py:925} INFO - DAG(s) 'latest_only_with_trigger' retrieved from /home/sakana/anaconda3/envs/airflow_env/lib/python3.8/site-packages/airflow/example_dags/example_latest_only_with_trigger.py
[2024-11-12T16:47:33.380+0100] {logging_mixin.py:190} INFO - [2024-11-12T16:47:33.380+0100] {dag.py:3239} INFO - Sync 1 DAGs
[2024-11-12T16:47:33.409+0100] {logging_mixin.py:190} INFO - [2024-11-12T16:47:33.409+0100] {dag.py:4180} INFO - Setting next_dagrun for latest_only_with_trigger to 2024-11-12 08:00:00+00:00, run_after=2024-11-12 12:00:00+00:00
[2024-11-12T16:47:33.440+0100] {processor.py:208} INFO - Processing /home/sakana/anaconda3/envs/airflow_env/lib/python3.8/site-packages/airflow/example_dags/example_latest_only_with_trigger.py took 0.099 seconds
[2024-11-12T16:48:31.249+0100] {processor.py:186} INFO - Started process (PID=7885) to work on /home/sakana/anaconda3/envs/airflow_env/lib/python3.8/site-packages/airflow/example_dags/example_latest_only_with_trigger.py
[2024-11-12T16:48:31.254+0100] {processor.py:914} INFO - Processing file /home/sakana/anaconda3/envs/airflow_env/lib/python3.8/site-packages/airflow/example_dags/example_latest_only_with_trigger.py for tasks to queue
[2024-11-12T16:48:31.257+0100] {logging_mixin.py:190} INFO - [2024-11-12T16:48:31.256+0100] {dagbag.py:588} INFO - Filling up the DagBag from /home/sakana/anaconda3/envs/airflow_env/lib/python3.8/site-packages/airflow/example_dags/example_latest_only_with_trigger.py
[2024-11-12T16:48:31.264+0100] {processor.py:925} INFO - DAG(s) 'latest_only_with_trigger' retrieved from /home/sakana/anaconda3/envs/airflow_env/lib/python3.8/site-packages/airflow/example_dags/example_latest_only_with_trigger.py
[2024-11-12T16:48:31.282+0100] {logging_mixin.py:190} INFO - [2024-11-12T16:48:31.281+0100] {dag.py:3239} INFO - Sync 1 DAGs
[2024-11-12T16:48:31.299+0100] {logging_mixin.py:190} INFO - [2024-11-12T16:48:31.298+0100] {dag.py:4180} INFO - Setting next_dagrun for latest_only_with_trigger to 2024-11-12 08:00:00+00:00, run_after=2024-11-12 12:00:00+00:00
[2024-11-12T16:48:31.323+0100] {processor.py:208} INFO - Processing /home/sakana/anaconda3/envs/airflow_env/lib/python3.8/site-packages/airflow/example_dags/example_latest_only_with_trigger.py took 0.079 seconds
[2024-11-12T16:49:29.217+0100] {processor.py:186} INFO - Started process (PID=7983) to work on /home/sakana/anaconda3/envs/airflow_env/lib/python3.8/site-packages/airflow/example_dags/example_latest_only_with_trigger.py
[2024-11-12T16:49:29.222+0100] {processor.py:914} INFO - Processing file /home/sakana/anaconda3/envs/airflow_env/lib/python3.8/site-packages/airflow/example_dags/example_latest_only_with_trigger.py for tasks to queue
[2024-11-12T16:49:29.225+0100] {logging_mixin.py:190} INFO - [2024-11-12T16:49:29.225+0100] {dagbag.py:588} INFO - Filling up the DagBag from /home/sakana/anaconda3/envs/airflow_env/lib/python3.8/site-packages/airflow/example_dags/example_latest_only_with_trigger.py
[2024-11-12T16:49:29.235+0100] {processor.py:925} INFO - DAG(s) 'latest_only_with_trigger' retrieved from /home/sakana/anaconda3/envs/airflow_env/lib/python3.8/site-packages/airflow/example_dags/example_latest_only_with_trigger.py
[2024-11-12T16:49:29.253+0100] {logging_mixin.py:190} INFO - [2024-11-12T16:49:29.253+0100] {dag.py:3239} INFO - Sync 1 DAGs
[2024-11-12T16:49:29.281+0100] {logging_mixin.py:190} INFO - [2024-11-12T16:49:29.281+0100] {dag.py:4180} INFO - Setting next_dagrun for latest_only_with_trigger to 2024-11-12 08:00:00+00:00, run_after=2024-11-12 12:00:00+00:00
[2024-11-12T16:49:29.311+0100] {processor.py:208} INFO - Processing /home/sakana/anaconda3/envs/airflow_env/lib/python3.8/site-packages/airflow/example_dags/example_latest_only_with_trigger.py took 0.102 seconds
[2024-11-12T16:50:26.310+0100] {processor.py:186} INFO - Started process (PID=8050) to work on /home/sakana/anaconda3/envs/airflow_env/lib/python3.8/site-packages/airflow/example_dags/example_latest_only_with_trigger.py
[2024-11-12T16:50:26.316+0100] {processor.py:914} INFO - Processing file /home/sakana/anaconda3/envs/airflow_env/lib/python3.8/site-packages/airflow/example_dags/example_latest_only_with_trigger.py for tasks to queue
[2024-11-12T16:50:26.319+0100] {logging_mixin.py:190} INFO - [2024-11-12T16:50:26.319+0100] {dagbag.py:588} INFO - Filling up the DagBag from /home/sakana/anaconda3/envs/airflow_env/lib/python3.8/site-packages/airflow/example_dags/example_latest_only_with_trigger.py
[2024-11-12T16:50:26.329+0100] {processor.py:925} INFO - DAG(s) 'latest_only_with_trigger' retrieved from /home/sakana/anaconda3/envs/airflow_env/lib/python3.8/site-packages/airflow/example_dags/example_latest_only_with_trigger.py
[2024-11-12T16:50:26.347+0100] {logging_mixin.py:190} INFO - [2024-11-12T16:50:26.346+0100] {dag.py:3239} INFO - Sync 1 DAGs
[2024-11-12T16:50:26.368+0100] {logging_mixin.py:190} INFO - [2024-11-12T16:50:26.368+0100] {dag.py:4180} INFO - Setting next_dagrun for latest_only_with_trigger to 2024-11-12 08:00:00+00:00, run_after=2024-11-12 12:00:00+00:00
[2024-11-12T16:50:26.393+0100] {processor.py:208} INFO - Processing /home/sakana/anaconda3/envs/airflow_env/lib/python3.8/site-packages/airflow/example_dags/example_latest_only_with_trigger.py took 0.091 seconds
[2024-11-12T16:51:24.716+0100] {processor.py:186} INFO - Started process (PID=8124) to work on /home/sakana/anaconda3/envs/airflow_env/lib/python3.8/site-packages/airflow/example_dags/example_latest_only_with_trigger.py
[2024-11-12T16:51:24.721+0100] {processor.py:914} INFO - Processing file /home/sakana/anaconda3/envs/airflow_env/lib/python3.8/site-packages/airflow/example_dags/example_latest_only_with_trigger.py for tasks to queue
[2024-11-12T16:51:24.725+0100] {logging_mixin.py:190} INFO - [2024-11-12T16:51:24.724+0100] {dagbag.py:588} INFO - Filling up the DagBag from /home/sakana/anaconda3/envs/airflow_env/lib/python3.8/site-packages/airflow/example_dags/example_latest_only_with_trigger.py
[2024-11-12T16:51:24.735+0100] {processor.py:925} INFO - DAG(s) 'latest_only_with_trigger' retrieved from /home/sakana/anaconda3/envs/airflow_env/lib/python3.8/site-packages/airflow/example_dags/example_latest_only_with_trigger.py
[2024-11-12T16:51:24.753+0100] {logging_mixin.py:190} INFO - [2024-11-12T16:51:24.753+0100] {dag.py:3239} INFO - Sync 1 DAGs
[2024-11-12T16:51:24.776+0100] {logging_mixin.py:190} INFO - [2024-11-12T16:51:24.776+0100] {dag.py:4180} INFO - Setting next_dagrun for latest_only_with_trigger to 2024-11-12 08:00:00+00:00, run_after=2024-11-12 12:00:00+00:00
[2024-11-12T16:51:24.805+0100] {processor.py:208} INFO - Processing /home/sakana/anaconda3/envs/airflow_env/lib/python3.8/site-packages/airflow/example_dags/example_latest_only_with_trigger.py took 0.097 seconds
[2024-11-12T16:52:20.064+0100] {processor.py:186} INFO - Started process (PID=8212) to work on /home/sakana/anaconda3/envs/airflow_env/lib/python3.8/site-packages/airflow/example_dags/example_latest_only_with_trigger.py
[2024-11-12T16:52:20.068+0100] {processor.py:914} INFO - Processing file /home/sakana/anaconda3/envs/airflow_env/lib/python3.8/site-packages/airflow/example_dags/example_latest_only_with_trigger.py for tasks to queue
[2024-11-12T16:52:20.071+0100] {logging_mixin.py:190} INFO - [2024-11-12T16:52:20.070+0100] {dagbag.py:588} INFO - Filling up the DagBag from /home/sakana/anaconda3/envs/airflow_env/lib/python3.8/site-packages/airflow/example_dags/example_latest_only_with_trigger.py
[2024-11-12T16:52:20.077+0100] {processor.py:925} INFO - DAG(s) 'latest_only_with_trigger' retrieved from /home/sakana/anaconda3/envs/airflow_env/lib/python3.8/site-packages/airflow/example_dags/example_latest_only_with_trigger.py
[2024-11-12T16:52:20.092+0100] {logging_mixin.py:190} INFO - [2024-11-12T16:52:20.092+0100] {dag.py:3239} INFO - Sync 1 DAGs
[2024-11-12T16:52:20.110+0100] {logging_mixin.py:190} INFO - [2024-11-12T16:52:20.109+0100] {dag.py:4180} INFO - Setting next_dagrun for latest_only_with_trigger to 2024-11-12 08:00:00+00:00, run_after=2024-11-12 12:00:00+00:00
[2024-11-12T16:52:20.135+0100] {processor.py:208} INFO - Processing /home/sakana/anaconda3/envs/airflow_env/lib/python3.8/site-packages/airflow/example_dags/example_latest_only_with_trigger.py took 0.077 seconds
[2024-11-12T16:53:16.663+0100] {processor.py:186} INFO - Started process (PID=8300) to work on /home/sakana/anaconda3/envs/airflow_env/lib/python3.8/site-packages/airflow/example_dags/example_latest_only_with_trigger.py
[2024-11-12T16:53:16.670+0100] {processor.py:914} INFO - Processing file /home/sakana/anaconda3/envs/airflow_env/lib/python3.8/site-packages/airflow/example_dags/example_latest_only_with_trigger.py for tasks to queue
[2024-11-12T16:53:16.679+0100] {logging_mixin.py:190} INFO - [2024-11-12T16:53:16.677+0100] {dagbag.py:588} INFO - Filling up the DagBag from /home/sakana/anaconda3/envs/airflow_env/lib/python3.8/site-packages/airflow/example_dags/example_latest_only_with_trigger.py
[2024-11-12T16:53:16.696+0100] {processor.py:925} INFO - DAG(s) 'latest_only_with_trigger' retrieved from /home/sakana/anaconda3/envs/airflow_env/lib/python3.8/site-packages/airflow/example_dags/example_latest_only_with_trigger.py
[2024-11-12T16:53:16.713+0100] {logging_mixin.py:190} INFO - [2024-11-12T16:53:16.713+0100] {dag.py:3239} INFO - Sync 1 DAGs
[2024-11-12T16:53:16.736+0100] {logging_mixin.py:190} INFO - [2024-11-12T16:53:16.736+0100] {dag.py:4180} INFO - Setting next_dagrun for latest_only_with_trigger to 2024-11-12 08:00:00+00:00, run_after=2024-11-12 12:00:00+00:00
[2024-11-12T16:53:16.762+0100] {processor.py:208} INFO - Processing /home/sakana/anaconda3/envs/airflow_env/lib/python3.8/site-packages/airflow/example_dags/example_latest_only_with_trigger.py took 0.106 seconds
[2024-11-12T16:54:13.309+0100] {processor.py:186} INFO - Started process (PID=8461) to work on /home/sakana/anaconda3/envs/airflow_env/lib/python3.8/site-packages/airflow/example_dags/example_latest_only_with_trigger.py
[2024-11-12T16:54:13.314+0100] {processor.py:914} INFO - Processing file /home/sakana/anaconda3/envs/airflow_env/lib/python3.8/site-packages/airflow/example_dags/example_latest_only_with_trigger.py for tasks to queue
[2024-11-12T16:54:13.317+0100] {logging_mixin.py:190} INFO - [2024-11-12T16:54:13.316+0100] {dagbag.py:588} INFO - Filling up the DagBag from /home/sakana/anaconda3/envs/airflow_env/lib/python3.8/site-packages/airflow/example_dags/example_latest_only_with_trigger.py
[2024-11-12T16:54:13.325+0100] {processor.py:925} INFO - DAG(s) 'latest_only_with_trigger' retrieved from /home/sakana/anaconda3/envs/airflow_env/lib/python3.8/site-packages/airflow/example_dags/example_latest_only_with_trigger.py
[2024-11-12T16:54:13.341+0100] {logging_mixin.py:190} INFO - [2024-11-12T16:54:13.341+0100] {dag.py:3239} INFO - Sync 1 DAGs
[2024-11-12T16:54:13.363+0100] {logging_mixin.py:190} INFO - [2024-11-12T16:54:13.363+0100] {dag.py:4180} INFO - Setting next_dagrun for latest_only_with_trigger to 2024-11-12 08:00:00+00:00, run_after=2024-11-12 12:00:00+00:00
[2024-11-12T16:54:13.391+0100] {processor.py:208} INFO - Processing /home/sakana/anaconda3/envs/airflow_env/lib/python3.8/site-packages/airflow/example_dags/example_latest_only_with_trigger.py took 0.090 seconds
[2024-11-12T16:55:14.461+0100] {processor.py:186} INFO - Started process (PID=8563) to work on /home/sakana/anaconda3/envs/airflow_env/lib/python3.8/site-packages/airflow/example_dags/example_latest_only_with_trigger.py
[2024-11-12T16:55:14.475+0100] {processor.py:914} INFO - Processing file /home/sakana/anaconda3/envs/airflow_env/lib/python3.8/site-packages/airflow/example_dags/example_latest_only_with_trigger.py for tasks to queue
[2024-11-12T16:55:14.478+0100] {logging_mixin.py:190} INFO - [2024-11-12T16:55:14.477+0100] {dagbag.py:588} INFO - Filling up the DagBag from /home/sakana/anaconda3/envs/airflow_env/lib/python3.8/site-packages/airflow/example_dags/example_latest_only_with_trigger.py
[2024-11-12T16:55:14.487+0100] {processor.py:925} INFO - DAG(s) 'latest_only_with_trigger' retrieved from /home/sakana/anaconda3/envs/airflow_env/lib/python3.8/site-packages/airflow/example_dags/example_latest_only_with_trigger.py
[2024-11-12T16:55:14.504+0100] {logging_mixin.py:190} INFO - [2024-11-12T16:55:14.504+0100] {dag.py:3239} INFO - Sync 1 DAGs
[2024-11-12T16:55:14.525+0100] {logging_mixin.py:190} INFO - [2024-11-12T16:55:14.525+0100] {dag.py:4180} INFO - Setting next_dagrun for latest_only_with_trigger to 2024-11-12 08:00:00+00:00, run_after=2024-11-12 12:00:00+00:00
[2024-11-12T16:55:14.551+0100] {processor.py:208} INFO - Processing /home/sakana/anaconda3/envs/airflow_env/lib/python3.8/site-packages/airflow/example_dags/example_latest_only_with_trigger.py took 0.096 seconds
[2024-11-12T16:56:12.771+0100] {processor.py:186} INFO - Started process (PID=8627) to work on /home/sakana/anaconda3/envs/airflow_env/lib/python3.8/site-packages/airflow/example_dags/example_latest_only_with_trigger.py
[2024-11-12T16:56:12.776+0100] {processor.py:914} INFO - Processing file /home/sakana/anaconda3/envs/airflow_env/lib/python3.8/site-packages/airflow/example_dags/example_latest_only_with_trigger.py for tasks to queue
[2024-11-12T16:56:12.780+0100] {logging_mixin.py:190} INFO - [2024-11-12T16:56:12.779+0100] {dagbag.py:588} INFO - Filling up the DagBag from /home/sakana/anaconda3/envs/airflow_env/lib/python3.8/site-packages/airflow/example_dags/example_latest_only_with_trigger.py
[2024-11-12T16:56:12.789+0100] {processor.py:925} INFO - DAG(s) 'latest_only_with_trigger' retrieved from /home/sakana/anaconda3/envs/airflow_env/lib/python3.8/site-packages/airflow/example_dags/example_latest_only_with_trigger.py
[2024-11-12T16:56:12.805+0100] {logging_mixin.py:190} INFO - [2024-11-12T16:56:12.805+0100] {dag.py:3239} INFO - Sync 1 DAGs
[2024-11-12T16:56:12.823+0100] {logging_mixin.py:190} INFO - [2024-11-12T16:56:12.823+0100] {dag.py:4180} INFO - Setting next_dagrun for latest_only_with_trigger to 2024-11-12 08:00:00+00:00, run_after=2024-11-12 12:00:00+00:00
[2024-11-12T16:56:12.853+0100] {processor.py:208} INFO - Processing /home/sakana/anaconda3/envs/airflow_env/lib/python3.8/site-packages/airflow/example_dags/example_latest_only_with_trigger.py took 0.092 seconds
[2024-11-12T16:57:14.113+0100] {processor.py:186} INFO - Started process (PID=8719) to work on /home/sakana/anaconda3/envs/airflow_env/lib/python3.8/site-packages/airflow/example_dags/example_latest_only_with_trigger.py
[2024-11-12T16:57:14.118+0100] {processor.py:914} INFO - Processing file /home/sakana/anaconda3/envs/airflow_env/lib/python3.8/site-packages/airflow/example_dags/example_latest_only_with_trigger.py for tasks to queue
[2024-11-12T16:57:14.121+0100] {logging_mixin.py:190} INFO - [2024-11-12T16:57:14.120+0100] {dagbag.py:588} INFO - Filling up the DagBag from /home/sakana/anaconda3/envs/airflow_env/lib/python3.8/site-packages/airflow/example_dags/example_latest_only_with_trigger.py
[2024-11-12T16:57:14.128+0100] {processor.py:925} INFO - DAG(s) 'latest_only_with_trigger' retrieved from /home/sakana/anaconda3/envs/airflow_env/lib/python3.8/site-packages/airflow/example_dags/example_latest_only_with_trigger.py
[2024-11-12T16:57:14.143+0100] {logging_mixin.py:190} INFO - [2024-11-12T16:57:14.143+0100] {dag.py:3239} INFO - Sync 1 DAGs
[2024-11-12T16:57:14.164+0100] {logging_mixin.py:190} INFO - [2024-11-12T16:57:14.164+0100] {dag.py:4180} INFO - Setting next_dagrun for latest_only_with_trigger to 2024-11-12 08:00:00+00:00, run_after=2024-11-12 12:00:00+00:00
[2024-11-12T16:57:14.193+0100] {processor.py:208} INFO - Processing /home/sakana/anaconda3/envs/airflow_env/lib/python3.8/site-packages/airflow/example_dags/example_latest_only_with_trigger.py took 0.086 seconds
[2024-11-12T16:58:16.590+0100] {processor.py:186} INFO - Started process (PID=8817) to work on /home/sakana/anaconda3/envs/airflow_env/lib/python3.8/site-packages/airflow/example_dags/example_latest_only_with_trigger.py
[2024-11-12T16:58:16.592+0100] {processor.py:914} INFO - Processing file /home/sakana/anaconda3/envs/airflow_env/lib/python3.8/site-packages/airflow/example_dags/example_latest_only_with_trigger.py for tasks to queue
[2024-11-12T16:58:16.595+0100] {logging_mixin.py:190} INFO - [2024-11-12T16:58:16.595+0100] {dagbag.py:588} INFO - Filling up the DagBag from /home/sakana/anaconda3/envs/airflow_env/lib/python3.8/site-packages/airflow/example_dags/example_latest_only_with_trigger.py
[2024-11-12T16:58:16.603+0100] {processor.py:925} INFO - DAG(s) 'latest_only_with_trigger' retrieved from /home/sakana/anaconda3/envs/airflow_env/lib/python3.8/site-packages/airflow/example_dags/example_latest_only_with_trigger.py
[2024-11-12T16:58:16.619+0100] {logging_mixin.py:190} INFO - [2024-11-12T16:58:16.618+0100] {dag.py:3239} INFO - Sync 1 DAGs
[2024-11-12T16:58:16.638+0100] {logging_mixin.py:190} INFO - [2024-11-12T16:58:16.637+0100] {dag.py:4180} INFO - Setting next_dagrun for latest_only_with_trigger to 2024-11-12 08:00:00+00:00, run_after=2024-11-12 12:00:00+00:00
[2024-11-12T16:58:16.671+0100] {processor.py:208} INFO - Processing /home/sakana/anaconda3/envs/airflow_env/lib/python3.8/site-packages/airflow/example_dags/example_latest_only_with_trigger.py took 0.091 seconds
[2024-11-12T16:59:16.502+0100] {processor.py:186} INFO - Started process (PID=8897) to work on /home/sakana/anaconda3/envs/airflow_env/lib/python3.8/site-packages/airflow/example_dags/example_latest_only_with_trigger.py
[2024-11-12T16:59:16.507+0100] {processor.py:914} INFO - Processing file /home/sakana/anaconda3/envs/airflow_env/lib/python3.8/site-packages/airflow/example_dags/example_latest_only_with_trigger.py for tasks to queue
[2024-11-12T16:59:16.510+0100] {logging_mixin.py:190} INFO - [2024-11-12T16:59:16.509+0100] {dagbag.py:588} INFO - Filling up the DagBag from /home/sakana/anaconda3/envs/airflow_env/lib/python3.8/site-packages/airflow/example_dags/example_latest_only_with_trigger.py
[2024-11-12T16:59:16.517+0100] {processor.py:925} INFO - DAG(s) 'latest_only_with_trigger' retrieved from /home/sakana/anaconda3/envs/airflow_env/lib/python3.8/site-packages/airflow/example_dags/example_latest_only_with_trigger.py
[2024-11-12T16:59:16.533+0100] {logging_mixin.py:190} INFO - [2024-11-12T16:59:16.533+0100] {dag.py:3239} INFO - Sync 1 DAGs
[2024-11-12T16:59:16.551+0100] {logging_mixin.py:190} INFO - [2024-11-12T16:59:16.551+0100] {dag.py:4180} INFO - Setting next_dagrun for latest_only_with_trigger to 2024-11-12 08:00:00+00:00, run_after=2024-11-12 12:00:00+00:00
[2024-11-12T16:59:16.588+0100] {processor.py:208} INFO - Processing /home/sakana/anaconda3/envs/airflow_env/lib/python3.8/site-packages/airflow/example_dags/example_latest_only_with_trigger.py took 0.093 seconds
[2024-11-12T17:00:16.047+0100] {processor.py:186} INFO - Started process (PID=8972) to work on /home/sakana/anaconda3/envs/airflow_env/lib/python3.8/site-packages/airflow/example_dags/example_latest_only_with_trigger.py
[2024-11-12T17:00:16.052+0100] {processor.py:914} INFO - Processing file /home/sakana/anaconda3/envs/airflow_env/lib/python3.8/site-packages/airflow/example_dags/example_latest_only_with_trigger.py for tasks to queue
[2024-11-12T17:00:16.054+0100] {logging_mixin.py:190} INFO - [2024-11-12T17:00:16.053+0100] {dagbag.py:588} INFO - Filling up the DagBag from /home/sakana/anaconda3/envs/airflow_env/lib/python3.8/site-packages/airflow/example_dags/example_latest_only_with_trigger.py
[2024-11-12T17:00:16.060+0100] {processor.py:925} INFO - DAG(s) 'latest_only_with_trigger' retrieved from /home/sakana/anaconda3/envs/airflow_env/lib/python3.8/site-packages/airflow/example_dags/example_latest_only_with_trigger.py
[2024-11-12T17:00:16.075+0100] {logging_mixin.py:190} INFO - [2024-11-12T17:00:16.074+0100] {dag.py:3239} INFO - Sync 1 DAGs
[2024-11-12T17:00:16.108+0100] {logging_mixin.py:190} INFO - [2024-11-12T17:00:16.107+0100] {dag.py:4180} INFO - Setting next_dagrun for latest_only_with_trigger to 2024-11-12 12:00:00+00:00, run_after=2024-11-12 16:00:00+00:00
[2024-11-12T17:00:16.133+0100] {processor.py:208} INFO - Processing /home/sakana/anaconda3/envs/airflow_env/lib/python3.8/site-packages/airflow/example_dags/example_latest_only_with_trigger.py took 0.093 seconds
[2024-11-12T17:01:18.548+0100] {processor.py:186} INFO - Started process (PID=9055) to work on /home/sakana/anaconda3/envs/airflow_env/lib/python3.8/site-packages/airflow/example_dags/example_latest_only_with_trigger.py
[2024-11-12T17:01:18.553+0100] {processor.py:914} INFO - Processing file /home/sakana/anaconda3/envs/airflow_env/lib/python3.8/site-packages/airflow/example_dags/example_latest_only_with_trigger.py for tasks to queue
[2024-11-12T17:01:18.556+0100] {logging_mixin.py:190} INFO - [2024-11-12T17:01:18.555+0100] {dagbag.py:588} INFO - Filling up the DagBag from /home/sakana/anaconda3/envs/airflow_env/lib/python3.8/site-packages/airflow/example_dags/example_latest_only_with_trigger.py
[2024-11-12T17:01:18.562+0100] {processor.py:925} INFO - DAG(s) 'latest_only_with_trigger' retrieved from /home/sakana/anaconda3/envs/airflow_env/lib/python3.8/site-packages/airflow/example_dags/example_latest_only_with_trigger.py
[2024-11-12T17:01:18.577+0100] {logging_mixin.py:190} INFO - [2024-11-12T17:01:18.577+0100] {dag.py:3239} INFO - Sync 1 DAGs
[2024-11-12T17:01:18.597+0100] {logging_mixin.py:190} INFO - [2024-11-12T17:01:18.597+0100] {dag.py:4180} INFO - Setting next_dagrun for latest_only_with_trigger to 2024-11-12 12:00:00+00:00, run_after=2024-11-12 16:00:00+00:00
[2024-11-12T17:01:18.623+0100] {processor.py:208} INFO - Processing /home/sakana/anaconda3/envs/airflow_env/lib/python3.8/site-packages/airflow/example_dags/example_latest_only_with_trigger.py took 0.080 seconds
[2024-11-12T17:19:30.272+0100] {processor.py:186} INFO - Started process (PID=9509) to work on /home/sakana/anaconda3/envs/airflow_env/lib/python3.8/site-packages/airflow/example_dags/example_latest_only_with_trigger.py
[2024-11-12T17:19:30.273+0100] {processor.py:914} INFO - Processing file /home/sakana/anaconda3/envs/airflow_env/lib/python3.8/site-packages/airflow/example_dags/example_latest_only_with_trigger.py for tasks to queue
[2024-11-12T17:19:30.276+0100] {logging_mixin.py:190} INFO - [2024-11-12T17:19:30.275+0100] {dagbag.py:588} INFO - Filling up the DagBag from /home/sakana/anaconda3/envs/airflow_env/lib/python3.8/site-packages/airflow/example_dags/example_latest_only_with_trigger.py
[2024-11-12T17:19:30.290+0100] {processor.py:925} INFO - DAG(s) 'latest_only_with_trigger' retrieved from /home/sakana/anaconda3/envs/airflow_env/lib/python3.8/site-packages/airflow/example_dags/example_latest_only_with_trigger.py
[2024-11-12T17:19:30.311+0100] {logging_mixin.py:190} INFO - [2024-11-12T17:19:30.311+0100] {dag.py:3239} INFO - Sync 1 DAGs
[2024-11-12T17:19:30.338+0100] {logging_mixin.py:190} INFO - [2024-11-12T17:19:30.337+0100] {dag.py:4180} INFO - Setting next_dagrun for latest_only_with_trigger to 2024-11-12 12:00:00+00:00, run_after=2024-11-12 16:00:00+00:00
[2024-11-12T17:19:30.378+0100] {processor.py:208} INFO - Processing /home/sakana/anaconda3/envs/airflow_env/lib/python3.8/site-packages/airflow/example_dags/example_latest_only_with_trigger.py took 0.113 seconds
[2024-11-12T17:20:35.352+0100] {processor.py:186} INFO - Started process (PID=9693) to work on /home/sakana/anaconda3/envs/airflow_env/lib/python3.8/site-packages/airflow/example_dags/example_latest_only_with_trigger.py
[2024-11-12T17:20:35.358+0100] {processor.py:914} INFO - Processing file /home/sakana/anaconda3/envs/airflow_env/lib/python3.8/site-packages/airflow/example_dags/example_latest_only_with_trigger.py for tasks to queue
[2024-11-12T17:20:35.362+0100] {logging_mixin.py:190} INFO - [2024-11-12T17:20:35.362+0100] {dagbag.py:588} INFO - Filling up the DagBag from /home/sakana/anaconda3/envs/airflow_env/lib/python3.8/site-packages/airflow/example_dags/example_latest_only_with_trigger.py
[2024-11-12T17:20:35.378+0100] {processor.py:925} INFO - DAG(s) 'latest_only_with_trigger' retrieved from /home/sakana/anaconda3/envs/airflow_env/lib/python3.8/site-packages/airflow/example_dags/example_latest_only_with_trigger.py
[2024-11-12T17:20:35.405+0100] {logging_mixin.py:190} INFO - [2024-11-12T17:20:35.405+0100] {dag.py:3239} INFO - Sync 1 DAGs
[2024-11-12T17:20:35.438+0100] {logging_mixin.py:190} INFO - [2024-11-12T17:20:35.437+0100] {dag.py:4180} INFO - Setting next_dagrun for latest_only_with_trigger to 2024-11-12 12:00:00+00:00, run_after=2024-11-12 16:00:00+00:00
[2024-11-12T17:20:35.475+0100] {processor.py:208} INFO - Processing /home/sakana/anaconda3/envs/airflow_env/lib/python3.8/site-packages/airflow/example_dags/example_latest_only_with_trigger.py took 0.141 seconds
[2024-11-12T17:21:45.519+0100] {processor.py:186} INFO - Started process (PID=9792) to work on /home/sakana/anaconda3/envs/airflow_env/lib/python3.8/site-packages/airflow/example_dags/example_latest_only_with_trigger.py
[2024-11-12T17:21:45.526+0100] {processor.py:914} INFO - Processing file /home/sakana/anaconda3/envs/airflow_env/lib/python3.8/site-packages/airflow/example_dags/example_latest_only_with_trigger.py for tasks to queue
[2024-11-12T17:21:45.530+0100] {logging_mixin.py:190} INFO - [2024-11-12T17:21:45.530+0100] {dagbag.py:588} INFO - Filling up the DagBag from /home/sakana/anaconda3/envs/airflow_env/lib/python3.8/site-packages/airflow/example_dags/example_latest_only_with_trigger.py
[2024-11-12T17:21:45.546+0100] {processor.py:925} INFO - DAG(s) 'latest_only_with_trigger' retrieved from /home/sakana/anaconda3/envs/airflow_env/lib/python3.8/site-packages/airflow/example_dags/example_latest_only_with_trigger.py
[2024-11-12T17:21:45.584+0100] {logging_mixin.py:190} INFO - [2024-11-12T17:21:45.584+0100] {dag.py:3239} INFO - Sync 1 DAGs
[2024-11-12T17:21:45.619+0100] {logging_mixin.py:190} INFO - [2024-11-12T17:21:45.619+0100] {dag.py:4180} INFO - Setting next_dagrun for latest_only_with_trigger to 2024-11-12 12:00:00+00:00, run_after=2024-11-12 16:00:00+00:00
[2024-11-12T17:21:45.684+0100] {processor.py:208} INFO - Processing /home/sakana/anaconda3/envs/airflow_env/lib/python3.8/site-packages/airflow/example_dags/example_latest_only_with_trigger.py took 0.181 seconds
[2024-11-12T17:22:54.764+0100] {processor.py:186} INFO - Started process (PID=9892) to work on /home/sakana/anaconda3/envs/airflow_env/lib/python3.8/site-packages/airflow/example_dags/example_latest_only_with_trigger.py
[2024-11-12T17:22:54.769+0100] {processor.py:914} INFO - Processing file /home/sakana/anaconda3/envs/airflow_env/lib/python3.8/site-packages/airflow/example_dags/example_latest_only_with_trigger.py for tasks to queue
[2024-11-12T17:22:54.772+0100] {logging_mixin.py:190} INFO - [2024-11-12T17:22:54.772+0100] {dagbag.py:588} INFO - Filling up the DagBag from /home/sakana/anaconda3/envs/airflow_env/lib/python3.8/site-packages/airflow/example_dags/example_latest_only_with_trigger.py
[2024-11-12T17:22:54.784+0100] {processor.py:925} INFO - DAG(s) 'latest_only_with_trigger' retrieved from /home/sakana/anaconda3/envs/airflow_env/lib/python3.8/site-packages/airflow/example_dags/example_latest_only_with_trigger.py
[2024-11-12T17:22:54.804+0100] {logging_mixin.py:190} INFO - [2024-11-12T17:22:54.804+0100] {dag.py:3239} INFO - Sync 1 DAGs
[2024-11-12T17:22:54.837+0100] {logging_mixin.py:190} INFO - [2024-11-12T17:22:54.837+0100] {dag.py:4180} INFO - Setting next_dagrun for latest_only_with_trigger to 2024-11-12 12:00:00+00:00, run_after=2024-11-12 16:00:00+00:00
[2024-11-12T17:22:54.872+0100] {processor.py:208} INFO - Processing /home/sakana/anaconda3/envs/airflow_env/lib/python3.8/site-packages/airflow/example_dags/example_latest_only_with_trigger.py took 0.116 seconds
[2024-11-12T17:24:08.549+0100] {processor.py:186} INFO - Started process (PID=10043) to work on /home/sakana/anaconda3/envs/airflow_env/lib/python3.8/site-packages/airflow/example_dags/example_latest_only_with_trigger.py
[2024-11-12T17:24:08.555+0100] {processor.py:914} INFO - Processing file /home/sakana/anaconda3/envs/airflow_env/lib/python3.8/site-packages/airflow/example_dags/example_latest_only_with_trigger.py for tasks to queue
[2024-11-12T17:24:08.558+0100] {logging_mixin.py:190} INFO - [2024-11-12T17:24:08.558+0100] {dagbag.py:588} INFO - Filling up the DagBag from /home/sakana/anaconda3/envs/airflow_env/lib/python3.8/site-packages/airflow/example_dags/example_latest_only_with_trigger.py
[2024-11-12T17:24:08.567+0100] {processor.py:925} INFO - DAG(s) 'latest_only_with_trigger' retrieved from /home/sakana/anaconda3/envs/airflow_env/lib/python3.8/site-packages/airflow/example_dags/example_latest_only_with_trigger.py
[2024-11-12T17:24:08.592+0100] {logging_mixin.py:190} INFO - [2024-11-12T17:24:08.592+0100] {dag.py:3239} INFO - Sync 1 DAGs
[2024-11-12T17:24:08.625+0100] {logging_mixin.py:190} INFO - [2024-11-12T17:24:08.625+0100] {dag.py:4180} INFO - Setting next_dagrun for latest_only_with_trigger to 2024-11-12 12:00:00+00:00, run_after=2024-11-12 16:00:00+00:00
[2024-11-12T17:24:08.659+0100] {processor.py:208} INFO - Processing /home/sakana/anaconda3/envs/airflow_env/lib/python3.8/site-packages/airflow/example_dags/example_latest_only_with_trigger.py took 0.120 seconds
[2024-11-12T17:25:24.166+0100] {processor.py:186} INFO - Started process (PID=10227) to work on /home/sakana/anaconda3/envs/airflow_env/lib/python3.8/site-packages/airflow/example_dags/example_latest_only_with_trigger.py
[2024-11-12T17:25:24.171+0100] {processor.py:914} INFO - Processing file /home/sakana/anaconda3/envs/airflow_env/lib/python3.8/site-packages/airflow/example_dags/example_latest_only_with_trigger.py for tasks to queue
[2024-11-12T17:25:24.176+0100] {logging_mixin.py:190} INFO - [2024-11-12T17:25:24.175+0100] {dagbag.py:588} INFO - Filling up the DagBag from /home/sakana/anaconda3/envs/airflow_env/lib/python3.8/site-packages/airflow/example_dags/example_latest_only_with_trigger.py
[2024-11-12T17:25:24.187+0100] {processor.py:925} INFO - DAG(s) 'latest_only_with_trigger' retrieved from /home/sakana/anaconda3/envs/airflow_env/lib/python3.8/site-packages/airflow/example_dags/example_latest_only_with_trigger.py
[2024-11-12T17:25:24.221+0100] {logging_mixin.py:190} INFO - [2024-11-12T17:25:24.221+0100] {dag.py:3239} INFO - Sync 1 DAGs
[2024-11-12T17:25:24.255+0100] {logging_mixin.py:190} INFO - [2024-11-12T17:25:24.255+0100] {dag.py:4180} INFO - Setting next_dagrun for latest_only_with_trigger to 2024-11-12 12:00:00+00:00, run_after=2024-11-12 16:00:00+00:00
[2024-11-12T17:25:24.352+0100] {processor.py:208} INFO - Processing /home/sakana/anaconda3/envs/airflow_env/lib/python3.8/site-packages/airflow/example_dags/example_latest_only_with_trigger.py took 0.194 seconds
[2024-11-12T17:26:34.752+0100] {processor.py:186} INFO - Started process (PID=10319) to work on /home/sakana/anaconda3/envs/airflow_env/lib/python3.8/site-packages/airflow/example_dags/example_latest_only_with_trigger.py
[2024-11-12T17:26:34.761+0100] {processor.py:914} INFO - Processing file /home/sakana/anaconda3/envs/airflow_env/lib/python3.8/site-packages/airflow/example_dags/example_latest_only_with_trigger.py for tasks to queue
[2024-11-12T17:26:34.766+0100] {logging_mixin.py:190} INFO - [2024-11-12T17:26:34.765+0100] {dagbag.py:588} INFO - Filling up the DagBag from /home/sakana/anaconda3/envs/airflow_env/lib/python3.8/site-packages/airflow/example_dags/example_latest_only_with_trigger.py
[2024-11-12T17:26:34.786+0100] {processor.py:925} INFO - DAG(s) 'latest_only_with_trigger' retrieved from /home/sakana/anaconda3/envs/airflow_env/lib/python3.8/site-packages/airflow/example_dags/example_latest_only_with_trigger.py
[2024-11-12T17:26:34.844+0100] {logging_mixin.py:190} INFO - [2024-11-12T17:26:34.844+0100] {dag.py:3239} INFO - Sync 1 DAGs
[2024-11-12T17:26:34.897+0100] {logging_mixin.py:190} INFO - [2024-11-12T17:26:34.896+0100] {dag.py:4180} INFO - Setting next_dagrun for latest_only_with_trigger to 2024-11-12 12:00:00+00:00, run_after=2024-11-12 16:00:00+00:00
[2024-11-12T17:26:34.965+0100] {processor.py:208} INFO - Processing /home/sakana/anaconda3/envs/airflow_env/lib/python3.8/site-packages/airflow/example_dags/example_latest_only_with_trigger.py took 0.235 seconds
[2024-11-12T17:27:48.647+0100] {processor.py:186} INFO - Started process (PID=10409) to work on /home/sakana/anaconda3/envs/airflow_env/lib/python3.8/site-packages/airflow/example_dags/example_latest_only_with_trigger.py
[2024-11-12T17:27:48.654+0100] {processor.py:914} INFO - Processing file /home/sakana/anaconda3/envs/airflow_env/lib/python3.8/site-packages/airflow/example_dags/example_latest_only_with_trigger.py for tasks to queue
[2024-11-12T17:27:48.658+0100] {logging_mixin.py:190} INFO - [2024-11-12T17:27:48.657+0100] {dagbag.py:588} INFO - Filling up the DagBag from /home/sakana/anaconda3/envs/airflow_env/lib/python3.8/site-packages/airflow/example_dags/example_latest_only_with_trigger.py
[2024-11-12T17:27:48.680+0100] {processor.py:925} INFO - DAG(s) 'latest_only_with_trigger' retrieved from /home/sakana/anaconda3/envs/airflow_env/lib/python3.8/site-packages/airflow/example_dags/example_latest_only_with_trigger.py
[2024-11-12T17:27:48.722+0100] {logging_mixin.py:190} INFO - [2024-11-12T17:27:48.722+0100] {dag.py:3239} INFO - Sync 1 DAGs
[2024-11-12T17:27:48.754+0100] {logging_mixin.py:190} INFO - [2024-11-12T17:27:48.754+0100] {dag.py:4180} INFO - Setting next_dagrun for latest_only_with_trigger to 2024-11-12 12:00:00+00:00, run_after=2024-11-12 16:00:00+00:00
[2024-11-12T17:27:48.813+0100] {processor.py:208} INFO - Processing /home/sakana/anaconda3/envs/airflow_env/lib/python3.8/site-packages/airflow/example_dags/example_latest_only_with_trigger.py took 0.184 seconds
[2024-11-12T17:29:00.257+0100] {processor.py:186} INFO - Started process (PID=10545) to work on /home/sakana/anaconda3/envs/airflow_env/lib/python3.8/site-packages/airflow/example_dags/example_latest_only_with_trigger.py
[2024-11-12T17:29:00.259+0100] {processor.py:914} INFO - Processing file /home/sakana/anaconda3/envs/airflow_env/lib/python3.8/site-packages/airflow/example_dags/example_latest_only_with_trigger.py for tasks to queue
[2024-11-12T17:29:00.266+0100] {logging_mixin.py:190} INFO - [2024-11-12T17:29:00.265+0100] {dagbag.py:588} INFO - Filling up the DagBag from /home/sakana/anaconda3/envs/airflow_env/lib/python3.8/site-packages/airflow/example_dags/example_latest_only_with_trigger.py
[2024-11-12T17:29:00.287+0100] {processor.py:925} INFO - DAG(s) 'latest_only_with_trigger' retrieved from /home/sakana/anaconda3/envs/airflow_env/lib/python3.8/site-packages/airflow/example_dags/example_latest_only_with_trigger.py
[2024-11-12T17:29:00.329+0100] {logging_mixin.py:190} INFO - [2024-11-12T17:29:00.329+0100] {dag.py:3239} INFO - Sync 1 DAGs
[2024-11-12T17:29:00.358+0100] {logging_mixin.py:190} INFO - [2024-11-12T17:29:00.358+0100] {dag.py:4180} INFO - Setting next_dagrun for latest_only_with_trigger to 2024-11-12 12:00:00+00:00, run_after=2024-11-12 16:00:00+00:00
[2024-11-12T17:29:00.453+0100] {processor.py:208} INFO - Processing /home/sakana/anaconda3/envs/airflow_env/lib/python3.8/site-packages/airflow/example_dags/example_latest_only_with_trigger.py took 0.211 seconds
[2024-11-12T17:30:12.315+0100] {processor.py:186} INFO - Started process (PID=10626) to work on /home/sakana/anaconda3/envs/airflow_env/lib/python3.8/site-packages/airflow/example_dags/example_latest_only_with_trigger.py
[2024-11-12T17:30:12.321+0100] {processor.py:914} INFO - Processing file /home/sakana/anaconda3/envs/airflow_env/lib/python3.8/site-packages/airflow/example_dags/example_latest_only_with_trigger.py for tasks to queue
[2024-11-12T17:30:12.325+0100] {logging_mixin.py:190} INFO - [2024-11-12T17:30:12.325+0100] {dagbag.py:588} INFO - Filling up the DagBag from /home/sakana/anaconda3/envs/airflow_env/lib/python3.8/site-packages/airflow/example_dags/example_latest_only_with_trigger.py
[2024-11-12T17:30:12.341+0100] {processor.py:925} INFO - DAG(s) 'latest_only_with_trigger' retrieved from /home/sakana/anaconda3/envs/airflow_env/lib/python3.8/site-packages/airflow/example_dags/example_latest_only_with_trigger.py
[2024-11-12T17:30:12.372+0100] {logging_mixin.py:190} INFO - [2024-11-12T17:30:12.371+0100] {dag.py:3239} INFO - Sync 1 DAGs
[2024-11-12T17:30:12.407+0100] {logging_mixin.py:190} INFO - [2024-11-12T17:30:12.407+0100] {dag.py:4180} INFO - Setting next_dagrun for latest_only_with_trigger to 2024-11-12 12:00:00+00:00, run_after=2024-11-12 16:00:00+00:00
[2024-11-12T17:30:12.441+0100] {processor.py:208} INFO - Processing /home/sakana/anaconda3/envs/airflow_env/lib/python3.8/site-packages/airflow/example_dags/example_latest_only_with_trigger.py took 0.140 seconds
[2024-11-12T17:31:25.530+0100] {processor.py:186} INFO - Started process (PID=10713) to work on /home/sakana/anaconda3/envs/airflow_env/lib/python3.8/site-packages/airflow/example_dags/example_latest_only_with_trigger.py
[2024-11-12T17:31:25.535+0100] {processor.py:914} INFO - Processing file /home/sakana/anaconda3/envs/airflow_env/lib/python3.8/site-packages/airflow/example_dags/example_latest_only_with_trigger.py for tasks to queue
[2024-11-12T17:31:25.539+0100] {logging_mixin.py:190} INFO - [2024-11-12T17:31:25.538+0100] {dagbag.py:588} INFO - Filling up the DagBag from /home/sakana/anaconda3/envs/airflow_env/lib/python3.8/site-packages/airflow/example_dags/example_latest_only_with_trigger.py
[2024-11-12T17:31:25.551+0100] {processor.py:925} INFO - DAG(s) 'latest_only_with_trigger' retrieved from /home/sakana/anaconda3/envs/airflow_env/lib/python3.8/site-packages/airflow/example_dags/example_latest_only_with_trigger.py
[2024-11-12T17:31:25.574+0100] {logging_mixin.py:190} INFO - [2024-11-12T17:31:25.574+0100] {dag.py:3239} INFO - Sync 1 DAGs
[2024-11-12T17:31:25.604+0100] {logging_mixin.py:190} INFO - [2024-11-12T17:31:25.603+0100] {dag.py:4180} INFO - Setting next_dagrun for latest_only_with_trigger to 2024-11-12 12:00:00+00:00, run_after=2024-11-12 16:00:00+00:00
[2024-11-12T17:31:25.635+0100] {processor.py:208} INFO - Processing /home/sakana/anaconda3/envs/airflow_env/lib/python3.8/site-packages/airflow/example_dags/example_latest_only_with_trigger.py took 0.115 seconds
[2024-11-12T17:32:38.035+0100] {processor.py:186} INFO - Started process (PID=10860) to work on /home/sakana/anaconda3/envs/airflow_env/lib/python3.8/site-packages/airflow/example_dags/example_latest_only_with_trigger.py
[2024-11-12T17:32:38.041+0100] {processor.py:914} INFO - Processing file /home/sakana/anaconda3/envs/airflow_env/lib/python3.8/site-packages/airflow/example_dags/example_latest_only_with_trigger.py for tasks to queue
[2024-11-12T17:32:38.051+0100] {logging_mixin.py:190} INFO - [2024-11-12T17:32:38.050+0100] {dagbag.py:588} INFO - Filling up the DagBag from /home/sakana/anaconda3/envs/airflow_env/lib/python3.8/site-packages/airflow/example_dags/example_latest_only_with_trigger.py
[2024-11-12T17:32:38.067+0100] {processor.py:925} INFO - DAG(s) 'latest_only_with_trigger' retrieved from /home/sakana/anaconda3/envs/airflow_env/lib/python3.8/site-packages/airflow/example_dags/example_latest_only_with_trigger.py
[2024-11-12T17:32:38.087+0100] {logging_mixin.py:190} INFO - [2024-11-12T17:32:38.086+0100] {dag.py:3239} INFO - Sync 1 DAGs
[2024-11-12T17:32:38.109+0100] {logging_mixin.py:190} INFO - [2024-11-12T17:32:38.108+0100] {dag.py:4180} INFO - Setting next_dagrun for latest_only_with_trigger to 2024-11-12 12:00:00+00:00, run_after=2024-11-12 16:00:00+00:00
[2024-11-12T17:32:38.143+0100] {processor.py:208} INFO - Processing /home/sakana/anaconda3/envs/airflow_env/lib/python3.8/site-packages/airflow/example_dags/example_latest_only_with_trigger.py took 0.117 seconds
[2024-11-12T17:33:43.296+0100] {processor.py:186} INFO - Started process (PID=11066) to work on /home/sakana/anaconda3/envs/airflow_env/lib/python3.8/site-packages/airflow/example_dags/example_latest_only_with_trigger.py
[2024-11-12T17:33:43.301+0100] {processor.py:914} INFO - Processing file /home/sakana/anaconda3/envs/airflow_env/lib/python3.8/site-packages/airflow/example_dags/example_latest_only_with_trigger.py for tasks to queue
[2024-11-12T17:33:43.302+0100] {logging_mixin.py:190} INFO - [2024-11-12T17:33:43.302+0100] {dagbag.py:588} INFO - Filling up the DagBag from /home/sakana/anaconda3/envs/airflow_env/lib/python3.8/site-packages/airflow/example_dags/example_latest_only_with_trigger.py
[2024-11-12T17:33:43.310+0100] {processor.py:925} INFO - DAG(s) 'latest_only_with_trigger' retrieved from /home/sakana/anaconda3/envs/airflow_env/lib/python3.8/site-packages/airflow/example_dags/example_latest_only_with_trigger.py
[2024-11-12T17:33:43.325+0100] {logging_mixin.py:190} INFO - [2024-11-12T17:33:43.325+0100] {dag.py:3239} INFO - Sync 1 DAGs
[2024-11-12T17:33:43.346+0100] {logging_mixin.py:190} INFO - [2024-11-12T17:33:43.346+0100] {dag.py:4180} INFO - Setting next_dagrun for latest_only_with_trigger to 2024-11-12 12:00:00+00:00, run_after=2024-11-12 16:00:00+00:00
[2024-11-12T17:33:43.378+0100] {processor.py:208} INFO - Processing /home/sakana/anaconda3/envs/airflow_env/lib/python3.8/site-packages/airflow/example_dags/example_latest_only_with_trigger.py took 0.088 seconds
[2024-11-12T17:34:43.210+0100] {processor.py:186} INFO - Started process (PID=11143) to work on /home/sakana/anaconda3/envs/airflow_env/lib/python3.8/site-packages/airflow/example_dags/example_latest_only_with_trigger.py
[2024-11-12T17:34:43.215+0100] {processor.py:914} INFO - Processing file /home/sakana/anaconda3/envs/airflow_env/lib/python3.8/site-packages/airflow/example_dags/example_latest_only_with_trigger.py for tasks to queue
[2024-11-12T17:34:43.219+0100] {logging_mixin.py:190} INFO - [2024-11-12T17:34:43.219+0100] {dagbag.py:588} INFO - Filling up the DagBag from /home/sakana/anaconda3/envs/airflow_env/lib/python3.8/site-packages/airflow/example_dags/example_latest_only_with_trigger.py
[2024-11-12T17:34:43.230+0100] {processor.py:925} INFO - DAG(s) 'latest_only_with_trigger' retrieved from /home/sakana/anaconda3/envs/airflow_env/lib/python3.8/site-packages/airflow/example_dags/example_latest_only_with_trigger.py
[2024-11-12T17:34:43.248+0100] {logging_mixin.py:190} INFO - [2024-11-12T17:34:43.248+0100] {dag.py:3239} INFO - Sync 1 DAGs
[2024-11-12T17:34:43.266+0100] {logging_mixin.py:190} INFO - [2024-11-12T17:34:43.265+0100] {dag.py:4180} INFO - Setting next_dagrun for latest_only_with_trigger to 2024-11-12 12:00:00+00:00, run_after=2024-11-12 16:00:00+00:00
[2024-11-12T17:34:43.291+0100] {processor.py:208} INFO - Processing /home/sakana/anaconda3/envs/airflow_env/lib/python3.8/site-packages/airflow/example_dags/example_latest_only_with_trigger.py took 0.090 seconds
[2024-11-12T17:35:43.745+0100] {processor.py:186} INFO - Started process (PID=11228) to work on /home/sakana/anaconda3/envs/airflow_env/lib/python3.8/site-packages/airflow/example_dags/example_latest_only_with_trigger.py
[2024-11-12T17:35:43.750+0100] {processor.py:914} INFO - Processing file /home/sakana/anaconda3/envs/airflow_env/lib/python3.8/site-packages/airflow/example_dags/example_latest_only_with_trigger.py for tasks to queue
[2024-11-12T17:35:43.753+0100] {logging_mixin.py:190} INFO - [2024-11-12T17:35:43.753+0100] {dagbag.py:588} INFO - Filling up the DagBag from /home/sakana/anaconda3/envs/airflow_env/lib/python3.8/site-packages/airflow/example_dags/example_latest_only_with_trigger.py
[2024-11-12T17:35:43.761+0100] {processor.py:925} INFO - DAG(s) 'latest_only_with_trigger' retrieved from /home/sakana/anaconda3/envs/airflow_env/lib/python3.8/site-packages/airflow/example_dags/example_latest_only_with_trigger.py
[2024-11-12T17:35:43.777+0100] {logging_mixin.py:190} INFO - [2024-11-12T17:35:43.776+0100] {dag.py:3239} INFO - Sync 1 DAGs
[2024-11-12T17:35:43.796+0100] {logging_mixin.py:190} INFO - [2024-11-12T17:35:43.795+0100] {dag.py:4180} INFO - Setting next_dagrun for latest_only_with_trigger to 2024-11-12 12:00:00+00:00, run_after=2024-11-12 16:00:00+00:00
[2024-11-12T17:35:43.820+0100] {processor.py:208} INFO - Processing /home/sakana/anaconda3/envs/airflow_env/lib/python3.8/site-packages/airflow/example_dags/example_latest_only_with_trigger.py took 0.082 seconds
[2024-11-12T17:36:41.483+0100] {processor.py:186} INFO - Started process (PID=11297) to work on /home/sakana/anaconda3/envs/airflow_env/lib/python3.8/site-packages/airflow/example_dags/example_latest_only_with_trigger.py
[2024-11-12T17:36:41.488+0100] {processor.py:914} INFO - Processing file /home/sakana/anaconda3/envs/airflow_env/lib/python3.8/site-packages/airflow/example_dags/example_latest_only_with_trigger.py for tasks to queue
[2024-11-12T17:36:41.491+0100] {logging_mixin.py:190} INFO - [2024-11-12T17:36:41.491+0100] {dagbag.py:588} INFO - Filling up the DagBag from /home/sakana/anaconda3/envs/airflow_env/lib/python3.8/site-packages/airflow/example_dags/example_latest_only_with_trigger.py
[2024-11-12T17:36:41.498+0100] {processor.py:925} INFO - DAG(s) 'latest_only_with_trigger' retrieved from /home/sakana/anaconda3/envs/airflow_env/lib/python3.8/site-packages/airflow/example_dags/example_latest_only_with_trigger.py
[2024-11-12T17:36:41.512+0100] {logging_mixin.py:190} INFO - [2024-11-12T17:36:41.512+0100] {dag.py:3239} INFO - Sync 1 DAGs
[2024-11-12T17:36:41.531+0100] {logging_mixin.py:190} INFO - [2024-11-12T17:36:41.531+0100] {dag.py:4180} INFO - Setting next_dagrun for latest_only_with_trigger to 2024-11-12 12:00:00+00:00, run_after=2024-11-12 16:00:00+00:00
[2024-11-12T17:36:41.556+0100] {processor.py:208} INFO - Processing /home/sakana/anaconda3/envs/airflow_env/lib/python3.8/site-packages/airflow/example_dags/example_latest_only_with_trigger.py took 0.083 seconds
