[2024-11-12T01:01:12.237+0100] {processor.py:186} INFO - Started process (PID=31161) to work on /home/sakana/anaconda3/envs/airflow_env/lib/python3.8/site-packages/airflow/example_dags/example_trigger_target_dag.py
[2024-11-12T01:01:12.239+0100] {processor.py:914} INFO - Processing file /home/sakana/anaconda3/envs/airflow_env/lib/python3.8/site-packages/airflow/example_dags/example_trigger_target_dag.py for tasks to queue
[2024-11-12T01:01:12.242+0100] {logging_mixin.py:190} INFO - [2024-11-12T01:01:12.242+0100] {dagbag.py:588} INFO - Filling up the DagBag from /home/sakana/anaconda3/envs/airflow_env/lib/python3.8/site-packages/airflow/example_dags/example_trigger_target_dag.py
[2024-11-12T01:01:12.258+0100] {processor.py:925} INFO - DAG(s) 'example_trigger_target_dag' retrieved from /home/sakana/anaconda3/envs/airflow_env/lib/python3.8/site-packages/airflow/example_dags/example_trigger_target_dag.py
[2024-11-12T01:01:12.300+0100] {logging_mixin.py:190} INFO - [2024-11-12T01:01:12.300+0100] {dag.py:3239} INFO - Sync 1 DAGs
[2024-11-12T01:01:12.335+0100] {logging_mixin.py:190} INFO - [2024-11-12T01:01:12.334+0100] {dag.py:4180} INFO - Setting next_dagrun for example_trigger_target_dag to None, run_after=None
[2024-11-12T01:01:12.411+0100] {processor.py:208} INFO - Processing /home/sakana/anaconda3/envs/airflow_env/lib/python3.8/site-packages/airflow/example_dags/example_trigger_target_dag.py took 0.184 seconds
[2024-11-12T01:02:14.879+0100] {processor.py:186} INFO - Started process (PID=31658) to work on /home/sakana/anaconda3/envs/airflow_env/lib/python3.8/site-packages/airflow/example_dags/example_trigger_target_dag.py
[2024-11-12T01:02:14.884+0100] {processor.py:914} INFO - Processing file /home/sakana/anaconda3/envs/airflow_env/lib/python3.8/site-packages/airflow/example_dags/example_trigger_target_dag.py for tasks to queue
[2024-11-12T01:02:14.886+0100] {logging_mixin.py:190} INFO - [2024-11-12T01:02:14.885+0100] {dagbag.py:588} INFO - Filling up the DagBag from /home/sakana/anaconda3/envs/airflow_env/lib/python3.8/site-packages/airflow/example_dags/example_trigger_target_dag.py
[2024-11-12T01:02:14.894+0100] {processor.py:925} INFO - DAG(s) 'example_trigger_target_dag' retrieved from /home/sakana/anaconda3/envs/airflow_env/lib/python3.8/site-packages/airflow/example_dags/example_trigger_target_dag.py
[2024-11-12T01:02:14.910+0100] {logging_mixin.py:190} INFO - [2024-11-12T01:02:14.910+0100] {dag.py:3239} INFO - Sync 1 DAGs
[2024-11-12T01:02:14.928+0100] {logging_mixin.py:190} INFO - [2024-11-12T01:02:14.928+0100] {dag.py:4180} INFO - Setting next_dagrun for example_trigger_target_dag to None, run_after=None
[2024-11-12T01:02:14.963+0100] {processor.py:208} INFO - Processing /home/sakana/anaconda3/envs/airflow_env/lib/python3.8/site-packages/airflow/example_dags/example_trigger_target_dag.py took 0.090 seconds
[2024-11-12T01:03:19.643+0100] {processor.py:186} INFO - Started process (PID=32199) to work on /home/sakana/anaconda3/envs/airflow_env/lib/python3.8/site-packages/airflow/example_dags/example_trigger_target_dag.py
[2024-11-12T01:03:19.645+0100] {processor.py:914} INFO - Processing file /home/sakana/anaconda3/envs/airflow_env/lib/python3.8/site-packages/airflow/example_dags/example_trigger_target_dag.py for tasks to queue
[2024-11-12T01:03:19.647+0100] {logging_mixin.py:190} INFO - [2024-11-12T01:03:19.647+0100] {dagbag.py:588} INFO - Filling up the DagBag from /home/sakana/anaconda3/envs/airflow_env/lib/python3.8/site-packages/airflow/example_dags/example_trigger_target_dag.py
[2024-11-12T01:03:19.656+0100] {processor.py:925} INFO - DAG(s) 'example_trigger_target_dag' retrieved from /home/sakana/anaconda3/envs/airflow_env/lib/python3.8/site-packages/airflow/example_dags/example_trigger_target_dag.py
[2024-11-12T01:03:19.674+0100] {logging_mixin.py:190} INFO - [2024-11-12T01:03:19.673+0100] {dag.py:3239} INFO - Sync 1 DAGs
[2024-11-12T01:03:19.686+0100] {logging_mixin.py:190} INFO - [2024-11-12T01:03:19.685+0100] {dag.py:4180} INFO - Setting next_dagrun for example_trigger_target_dag to None, run_after=None
[2024-11-12T01:03:19.717+0100] {processor.py:208} INFO - Processing /home/sakana/anaconda3/envs/airflow_env/lib/python3.8/site-packages/airflow/example_dags/example_trigger_target_dag.py took 0.081 seconds
[2024-11-12T01:06:44.730+0100] {processor.py:186} INFO - Started process (PID=34158) to work on /home/sakana/anaconda3/envs/airflow_env/lib/python3.8/site-packages/airflow/example_dags/example_trigger_target_dag.py
[2024-11-12T01:06:44.730+0100] {processor.py:914} INFO - Processing file /home/sakana/anaconda3/envs/airflow_env/lib/python3.8/site-packages/airflow/example_dags/example_trigger_target_dag.py for tasks to queue
[2024-11-12T01:06:44.732+0100] {logging_mixin.py:190} INFO - [2024-11-12T01:06:44.732+0100] {dagbag.py:588} INFO - Filling up the DagBag from /home/sakana/anaconda3/envs/airflow_env/lib/python3.8/site-packages/airflow/example_dags/example_trigger_target_dag.py
[2024-11-12T01:06:44.740+0100] {processor.py:925} INFO - DAG(s) 'example_trigger_target_dag' retrieved from /home/sakana/anaconda3/envs/airflow_env/lib/python3.8/site-packages/airflow/example_dags/example_trigger_target_dag.py
[2024-11-12T01:06:44.759+0100] {logging_mixin.py:190} INFO - [2024-11-12T01:06:44.759+0100] {dag.py:3239} INFO - Sync 1 DAGs
[2024-11-12T01:06:44.777+0100] {logging_mixin.py:190} INFO - [2024-11-12T01:06:44.777+0100] {dag.py:4180} INFO - Setting next_dagrun for example_trigger_target_dag to None, run_after=None
[2024-11-12T01:06:44.805+0100] {processor.py:208} INFO - Processing /home/sakana/anaconda3/envs/airflow_env/lib/python3.8/site-packages/airflow/example_dags/example_trigger_target_dag.py took 0.082 seconds
[2024-11-12T01:09:59.425+0100] {processor.py:186} INFO - Started process (PID=4044) to work on /home/sakana/anaconda3/envs/airflow_env/lib/python3.8/site-packages/airflow/example_dags/example_trigger_target_dag.py
[2024-11-12T01:09:59.427+0100] {processor.py:914} INFO - Processing file /home/sakana/anaconda3/envs/airflow_env/lib/python3.8/site-packages/airflow/example_dags/example_trigger_target_dag.py for tasks to queue
[2024-11-12T01:09:59.429+0100] {logging_mixin.py:190} INFO - [2024-11-12T01:09:59.428+0100] {dagbag.py:588} INFO - Filling up the DagBag from /home/sakana/anaconda3/envs/airflow_env/lib/python3.8/site-packages/airflow/example_dags/example_trigger_target_dag.py
[2024-11-12T01:09:59.439+0100] {processor.py:925} INFO - DAG(s) 'example_trigger_target_dag' retrieved from /home/sakana/anaconda3/envs/airflow_env/lib/python3.8/site-packages/airflow/example_dags/example_trigger_target_dag.py
[2024-11-12T01:09:59.460+0100] {logging_mixin.py:190} INFO - [2024-11-12T01:09:59.460+0100] {dag.py:3239} INFO - Sync 1 DAGs
[2024-11-12T01:09:59.472+0100] {logging_mixin.py:190} INFO - [2024-11-12T01:09:59.472+0100] {dag.py:4180} INFO - Setting next_dagrun for example_trigger_target_dag to None, run_after=None
[2024-11-12T01:09:59.515+0100] {processor.py:208} INFO - Processing /home/sakana/anaconda3/envs/airflow_env/lib/python3.8/site-packages/airflow/example_dags/example_trigger_target_dag.py took 0.097 seconds
[2024-11-12T01:11:00.293+0100] {processor.py:186} INFO - Started process (PID=4197) to work on /home/sakana/anaconda3/envs/airflow_env/lib/python3.8/site-packages/airflow/example_dags/example_trigger_target_dag.py
[2024-11-12T01:11:00.298+0100] {processor.py:914} INFO - Processing file /home/sakana/anaconda3/envs/airflow_env/lib/python3.8/site-packages/airflow/example_dags/example_trigger_target_dag.py for tasks to queue
[2024-11-12T01:11:00.300+0100] {logging_mixin.py:190} INFO - [2024-11-12T01:11:00.299+0100] {dagbag.py:588} INFO - Filling up the DagBag from /home/sakana/anaconda3/envs/airflow_env/lib/python3.8/site-packages/airflow/example_dags/example_trigger_target_dag.py
[2024-11-12T01:11:00.308+0100] {processor.py:925} INFO - DAG(s) 'example_trigger_target_dag' retrieved from /home/sakana/anaconda3/envs/airflow_env/lib/python3.8/site-packages/airflow/example_dags/example_trigger_target_dag.py
[2024-11-12T01:11:00.323+0100] {logging_mixin.py:190} INFO - [2024-11-12T01:11:00.323+0100] {dag.py:3239} INFO - Sync 1 DAGs
[2024-11-12T01:11:00.335+0100] {logging_mixin.py:190} INFO - [2024-11-12T01:11:00.335+0100] {dag.py:4180} INFO - Setting next_dagrun for example_trigger_target_dag to None, run_after=None
[2024-11-12T01:11:00.375+0100] {processor.py:208} INFO - Processing /home/sakana/anaconda3/envs/airflow_env/lib/python3.8/site-packages/airflow/example_dags/example_trigger_target_dag.py took 0.089 seconds
[2024-11-12T01:11:59.641+0100] {processor.py:186} INFO - Started process (PID=4271) to work on /home/sakana/anaconda3/envs/airflow_env/lib/python3.8/site-packages/airflow/example_dags/example_trigger_target_dag.py
[2024-11-12T01:11:59.647+0100] {processor.py:914} INFO - Processing file /home/sakana/anaconda3/envs/airflow_env/lib/python3.8/site-packages/airflow/example_dags/example_trigger_target_dag.py for tasks to queue
[2024-11-12T01:11:59.652+0100] {logging_mixin.py:190} INFO - [2024-11-12T01:11:59.651+0100] {dagbag.py:588} INFO - Filling up the DagBag from /home/sakana/anaconda3/envs/airflow_env/lib/python3.8/site-packages/airflow/example_dags/example_trigger_target_dag.py
[2024-11-12T01:11:59.664+0100] {processor.py:925} INFO - DAG(s) 'example_trigger_target_dag' retrieved from /home/sakana/anaconda3/envs/airflow_env/lib/python3.8/site-packages/airflow/example_dags/example_trigger_target_dag.py
[2024-11-12T01:11:59.679+0100] {logging_mixin.py:190} INFO - [2024-11-12T01:11:59.679+0100] {dag.py:3239} INFO - Sync 1 DAGs
[2024-11-12T01:11:59.691+0100] {logging_mixin.py:190} INFO - [2024-11-12T01:11:59.690+0100] {dag.py:4180} INFO - Setting next_dagrun for example_trigger_target_dag to None, run_after=None
[2024-11-12T01:11:59.718+0100] {processor.py:208} INFO - Processing /home/sakana/anaconda3/envs/airflow_env/lib/python3.8/site-packages/airflow/example_dags/example_trigger_target_dag.py took 0.089 seconds
[2024-11-12T16:29:16.528+0100] {processor.py:186} INFO - Started process (PID=6107) to work on /home/sakana/anaconda3/envs/airflow_env/lib/python3.8/site-packages/airflow/example_dags/example_trigger_target_dag.py
[2024-11-12T16:29:16.529+0100] {processor.py:914} INFO - Processing file /home/sakana/anaconda3/envs/airflow_env/lib/python3.8/site-packages/airflow/example_dags/example_trigger_target_dag.py for tasks to queue
[2024-11-12T16:29:16.530+0100] {logging_mixin.py:190} INFO - [2024-11-12T16:29:16.530+0100] {dagbag.py:588} INFO - Filling up the DagBag from /home/sakana/anaconda3/envs/airflow_env/lib/python3.8/site-packages/airflow/example_dags/example_trigger_target_dag.py
[2024-11-12T16:29:16.538+0100] {processor.py:925} INFO - DAG(s) 'example_trigger_target_dag' retrieved from /home/sakana/anaconda3/envs/airflow_env/lib/python3.8/site-packages/airflow/example_dags/example_trigger_target_dag.py
[2024-11-12T16:29:16.555+0100] {logging_mixin.py:190} INFO - [2024-11-12T16:29:16.555+0100] {dag.py:3239} INFO - Sync 1 DAGs
[2024-11-12T16:29:16.567+0100] {logging_mixin.py:190} INFO - [2024-11-12T16:29:16.566+0100] {dag.py:4180} INFO - Setting next_dagrun for example_trigger_target_dag to None, run_after=None
[2024-11-12T16:29:16.599+0100] {processor.py:208} INFO - Processing /home/sakana/anaconda3/envs/airflow_env/lib/python3.8/site-packages/airflow/example_dags/example_trigger_target_dag.py took 0.077 seconds
[2024-11-12T16:37:37.947+0100] {processor.py:186} INFO - Started process (PID=6591) to work on /home/sakana/anaconda3/envs/airflow_env/lib/python3.8/site-packages/airflow/example_dags/example_trigger_target_dag.py
[2024-11-12T16:37:37.948+0100] {processor.py:914} INFO - Processing file /home/sakana/anaconda3/envs/airflow_env/lib/python3.8/site-packages/airflow/example_dags/example_trigger_target_dag.py for tasks to queue
[2024-11-12T16:37:37.950+0100] {logging_mixin.py:190} INFO - [2024-11-12T16:37:37.950+0100] {dagbag.py:588} INFO - Filling up the DagBag from /home/sakana/anaconda3/envs/airflow_env/lib/python3.8/site-packages/airflow/example_dags/example_trigger_target_dag.py
[2024-11-12T16:37:37.959+0100] {processor.py:925} INFO - DAG(s) 'example_trigger_target_dag' retrieved from /home/sakana/anaconda3/envs/airflow_env/lib/python3.8/site-packages/airflow/example_dags/example_trigger_target_dag.py
[2024-11-12T16:37:37.979+0100] {logging_mixin.py:190} INFO - [2024-11-12T16:37:37.979+0100] {dag.py:3239} INFO - Sync 1 DAGs
[2024-11-12T16:37:37.991+0100] {logging_mixin.py:190} INFO - [2024-11-12T16:37:37.991+0100] {dag.py:4180} INFO - Setting next_dagrun for example_trigger_target_dag to None, run_after=None
[2024-11-12T16:37:38.024+0100] {processor.py:208} INFO - Processing /home/sakana/anaconda3/envs/airflow_env/lib/python3.8/site-packages/airflow/example_dags/example_trigger_target_dag.py took 0.085 seconds
[2024-11-12T16:39:40.056+0100] {processor.py:186} INFO - Started process (PID=6901) to work on /home/sakana/anaconda3/envs/airflow_env/lib/python3.8/site-packages/airflow/example_dags/example_trigger_target_dag.py
[2024-11-12T16:39:40.057+0100] {processor.py:914} INFO - Processing file /home/sakana/anaconda3/envs/airflow_env/lib/python3.8/site-packages/airflow/example_dags/example_trigger_target_dag.py for tasks to queue
[2024-11-12T16:39:40.059+0100] {logging_mixin.py:190} INFO - [2024-11-12T16:39:40.058+0100] {dagbag.py:588} INFO - Filling up the DagBag from /home/sakana/anaconda3/envs/airflow_env/lib/python3.8/site-packages/airflow/example_dags/example_trigger_target_dag.py
[2024-11-12T16:39:40.069+0100] {processor.py:925} INFO - DAG(s) 'example_trigger_target_dag' retrieved from /home/sakana/anaconda3/envs/airflow_env/lib/python3.8/site-packages/airflow/example_dags/example_trigger_target_dag.py
[2024-11-12T16:39:40.093+0100] {logging_mixin.py:190} INFO - [2024-11-12T16:39:40.092+0100] {dag.py:3239} INFO - Sync 1 DAGs
[2024-11-12T16:39:40.111+0100] {logging_mixin.py:190} INFO - [2024-11-12T16:39:40.110+0100] {dag.py:4180} INFO - Setting next_dagrun for example_trigger_target_dag to None, run_after=None
[2024-11-12T16:39:40.141+0100] {processor.py:208} INFO - Processing /home/sakana/anaconda3/envs/airflow_env/lib/python3.8/site-packages/airflow/example_dags/example_trigger_target_dag.py took 0.093 seconds
[2024-11-12T16:40:54.123+0100] {processor.py:186} INFO - Started process (PID=7053) to work on /home/sakana/anaconda3/envs/airflow_env/lib/python3.8/site-packages/airflow/example_dags/example_trigger_target_dag.py
[2024-11-12T16:40:54.128+0100] {processor.py:914} INFO - Processing file /home/sakana/anaconda3/envs/airflow_env/lib/python3.8/site-packages/airflow/example_dags/example_trigger_target_dag.py for tasks to queue
[2024-11-12T16:40:54.131+0100] {logging_mixin.py:190} INFO - [2024-11-12T16:40:54.130+0100] {dagbag.py:588} INFO - Filling up the DagBag from /home/sakana/anaconda3/envs/airflow_env/lib/python3.8/site-packages/airflow/example_dags/example_trigger_target_dag.py
[2024-11-12T16:40:54.142+0100] {processor.py:925} INFO - DAG(s) 'example_trigger_target_dag' retrieved from /home/sakana/anaconda3/envs/airflow_env/lib/python3.8/site-packages/airflow/example_dags/example_trigger_target_dag.py
[2024-11-12T16:40:54.161+0100] {logging_mixin.py:190} INFO - [2024-11-12T16:40:54.161+0100] {dag.py:3239} INFO - Sync 1 DAGs
[2024-11-12T16:40:54.178+0100] {logging_mixin.py:190} INFO - [2024-11-12T16:40:54.178+0100] {dag.py:4180} INFO - Setting next_dagrun for example_trigger_target_dag to None, run_after=None
[2024-11-12T16:40:54.207+0100] {processor.py:208} INFO - Processing /home/sakana/anaconda3/envs/airflow_env/lib/python3.8/site-packages/airflow/example_dags/example_trigger_target_dag.py took 0.092 seconds
[2024-11-12T16:41:54.780+0100] {processor.py:186} INFO - Started process (PID=7148) to work on /home/sakana/anaconda3/envs/airflow_env/lib/python3.8/site-packages/airflow/example_dags/example_trigger_target_dag.py
[2024-11-12T16:41:54.785+0100] {processor.py:914} INFO - Processing file /home/sakana/anaconda3/envs/airflow_env/lib/python3.8/site-packages/airflow/example_dags/example_trigger_target_dag.py for tasks to queue
[2024-11-12T16:41:54.787+0100] {logging_mixin.py:190} INFO - [2024-11-12T16:41:54.786+0100] {dagbag.py:588} INFO - Filling up the DagBag from /home/sakana/anaconda3/envs/airflow_env/lib/python3.8/site-packages/airflow/example_dags/example_trigger_target_dag.py
[2024-11-12T16:41:54.796+0100] {processor.py:925} INFO - DAG(s) 'example_trigger_target_dag' retrieved from /home/sakana/anaconda3/envs/airflow_env/lib/python3.8/site-packages/airflow/example_dags/example_trigger_target_dag.py
[2024-11-12T16:41:54.815+0100] {logging_mixin.py:190} INFO - [2024-11-12T16:41:54.814+0100] {dag.py:3239} INFO - Sync 1 DAGs
[2024-11-12T16:41:54.827+0100] {logging_mixin.py:190} INFO - [2024-11-12T16:41:54.827+0100] {dag.py:4180} INFO - Setting next_dagrun for example_trigger_target_dag to None, run_after=None
[2024-11-12T16:41:54.854+0100] {processor.py:208} INFO - Processing /home/sakana/anaconda3/envs/airflow_env/lib/python3.8/site-packages/airflow/example_dags/example_trigger_target_dag.py took 0.081 seconds
[2024-11-12T16:42:49.325+0100] {processor.py:186} INFO - Started process (PID=7287) to work on /home/sakana/anaconda3/envs/airflow_env/lib/python3.8/site-packages/airflow/example_dags/example_trigger_target_dag.py
[2024-11-12T16:42:49.330+0100] {processor.py:914} INFO - Processing file /home/sakana/anaconda3/envs/airflow_env/lib/python3.8/site-packages/airflow/example_dags/example_trigger_target_dag.py for tasks to queue
[2024-11-12T16:42:49.332+0100] {logging_mixin.py:190} INFO - [2024-11-12T16:42:49.332+0100] {dagbag.py:588} INFO - Filling up the DagBag from /home/sakana/anaconda3/envs/airflow_env/lib/python3.8/site-packages/airflow/example_dags/example_trigger_target_dag.py
[2024-11-12T16:42:49.341+0100] {processor.py:925} INFO - DAG(s) 'example_trigger_target_dag' retrieved from /home/sakana/anaconda3/envs/airflow_env/lib/python3.8/site-packages/airflow/example_dags/example_trigger_target_dag.py
[2024-11-12T16:42:49.358+0100] {logging_mixin.py:190} INFO - [2024-11-12T16:42:49.357+0100] {dag.py:3239} INFO - Sync 1 DAGs
[2024-11-12T16:42:49.371+0100] {logging_mixin.py:190} INFO - [2024-11-12T16:42:49.371+0100] {dag.py:4180} INFO - Setting next_dagrun for example_trigger_target_dag to None, run_after=None
[2024-11-12T16:42:49.400+0100] {processor.py:208} INFO - Processing /home/sakana/anaconda3/envs/airflow_env/lib/python3.8/site-packages/airflow/example_dags/example_trigger_target_dag.py took 0.080 seconds
[2024-11-12T16:43:48.417+0100] {processor.py:186} INFO - Started process (PID=7398) to work on /home/sakana/anaconda3/envs/airflow_env/lib/python3.8/site-packages/airflow/example_dags/example_trigger_target_dag.py
[2024-11-12T16:43:48.418+0100] {processor.py:914} INFO - Processing file /home/sakana/anaconda3/envs/airflow_env/lib/python3.8/site-packages/airflow/example_dags/example_trigger_target_dag.py for tasks to queue
[2024-11-12T16:43:48.420+0100] {logging_mixin.py:190} INFO - [2024-11-12T16:43:48.419+0100] {dagbag.py:588} INFO - Filling up the DagBag from /home/sakana/anaconda3/envs/airflow_env/lib/python3.8/site-packages/airflow/example_dags/example_trigger_target_dag.py
[2024-11-12T16:43:48.427+0100] {processor.py:925} INFO - DAG(s) 'example_trigger_target_dag' retrieved from /home/sakana/anaconda3/envs/airflow_env/lib/python3.8/site-packages/airflow/example_dags/example_trigger_target_dag.py
[2024-11-12T16:43:48.446+0100] {logging_mixin.py:190} INFO - [2024-11-12T16:43:48.446+0100] {dag.py:3239} INFO - Sync 1 DAGs
[2024-11-12T16:43:48.464+0100] {logging_mixin.py:190} INFO - [2024-11-12T16:43:48.464+0100] {dag.py:4180} INFO - Setting next_dagrun for example_trigger_target_dag to None, run_after=None
[2024-11-12T16:43:48.494+0100] {processor.py:208} INFO - Processing /home/sakana/anaconda3/envs/airflow_env/lib/python3.8/site-packages/airflow/example_dags/example_trigger_target_dag.py took 0.083 seconds
[2024-11-12T16:44:45.226+0100] {processor.py:186} INFO - Started process (PID=7474) to work on /home/sakana/anaconda3/envs/airflow_env/lib/python3.8/site-packages/airflow/example_dags/example_trigger_target_dag.py
[2024-11-12T16:44:45.231+0100] {processor.py:914} INFO - Processing file /home/sakana/anaconda3/envs/airflow_env/lib/python3.8/site-packages/airflow/example_dags/example_trigger_target_dag.py for tasks to queue
[2024-11-12T16:44:45.233+0100] {logging_mixin.py:190} INFO - [2024-11-12T16:44:45.232+0100] {dagbag.py:588} INFO - Filling up the DagBag from /home/sakana/anaconda3/envs/airflow_env/lib/python3.8/site-packages/airflow/example_dags/example_trigger_target_dag.py
[2024-11-12T16:44:45.242+0100] {processor.py:925} INFO - DAG(s) 'example_trigger_target_dag' retrieved from /home/sakana/anaconda3/envs/airflow_env/lib/python3.8/site-packages/airflow/example_dags/example_trigger_target_dag.py
[2024-11-12T16:44:45.258+0100] {logging_mixin.py:190} INFO - [2024-11-12T16:44:45.258+0100] {dag.py:3239} INFO - Sync 1 DAGs
[2024-11-12T16:44:45.272+0100] {logging_mixin.py:190} INFO - [2024-11-12T16:44:45.272+0100] {dag.py:4180} INFO - Setting next_dagrun for example_trigger_target_dag to None, run_after=None
[2024-11-12T16:44:45.303+0100] {processor.py:208} INFO - Processing /home/sakana/anaconda3/envs/airflow_env/lib/python3.8/site-packages/airflow/example_dags/example_trigger_target_dag.py took 0.085 seconds
[2024-11-12T16:45:38.611+0100] {processor.py:186} INFO - Started process (PID=7545) to work on /home/sakana/anaconda3/envs/airflow_env/lib/python3.8/site-packages/airflow/example_dags/example_trigger_target_dag.py
[2024-11-12T16:45:38.612+0100] {processor.py:914} INFO - Processing file /home/sakana/anaconda3/envs/airflow_env/lib/python3.8/site-packages/airflow/example_dags/example_trigger_target_dag.py for tasks to queue
[2024-11-12T16:45:38.614+0100] {logging_mixin.py:190} INFO - [2024-11-12T16:45:38.613+0100] {dagbag.py:588} INFO - Filling up the DagBag from /home/sakana/anaconda3/envs/airflow_env/lib/python3.8/site-packages/airflow/example_dags/example_trigger_target_dag.py
[2024-11-12T16:45:38.621+0100] {processor.py:925} INFO - DAG(s) 'example_trigger_target_dag' retrieved from /home/sakana/anaconda3/envs/airflow_env/lib/python3.8/site-packages/airflow/example_dags/example_trigger_target_dag.py
[2024-11-12T16:45:38.637+0100] {logging_mixin.py:190} INFO - [2024-11-12T16:45:38.637+0100] {dag.py:3239} INFO - Sync 1 DAGs
[2024-11-12T16:45:38.650+0100] {logging_mixin.py:190} INFO - [2024-11-12T16:45:38.650+0100] {dag.py:4180} INFO - Setting next_dagrun for example_trigger_target_dag to None, run_after=None
[2024-11-12T16:45:38.673+0100] {processor.py:208} INFO - Processing /home/sakana/anaconda3/envs/airflow_env/lib/python3.8/site-packages/airflow/example_dags/example_trigger_target_dag.py took 0.068 seconds
[2024-11-12T16:46:48.944+0100] {processor.py:186} INFO - Started process (PID=7677) to work on /home/sakana/anaconda3/envs/airflow_env/lib/python3.8/site-packages/airflow/example_dags/example_trigger_target_dag.py
[2024-11-12T16:46:48.949+0100] {processor.py:914} INFO - Processing file /home/sakana/anaconda3/envs/airflow_env/lib/python3.8/site-packages/airflow/example_dags/example_trigger_target_dag.py for tasks to queue
[2024-11-12T16:46:48.952+0100] {logging_mixin.py:190} INFO - [2024-11-12T16:46:48.951+0100] {dagbag.py:588} INFO - Filling up the DagBag from /home/sakana/anaconda3/envs/airflow_env/lib/python3.8/site-packages/airflow/example_dags/example_trigger_target_dag.py
[2024-11-12T16:46:48.962+0100] {processor.py:925} INFO - DAG(s) 'example_trigger_target_dag' retrieved from /home/sakana/anaconda3/envs/airflow_env/lib/python3.8/site-packages/airflow/example_dags/example_trigger_target_dag.py
[2024-11-12T16:46:48.979+0100] {logging_mixin.py:190} INFO - [2024-11-12T16:46:48.979+0100] {dag.py:3239} INFO - Sync 1 DAGs
[2024-11-12T16:46:48.994+0100] {logging_mixin.py:190} INFO - [2024-11-12T16:46:48.994+0100] {dag.py:4180} INFO - Setting next_dagrun for example_trigger_target_dag to None, run_after=None
[2024-11-12T16:46:49.034+0100] {processor.py:208} INFO - Processing /home/sakana/anaconda3/envs/airflow_env/lib/python3.8/site-packages/airflow/example_dags/example_trigger_target_dag.py took 0.099 seconds
[2024-11-12T16:47:46.212+0100] {processor.py:186} INFO - Started process (PID=7746) to work on /home/sakana/anaconda3/envs/airflow_env/lib/python3.8/site-packages/airflow/example_dags/example_trigger_target_dag.py
[2024-11-12T16:47:46.217+0100] {processor.py:914} INFO - Processing file /home/sakana/anaconda3/envs/airflow_env/lib/python3.8/site-packages/airflow/example_dags/example_trigger_target_dag.py for tasks to queue
[2024-11-12T16:47:46.220+0100] {logging_mixin.py:190} INFO - [2024-11-12T16:47:46.219+0100] {dagbag.py:588} INFO - Filling up the DagBag from /home/sakana/anaconda3/envs/airflow_env/lib/python3.8/site-packages/airflow/example_dags/example_trigger_target_dag.py
[2024-11-12T16:47:46.227+0100] {processor.py:925} INFO - DAG(s) 'example_trigger_target_dag' retrieved from /home/sakana/anaconda3/envs/airflow_env/lib/python3.8/site-packages/airflow/example_dags/example_trigger_target_dag.py
[2024-11-12T16:47:46.243+0100] {logging_mixin.py:190} INFO - [2024-11-12T16:47:46.243+0100] {dag.py:3239} INFO - Sync 1 DAGs
[2024-11-12T16:47:46.255+0100] {logging_mixin.py:190} INFO - [2024-11-12T16:47:46.255+0100] {dag.py:4180} INFO - Setting next_dagrun for example_trigger_target_dag to None, run_after=None
[2024-11-12T16:47:46.284+0100] {processor.py:208} INFO - Processing /home/sakana/anaconda3/envs/airflow_env/lib/python3.8/site-packages/airflow/example_dags/example_trigger_target_dag.py took 0.077 seconds
[2024-11-12T16:48:43.652+0100] {processor.py:186} INFO - Started process (PID=7902) to work on /home/sakana/anaconda3/envs/airflow_env/lib/python3.8/site-packages/airflow/example_dags/example_trigger_target_dag.py
[2024-11-12T16:48:43.658+0100] {processor.py:914} INFO - Processing file /home/sakana/anaconda3/envs/airflow_env/lib/python3.8/site-packages/airflow/example_dags/example_trigger_target_dag.py for tasks to queue
[2024-11-12T16:48:43.663+0100] {logging_mixin.py:190} INFO - [2024-11-12T16:48:43.663+0100] {dagbag.py:588} INFO - Filling up the DagBag from /home/sakana/anaconda3/envs/airflow_env/lib/python3.8/site-packages/airflow/example_dags/example_trigger_target_dag.py
[2024-11-12T16:48:43.679+0100] {processor.py:925} INFO - DAG(s) 'example_trigger_target_dag' retrieved from /home/sakana/anaconda3/envs/airflow_env/lib/python3.8/site-packages/airflow/example_dags/example_trigger_target_dag.py
[2024-11-12T16:48:43.695+0100] {logging_mixin.py:190} INFO - [2024-11-12T16:48:43.695+0100] {dag.py:3239} INFO - Sync 1 DAGs
[2024-11-12T16:48:43.707+0100] {logging_mixin.py:190} INFO - [2024-11-12T16:48:43.707+0100] {dag.py:4180} INFO - Setting next_dagrun for example_trigger_target_dag to None, run_after=None
[2024-11-12T16:48:43.740+0100] {processor.py:208} INFO - Processing /home/sakana/anaconda3/envs/airflow_env/lib/python3.8/site-packages/airflow/example_dags/example_trigger_target_dag.py took 0.103 seconds
[2024-11-12T16:49:40.674+0100] {processor.py:186} INFO - Started process (PID=7995) to work on /home/sakana/anaconda3/envs/airflow_env/lib/python3.8/site-packages/airflow/example_dags/example_trigger_target_dag.py
[2024-11-12T16:49:40.680+0100] {processor.py:914} INFO - Processing file /home/sakana/anaconda3/envs/airflow_env/lib/python3.8/site-packages/airflow/example_dags/example_trigger_target_dag.py for tasks to queue
[2024-11-12T16:49:40.682+0100] {logging_mixin.py:190} INFO - [2024-11-12T16:49:40.681+0100] {dagbag.py:588} INFO - Filling up the DagBag from /home/sakana/anaconda3/envs/airflow_env/lib/python3.8/site-packages/airflow/example_dags/example_trigger_target_dag.py
[2024-11-12T16:49:40.691+0100] {processor.py:925} INFO - DAG(s) 'example_trigger_target_dag' retrieved from /home/sakana/anaconda3/envs/airflow_env/lib/python3.8/site-packages/airflow/example_dags/example_trigger_target_dag.py
[2024-11-12T16:49:40.706+0100] {logging_mixin.py:190} INFO - [2024-11-12T16:49:40.706+0100] {dag.py:3239} INFO - Sync 1 DAGs
[2024-11-12T16:49:40.718+0100] {logging_mixin.py:190} INFO - [2024-11-12T16:49:40.718+0100] {dag.py:4180} INFO - Setting next_dagrun for example_trigger_target_dag to None, run_after=None
[2024-11-12T16:49:40.776+0100] {processor.py:208} INFO - Processing /home/sakana/anaconda3/envs/airflow_env/lib/python3.8/site-packages/airflow/example_dags/example_trigger_target_dag.py took 0.108 seconds
[2024-11-12T16:50:38.231+0100] {processor.py:186} INFO - Started process (PID=8062) to work on /home/sakana/anaconda3/envs/airflow_env/lib/python3.8/site-packages/airflow/example_dags/example_trigger_target_dag.py
[2024-11-12T16:50:38.237+0100] {processor.py:914} INFO - Processing file /home/sakana/anaconda3/envs/airflow_env/lib/python3.8/site-packages/airflow/example_dags/example_trigger_target_dag.py for tasks to queue
[2024-11-12T16:50:38.240+0100] {logging_mixin.py:190} INFO - [2024-11-12T16:50:38.240+0100] {dagbag.py:588} INFO - Filling up the DagBag from /home/sakana/anaconda3/envs/airflow_env/lib/python3.8/site-packages/airflow/example_dags/example_trigger_target_dag.py
[2024-11-12T16:50:38.252+0100] {processor.py:925} INFO - DAG(s) 'example_trigger_target_dag' retrieved from /home/sakana/anaconda3/envs/airflow_env/lib/python3.8/site-packages/airflow/example_dags/example_trigger_target_dag.py
[2024-11-12T16:50:38.268+0100] {logging_mixin.py:190} INFO - [2024-11-12T16:50:38.268+0100] {dag.py:3239} INFO - Sync 1 DAGs
[2024-11-12T16:50:38.279+0100] {logging_mixin.py:190} INFO - [2024-11-12T16:50:38.279+0100] {dag.py:4180} INFO - Setting next_dagrun for example_trigger_target_dag to None, run_after=None
[2024-11-12T16:50:38.312+0100] {processor.py:208} INFO - Processing /home/sakana/anaconda3/envs/airflow_env/lib/python3.8/site-packages/airflow/example_dags/example_trigger_target_dag.py took 0.089 seconds
[2024-11-12T16:51:35.363+0100] {processor.py:186} INFO - Started process (PID=8135) to work on /home/sakana/anaconda3/envs/airflow_env/lib/python3.8/site-packages/airflow/example_dags/example_trigger_target_dag.py
[2024-11-12T16:51:35.369+0100] {processor.py:914} INFO - Processing file /home/sakana/anaconda3/envs/airflow_env/lib/python3.8/site-packages/airflow/example_dags/example_trigger_target_dag.py for tasks to queue
[2024-11-12T16:51:35.371+0100] {logging_mixin.py:190} INFO - [2024-11-12T16:51:35.371+0100] {dagbag.py:588} INFO - Filling up the DagBag from /home/sakana/anaconda3/envs/airflow_env/lib/python3.8/site-packages/airflow/example_dags/example_trigger_target_dag.py
[2024-11-12T16:51:35.382+0100] {processor.py:925} INFO - DAG(s) 'example_trigger_target_dag' retrieved from /home/sakana/anaconda3/envs/airflow_env/lib/python3.8/site-packages/airflow/example_dags/example_trigger_target_dag.py
[2024-11-12T16:51:35.397+0100] {logging_mixin.py:190} INFO - [2024-11-12T16:51:35.397+0100] {dag.py:3239} INFO - Sync 1 DAGs
[2024-11-12T16:51:35.409+0100] {logging_mixin.py:190} INFO - [2024-11-12T16:51:35.409+0100] {dag.py:4180} INFO - Setting next_dagrun for example_trigger_target_dag to None, run_after=None
[2024-11-12T16:51:35.433+0100] {processor.py:208} INFO - Processing /home/sakana/anaconda3/envs/airflow_env/lib/python3.8/site-packages/airflow/example_dags/example_trigger_target_dag.py took 0.082 seconds
[2024-11-12T16:52:32.065+0100] {processor.py:186} INFO - Started process (PID=8224) to work on /home/sakana/anaconda3/envs/airflow_env/lib/python3.8/site-packages/airflow/example_dags/example_trigger_target_dag.py
[2024-11-12T16:52:32.071+0100] {processor.py:914} INFO - Processing file /home/sakana/anaconda3/envs/airflow_env/lib/python3.8/site-packages/airflow/example_dags/example_trigger_target_dag.py for tasks to queue
[2024-11-12T16:52:32.073+0100] {logging_mixin.py:190} INFO - [2024-11-12T16:52:32.072+0100] {dagbag.py:588} INFO - Filling up the DagBag from /home/sakana/anaconda3/envs/airflow_env/lib/python3.8/site-packages/airflow/example_dags/example_trigger_target_dag.py
[2024-11-12T16:52:32.083+0100] {processor.py:925} INFO - DAG(s) 'example_trigger_target_dag' retrieved from /home/sakana/anaconda3/envs/airflow_env/lib/python3.8/site-packages/airflow/example_dags/example_trigger_target_dag.py
[2024-11-12T16:52:32.099+0100] {logging_mixin.py:190} INFO - [2024-11-12T16:52:32.099+0100] {dag.py:3239} INFO - Sync 1 DAGs
[2024-11-12T16:52:32.111+0100] {logging_mixin.py:190} INFO - [2024-11-12T16:52:32.110+0100] {dag.py:4180} INFO - Setting next_dagrun for example_trigger_target_dag to None, run_after=None
[2024-11-12T16:52:32.138+0100] {processor.py:208} INFO - Processing /home/sakana/anaconda3/envs/airflow_env/lib/python3.8/site-packages/airflow/example_dags/example_trigger_target_dag.py took 0.079 seconds
[2024-11-12T16:53:27.919+0100] {processor.py:186} INFO - Started process (PID=8315) to work on /home/sakana/anaconda3/envs/airflow_env/lib/python3.8/site-packages/airflow/example_dags/example_trigger_target_dag.py
[2024-11-12T16:53:27.924+0100] {processor.py:914} INFO - Processing file /home/sakana/anaconda3/envs/airflow_env/lib/python3.8/site-packages/airflow/example_dags/example_trigger_target_dag.py for tasks to queue
[2024-11-12T16:53:27.926+0100] {logging_mixin.py:190} INFO - [2024-11-12T16:53:27.926+0100] {dagbag.py:588} INFO - Filling up the DagBag from /home/sakana/anaconda3/envs/airflow_env/lib/python3.8/site-packages/airflow/example_dags/example_trigger_target_dag.py
[2024-11-12T16:53:27.935+0100] {processor.py:925} INFO - DAG(s) 'example_trigger_target_dag' retrieved from /home/sakana/anaconda3/envs/airflow_env/lib/python3.8/site-packages/airflow/example_dags/example_trigger_target_dag.py
[2024-11-12T16:53:27.950+0100] {logging_mixin.py:190} INFO - [2024-11-12T16:53:27.950+0100] {dag.py:3239} INFO - Sync 1 DAGs
[2024-11-12T16:53:27.963+0100] {logging_mixin.py:190} INFO - [2024-11-12T16:53:27.963+0100] {dag.py:4180} INFO - Setting next_dagrun for example_trigger_target_dag to None, run_after=None
[2024-11-12T16:53:28.001+0100] {processor.py:208} INFO - Processing /home/sakana/anaconda3/envs/airflow_env/lib/python3.8/site-packages/airflow/example_dags/example_trigger_target_dag.py took 0.090 seconds
[2024-11-12T16:54:29.818+0100] {processor.py:186} INFO - Started process (PID=8487) to work on /home/sakana/anaconda3/envs/airflow_env/lib/python3.8/site-packages/airflow/example_dags/example_trigger_target_dag.py
[2024-11-12T16:54:29.823+0100] {processor.py:914} INFO - Processing file /home/sakana/anaconda3/envs/airflow_env/lib/python3.8/site-packages/airflow/example_dags/example_trigger_target_dag.py for tasks to queue
[2024-11-12T16:54:29.825+0100] {logging_mixin.py:190} INFO - [2024-11-12T16:54:29.825+0100] {dagbag.py:588} INFO - Filling up the DagBag from /home/sakana/anaconda3/envs/airflow_env/lib/python3.8/site-packages/airflow/example_dags/example_trigger_target_dag.py
[2024-11-12T16:54:29.834+0100] {processor.py:925} INFO - DAG(s) 'example_trigger_target_dag' retrieved from /home/sakana/anaconda3/envs/airflow_env/lib/python3.8/site-packages/airflow/example_dags/example_trigger_target_dag.py
[2024-11-12T16:54:29.851+0100] {logging_mixin.py:190} INFO - [2024-11-12T16:54:29.850+0100] {dag.py:3239} INFO - Sync 1 DAGs
[2024-11-12T16:54:29.863+0100] {logging_mixin.py:190} INFO - [2024-11-12T16:54:29.863+0100] {dag.py:4180} INFO - Setting next_dagrun for example_trigger_target_dag to None, run_after=None
[2024-11-12T16:54:29.890+0100] {processor.py:208} INFO - Processing /home/sakana/anaconda3/envs/airflow_env/lib/python3.8/site-packages/airflow/example_dags/example_trigger_target_dag.py took 0.081 seconds
[2024-11-12T16:55:28.911+0100] {processor.py:186} INFO - Started process (PID=8581) to work on /home/sakana/anaconda3/envs/airflow_env/lib/python3.8/site-packages/airflow/example_dags/example_trigger_target_dag.py
[2024-11-12T16:55:28.917+0100] {processor.py:914} INFO - Processing file /home/sakana/anaconda3/envs/airflow_env/lib/python3.8/site-packages/airflow/example_dags/example_trigger_target_dag.py for tasks to queue
[2024-11-12T16:55:28.923+0100] {logging_mixin.py:190} INFO - [2024-11-12T16:55:28.922+0100] {dagbag.py:588} INFO - Filling up the DagBag from /home/sakana/anaconda3/envs/airflow_env/lib/python3.8/site-packages/airflow/example_dags/example_trigger_target_dag.py
[2024-11-12T16:55:28.944+0100] {processor.py:925} INFO - DAG(s) 'example_trigger_target_dag' retrieved from /home/sakana/anaconda3/envs/airflow_env/lib/python3.8/site-packages/airflow/example_dags/example_trigger_target_dag.py
[2024-11-12T16:55:28.960+0100] {logging_mixin.py:190} INFO - [2024-11-12T16:55:28.960+0100] {dag.py:3239} INFO - Sync 1 DAGs
[2024-11-12T16:55:28.976+0100] {logging_mixin.py:190} INFO - [2024-11-12T16:55:28.975+0100] {dag.py:4180} INFO - Setting next_dagrun for example_trigger_target_dag to None, run_after=None
[2024-11-12T16:55:29.001+0100] {processor.py:208} INFO - Processing /home/sakana/anaconda3/envs/airflow_env/lib/python3.8/site-packages/airflow/example_dags/example_trigger_target_dag.py took 0.097 seconds
[2024-11-12T16:56:27.228+0100] {processor.py:186} INFO - Started process (PID=8654) to work on /home/sakana/anaconda3/envs/airflow_env/lib/python3.8/site-packages/airflow/example_dags/example_trigger_target_dag.py
[2024-11-12T16:56:27.233+0100] {processor.py:914} INFO - Processing file /home/sakana/anaconda3/envs/airflow_env/lib/python3.8/site-packages/airflow/example_dags/example_trigger_target_dag.py for tasks to queue
[2024-11-12T16:56:27.235+0100] {logging_mixin.py:190} INFO - [2024-11-12T16:56:27.234+0100] {dagbag.py:588} INFO - Filling up the DagBag from /home/sakana/anaconda3/envs/airflow_env/lib/python3.8/site-packages/airflow/example_dags/example_trigger_target_dag.py
[2024-11-12T16:56:27.242+0100] {processor.py:925} INFO - DAG(s) 'example_trigger_target_dag' retrieved from /home/sakana/anaconda3/envs/airflow_env/lib/python3.8/site-packages/airflow/example_dags/example_trigger_target_dag.py
[2024-11-12T16:56:27.260+0100] {logging_mixin.py:190} INFO - [2024-11-12T16:56:27.260+0100] {dag.py:3239} INFO - Sync 1 DAGs
[2024-11-12T16:56:27.273+0100] {logging_mixin.py:190} INFO - [2024-11-12T16:56:27.273+0100] {dag.py:4180} INFO - Setting next_dagrun for example_trigger_target_dag to None, run_after=None
[2024-11-12T16:56:27.315+0100] {processor.py:208} INFO - Processing /home/sakana/anaconda3/envs/airflow_env/lib/python3.8/site-packages/airflow/example_dags/example_trigger_target_dag.py took 0.093 seconds
[2024-11-12T16:57:27.356+0100] {processor.py:186} INFO - Started process (PID=8736) to work on /home/sakana/anaconda3/envs/airflow_env/lib/python3.8/site-packages/airflow/example_dags/example_trigger_target_dag.py
[2024-11-12T16:57:27.361+0100] {processor.py:914} INFO - Processing file /home/sakana/anaconda3/envs/airflow_env/lib/python3.8/site-packages/airflow/example_dags/example_trigger_target_dag.py for tasks to queue
[2024-11-12T16:57:27.363+0100] {logging_mixin.py:190} INFO - [2024-11-12T16:57:27.363+0100] {dagbag.py:588} INFO - Filling up the DagBag from /home/sakana/anaconda3/envs/airflow_env/lib/python3.8/site-packages/airflow/example_dags/example_trigger_target_dag.py
[2024-11-12T16:57:27.371+0100] {processor.py:925} INFO - DAG(s) 'example_trigger_target_dag' retrieved from /home/sakana/anaconda3/envs/airflow_env/lib/python3.8/site-packages/airflow/example_dags/example_trigger_target_dag.py
[2024-11-12T16:57:27.385+0100] {logging_mixin.py:190} INFO - [2024-11-12T16:57:27.384+0100] {dag.py:3239} INFO - Sync 1 DAGs
[2024-11-12T16:57:27.398+0100] {logging_mixin.py:190} INFO - [2024-11-12T16:57:27.398+0100] {dag.py:4180} INFO - Setting next_dagrun for example_trigger_target_dag to None, run_after=None
[2024-11-12T16:57:27.422+0100] {processor.py:208} INFO - Processing /home/sakana/anaconda3/envs/airflow_env/lib/python3.8/site-packages/airflow/example_dags/example_trigger_target_dag.py took 0.075 seconds
[2024-11-12T16:58:29.519+0100] {processor.py:186} INFO - Started process (PID=8833) to work on /home/sakana/anaconda3/envs/airflow_env/lib/python3.8/site-packages/airflow/example_dags/example_trigger_target_dag.py
[2024-11-12T16:58:29.525+0100] {processor.py:914} INFO - Processing file /home/sakana/anaconda3/envs/airflow_env/lib/python3.8/site-packages/airflow/example_dags/example_trigger_target_dag.py for tasks to queue
[2024-11-12T16:58:29.527+0100] {logging_mixin.py:190} INFO - [2024-11-12T16:58:29.526+0100] {dagbag.py:588} INFO - Filling up the DagBag from /home/sakana/anaconda3/envs/airflow_env/lib/python3.8/site-packages/airflow/example_dags/example_trigger_target_dag.py
[2024-11-12T16:58:29.536+0100] {processor.py:925} INFO - DAG(s) 'example_trigger_target_dag' retrieved from /home/sakana/anaconda3/envs/airflow_env/lib/python3.8/site-packages/airflow/example_dags/example_trigger_target_dag.py
[2024-11-12T16:58:29.550+0100] {logging_mixin.py:190} INFO - [2024-11-12T16:58:29.550+0100] {dag.py:3239} INFO - Sync 1 DAGs
[2024-11-12T16:58:29.562+0100] {logging_mixin.py:190} INFO - [2024-11-12T16:58:29.562+0100] {dag.py:4180} INFO - Setting next_dagrun for example_trigger_target_dag to None, run_after=None
[2024-11-12T16:58:29.610+0100] {processor.py:208} INFO - Processing /home/sakana/anaconda3/envs/airflow_env/lib/python3.8/site-packages/airflow/example_dags/example_trigger_target_dag.py took 0.097 seconds
[2024-11-12T16:59:30.658+0100] {processor.py:186} INFO - Started process (PID=8914) to work on /home/sakana/anaconda3/envs/airflow_env/lib/python3.8/site-packages/airflow/example_dags/example_trigger_target_dag.py
[2024-11-12T16:59:30.664+0100] {processor.py:914} INFO - Processing file /home/sakana/anaconda3/envs/airflow_env/lib/python3.8/site-packages/airflow/example_dags/example_trigger_target_dag.py for tasks to queue
[2024-11-12T16:59:30.666+0100] {logging_mixin.py:190} INFO - [2024-11-12T16:59:30.666+0100] {dagbag.py:588} INFO - Filling up the DagBag from /home/sakana/anaconda3/envs/airflow_env/lib/python3.8/site-packages/airflow/example_dags/example_trigger_target_dag.py
[2024-11-12T16:59:30.675+0100] {processor.py:925} INFO - DAG(s) 'example_trigger_target_dag' retrieved from /home/sakana/anaconda3/envs/airflow_env/lib/python3.8/site-packages/airflow/example_dags/example_trigger_target_dag.py
[2024-11-12T16:59:30.693+0100] {logging_mixin.py:190} INFO - [2024-11-12T16:59:30.693+0100] {dag.py:3239} INFO - Sync 1 DAGs
[2024-11-12T16:59:30.705+0100] {logging_mixin.py:190} INFO - [2024-11-12T16:59:30.705+0100] {dag.py:4180} INFO - Setting next_dagrun for example_trigger_target_dag to None, run_after=None
[2024-11-12T16:59:30.742+0100] {processor.py:208} INFO - Processing /home/sakana/anaconda3/envs/airflow_env/lib/python3.8/site-packages/airflow/example_dags/example_trigger_target_dag.py took 0.090 seconds
[2024-11-12T17:00:31.242+0100] {processor.py:186} INFO - Started process (PID=8989) to work on /home/sakana/anaconda3/envs/airflow_env/lib/python3.8/site-packages/airflow/example_dags/example_trigger_target_dag.py
[2024-11-12T17:00:31.246+0100] {processor.py:914} INFO - Processing file /home/sakana/anaconda3/envs/airflow_env/lib/python3.8/site-packages/airflow/example_dags/example_trigger_target_dag.py for tasks to queue
[2024-11-12T17:00:31.249+0100] {logging_mixin.py:190} INFO - [2024-11-12T17:00:31.248+0100] {dagbag.py:588} INFO - Filling up the DagBag from /home/sakana/anaconda3/envs/airflow_env/lib/python3.8/site-packages/airflow/example_dags/example_trigger_target_dag.py
[2024-11-12T17:00:31.258+0100] {processor.py:925} INFO - DAG(s) 'example_trigger_target_dag' retrieved from /home/sakana/anaconda3/envs/airflow_env/lib/python3.8/site-packages/airflow/example_dags/example_trigger_target_dag.py
[2024-11-12T17:00:31.273+0100] {logging_mixin.py:190} INFO - [2024-11-12T17:00:31.273+0100] {dag.py:3239} INFO - Sync 1 DAGs
[2024-11-12T17:00:31.284+0100] {logging_mixin.py:190} INFO - [2024-11-12T17:00:31.284+0100] {dag.py:4180} INFO - Setting next_dagrun for example_trigger_target_dag to None, run_after=None
[2024-11-12T17:00:31.315+0100] {processor.py:208} INFO - Processing /home/sakana/anaconda3/envs/airflow_env/lib/python3.8/site-packages/airflow/example_dags/example_trigger_target_dag.py took 0.080 seconds
[2024-11-12T17:01:33.296+0100] {processor.py:186} INFO - Started process (PID=9085) to work on /home/sakana/anaconda3/envs/airflow_env/lib/python3.8/site-packages/airflow/example_dags/example_trigger_target_dag.py
[2024-11-12T17:01:33.302+0100] {processor.py:914} INFO - Processing file /home/sakana/anaconda3/envs/airflow_env/lib/python3.8/site-packages/airflow/example_dags/example_trigger_target_dag.py for tasks to queue
[2024-11-12T17:01:33.308+0100] {logging_mixin.py:190} INFO - [2024-11-12T17:01:33.307+0100] {dagbag.py:588} INFO - Filling up the DagBag from /home/sakana/anaconda3/envs/airflow_env/lib/python3.8/site-packages/airflow/example_dags/example_trigger_target_dag.py
[2024-11-12T17:01:33.330+0100] {processor.py:925} INFO - DAG(s) 'example_trigger_target_dag' retrieved from /home/sakana/anaconda3/envs/airflow_env/lib/python3.8/site-packages/airflow/example_dags/example_trigger_target_dag.py
[2024-11-12T17:01:33.349+0100] {logging_mixin.py:190} INFO - [2024-11-12T17:01:33.348+0100] {dag.py:3239} INFO - Sync 1 DAGs
[2024-11-12T17:01:33.360+0100] {logging_mixin.py:190} INFO - [2024-11-12T17:01:33.360+0100] {dag.py:4180} INFO - Setting next_dagrun for example_trigger_target_dag to None, run_after=None
[2024-11-12T17:01:33.391+0100] {processor.py:208} INFO - Processing /home/sakana/anaconda3/envs/airflow_env/lib/python3.8/site-packages/airflow/example_dags/example_trigger_target_dag.py took 0.102 seconds
[2024-11-12T17:19:13.396+0100] {processor.py:186} INFO - Started process (PID=9351) to work on /home/sakana/anaconda3/envs/airflow_env/lib/python3.8/site-packages/airflow/example_dags/example_trigger_target_dag.py
[2024-11-12T17:19:13.397+0100] {processor.py:914} INFO - Processing file /home/sakana/anaconda3/envs/airflow_env/lib/python3.8/site-packages/airflow/example_dags/example_trigger_target_dag.py for tasks to queue
[2024-11-12T17:19:13.399+0100] {logging_mixin.py:190} INFO - [2024-11-12T17:19:13.398+0100] {dagbag.py:588} INFO - Filling up the DagBag from /home/sakana/anaconda3/envs/airflow_env/lib/python3.8/site-packages/airflow/example_dags/example_trigger_target_dag.py
[2024-11-12T17:19:13.405+0100] {processor.py:925} INFO - DAG(s) 'example_trigger_target_dag' retrieved from /home/sakana/anaconda3/envs/airflow_env/lib/python3.8/site-packages/airflow/example_dags/example_trigger_target_dag.py
[2024-11-12T17:19:13.417+0100] {logging_mixin.py:190} INFO - [2024-11-12T17:19:13.416+0100] {dag.py:3239} INFO - Sync 1 DAGs
[2024-11-12T17:19:13.427+0100] {logging_mixin.py:190} INFO - [2024-11-12T17:19:13.427+0100] {dag.py:4180} INFO - Setting next_dagrun for example_trigger_target_dag to None, run_after=None
[2024-11-12T17:19:13.453+0100] {processor.py:208} INFO - Processing /home/sakana/anaconda3/envs/airflow_env/lib/python3.8/site-packages/airflow/example_dags/example_trigger_target_dag.py took 0.062 seconds
[2024-11-12T17:20:19.501+0100] {processor.py:186} INFO - Started process (PID=9671) to work on /home/sakana/anaconda3/envs/airflow_env/lib/python3.8/site-packages/airflow/example_dags/example_trigger_target_dag.py
[2024-11-12T17:20:19.502+0100] {processor.py:914} INFO - Processing file /home/sakana/anaconda3/envs/airflow_env/lib/python3.8/site-packages/airflow/example_dags/example_trigger_target_dag.py for tasks to queue
[2024-11-12T17:20:19.505+0100] {logging_mixin.py:190} INFO - [2024-11-12T17:20:19.504+0100] {dagbag.py:588} INFO - Filling up the DagBag from /home/sakana/anaconda3/envs/airflow_env/lib/python3.8/site-packages/airflow/example_dags/example_trigger_target_dag.py
[2024-11-12T17:20:19.521+0100] {processor.py:925} INFO - DAG(s) 'example_trigger_target_dag' retrieved from /home/sakana/anaconda3/envs/airflow_env/lib/python3.8/site-packages/airflow/example_dags/example_trigger_target_dag.py
[2024-11-12T17:20:19.544+0100] {logging_mixin.py:190} INFO - [2024-11-12T17:20:19.543+0100] {dag.py:3239} INFO - Sync 1 DAGs
[2024-11-12T17:20:19.563+0100] {logging_mixin.py:190} INFO - [2024-11-12T17:20:19.562+0100] {dag.py:4180} INFO - Setting next_dagrun for example_trigger_target_dag to None, run_after=None
[2024-11-12T17:20:19.601+0100] {processor.py:208} INFO - Processing /home/sakana/anaconda3/envs/airflow_env/lib/python3.8/site-packages/airflow/example_dags/example_trigger_target_dag.py took 0.109 seconds
[2024-11-12T17:21:29.625+0100] {processor.py:186} INFO - Started process (PID=9755) to work on /home/sakana/anaconda3/envs/airflow_env/lib/python3.8/site-packages/airflow/example_dags/example_trigger_target_dag.py
[2024-11-12T17:21:29.631+0100] {processor.py:914} INFO - Processing file /home/sakana/anaconda3/envs/airflow_env/lib/python3.8/site-packages/airflow/example_dags/example_trigger_target_dag.py for tasks to queue
[2024-11-12T17:21:29.633+0100] {logging_mixin.py:190} INFO - [2024-11-12T17:21:29.633+0100] {dagbag.py:588} INFO - Filling up the DagBag from /home/sakana/anaconda3/envs/airflow_env/lib/python3.8/site-packages/airflow/example_dags/example_trigger_target_dag.py
[2024-11-12T17:21:29.648+0100] {processor.py:925} INFO - DAG(s) 'example_trigger_target_dag' retrieved from /home/sakana/anaconda3/envs/airflow_env/lib/python3.8/site-packages/airflow/example_dags/example_trigger_target_dag.py
[2024-11-12T17:21:29.671+0100] {logging_mixin.py:190} INFO - [2024-11-12T17:21:29.670+0100] {dag.py:3239} INFO - Sync 1 DAGs
[2024-11-12T17:21:29.697+0100] {logging_mixin.py:190} INFO - [2024-11-12T17:21:29.697+0100] {dag.py:4180} INFO - Setting next_dagrun for example_trigger_target_dag to None, run_after=None
[2024-11-12T17:21:29.753+0100] {processor.py:208} INFO - Processing /home/sakana/anaconda3/envs/airflow_env/lib/python3.8/site-packages/airflow/example_dags/example_trigger_target_dag.py took 0.138 seconds
[2024-11-12T17:22:35.875+0100] {processor.py:186} INFO - Started process (PID=9875) to work on /home/sakana/anaconda3/envs/airflow_env/lib/python3.8/site-packages/airflow/example_dags/example_trigger_target_dag.py
[2024-11-12T17:22:35.881+0100] {processor.py:914} INFO - Processing file /home/sakana/anaconda3/envs/airflow_env/lib/python3.8/site-packages/airflow/example_dags/example_trigger_target_dag.py for tasks to queue
[2024-11-12T17:22:35.884+0100] {logging_mixin.py:190} INFO - [2024-11-12T17:22:35.883+0100] {dagbag.py:588} INFO - Filling up the DagBag from /home/sakana/anaconda3/envs/airflow_env/lib/python3.8/site-packages/airflow/example_dags/example_trigger_target_dag.py
[2024-11-12T17:22:35.896+0100] {processor.py:925} INFO - DAG(s) 'example_trigger_target_dag' retrieved from /home/sakana/anaconda3/envs/airflow_env/lib/python3.8/site-packages/airflow/example_dags/example_trigger_target_dag.py
[2024-11-12T17:22:35.917+0100] {logging_mixin.py:190} INFO - [2024-11-12T17:22:35.917+0100] {dag.py:3239} INFO - Sync 1 DAGs
[2024-11-12T17:22:35.933+0100] {logging_mixin.py:190} INFO - [2024-11-12T17:22:35.932+0100] {dag.py:4180} INFO - Setting next_dagrun for example_trigger_target_dag to None, run_after=None
[2024-11-12T17:22:35.982+0100] {processor.py:208} INFO - Processing /home/sakana/anaconda3/envs/airflow_env/lib/python3.8/site-packages/airflow/example_dags/example_trigger_target_dag.py took 0.120 seconds
[2024-11-12T17:23:17.687+0100] {processor.py:186} INFO - Started process (PID=9955) to work on /home/sakana/anaconda3/envs/airflow_env/lib/python3.8/site-packages/airflow/example_dags/example_trigger_target_dag.py
[2024-11-12T17:23:17.692+0100] {processor.py:914} INFO - Processing file /home/sakana/anaconda3/envs/airflow_env/lib/python3.8/site-packages/airflow/example_dags/example_trigger_target_dag.py for tasks to queue
[2024-11-12T17:23:17.696+0100] {logging_mixin.py:190} INFO - [2024-11-12T17:23:17.696+0100] {dagbag.py:588} INFO - Filling up the DagBag from /home/sakana/anaconda3/envs/airflow_env/lib/python3.8/site-packages/airflow/example_dags/example_trigger_target_dag.py
[2024-11-12T17:23:17.708+0100] {processor.py:925} INFO - DAG(s) 'example_trigger_target_dag' retrieved from /home/sakana/anaconda3/envs/airflow_env/lib/python3.8/site-packages/airflow/example_dags/example_trigger_target_dag.py
[2024-11-12T17:23:17.729+0100] {logging_mixin.py:190} INFO - [2024-11-12T17:23:17.729+0100] {dag.py:3239} INFO - Sync 1 DAGs
[2024-11-12T17:23:17.748+0100] {logging_mixin.py:190} INFO - [2024-11-12T17:23:17.748+0100] {dag.py:4180} INFO - Setting next_dagrun for example_trigger_target_dag to None, run_after=None
[2024-11-12T17:23:17.786+0100] {processor.py:208} INFO - Processing /home/sakana/anaconda3/envs/airflow_env/lib/python3.8/site-packages/airflow/example_dags/example_trigger_target_dag.py took 0.108 seconds
[2024-11-12T17:24:30.289+0100] {processor.py:186} INFO - Started process (PID=10119) to work on /home/sakana/anaconda3/envs/airflow_env/lib/python3.8/site-packages/airflow/example_dags/example_trigger_target_dag.py
[2024-11-12T17:24:30.295+0100] {processor.py:914} INFO - Processing file /home/sakana/anaconda3/envs/airflow_env/lib/python3.8/site-packages/airflow/example_dags/example_trigger_target_dag.py for tasks to queue
[2024-11-12T17:24:30.299+0100] {logging_mixin.py:190} INFO - [2024-11-12T17:24:30.298+0100] {dagbag.py:588} INFO - Filling up the DagBag from /home/sakana/anaconda3/envs/airflow_env/lib/python3.8/site-packages/airflow/example_dags/example_trigger_target_dag.py
[2024-11-12T17:24:30.317+0100] {processor.py:925} INFO - DAG(s) 'example_trigger_target_dag' retrieved from /home/sakana/anaconda3/envs/airflow_env/lib/python3.8/site-packages/airflow/example_dags/example_trigger_target_dag.py
[2024-11-12T17:24:30.350+0100] {logging_mixin.py:190} INFO - [2024-11-12T17:24:30.350+0100] {dag.py:3239} INFO - Sync 1 DAGs
[2024-11-12T17:24:30.377+0100] {logging_mixin.py:190} INFO - [2024-11-12T17:24:30.376+0100] {dag.py:4180} INFO - Setting next_dagrun for example_trigger_target_dag to None, run_after=None
[2024-11-12T17:24:30.448+0100] {processor.py:208} INFO - Processing /home/sakana/anaconda3/envs/airflow_env/lib/python3.8/site-packages/airflow/example_dags/example_trigger_target_dag.py took 0.169 seconds
[2024-11-12T17:25:43.390+0100] {processor.py:186} INFO - Started process (PID=10246) to work on /home/sakana/anaconda3/envs/airflow_env/lib/python3.8/site-packages/airflow/example_dags/example_trigger_target_dag.py
[2024-11-12T17:25:43.396+0100] {processor.py:914} INFO - Processing file /home/sakana/anaconda3/envs/airflow_env/lib/python3.8/site-packages/airflow/example_dags/example_trigger_target_dag.py for tasks to queue
[2024-11-12T17:25:43.399+0100] {logging_mixin.py:190} INFO - [2024-11-12T17:25:43.398+0100] {dagbag.py:588} INFO - Filling up the DagBag from /home/sakana/anaconda3/envs/airflow_env/lib/python3.8/site-packages/airflow/example_dags/example_trigger_target_dag.py
[2024-11-12T17:25:43.416+0100] {processor.py:925} INFO - DAG(s) 'example_trigger_target_dag' retrieved from /home/sakana/anaconda3/envs/airflow_env/lib/python3.8/site-packages/airflow/example_dags/example_trigger_target_dag.py
[2024-11-12T17:25:43.445+0100] {logging_mixin.py:190} INFO - [2024-11-12T17:25:43.445+0100] {dag.py:3239} INFO - Sync 1 DAGs
[2024-11-12T17:25:43.474+0100] {logging_mixin.py:190} INFO - [2024-11-12T17:25:43.474+0100] {dag.py:4180} INFO - Setting next_dagrun for example_trigger_target_dag to None, run_after=None
[2024-11-12T17:25:43.516+0100] {processor.py:208} INFO - Processing /home/sakana/anaconda3/envs/airflow_env/lib/python3.8/site-packages/airflow/example_dags/example_trigger_target_dag.py took 0.134 seconds
[2024-11-12T17:26:53.826+0100] {processor.py:186} INFO - Started process (PID=10351) to work on /home/sakana/anaconda3/envs/airflow_env/lib/python3.8/site-packages/airflow/example_dags/example_trigger_target_dag.py
[2024-11-12T17:26:53.833+0100] {processor.py:914} INFO - Processing file /home/sakana/anaconda3/envs/airflow_env/lib/python3.8/site-packages/airflow/example_dags/example_trigger_target_dag.py for tasks to queue
[2024-11-12T17:26:53.837+0100] {logging_mixin.py:190} INFO - [2024-11-12T17:26:53.836+0100] {dagbag.py:588} INFO - Filling up the DagBag from /home/sakana/anaconda3/envs/airflow_env/lib/python3.8/site-packages/airflow/example_dags/example_trigger_target_dag.py
[2024-11-12T17:26:53.858+0100] {processor.py:925} INFO - DAG(s) 'example_trigger_target_dag' retrieved from /home/sakana/anaconda3/envs/airflow_env/lib/python3.8/site-packages/airflow/example_dags/example_trigger_target_dag.py
[2024-11-12T17:26:53.891+0100] {logging_mixin.py:190} INFO - [2024-11-12T17:26:53.891+0100] {dag.py:3239} INFO - Sync 1 DAGs
[2024-11-12T17:26:53.916+0100] {logging_mixin.py:190} INFO - [2024-11-12T17:26:53.916+0100] {dag.py:4180} INFO - Setting next_dagrun for example_trigger_target_dag to None, run_after=None
[2024-11-12T17:26:53.963+0100] {processor.py:208} INFO - Processing /home/sakana/anaconda3/envs/airflow_env/lib/python3.8/site-packages/airflow/example_dags/example_trigger_target_dag.py took 0.149 seconds
[2024-11-12T17:27:33.561+0100] {processor.py:186} INFO - Started process (PID=10395) to work on /home/sakana/anaconda3/envs/airflow_env/lib/python3.8/site-packages/airflow/example_dags/example_trigger_target_dag.py
[2024-11-12T17:27:33.567+0100] {processor.py:914} INFO - Processing file /home/sakana/anaconda3/envs/airflow_env/lib/python3.8/site-packages/airflow/example_dags/example_trigger_target_dag.py for tasks to queue
[2024-11-12T17:27:33.572+0100] {logging_mixin.py:190} INFO - [2024-11-12T17:27:33.571+0100] {dagbag.py:588} INFO - Filling up the DagBag from /home/sakana/anaconda3/envs/airflow_env/lib/python3.8/site-packages/airflow/example_dags/example_trigger_target_dag.py
[2024-11-12T17:27:33.584+0100] {processor.py:925} INFO - DAG(s) 'example_trigger_target_dag' retrieved from /home/sakana/anaconda3/envs/airflow_env/lib/python3.8/site-packages/airflow/example_dags/example_trigger_target_dag.py
[2024-11-12T17:27:33.606+0100] {logging_mixin.py:190} INFO - [2024-11-12T17:27:33.606+0100] {dag.py:3239} INFO - Sync 1 DAGs
[2024-11-12T17:27:33.622+0100] {logging_mixin.py:190} INFO - [2024-11-12T17:27:33.622+0100] {dag.py:4180} INFO - Setting next_dagrun for example_trigger_target_dag to None, run_after=None
[2024-11-12T17:27:33.651+0100] {processor.py:208} INFO - Processing /home/sakana/anaconda3/envs/airflow_env/lib/python3.8/site-packages/airflow/example_dags/example_trigger_target_dag.py took 0.100 seconds
[2024-11-12T17:28:44.555+0100] {processor.py:186} INFO - Started process (PID=10530) to work on /home/sakana/anaconda3/envs/airflow_env/lib/python3.8/site-packages/airflow/example_dags/example_trigger_target_dag.py
[2024-11-12T17:28:44.561+0100] {processor.py:914} INFO - Processing file /home/sakana/anaconda3/envs/airflow_env/lib/python3.8/site-packages/airflow/example_dags/example_trigger_target_dag.py for tasks to queue
[2024-11-12T17:28:44.565+0100] {logging_mixin.py:190} INFO - [2024-11-12T17:28:44.564+0100] {dagbag.py:588} INFO - Filling up the DagBag from /home/sakana/anaconda3/envs/airflow_env/lib/python3.8/site-packages/airflow/example_dags/example_trigger_target_dag.py
[2024-11-12T17:28:44.579+0100] {processor.py:925} INFO - DAG(s) 'example_trigger_target_dag' retrieved from /home/sakana/anaconda3/envs/airflow_env/lib/python3.8/site-packages/airflow/example_dags/example_trigger_target_dag.py
[2024-11-12T17:28:44.604+0100] {logging_mixin.py:190} INFO - [2024-11-12T17:28:44.604+0100] {dag.py:3239} INFO - Sync 1 DAGs
[2024-11-12T17:28:44.621+0100] {logging_mixin.py:190} INFO - [2024-11-12T17:28:44.621+0100] {dag.py:4180} INFO - Setting next_dagrun for example_trigger_target_dag to None, run_after=None
[2024-11-12T17:28:44.676+0100] {processor.py:208} INFO - Processing /home/sakana/anaconda3/envs/airflow_env/lib/python3.8/site-packages/airflow/example_dags/example_trigger_target_dag.py took 0.142 seconds
[2024-11-12T17:29:56.323+0100] {processor.py:186} INFO - Started process (PID=10608) to work on /home/sakana/anaconda3/envs/airflow_env/lib/python3.8/site-packages/airflow/example_dags/example_trigger_target_dag.py
[2024-11-12T17:29:56.328+0100] {processor.py:914} INFO - Processing file /home/sakana/anaconda3/envs/airflow_env/lib/python3.8/site-packages/airflow/example_dags/example_trigger_target_dag.py for tasks to queue
[2024-11-12T17:29:56.331+0100] {logging_mixin.py:190} INFO - [2024-11-12T17:29:56.331+0100] {dagbag.py:588} INFO - Filling up the DagBag from /home/sakana/anaconda3/envs/airflow_env/lib/python3.8/site-packages/airflow/example_dags/example_trigger_target_dag.py
[2024-11-12T17:29:56.343+0100] {processor.py:925} INFO - DAG(s) 'example_trigger_target_dag' retrieved from /home/sakana/anaconda3/envs/airflow_env/lib/python3.8/site-packages/airflow/example_dags/example_trigger_target_dag.py
[2024-11-12T17:29:56.363+0100] {logging_mixin.py:190} INFO - [2024-11-12T17:29:56.362+0100] {dag.py:3239} INFO - Sync 1 DAGs
[2024-11-12T17:29:56.382+0100] {logging_mixin.py:190} INFO - [2024-11-12T17:29:56.382+0100] {dag.py:4180} INFO - Setting next_dagrun for example_trigger_target_dag to None, run_after=None
[2024-11-12T17:29:56.421+0100] {processor.py:208} INFO - Processing /home/sakana/anaconda3/envs/airflow_env/lib/python3.8/site-packages/airflow/example_dags/example_trigger_target_dag.py took 0.106 seconds
[2024-11-12T17:31:09.827+0100] {processor.py:186} INFO - Started process (PID=10689) to work on /home/sakana/anaconda3/envs/airflow_env/lib/python3.8/site-packages/airflow/example_dags/example_trigger_target_dag.py
[2024-11-12T17:31:09.833+0100] {processor.py:914} INFO - Processing file /home/sakana/anaconda3/envs/airflow_env/lib/python3.8/site-packages/airflow/example_dags/example_trigger_target_dag.py for tasks to queue
[2024-11-12T17:31:09.836+0100] {logging_mixin.py:190} INFO - [2024-11-12T17:31:09.835+0100] {dagbag.py:588} INFO - Filling up the DagBag from /home/sakana/anaconda3/envs/airflow_env/lib/python3.8/site-packages/airflow/example_dags/example_trigger_target_dag.py
[2024-11-12T17:31:09.847+0100] {processor.py:925} INFO - DAG(s) 'example_trigger_target_dag' retrieved from /home/sakana/anaconda3/envs/airflow_env/lib/python3.8/site-packages/airflow/example_dags/example_trigger_target_dag.py
[2024-11-12T17:31:09.867+0100] {logging_mixin.py:190} INFO - [2024-11-12T17:31:09.866+0100] {dag.py:3239} INFO - Sync 1 DAGs
[2024-11-12T17:31:09.889+0100] {logging_mixin.py:190} INFO - [2024-11-12T17:31:09.889+0100] {dag.py:4180} INFO - Setting next_dagrun for example_trigger_target_dag to None, run_after=None
[2024-11-12T17:31:09.922+0100] {processor.py:208} INFO - Processing /home/sakana/anaconda3/envs/airflow_env/lib/python3.8/site-packages/airflow/example_dags/example_trigger_target_dag.py took 0.110 seconds
[2024-11-12T17:32:22.569+0100] {processor.py:186} INFO - Started process (PID=10817) to work on /home/sakana/anaconda3/envs/airflow_env/lib/python3.8/site-packages/airflow/example_dags/example_trigger_target_dag.py
[2024-11-12T17:32:22.570+0100] {processor.py:914} INFO - Processing file /home/sakana/anaconda3/envs/airflow_env/lib/python3.8/site-packages/airflow/example_dags/example_trigger_target_dag.py for tasks to queue
[2024-11-12T17:32:22.572+0100] {logging_mixin.py:190} INFO - [2024-11-12T17:32:22.572+0100] {dagbag.py:588} INFO - Filling up the DagBag from /home/sakana/anaconda3/envs/airflow_env/lib/python3.8/site-packages/airflow/example_dags/example_trigger_target_dag.py
[2024-11-12T17:32:22.583+0100] {processor.py:925} INFO - DAG(s) 'example_trigger_target_dag' retrieved from /home/sakana/anaconda3/envs/airflow_env/lib/python3.8/site-packages/airflow/example_dags/example_trigger_target_dag.py
[2024-11-12T17:32:22.604+0100] {logging_mixin.py:190} INFO - [2024-11-12T17:32:22.603+0100] {dag.py:3239} INFO - Sync 1 DAGs
[2024-11-12T17:32:22.624+0100] {logging_mixin.py:190} INFO - [2024-11-12T17:32:22.624+0100] {dag.py:4180} INFO - Setting next_dagrun for example_trigger_target_dag to None, run_after=None
[2024-11-12T17:32:22.660+0100] {processor.py:208} INFO - Processing /home/sakana/anaconda3/envs/airflow_env/lib/python3.8/site-packages/airflow/example_dags/example_trigger_target_dag.py took 0.099 seconds
[2024-11-12T17:33:29.802+0100] {processor.py:186} INFO - Started process (PID=11045) to work on /home/sakana/anaconda3/envs/airflow_env/lib/python3.8/site-packages/airflow/example_dags/example_trigger_target_dag.py
[2024-11-12T17:33:29.807+0100] {processor.py:914} INFO - Processing file /home/sakana/anaconda3/envs/airflow_env/lib/python3.8/site-packages/airflow/example_dags/example_trigger_target_dag.py for tasks to queue
[2024-11-12T17:33:29.814+0100] {logging_mixin.py:190} INFO - [2024-11-12T17:33:29.812+0100] {dagbag.py:588} INFO - Filling up the DagBag from /home/sakana/anaconda3/envs/airflow_env/lib/python3.8/site-packages/airflow/example_dags/example_trigger_target_dag.py
[2024-11-12T17:33:29.835+0100] {processor.py:925} INFO - DAG(s) 'example_trigger_target_dag' retrieved from /home/sakana/anaconda3/envs/airflow_env/lib/python3.8/site-packages/airflow/example_dags/example_trigger_target_dag.py
[2024-11-12T17:33:29.853+0100] {logging_mixin.py:190} INFO - [2024-11-12T17:33:29.852+0100] {dag.py:3239} INFO - Sync 1 DAGs
[2024-11-12T17:33:29.866+0100] {logging_mixin.py:190} INFO - [2024-11-12T17:33:29.866+0100] {dag.py:4180} INFO - Setting next_dagrun for example_trigger_target_dag to None, run_after=None
[2024-11-12T17:33:29.892+0100] {processor.py:208} INFO - Processing /home/sakana/anaconda3/envs/airflow_env/lib/python3.8/site-packages/airflow/example_dags/example_trigger_target_dag.py took 0.099 seconds
[2024-11-12T17:34:28.177+0100] {processor.py:186} INFO - Started process (PID=11129) to work on /home/sakana/anaconda3/envs/airflow_env/lib/python3.8/site-packages/airflow/example_dags/example_trigger_target_dag.py
[2024-11-12T17:34:28.182+0100] {processor.py:914} INFO - Processing file /home/sakana/anaconda3/envs/airflow_env/lib/python3.8/site-packages/airflow/example_dags/example_trigger_target_dag.py for tasks to queue
[2024-11-12T17:34:28.184+0100] {logging_mixin.py:190} INFO - [2024-11-12T17:34:28.184+0100] {dagbag.py:588} INFO - Filling up the DagBag from /home/sakana/anaconda3/envs/airflow_env/lib/python3.8/site-packages/airflow/example_dags/example_trigger_target_dag.py
[2024-11-12T17:34:28.192+0100] {processor.py:925} INFO - DAG(s) 'example_trigger_target_dag' retrieved from /home/sakana/anaconda3/envs/airflow_env/lib/python3.8/site-packages/airflow/example_dags/example_trigger_target_dag.py
[2024-11-12T17:34:28.206+0100] {logging_mixin.py:190} INFO - [2024-11-12T17:34:28.206+0100] {dag.py:3239} INFO - Sync 1 DAGs
[2024-11-12T17:34:28.218+0100] {logging_mixin.py:190} INFO - [2024-11-12T17:34:28.217+0100] {dag.py:4180} INFO - Setting next_dagrun for example_trigger_target_dag to None, run_after=None
[2024-11-12T17:34:28.247+0100] {processor.py:208} INFO - Processing /home/sakana/anaconda3/envs/airflow_env/lib/python3.8/site-packages/airflow/example_dags/example_trigger_target_dag.py took 0.076 seconds
[2024-11-12T17:35:30.524+0100] {processor.py:186} INFO - Started process (PID=11214) to work on /home/sakana/anaconda3/envs/airflow_env/lib/python3.8/site-packages/airflow/example_dags/example_trigger_target_dag.py
[2024-11-12T17:35:30.529+0100] {processor.py:914} INFO - Processing file /home/sakana/anaconda3/envs/airflow_env/lib/python3.8/site-packages/airflow/example_dags/example_trigger_target_dag.py for tasks to queue
[2024-11-12T17:35:30.531+0100] {logging_mixin.py:190} INFO - [2024-11-12T17:35:30.531+0100] {dagbag.py:588} INFO - Filling up the DagBag from /home/sakana/anaconda3/envs/airflow_env/lib/python3.8/site-packages/airflow/example_dags/example_trigger_target_dag.py
[2024-11-12T17:35:30.539+0100] {processor.py:925} INFO - DAG(s) 'example_trigger_target_dag' retrieved from /home/sakana/anaconda3/envs/airflow_env/lib/python3.8/site-packages/airflow/example_dags/example_trigger_target_dag.py
[2024-11-12T17:35:30.552+0100] {logging_mixin.py:190} INFO - [2024-11-12T17:35:30.552+0100] {dag.py:3239} INFO - Sync 1 DAGs
[2024-11-12T17:35:30.563+0100] {logging_mixin.py:190} INFO - [2024-11-12T17:35:30.563+0100] {dag.py:4180} INFO - Setting next_dagrun for example_trigger_target_dag to None, run_after=None
[2024-11-12T17:35:30.588+0100] {processor.py:208} INFO - Processing /home/sakana/anaconda3/envs/airflow_env/lib/python3.8/site-packages/airflow/example_dags/example_trigger_target_dag.py took 0.072 seconds
[2024-11-12T17:36:27.642+0100] {processor.py:186} INFO - Started process (PID=11283) to work on /home/sakana/anaconda3/envs/airflow_env/lib/python3.8/site-packages/airflow/example_dags/example_trigger_target_dag.py
[2024-11-12T17:36:27.647+0100] {processor.py:914} INFO - Processing file /home/sakana/anaconda3/envs/airflow_env/lib/python3.8/site-packages/airflow/example_dags/example_trigger_target_dag.py for tasks to queue
[2024-11-12T17:36:27.649+0100] {logging_mixin.py:190} INFO - [2024-11-12T17:36:27.649+0100] {dagbag.py:588} INFO - Filling up the DagBag from /home/sakana/anaconda3/envs/airflow_env/lib/python3.8/site-packages/airflow/example_dags/example_trigger_target_dag.py
[2024-11-12T17:36:27.657+0100] {processor.py:925} INFO - DAG(s) 'example_trigger_target_dag' retrieved from /home/sakana/anaconda3/envs/airflow_env/lib/python3.8/site-packages/airflow/example_dags/example_trigger_target_dag.py
[2024-11-12T17:36:27.671+0100] {logging_mixin.py:190} INFO - [2024-11-12T17:36:27.671+0100] {dag.py:3239} INFO - Sync 1 DAGs
[2024-11-12T17:36:27.683+0100] {logging_mixin.py:190} INFO - [2024-11-12T17:36:27.682+0100] {dag.py:4180} INFO - Setting next_dagrun for example_trigger_target_dag to None, run_after=None
[2024-11-12T17:36:27.723+0100] {processor.py:208} INFO - Processing /home/sakana/anaconda3/envs/airflow_env/lib/python3.8/site-packages/airflow/example_dags/example_trigger_target_dag.py took 0.086 seconds
