[2024-11-12T01:01:33.070+0100] {processor.py:186} INFO - Started process (PID=31383) to work on /home/sakana/anaconda3/envs/airflow_env/lib/python3.8/site-packages/airflow/example_dags/example_skip_dag.py
[2024-11-12T01:01:33.071+0100] {processor.py:914} INFO - Processing file /home/sakana/anaconda3/envs/airflow_env/lib/python3.8/site-packages/airflow/example_dags/example_skip_dag.py for tasks to queue
[2024-11-12T01:01:33.073+0100] {logging_mixin.py:190} INFO - [2024-11-12T01:01:33.073+0100] {dagbag.py:588} INFO - Filling up the DagBag from /home/sakana/anaconda3/envs/airflow_env/lib/python3.8/site-packages/airflow/example_dags/example_skip_dag.py
[2024-11-12T01:01:33.082+0100] {processor.py:925} INFO - DAG(s) 'example_skip_dag' retrieved from /home/sakana/anaconda3/envs/airflow_env/lib/python3.8/site-packages/airflow/example_dags/example_skip_dag.py
[2024-11-12T01:01:33.102+0100] {logging_mixin.py:190} INFO - [2024-11-12T01:01:33.101+0100] {dag.py:3239} INFO - Sync 1 DAGs
[2024-11-12T01:01:33.133+0100] {logging_mixin.py:190} INFO - [2024-11-12T01:01:33.133+0100] {dag.py:4180} INFO - Setting next_dagrun for example_skip_dag to 2024-11-11 00:00:00+00:00, run_after=2024-11-12 00:00:00+00:00
[2024-11-12T01:01:33.186+0100] {processor.py:208} INFO - Processing /home/sakana/anaconda3/envs/airflow_env/lib/python3.8/site-packages/airflow/example_dags/example_skip_dag.py took 0.125 seconds
[2024-11-12T01:02:35.362+0100] {processor.py:186} INFO - Started process (PID=31810) to work on /home/sakana/anaconda3/envs/airflow_env/lib/python3.8/site-packages/airflow/example_dags/example_skip_dag.py
[2024-11-12T01:02:35.367+0100] {processor.py:914} INFO - Processing file /home/sakana/anaconda3/envs/airflow_env/lib/python3.8/site-packages/airflow/example_dags/example_skip_dag.py for tasks to queue
[2024-11-12T01:02:35.371+0100] {logging_mixin.py:190} INFO - [2024-11-12T01:02:35.370+0100] {dagbag.py:588} INFO - Filling up the DagBag from /home/sakana/anaconda3/envs/airflow_env/lib/python3.8/site-packages/airflow/example_dags/example_skip_dag.py
[2024-11-12T01:02:35.383+0100] {processor.py:925} INFO - DAG(s) 'example_skip_dag' retrieved from /home/sakana/anaconda3/envs/airflow_env/lib/python3.8/site-packages/airflow/example_dags/example_skip_dag.py
[2024-11-12T01:02:35.403+0100] {logging_mixin.py:190} INFO - [2024-11-12T01:02:35.403+0100] {dag.py:3239} INFO - Sync 1 DAGs
[2024-11-12T01:02:35.428+0100] {logging_mixin.py:190} INFO - [2024-11-12T01:02:35.428+0100] {dag.py:4180} INFO - Setting next_dagrun for example_skip_dag to 2024-11-11 00:00:00+00:00, run_after=2024-11-12 00:00:00+00:00
[2024-11-12T01:02:35.458+0100] {processor.py:208} INFO - Processing /home/sakana/anaconda3/envs/airflow_env/lib/python3.8/site-packages/airflow/example_dags/example_skip_dag.py took 0.102 seconds
[2024-11-12T01:03:40.319+0100] {processor.py:186} INFO - Started process (PID=32298) to work on /home/sakana/anaconda3/envs/airflow_env/lib/python3.8/site-packages/airflow/example_dags/example_skip_dag.py
[2024-11-12T01:03:40.323+0100] {processor.py:914} INFO - Processing file /home/sakana/anaconda3/envs/airflow_env/lib/python3.8/site-packages/airflow/example_dags/example_skip_dag.py for tasks to queue
[2024-11-12T01:03:40.326+0100] {logging_mixin.py:190} INFO - [2024-11-12T01:03:40.325+0100] {dagbag.py:588} INFO - Filling up the DagBag from /home/sakana/anaconda3/envs/airflow_env/lib/python3.8/site-packages/airflow/example_dags/example_skip_dag.py
[2024-11-12T01:03:40.335+0100] {processor.py:925} INFO - DAG(s) 'example_skip_dag' retrieved from /home/sakana/anaconda3/envs/airflow_env/lib/python3.8/site-packages/airflow/example_dags/example_skip_dag.py
[2024-11-12T01:03:40.355+0100] {logging_mixin.py:190} INFO - [2024-11-12T01:03:40.354+0100] {dag.py:3239} INFO - Sync 1 DAGs
[2024-11-12T01:03:40.378+0100] {logging_mixin.py:190} INFO - [2024-11-12T01:03:40.377+0100] {dag.py:4180} INFO - Setting next_dagrun for example_skip_dag to 2024-11-11 00:00:00+00:00, run_after=2024-11-12 00:00:00+00:00
[2024-11-12T01:03:40.411+0100] {processor.py:208} INFO - Processing /home/sakana/anaconda3/envs/airflow_env/lib/python3.8/site-packages/airflow/example_dags/example_skip_dag.py took 0.100 seconds
[2024-11-12T01:10:18.890+0100] {processor.py:186} INFO - Started process (PID=4156) to work on /home/sakana/anaconda3/envs/airflow_env/lib/python3.8/site-packages/airflow/example_dags/example_skip_dag.py
[2024-11-12T01:10:18.891+0100] {processor.py:914} INFO - Processing file /home/sakana/anaconda3/envs/airflow_env/lib/python3.8/site-packages/airflow/example_dags/example_skip_dag.py for tasks to queue
[2024-11-12T01:10:18.893+0100] {logging_mixin.py:190} INFO - [2024-11-12T01:10:18.893+0100] {dagbag.py:588} INFO - Filling up the DagBag from /home/sakana/anaconda3/envs/airflow_env/lib/python3.8/site-packages/airflow/example_dags/example_skip_dag.py
[2024-11-12T01:10:18.903+0100] {processor.py:925} INFO - DAG(s) 'example_skip_dag' retrieved from /home/sakana/anaconda3/envs/airflow_env/lib/python3.8/site-packages/airflow/example_dags/example_skip_dag.py
[2024-11-12T01:10:18.925+0100] {logging_mixin.py:190} INFO - [2024-11-12T01:10:18.924+0100] {dag.py:3239} INFO - Sync 1 DAGs
[2024-11-12T01:10:18.950+0100] {logging_mixin.py:190} INFO - [2024-11-12T01:10:18.950+0100] {dag.py:4180} INFO - Setting next_dagrun for example_skip_dag to 2024-11-11 00:00:00+00:00, run_after=2024-11-12 00:00:00+00:00
[2024-11-12T01:10:18.980+0100] {processor.py:208} INFO - Processing /home/sakana/anaconda3/envs/airflow_env/lib/python3.8/site-packages/airflow/example_dags/example_skip_dag.py took 0.098 seconds
[2024-11-12T01:11:20.444+0100] {processor.py:186} INFO - Started process (PID=4217) to work on /home/sakana/anaconda3/envs/airflow_env/lib/python3.8/site-packages/airflow/example_dags/example_skip_dag.py
[2024-11-12T01:11:20.445+0100] {processor.py:914} INFO - Processing file /home/sakana/anaconda3/envs/airflow_env/lib/python3.8/site-packages/airflow/example_dags/example_skip_dag.py for tasks to queue
[2024-11-12T01:11:20.447+0100] {logging_mixin.py:190} INFO - [2024-11-12T01:11:20.447+0100] {dagbag.py:588} INFO - Filling up the DagBag from /home/sakana/anaconda3/envs/airflow_env/lib/python3.8/site-packages/airflow/example_dags/example_skip_dag.py
[2024-11-12T01:11:20.455+0100] {processor.py:925} INFO - DAG(s) 'example_skip_dag' retrieved from /home/sakana/anaconda3/envs/airflow_env/lib/python3.8/site-packages/airflow/example_dags/example_skip_dag.py
[2024-11-12T01:11:20.470+0100] {logging_mixin.py:190} INFO - [2024-11-12T01:11:20.469+0100] {dag.py:3239} INFO - Sync 1 DAGs
[2024-11-12T01:11:20.491+0100] {logging_mixin.py:190} INFO - [2024-11-12T01:11:20.490+0100] {dag.py:4180} INFO - Setting next_dagrun for example_skip_dag to 2024-11-11 00:00:00+00:00, run_after=2024-11-12 00:00:00+00:00
[2024-11-12T01:11:20.515+0100] {processor.py:208} INFO - Processing /home/sakana/anaconda3/envs/airflow_env/lib/python3.8/site-packages/airflow/example_dags/example_skip_dag.py took 0.076 seconds
[2024-11-12T01:12:20.157+0100] {processor.py:186} INFO - Started process (PID=4340) to work on /home/sakana/anaconda3/envs/airflow_env/lib/python3.8/site-packages/airflow/example_dags/example_skip_dag.py
[2024-11-12T01:12:20.162+0100] {processor.py:914} INFO - Processing file /home/sakana/anaconda3/envs/airflow_env/lib/python3.8/site-packages/airflow/example_dags/example_skip_dag.py for tasks to queue
[2024-11-12T01:12:20.165+0100] {logging_mixin.py:190} INFO - [2024-11-12T01:12:20.164+0100] {dagbag.py:588} INFO - Filling up the DagBag from /home/sakana/anaconda3/envs/airflow_env/lib/python3.8/site-packages/airflow/example_dags/example_skip_dag.py
[2024-11-12T01:12:20.173+0100] {processor.py:925} INFO - DAG(s) 'example_skip_dag' retrieved from /home/sakana/anaconda3/envs/airflow_env/lib/python3.8/site-packages/airflow/example_dags/example_skip_dag.py
[2024-11-12T01:12:20.191+0100] {logging_mixin.py:190} INFO - [2024-11-12T01:12:20.190+0100] {dag.py:3239} INFO - Sync 1 DAGs
[2024-11-12T01:12:20.210+0100] {logging_mixin.py:190} INFO - [2024-11-12T01:12:20.210+0100] {dag.py:4180} INFO - Setting next_dagrun for example_skip_dag to 2024-11-11 00:00:00+00:00, run_after=2024-11-12 00:00:00+00:00
[2024-11-12T01:12:20.240+0100] {processor.py:208} INFO - Processing /home/sakana/anaconda3/envs/airflow_env/lib/python3.8/site-packages/airflow/example_dags/example_skip_dag.py took 0.089 seconds
[2024-11-12T16:37:58.097+0100] {processor.py:186} INFO - Started process (PID=6612) to work on /home/sakana/anaconda3/envs/airflow_env/lib/python3.8/site-packages/airflow/example_dags/example_skip_dag.py
[2024-11-12T16:37:58.103+0100] {processor.py:914} INFO - Processing file /home/sakana/anaconda3/envs/airflow_env/lib/python3.8/site-packages/airflow/example_dags/example_skip_dag.py for tasks to queue
[2024-11-12T16:37:58.105+0100] {logging_mixin.py:190} INFO - [2024-11-12T16:37:58.105+0100] {dagbag.py:588} INFO - Filling up the DagBag from /home/sakana/anaconda3/envs/airflow_env/lib/python3.8/site-packages/airflow/example_dags/example_skip_dag.py
[2024-11-12T16:37:58.113+0100] {processor.py:925} INFO - DAG(s) 'example_skip_dag' retrieved from /home/sakana/anaconda3/envs/airflow_env/lib/python3.8/site-packages/airflow/example_dags/example_skip_dag.py
[2024-11-12T16:37:58.131+0100] {logging_mixin.py:190} INFO - [2024-11-12T16:37:58.130+0100] {dag.py:3239} INFO - Sync 1 DAGs
[2024-11-12T16:37:58.154+0100] {logging_mixin.py:190} INFO - [2024-11-12T16:37:58.154+0100] {dag.py:4180} INFO - Setting next_dagrun for example_skip_dag to 2024-11-11 00:00:00+00:00, run_after=2024-11-12 00:00:00+00:00
[2024-11-12T16:37:58.182+0100] {processor.py:208} INFO - Processing /home/sakana/anaconda3/envs/airflow_env/lib/python3.8/site-packages/airflow/example_dags/example_skip_dag.py took 0.093 seconds
[2024-11-12T16:40:00.966+0100] {processor.py:186} INFO - Started process (PID=6958) to work on /home/sakana/anaconda3/envs/airflow_env/lib/python3.8/site-packages/airflow/example_dags/example_skip_dag.py
[2024-11-12T16:40:00.971+0100] {processor.py:914} INFO - Processing file /home/sakana/anaconda3/envs/airflow_env/lib/python3.8/site-packages/airflow/example_dags/example_skip_dag.py for tasks to queue
[2024-11-12T16:40:00.973+0100] {logging_mixin.py:190} INFO - [2024-11-12T16:40:00.972+0100] {dagbag.py:588} INFO - Filling up the DagBag from /home/sakana/anaconda3/envs/airflow_env/lib/python3.8/site-packages/airflow/example_dags/example_skip_dag.py
[2024-11-12T16:40:00.981+0100] {processor.py:925} INFO - DAG(s) 'example_skip_dag' retrieved from /home/sakana/anaconda3/envs/airflow_env/lib/python3.8/site-packages/airflow/example_dags/example_skip_dag.py
[2024-11-12T16:40:01.000+0100] {logging_mixin.py:190} INFO - [2024-11-12T16:40:01.000+0100] {dag.py:3239} INFO - Sync 1 DAGs
[2024-11-12T16:40:01.025+0100] {logging_mixin.py:190} INFO - [2024-11-12T16:40:01.025+0100] {dag.py:4180} INFO - Setting next_dagrun for example_skip_dag to 2024-11-11 00:00:00+00:00, run_after=2024-11-12 00:00:00+00:00
[2024-11-12T16:40:01.061+0100] {processor.py:208} INFO - Processing /home/sakana/anaconda3/envs/airflow_env/lib/python3.8/site-packages/airflow/example_dags/example_skip_dag.py took 0.102 seconds
[2024-11-12T16:41:14.655+0100] {processor.py:186} INFO - Started process (PID=7104) to work on /home/sakana/anaconda3/envs/airflow_env/lib/python3.8/site-packages/airflow/example_dags/example_skip_dag.py
[2024-11-12T16:41:14.661+0100] {processor.py:914} INFO - Processing file /home/sakana/anaconda3/envs/airflow_env/lib/python3.8/site-packages/airflow/example_dags/example_skip_dag.py for tasks to queue
[2024-11-12T16:41:14.669+0100] {logging_mixin.py:190} INFO - [2024-11-12T16:41:14.668+0100] {dagbag.py:588} INFO - Filling up the DagBag from /home/sakana/anaconda3/envs/airflow_env/lib/python3.8/site-packages/airflow/example_dags/example_skip_dag.py
[2024-11-12T16:41:14.691+0100] {processor.py:925} INFO - DAG(s) 'example_skip_dag' retrieved from /home/sakana/anaconda3/envs/airflow_env/lib/python3.8/site-packages/airflow/example_dags/example_skip_dag.py
[2024-11-12T16:41:14.711+0100] {logging_mixin.py:190} INFO - [2024-11-12T16:41:14.710+0100] {dag.py:3239} INFO - Sync 1 DAGs
[2024-11-12T16:41:14.734+0100] {logging_mixin.py:190} INFO - [2024-11-12T16:41:14.734+0100] {dag.py:4180} INFO - Setting next_dagrun for example_skip_dag to 2024-11-11 00:00:00+00:00, run_after=2024-11-12 00:00:00+00:00
[2024-11-12T16:41:14.763+0100] {processor.py:208} INFO - Processing /home/sakana/anaconda3/envs/airflow_env/lib/python3.8/site-packages/airflow/example_dags/example_skip_dag.py took 0.114 seconds
[2024-11-12T16:42:11.985+0100] {processor.py:186} INFO - Started process (PID=7172) to work on /home/sakana/anaconda3/envs/airflow_env/lib/python3.8/site-packages/airflow/example_dags/example_skip_dag.py
[2024-11-12T16:42:11.990+0100] {processor.py:914} INFO - Processing file /home/sakana/anaconda3/envs/airflow_env/lib/python3.8/site-packages/airflow/example_dags/example_skip_dag.py for tasks to queue
[2024-11-12T16:42:11.993+0100] {logging_mixin.py:190} INFO - [2024-11-12T16:42:11.992+0100] {dagbag.py:588} INFO - Filling up the DagBag from /home/sakana/anaconda3/envs/airflow_env/lib/python3.8/site-packages/airflow/example_dags/example_skip_dag.py
[2024-11-12T16:42:12.003+0100] {processor.py:925} INFO - DAG(s) 'example_skip_dag' retrieved from /home/sakana/anaconda3/envs/airflow_env/lib/python3.8/site-packages/airflow/example_dags/example_skip_dag.py
[2024-11-12T16:42:12.021+0100] {logging_mixin.py:190} INFO - [2024-11-12T16:42:12.021+0100] {dag.py:3239} INFO - Sync 1 DAGs
[2024-11-12T16:42:12.044+0100] {logging_mixin.py:190} INFO - [2024-11-12T16:42:12.044+0100] {dag.py:4180} INFO - Setting next_dagrun for example_skip_dag to 2024-11-11 00:00:00+00:00, run_after=2024-11-12 00:00:00+00:00
[2024-11-12T16:42:12.068+0100] {processor.py:208} INFO - Processing /home/sakana/anaconda3/envs/airflow_env/lib/python3.8/site-packages/airflow/example_dags/example_skip_dag.py took 0.093 seconds
[2024-11-12T16:43:08.831+0100] {processor.py:186} INFO - Started process (PID=7337) to work on /home/sakana/anaconda3/envs/airflow_env/lib/python3.8/site-packages/airflow/example_dags/example_skip_dag.py
[2024-11-12T16:43:08.836+0100] {processor.py:914} INFO - Processing file /home/sakana/anaconda3/envs/airflow_env/lib/python3.8/site-packages/airflow/example_dags/example_skip_dag.py for tasks to queue
[2024-11-12T16:43:08.838+0100] {logging_mixin.py:190} INFO - [2024-11-12T16:43:08.838+0100] {dagbag.py:588} INFO - Filling up the DagBag from /home/sakana/anaconda3/envs/airflow_env/lib/python3.8/site-packages/airflow/example_dags/example_skip_dag.py
[2024-11-12T16:43:08.847+0100] {processor.py:925} INFO - DAG(s) 'example_skip_dag' retrieved from /home/sakana/anaconda3/envs/airflow_env/lib/python3.8/site-packages/airflow/example_dags/example_skip_dag.py
[2024-11-12T16:43:08.865+0100] {logging_mixin.py:190} INFO - [2024-11-12T16:43:08.864+0100] {dag.py:3239} INFO - Sync 1 DAGs
[2024-11-12T16:43:08.883+0100] {logging_mixin.py:190} INFO - [2024-11-12T16:43:08.883+0100] {dag.py:4180} INFO - Setting next_dagrun for example_skip_dag to 2024-11-11 00:00:00+00:00, run_after=2024-11-12 00:00:00+00:00
[2024-11-12T16:43:08.911+0100] {processor.py:208} INFO - Processing /home/sakana/anaconda3/envs/airflow_env/lib/python3.8/site-packages/airflow/example_dags/example_skip_dag.py took 0.087 seconds
[2024-11-12T16:44:07.426+0100] {processor.py:186} INFO - Started process (PID=7426) to work on /home/sakana/anaconda3/envs/airflow_env/lib/python3.8/site-packages/airflow/example_dags/example_skip_dag.py
[2024-11-12T16:44:07.432+0100] {processor.py:914} INFO - Processing file /home/sakana/anaconda3/envs/airflow_env/lib/python3.8/site-packages/airflow/example_dags/example_skip_dag.py for tasks to queue
[2024-11-12T16:44:07.434+0100] {logging_mixin.py:190} INFO - [2024-11-12T16:44:07.434+0100] {dagbag.py:588} INFO - Filling up the DagBag from /home/sakana/anaconda3/envs/airflow_env/lib/python3.8/site-packages/airflow/example_dags/example_skip_dag.py
[2024-11-12T16:44:07.442+0100] {processor.py:925} INFO - DAG(s) 'example_skip_dag' retrieved from /home/sakana/anaconda3/envs/airflow_env/lib/python3.8/site-packages/airflow/example_dags/example_skip_dag.py
[2024-11-12T16:44:07.464+0100] {logging_mixin.py:190} INFO - [2024-11-12T16:44:07.463+0100] {dag.py:3239} INFO - Sync 1 DAGs
[2024-11-12T16:44:07.492+0100] {logging_mixin.py:190} INFO - [2024-11-12T16:44:07.492+0100] {dag.py:4180} INFO - Setting next_dagrun for example_skip_dag to 2024-11-11 00:00:00+00:00, run_after=2024-11-12 00:00:00+00:00
[2024-11-12T16:44:07.520+0100] {processor.py:208} INFO - Processing /home/sakana/anaconda3/envs/airflow_env/lib/python3.8/site-packages/airflow/example_dags/example_skip_dag.py took 0.100 seconds
[2024-11-12T16:45:03.598+0100] {processor.py:186} INFO - Started process (PID=7497) to work on /home/sakana/anaconda3/envs/airflow_env/lib/python3.8/site-packages/airflow/example_dags/example_skip_dag.py
[2024-11-12T16:45:03.604+0100] {processor.py:914} INFO - Processing file /home/sakana/anaconda3/envs/airflow_env/lib/python3.8/site-packages/airflow/example_dags/example_skip_dag.py for tasks to queue
[2024-11-12T16:45:03.607+0100] {logging_mixin.py:190} INFO - [2024-11-12T16:45:03.606+0100] {dagbag.py:588} INFO - Filling up the DagBag from /home/sakana/anaconda3/envs/airflow_env/lib/python3.8/site-packages/airflow/example_dags/example_skip_dag.py
[2024-11-12T16:45:03.615+0100] {processor.py:925} INFO - DAG(s) 'example_skip_dag' retrieved from /home/sakana/anaconda3/envs/airflow_env/lib/python3.8/site-packages/airflow/example_dags/example_skip_dag.py
[2024-11-12T16:45:03.632+0100] {logging_mixin.py:190} INFO - [2024-11-12T16:45:03.632+0100] {dag.py:3239} INFO - Sync 1 DAGs
[2024-11-12T16:45:03.651+0100] {logging_mixin.py:190} INFO - [2024-11-12T16:45:03.650+0100] {dag.py:4180} INFO - Setting next_dagrun for example_skip_dag to 2024-11-11 00:00:00+00:00, run_after=2024-11-12 00:00:00+00:00
[2024-11-12T16:45:03.684+0100] {processor.py:208} INFO - Processing /home/sakana/anaconda3/envs/airflow_env/lib/python3.8/site-packages/airflow/example_dags/example_skip_dag.py took 0.092 seconds
[2024-11-12T16:45:57.990+0100] {processor.py:186} INFO - Started process (PID=7564) to work on /home/sakana/anaconda3/envs/airflow_env/lib/python3.8/site-packages/airflow/example_dags/example_skip_dag.py
[2024-11-12T16:45:57.995+0100] {processor.py:914} INFO - Processing file /home/sakana/anaconda3/envs/airflow_env/lib/python3.8/site-packages/airflow/example_dags/example_skip_dag.py for tasks to queue
[2024-11-12T16:45:57.998+0100] {logging_mixin.py:190} INFO - [2024-11-12T16:45:57.997+0100] {dagbag.py:588} INFO - Filling up the DagBag from /home/sakana/anaconda3/envs/airflow_env/lib/python3.8/site-packages/airflow/example_dags/example_skip_dag.py
[2024-11-12T16:45:58.005+0100] {processor.py:925} INFO - DAG(s) 'example_skip_dag' retrieved from /home/sakana/anaconda3/envs/airflow_env/lib/python3.8/site-packages/airflow/example_dags/example_skip_dag.py
[2024-11-12T16:45:58.021+0100] {logging_mixin.py:190} INFO - [2024-11-12T16:45:58.021+0100] {dag.py:3239} INFO - Sync 1 DAGs
[2024-11-12T16:45:58.043+0100] {logging_mixin.py:190} INFO - [2024-11-12T16:45:58.043+0100] {dag.py:4180} INFO - Setting next_dagrun for example_skip_dag to 2024-11-11 00:00:00+00:00, run_after=2024-11-12 00:00:00+00:00
[2024-11-12T16:45:58.073+0100] {processor.py:208} INFO - Processing /home/sakana/anaconda3/envs/airflow_env/lib/python3.8/site-packages/airflow/example_dags/example_skip_dag.py took 0.089 seconds
[2024-11-12T16:47:08.133+0100] {processor.py:186} INFO - Started process (PID=7697) to work on /home/sakana/anaconda3/envs/airflow_env/lib/python3.8/site-packages/airflow/example_dags/example_skip_dag.py
[2024-11-12T16:47:08.138+0100] {processor.py:914} INFO - Processing file /home/sakana/anaconda3/envs/airflow_env/lib/python3.8/site-packages/airflow/example_dags/example_skip_dag.py for tasks to queue
[2024-11-12T16:47:08.141+0100] {logging_mixin.py:190} INFO - [2024-11-12T16:47:08.141+0100] {dagbag.py:588} INFO - Filling up the DagBag from /home/sakana/anaconda3/envs/airflow_env/lib/python3.8/site-packages/airflow/example_dags/example_skip_dag.py
[2024-11-12T16:47:08.150+0100] {processor.py:925} INFO - DAG(s) 'example_skip_dag' retrieved from /home/sakana/anaconda3/envs/airflow_env/lib/python3.8/site-packages/airflow/example_dags/example_skip_dag.py
[2024-11-12T16:47:08.170+0100] {logging_mixin.py:190} INFO - [2024-11-12T16:47:08.170+0100] {dag.py:3239} INFO - Sync 1 DAGs
[2024-11-12T16:47:08.188+0100] {logging_mixin.py:190} INFO - [2024-11-12T16:47:08.188+0100] {dag.py:4180} INFO - Setting next_dagrun for example_skip_dag to 2024-11-11 00:00:00+00:00, run_after=2024-11-12 00:00:00+00:00
[2024-11-12T16:47:08.220+0100] {processor.py:208} INFO - Processing /home/sakana/anaconda3/envs/airflow_env/lib/python3.8/site-packages/airflow/example_dags/example_skip_dag.py took 0.094 seconds
[2024-11-12T16:48:05.243+0100] {processor.py:186} INFO - Started process (PID=7808) to work on /home/sakana/anaconda3/envs/airflow_env/lib/python3.8/site-packages/airflow/example_dags/example_skip_dag.py
[2024-11-12T16:48:05.248+0100] {processor.py:914} INFO - Processing file /home/sakana/anaconda3/envs/airflow_env/lib/python3.8/site-packages/airflow/example_dags/example_skip_dag.py for tasks to queue
[2024-11-12T16:48:05.250+0100] {logging_mixin.py:190} INFO - [2024-11-12T16:48:05.250+0100] {dagbag.py:588} INFO - Filling up the DagBag from /home/sakana/anaconda3/envs/airflow_env/lib/python3.8/site-packages/airflow/example_dags/example_skip_dag.py
[2024-11-12T16:48:05.257+0100] {processor.py:925} INFO - DAG(s) 'example_skip_dag' retrieved from /home/sakana/anaconda3/envs/airflow_env/lib/python3.8/site-packages/airflow/example_dags/example_skip_dag.py
[2024-11-12T16:48:05.273+0100] {logging_mixin.py:190} INFO - [2024-11-12T16:48:05.273+0100] {dag.py:3239} INFO - Sync 1 DAGs
[2024-11-12T16:48:05.291+0100] {logging_mixin.py:190} INFO - [2024-11-12T16:48:05.291+0100] {dag.py:4180} INFO - Setting next_dagrun for example_skip_dag to 2024-11-11 00:00:00+00:00, run_after=2024-11-12 00:00:00+00:00
[2024-11-12T16:48:05.318+0100] {processor.py:208} INFO - Processing /home/sakana/anaconda3/envs/airflow_env/lib/python3.8/site-packages/airflow/example_dags/example_skip_dag.py took 0.082 seconds
[2024-11-12T16:49:04.064+0100] {processor.py:186} INFO - Started process (PID=7923) to work on /home/sakana/anaconda3/envs/airflow_env/lib/python3.8/site-packages/airflow/example_dags/example_skip_dag.py
[2024-11-12T16:49:04.069+0100] {processor.py:914} INFO - Processing file /home/sakana/anaconda3/envs/airflow_env/lib/python3.8/site-packages/airflow/example_dags/example_skip_dag.py for tasks to queue
[2024-11-12T16:49:04.072+0100] {logging_mixin.py:190} INFO - [2024-11-12T16:49:04.071+0100] {dagbag.py:588} INFO - Filling up the DagBag from /home/sakana/anaconda3/envs/airflow_env/lib/python3.8/site-packages/airflow/example_dags/example_skip_dag.py
[2024-11-12T16:49:04.081+0100] {processor.py:925} INFO - DAG(s) 'example_skip_dag' retrieved from /home/sakana/anaconda3/envs/airflow_env/lib/python3.8/site-packages/airflow/example_dags/example_skip_dag.py
[2024-11-12T16:49:04.101+0100] {logging_mixin.py:190} INFO - [2024-11-12T16:49:04.100+0100] {dag.py:3239} INFO - Sync 1 DAGs
[2024-11-12T16:49:04.121+0100] {logging_mixin.py:190} INFO - [2024-11-12T16:49:04.120+0100] {dag.py:4180} INFO - Setting next_dagrun for example_skip_dag to 2024-11-11 00:00:00+00:00, run_after=2024-11-12 00:00:00+00:00
[2024-11-12T16:49:04.145+0100] {processor.py:208} INFO - Processing /home/sakana/anaconda3/envs/airflow_env/lib/python3.8/site-packages/airflow/example_dags/example_skip_dag.py took 0.087 seconds
[2024-11-12T16:50:00.083+0100] {processor.py:186} INFO - Started process (PID=8015) to work on /home/sakana/anaconda3/envs/airflow_env/lib/python3.8/site-packages/airflow/example_dags/example_skip_dag.py
[2024-11-12T16:50:00.089+0100] {processor.py:914} INFO - Processing file /home/sakana/anaconda3/envs/airflow_env/lib/python3.8/site-packages/airflow/example_dags/example_skip_dag.py for tasks to queue
[2024-11-12T16:50:00.097+0100] {logging_mixin.py:190} INFO - [2024-11-12T16:50:00.095+0100] {dagbag.py:588} INFO - Filling up the DagBag from /home/sakana/anaconda3/envs/airflow_env/lib/python3.8/site-packages/airflow/example_dags/example_skip_dag.py
[2024-11-12T16:50:00.117+0100] {processor.py:925} INFO - DAG(s) 'example_skip_dag' retrieved from /home/sakana/anaconda3/envs/airflow_env/lib/python3.8/site-packages/airflow/example_dags/example_skip_dag.py
[2024-11-12T16:50:00.136+0100] {logging_mixin.py:190} INFO - [2024-11-12T16:50:00.136+0100] {dag.py:3239} INFO - Sync 1 DAGs
[2024-11-12T16:50:00.154+0100] {logging_mixin.py:190} INFO - [2024-11-12T16:50:00.154+0100] {dag.py:4180} INFO - Setting next_dagrun for example_skip_dag to 2024-11-11 00:00:00+00:00, run_after=2024-11-12 00:00:00+00:00
[2024-11-12T16:50:00.181+0100] {processor.py:208} INFO - Processing /home/sakana/anaconda3/envs/airflow_env/lib/python3.8/site-packages/airflow/example_dags/example_skip_dag.py took 0.105 seconds
[2024-11-12T16:50:56.733+0100] {processor.py:186} INFO - Started process (PID=8081) to work on /home/sakana/anaconda3/envs/airflow_env/lib/python3.8/site-packages/airflow/example_dags/example_skip_dag.py
[2024-11-12T16:50:56.738+0100] {processor.py:914} INFO - Processing file /home/sakana/anaconda3/envs/airflow_env/lib/python3.8/site-packages/airflow/example_dags/example_skip_dag.py for tasks to queue
[2024-11-12T16:50:56.741+0100] {logging_mixin.py:190} INFO - [2024-11-12T16:50:56.741+0100] {dagbag.py:588} INFO - Filling up the DagBag from /home/sakana/anaconda3/envs/airflow_env/lib/python3.8/site-packages/airflow/example_dags/example_skip_dag.py
[2024-11-12T16:50:56.749+0100] {processor.py:925} INFO - DAG(s) 'example_skip_dag' retrieved from /home/sakana/anaconda3/envs/airflow_env/lib/python3.8/site-packages/airflow/example_dags/example_skip_dag.py
[2024-11-12T16:50:56.766+0100] {logging_mixin.py:190} INFO - [2024-11-12T16:50:56.766+0100] {dag.py:3239} INFO - Sync 1 DAGs
[2024-11-12T16:50:56.789+0100] {logging_mixin.py:190} INFO - [2024-11-12T16:50:56.789+0100] {dag.py:4180} INFO - Setting next_dagrun for example_skip_dag to 2024-11-11 00:00:00+00:00, run_after=2024-11-12 00:00:00+00:00
[2024-11-12T16:50:56.813+0100] {processor.py:208} INFO - Processing /home/sakana/anaconda3/envs/airflow_env/lib/python3.8/site-packages/airflow/example_dags/example_skip_dag.py took 0.087 seconds
[2024-11-12T16:51:53.153+0100] {processor.py:186} INFO - Started process (PID=8154) to work on /home/sakana/anaconda3/envs/airflow_env/lib/python3.8/site-packages/airflow/example_dags/example_skip_dag.py
[2024-11-12T16:51:53.158+0100] {processor.py:914} INFO - Processing file /home/sakana/anaconda3/envs/airflow_env/lib/python3.8/site-packages/airflow/example_dags/example_skip_dag.py for tasks to queue
[2024-11-12T16:51:53.163+0100] {logging_mixin.py:190} INFO - [2024-11-12T16:51:53.162+0100] {dagbag.py:588} INFO - Filling up the DagBag from /home/sakana/anaconda3/envs/airflow_env/lib/python3.8/site-packages/airflow/example_dags/example_skip_dag.py
[2024-11-12T16:51:53.175+0100] {processor.py:925} INFO - DAG(s) 'example_skip_dag' retrieved from /home/sakana/anaconda3/envs/airflow_env/lib/python3.8/site-packages/airflow/example_dags/example_skip_dag.py
[2024-11-12T16:51:53.194+0100] {logging_mixin.py:190} INFO - [2024-11-12T16:51:53.194+0100] {dag.py:3239} INFO - Sync 1 DAGs
[2024-11-12T16:51:53.212+0100] {logging_mixin.py:190} INFO - [2024-11-12T16:51:53.212+0100] {dag.py:4180} INFO - Setting next_dagrun for example_skip_dag to 2024-11-11 00:00:00+00:00, run_after=2024-11-12 00:00:00+00:00
[2024-11-12T16:51:53.237+0100] {processor.py:208} INFO - Processing /home/sakana/anaconda3/envs/airflow_env/lib/python3.8/site-packages/airflow/example_dags/example_skip_dag.py took 0.093 seconds
[2024-11-12T16:52:50.534+0100] {processor.py:186} INFO - Started process (PID=8243) to work on /home/sakana/anaconda3/envs/airflow_env/lib/python3.8/site-packages/airflow/example_dags/example_skip_dag.py
[2024-11-12T16:52:50.539+0100] {processor.py:914} INFO - Processing file /home/sakana/anaconda3/envs/airflow_env/lib/python3.8/site-packages/airflow/example_dags/example_skip_dag.py for tasks to queue
[2024-11-12T16:52:50.542+0100] {logging_mixin.py:190} INFO - [2024-11-12T16:52:50.542+0100] {dagbag.py:588} INFO - Filling up the DagBag from /home/sakana/anaconda3/envs/airflow_env/lib/python3.8/site-packages/airflow/example_dags/example_skip_dag.py
[2024-11-12T16:52:50.551+0100] {processor.py:925} INFO - DAG(s) 'example_skip_dag' retrieved from /home/sakana/anaconda3/envs/airflow_env/lib/python3.8/site-packages/airflow/example_dags/example_skip_dag.py
[2024-11-12T16:52:50.567+0100] {logging_mixin.py:190} INFO - [2024-11-12T16:52:50.566+0100] {dag.py:3239} INFO - Sync 1 DAGs
[2024-11-12T16:52:50.584+0100] {logging_mixin.py:190} INFO - [2024-11-12T16:52:50.584+0100] {dag.py:4180} INFO - Setting next_dagrun for example_skip_dag to 2024-11-11 00:00:00+00:00, run_after=2024-11-12 00:00:00+00:00
[2024-11-12T16:52:50.608+0100] {processor.py:208} INFO - Processing /home/sakana/anaconda3/envs/airflow_env/lib/python3.8/site-packages/airflow/example_dags/example_skip_dag.py took 0.081 seconds
[2024-11-12T16:53:46.986+0100] {processor.py:186} INFO - Started process (PID=8345) to work on /home/sakana/anaconda3/envs/airflow_env/lib/python3.8/site-packages/airflow/example_dags/example_skip_dag.py
[2024-11-12T16:53:46.991+0100] {processor.py:914} INFO - Processing file /home/sakana/anaconda3/envs/airflow_env/lib/python3.8/site-packages/airflow/example_dags/example_skip_dag.py for tasks to queue
[2024-11-12T16:53:46.995+0100] {logging_mixin.py:190} INFO - [2024-11-12T16:53:46.995+0100] {dagbag.py:588} INFO - Filling up the DagBag from /home/sakana/anaconda3/envs/airflow_env/lib/python3.8/site-packages/airflow/example_dags/example_skip_dag.py
[2024-11-12T16:53:47.009+0100] {processor.py:925} INFO - DAG(s) 'example_skip_dag' retrieved from /home/sakana/anaconda3/envs/airflow_env/lib/python3.8/site-packages/airflow/example_dags/example_skip_dag.py
[2024-11-12T16:53:47.027+0100] {logging_mixin.py:190} INFO - [2024-11-12T16:53:47.027+0100] {dag.py:3239} INFO - Sync 1 DAGs
[2024-11-12T16:53:47.045+0100] {logging_mixin.py:190} INFO - [2024-11-12T16:53:47.044+0100] {dag.py:4180} INFO - Setting next_dagrun for example_skip_dag to 2024-11-11 00:00:00+00:00, run_after=2024-11-12 00:00:00+00:00
[2024-11-12T16:53:47.070+0100] {processor.py:208} INFO - Processing /home/sakana/anaconda3/envs/airflow_env/lib/python3.8/site-packages/airflow/example_dags/example_skip_dag.py took 0.095 seconds
[2024-11-12T16:54:48.251+0100] {processor.py:186} INFO - Started process (PID=8517) to work on /home/sakana/anaconda3/envs/airflow_env/lib/python3.8/site-packages/airflow/example_dags/example_skip_dag.py
[2024-11-12T16:54:48.256+0100] {processor.py:914} INFO - Processing file /home/sakana/anaconda3/envs/airflow_env/lib/python3.8/site-packages/airflow/example_dags/example_skip_dag.py for tasks to queue
[2024-11-12T16:54:48.260+0100] {logging_mixin.py:190} INFO - [2024-11-12T16:54:48.259+0100] {dagbag.py:588} INFO - Filling up the DagBag from /home/sakana/anaconda3/envs/airflow_env/lib/python3.8/site-packages/airflow/example_dags/example_skip_dag.py
[2024-11-12T16:54:48.268+0100] {processor.py:925} INFO - DAG(s) 'example_skip_dag' retrieved from /home/sakana/anaconda3/envs/airflow_env/lib/python3.8/site-packages/airflow/example_dags/example_skip_dag.py
[2024-11-12T16:54:48.287+0100] {logging_mixin.py:190} INFO - [2024-11-12T16:54:48.286+0100] {dag.py:3239} INFO - Sync 1 DAGs
[2024-11-12T16:54:48.311+0100] {logging_mixin.py:190} INFO - [2024-11-12T16:54:48.310+0100] {dag.py:4180} INFO - Setting next_dagrun for example_skip_dag to 2024-11-11 00:00:00+00:00, run_after=2024-11-12 00:00:00+00:00
[2024-11-12T16:54:48.350+0100] {processor.py:208} INFO - Processing /home/sakana/anaconda3/envs/airflow_env/lib/python3.8/site-packages/airflow/example_dags/example_skip_dag.py took 0.106 seconds
[2024-11-12T16:55:48.013+0100] {processor.py:186} INFO - Started process (PID=8600) to work on /home/sakana/anaconda3/envs/airflow_env/lib/python3.8/site-packages/airflow/example_dags/example_skip_dag.py
[2024-11-12T16:55:48.018+0100] {processor.py:914} INFO - Processing file /home/sakana/anaconda3/envs/airflow_env/lib/python3.8/site-packages/airflow/example_dags/example_skip_dag.py for tasks to queue
[2024-11-12T16:55:48.021+0100] {logging_mixin.py:190} INFO - [2024-11-12T16:55:48.021+0100] {dagbag.py:588} INFO - Filling up the DagBag from /home/sakana/anaconda3/envs/airflow_env/lib/python3.8/site-packages/airflow/example_dags/example_skip_dag.py
[2024-11-12T16:55:48.029+0100] {processor.py:925} INFO - DAG(s) 'example_skip_dag' retrieved from /home/sakana/anaconda3/envs/airflow_env/lib/python3.8/site-packages/airflow/example_dags/example_skip_dag.py
[2024-11-12T16:55:48.046+0100] {logging_mixin.py:190} INFO - [2024-11-12T16:55:48.046+0100] {dag.py:3239} INFO - Sync 1 DAGs
[2024-11-12T16:55:48.064+0100] {logging_mixin.py:190} INFO - [2024-11-12T16:55:48.064+0100] {dag.py:4180} INFO - Setting next_dagrun for example_skip_dag to 2024-11-11 00:00:00+00:00, run_after=2024-11-12 00:00:00+00:00
[2024-11-12T16:55:48.091+0100] {processor.py:208} INFO - Processing /home/sakana/anaconda3/envs/airflow_env/lib/python3.8/site-packages/airflow/example_dags/example_skip_dag.py took 0.086 seconds
[2024-11-12T16:56:45.979+0100] {processor.py:186} INFO - Started process (PID=8674) to work on /home/sakana/anaconda3/envs/airflow_env/lib/python3.8/site-packages/airflow/example_dags/example_skip_dag.py
[2024-11-12T16:56:45.984+0100] {processor.py:914} INFO - Processing file /home/sakana/anaconda3/envs/airflow_env/lib/python3.8/site-packages/airflow/example_dags/example_skip_dag.py for tasks to queue
[2024-11-12T16:56:45.989+0100] {logging_mixin.py:190} INFO - [2024-11-12T16:56:45.988+0100] {dagbag.py:588} INFO - Filling up the DagBag from /home/sakana/anaconda3/envs/airflow_env/lib/python3.8/site-packages/airflow/example_dags/example_skip_dag.py
[2024-11-12T16:56:46.003+0100] {processor.py:925} INFO - DAG(s) 'example_skip_dag' retrieved from /home/sakana/anaconda3/envs/airflow_env/lib/python3.8/site-packages/airflow/example_dags/example_skip_dag.py
[2024-11-12T16:56:46.021+0100] {logging_mixin.py:190} INFO - [2024-11-12T16:56:46.021+0100] {dag.py:3239} INFO - Sync 1 DAGs
[2024-11-12T16:56:46.039+0100] {logging_mixin.py:190} INFO - [2024-11-12T16:56:46.039+0100] {dag.py:4180} INFO - Setting next_dagrun for example_skip_dag to 2024-11-11 00:00:00+00:00, run_after=2024-11-12 00:00:00+00:00
[2024-11-12T16:56:46.074+0100] {processor.py:208} INFO - Processing /home/sakana/anaconda3/envs/airflow_env/lib/python3.8/site-packages/airflow/example_dags/example_skip_dag.py took 0.106 seconds
[2024-11-12T16:57:46.984+0100] {processor.py:186} INFO - Started process (PID=8757) to work on /home/sakana/anaconda3/envs/airflow_env/lib/python3.8/site-packages/airflow/example_dags/example_skip_dag.py
[2024-11-12T16:57:46.989+0100] {processor.py:914} INFO - Processing file /home/sakana/anaconda3/envs/airflow_env/lib/python3.8/site-packages/airflow/example_dags/example_skip_dag.py for tasks to queue
[2024-11-12T16:57:46.993+0100] {logging_mixin.py:190} INFO - [2024-11-12T16:57:46.993+0100] {dagbag.py:588} INFO - Filling up the DagBag from /home/sakana/anaconda3/envs/airflow_env/lib/python3.8/site-packages/airflow/example_dags/example_skip_dag.py
[2024-11-12T16:57:47.004+0100] {processor.py:925} INFO - DAG(s) 'example_skip_dag' retrieved from /home/sakana/anaconda3/envs/airflow_env/lib/python3.8/site-packages/airflow/example_dags/example_skip_dag.py
[2024-11-12T16:57:47.021+0100] {logging_mixin.py:190} INFO - [2024-11-12T16:57:47.020+0100] {dag.py:3239} INFO - Sync 1 DAGs
[2024-11-12T16:57:47.041+0100] {logging_mixin.py:190} INFO - [2024-11-12T16:57:47.041+0100] {dag.py:4180} INFO - Setting next_dagrun for example_skip_dag to 2024-11-11 00:00:00+00:00, run_after=2024-11-12 00:00:00+00:00
[2024-11-12T16:57:47.069+0100] {processor.py:208} INFO - Processing /home/sakana/anaconda3/envs/airflow_env/lib/python3.8/site-packages/airflow/example_dags/example_skip_dag.py took 0.094 seconds
[2024-11-12T16:58:49.038+0100] {processor.py:186} INFO - Started process (PID=8861) to work on /home/sakana/anaconda3/envs/airflow_env/lib/python3.8/site-packages/airflow/example_dags/example_skip_dag.py
[2024-11-12T16:58:49.043+0100] {processor.py:914} INFO - Processing file /home/sakana/anaconda3/envs/airflow_env/lib/python3.8/site-packages/airflow/example_dags/example_skip_dag.py for tasks to queue
[2024-11-12T16:58:49.045+0100] {logging_mixin.py:190} INFO - [2024-11-12T16:58:49.045+0100] {dagbag.py:588} INFO - Filling up the DagBag from /home/sakana/anaconda3/envs/airflow_env/lib/python3.8/site-packages/airflow/example_dags/example_skip_dag.py
[2024-11-12T16:58:49.053+0100] {processor.py:925} INFO - DAG(s) 'example_skip_dag' retrieved from /home/sakana/anaconda3/envs/airflow_env/lib/python3.8/site-packages/airflow/example_dags/example_skip_dag.py
[2024-11-12T16:58:49.069+0100] {logging_mixin.py:190} INFO - [2024-11-12T16:58:49.069+0100] {dag.py:3239} INFO - Sync 1 DAGs
[2024-11-12T16:58:49.087+0100] {logging_mixin.py:190} INFO - [2024-11-12T16:58:49.087+0100] {dag.py:4180} INFO - Setting next_dagrun for example_skip_dag to 2024-11-11 00:00:00+00:00, run_after=2024-11-12 00:00:00+00:00
[2024-11-12T16:58:49.121+0100] {processor.py:208} INFO - Processing /home/sakana/anaconda3/envs/airflow_env/lib/python3.8/site-packages/airflow/example_dags/example_skip_dag.py took 0.089 seconds
[2024-11-12T16:59:49.971+0100] {processor.py:186} INFO - Started process (PID=8936) to work on /home/sakana/anaconda3/envs/airflow_env/lib/python3.8/site-packages/airflow/example_dags/example_skip_dag.py
[2024-11-12T16:59:49.976+0100] {processor.py:914} INFO - Processing file /home/sakana/anaconda3/envs/airflow_env/lib/python3.8/site-packages/airflow/example_dags/example_skip_dag.py for tasks to queue
[2024-11-12T16:59:49.979+0100] {logging_mixin.py:190} INFO - [2024-11-12T16:59:49.979+0100] {dagbag.py:588} INFO - Filling up the DagBag from /home/sakana/anaconda3/envs/airflow_env/lib/python3.8/site-packages/airflow/example_dags/example_skip_dag.py
[2024-11-12T16:59:49.989+0100] {processor.py:925} INFO - DAG(s) 'example_skip_dag' retrieved from /home/sakana/anaconda3/envs/airflow_env/lib/python3.8/site-packages/airflow/example_dags/example_skip_dag.py
[2024-11-12T16:59:50.006+0100] {logging_mixin.py:190} INFO - [2024-11-12T16:59:50.006+0100] {dag.py:3239} INFO - Sync 1 DAGs
[2024-11-12T16:59:50.026+0100] {logging_mixin.py:190} INFO - [2024-11-12T16:59:50.026+0100] {dag.py:4180} INFO - Setting next_dagrun for example_skip_dag to 2024-11-11 00:00:00+00:00, run_after=2024-11-12 00:00:00+00:00
[2024-11-12T16:59:50.059+0100] {processor.py:208} INFO - Processing /home/sakana/anaconda3/envs/airflow_env/lib/python3.8/site-packages/airflow/example_dags/example_skip_dag.py took 0.095 seconds
[2024-11-12T17:00:50.327+0100] {processor.py:186} INFO - Started process (PID=9008) to work on /home/sakana/anaconda3/envs/airflow_env/lib/python3.8/site-packages/airflow/example_dags/example_skip_dag.py
[2024-11-12T17:00:50.333+0100] {processor.py:914} INFO - Processing file /home/sakana/anaconda3/envs/airflow_env/lib/python3.8/site-packages/airflow/example_dags/example_skip_dag.py for tasks to queue
[2024-11-12T17:00:50.336+0100] {logging_mixin.py:190} INFO - [2024-11-12T17:00:50.335+0100] {dagbag.py:588} INFO - Filling up the DagBag from /home/sakana/anaconda3/envs/airflow_env/lib/python3.8/site-packages/airflow/example_dags/example_skip_dag.py
[2024-11-12T17:00:50.347+0100] {processor.py:925} INFO - DAG(s) 'example_skip_dag' retrieved from /home/sakana/anaconda3/envs/airflow_env/lib/python3.8/site-packages/airflow/example_dags/example_skip_dag.py
[2024-11-12T17:00:50.367+0100] {logging_mixin.py:190} INFO - [2024-11-12T17:00:50.367+0100] {dag.py:3239} INFO - Sync 1 DAGs
[2024-11-12T17:00:50.386+0100] {logging_mixin.py:190} INFO - [2024-11-12T17:00:50.386+0100] {dag.py:4180} INFO - Setting next_dagrun for example_skip_dag to 2024-11-11 00:00:00+00:00, run_after=2024-11-12 00:00:00+00:00
[2024-11-12T17:00:50.411+0100] {processor.py:208} INFO - Processing /home/sakana/anaconda3/envs/airflow_env/lib/python3.8/site-packages/airflow/example_dags/example_skip_dag.py took 0.093 seconds
[2024-11-12T17:18:56.195+0100] {processor.py:186} INFO - Started process (PID=9318) to work on /home/sakana/anaconda3/envs/airflow_env/lib/python3.8/site-packages/airflow/example_dags/example_skip_dag.py
[2024-11-12T17:18:56.196+0100] {processor.py:914} INFO - Processing file /home/sakana/anaconda3/envs/airflow_env/lib/python3.8/site-packages/airflow/example_dags/example_skip_dag.py for tasks to queue
[2024-11-12T17:18:56.199+0100] {logging_mixin.py:190} INFO - [2024-11-12T17:18:56.199+0100] {dagbag.py:588} INFO - Filling up the DagBag from /home/sakana/anaconda3/envs/airflow_env/lib/python3.8/site-packages/airflow/example_dags/example_skip_dag.py
[2024-11-12T17:18:56.209+0100] {processor.py:925} INFO - DAG(s) 'example_skip_dag' retrieved from /home/sakana/anaconda3/envs/airflow_env/lib/python3.8/site-packages/airflow/example_dags/example_skip_dag.py
[2024-11-12T17:18:56.226+0100] {logging_mixin.py:190} INFO - [2024-11-12T17:18:56.225+0100] {dag.py:3239} INFO - Sync 1 DAGs
[2024-11-12T17:18:56.245+0100] {logging_mixin.py:190} INFO - [2024-11-12T17:18:56.244+0100] {dag.py:4180} INFO - Setting next_dagrun for example_skip_dag to 2024-11-11 00:00:00+00:00, run_after=2024-11-12 00:00:00+00:00
[2024-11-12T17:18:56.272+0100] {processor.py:208} INFO - Processing /home/sakana/anaconda3/envs/airflow_env/lib/python3.8/site-packages/airflow/example_dags/example_skip_dag.py took 0.085 seconds
[2024-11-12T17:20:05.910+0100] {processor.py:186} INFO - Started process (PID=9639) to work on /home/sakana/anaconda3/envs/airflow_env/lib/python3.8/site-packages/airflow/example_dags/example_skip_dag.py
[2024-11-12T17:20:05.912+0100] {processor.py:914} INFO - Processing file /home/sakana/anaconda3/envs/airflow_env/lib/python3.8/site-packages/airflow/example_dags/example_skip_dag.py for tasks to queue
[2024-11-12T17:20:05.916+0100] {logging_mixin.py:190} INFO - [2024-11-12T17:20:05.915+0100] {dagbag.py:588} INFO - Filling up the DagBag from /home/sakana/anaconda3/envs/airflow_env/lib/python3.8/site-packages/airflow/example_dags/example_skip_dag.py
[2024-11-12T17:20:05.926+0100] {processor.py:925} INFO - DAG(s) 'example_skip_dag' retrieved from /home/sakana/anaconda3/envs/airflow_env/lib/python3.8/site-packages/airflow/example_dags/example_skip_dag.py
[2024-11-12T17:20:05.944+0100] {logging_mixin.py:190} INFO - [2024-11-12T17:20:05.943+0100] {dag.py:3239} INFO - Sync 1 DAGs
[2024-11-12T17:20:05.966+0100] {logging_mixin.py:190} INFO - [2024-11-12T17:20:05.966+0100] {dag.py:4180} INFO - Setting next_dagrun for example_skip_dag to 2024-11-11 00:00:00+00:00, run_after=2024-11-12 00:00:00+00:00
[2024-11-12T17:20:05.993+0100] {processor.py:208} INFO - Processing /home/sakana/anaconda3/envs/airflow_env/lib/python3.8/site-packages/airflow/example_dags/example_skip_dag.py took 0.099 seconds
[2024-11-12T17:21:13.891+0100] {processor.py:186} INFO - Started process (PID=9733) to work on /home/sakana/anaconda3/envs/airflow_env/lib/python3.8/site-packages/airflow/example_dags/example_skip_dag.py
[2024-11-12T17:21:13.897+0100] {processor.py:914} INFO - Processing file /home/sakana/anaconda3/envs/airflow_env/lib/python3.8/site-packages/airflow/example_dags/example_skip_dag.py for tasks to queue
[2024-11-12T17:21:13.907+0100] {logging_mixin.py:190} INFO - [2024-11-12T17:21:13.905+0100] {dagbag.py:588} INFO - Filling up the DagBag from /home/sakana/anaconda3/envs/airflow_env/lib/python3.8/site-packages/airflow/example_dags/example_skip_dag.py
[2024-11-12T17:21:13.948+0100] {processor.py:925} INFO - DAG(s) 'example_skip_dag' retrieved from /home/sakana/anaconda3/envs/airflow_env/lib/python3.8/site-packages/airflow/example_dags/example_skip_dag.py
[2024-11-12T17:21:14.000+0100] {logging_mixin.py:190} INFO - [2024-11-12T17:21:14.000+0100] {dag.py:3239} INFO - Sync 1 DAGs
[2024-11-12T17:21:14.032+0100] {logging_mixin.py:190} INFO - [2024-11-12T17:21:14.032+0100] {dag.py:4180} INFO - Setting next_dagrun for example_skip_dag to 2024-11-11 00:00:00+00:00, run_after=2024-11-12 00:00:00+00:00
[2024-11-12T17:21:14.083+0100] {processor.py:208} INFO - Processing /home/sakana/anaconda3/envs/airflow_env/lib/python3.8/site-packages/airflow/example_dags/example_skip_dag.py took 0.201 seconds
[2024-11-12T17:22:21.531+0100] {processor.py:186} INFO - Started process (PID=9860) to work on /home/sakana/anaconda3/envs/airflow_env/lib/python3.8/site-packages/airflow/example_dags/example_skip_dag.py
[2024-11-12T17:22:21.537+0100] {processor.py:914} INFO - Processing file /home/sakana/anaconda3/envs/airflow_env/lib/python3.8/site-packages/airflow/example_dags/example_skip_dag.py for tasks to queue
[2024-11-12T17:22:21.542+0100] {logging_mixin.py:190} INFO - [2024-11-12T17:22:21.541+0100] {dagbag.py:588} INFO - Filling up the DagBag from /home/sakana/anaconda3/envs/airflow_env/lib/python3.8/site-packages/airflow/example_dags/example_skip_dag.py
[2024-11-12T17:22:21.557+0100] {processor.py:925} INFO - DAG(s) 'example_skip_dag' retrieved from /home/sakana/anaconda3/envs/airflow_env/lib/python3.8/site-packages/airflow/example_dags/example_skip_dag.py
[2024-11-12T17:22:21.592+0100] {logging_mixin.py:190} INFO - [2024-11-12T17:22:21.592+0100] {dag.py:3239} INFO - Sync 1 DAGs
[2024-11-12T17:22:21.621+0100] {logging_mixin.py:190} INFO - [2024-11-12T17:22:21.621+0100] {dag.py:4180} INFO - Setting next_dagrun for example_skip_dag to 2024-11-11 00:00:00+00:00, run_after=2024-11-12 00:00:00+00:00
[2024-11-12T17:22:21.652+0100] {processor.py:208} INFO - Processing /home/sakana/anaconda3/envs/airflow_env/lib/python3.8/site-packages/airflow/example_dags/example_skip_dag.py took 0.135 seconds
[2024-11-12T17:23:36.127+0100] {processor.py:186} INFO - Started process (PID=10003) to work on /home/sakana/anaconda3/envs/airflow_env/lib/python3.8/site-packages/airflow/example_dags/example_skip_dag.py
[2024-11-12T17:23:36.132+0100] {processor.py:914} INFO - Processing file /home/sakana/anaconda3/envs/airflow_env/lib/python3.8/site-packages/airflow/example_dags/example_skip_dag.py for tasks to queue
[2024-11-12T17:23:36.135+0100] {logging_mixin.py:190} INFO - [2024-11-12T17:23:36.134+0100] {dagbag.py:588} INFO - Filling up the DagBag from /home/sakana/anaconda3/envs/airflow_env/lib/python3.8/site-packages/airflow/example_dags/example_skip_dag.py
[2024-11-12T17:23:36.148+0100] {processor.py:925} INFO - DAG(s) 'example_skip_dag' retrieved from /home/sakana/anaconda3/envs/airflow_env/lib/python3.8/site-packages/airflow/example_dags/example_skip_dag.py
[2024-11-12T17:23:36.171+0100] {logging_mixin.py:190} INFO - [2024-11-12T17:23:36.170+0100] {dag.py:3239} INFO - Sync 1 DAGs
[2024-11-12T17:23:36.199+0100] {logging_mixin.py:190} INFO - [2024-11-12T17:23:36.199+0100] {dag.py:4180} INFO - Setting next_dagrun for example_skip_dag to 2024-11-11 00:00:00+00:00, run_after=2024-11-12 00:00:00+00:00
[2024-11-12T17:23:36.233+0100] {processor.py:208} INFO - Processing /home/sakana/anaconda3/envs/airflow_env/lib/python3.8/site-packages/airflow/example_dags/example_skip_dag.py took 0.115 seconds
[2024-11-12T17:24:48.854+0100] {processor.py:186} INFO - Started process (PID=10151) to work on /home/sakana/anaconda3/envs/airflow_env/lib/python3.8/site-packages/airflow/example_dags/example_skip_dag.py
[2024-11-12T17:24:48.861+0100] {processor.py:914} INFO - Processing file /home/sakana/anaconda3/envs/airflow_env/lib/python3.8/site-packages/airflow/example_dags/example_skip_dag.py for tasks to queue
[2024-11-12T17:24:48.865+0100] {logging_mixin.py:190} INFO - [2024-11-12T17:24:48.864+0100] {dagbag.py:588} INFO - Filling up the DagBag from /home/sakana/anaconda3/envs/airflow_env/lib/python3.8/site-packages/airflow/example_dags/example_skip_dag.py
[2024-11-12T17:24:48.885+0100] {processor.py:925} INFO - DAG(s) 'example_skip_dag' retrieved from /home/sakana/anaconda3/envs/airflow_env/lib/python3.8/site-packages/airflow/example_dags/example_skip_dag.py
[2024-11-12T17:24:48.925+0100] {logging_mixin.py:190} INFO - [2024-11-12T17:24:48.924+0100] {dag.py:3239} INFO - Sync 1 DAGs
[2024-11-12T17:24:48.970+0100] {logging_mixin.py:190} INFO - [2024-11-12T17:24:48.969+0100] {dag.py:4180} INFO - Setting next_dagrun for example_skip_dag to 2024-11-11 00:00:00+00:00, run_after=2024-11-12 00:00:00+00:00
[2024-11-12T17:24:49.038+0100] {processor.py:208} INFO - Processing /home/sakana/anaconda3/envs/airflow_env/lib/python3.8/site-packages/airflow/example_dags/example_skip_dag.py took 0.195 seconds
[2024-11-12T17:26:02.645+0100] {processor.py:186} INFO - Started process (PID=10263) to work on /home/sakana/anaconda3/envs/airflow_env/lib/python3.8/site-packages/airflow/example_dags/example_skip_dag.py
[2024-11-12T17:26:02.651+0100] {processor.py:914} INFO - Processing file /home/sakana/anaconda3/envs/airflow_env/lib/python3.8/site-packages/airflow/example_dags/example_skip_dag.py for tasks to queue
[2024-11-12T17:26:02.655+0100] {logging_mixin.py:190} INFO - [2024-11-12T17:26:02.654+0100] {dagbag.py:588} INFO - Filling up the DagBag from /home/sakana/anaconda3/envs/airflow_env/lib/python3.8/site-packages/airflow/example_dags/example_skip_dag.py
[2024-11-12T17:26:02.665+0100] {processor.py:925} INFO - DAG(s) 'example_skip_dag' retrieved from /home/sakana/anaconda3/envs/airflow_env/lib/python3.8/site-packages/airflow/example_dags/example_skip_dag.py
[2024-11-12T17:26:02.698+0100] {logging_mixin.py:190} INFO - [2024-11-12T17:26:02.698+0100] {dag.py:3239} INFO - Sync 1 DAGs
[2024-11-12T17:26:02.742+0100] {logging_mixin.py:190} INFO - [2024-11-12T17:26:02.742+0100] {dag.py:4180} INFO - Setting next_dagrun for example_skip_dag to 2024-11-11 00:00:00+00:00, run_after=2024-11-12 00:00:00+00:00
[2024-11-12T17:26:02.822+0100] {processor.py:208} INFO - Processing /home/sakana/anaconda3/envs/airflow_env/lib/python3.8/site-packages/airflow/example_dags/example_skip_dag.py took 0.190 seconds
[2024-11-12T17:27:14.587+0100] {processor.py:186} INFO - Started process (PID=10373) to work on /home/sakana/anaconda3/envs/airflow_env/lib/python3.8/site-packages/airflow/example_dags/example_skip_dag.py
[2024-11-12T17:27:14.592+0100] {processor.py:914} INFO - Processing file /home/sakana/anaconda3/envs/airflow_env/lib/python3.8/site-packages/airflow/example_dags/example_skip_dag.py for tasks to queue
[2024-11-12T17:27:14.595+0100] {logging_mixin.py:190} INFO - [2024-11-12T17:27:14.594+0100] {dagbag.py:588} INFO - Filling up the DagBag from /home/sakana/anaconda3/envs/airflow_env/lib/python3.8/site-packages/airflow/example_dags/example_skip_dag.py
[2024-11-12T17:27:14.606+0100] {processor.py:925} INFO - DAG(s) 'example_skip_dag' retrieved from /home/sakana/anaconda3/envs/airflow_env/lib/python3.8/site-packages/airflow/example_dags/example_skip_dag.py
[2024-11-12T17:27:14.627+0100] {logging_mixin.py:190} INFO - [2024-11-12T17:27:14.627+0100] {dag.py:3239} INFO - Sync 1 DAGs
[2024-11-12T17:27:14.652+0100] {logging_mixin.py:190} INFO - [2024-11-12T17:27:14.652+0100] {dag.py:4180} INFO - Setting next_dagrun for example_skip_dag to 2024-11-11 00:00:00+00:00, run_after=2024-11-12 00:00:00+00:00
[2024-11-12T17:27:14.684+0100] {processor.py:208} INFO - Processing /home/sakana/anaconda3/envs/airflow_env/lib/python3.8/site-packages/airflow/example_dags/example_skip_dag.py took 0.105 seconds
[2024-11-12T17:28:27.435+0100] {processor.py:186} INFO - Started process (PID=10479) to work on /home/sakana/anaconda3/envs/airflow_env/lib/python3.8/site-packages/airflow/example_dags/example_skip_dag.py
[2024-11-12T17:28:27.440+0100] {processor.py:914} INFO - Processing file /home/sakana/anaconda3/envs/airflow_env/lib/python3.8/site-packages/airflow/example_dags/example_skip_dag.py for tasks to queue
[2024-11-12T17:28:27.444+0100] {logging_mixin.py:190} INFO - [2024-11-12T17:28:27.443+0100] {dagbag.py:588} INFO - Filling up the DagBag from /home/sakana/anaconda3/envs/airflow_env/lib/python3.8/site-packages/airflow/example_dags/example_skip_dag.py
[2024-11-12T17:28:27.456+0100] {processor.py:925} INFO - DAG(s) 'example_skip_dag' retrieved from /home/sakana/anaconda3/envs/airflow_env/lib/python3.8/site-packages/airflow/example_dags/example_skip_dag.py
[2024-11-12T17:28:27.485+0100] {logging_mixin.py:190} INFO - [2024-11-12T17:28:27.485+0100] {dag.py:3239} INFO - Sync 1 DAGs
[2024-11-12T17:28:27.518+0100] {logging_mixin.py:190} INFO - [2024-11-12T17:28:27.517+0100] {dag.py:4180} INFO - Setting next_dagrun for example_skip_dag to 2024-11-11 00:00:00+00:00, run_after=2024-11-12 00:00:00+00:00
[2024-11-12T17:28:27.558+0100] {processor.py:208} INFO - Processing /home/sakana/anaconda3/envs/airflow_env/lib/python3.8/site-packages/airflow/example_dags/example_skip_dag.py took 0.134 seconds
[2024-11-12T17:29:40.523+0100] {processor.py:186} INFO - Started process (PID=10593) to work on /home/sakana/anaconda3/envs/airflow_env/lib/python3.8/site-packages/airflow/example_dags/example_skip_dag.py
[2024-11-12T17:29:40.528+0100] {processor.py:914} INFO - Processing file /home/sakana/anaconda3/envs/airflow_env/lib/python3.8/site-packages/airflow/example_dags/example_skip_dag.py for tasks to queue
[2024-11-12T17:29:40.533+0100] {logging_mixin.py:190} INFO - [2024-11-12T17:29:40.532+0100] {dagbag.py:588} INFO - Filling up the DagBag from /home/sakana/anaconda3/envs/airflow_env/lib/python3.8/site-packages/airflow/example_dags/example_skip_dag.py
[2024-11-12T17:29:40.544+0100] {processor.py:925} INFO - DAG(s) 'example_skip_dag' retrieved from /home/sakana/anaconda3/envs/airflow_env/lib/python3.8/site-packages/airflow/example_dags/example_skip_dag.py
[2024-11-12T17:29:40.567+0100] {logging_mixin.py:190} INFO - [2024-11-12T17:29:40.567+0100] {dag.py:3239} INFO - Sync 1 DAGs
[2024-11-12T17:29:40.595+0100] {logging_mixin.py:190} INFO - [2024-11-12T17:29:40.595+0100] {dag.py:4180} INFO - Setting next_dagrun for example_skip_dag to 2024-11-11 00:00:00+00:00, run_after=2024-11-12 00:00:00+00:00
[2024-11-12T17:29:40.627+0100] {processor.py:208} INFO - Processing /home/sakana/anaconda3/envs/airflow_env/lib/python3.8/site-packages/airflow/example_dags/example_skip_dag.py took 0.112 seconds
[2024-11-12T17:30:51.576+0100] {processor.py:186} INFO - Started process (PID=10671) to work on /home/sakana/anaconda3/envs/airflow_env/lib/python3.8/site-packages/airflow/example_dags/example_skip_dag.py
[2024-11-12T17:30:51.582+0100] {processor.py:914} INFO - Processing file /home/sakana/anaconda3/envs/airflow_env/lib/python3.8/site-packages/airflow/example_dags/example_skip_dag.py for tasks to queue
[2024-11-12T17:30:51.587+0100] {logging_mixin.py:190} INFO - [2024-11-12T17:30:51.586+0100] {dagbag.py:588} INFO - Filling up the DagBag from /home/sakana/anaconda3/envs/airflow_env/lib/python3.8/site-packages/airflow/example_dags/example_skip_dag.py
[2024-11-12T17:30:51.604+0100] {processor.py:925} INFO - DAG(s) 'example_skip_dag' retrieved from /home/sakana/anaconda3/envs/airflow_env/lib/python3.8/site-packages/airflow/example_dags/example_skip_dag.py
[2024-11-12T17:30:51.643+0100] {logging_mixin.py:190} INFO - [2024-11-12T17:30:51.642+0100] {dag.py:3239} INFO - Sync 1 DAGs
[2024-11-12T17:30:51.676+0100] {logging_mixin.py:190} INFO - [2024-11-12T17:30:51.676+0100] {dag.py:4180} INFO - Setting next_dagrun for example_skip_dag to 2024-11-11 00:00:00+00:00, run_after=2024-11-12 00:00:00+00:00
[2024-11-12T17:30:51.741+0100] {processor.py:208} INFO - Processing /home/sakana/anaconda3/envs/airflow_env/lib/python3.8/site-packages/airflow/example_dags/example_skip_dag.py took 0.179 seconds
[2024-11-12T17:32:03.546+0100] {processor.py:186} INFO - Started process (PID=10762) to work on /home/sakana/anaconda3/envs/airflow_env/lib/python3.8/site-packages/airflow/example_dags/example_skip_dag.py
[2024-11-12T17:32:03.552+0100] {processor.py:914} INFO - Processing file /home/sakana/anaconda3/envs/airflow_env/lib/python3.8/site-packages/airflow/example_dags/example_skip_dag.py for tasks to queue
[2024-11-12T17:32:03.557+0100] {logging_mixin.py:190} INFO - [2024-11-12T17:32:03.556+0100] {dagbag.py:588} INFO - Filling up the DagBag from /home/sakana/anaconda3/envs/airflow_env/lib/python3.8/site-packages/airflow/example_dags/example_skip_dag.py
[2024-11-12T17:32:03.572+0100] {processor.py:925} INFO - DAG(s) 'example_skip_dag' retrieved from /home/sakana/anaconda3/envs/airflow_env/lib/python3.8/site-packages/airflow/example_dags/example_skip_dag.py
[2024-11-12T17:32:03.603+0100] {logging_mixin.py:190} INFO - [2024-11-12T17:32:03.603+0100] {dag.py:3239} INFO - Sync 1 DAGs
[2024-11-12T17:32:03.643+0100] {logging_mixin.py:190} INFO - [2024-11-12T17:32:03.643+0100] {dag.py:4180} INFO - Setting next_dagrun for example_skip_dag to 2024-11-11 00:00:00+00:00, run_after=2024-11-12 00:00:00+00:00
[2024-11-12T17:32:03.708+0100] {processor.py:208} INFO - Processing /home/sakana/anaconda3/envs/airflow_env/lib/python3.8/site-packages/airflow/example_dags/example_skip_dag.py took 0.175 seconds
[2024-11-12T17:33:11.378+0100] {processor.py:186} INFO - Started process (PID=10931) to work on /home/sakana/anaconda3/envs/airflow_env/lib/python3.8/site-packages/airflow/example_dags/example_skip_dag.py
[2024-11-12T17:33:11.383+0100] {processor.py:914} INFO - Processing file /home/sakana/anaconda3/envs/airflow_env/lib/python3.8/site-packages/airflow/example_dags/example_skip_dag.py for tasks to queue
[2024-11-12T17:33:11.386+0100] {logging_mixin.py:190} INFO - [2024-11-12T17:33:11.385+0100] {dagbag.py:588} INFO - Filling up the DagBag from /home/sakana/anaconda3/envs/airflow_env/lib/python3.8/site-packages/airflow/example_dags/example_skip_dag.py
[2024-11-12T17:33:11.395+0100] {processor.py:925} INFO - DAG(s) 'example_skip_dag' retrieved from /home/sakana/anaconda3/envs/airflow_env/lib/python3.8/site-packages/airflow/example_dags/example_skip_dag.py
[2024-11-12T17:33:11.414+0100] {logging_mixin.py:190} INFO - [2024-11-12T17:33:11.414+0100] {dag.py:3239} INFO - Sync 1 DAGs
[2024-11-12T17:33:11.436+0100] {logging_mixin.py:190} INFO - [2024-11-12T17:33:11.435+0100] {dag.py:4180} INFO - Setting next_dagrun for example_skip_dag to 2024-11-11 00:00:00+00:00, run_after=2024-11-12 00:00:00+00:00
[2024-11-12T17:33:11.473+0100] {processor.py:208} INFO - Processing /home/sakana/anaconda3/envs/airflow_env/lib/python3.8/site-packages/airflow/example_dags/example_skip_dag.py took 0.103 seconds
[2024-11-12T17:34:15.195+0100] {processor.py:186} INFO - Started process (PID=11111) to work on /home/sakana/anaconda3/envs/airflow_env/lib/python3.8/site-packages/airflow/example_dags/example_skip_dag.py
[2024-11-12T17:34:15.200+0100] {processor.py:914} INFO - Processing file /home/sakana/anaconda3/envs/airflow_env/lib/python3.8/site-packages/airflow/example_dags/example_skip_dag.py for tasks to queue
[2024-11-12T17:34:15.204+0100] {logging_mixin.py:190} INFO - [2024-11-12T17:34:15.203+0100] {dagbag.py:588} INFO - Filling up the DagBag from /home/sakana/anaconda3/envs/airflow_env/lib/python3.8/site-packages/airflow/example_dags/example_skip_dag.py
[2024-11-12T17:34:15.213+0100] {processor.py:925} INFO - DAG(s) 'example_skip_dag' retrieved from /home/sakana/anaconda3/envs/airflow_env/lib/python3.8/site-packages/airflow/example_dags/example_skip_dag.py
[2024-11-12T17:34:15.230+0100] {logging_mixin.py:190} INFO - [2024-11-12T17:34:15.230+0100] {dag.py:3239} INFO - Sync 1 DAGs
[2024-11-12T17:34:15.250+0100] {logging_mixin.py:190} INFO - [2024-11-12T17:34:15.249+0100] {dag.py:4180} INFO - Setting next_dagrun for example_skip_dag to 2024-11-11 00:00:00+00:00, run_after=2024-11-12 00:00:00+00:00
[2024-11-12T17:34:15.285+0100] {processor.py:208} INFO - Processing /home/sakana/anaconda3/envs/airflow_env/lib/python3.8/site-packages/airflow/example_dags/example_skip_dag.py took 0.096 seconds
[2024-11-12T17:35:17.854+0100] {processor.py:186} INFO - Started process (PID=11199) to work on /home/sakana/anaconda3/envs/airflow_env/lib/python3.8/site-packages/airflow/example_dags/example_skip_dag.py
[2024-11-12T17:35:17.859+0100] {processor.py:914} INFO - Processing file /home/sakana/anaconda3/envs/airflow_env/lib/python3.8/site-packages/airflow/example_dags/example_skip_dag.py for tasks to queue
[2024-11-12T17:35:17.863+0100] {logging_mixin.py:190} INFO - [2024-11-12T17:35:17.862+0100] {dagbag.py:588} INFO - Filling up the DagBag from /home/sakana/anaconda3/envs/airflow_env/lib/python3.8/site-packages/airflow/example_dags/example_skip_dag.py
[2024-11-12T17:35:17.872+0100] {processor.py:925} INFO - DAG(s) 'example_skip_dag' retrieved from /home/sakana/anaconda3/envs/airflow_env/lib/python3.8/site-packages/airflow/example_dags/example_skip_dag.py
[2024-11-12T17:35:17.888+0100] {logging_mixin.py:190} INFO - [2024-11-12T17:35:17.888+0100] {dag.py:3239} INFO - Sync 1 DAGs
[2024-11-12T17:35:17.906+0100] {logging_mixin.py:190} INFO - [2024-11-12T17:35:17.906+0100] {dag.py:4180} INFO - Setting next_dagrun for example_skip_dag to 2024-11-11 00:00:00+00:00, run_after=2024-11-12 00:00:00+00:00
[2024-11-12T17:35:17.931+0100] {processor.py:208} INFO - Processing /home/sakana/anaconda3/envs/airflow_env/lib/python3.8/site-packages/airflow/example_dags/example_skip_dag.py took 0.087 seconds
[2024-11-12T17:36:16.125+0100] {processor.py:186} INFO - Started process (PID=11267) to work on /home/sakana/anaconda3/envs/airflow_env/lib/python3.8/site-packages/airflow/example_dags/example_skip_dag.py
[2024-11-12T17:36:16.130+0100] {processor.py:914} INFO - Processing file /home/sakana/anaconda3/envs/airflow_env/lib/python3.8/site-packages/airflow/example_dags/example_skip_dag.py for tasks to queue
[2024-11-12T17:36:16.133+0100] {logging_mixin.py:190} INFO - [2024-11-12T17:36:16.133+0100] {dagbag.py:588} INFO - Filling up the DagBag from /home/sakana/anaconda3/envs/airflow_env/lib/python3.8/site-packages/airflow/example_dags/example_skip_dag.py
[2024-11-12T17:36:16.143+0100] {processor.py:925} INFO - DAG(s) 'example_skip_dag' retrieved from /home/sakana/anaconda3/envs/airflow_env/lib/python3.8/site-packages/airflow/example_dags/example_skip_dag.py
[2024-11-12T17:36:16.160+0100] {logging_mixin.py:190} INFO - [2024-11-12T17:36:16.159+0100] {dag.py:3239} INFO - Sync 1 DAGs
[2024-11-12T17:36:16.179+0100] {logging_mixin.py:190} INFO - [2024-11-12T17:36:16.179+0100] {dag.py:4180} INFO - Setting next_dagrun for example_skip_dag to 2024-11-11 00:00:00+00:00, run_after=2024-11-12 00:00:00+00:00
[2024-11-12T17:36:16.211+0100] {processor.py:208} INFO - Processing /home/sakana/anaconda3/envs/airflow_env/lib/python3.8/site-packages/airflow/example_dags/example_skip_dag.py took 0.100 seconds
[2024-11-12T17:37:15.545+0100] {processor.py:186} INFO - Started process (PID=11337) to work on /home/sakana/anaconda3/envs/airflow_env/lib/python3.8/site-packages/airflow/example_dags/example_skip_dag.py
[2024-11-12T17:37:15.550+0100] {processor.py:914} INFO - Processing file /home/sakana/anaconda3/envs/airflow_env/lib/python3.8/site-packages/airflow/example_dags/example_skip_dag.py for tasks to queue
[2024-11-12T17:37:15.553+0100] {logging_mixin.py:190} INFO - [2024-11-12T17:37:15.553+0100] {dagbag.py:588} INFO - Filling up the DagBag from /home/sakana/anaconda3/envs/airflow_env/lib/python3.8/site-packages/airflow/example_dags/example_skip_dag.py
[2024-11-12T17:37:15.562+0100] {processor.py:925} INFO - DAG(s) 'example_skip_dag' retrieved from /home/sakana/anaconda3/envs/airflow_env/lib/python3.8/site-packages/airflow/example_dags/example_skip_dag.py
[2024-11-12T17:37:15.579+0100] {logging_mixin.py:190} INFO - [2024-11-12T17:37:15.579+0100] {dag.py:3239} INFO - Sync 1 DAGs
[2024-11-12T17:37:15.598+0100] {logging_mixin.py:190} INFO - [2024-11-12T17:37:15.598+0100] {dag.py:4180} INFO - Setting next_dagrun for example_skip_dag to 2024-11-11 00:00:00+00:00, run_after=2024-11-12 00:00:00+00:00
[2024-11-12T17:37:15.625+0100] {processor.py:208} INFO - Processing /home/sakana/anaconda3/envs/airflow_env/lib/python3.8/site-packages/airflow/example_dags/example_skip_dag.py took 0.089 seconds
