[2024-11-12T01:01:47.543+0100] {processor.py:186} INFO - Started process (PID=31489) to work on /home/sakana/anaconda3/envs/airflow_env/lib/python3.8/site-packages/airflow/example_dags/example_dynamic_task_mapping.py
[2024-11-12T01:01:47.544+0100] {processor.py:914} INFO - Processing file /home/sakana/anaconda3/envs/airflow_env/lib/python3.8/site-packages/airflow/example_dags/example_dynamic_task_mapping.py for tasks to queue
[2024-11-12T01:01:47.549+0100] {logging_mixin.py:190} INFO - [2024-11-12T01:01:47.549+0100] {dagbag.py:588} INFO - Filling up the DagBag from /home/sakana/anaconda3/envs/airflow_env/lib/python3.8/site-packages/airflow/example_dags/example_dynamic_task_mapping.py
[2024-11-12T01:01:47.561+0100] {processor.py:925} INFO - DAG(s) 'example_dynamic_task_mapping' retrieved from /home/sakana/anaconda3/envs/airflow_env/lib/python3.8/site-packages/airflow/example_dags/example_dynamic_task_mapping.py
[2024-11-12T01:01:47.595+0100] {logging_mixin.py:190} INFO - [2024-11-12T01:01:47.594+0100] {dag.py:3239} INFO - Sync 1 DAGs
[2024-11-12T01:01:47.620+0100] {logging_mixin.py:190} INFO - [2024-11-12T01:01:47.619+0100] {dag.py:4180} INFO - Setting next_dagrun for example_dynamic_task_mapping to None, run_after=None
[2024-11-12T01:01:47.656+0100] {processor.py:208} INFO - Processing /home/sakana/anaconda3/envs/airflow_env/lib/python3.8/site-packages/airflow/example_dags/example_dynamic_task_mapping.py took 0.121 seconds
[2024-11-12T01:02:53.784+0100] {processor.py:186} INFO - Started process (PID=32007) to work on /home/sakana/anaconda3/envs/airflow_env/lib/python3.8/site-packages/airflow/example_dags/example_dynamic_task_mapping.py
[2024-11-12T01:02:53.786+0100] {processor.py:914} INFO - Processing file /home/sakana/anaconda3/envs/airflow_env/lib/python3.8/site-packages/airflow/example_dags/example_dynamic_task_mapping.py for tasks to queue
[2024-11-12T01:02:53.790+0100] {logging_mixin.py:190} INFO - [2024-11-12T01:02:53.789+0100] {dagbag.py:588} INFO - Filling up the DagBag from /home/sakana/anaconda3/envs/airflow_env/lib/python3.8/site-packages/airflow/example_dags/example_dynamic_task_mapping.py
[2024-11-12T01:02:53.802+0100] {processor.py:925} INFO - DAG(s) 'example_dynamic_task_mapping' retrieved from /home/sakana/anaconda3/envs/airflow_env/lib/python3.8/site-packages/airflow/example_dags/example_dynamic_task_mapping.py
[2024-11-12T01:02:53.822+0100] {logging_mixin.py:190} INFO - [2024-11-12T01:02:53.822+0100] {dag.py:3239} INFO - Sync 1 DAGs
[2024-11-12T01:02:53.837+0100] {logging_mixin.py:190} INFO - [2024-11-12T01:02:53.837+0100] {dag.py:4180} INFO - Setting next_dagrun for example_dynamic_task_mapping to None, run_after=None
[2024-11-12T01:02:53.861+0100] {processor.py:208} INFO - Processing /home/sakana/anaconda3/envs/airflow_env/lib/python3.8/site-packages/airflow/example_dags/example_dynamic_task_mapping.py took 0.086 seconds
[2024-11-12T01:03:56.053+0100] {processor.py:186} INFO - Started process (PID=32408) to work on /home/sakana/anaconda3/envs/airflow_env/lib/python3.8/site-packages/airflow/example_dags/example_dynamic_task_mapping.py
[2024-11-12T01:03:56.058+0100] {processor.py:914} INFO - Processing file /home/sakana/anaconda3/envs/airflow_env/lib/python3.8/site-packages/airflow/example_dags/example_dynamic_task_mapping.py for tasks to queue
[2024-11-12T01:03:56.060+0100] {logging_mixin.py:190} INFO - [2024-11-12T01:03:56.060+0100] {dagbag.py:588} INFO - Filling up the DagBag from /home/sakana/anaconda3/envs/airflow_env/lib/python3.8/site-packages/airflow/example_dags/example_dynamic_task_mapping.py
[2024-11-12T01:03:56.072+0100] {processor.py:925} INFO - DAG(s) 'example_dynamic_task_mapping' retrieved from /home/sakana/anaconda3/envs/airflow_env/lib/python3.8/site-packages/airflow/example_dags/example_dynamic_task_mapping.py
[2024-11-12T01:03:56.096+0100] {logging_mixin.py:190} INFO - [2024-11-12T01:03:56.095+0100] {dag.py:3239} INFO - Sync 1 DAGs
[2024-11-12T01:03:56.115+0100] {logging_mixin.py:190} INFO - [2024-11-12T01:03:56.114+0100] {dag.py:4180} INFO - Setting next_dagrun for example_dynamic_task_mapping to None, run_after=None
[2024-11-12T01:03:56.146+0100] {processor.py:208} INFO - Processing /home/sakana/anaconda3/envs/airflow_env/lib/python3.8/site-packages/airflow/example_dags/example_dynamic_task_mapping.py took 0.103 seconds
[2024-11-12T01:10:33.704+0100] {processor.py:186} INFO - Started process (PID=4171) to work on /home/sakana/anaconda3/envs/airflow_env/lib/python3.8/site-packages/airflow/example_dags/example_dynamic_task_mapping.py
[2024-11-12T01:10:33.709+0100] {processor.py:914} INFO - Processing file /home/sakana/anaconda3/envs/airflow_env/lib/python3.8/site-packages/airflow/example_dags/example_dynamic_task_mapping.py for tasks to queue
[2024-11-12T01:10:33.713+0100] {logging_mixin.py:190} INFO - [2024-11-12T01:10:33.713+0100] {dagbag.py:588} INFO - Filling up the DagBag from /home/sakana/anaconda3/envs/airflow_env/lib/python3.8/site-packages/airflow/example_dags/example_dynamic_task_mapping.py
[2024-11-12T01:10:33.722+0100] {processor.py:925} INFO - DAG(s) 'example_dynamic_task_mapping' retrieved from /home/sakana/anaconda3/envs/airflow_env/lib/python3.8/site-packages/airflow/example_dags/example_dynamic_task_mapping.py
[2024-11-12T01:10:33.738+0100] {logging_mixin.py:190} INFO - [2024-11-12T01:10:33.738+0100] {dag.py:3239} INFO - Sync 1 DAGs
[2024-11-12T01:10:33.749+0100] {logging_mixin.py:190} INFO - [2024-11-12T01:10:33.749+0100] {dag.py:4180} INFO - Setting next_dagrun for example_dynamic_task_mapping to None, run_after=None
[2024-11-12T01:10:33.777+0100] {processor.py:208} INFO - Processing /home/sakana/anaconda3/envs/airflow_env/lib/python3.8/site-packages/airflow/example_dags/example_dynamic_task_mapping.py took 0.081 seconds
[2024-11-12T01:11:35.590+0100] {processor.py:186} INFO - Started process (PID=4232) to work on /home/sakana/anaconda3/envs/airflow_env/lib/python3.8/site-packages/airflow/example_dags/example_dynamic_task_mapping.py
[2024-11-12T01:11:35.595+0100] {processor.py:914} INFO - Processing file /home/sakana/anaconda3/envs/airflow_env/lib/python3.8/site-packages/airflow/example_dags/example_dynamic_task_mapping.py for tasks to queue
[2024-11-12T01:11:35.598+0100] {logging_mixin.py:190} INFO - [2024-11-12T01:11:35.597+0100] {dagbag.py:588} INFO - Filling up the DagBag from /home/sakana/anaconda3/envs/airflow_env/lib/python3.8/site-packages/airflow/example_dags/example_dynamic_task_mapping.py
[2024-11-12T01:11:35.606+0100] {processor.py:925} INFO - DAG(s) 'example_dynamic_task_mapping' retrieved from /home/sakana/anaconda3/envs/airflow_env/lib/python3.8/site-packages/airflow/example_dags/example_dynamic_task_mapping.py
[2024-11-12T01:11:35.620+0100] {logging_mixin.py:190} INFO - [2024-11-12T01:11:35.620+0100] {dag.py:3239} INFO - Sync 1 DAGs
[2024-11-12T01:11:35.632+0100] {logging_mixin.py:190} INFO - [2024-11-12T01:11:35.631+0100] {dag.py:4180} INFO - Setting next_dagrun for example_dynamic_task_mapping to None, run_after=None
[2024-11-12T01:11:35.660+0100] {processor.py:208} INFO - Processing /home/sakana/anaconda3/envs/airflow_env/lib/python3.8/site-packages/airflow/example_dags/example_dynamic_task_mapping.py took 0.077 seconds
[2024-11-12T16:38:10.725+0100] {processor.py:186} INFO - Started process (PID=6667) to work on /home/sakana/anaconda3/envs/airflow_env/lib/python3.8/site-packages/airflow/example_dags/example_dynamic_task_mapping.py
[2024-11-12T16:38:10.729+0100] {processor.py:914} INFO - Processing file /home/sakana/anaconda3/envs/airflow_env/lib/python3.8/site-packages/airflow/example_dags/example_dynamic_task_mapping.py for tasks to queue
[2024-11-12T16:38:10.735+0100] {logging_mixin.py:190} INFO - [2024-11-12T16:38:10.734+0100] {dagbag.py:588} INFO - Filling up the DagBag from /home/sakana/anaconda3/envs/airflow_env/lib/python3.8/site-packages/airflow/example_dags/example_dynamic_task_mapping.py
[2024-11-12T16:38:10.745+0100] {processor.py:925} INFO - DAG(s) 'example_dynamic_task_mapping' retrieved from /home/sakana/anaconda3/envs/airflow_env/lib/python3.8/site-packages/airflow/example_dags/example_dynamic_task_mapping.py
[2024-11-12T16:38:10.772+0100] {logging_mixin.py:190} INFO - [2024-11-12T16:38:10.772+0100] {dag.py:3239} INFO - Sync 1 DAGs
[2024-11-12T16:38:10.789+0100] {logging_mixin.py:190} INFO - [2024-11-12T16:38:10.789+0100] {dag.py:4180} INFO - Setting next_dagrun for example_dynamic_task_mapping to None, run_after=None
[2024-11-12T16:38:10.817+0100] {processor.py:208} INFO - Processing /home/sakana/anaconda3/envs/airflow_env/lib/python3.8/site-packages/airflow/example_dags/example_dynamic_task_mapping.py took 0.099 seconds
[2024-11-12T16:40:27.203+0100] {processor.py:186} INFO - Started process (PID=7015) to work on /home/sakana/anaconda3/envs/airflow_env/lib/python3.8/site-packages/airflow/example_dags/example_dynamic_task_mapping.py
[2024-11-12T16:40:27.209+0100] {processor.py:914} INFO - Processing file /home/sakana/anaconda3/envs/airflow_env/lib/python3.8/site-packages/airflow/example_dags/example_dynamic_task_mapping.py for tasks to queue
[2024-11-12T16:40:27.217+0100] {logging_mixin.py:190} INFO - [2024-11-12T16:40:27.216+0100] {dagbag.py:588} INFO - Filling up the DagBag from /home/sakana/anaconda3/envs/airflow_env/lib/python3.8/site-packages/airflow/example_dags/example_dynamic_task_mapping.py
[2024-11-12T16:40:27.226+0100] {processor.py:925} INFO - DAG(s) 'example_dynamic_task_mapping' retrieved from /home/sakana/anaconda3/envs/airflow_env/lib/python3.8/site-packages/airflow/example_dags/example_dynamic_task_mapping.py
[2024-11-12T16:40:27.243+0100] {logging_mixin.py:190} INFO - [2024-11-12T16:40:27.243+0100] {dag.py:3239} INFO - Sync 1 DAGs
[2024-11-12T16:40:27.254+0100] {logging_mixin.py:190} INFO - [2024-11-12T16:40:27.254+0100] {dag.py:4180} INFO - Setting next_dagrun for example_dynamic_task_mapping to None, run_after=None
[2024-11-12T16:40:27.278+0100] {processor.py:208} INFO - Processing /home/sakana/anaconda3/envs/airflow_env/lib/python3.8/site-packages/airflow/example_dags/example_dynamic_task_mapping.py took 0.089 seconds
[2024-11-12T16:41:34.665+0100] {processor.py:186} INFO - Started process (PID=7129) to work on /home/sakana/anaconda3/envs/airflow_env/lib/python3.8/site-packages/airflow/example_dags/example_dynamic_task_mapping.py
[2024-11-12T16:41:34.670+0100] {processor.py:914} INFO - Processing file /home/sakana/anaconda3/envs/airflow_env/lib/python3.8/site-packages/airflow/example_dags/example_dynamic_task_mapping.py for tasks to queue
[2024-11-12T16:41:34.674+0100] {logging_mixin.py:190} INFO - [2024-11-12T16:41:34.672+0100] {dagbag.py:588} INFO - Filling up the DagBag from /home/sakana/anaconda3/envs/airflow_env/lib/python3.8/site-packages/airflow/example_dags/example_dynamic_task_mapping.py
[2024-11-12T16:41:34.685+0100] {processor.py:925} INFO - DAG(s) 'example_dynamic_task_mapping' retrieved from /home/sakana/anaconda3/envs/airflow_env/lib/python3.8/site-packages/airflow/example_dags/example_dynamic_task_mapping.py
[2024-11-12T16:41:34.701+0100] {logging_mixin.py:190} INFO - [2024-11-12T16:41:34.701+0100] {dag.py:3239} INFO - Sync 1 DAGs
[2024-11-12T16:41:34.713+0100] {logging_mixin.py:190} INFO - [2024-11-12T16:41:34.713+0100] {dag.py:4180} INFO - Setting next_dagrun for example_dynamic_task_mapping to None, run_after=None
[2024-11-12T16:41:34.752+0100] {processor.py:208} INFO - Processing /home/sakana/anaconda3/envs/airflow_env/lib/python3.8/site-packages/airflow/example_dags/example_dynamic_task_mapping.py took 0.097 seconds
[2024-11-12T16:42:33.905+0100] {processor.py:186} INFO - Started process (PID=7260) to work on /home/sakana/anaconda3/envs/airflow_env/lib/python3.8/site-packages/airflow/example_dags/example_dynamic_task_mapping.py
[2024-11-12T16:42:33.910+0100] {processor.py:914} INFO - Processing file /home/sakana/anaconda3/envs/airflow_env/lib/python3.8/site-packages/airflow/example_dags/example_dynamic_task_mapping.py for tasks to queue
[2024-11-12T16:42:33.913+0100] {logging_mixin.py:190} INFO - [2024-11-12T16:42:33.912+0100] {dagbag.py:588} INFO - Filling up the DagBag from /home/sakana/anaconda3/envs/airflow_env/lib/python3.8/site-packages/airflow/example_dags/example_dynamic_task_mapping.py
[2024-11-12T16:42:33.922+0100] {processor.py:925} INFO - DAG(s) 'example_dynamic_task_mapping' retrieved from /home/sakana/anaconda3/envs/airflow_env/lib/python3.8/site-packages/airflow/example_dags/example_dynamic_task_mapping.py
[2024-11-12T16:42:33.939+0100] {logging_mixin.py:190} INFO - [2024-11-12T16:42:33.938+0100] {dag.py:3239} INFO - Sync 1 DAGs
[2024-11-12T16:42:33.955+0100] {logging_mixin.py:190} INFO - [2024-11-12T16:42:33.955+0100] {dag.py:4180} INFO - Setting next_dagrun for example_dynamic_task_mapping to None, run_after=None
[2024-11-12T16:42:33.989+0100] {processor.py:208} INFO - Processing /home/sakana/anaconda3/envs/airflow_env/lib/python3.8/site-packages/airflow/example_dags/example_dynamic_task_mapping.py took 0.091 seconds
[2024-11-12T16:43:31.386+0100] {processor.py:186} INFO - Started process (PID=7372) to work on /home/sakana/anaconda3/envs/airflow_env/lib/python3.8/site-packages/airflow/example_dags/example_dynamic_task_mapping.py
[2024-11-12T16:43:31.391+0100] {processor.py:914} INFO - Processing file /home/sakana/anaconda3/envs/airflow_env/lib/python3.8/site-packages/airflow/example_dags/example_dynamic_task_mapping.py for tasks to queue
[2024-11-12T16:43:31.393+0100] {logging_mixin.py:190} INFO - [2024-11-12T16:43:31.393+0100] {dagbag.py:588} INFO - Filling up the DagBag from /home/sakana/anaconda3/envs/airflow_env/lib/python3.8/site-packages/airflow/example_dags/example_dynamic_task_mapping.py
[2024-11-12T16:43:31.400+0100] {processor.py:925} INFO - DAG(s) 'example_dynamic_task_mapping' retrieved from /home/sakana/anaconda3/envs/airflow_env/lib/python3.8/site-packages/airflow/example_dags/example_dynamic_task_mapping.py
[2024-11-12T16:43:31.416+0100] {logging_mixin.py:190} INFO - [2024-11-12T16:43:31.416+0100] {dag.py:3239} INFO - Sync 1 DAGs
[2024-11-12T16:43:31.428+0100] {logging_mixin.py:190} INFO - [2024-11-12T16:43:31.428+0100] {dag.py:4180} INFO - Setting next_dagrun for example_dynamic_task_mapping to None, run_after=None
[2024-11-12T16:43:31.458+0100] {processor.py:208} INFO - Processing /home/sakana/anaconda3/envs/airflow_env/lib/python3.8/site-packages/airflow/example_dags/example_dynamic_task_mapping.py took 0.079 seconds
[2024-11-12T16:44:29.309+0100] {processor.py:186} INFO - Started process (PID=7458) to work on /home/sakana/anaconda3/envs/airflow_env/lib/python3.8/site-packages/airflow/example_dags/example_dynamic_task_mapping.py
[2024-11-12T16:44:29.314+0100] {processor.py:914} INFO - Processing file /home/sakana/anaconda3/envs/airflow_env/lib/python3.8/site-packages/airflow/example_dags/example_dynamic_task_mapping.py for tasks to queue
[2024-11-12T16:44:29.317+0100] {logging_mixin.py:190} INFO - [2024-11-12T16:44:29.316+0100] {dagbag.py:588} INFO - Filling up the DagBag from /home/sakana/anaconda3/envs/airflow_env/lib/python3.8/site-packages/airflow/example_dags/example_dynamic_task_mapping.py
[2024-11-12T16:44:29.325+0100] {processor.py:925} INFO - DAG(s) 'example_dynamic_task_mapping' retrieved from /home/sakana/anaconda3/envs/airflow_env/lib/python3.8/site-packages/airflow/example_dags/example_dynamic_task_mapping.py
[2024-11-12T16:44:29.339+0100] {logging_mixin.py:190} INFO - [2024-11-12T16:44:29.339+0100] {dag.py:3239} INFO - Sync 1 DAGs
[2024-11-12T16:44:29.353+0100] {logging_mixin.py:190} INFO - [2024-11-12T16:44:29.353+0100] {dag.py:4180} INFO - Setting next_dagrun for example_dynamic_task_mapping to None, run_after=None
[2024-11-12T16:44:29.380+0100] {processor.py:208} INFO - Processing /home/sakana/anaconda3/envs/airflow_env/lib/python3.8/site-packages/airflow/example_dags/example_dynamic_task_mapping.py took 0.077 seconds
[2024-11-12T16:45:24.495+0100] {processor.py:186} INFO - Started process (PID=7530) to work on /home/sakana/anaconda3/envs/airflow_env/lib/python3.8/site-packages/airflow/example_dags/example_dynamic_task_mapping.py
[2024-11-12T16:45:24.500+0100] {processor.py:914} INFO - Processing file /home/sakana/anaconda3/envs/airflow_env/lib/python3.8/site-packages/airflow/example_dags/example_dynamic_task_mapping.py for tasks to queue
[2024-11-12T16:45:24.503+0100] {logging_mixin.py:190} INFO - [2024-11-12T16:45:24.503+0100] {dagbag.py:588} INFO - Filling up the DagBag from /home/sakana/anaconda3/envs/airflow_env/lib/python3.8/site-packages/airflow/example_dags/example_dynamic_task_mapping.py
[2024-11-12T16:45:24.513+0100] {processor.py:925} INFO - DAG(s) 'example_dynamic_task_mapping' retrieved from /home/sakana/anaconda3/envs/airflow_env/lib/python3.8/site-packages/airflow/example_dags/example_dynamic_task_mapping.py
[2024-11-12T16:45:24.529+0100] {logging_mixin.py:190} INFO - [2024-11-12T16:45:24.528+0100] {dag.py:3239} INFO - Sync 1 DAGs
[2024-11-12T16:45:24.545+0100] {logging_mixin.py:190} INFO - [2024-11-12T16:45:24.544+0100] {dag.py:4180} INFO - Setting next_dagrun for example_dynamic_task_mapping to None, run_after=None
[2024-11-12T16:45:24.584+0100] {processor.py:208} INFO - Processing /home/sakana/anaconda3/envs/airflow_env/lib/python3.8/site-packages/airflow/example_dags/example_dynamic_task_mapping.py took 0.097 seconds
[2024-11-12T16:46:28.209+0100] {processor.py:186} INFO - Started process (PID=7652) to work on /home/sakana/anaconda3/envs/airflow_env/lib/python3.8/site-packages/airflow/example_dags/example_dynamic_task_mapping.py
[2024-11-12T16:46:28.213+0100] {processor.py:914} INFO - Processing file /home/sakana/anaconda3/envs/airflow_env/lib/python3.8/site-packages/airflow/example_dags/example_dynamic_task_mapping.py for tasks to queue
[2024-11-12T16:46:28.216+0100] {logging_mixin.py:190} INFO - [2024-11-12T16:46:28.216+0100] {dagbag.py:588} INFO - Filling up the DagBag from /home/sakana/anaconda3/envs/airflow_env/lib/python3.8/site-packages/airflow/example_dags/example_dynamic_task_mapping.py
[2024-11-12T16:46:28.224+0100] {processor.py:925} INFO - DAG(s) 'example_dynamic_task_mapping' retrieved from /home/sakana/anaconda3/envs/airflow_env/lib/python3.8/site-packages/airflow/example_dags/example_dynamic_task_mapping.py
[2024-11-12T16:46:28.238+0100] {logging_mixin.py:190} INFO - [2024-11-12T16:46:28.238+0100] {dag.py:3239} INFO - Sync 1 DAGs
[2024-11-12T16:46:28.250+0100] {logging_mixin.py:190} INFO - [2024-11-12T16:46:28.249+0100] {dag.py:4180} INFO - Setting next_dagrun for example_dynamic_task_mapping to None, run_after=None
[2024-11-12T16:46:28.278+0100] {processor.py:208} INFO - Processing /home/sakana/anaconda3/envs/airflow_env/lib/python3.8/site-packages/airflow/example_dags/example_dynamic_task_mapping.py took 0.075 seconds
[2024-11-12T16:47:32.252+0100] {processor.py:186} INFO - Started process (PID=7732) to work on /home/sakana/anaconda3/envs/airflow_env/lib/python3.8/site-packages/airflow/example_dags/example_dynamic_task_mapping.py
[2024-11-12T16:47:32.257+0100] {processor.py:914} INFO - Processing file /home/sakana/anaconda3/envs/airflow_env/lib/python3.8/site-packages/airflow/example_dags/example_dynamic_task_mapping.py for tasks to queue
[2024-11-12T16:47:32.260+0100] {logging_mixin.py:190} INFO - [2024-11-12T16:47:32.260+0100] {dagbag.py:588} INFO - Filling up the DagBag from /home/sakana/anaconda3/envs/airflow_env/lib/python3.8/site-packages/airflow/example_dags/example_dynamic_task_mapping.py
[2024-11-12T16:47:32.268+0100] {processor.py:925} INFO - DAG(s) 'example_dynamic_task_mapping' retrieved from /home/sakana/anaconda3/envs/airflow_env/lib/python3.8/site-packages/airflow/example_dags/example_dynamic_task_mapping.py
[2024-11-12T16:47:32.282+0100] {logging_mixin.py:190} INFO - [2024-11-12T16:47:32.282+0100] {dag.py:3239} INFO - Sync 1 DAGs
[2024-11-12T16:47:32.297+0100] {logging_mixin.py:190} INFO - [2024-11-12T16:47:32.297+0100] {dag.py:4180} INFO - Setting next_dagrun for example_dynamic_task_mapping to None, run_after=None
[2024-11-12T16:47:32.326+0100] {processor.py:208} INFO - Processing /home/sakana/anaconda3/envs/airflow_env/lib/python3.8/site-packages/airflow/example_dags/example_dynamic_task_mapping.py took 0.079 seconds
[2024-11-12T16:48:30.529+0100] {processor.py:186} INFO - Started process (PID=7884) to work on /home/sakana/anaconda3/envs/airflow_env/lib/python3.8/site-packages/airflow/example_dags/example_dynamic_task_mapping.py
[2024-11-12T16:48:30.534+0100] {processor.py:914} INFO - Processing file /home/sakana/anaconda3/envs/airflow_env/lib/python3.8/site-packages/airflow/example_dags/example_dynamic_task_mapping.py for tasks to queue
[2024-11-12T16:48:30.536+0100] {logging_mixin.py:190} INFO - [2024-11-12T16:48:30.536+0100] {dagbag.py:588} INFO - Filling up the DagBag from /home/sakana/anaconda3/envs/airflow_env/lib/python3.8/site-packages/airflow/example_dags/example_dynamic_task_mapping.py
[2024-11-12T16:48:30.543+0100] {processor.py:925} INFO - DAG(s) 'example_dynamic_task_mapping' retrieved from /home/sakana/anaconda3/envs/airflow_env/lib/python3.8/site-packages/airflow/example_dags/example_dynamic_task_mapping.py
[2024-11-12T16:48:30.557+0100] {logging_mixin.py:190} INFO - [2024-11-12T16:48:30.556+0100] {dag.py:3239} INFO - Sync 1 DAGs
[2024-11-12T16:48:30.571+0100] {logging_mixin.py:190} INFO - [2024-11-12T16:48:30.571+0100] {dag.py:4180} INFO - Setting next_dagrun for example_dynamic_task_mapping to None, run_after=None
[2024-11-12T16:48:30.596+0100] {processor.py:208} INFO - Processing /home/sakana/anaconda3/envs/airflow_env/lib/python3.8/site-packages/airflow/example_dags/example_dynamic_task_mapping.py took 0.073 seconds
[2024-11-12T16:49:28.074+0100] {processor.py:186} INFO - Started process (PID=7981) to work on /home/sakana/anaconda3/envs/airflow_env/lib/python3.8/site-packages/airflow/example_dags/example_dynamic_task_mapping.py
[2024-11-12T16:49:28.079+0100] {processor.py:914} INFO - Processing file /home/sakana/anaconda3/envs/airflow_env/lib/python3.8/site-packages/airflow/example_dags/example_dynamic_task_mapping.py for tasks to queue
[2024-11-12T16:49:28.082+0100] {logging_mixin.py:190} INFO - [2024-11-12T16:49:28.081+0100] {dagbag.py:588} INFO - Filling up the DagBag from /home/sakana/anaconda3/envs/airflow_env/lib/python3.8/site-packages/airflow/example_dags/example_dynamic_task_mapping.py
[2024-11-12T16:49:28.090+0100] {processor.py:925} INFO - DAG(s) 'example_dynamic_task_mapping' retrieved from /home/sakana/anaconda3/envs/airflow_env/lib/python3.8/site-packages/airflow/example_dags/example_dynamic_task_mapping.py
[2024-11-12T16:49:28.105+0100] {logging_mixin.py:190} INFO - [2024-11-12T16:49:28.104+0100] {dag.py:3239} INFO - Sync 1 DAGs
[2024-11-12T16:49:28.116+0100] {logging_mixin.py:190} INFO - [2024-11-12T16:49:28.116+0100] {dag.py:4180} INFO - Setting next_dagrun for example_dynamic_task_mapping to None, run_after=None
[2024-11-12T16:49:28.150+0100] {processor.py:208} INFO - Processing /home/sakana/anaconda3/envs/airflow_env/lib/python3.8/site-packages/airflow/example_dags/example_dynamic_task_mapping.py took 0.085 seconds
[2024-11-12T16:50:25.164+0100] {processor.py:186} INFO - Started process (PID=8049) to work on /home/sakana/anaconda3/envs/airflow_env/lib/python3.8/site-packages/airflow/example_dags/example_dynamic_task_mapping.py
[2024-11-12T16:50:25.169+0100] {processor.py:914} INFO - Processing file /home/sakana/anaconda3/envs/airflow_env/lib/python3.8/site-packages/airflow/example_dags/example_dynamic_task_mapping.py for tasks to queue
[2024-11-12T16:50:25.171+0100] {logging_mixin.py:190} INFO - [2024-11-12T16:50:25.171+0100] {dagbag.py:588} INFO - Filling up the DagBag from /home/sakana/anaconda3/envs/airflow_env/lib/python3.8/site-packages/airflow/example_dags/example_dynamic_task_mapping.py
[2024-11-12T16:50:25.180+0100] {processor.py:925} INFO - DAG(s) 'example_dynamic_task_mapping' retrieved from /home/sakana/anaconda3/envs/airflow_env/lib/python3.8/site-packages/airflow/example_dags/example_dynamic_task_mapping.py
[2024-11-12T16:50:25.195+0100] {logging_mixin.py:190} INFO - [2024-11-12T16:50:25.195+0100] {dag.py:3239} INFO - Sync 1 DAGs
[2024-11-12T16:50:25.205+0100] {logging_mixin.py:190} INFO - [2024-11-12T16:50:25.205+0100] {dag.py:4180} INFO - Setting next_dagrun for example_dynamic_task_mapping to None, run_after=None
[2024-11-12T16:50:25.230+0100] {processor.py:208} INFO - Processing /home/sakana/anaconda3/envs/airflow_env/lib/python3.8/site-packages/airflow/example_dags/example_dynamic_task_mapping.py took 0.075 seconds
[2024-11-12T16:51:23.637+0100] {processor.py:186} INFO - Started process (PID=8123) to work on /home/sakana/anaconda3/envs/airflow_env/lib/python3.8/site-packages/airflow/example_dags/example_dynamic_task_mapping.py
[2024-11-12T16:51:23.642+0100] {processor.py:914} INFO - Processing file /home/sakana/anaconda3/envs/airflow_env/lib/python3.8/site-packages/airflow/example_dags/example_dynamic_task_mapping.py for tasks to queue
[2024-11-12T16:51:23.645+0100] {logging_mixin.py:190} INFO - [2024-11-12T16:51:23.645+0100] {dagbag.py:588} INFO - Filling up the DagBag from /home/sakana/anaconda3/envs/airflow_env/lib/python3.8/site-packages/airflow/example_dags/example_dynamic_task_mapping.py
[2024-11-12T16:51:23.654+0100] {processor.py:925} INFO - DAG(s) 'example_dynamic_task_mapping' retrieved from /home/sakana/anaconda3/envs/airflow_env/lib/python3.8/site-packages/airflow/example_dags/example_dynamic_task_mapping.py
[2024-11-12T16:51:23.671+0100] {logging_mixin.py:190} INFO - [2024-11-12T16:51:23.671+0100] {dag.py:3239} INFO - Sync 1 DAGs
[2024-11-12T16:51:23.683+0100] {logging_mixin.py:190} INFO - [2024-11-12T16:51:23.683+0100] {dag.py:4180} INFO - Setting next_dagrun for example_dynamic_task_mapping to None, run_after=None
[2024-11-12T16:51:23.708+0100] {processor.py:208} INFO - Processing /home/sakana/anaconda3/envs/airflow_env/lib/python3.8/site-packages/airflow/example_dags/example_dynamic_task_mapping.py took 0.078 seconds
[2024-11-12T16:52:18.920+0100] {processor.py:186} INFO - Started process (PID=8211) to work on /home/sakana/anaconda3/envs/airflow_env/lib/python3.8/site-packages/airflow/example_dags/example_dynamic_task_mapping.py
[2024-11-12T16:52:18.925+0100] {processor.py:914} INFO - Processing file /home/sakana/anaconda3/envs/airflow_env/lib/python3.8/site-packages/airflow/example_dags/example_dynamic_task_mapping.py for tasks to queue
[2024-11-12T16:52:18.927+0100] {logging_mixin.py:190} INFO - [2024-11-12T16:52:18.927+0100] {dagbag.py:588} INFO - Filling up the DagBag from /home/sakana/anaconda3/envs/airflow_env/lib/python3.8/site-packages/airflow/example_dags/example_dynamic_task_mapping.py
[2024-11-12T16:52:18.937+0100] {processor.py:925} INFO - DAG(s) 'example_dynamic_task_mapping' retrieved from /home/sakana/anaconda3/envs/airflow_env/lib/python3.8/site-packages/airflow/example_dags/example_dynamic_task_mapping.py
[2024-11-12T16:52:18.955+0100] {logging_mixin.py:190} INFO - [2024-11-12T16:52:18.954+0100] {dag.py:3239} INFO - Sync 1 DAGs
[2024-11-12T16:52:18.968+0100] {logging_mixin.py:190} INFO - [2024-11-12T16:52:18.968+0100] {dag.py:4180} INFO - Setting next_dagrun for example_dynamic_task_mapping to None, run_after=None
[2024-11-12T16:52:18.993+0100] {processor.py:208} INFO - Processing /home/sakana/anaconda3/envs/airflow_env/lib/python3.8/site-packages/airflow/example_dags/example_dynamic_task_mapping.py took 0.080 seconds
[2024-11-12T16:53:15.507+0100] {processor.py:186} INFO - Started process (PID=8299) to work on /home/sakana/anaconda3/envs/airflow_env/lib/python3.8/site-packages/airflow/example_dags/example_dynamic_task_mapping.py
[2024-11-12T16:53:15.513+0100] {processor.py:914} INFO - Processing file /home/sakana/anaconda3/envs/airflow_env/lib/python3.8/site-packages/airflow/example_dags/example_dynamic_task_mapping.py for tasks to queue
[2024-11-12T16:53:15.517+0100] {logging_mixin.py:190} INFO - [2024-11-12T16:53:15.516+0100] {dagbag.py:588} INFO - Filling up the DagBag from /home/sakana/anaconda3/envs/airflow_env/lib/python3.8/site-packages/airflow/example_dags/example_dynamic_task_mapping.py
[2024-11-12T16:53:15.527+0100] {processor.py:925} INFO - DAG(s) 'example_dynamic_task_mapping' retrieved from /home/sakana/anaconda3/envs/airflow_env/lib/python3.8/site-packages/airflow/example_dags/example_dynamic_task_mapping.py
[2024-11-12T16:53:15.542+0100] {logging_mixin.py:190} INFO - [2024-11-12T16:53:15.542+0100] {dag.py:3239} INFO - Sync 1 DAGs
[2024-11-12T16:53:15.553+0100] {logging_mixin.py:190} INFO - [2024-11-12T16:53:15.553+0100] {dag.py:4180} INFO - Setting next_dagrun for example_dynamic_task_mapping to None, run_after=None
[2024-11-12T16:53:15.589+0100] {processor.py:208} INFO - Processing /home/sakana/anaconda3/envs/airflow_env/lib/python3.8/site-packages/airflow/example_dags/example_dynamic_task_mapping.py took 0.091 seconds
[2024-11-12T16:54:12.137+0100] {processor.py:186} INFO - Started process (PID=8456) to work on /home/sakana/anaconda3/envs/airflow_env/lib/python3.8/site-packages/airflow/example_dags/example_dynamic_task_mapping.py
[2024-11-12T16:54:12.139+0100] {processor.py:914} INFO - Processing file /home/sakana/anaconda3/envs/airflow_env/lib/python3.8/site-packages/airflow/example_dags/example_dynamic_task_mapping.py for tasks to queue
[2024-11-12T16:54:12.143+0100] {logging_mixin.py:190} INFO - [2024-11-12T16:54:12.142+0100] {dagbag.py:588} INFO - Filling up the DagBag from /home/sakana/anaconda3/envs/airflow_env/lib/python3.8/site-packages/airflow/example_dags/example_dynamic_task_mapping.py
[2024-11-12T16:54:12.153+0100] {processor.py:925} INFO - DAG(s) 'example_dynamic_task_mapping' retrieved from /home/sakana/anaconda3/envs/airflow_env/lib/python3.8/site-packages/airflow/example_dags/example_dynamic_task_mapping.py
[2024-11-12T16:54:12.171+0100] {logging_mixin.py:190} INFO - [2024-11-12T16:54:12.171+0100] {dag.py:3239} INFO - Sync 1 DAGs
[2024-11-12T16:54:12.184+0100] {logging_mixin.py:190} INFO - [2024-11-12T16:54:12.184+0100] {dag.py:4180} INFO - Setting next_dagrun for example_dynamic_task_mapping to None, run_after=None
[2024-11-12T16:54:12.215+0100] {processor.py:208} INFO - Processing /home/sakana/anaconda3/envs/airflow_env/lib/python3.8/site-packages/airflow/example_dags/example_dynamic_task_mapping.py took 0.085 seconds
[2024-11-12T16:55:13.728+0100] {processor.py:186} INFO - Started process (PID=8561) to work on /home/sakana/anaconda3/envs/airflow_env/lib/python3.8/site-packages/airflow/example_dags/example_dynamic_task_mapping.py
[2024-11-12T16:55:13.732+0100] {processor.py:914} INFO - Processing file /home/sakana/anaconda3/envs/airflow_env/lib/python3.8/site-packages/airflow/example_dags/example_dynamic_task_mapping.py for tasks to queue
[2024-11-12T16:55:13.735+0100] {logging_mixin.py:190} INFO - [2024-11-12T16:55:13.734+0100] {dagbag.py:588} INFO - Filling up the DagBag from /home/sakana/anaconda3/envs/airflow_env/lib/python3.8/site-packages/airflow/example_dags/example_dynamic_task_mapping.py
[2024-11-12T16:55:13.743+0100] {processor.py:925} INFO - DAG(s) 'example_dynamic_task_mapping' retrieved from /home/sakana/anaconda3/envs/airflow_env/lib/python3.8/site-packages/airflow/example_dags/example_dynamic_task_mapping.py
[2024-11-12T16:55:13.759+0100] {logging_mixin.py:190} INFO - [2024-11-12T16:55:13.759+0100] {dag.py:3239} INFO - Sync 1 DAGs
[2024-11-12T16:55:13.775+0100] {logging_mixin.py:190} INFO - [2024-11-12T16:55:13.775+0100] {dag.py:4180} INFO - Setting next_dagrun for example_dynamic_task_mapping to None, run_after=None
[2024-11-12T16:55:13.808+0100] {processor.py:208} INFO - Processing /home/sakana/anaconda3/envs/airflow_env/lib/python3.8/site-packages/airflow/example_dags/example_dynamic_task_mapping.py took 0.087 seconds
[2024-11-12T16:56:11.595+0100] {processor.py:186} INFO - Started process (PID=8624) to work on /home/sakana/anaconda3/envs/airflow_env/lib/python3.8/site-packages/airflow/example_dags/example_dynamic_task_mapping.py
[2024-11-12T16:56:11.600+0100] {processor.py:914} INFO - Processing file /home/sakana/anaconda3/envs/airflow_env/lib/python3.8/site-packages/airflow/example_dags/example_dynamic_task_mapping.py for tasks to queue
[2024-11-12T16:56:11.604+0100] {logging_mixin.py:190} INFO - [2024-11-12T16:56:11.603+0100] {dagbag.py:588} INFO - Filling up the DagBag from /home/sakana/anaconda3/envs/airflow_env/lib/python3.8/site-packages/airflow/example_dags/example_dynamic_task_mapping.py
[2024-11-12T16:56:11.612+0100] {processor.py:925} INFO - DAG(s) 'example_dynamic_task_mapping' retrieved from /home/sakana/anaconda3/envs/airflow_env/lib/python3.8/site-packages/airflow/example_dags/example_dynamic_task_mapping.py
[2024-11-12T16:56:11.628+0100] {logging_mixin.py:190} INFO - [2024-11-12T16:56:11.628+0100] {dag.py:3239} INFO - Sync 1 DAGs
[2024-11-12T16:56:11.640+0100] {logging_mixin.py:190} INFO - [2024-11-12T16:56:11.640+0100] {dag.py:4180} INFO - Setting next_dagrun for example_dynamic_task_mapping to None, run_after=None
[2024-11-12T16:56:11.666+0100] {processor.py:208} INFO - Processing /home/sakana/anaconda3/envs/airflow_env/lib/python3.8/site-packages/airflow/example_dags/example_dynamic_task_mapping.py took 0.077 seconds
[2024-11-12T16:57:13.796+0100] {processor.py:186} INFO - Started process (PID=8717) to work on /home/sakana/anaconda3/envs/airflow_env/lib/python3.8/site-packages/airflow/example_dags/example_dynamic_task_mapping.py
[2024-11-12T16:57:13.801+0100] {processor.py:914} INFO - Processing file /home/sakana/anaconda3/envs/airflow_env/lib/python3.8/site-packages/airflow/example_dags/example_dynamic_task_mapping.py for tasks to queue
[2024-11-12T16:57:13.803+0100] {logging_mixin.py:190} INFO - [2024-11-12T16:57:13.803+0100] {dagbag.py:588} INFO - Filling up the DagBag from /home/sakana/anaconda3/envs/airflow_env/lib/python3.8/site-packages/airflow/example_dags/example_dynamic_task_mapping.py
[2024-11-12T16:57:13.810+0100] {processor.py:925} INFO - DAG(s) 'example_dynamic_task_mapping' retrieved from /home/sakana/anaconda3/envs/airflow_env/lib/python3.8/site-packages/airflow/example_dags/example_dynamic_task_mapping.py
[2024-11-12T16:57:13.824+0100] {logging_mixin.py:190} INFO - [2024-11-12T16:57:13.823+0100] {dag.py:3239} INFO - Sync 1 DAGs
[2024-11-12T16:57:13.835+0100] {logging_mixin.py:190} INFO - [2024-11-12T16:57:13.835+0100] {dag.py:4180} INFO - Setting next_dagrun for example_dynamic_task_mapping to None, run_after=None
[2024-11-12T16:57:13.859+0100] {processor.py:208} INFO - Processing /home/sakana/anaconda3/envs/airflow_env/lib/python3.8/site-packages/airflow/example_dags/example_dynamic_task_mapping.py took 0.069 seconds
[2024-11-12T16:58:16.305+0100] {processor.py:186} INFO - Started process (PID=8816) to work on /home/sakana/anaconda3/envs/airflow_env/lib/python3.8/site-packages/airflow/example_dags/example_dynamic_task_mapping.py
[2024-11-12T16:58:16.310+0100] {processor.py:914} INFO - Processing file /home/sakana/anaconda3/envs/airflow_env/lib/python3.8/site-packages/airflow/example_dags/example_dynamic_task_mapping.py for tasks to queue
[2024-11-12T16:58:16.312+0100] {logging_mixin.py:190} INFO - [2024-11-12T16:58:16.311+0100] {dagbag.py:588} INFO - Filling up the DagBag from /home/sakana/anaconda3/envs/airflow_env/lib/python3.8/site-packages/airflow/example_dags/example_dynamic_task_mapping.py
[2024-11-12T16:58:16.320+0100] {processor.py:925} INFO - DAG(s) 'example_dynamic_task_mapping' retrieved from /home/sakana/anaconda3/envs/airflow_env/lib/python3.8/site-packages/airflow/example_dags/example_dynamic_task_mapping.py
[2024-11-12T16:58:16.334+0100] {logging_mixin.py:190} INFO - [2024-11-12T16:58:16.334+0100] {dag.py:3239} INFO - Sync 1 DAGs
[2024-11-12T16:58:16.346+0100] {logging_mixin.py:190} INFO - [2024-11-12T16:58:16.345+0100] {dag.py:4180} INFO - Setting next_dagrun for example_dynamic_task_mapping to None, run_after=None
[2024-11-12T16:58:16.373+0100] {processor.py:208} INFO - Processing /home/sakana/anaconda3/envs/airflow_env/lib/python3.8/site-packages/airflow/example_dags/example_dynamic_task_mapping.py took 0.075 seconds
[2024-11-12T16:59:15.513+0100] {processor.py:186} INFO - Started process (PID=8896) to work on /home/sakana/anaconda3/envs/airflow_env/lib/python3.8/site-packages/airflow/example_dags/example_dynamic_task_mapping.py
[2024-11-12T16:59:15.518+0100] {processor.py:914} INFO - Processing file /home/sakana/anaconda3/envs/airflow_env/lib/python3.8/site-packages/airflow/example_dags/example_dynamic_task_mapping.py for tasks to queue
[2024-11-12T16:59:15.520+0100] {logging_mixin.py:190} INFO - [2024-11-12T16:59:15.519+0100] {dagbag.py:588} INFO - Filling up the DagBag from /home/sakana/anaconda3/envs/airflow_env/lib/python3.8/site-packages/airflow/example_dags/example_dynamic_task_mapping.py
[2024-11-12T16:59:15.529+0100] {processor.py:925} INFO - DAG(s) 'example_dynamic_task_mapping' retrieved from /home/sakana/anaconda3/envs/airflow_env/lib/python3.8/site-packages/airflow/example_dags/example_dynamic_task_mapping.py
[2024-11-12T16:59:15.544+0100] {logging_mixin.py:190} INFO - [2024-11-12T16:59:15.544+0100] {dag.py:3239} INFO - Sync 1 DAGs
[2024-11-12T16:59:15.563+0100] {logging_mixin.py:190} INFO - [2024-11-12T16:59:15.562+0100] {dag.py:4180} INFO - Setting next_dagrun for example_dynamic_task_mapping to None, run_after=None
[2024-11-12T16:59:15.594+0100] {processor.py:208} INFO - Processing /home/sakana/anaconda3/envs/airflow_env/lib/python3.8/site-packages/airflow/example_dags/example_dynamic_task_mapping.py took 0.089 seconds
[2024-11-12T17:00:15.691+0100] {processor.py:186} INFO - Started process (PID=8971) to work on /home/sakana/anaconda3/envs/airflow_env/lib/python3.8/site-packages/airflow/example_dags/example_dynamic_task_mapping.py
[2024-11-12T17:00:15.696+0100] {processor.py:914} INFO - Processing file /home/sakana/anaconda3/envs/airflow_env/lib/python3.8/site-packages/airflow/example_dags/example_dynamic_task_mapping.py for tasks to queue
[2024-11-12T17:00:15.699+0100] {logging_mixin.py:190} INFO - [2024-11-12T17:00:15.699+0100] {dagbag.py:588} INFO - Filling up the DagBag from /home/sakana/anaconda3/envs/airflow_env/lib/python3.8/site-packages/airflow/example_dags/example_dynamic_task_mapping.py
[2024-11-12T17:00:15.708+0100] {processor.py:925} INFO - DAG(s) 'example_dynamic_task_mapping' retrieved from /home/sakana/anaconda3/envs/airflow_env/lib/python3.8/site-packages/airflow/example_dags/example_dynamic_task_mapping.py
[2024-11-12T17:00:15.722+0100] {logging_mixin.py:190} INFO - [2024-11-12T17:00:15.721+0100] {dag.py:3239} INFO - Sync 1 DAGs
[2024-11-12T17:00:15.732+0100] {logging_mixin.py:190} INFO - [2024-11-12T17:00:15.732+0100] {dag.py:4180} INFO - Setting next_dagrun for example_dynamic_task_mapping to None, run_after=None
[2024-11-12T17:00:15.759+0100] {processor.py:208} INFO - Processing /home/sakana/anaconda3/envs/airflow_env/lib/python3.8/site-packages/airflow/example_dags/example_dynamic_task_mapping.py took 0.075 seconds
[2024-11-12T17:01:18.150+0100] {processor.py:186} INFO - Started process (PID=9053) to work on /home/sakana/anaconda3/envs/airflow_env/lib/python3.8/site-packages/airflow/example_dags/example_dynamic_task_mapping.py
[2024-11-12T17:01:18.156+0100] {processor.py:914} INFO - Processing file /home/sakana/anaconda3/envs/airflow_env/lib/python3.8/site-packages/airflow/example_dags/example_dynamic_task_mapping.py for tasks to queue
[2024-11-12T17:01:18.158+0100] {logging_mixin.py:190} INFO - [2024-11-12T17:01:18.157+0100] {dagbag.py:588} INFO - Filling up the DagBag from /home/sakana/anaconda3/envs/airflow_env/lib/python3.8/site-packages/airflow/example_dags/example_dynamic_task_mapping.py
[2024-11-12T17:01:18.166+0100] {processor.py:925} INFO - DAG(s) 'example_dynamic_task_mapping' retrieved from /home/sakana/anaconda3/envs/airflow_env/lib/python3.8/site-packages/airflow/example_dags/example_dynamic_task_mapping.py
[2024-11-12T17:01:18.179+0100] {logging_mixin.py:190} INFO - [2024-11-12T17:01:18.179+0100] {dag.py:3239} INFO - Sync 1 DAGs
[2024-11-12T17:01:18.190+0100] {logging_mixin.py:190} INFO - [2024-11-12T17:01:18.190+0100] {dag.py:4180} INFO - Setting next_dagrun for example_dynamic_task_mapping to None, run_after=None
[2024-11-12T17:01:18.215+0100] {processor.py:208} INFO - Processing /home/sakana/anaconda3/envs/airflow_env/lib/python3.8/site-packages/airflow/example_dags/example_dynamic_task_mapping.py took 0.073 seconds
[2024-11-12T17:19:29.137+0100] {processor.py:186} INFO - Started process (PID=9490) to work on /home/sakana/anaconda3/envs/airflow_env/lib/python3.8/site-packages/airflow/example_dags/example_dynamic_task_mapping.py
[2024-11-12T17:19:29.138+0100] {processor.py:914} INFO - Processing file /home/sakana/anaconda3/envs/airflow_env/lib/python3.8/site-packages/airflow/example_dags/example_dynamic_task_mapping.py for tasks to queue
[2024-11-12T17:19:29.141+0100] {logging_mixin.py:190} INFO - [2024-11-12T17:19:29.140+0100] {dagbag.py:588} INFO - Filling up the DagBag from /home/sakana/anaconda3/envs/airflow_env/lib/python3.8/site-packages/airflow/example_dags/example_dynamic_task_mapping.py
[2024-11-12T17:19:29.153+0100] {processor.py:925} INFO - DAG(s) 'example_dynamic_task_mapping' retrieved from /home/sakana/anaconda3/envs/airflow_env/lib/python3.8/site-packages/airflow/example_dags/example_dynamic_task_mapping.py
[2024-11-12T17:19:29.174+0100] {logging_mixin.py:190} INFO - [2024-11-12T17:19:29.174+0100] {dag.py:3239} INFO - Sync 1 DAGs
[2024-11-12T17:19:29.188+0100] {logging_mixin.py:190} INFO - [2024-11-12T17:19:29.187+0100] {dag.py:4180} INFO - Setting next_dagrun for example_dynamic_task_mapping to None, run_after=None
[2024-11-12T17:19:29.214+0100] {processor.py:208} INFO - Processing /home/sakana/anaconda3/envs/airflow_env/lib/python3.8/site-packages/airflow/example_dags/example_dynamic_task_mapping.py took 0.088 seconds
[2024-11-12T17:20:34.804+0100] {processor.py:186} INFO - Started process (PID=9691) to work on /home/sakana/anaconda3/envs/airflow_env/lib/python3.8/site-packages/airflow/example_dags/example_dynamic_task_mapping.py
[2024-11-12T17:20:34.810+0100] {processor.py:914} INFO - Processing file /home/sakana/anaconda3/envs/airflow_env/lib/python3.8/site-packages/airflow/example_dags/example_dynamic_task_mapping.py for tasks to queue
[2024-11-12T17:20:34.816+0100] {logging_mixin.py:190} INFO - [2024-11-12T17:20:34.813+0100] {dagbag.py:588} INFO - Filling up the DagBag from /home/sakana/anaconda3/envs/airflow_env/lib/python3.8/site-packages/airflow/example_dags/example_dynamic_task_mapping.py
[2024-11-12T17:20:34.828+0100] {processor.py:925} INFO - DAG(s) 'example_dynamic_task_mapping' retrieved from /home/sakana/anaconda3/envs/airflow_env/lib/python3.8/site-packages/airflow/example_dags/example_dynamic_task_mapping.py
[2024-11-12T17:20:34.851+0100] {logging_mixin.py:190} INFO - [2024-11-12T17:20:34.851+0100] {dag.py:3239} INFO - Sync 1 DAGs
[2024-11-12T17:20:34.868+0100] {logging_mixin.py:190} INFO - [2024-11-12T17:20:34.868+0100] {dag.py:4180} INFO - Setting next_dagrun for example_dynamic_task_mapping to None, run_after=None
[2024-11-12T17:20:34.908+0100] {processor.py:208} INFO - Processing /home/sakana/anaconda3/envs/airflow_env/lib/python3.8/site-packages/airflow/example_dags/example_dynamic_task_mapping.py took 0.114 seconds
[2024-11-12T17:21:44.204+0100] {processor.py:186} INFO - Started process (PID=9790) to work on /home/sakana/anaconda3/envs/airflow_env/lib/python3.8/site-packages/airflow/example_dags/example_dynamic_task_mapping.py
[2024-11-12T17:21:44.210+0100] {processor.py:914} INFO - Processing file /home/sakana/anaconda3/envs/airflow_env/lib/python3.8/site-packages/airflow/example_dags/example_dynamic_task_mapping.py for tasks to queue
[2024-11-12T17:21:44.216+0100] {logging_mixin.py:190} INFO - [2024-11-12T17:21:44.215+0100] {dagbag.py:588} INFO - Filling up the DagBag from /home/sakana/anaconda3/envs/airflow_env/lib/python3.8/site-packages/airflow/example_dags/example_dynamic_task_mapping.py
[2024-11-12T17:21:44.236+0100] {processor.py:925} INFO - DAG(s) 'example_dynamic_task_mapping' retrieved from /home/sakana/anaconda3/envs/airflow_env/lib/python3.8/site-packages/airflow/example_dags/example_dynamic_task_mapping.py
[2024-11-12T17:21:44.275+0100] {logging_mixin.py:190} INFO - [2024-11-12T17:21:44.275+0100] {dag.py:3239} INFO - Sync 1 DAGs
[2024-11-12T17:21:44.299+0100] {logging_mixin.py:190} INFO - [2024-11-12T17:21:44.299+0100] {dag.py:4180} INFO - Setting next_dagrun for example_dynamic_task_mapping to None, run_after=None
[2024-11-12T17:21:44.374+0100] {processor.py:208} INFO - Processing /home/sakana/anaconda3/envs/airflow_env/lib/python3.8/site-packages/airflow/example_dags/example_dynamic_task_mapping.py took 0.182 seconds
[2024-11-12T17:22:53.519+0100] {processor.py:186} INFO - Started process (PID=9891) to work on /home/sakana/anaconda3/envs/airflow_env/lib/python3.8/site-packages/airflow/example_dags/example_dynamic_task_mapping.py
[2024-11-12T17:22:53.525+0100] {processor.py:914} INFO - Processing file /home/sakana/anaconda3/envs/airflow_env/lib/python3.8/site-packages/airflow/example_dags/example_dynamic_task_mapping.py for tasks to queue
[2024-11-12T17:22:53.529+0100] {logging_mixin.py:190} INFO - [2024-11-12T17:22:53.528+0100] {dagbag.py:588} INFO - Filling up the DagBag from /home/sakana/anaconda3/envs/airflow_env/lib/python3.8/site-packages/airflow/example_dags/example_dynamic_task_mapping.py
[2024-11-12T17:22:53.549+0100] {processor.py:925} INFO - DAG(s) 'example_dynamic_task_mapping' retrieved from /home/sakana/anaconda3/envs/airflow_env/lib/python3.8/site-packages/airflow/example_dags/example_dynamic_task_mapping.py
[2024-11-12T17:22:53.573+0100] {logging_mixin.py:190} INFO - [2024-11-12T17:22:53.573+0100] {dag.py:3239} INFO - Sync 1 DAGs
[2024-11-12T17:22:53.592+0100] {logging_mixin.py:190} INFO - [2024-11-12T17:22:53.592+0100] {dag.py:4180} INFO - Setting next_dagrun for example_dynamic_task_mapping to None, run_after=None
[2024-11-12T17:22:53.623+0100] {processor.py:208} INFO - Processing /home/sakana/anaconda3/envs/airflow_env/lib/python3.8/site-packages/airflow/example_dags/example_dynamic_task_mapping.py took 0.119 seconds
[2024-11-12T17:24:08.316+0100] {processor.py:186} INFO - Started process (PID=10042) to work on /home/sakana/anaconda3/envs/airflow_env/lib/python3.8/site-packages/airflow/example_dags/example_dynamic_task_mapping.py
[2024-11-12T17:24:08.321+0100] {processor.py:914} INFO - Processing file /home/sakana/anaconda3/envs/airflow_env/lib/python3.8/site-packages/airflow/example_dags/example_dynamic_task_mapping.py for tasks to queue
[2024-11-12T17:24:08.323+0100] {logging_mixin.py:190} INFO - [2024-11-12T17:24:08.323+0100] {dagbag.py:588} INFO - Filling up the DagBag from /home/sakana/anaconda3/envs/airflow_env/lib/python3.8/site-packages/airflow/example_dags/example_dynamic_task_mapping.py
[2024-11-12T17:24:08.334+0100] {processor.py:925} INFO - DAG(s) 'example_dynamic_task_mapping' retrieved from /home/sakana/anaconda3/envs/airflow_env/lib/python3.8/site-packages/airflow/example_dags/example_dynamic_task_mapping.py
[2024-11-12T17:24:08.354+0100] {logging_mixin.py:190} INFO - [2024-11-12T17:24:08.354+0100] {dag.py:3239} INFO - Sync 1 DAGs
[2024-11-12T17:24:08.370+0100] {logging_mixin.py:190} INFO - [2024-11-12T17:24:08.370+0100] {dag.py:4180} INFO - Setting next_dagrun for example_dynamic_task_mapping to None, run_after=None
[2024-11-12T17:24:08.401+0100] {processor.py:208} INFO - Processing /home/sakana/anaconda3/envs/airflow_env/lib/python3.8/site-packages/airflow/example_dags/example_dynamic_task_mapping.py took 0.094 seconds
[2024-11-12T17:25:22.951+0100] {processor.py:186} INFO - Started process (PID=10226) to work on /home/sakana/anaconda3/envs/airflow_env/lib/python3.8/site-packages/airflow/example_dags/example_dynamic_task_mapping.py
[2024-11-12T17:25:22.957+0100] {processor.py:914} INFO - Processing file /home/sakana/anaconda3/envs/airflow_env/lib/python3.8/site-packages/airflow/example_dags/example_dynamic_task_mapping.py for tasks to queue
[2024-11-12T17:25:22.960+0100] {logging_mixin.py:190} INFO - [2024-11-12T17:25:22.959+0100] {dagbag.py:588} INFO - Filling up the DagBag from /home/sakana/anaconda3/envs/airflow_env/lib/python3.8/site-packages/airflow/example_dags/example_dynamic_task_mapping.py
[2024-11-12T17:25:22.973+0100] {processor.py:925} INFO - DAG(s) 'example_dynamic_task_mapping' retrieved from /home/sakana/anaconda3/envs/airflow_env/lib/python3.8/site-packages/airflow/example_dags/example_dynamic_task_mapping.py
[2024-11-12T17:25:23.002+0100] {logging_mixin.py:190} INFO - [2024-11-12T17:25:23.002+0100] {dag.py:3239} INFO - Sync 1 DAGs
[2024-11-12T17:25:23.026+0100] {logging_mixin.py:190} INFO - [2024-11-12T17:25:23.025+0100] {dag.py:4180} INFO - Setting next_dagrun for example_dynamic_task_mapping to None, run_after=None
[2024-11-12T17:25:23.066+0100] {processor.py:208} INFO - Processing /home/sakana/anaconda3/envs/airflow_env/lib/python3.8/site-packages/airflow/example_dags/example_dynamic_task_mapping.py took 0.129 seconds
[2024-11-12T17:26:33.456+0100] {processor.py:186} INFO - Started process (PID=10302) to work on /home/sakana/anaconda3/envs/airflow_env/lib/python3.8/site-packages/airflow/example_dags/example_dynamic_task_mapping.py
[2024-11-12T17:26:33.462+0100] {processor.py:914} INFO - Processing file /home/sakana/anaconda3/envs/airflow_env/lib/python3.8/site-packages/airflow/example_dags/example_dynamic_task_mapping.py for tasks to queue
[2024-11-12T17:26:33.465+0100] {logging_mixin.py:190} INFO - [2024-11-12T17:26:33.464+0100] {dagbag.py:588} INFO - Filling up the DagBag from /home/sakana/anaconda3/envs/airflow_env/lib/python3.8/site-packages/airflow/example_dags/example_dynamic_task_mapping.py
[2024-11-12T17:26:33.484+0100] {processor.py:925} INFO - DAG(s) 'example_dynamic_task_mapping' retrieved from /home/sakana/anaconda3/envs/airflow_env/lib/python3.8/site-packages/airflow/example_dags/example_dynamic_task_mapping.py
[2024-11-12T17:26:33.508+0100] {logging_mixin.py:190} INFO - [2024-11-12T17:26:33.508+0100] {dag.py:3239} INFO - Sync 1 DAGs
[2024-11-12T17:26:33.533+0100] {logging_mixin.py:190} INFO - [2024-11-12T17:26:33.532+0100] {dag.py:4180} INFO - Setting next_dagrun for example_dynamic_task_mapping to None, run_after=None
[2024-11-12T17:26:33.571+0100] {processor.py:208} INFO - Processing /home/sakana/anaconda3/envs/airflow_env/lib/python3.8/site-packages/airflow/example_dags/example_dynamic_task_mapping.py took 0.129 seconds
[2024-11-12T17:27:47.360+0100] {processor.py:186} INFO - Started process (PID=10408) to work on /home/sakana/anaconda3/envs/airflow_env/lib/python3.8/site-packages/airflow/example_dags/example_dynamic_task_mapping.py
[2024-11-12T17:27:47.366+0100] {processor.py:914} INFO - Processing file /home/sakana/anaconda3/envs/airflow_env/lib/python3.8/site-packages/airflow/example_dags/example_dynamic_task_mapping.py for tasks to queue
[2024-11-12T17:27:47.370+0100] {logging_mixin.py:190} INFO - [2024-11-12T17:27:47.370+0100] {dagbag.py:588} INFO - Filling up the DagBag from /home/sakana/anaconda3/envs/airflow_env/lib/python3.8/site-packages/airflow/example_dags/example_dynamic_task_mapping.py
[2024-11-12T17:27:47.386+0100] {processor.py:925} INFO - DAG(s) 'example_dynamic_task_mapping' retrieved from /home/sakana/anaconda3/envs/airflow_env/lib/python3.8/site-packages/airflow/example_dags/example_dynamic_task_mapping.py
[2024-11-12T17:27:47.408+0100] {logging_mixin.py:190} INFO - [2024-11-12T17:27:47.407+0100] {dag.py:3239} INFO - Sync 1 DAGs
[2024-11-12T17:27:47.424+0100] {logging_mixin.py:190} INFO - [2024-11-12T17:27:47.424+0100] {dag.py:4180} INFO - Setting next_dagrun for example_dynamic_task_mapping to None, run_after=None
[2024-11-12T17:27:47.483+0100] {processor.py:208} INFO - Processing /home/sakana/anaconda3/envs/airflow_env/lib/python3.8/site-packages/airflow/example_dags/example_dynamic_task_mapping.py took 0.132 seconds
[2024-11-12T17:28:58.946+0100] {processor.py:186} INFO - Started process (PID=10544) to work on /home/sakana/anaconda3/envs/airflow_env/lib/python3.8/site-packages/airflow/example_dags/example_dynamic_task_mapping.py
[2024-11-12T17:28:58.951+0100] {processor.py:914} INFO - Processing file /home/sakana/anaconda3/envs/airflow_env/lib/python3.8/site-packages/airflow/example_dags/example_dynamic_task_mapping.py for tasks to queue
[2024-11-12T17:28:58.955+0100] {logging_mixin.py:190} INFO - [2024-11-12T17:28:58.954+0100] {dagbag.py:588} INFO - Filling up the DagBag from /home/sakana/anaconda3/envs/airflow_env/lib/python3.8/site-packages/airflow/example_dags/example_dynamic_task_mapping.py
[2024-11-12T17:28:58.968+0100] {processor.py:925} INFO - DAG(s) 'example_dynamic_task_mapping' retrieved from /home/sakana/anaconda3/envs/airflow_env/lib/python3.8/site-packages/airflow/example_dags/example_dynamic_task_mapping.py
[2024-11-12T17:28:58.989+0100] {logging_mixin.py:190} INFO - [2024-11-12T17:28:58.988+0100] {dag.py:3239} INFO - Sync 1 DAGs
[2024-11-12T17:28:59.011+0100] {logging_mixin.py:190} INFO - [2024-11-12T17:28:59.010+0100] {dag.py:4180} INFO - Setting next_dagrun for example_dynamic_task_mapping to None, run_after=None
[2024-11-12T17:28:59.043+0100] {processor.py:208} INFO - Processing /home/sakana/anaconda3/envs/airflow_env/lib/python3.8/site-packages/airflow/example_dags/example_dynamic_task_mapping.py took 0.107 seconds
[2024-11-12T17:30:11.054+0100] {processor.py:186} INFO - Started process (PID=10625) to work on /home/sakana/anaconda3/envs/airflow_env/lib/python3.8/site-packages/airflow/example_dags/example_dynamic_task_mapping.py
[2024-11-12T17:30:11.062+0100] {processor.py:914} INFO - Processing file /home/sakana/anaconda3/envs/airflow_env/lib/python3.8/site-packages/airflow/example_dags/example_dynamic_task_mapping.py for tasks to queue
[2024-11-12T17:30:11.068+0100] {logging_mixin.py:190} INFO - [2024-11-12T17:30:11.067+0100] {dagbag.py:588} INFO - Filling up the DagBag from /home/sakana/anaconda3/envs/airflow_env/lib/python3.8/site-packages/airflow/example_dags/example_dynamic_task_mapping.py
[2024-11-12T17:30:11.085+0100] {processor.py:925} INFO - DAG(s) 'example_dynamic_task_mapping' retrieved from /home/sakana/anaconda3/envs/airflow_env/lib/python3.8/site-packages/airflow/example_dags/example_dynamic_task_mapping.py
[2024-11-12T17:30:11.119+0100] {logging_mixin.py:190} INFO - [2024-11-12T17:30:11.119+0100] {dag.py:3239} INFO - Sync 1 DAGs
[2024-11-12T17:30:11.146+0100] {logging_mixin.py:190} INFO - [2024-11-12T17:30:11.145+0100] {dag.py:4180} INFO - Setting next_dagrun for example_dynamic_task_mapping to None, run_after=None
[2024-11-12T17:30:11.218+0100] {processor.py:208} INFO - Processing /home/sakana/anaconda3/envs/airflow_env/lib/python3.8/site-packages/airflow/example_dags/example_dynamic_task_mapping.py took 0.177 seconds
[2024-11-12T17:31:24.339+0100] {processor.py:186} INFO - Started process (PID=10712) to work on /home/sakana/anaconda3/envs/airflow_env/lib/python3.8/site-packages/airflow/example_dags/example_dynamic_task_mapping.py
[2024-11-12T17:31:24.345+0100] {processor.py:914} INFO - Processing file /home/sakana/anaconda3/envs/airflow_env/lib/python3.8/site-packages/airflow/example_dags/example_dynamic_task_mapping.py for tasks to queue
[2024-11-12T17:31:24.349+0100] {logging_mixin.py:190} INFO - [2024-11-12T17:31:24.348+0100] {dagbag.py:588} INFO - Filling up the DagBag from /home/sakana/anaconda3/envs/airflow_env/lib/python3.8/site-packages/airflow/example_dags/example_dynamic_task_mapping.py
[2024-11-12T17:31:24.371+0100] {processor.py:925} INFO - DAG(s) 'example_dynamic_task_mapping' retrieved from /home/sakana/anaconda3/envs/airflow_env/lib/python3.8/site-packages/airflow/example_dags/example_dynamic_task_mapping.py
[2024-11-12T17:31:24.397+0100] {logging_mixin.py:190} INFO - [2024-11-12T17:31:24.397+0100] {dag.py:3239} INFO - Sync 1 DAGs
[2024-11-12T17:31:24.415+0100] {logging_mixin.py:190} INFO - [2024-11-12T17:31:24.414+0100] {dag.py:4180} INFO - Setting next_dagrun for example_dynamic_task_mapping to None, run_after=None
[2024-11-12T17:31:24.450+0100] {processor.py:208} INFO - Processing /home/sakana/anaconda3/envs/airflow_env/lib/python3.8/site-packages/airflow/example_dags/example_dynamic_task_mapping.py took 0.126 seconds
[2024-11-12T17:32:36.752+0100] {processor.py:186} INFO - Started process (PID=10859) to work on /home/sakana/anaconda3/envs/airflow_env/lib/python3.8/site-packages/airflow/example_dags/example_dynamic_task_mapping.py
[2024-11-12T17:32:36.758+0100] {processor.py:914} INFO - Processing file /home/sakana/anaconda3/envs/airflow_env/lib/python3.8/site-packages/airflow/example_dags/example_dynamic_task_mapping.py for tasks to queue
[2024-11-12T17:32:36.760+0100] {logging_mixin.py:190} INFO - [2024-11-12T17:32:36.759+0100] {dagbag.py:588} INFO - Filling up the DagBag from /home/sakana/anaconda3/envs/airflow_env/lib/python3.8/site-packages/airflow/example_dags/example_dynamic_task_mapping.py
[2024-11-12T17:32:36.770+0100] {processor.py:925} INFO - DAG(s) 'example_dynamic_task_mapping' retrieved from /home/sakana/anaconda3/envs/airflow_env/lib/python3.8/site-packages/airflow/example_dags/example_dynamic_task_mapping.py
[2024-11-12T17:32:36.788+0100] {logging_mixin.py:190} INFO - [2024-11-12T17:32:36.788+0100] {dag.py:3239} INFO - Sync 1 DAGs
[2024-11-12T17:32:36.803+0100] {logging_mixin.py:190} INFO - [2024-11-12T17:32:36.802+0100] {dag.py:4180} INFO - Setting next_dagrun for example_dynamic_task_mapping to None, run_after=None
[2024-11-12T17:32:36.857+0100] {processor.py:208} INFO - Processing /home/sakana/anaconda3/envs/airflow_env/lib/python3.8/site-packages/airflow/example_dags/example_dynamic_task_mapping.py took 0.114 seconds
[2024-11-12T17:33:42.093+0100] {processor.py:186} INFO - Started process (PID=11065) to work on /home/sakana/anaconda3/envs/airflow_env/lib/python3.8/site-packages/airflow/example_dags/example_dynamic_task_mapping.py
[2024-11-12T17:33:42.098+0100] {processor.py:914} INFO - Processing file /home/sakana/anaconda3/envs/airflow_env/lib/python3.8/site-packages/airflow/example_dags/example_dynamic_task_mapping.py for tasks to queue
[2024-11-12T17:33:42.099+0100] {logging_mixin.py:190} INFO - [2024-11-12T17:33:42.099+0100] {dagbag.py:588} INFO - Filling up the DagBag from /home/sakana/anaconda3/envs/airflow_env/lib/python3.8/site-packages/airflow/example_dags/example_dynamic_task_mapping.py
[2024-11-12T17:33:42.108+0100] {processor.py:925} INFO - DAG(s) 'example_dynamic_task_mapping' retrieved from /home/sakana/anaconda3/envs/airflow_env/lib/python3.8/site-packages/airflow/example_dags/example_dynamic_task_mapping.py
[2024-11-12T17:33:42.122+0100] {logging_mixin.py:190} INFO - [2024-11-12T17:33:42.122+0100] {dag.py:3239} INFO - Sync 1 DAGs
[2024-11-12T17:33:42.134+0100] {logging_mixin.py:190} INFO - [2024-11-12T17:33:42.134+0100] {dag.py:4180} INFO - Setting next_dagrun for example_dynamic_task_mapping to None, run_after=None
[2024-11-12T17:33:42.160+0100] {processor.py:208} INFO - Processing /home/sakana/anaconda3/envs/airflow_env/lib/python3.8/site-packages/airflow/example_dags/example_dynamic_task_mapping.py took 0.073 seconds
[2024-11-12T17:34:42.393+0100] {processor.py:186} INFO - Started process (PID=11142) to work on /home/sakana/anaconda3/envs/airflow_env/lib/python3.8/site-packages/airflow/example_dags/example_dynamic_task_mapping.py
[2024-11-12T17:34:42.399+0100] {processor.py:914} INFO - Processing file /home/sakana/anaconda3/envs/airflow_env/lib/python3.8/site-packages/airflow/example_dags/example_dynamic_task_mapping.py for tasks to queue
[2024-11-12T17:34:42.406+0100] {logging_mixin.py:190} INFO - [2024-11-12T17:34:42.405+0100] {dagbag.py:588} INFO - Filling up the DagBag from /home/sakana/anaconda3/envs/airflow_env/lib/python3.8/site-packages/airflow/example_dags/example_dynamic_task_mapping.py
[2024-11-12T17:34:42.428+0100] {processor.py:925} INFO - DAG(s) 'example_dynamic_task_mapping' retrieved from /home/sakana/anaconda3/envs/airflow_env/lib/python3.8/site-packages/airflow/example_dags/example_dynamic_task_mapping.py
[2024-11-12T17:34:42.445+0100] {logging_mixin.py:190} INFO - [2024-11-12T17:34:42.445+0100] {dag.py:3239} INFO - Sync 1 DAGs
[2024-11-12T17:34:42.458+0100] {logging_mixin.py:190} INFO - [2024-11-12T17:34:42.457+0100] {dag.py:4180} INFO - Setting next_dagrun for example_dynamic_task_mapping to None, run_after=None
[2024-11-12T17:34:42.482+0100] {processor.py:208} INFO - Processing /home/sakana/anaconda3/envs/airflow_env/lib/python3.8/site-packages/airflow/example_dags/example_dynamic_task_mapping.py took 0.097 seconds
[2024-11-12T17:35:42.583+0100] {processor.py:186} INFO - Started process (PID=11227) to work on /home/sakana/anaconda3/envs/airflow_env/lib/python3.8/site-packages/airflow/example_dags/example_dynamic_task_mapping.py
[2024-11-12T17:35:42.588+0100] {processor.py:914} INFO - Processing file /home/sakana/anaconda3/envs/airflow_env/lib/python3.8/site-packages/airflow/example_dags/example_dynamic_task_mapping.py for tasks to queue
[2024-11-12T17:35:42.590+0100] {logging_mixin.py:190} INFO - [2024-11-12T17:35:42.589+0100] {dagbag.py:588} INFO - Filling up the DagBag from /home/sakana/anaconda3/envs/airflow_env/lib/python3.8/site-packages/airflow/example_dags/example_dynamic_task_mapping.py
[2024-11-12T17:35:42.598+0100] {processor.py:925} INFO - DAG(s) 'example_dynamic_task_mapping' retrieved from /home/sakana/anaconda3/envs/airflow_env/lib/python3.8/site-packages/airflow/example_dags/example_dynamic_task_mapping.py
[2024-11-12T17:35:42.613+0100] {logging_mixin.py:190} INFO - [2024-11-12T17:35:42.613+0100] {dag.py:3239} INFO - Sync 1 DAGs
[2024-11-12T17:35:42.624+0100] {logging_mixin.py:190} INFO - [2024-11-12T17:35:42.624+0100] {dag.py:4180} INFO - Setting next_dagrun for example_dynamic_task_mapping to None, run_after=None
[2024-11-12T17:35:42.649+0100] {processor.py:208} INFO - Processing /home/sakana/anaconda3/envs/airflow_env/lib/python3.8/site-packages/airflow/example_dags/example_dynamic_task_mapping.py took 0.073 seconds
[2024-11-12T17:36:40.327+0100] {processor.py:186} INFO - Started process (PID=11296) to work on /home/sakana/anaconda3/envs/airflow_env/lib/python3.8/site-packages/airflow/example_dags/example_dynamic_task_mapping.py
[2024-11-12T17:36:40.332+0100] {processor.py:914} INFO - Processing file /home/sakana/anaconda3/envs/airflow_env/lib/python3.8/site-packages/airflow/example_dags/example_dynamic_task_mapping.py for tasks to queue
[2024-11-12T17:36:40.334+0100] {logging_mixin.py:190} INFO - [2024-11-12T17:36:40.334+0100] {dagbag.py:588} INFO - Filling up the DagBag from /home/sakana/anaconda3/envs/airflow_env/lib/python3.8/site-packages/airflow/example_dags/example_dynamic_task_mapping.py
[2024-11-12T17:36:40.343+0100] {processor.py:925} INFO - DAG(s) 'example_dynamic_task_mapping' retrieved from /home/sakana/anaconda3/envs/airflow_env/lib/python3.8/site-packages/airflow/example_dags/example_dynamic_task_mapping.py
[2024-11-12T17:36:40.357+0100] {logging_mixin.py:190} INFO - [2024-11-12T17:36:40.356+0100] {dag.py:3239} INFO - Sync 1 DAGs
[2024-11-12T17:36:40.368+0100] {logging_mixin.py:190} INFO - [2024-11-12T17:36:40.368+0100] {dag.py:4180} INFO - Setting next_dagrun for example_dynamic_task_mapping to None, run_after=None
[2024-11-12T17:36:40.402+0100] {processor.py:208} INFO - Processing /home/sakana/anaconda3/envs/airflow_env/lib/python3.8/site-packages/airflow/example_dags/example_dynamic_task_mapping.py took 0.081 seconds
