[2024-11-12T01:01:27.825+0100] {processor.py:186} INFO - Started process (PID=31326) to work on /home/sakana/anaconda3/envs/airflow_env/lib/python3.8/site-packages/airflow/example_dags/example_setup_teardown_taskflow.py
[2024-11-12T01:01:27.827+0100] {processor.py:914} INFO - Processing file /home/sakana/anaconda3/envs/airflow_env/lib/python3.8/site-packages/airflow/example_dags/example_setup_teardown_taskflow.py for tasks to queue
[2024-11-12T01:01:27.831+0100] {logging_mixin.py:190} INFO - [2024-11-12T01:01:27.830+0100] {dagbag.py:588} INFO - Filling up the DagBag from /home/sakana/anaconda3/envs/airflow_env/lib/python3.8/site-packages/airflow/example_dags/example_setup_teardown_taskflow.py
[2024-11-12T01:01:27.843+0100] {processor.py:925} INFO - DAG(s) 'example_setup_teardown_taskflow' retrieved from /home/sakana/anaconda3/envs/airflow_env/lib/python3.8/site-packages/airflow/example_dags/example_setup_teardown_taskflow.py
[2024-11-12T01:01:27.869+0100] {logging_mixin.py:190} INFO - [2024-11-12T01:01:27.869+0100] {dag.py:3239} INFO - Sync 1 DAGs
[2024-11-12T01:01:27.886+0100] {logging_mixin.py:190} INFO - [2024-11-12T01:01:27.886+0100] {dag.py:4180} INFO - Setting next_dagrun for example_setup_teardown_taskflow to None, run_after=None
[2024-11-12T01:01:27.917+0100] {processor.py:208} INFO - Processing /home/sakana/anaconda3/envs/airflow_env/lib/python3.8/site-packages/airflow/example_dags/example_setup_teardown_taskflow.py took 0.100 seconds
[2024-11-12T01:02:30.502+0100] {processor.py:186} INFO - Started process (PID=31749) to work on /home/sakana/anaconda3/envs/airflow_env/lib/python3.8/site-packages/airflow/example_dags/example_setup_teardown_taskflow.py
[2024-11-12T01:02:30.503+0100] {processor.py:914} INFO - Processing file /home/sakana/anaconda3/envs/airflow_env/lib/python3.8/site-packages/airflow/example_dags/example_setup_teardown_taskflow.py for tasks to queue
[2024-11-12T01:02:30.506+0100] {logging_mixin.py:190} INFO - [2024-11-12T01:02:30.505+0100] {dagbag.py:588} INFO - Filling up the DagBag from /home/sakana/anaconda3/envs/airflow_env/lib/python3.8/site-packages/airflow/example_dags/example_setup_teardown_taskflow.py
[2024-11-12T01:02:30.519+0100] {processor.py:925} INFO - DAG(s) 'example_setup_teardown_taskflow' retrieved from /home/sakana/anaconda3/envs/airflow_env/lib/python3.8/site-packages/airflow/example_dags/example_setup_teardown_taskflow.py
[2024-11-12T01:02:30.540+0100] {logging_mixin.py:190} INFO - [2024-11-12T01:02:30.540+0100] {dag.py:3239} INFO - Sync 1 DAGs
[2024-11-12T01:02:30.558+0100] {logging_mixin.py:190} INFO - [2024-11-12T01:02:30.558+0100] {dag.py:4180} INFO - Setting next_dagrun for example_setup_teardown_taskflow to None, run_after=None
[2024-11-12T01:02:30.585+0100] {processor.py:208} INFO - Processing /home/sakana/anaconda3/envs/airflow_env/lib/python3.8/site-packages/airflow/example_dags/example_setup_teardown_taskflow.py took 0.090 seconds
[2024-11-12T01:03:35.295+0100] {processor.py:186} INFO - Started process (PID=32285) to work on /home/sakana/anaconda3/envs/airflow_env/lib/python3.8/site-packages/airflow/example_dags/example_setup_teardown_taskflow.py
[2024-11-12T01:03:35.296+0100] {processor.py:914} INFO - Processing file /home/sakana/anaconda3/envs/airflow_env/lib/python3.8/site-packages/airflow/example_dags/example_setup_teardown_taskflow.py for tasks to queue
[2024-11-12T01:03:35.299+0100] {logging_mixin.py:190} INFO - [2024-11-12T01:03:35.299+0100] {dagbag.py:588} INFO - Filling up the DagBag from /home/sakana/anaconda3/envs/airflow_env/lib/python3.8/site-packages/airflow/example_dags/example_setup_teardown_taskflow.py
[2024-11-12T01:03:35.317+0100] {processor.py:925} INFO - DAG(s) 'example_setup_teardown_taskflow' retrieved from /home/sakana/anaconda3/envs/airflow_env/lib/python3.8/site-packages/airflow/example_dags/example_setup_teardown_taskflow.py
[2024-11-12T01:03:35.337+0100] {logging_mixin.py:190} INFO - [2024-11-12T01:03:35.337+0100] {dag.py:3239} INFO - Sync 1 DAGs
[2024-11-12T01:03:35.352+0100] {logging_mixin.py:190} INFO - [2024-11-12T01:03:35.352+0100] {dag.py:4180} INFO - Setting next_dagrun for example_setup_teardown_taskflow to None, run_after=None
[2024-11-12T01:03:35.383+0100] {processor.py:208} INFO - Processing /home/sakana/anaconda3/envs/airflow_env/lib/python3.8/site-packages/airflow/example_dags/example_setup_teardown_taskflow.py took 0.100 seconds
[2024-11-12T01:07:00.146+0100] {processor.py:186} INFO - Started process (PID=34250) to work on /home/sakana/anaconda3/envs/airflow_env/lib/python3.8/site-packages/airflow/example_dags/example_setup_teardown_taskflow.py
[2024-11-12T01:07:00.147+0100] {processor.py:914} INFO - Processing file /home/sakana/anaconda3/envs/airflow_env/lib/python3.8/site-packages/airflow/example_dags/example_setup_teardown_taskflow.py for tasks to queue
[2024-11-12T01:07:00.150+0100] {logging_mixin.py:190} INFO - [2024-11-12T01:07:00.150+0100] {dagbag.py:588} INFO - Filling up the DagBag from /home/sakana/anaconda3/envs/airflow_env/lib/python3.8/site-packages/airflow/example_dags/example_setup_teardown_taskflow.py
[2024-11-12T01:07:00.168+0100] {processor.py:925} INFO - DAG(s) 'example_setup_teardown_taskflow' retrieved from /home/sakana/anaconda3/envs/airflow_env/lib/python3.8/site-packages/airflow/example_dags/example_setup_teardown_taskflow.py
[2024-11-12T01:07:00.195+0100] {logging_mixin.py:190} INFO - [2024-11-12T01:07:00.194+0100] {dag.py:3239} INFO - Sync 1 DAGs
[2024-11-12T01:07:00.209+0100] {logging_mixin.py:190} INFO - [2024-11-12T01:07:00.208+0100] {dag.py:4180} INFO - Setting next_dagrun for example_setup_teardown_taskflow to None, run_after=None
[2024-11-12T01:07:00.235+0100] {processor.py:208} INFO - Processing /home/sakana/anaconda3/envs/airflow_env/lib/python3.8/site-packages/airflow/example_dags/example_setup_teardown_taskflow.py took 0.096 seconds
[2024-11-12T01:10:14.832+0100] {processor.py:186} INFO - Started process (PID=4152) to work on /home/sakana/anaconda3/envs/airflow_env/lib/python3.8/site-packages/airflow/example_dags/example_setup_teardown_taskflow.py
[2024-11-12T01:10:14.837+0100] {processor.py:914} INFO - Processing file /home/sakana/anaconda3/envs/airflow_env/lib/python3.8/site-packages/airflow/example_dags/example_setup_teardown_taskflow.py for tasks to queue
[2024-11-12T01:10:14.843+0100] {logging_mixin.py:190} INFO - [2024-11-12T01:10:14.842+0100] {dagbag.py:588} INFO - Filling up the DagBag from /home/sakana/anaconda3/envs/airflow_env/lib/python3.8/site-packages/airflow/example_dags/example_setup_teardown_taskflow.py
[2024-11-12T01:10:14.865+0100] {processor.py:925} INFO - DAG(s) 'example_setup_teardown_taskflow' retrieved from /home/sakana/anaconda3/envs/airflow_env/lib/python3.8/site-packages/airflow/example_dags/example_setup_teardown_taskflow.py
[2024-11-12T01:10:14.885+0100] {logging_mixin.py:190} INFO - [2024-11-12T01:10:14.885+0100] {dag.py:3239} INFO - Sync 1 DAGs
[2024-11-12T01:10:14.897+0100] {logging_mixin.py:190} INFO - [2024-11-12T01:10:14.897+0100] {dag.py:4180} INFO - Setting next_dagrun for example_setup_teardown_taskflow to None, run_after=None
[2024-11-12T01:10:14.920+0100] {processor.py:208} INFO - Processing /home/sakana/anaconda3/envs/airflow_env/lib/python3.8/site-packages/airflow/example_dags/example_setup_teardown_taskflow.py took 0.096 seconds
[2024-11-12T01:11:16.188+0100] {processor.py:186} INFO - Started process (PID=4213) to work on /home/sakana/anaconda3/envs/airflow_env/lib/python3.8/site-packages/airflow/example_dags/example_setup_teardown_taskflow.py
[2024-11-12T01:11:16.193+0100] {processor.py:914} INFO - Processing file /home/sakana/anaconda3/envs/airflow_env/lib/python3.8/site-packages/airflow/example_dags/example_setup_teardown_taskflow.py for tasks to queue
[2024-11-12T01:11:16.195+0100] {logging_mixin.py:190} INFO - [2024-11-12T01:11:16.195+0100] {dagbag.py:588} INFO - Filling up the DagBag from /home/sakana/anaconda3/envs/airflow_env/lib/python3.8/site-packages/airflow/example_dags/example_setup_teardown_taskflow.py
[2024-11-12T01:11:16.208+0100] {processor.py:925} INFO - DAG(s) 'example_setup_teardown_taskflow' retrieved from /home/sakana/anaconda3/envs/airflow_env/lib/python3.8/site-packages/airflow/example_dags/example_setup_teardown_taskflow.py
[2024-11-12T01:11:16.225+0100] {logging_mixin.py:190} INFO - [2024-11-12T01:11:16.225+0100] {dag.py:3239} INFO - Sync 1 DAGs
[2024-11-12T01:11:16.237+0100] {logging_mixin.py:190} INFO - [2024-11-12T01:11:16.236+0100] {dag.py:4180} INFO - Setting next_dagrun for example_setup_teardown_taskflow to None, run_after=None
[2024-11-12T01:11:16.260+0100] {processor.py:208} INFO - Processing /home/sakana/anaconda3/envs/airflow_env/lib/python3.8/site-packages/airflow/example_dags/example_setup_teardown_taskflow.py took 0.080 seconds
[2024-11-12T01:12:15.446+0100] {processor.py:186} INFO - Started process (PID=4336) to work on /home/sakana/anaconda3/envs/airflow_env/lib/python3.8/site-packages/airflow/example_dags/example_setup_teardown_taskflow.py
[2024-11-12T01:12:15.452+0100] {processor.py:914} INFO - Processing file /home/sakana/anaconda3/envs/airflow_env/lib/python3.8/site-packages/airflow/example_dags/example_setup_teardown_taskflow.py for tasks to queue
[2024-11-12T01:12:15.455+0100] {logging_mixin.py:190} INFO - [2024-11-12T01:12:15.454+0100] {dagbag.py:588} INFO - Filling up the DagBag from /home/sakana/anaconda3/envs/airflow_env/lib/python3.8/site-packages/airflow/example_dags/example_setup_teardown_taskflow.py
[2024-11-12T01:12:15.472+0100] {processor.py:925} INFO - DAG(s) 'example_setup_teardown_taskflow' retrieved from /home/sakana/anaconda3/envs/airflow_env/lib/python3.8/site-packages/airflow/example_dags/example_setup_teardown_taskflow.py
[2024-11-12T01:12:15.490+0100] {logging_mixin.py:190} INFO - [2024-11-12T01:12:15.490+0100] {dag.py:3239} INFO - Sync 1 DAGs
[2024-11-12T01:12:15.501+0100] {logging_mixin.py:190} INFO - [2024-11-12T01:12:15.501+0100] {dag.py:4180} INFO - Setting next_dagrun for example_setup_teardown_taskflow to None, run_after=None
[2024-11-12T01:12:15.532+0100] {processor.py:208} INFO - Processing /home/sakana/anaconda3/envs/airflow_env/lib/python3.8/site-packages/airflow/example_dags/example_setup_teardown_taskflow.py took 0.095 seconds
[2024-11-12T16:37:53.603+0100] {processor.py:186} INFO - Started process (PID=6608) to work on /home/sakana/anaconda3/envs/airflow_env/lib/python3.8/site-packages/airflow/example_dags/example_setup_teardown_taskflow.py
[2024-11-12T16:37:53.608+0100] {processor.py:914} INFO - Processing file /home/sakana/anaconda3/envs/airflow_env/lib/python3.8/site-packages/airflow/example_dags/example_setup_teardown_taskflow.py for tasks to queue
[2024-11-12T16:37:53.611+0100] {logging_mixin.py:190} INFO - [2024-11-12T16:37:53.611+0100] {dagbag.py:588} INFO - Filling up the DagBag from /home/sakana/anaconda3/envs/airflow_env/lib/python3.8/site-packages/airflow/example_dags/example_setup_teardown_taskflow.py
[2024-11-12T16:37:53.630+0100] {processor.py:925} INFO - DAG(s) 'example_setup_teardown_taskflow' retrieved from /home/sakana/anaconda3/envs/airflow_env/lib/python3.8/site-packages/airflow/example_dags/example_setup_teardown_taskflow.py
[2024-11-12T16:37:53.653+0100] {logging_mixin.py:190} INFO - [2024-11-12T16:37:53.653+0100] {dag.py:3239} INFO - Sync 1 DAGs
[2024-11-12T16:37:53.675+0100] {logging_mixin.py:190} INFO - [2024-11-12T16:37:53.674+0100] {dag.py:4180} INFO - Setting next_dagrun for example_setup_teardown_taskflow to None, run_after=None
[2024-11-12T16:37:53.705+0100] {processor.py:208} INFO - Processing /home/sakana/anaconda3/envs/airflow_env/lib/python3.8/site-packages/airflow/example_dags/example_setup_teardown_taskflow.py took 0.108 seconds
[2024-11-12T16:39:56.963+0100] {processor.py:186} INFO - Started process (PID=6953) to work on /home/sakana/anaconda3/envs/airflow_env/lib/python3.8/site-packages/airflow/example_dags/example_setup_teardown_taskflow.py
[2024-11-12T16:39:56.968+0100] {processor.py:914} INFO - Processing file /home/sakana/anaconda3/envs/airflow_env/lib/python3.8/site-packages/airflow/example_dags/example_setup_teardown_taskflow.py for tasks to queue
[2024-11-12T16:39:56.971+0100] {logging_mixin.py:190} INFO - [2024-11-12T16:39:56.971+0100] {dagbag.py:588} INFO - Filling up the DagBag from /home/sakana/anaconda3/envs/airflow_env/lib/python3.8/site-packages/airflow/example_dags/example_setup_teardown_taskflow.py
[2024-11-12T16:39:56.984+0100] {processor.py:925} INFO - DAG(s) 'example_setup_teardown_taskflow' retrieved from /home/sakana/anaconda3/envs/airflow_env/lib/python3.8/site-packages/airflow/example_dags/example_setup_teardown_taskflow.py
[2024-11-12T16:39:57.005+0100] {logging_mixin.py:190} INFO - [2024-11-12T16:39:57.005+0100] {dag.py:3239} INFO - Sync 1 DAGs
[2024-11-12T16:39:57.020+0100] {logging_mixin.py:190} INFO - [2024-11-12T16:39:57.019+0100] {dag.py:4180} INFO - Setting next_dagrun for example_setup_teardown_taskflow to None, run_after=None
[2024-11-12T16:39:57.045+0100] {processor.py:208} INFO - Processing /home/sakana/anaconda3/envs/airflow_env/lib/python3.8/site-packages/airflow/example_dags/example_setup_teardown_taskflow.py took 0.089 seconds
[2024-11-12T16:41:10.647+0100] {processor.py:186} INFO - Started process (PID=7092) to work on /home/sakana/anaconda3/envs/airflow_env/lib/python3.8/site-packages/airflow/example_dags/example_setup_teardown_taskflow.py
[2024-11-12T16:41:10.652+0100] {processor.py:914} INFO - Processing file /home/sakana/anaconda3/envs/airflow_env/lib/python3.8/site-packages/airflow/example_dags/example_setup_teardown_taskflow.py for tasks to queue
[2024-11-12T16:41:10.654+0100] {logging_mixin.py:190} INFO - [2024-11-12T16:41:10.654+0100] {dagbag.py:588} INFO - Filling up the DagBag from /home/sakana/anaconda3/envs/airflow_env/lib/python3.8/site-packages/airflow/example_dags/example_setup_teardown_taskflow.py
[2024-11-12T16:41:10.665+0100] {processor.py:925} INFO - DAG(s) 'example_setup_teardown_taskflow' retrieved from /home/sakana/anaconda3/envs/airflow_env/lib/python3.8/site-packages/airflow/example_dags/example_setup_teardown_taskflow.py
[2024-11-12T16:41:10.682+0100] {logging_mixin.py:190} INFO - [2024-11-12T16:41:10.682+0100] {dag.py:3239} INFO - Sync 1 DAGs
[2024-11-12T16:41:10.695+0100] {logging_mixin.py:190} INFO - [2024-11-12T16:41:10.695+0100] {dag.py:4180} INFO - Setting next_dagrun for example_setup_teardown_taskflow to None, run_after=None
[2024-11-12T16:41:10.729+0100] {processor.py:208} INFO - Processing /home/sakana/anaconda3/envs/airflow_env/lib/python3.8/site-packages/airflow/example_dags/example_setup_teardown_taskflow.py took 0.089 seconds
[2024-11-12T16:42:07.982+0100] {processor.py:186} INFO - Started process (PID=7166) to work on /home/sakana/anaconda3/envs/airflow_env/lib/python3.8/site-packages/airflow/example_dags/example_setup_teardown_taskflow.py
[2024-11-12T16:42:07.987+0100] {processor.py:914} INFO - Processing file /home/sakana/anaconda3/envs/airflow_env/lib/python3.8/site-packages/airflow/example_dags/example_setup_teardown_taskflow.py for tasks to queue
[2024-11-12T16:42:07.990+0100] {logging_mixin.py:190} INFO - [2024-11-12T16:42:07.989+0100] {dagbag.py:588} INFO - Filling up the DagBag from /home/sakana/anaconda3/envs/airflow_env/lib/python3.8/site-packages/airflow/example_dags/example_setup_teardown_taskflow.py
[2024-11-12T16:42:08.004+0100] {processor.py:925} INFO - DAG(s) 'example_setup_teardown_taskflow' retrieved from /home/sakana/anaconda3/envs/airflow_env/lib/python3.8/site-packages/airflow/example_dags/example_setup_teardown_taskflow.py
[2024-11-12T16:42:08.022+0100] {logging_mixin.py:190} INFO - [2024-11-12T16:42:08.021+0100] {dag.py:3239} INFO - Sync 1 DAGs
[2024-11-12T16:42:08.033+0100] {logging_mixin.py:190} INFO - [2024-11-12T16:42:08.033+0100] {dag.py:4180} INFO - Setting next_dagrun for example_setup_teardown_taskflow to None, run_after=None
[2024-11-12T16:42:08.057+0100] {processor.py:208} INFO - Processing /home/sakana/anaconda3/envs/airflow_env/lib/python3.8/site-packages/airflow/example_dags/example_setup_teardown_taskflow.py took 0.082 seconds
[2024-11-12T16:43:04.475+0100] {processor.py:186} INFO - Started process (PID=7308) to work on /home/sakana/anaconda3/envs/airflow_env/lib/python3.8/site-packages/airflow/example_dags/example_setup_teardown_taskflow.py
[2024-11-12T16:43:04.480+0100] {processor.py:914} INFO - Processing file /home/sakana/anaconda3/envs/airflow_env/lib/python3.8/site-packages/airflow/example_dags/example_setup_teardown_taskflow.py for tasks to queue
[2024-11-12T16:43:04.483+0100] {logging_mixin.py:190} INFO - [2024-11-12T16:43:04.482+0100] {dagbag.py:588} INFO - Filling up the DagBag from /home/sakana/anaconda3/envs/airflow_env/lib/python3.8/site-packages/airflow/example_dags/example_setup_teardown_taskflow.py
[2024-11-12T16:43:04.498+0100] {processor.py:925} INFO - DAG(s) 'example_setup_teardown_taskflow' retrieved from /home/sakana/anaconda3/envs/airflow_env/lib/python3.8/site-packages/airflow/example_dags/example_setup_teardown_taskflow.py
[2024-11-12T16:43:04.517+0100] {logging_mixin.py:190} INFO - [2024-11-12T16:43:04.516+0100] {dag.py:3239} INFO - Sync 1 DAGs
[2024-11-12T16:43:04.529+0100] {logging_mixin.py:190} INFO - [2024-11-12T16:43:04.529+0100] {dag.py:4180} INFO - Setting next_dagrun for example_setup_teardown_taskflow to None, run_after=None
[2024-11-12T16:43:04.554+0100] {processor.py:208} INFO - Processing /home/sakana/anaconda3/envs/airflow_env/lib/python3.8/site-packages/airflow/example_dags/example_setup_teardown_taskflow.py took 0.089 seconds
[2024-11-12T16:44:03.279+0100] {processor.py:186} INFO - Started process (PID=7421) to work on /home/sakana/anaconda3/envs/airflow_env/lib/python3.8/site-packages/airflow/example_dags/example_setup_teardown_taskflow.py
[2024-11-12T16:44:03.284+0100] {processor.py:914} INFO - Processing file /home/sakana/anaconda3/envs/airflow_env/lib/python3.8/site-packages/airflow/example_dags/example_setup_teardown_taskflow.py for tasks to queue
[2024-11-12T16:44:03.286+0100] {logging_mixin.py:190} INFO - [2024-11-12T16:44:03.286+0100] {dagbag.py:588} INFO - Filling up the DagBag from /home/sakana/anaconda3/envs/airflow_env/lib/python3.8/site-packages/airflow/example_dags/example_setup_teardown_taskflow.py
[2024-11-12T16:44:03.300+0100] {processor.py:925} INFO - DAG(s) 'example_setup_teardown_taskflow' retrieved from /home/sakana/anaconda3/envs/airflow_env/lib/python3.8/site-packages/airflow/example_dags/example_setup_teardown_taskflow.py
[2024-11-12T16:44:03.317+0100] {logging_mixin.py:190} INFO - [2024-11-12T16:44:03.317+0100] {dag.py:3239} INFO - Sync 1 DAGs
[2024-11-12T16:44:03.329+0100] {logging_mixin.py:190} INFO - [2024-11-12T16:44:03.329+0100] {dag.py:4180} INFO - Setting next_dagrun for example_setup_teardown_taskflow to None, run_after=None
[2024-11-12T16:44:03.358+0100] {processor.py:208} INFO - Processing /home/sakana/anaconda3/envs/airflow_env/lib/python3.8/site-packages/airflow/example_dags/example_setup_teardown_taskflow.py took 0.091 seconds
[2024-11-12T16:44:58.889+0100] {processor.py:186} INFO - Started process (PID=7489) to work on /home/sakana/anaconda3/envs/airflow_env/lib/python3.8/site-packages/airflow/example_dags/example_setup_teardown_taskflow.py
[2024-11-12T16:44:58.894+0100] {processor.py:914} INFO - Processing file /home/sakana/anaconda3/envs/airflow_env/lib/python3.8/site-packages/airflow/example_dags/example_setup_teardown_taskflow.py for tasks to queue
[2024-11-12T16:44:58.896+0100] {logging_mixin.py:190} INFO - [2024-11-12T16:44:58.896+0100] {dagbag.py:588} INFO - Filling up the DagBag from /home/sakana/anaconda3/envs/airflow_env/lib/python3.8/site-packages/airflow/example_dags/example_setup_teardown_taskflow.py
[2024-11-12T16:44:58.909+0100] {processor.py:925} INFO - DAG(s) 'example_setup_teardown_taskflow' retrieved from /home/sakana/anaconda3/envs/airflow_env/lib/python3.8/site-packages/airflow/example_dags/example_setup_teardown_taskflow.py
[2024-11-12T16:44:58.926+0100] {logging_mixin.py:190} INFO - [2024-11-12T16:44:58.926+0100] {dag.py:3239} INFO - Sync 1 DAGs
[2024-11-12T16:44:58.938+0100] {logging_mixin.py:190} INFO - [2024-11-12T16:44:58.938+0100] {dag.py:4180} INFO - Setting next_dagrun for example_setup_teardown_taskflow to None, run_after=None
[2024-11-12T16:44:58.965+0100] {processor.py:208} INFO - Processing /home/sakana/anaconda3/envs/airflow_env/lib/python3.8/site-packages/airflow/example_dags/example_setup_teardown_taskflow.py took 0.084 seconds
[2024-11-12T16:45:53.782+0100] {processor.py:186} INFO - Started process (PID=7560) to work on /home/sakana/anaconda3/envs/airflow_env/lib/python3.8/site-packages/airflow/example_dags/example_setup_teardown_taskflow.py
[2024-11-12T16:45:53.787+0100] {processor.py:914} INFO - Processing file /home/sakana/anaconda3/envs/airflow_env/lib/python3.8/site-packages/airflow/example_dags/example_setup_teardown_taskflow.py for tasks to queue
[2024-11-12T16:45:53.789+0100] {logging_mixin.py:190} INFO - [2024-11-12T16:45:53.789+0100] {dagbag.py:588} INFO - Filling up the DagBag from /home/sakana/anaconda3/envs/airflow_env/lib/python3.8/site-packages/airflow/example_dags/example_setup_teardown_taskflow.py
[2024-11-12T16:45:53.802+0100] {processor.py:925} INFO - DAG(s) 'example_setup_teardown_taskflow' retrieved from /home/sakana/anaconda3/envs/airflow_env/lib/python3.8/site-packages/airflow/example_dags/example_setup_teardown_taskflow.py
[2024-11-12T16:45:53.819+0100] {logging_mixin.py:190} INFO - [2024-11-12T16:45:53.819+0100] {dag.py:3239} INFO - Sync 1 DAGs
[2024-11-12T16:45:53.832+0100] {logging_mixin.py:190} INFO - [2024-11-12T16:45:53.831+0100] {dag.py:4180} INFO - Setting next_dagrun for example_setup_teardown_taskflow to None, run_after=None
[2024-11-12T16:45:53.869+0100] {processor.py:208} INFO - Processing /home/sakana/anaconda3/envs/airflow_env/lib/python3.8/site-packages/airflow/example_dags/example_setup_teardown_taskflow.py took 0.094 seconds
[2024-11-12T16:47:03.855+0100] {processor.py:186} INFO - Started process (PID=7693) to work on /home/sakana/anaconda3/envs/airflow_env/lib/python3.8/site-packages/airflow/example_dags/example_setup_teardown_taskflow.py
[2024-11-12T16:47:03.860+0100] {processor.py:914} INFO - Processing file /home/sakana/anaconda3/envs/airflow_env/lib/python3.8/site-packages/airflow/example_dags/example_setup_teardown_taskflow.py for tasks to queue
[2024-11-12T16:47:03.862+0100] {logging_mixin.py:190} INFO - [2024-11-12T16:47:03.861+0100] {dagbag.py:588} INFO - Filling up the DagBag from /home/sakana/anaconda3/envs/airflow_env/lib/python3.8/site-packages/airflow/example_dags/example_setup_teardown_taskflow.py
[2024-11-12T16:47:03.872+0100] {processor.py:925} INFO - DAG(s) 'example_setup_teardown_taskflow' retrieved from /home/sakana/anaconda3/envs/airflow_env/lib/python3.8/site-packages/airflow/example_dags/example_setup_teardown_taskflow.py
[2024-11-12T16:47:03.888+0100] {logging_mixin.py:190} INFO - [2024-11-12T16:47:03.888+0100] {dag.py:3239} INFO - Sync 1 DAGs
[2024-11-12T16:47:03.900+0100] {logging_mixin.py:190} INFO - [2024-11-12T16:47:03.899+0100] {dag.py:4180} INFO - Setting next_dagrun for example_setup_teardown_taskflow to None, run_after=None
[2024-11-12T16:47:03.927+0100] {processor.py:208} INFO - Processing /home/sakana/anaconda3/envs/airflow_env/lib/python3.8/site-packages/airflow/example_dags/example_setup_teardown_taskflow.py took 0.078 seconds
[2024-11-12T16:48:01.484+0100] {processor.py:186} INFO - Started process (PID=7800) to work on /home/sakana/anaconda3/envs/airflow_env/lib/python3.8/site-packages/airflow/example_dags/example_setup_teardown_taskflow.py
[2024-11-12T16:48:01.489+0100] {processor.py:914} INFO - Processing file /home/sakana/anaconda3/envs/airflow_env/lib/python3.8/site-packages/airflow/example_dags/example_setup_teardown_taskflow.py for tasks to queue
[2024-11-12T16:48:01.491+0100] {logging_mixin.py:190} INFO - [2024-11-12T16:48:01.491+0100] {dagbag.py:588} INFO - Filling up the DagBag from /home/sakana/anaconda3/envs/airflow_env/lib/python3.8/site-packages/airflow/example_dags/example_setup_teardown_taskflow.py
[2024-11-12T16:48:01.504+0100] {processor.py:925} INFO - DAG(s) 'example_setup_teardown_taskflow' retrieved from /home/sakana/anaconda3/envs/airflow_env/lib/python3.8/site-packages/airflow/example_dags/example_setup_teardown_taskflow.py
[2024-11-12T16:48:01.520+0100] {logging_mixin.py:190} INFO - [2024-11-12T16:48:01.520+0100] {dag.py:3239} INFO - Sync 1 DAGs
[2024-11-12T16:48:01.533+0100] {logging_mixin.py:190} INFO - [2024-11-12T16:48:01.532+0100] {dag.py:4180} INFO - Setting next_dagrun for example_setup_teardown_taskflow to None, run_after=None
[2024-11-12T16:48:01.560+0100] {processor.py:208} INFO - Processing /home/sakana/anaconda3/envs/airflow_env/lib/python3.8/site-packages/airflow/example_dags/example_setup_teardown_taskflow.py took 0.084 seconds
[2024-11-12T16:48:59.235+0100] {processor.py:186} INFO - Started process (PID=7918) to work on /home/sakana/anaconda3/envs/airflow_env/lib/python3.8/site-packages/airflow/example_dags/example_setup_teardown_taskflow.py
[2024-11-12T16:48:59.240+0100] {processor.py:914} INFO - Processing file /home/sakana/anaconda3/envs/airflow_env/lib/python3.8/site-packages/airflow/example_dags/example_setup_teardown_taskflow.py for tasks to queue
[2024-11-12T16:48:59.243+0100] {logging_mixin.py:190} INFO - [2024-11-12T16:48:59.242+0100] {dagbag.py:588} INFO - Filling up the DagBag from /home/sakana/anaconda3/envs/airflow_env/lib/python3.8/site-packages/airflow/example_dags/example_setup_teardown_taskflow.py
[2024-11-12T16:48:59.254+0100] {processor.py:925} INFO - DAG(s) 'example_setup_teardown_taskflow' retrieved from /home/sakana/anaconda3/envs/airflow_env/lib/python3.8/site-packages/airflow/example_dags/example_setup_teardown_taskflow.py
[2024-11-12T16:48:59.275+0100] {logging_mixin.py:190} INFO - [2024-11-12T16:48:59.274+0100] {dag.py:3239} INFO - Sync 1 DAGs
[2024-11-12T16:48:59.286+0100] {logging_mixin.py:190} INFO - [2024-11-12T16:48:59.286+0100] {dag.py:4180} INFO - Setting next_dagrun for example_setup_teardown_taskflow to None, run_after=None
[2024-11-12T16:48:59.312+0100] {processor.py:208} INFO - Processing /home/sakana/anaconda3/envs/airflow_env/lib/python3.8/site-packages/airflow/example_dags/example_setup_teardown_taskflow.py took 0.082 seconds
[2024-11-12T16:49:56.194+0100] {processor.py:186} INFO - Started process (PID=8011) to work on /home/sakana/anaconda3/envs/airflow_env/lib/python3.8/site-packages/airflow/example_dags/example_setup_teardown_taskflow.py
[2024-11-12T16:49:56.199+0100] {processor.py:914} INFO - Processing file /home/sakana/anaconda3/envs/airflow_env/lib/python3.8/site-packages/airflow/example_dags/example_setup_teardown_taskflow.py for tasks to queue
[2024-11-12T16:49:56.201+0100] {logging_mixin.py:190} INFO - [2024-11-12T16:49:56.201+0100] {dagbag.py:588} INFO - Filling up the DagBag from /home/sakana/anaconda3/envs/airflow_env/lib/python3.8/site-packages/airflow/example_dags/example_setup_teardown_taskflow.py
[2024-11-12T16:49:56.211+0100] {processor.py:925} INFO - DAG(s) 'example_setup_teardown_taskflow' retrieved from /home/sakana/anaconda3/envs/airflow_env/lib/python3.8/site-packages/airflow/example_dags/example_setup_teardown_taskflow.py
[2024-11-12T16:49:56.228+0100] {logging_mixin.py:190} INFO - [2024-11-12T16:49:56.227+0100] {dag.py:3239} INFO - Sync 1 DAGs
[2024-11-12T16:49:56.239+0100] {logging_mixin.py:190} INFO - [2024-11-12T16:49:56.239+0100] {dag.py:4180} INFO - Setting next_dagrun for example_setup_teardown_taskflow to None, run_after=None
[2024-11-12T16:49:56.269+0100] {processor.py:208} INFO - Processing /home/sakana/anaconda3/envs/airflow_env/lib/python3.8/site-packages/airflow/example_dags/example_setup_teardown_taskflow.py took 0.080 seconds
[2024-11-12T16:50:53.357+0100] {processor.py:186} INFO - Started process (PID=8077) to work on /home/sakana/anaconda3/envs/airflow_env/lib/python3.8/site-packages/airflow/example_dags/example_setup_teardown_taskflow.py
[2024-11-12T16:50:53.363+0100] {processor.py:914} INFO - Processing file /home/sakana/anaconda3/envs/airflow_env/lib/python3.8/site-packages/airflow/example_dags/example_setup_teardown_taskflow.py for tasks to queue
[2024-11-12T16:50:53.366+0100] {logging_mixin.py:190} INFO - [2024-11-12T16:50:53.365+0100] {dagbag.py:588} INFO - Filling up the DagBag from /home/sakana/anaconda3/envs/airflow_env/lib/python3.8/site-packages/airflow/example_dags/example_setup_teardown_taskflow.py
[2024-11-12T16:50:53.380+0100] {processor.py:925} INFO - DAG(s) 'example_setup_teardown_taskflow' retrieved from /home/sakana/anaconda3/envs/airflow_env/lib/python3.8/site-packages/airflow/example_dags/example_setup_teardown_taskflow.py
[2024-11-12T16:50:53.396+0100] {logging_mixin.py:190} INFO - [2024-11-12T16:50:53.396+0100] {dag.py:3239} INFO - Sync 1 DAGs
[2024-11-12T16:50:53.408+0100] {logging_mixin.py:190} INFO - [2024-11-12T16:50:53.408+0100] {dag.py:4180} INFO - Setting next_dagrun for example_setup_teardown_taskflow to None, run_after=None
[2024-11-12T16:50:53.433+0100] {processor.py:208} INFO - Processing /home/sakana/anaconda3/envs/airflow_env/lib/python3.8/site-packages/airflow/example_dags/example_setup_teardown_taskflow.py took 0.085 seconds
[2024-11-12T16:51:49.387+0100] {processor.py:186} INFO - Started process (PID=8150) to work on /home/sakana/anaconda3/envs/airflow_env/lib/python3.8/site-packages/airflow/example_dags/example_setup_teardown_taskflow.py
[2024-11-12T16:51:49.392+0100] {processor.py:914} INFO - Processing file /home/sakana/anaconda3/envs/airflow_env/lib/python3.8/site-packages/airflow/example_dags/example_setup_teardown_taskflow.py for tasks to queue
[2024-11-12T16:51:49.394+0100] {logging_mixin.py:190} INFO - [2024-11-12T16:51:49.393+0100] {dagbag.py:588} INFO - Filling up the DagBag from /home/sakana/anaconda3/envs/airflow_env/lib/python3.8/site-packages/airflow/example_dags/example_setup_teardown_taskflow.py
[2024-11-12T16:51:49.406+0100] {processor.py:925} INFO - DAG(s) 'example_setup_teardown_taskflow' retrieved from /home/sakana/anaconda3/envs/airflow_env/lib/python3.8/site-packages/airflow/example_dags/example_setup_teardown_taskflow.py
[2024-11-12T16:51:49.424+0100] {logging_mixin.py:190} INFO - [2024-11-12T16:51:49.423+0100] {dag.py:3239} INFO - Sync 1 DAGs
[2024-11-12T16:51:49.437+0100] {logging_mixin.py:190} INFO - [2024-11-12T16:51:49.437+0100] {dag.py:4180} INFO - Setting next_dagrun for example_setup_teardown_taskflow to None, run_after=None
[2024-11-12T16:51:49.466+0100] {processor.py:208} INFO - Processing /home/sakana/anaconda3/envs/airflow_env/lib/python3.8/site-packages/airflow/example_dags/example_setup_teardown_taskflow.py took 0.085 seconds
[2024-11-12T16:52:46.601+0100] {processor.py:186} INFO - Started process (PID=8239) to work on /home/sakana/anaconda3/envs/airflow_env/lib/python3.8/site-packages/airflow/example_dags/example_setup_teardown_taskflow.py
[2024-11-12T16:52:46.606+0100] {processor.py:914} INFO - Processing file /home/sakana/anaconda3/envs/airflow_env/lib/python3.8/site-packages/airflow/example_dags/example_setup_teardown_taskflow.py for tasks to queue
[2024-11-12T16:52:46.610+0100] {logging_mixin.py:190} INFO - [2024-11-12T16:52:46.609+0100] {dagbag.py:588} INFO - Filling up the DagBag from /home/sakana/anaconda3/envs/airflow_env/lib/python3.8/site-packages/airflow/example_dags/example_setup_teardown_taskflow.py
[2024-11-12T16:52:46.627+0100] {processor.py:925} INFO - DAG(s) 'example_setup_teardown_taskflow' retrieved from /home/sakana/anaconda3/envs/airflow_env/lib/python3.8/site-packages/airflow/example_dags/example_setup_teardown_taskflow.py
[2024-11-12T16:52:46.645+0100] {logging_mixin.py:190} INFO - [2024-11-12T16:52:46.645+0100] {dag.py:3239} INFO - Sync 1 DAGs
[2024-11-12T16:52:46.656+0100] {logging_mixin.py:190} INFO - [2024-11-12T16:52:46.656+0100] {dag.py:4180} INFO - Setting next_dagrun for example_setup_teardown_taskflow to None, run_after=None
[2024-11-12T16:52:46.702+0100] {processor.py:208} INFO - Processing /home/sakana/anaconda3/envs/airflow_env/lib/python3.8/site-packages/airflow/example_dags/example_setup_teardown_taskflow.py took 0.111 seconds
[2024-11-12T16:53:42.949+0100] {processor.py:186} INFO - Started process (PID=8341) to work on /home/sakana/anaconda3/envs/airflow_env/lib/python3.8/site-packages/airflow/example_dags/example_setup_teardown_taskflow.py
[2024-11-12T16:53:42.954+0100] {processor.py:914} INFO - Processing file /home/sakana/anaconda3/envs/airflow_env/lib/python3.8/site-packages/airflow/example_dags/example_setup_teardown_taskflow.py for tasks to queue
[2024-11-12T16:53:42.957+0100] {logging_mixin.py:190} INFO - [2024-11-12T16:53:42.956+0100] {dagbag.py:588} INFO - Filling up the DagBag from /home/sakana/anaconda3/envs/airflow_env/lib/python3.8/site-packages/airflow/example_dags/example_setup_teardown_taskflow.py
[2024-11-12T16:53:42.971+0100] {processor.py:925} INFO - DAG(s) 'example_setup_teardown_taskflow' retrieved from /home/sakana/anaconda3/envs/airflow_env/lib/python3.8/site-packages/airflow/example_dags/example_setup_teardown_taskflow.py
[2024-11-12T16:53:42.993+0100] {logging_mixin.py:190} INFO - [2024-11-12T16:53:42.992+0100] {dag.py:3239} INFO - Sync 1 DAGs
[2024-11-12T16:53:43.005+0100] {logging_mixin.py:190} INFO - [2024-11-12T16:53:43.005+0100] {dag.py:4180} INFO - Setting next_dagrun for example_setup_teardown_taskflow to None, run_after=None
[2024-11-12T16:53:43.038+0100] {processor.py:208} INFO - Processing /home/sakana/anaconda3/envs/airflow_env/lib/python3.8/site-packages/airflow/example_dags/example_setup_teardown_taskflow.py took 0.095 seconds
[2024-11-12T16:54:44.245+0100] {processor.py:186} INFO - Started process (PID=8513) to work on /home/sakana/anaconda3/envs/airflow_env/lib/python3.8/site-packages/airflow/example_dags/example_setup_teardown_taskflow.py
[2024-11-12T16:54:44.250+0100] {processor.py:914} INFO - Processing file /home/sakana/anaconda3/envs/airflow_env/lib/python3.8/site-packages/airflow/example_dags/example_setup_teardown_taskflow.py for tasks to queue
[2024-11-12T16:54:44.252+0100] {logging_mixin.py:190} INFO - [2024-11-12T16:54:44.252+0100] {dagbag.py:588} INFO - Filling up the DagBag from /home/sakana/anaconda3/envs/airflow_env/lib/python3.8/site-packages/airflow/example_dags/example_setup_teardown_taskflow.py
[2024-11-12T16:54:44.263+0100] {processor.py:925} INFO - DAG(s) 'example_setup_teardown_taskflow' retrieved from /home/sakana/anaconda3/envs/airflow_env/lib/python3.8/site-packages/airflow/example_dags/example_setup_teardown_taskflow.py
[2024-11-12T16:54:44.281+0100] {logging_mixin.py:190} INFO - [2024-11-12T16:54:44.281+0100] {dag.py:3239} INFO - Sync 1 DAGs
[2024-11-12T16:54:44.297+0100] {logging_mixin.py:190} INFO - [2024-11-12T16:54:44.296+0100] {dag.py:4180} INFO - Setting next_dagrun for example_setup_teardown_taskflow to None, run_after=None
[2024-11-12T16:54:44.324+0100] {processor.py:208} INFO - Processing /home/sakana/anaconda3/envs/airflow_env/lib/python3.8/site-packages/airflow/example_dags/example_setup_teardown_taskflow.py took 0.084 seconds
[2024-11-12T16:55:44.092+0100] {processor.py:186} INFO - Started process (PID=8596) to work on /home/sakana/anaconda3/envs/airflow_env/lib/python3.8/site-packages/airflow/example_dags/example_setup_teardown_taskflow.py
[2024-11-12T16:55:44.100+0100] {processor.py:914} INFO - Processing file /home/sakana/anaconda3/envs/airflow_env/lib/python3.8/site-packages/airflow/example_dags/example_setup_teardown_taskflow.py for tasks to queue
[2024-11-12T16:55:44.104+0100] {logging_mixin.py:190} INFO - [2024-11-12T16:55:44.103+0100] {dagbag.py:588} INFO - Filling up the DagBag from /home/sakana/anaconda3/envs/airflow_env/lib/python3.8/site-packages/airflow/example_dags/example_setup_teardown_taskflow.py
[2024-11-12T16:55:44.116+0100] {processor.py:925} INFO - DAG(s) 'example_setup_teardown_taskflow' retrieved from /home/sakana/anaconda3/envs/airflow_env/lib/python3.8/site-packages/airflow/example_dags/example_setup_teardown_taskflow.py
[2024-11-12T16:55:44.134+0100] {logging_mixin.py:190} INFO - [2024-11-12T16:55:44.133+0100] {dag.py:3239} INFO - Sync 1 DAGs
[2024-11-12T16:55:44.145+0100] {logging_mixin.py:190} INFO - [2024-11-12T16:55:44.145+0100] {dag.py:4180} INFO - Setting next_dagrun for example_setup_teardown_taskflow to None, run_after=None
[2024-11-12T16:55:44.173+0100] {processor.py:208} INFO - Processing /home/sakana/anaconda3/envs/airflow_env/lib/python3.8/site-packages/airflow/example_dags/example_setup_teardown_taskflow.py took 0.094 seconds
[2024-11-12T16:56:42.396+0100] {processor.py:186} INFO - Started process (PID=8670) to work on /home/sakana/anaconda3/envs/airflow_env/lib/python3.8/site-packages/airflow/example_dags/example_setup_teardown_taskflow.py
[2024-11-12T16:56:42.401+0100] {processor.py:914} INFO - Processing file /home/sakana/anaconda3/envs/airflow_env/lib/python3.8/site-packages/airflow/example_dags/example_setup_teardown_taskflow.py for tasks to queue
[2024-11-12T16:56:42.404+0100] {logging_mixin.py:190} INFO - [2024-11-12T16:56:42.403+0100] {dagbag.py:588} INFO - Filling up the DagBag from /home/sakana/anaconda3/envs/airflow_env/lib/python3.8/site-packages/airflow/example_dags/example_setup_teardown_taskflow.py
[2024-11-12T16:56:42.416+0100] {processor.py:925} INFO - DAG(s) 'example_setup_teardown_taskflow' retrieved from /home/sakana/anaconda3/envs/airflow_env/lib/python3.8/site-packages/airflow/example_dags/example_setup_teardown_taskflow.py
[2024-11-12T16:56:42.435+0100] {logging_mixin.py:190} INFO - [2024-11-12T16:56:42.435+0100] {dag.py:3239} INFO - Sync 1 DAGs
[2024-11-12T16:56:42.453+0100] {logging_mixin.py:190} INFO - [2024-11-12T16:56:42.453+0100] {dag.py:4180} INFO - Setting next_dagrun for example_setup_teardown_taskflow to None, run_after=None
[2024-11-12T16:56:42.481+0100] {processor.py:208} INFO - Processing /home/sakana/anaconda3/envs/airflow_env/lib/python3.8/site-packages/airflow/example_dags/example_setup_teardown_taskflow.py took 0.093 seconds
[2024-11-12T16:57:42.801+0100] {processor.py:186} INFO - Started process (PID=8751) to work on /home/sakana/anaconda3/envs/airflow_env/lib/python3.8/site-packages/airflow/example_dags/example_setup_teardown_taskflow.py
[2024-11-12T16:57:42.807+0100] {processor.py:914} INFO - Processing file /home/sakana/anaconda3/envs/airflow_env/lib/python3.8/site-packages/airflow/example_dags/example_setup_teardown_taskflow.py for tasks to queue
[2024-11-12T16:57:42.811+0100] {logging_mixin.py:190} INFO - [2024-11-12T16:57:42.810+0100] {dagbag.py:588} INFO - Filling up the DagBag from /home/sakana/anaconda3/envs/airflow_env/lib/python3.8/site-packages/airflow/example_dags/example_setup_teardown_taskflow.py
[2024-11-12T16:57:42.827+0100] {processor.py:925} INFO - DAG(s) 'example_setup_teardown_taskflow' retrieved from /home/sakana/anaconda3/envs/airflow_env/lib/python3.8/site-packages/airflow/example_dags/example_setup_teardown_taskflow.py
[2024-11-12T16:57:42.848+0100] {logging_mixin.py:190} INFO - [2024-11-12T16:57:42.848+0100] {dag.py:3239} INFO - Sync 1 DAGs
[2024-11-12T16:57:42.865+0100] {logging_mixin.py:190} INFO - [2024-11-12T16:57:42.865+0100] {dag.py:4180} INFO - Setting next_dagrun for example_setup_teardown_taskflow to None, run_after=None
[2024-11-12T16:57:42.895+0100] {processor.py:208} INFO - Processing /home/sakana/anaconda3/envs/airflow_env/lib/python3.8/site-packages/airflow/example_dags/example_setup_teardown_taskflow.py took 0.103 seconds
[2024-11-12T16:58:45.146+0100] {processor.py:186} INFO - Started process (PID=8857) to work on /home/sakana/anaconda3/envs/airflow_env/lib/python3.8/site-packages/airflow/example_dags/example_setup_teardown_taskflow.py
[2024-11-12T16:58:45.151+0100] {processor.py:914} INFO - Processing file /home/sakana/anaconda3/envs/airflow_env/lib/python3.8/site-packages/airflow/example_dags/example_setup_teardown_taskflow.py for tasks to queue
[2024-11-12T16:58:45.153+0100] {logging_mixin.py:190} INFO - [2024-11-12T16:58:45.153+0100] {dagbag.py:588} INFO - Filling up the DagBag from /home/sakana/anaconda3/envs/airflow_env/lib/python3.8/site-packages/airflow/example_dags/example_setup_teardown_taskflow.py
[2024-11-12T16:58:45.168+0100] {processor.py:925} INFO - DAG(s) 'example_setup_teardown_taskflow' retrieved from /home/sakana/anaconda3/envs/airflow_env/lib/python3.8/site-packages/airflow/example_dags/example_setup_teardown_taskflow.py
[2024-11-12T16:58:45.186+0100] {logging_mixin.py:190} INFO - [2024-11-12T16:58:45.186+0100] {dag.py:3239} INFO - Sync 1 DAGs
[2024-11-12T16:58:45.197+0100] {logging_mixin.py:190} INFO - [2024-11-12T16:58:45.197+0100] {dag.py:4180} INFO - Setting next_dagrun for example_setup_teardown_taskflow to None, run_after=None
[2024-11-12T16:58:45.235+0100] {processor.py:208} INFO - Processing /home/sakana/anaconda3/envs/airflow_env/lib/python3.8/site-packages/airflow/example_dags/example_setup_teardown_taskflow.py took 0.096 seconds
[2024-11-12T16:59:45.831+0100] {processor.py:186} INFO - Started process (PID=8932) to work on /home/sakana/anaconda3/envs/airflow_env/lib/python3.8/site-packages/airflow/example_dags/example_setup_teardown_taskflow.py
[2024-11-12T16:59:45.836+0100] {processor.py:914} INFO - Processing file /home/sakana/anaconda3/envs/airflow_env/lib/python3.8/site-packages/airflow/example_dags/example_setup_teardown_taskflow.py for tasks to queue
[2024-11-12T16:59:45.839+0100] {logging_mixin.py:190} INFO - [2024-11-12T16:59:45.838+0100] {dagbag.py:588} INFO - Filling up the DagBag from /home/sakana/anaconda3/envs/airflow_env/lib/python3.8/site-packages/airflow/example_dags/example_setup_teardown_taskflow.py
[2024-11-12T16:59:45.852+0100] {processor.py:925} INFO - DAG(s) 'example_setup_teardown_taskflow' retrieved from /home/sakana/anaconda3/envs/airflow_env/lib/python3.8/site-packages/airflow/example_dags/example_setup_teardown_taskflow.py
[2024-11-12T16:59:45.869+0100] {logging_mixin.py:190} INFO - [2024-11-12T16:59:45.869+0100] {dag.py:3239} INFO - Sync 1 DAGs
[2024-11-12T16:59:45.880+0100] {logging_mixin.py:190} INFO - [2024-11-12T16:59:45.880+0100] {dag.py:4180} INFO - Setting next_dagrun for example_setup_teardown_taskflow to None, run_after=None
[2024-11-12T16:59:45.905+0100] {processor.py:208} INFO - Processing /home/sakana/anaconda3/envs/airflow_env/lib/python3.8/site-packages/airflow/example_dags/example_setup_teardown_taskflow.py took 0.081 seconds
[2024-11-12T17:00:46.691+0100] {processor.py:186} INFO - Started process (PID=9004) to work on /home/sakana/anaconda3/envs/airflow_env/lib/python3.8/site-packages/airflow/example_dags/example_setup_teardown_taskflow.py
[2024-11-12T17:00:46.697+0100] {processor.py:914} INFO - Processing file /home/sakana/anaconda3/envs/airflow_env/lib/python3.8/site-packages/airflow/example_dags/example_setup_teardown_taskflow.py for tasks to queue
[2024-11-12T17:00:46.699+0100] {logging_mixin.py:190} INFO - [2024-11-12T17:00:46.699+0100] {dagbag.py:588} INFO - Filling up the DagBag from /home/sakana/anaconda3/envs/airflow_env/lib/python3.8/site-packages/airflow/example_dags/example_setup_teardown_taskflow.py
[2024-11-12T17:00:46.714+0100] {processor.py:925} INFO - DAG(s) 'example_setup_teardown_taskflow' retrieved from /home/sakana/anaconda3/envs/airflow_env/lib/python3.8/site-packages/airflow/example_dags/example_setup_teardown_taskflow.py
[2024-11-12T17:00:46.730+0100] {logging_mixin.py:190} INFO - [2024-11-12T17:00:46.730+0100] {dag.py:3239} INFO - Sync 1 DAGs
[2024-11-12T17:00:46.741+0100] {logging_mixin.py:190} INFO - [2024-11-12T17:00:46.741+0100] {dag.py:4180} INFO - Setting next_dagrun for example_setup_teardown_taskflow to None, run_after=None
[2024-11-12T17:00:46.765+0100] {processor.py:208} INFO - Processing /home/sakana/anaconda3/envs/airflow_env/lib/python3.8/site-packages/airflow/example_dags/example_setup_teardown_taskflow.py took 0.082 seconds
[2024-11-12T17:18:51.330+0100] {processor.py:186} INFO - Started process (PID=9300) to work on /home/sakana/anaconda3/envs/airflow_env/lib/python3.8/site-packages/airflow/example_dags/example_setup_teardown_taskflow.py
[2024-11-12T17:18:51.354+0100] {processor.py:914} INFO - Processing file /home/sakana/anaconda3/envs/airflow_env/lib/python3.8/site-packages/airflow/example_dags/example_setup_teardown_taskflow.py for tasks to queue
[2024-11-12T17:18:51.357+0100] {logging_mixin.py:190} INFO - [2024-11-12T17:18:51.357+0100] {dagbag.py:588} INFO - Filling up the DagBag from /home/sakana/anaconda3/envs/airflow_env/lib/python3.8/site-packages/airflow/example_dags/example_setup_teardown_taskflow.py
[2024-11-12T17:18:51.377+0100] {processor.py:925} INFO - DAG(s) 'example_setup_teardown_taskflow' retrieved from /home/sakana/anaconda3/envs/airflow_env/lib/python3.8/site-packages/airflow/example_dags/example_setup_teardown_taskflow.py
[2024-11-12T17:18:51.397+0100] {logging_mixin.py:190} INFO - [2024-11-12T17:18:51.397+0100] {dag.py:3239} INFO - Sync 1 DAGs
[2024-11-12T17:18:51.408+0100] {logging_mixin.py:190} INFO - [2024-11-12T17:18:51.408+0100] {dag.py:4180} INFO - Setting next_dagrun for example_setup_teardown_taskflow to None, run_after=None
[2024-11-12T17:18:51.432+0100] {processor.py:208} INFO - Processing /home/sakana/anaconda3/envs/airflow_env/lib/python3.8/site-packages/airflow/example_dags/example_setup_teardown_taskflow.py took 0.109 seconds
[2024-11-12T17:20:01.875+0100] {processor.py:186} INFO - Started process (PID=9634) to work on /home/sakana/anaconda3/envs/airflow_env/lib/python3.8/site-packages/airflow/example_dags/example_setup_teardown_taskflow.py
[2024-11-12T17:20:01.877+0100] {processor.py:914} INFO - Processing file /home/sakana/anaconda3/envs/airflow_env/lib/python3.8/site-packages/airflow/example_dags/example_setup_teardown_taskflow.py for tasks to queue
[2024-11-12T17:20:01.880+0100] {logging_mixin.py:190} INFO - [2024-11-12T17:20:01.879+0100] {dagbag.py:588} INFO - Filling up the DagBag from /home/sakana/anaconda3/envs/airflow_env/lib/python3.8/site-packages/airflow/example_dags/example_setup_teardown_taskflow.py
[2024-11-12T17:20:01.894+0100] {processor.py:925} INFO - DAG(s) 'example_setup_teardown_taskflow' retrieved from /home/sakana/anaconda3/envs/airflow_env/lib/python3.8/site-packages/airflow/example_dags/example_setup_teardown_taskflow.py
[2024-11-12T17:20:01.916+0100] {logging_mixin.py:190} INFO - [2024-11-12T17:20:01.915+0100] {dag.py:3239} INFO - Sync 1 DAGs
[2024-11-12T17:20:01.930+0100] {logging_mixin.py:190} INFO - [2024-11-12T17:20:01.929+0100] {dag.py:4180} INFO - Setting next_dagrun for example_setup_teardown_taskflow to None, run_after=None
[2024-11-12T17:20:01.963+0100] {processor.py:208} INFO - Processing /home/sakana/anaconda3/envs/airflow_env/lib/python3.8/site-packages/airflow/example_dags/example_setup_teardown_taskflow.py took 0.101 seconds
[2024-11-12T17:21:08.730+0100] {processor.py:186} INFO - Started process (PID=9727) to work on /home/sakana/anaconda3/envs/airflow_env/lib/python3.8/site-packages/airflow/example_dags/example_setup_teardown_taskflow.py
[2024-11-12T17:21:08.736+0100] {processor.py:914} INFO - Processing file /home/sakana/anaconda3/envs/airflow_env/lib/python3.8/site-packages/airflow/example_dags/example_setup_teardown_taskflow.py for tasks to queue
[2024-11-12T17:21:08.741+0100] {logging_mixin.py:190} INFO - [2024-11-12T17:21:08.739+0100] {dagbag.py:588} INFO - Filling up the DagBag from /home/sakana/anaconda3/envs/airflow_env/lib/python3.8/site-packages/airflow/example_dags/example_setup_teardown_taskflow.py
[2024-11-12T17:21:08.771+0100] {processor.py:925} INFO - DAG(s) 'example_setup_teardown_taskflow' retrieved from /home/sakana/anaconda3/envs/airflow_env/lib/python3.8/site-packages/airflow/example_dags/example_setup_teardown_taskflow.py
[2024-11-12T17:21:08.802+0100] {logging_mixin.py:190} INFO - [2024-11-12T17:21:08.801+0100] {dag.py:3239} INFO - Sync 1 DAGs
[2024-11-12T17:21:08.820+0100] {logging_mixin.py:190} INFO - [2024-11-12T17:21:08.820+0100] {dag.py:4180} INFO - Setting next_dagrun for example_setup_teardown_taskflow to None, run_after=None
[2024-11-12T17:21:08.854+0100] {processor.py:208} INFO - Processing /home/sakana/anaconda3/envs/airflow_env/lib/python3.8/site-packages/airflow/example_dags/example_setup_teardown_taskflow.py took 0.138 seconds
[2024-11-12T17:22:17.853+0100] {processor.py:186} INFO - Started process (PID=9853) to work on /home/sakana/anaconda3/envs/airflow_env/lib/python3.8/site-packages/airflow/example_dags/example_setup_teardown_taskflow.py
[2024-11-12T17:22:17.859+0100] {processor.py:914} INFO - Processing file /home/sakana/anaconda3/envs/airflow_env/lib/python3.8/site-packages/airflow/example_dags/example_setup_teardown_taskflow.py for tasks to queue
[2024-11-12T17:22:17.863+0100] {logging_mixin.py:190} INFO - [2024-11-12T17:22:17.862+0100] {dagbag.py:588} INFO - Filling up the DagBag from /home/sakana/anaconda3/envs/airflow_env/lib/python3.8/site-packages/airflow/example_dags/example_setup_teardown_taskflow.py
[2024-11-12T17:22:17.885+0100] {processor.py:925} INFO - DAG(s) 'example_setup_teardown_taskflow' retrieved from /home/sakana/anaconda3/envs/airflow_env/lib/python3.8/site-packages/airflow/example_dags/example_setup_teardown_taskflow.py
[2024-11-12T17:22:17.909+0100] {logging_mixin.py:190} INFO - [2024-11-12T17:22:17.909+0100] {dag.py:3239} INFO - Sync 1 DAGs
[2024-11-12T17:22:17.925+0100] {logging_mixin.py:190} INFO - [2024-11-12T17:22:17.925+0100] {dag.py:4180} INFO - Setting next_dagrun for example_setup_teardown_taskflow to None, run_after=None
[2024-11-12T17:22:17.956+0100] {processor.py:208} INFO - Processing /home/sakana/anaconda3/envs/airflow_env/lib/python3.8/site-packages/airflow/example_dags/example_setup_teardown_taskflow.py took 0.134 seconds
[2024-11-12T17:23:31.528+0100] {processor.py:186} INFO - Started process (PID=9999) to work on /home/sakana/anaconda3/envs/airflow_env/lib/python3.8/site-packages/airflow/example_dags/example_setup_teardown_taskflow.py
[2024-11-12T17:23:31.535+0100] {processor.py:914} INFO - Processing file /home/sakana/anaconda3/envs/airflow_env/lib/python3.8/site-packages/airflow/example_dags/example_setup_teardown_taskflow.py for tasks to queue
[2024-11-12T17:23:31.544+0100] {logging_mixin.py:190} INFO - [2024-11-12T17:23:31.542+0100] {dagbag.py:588} INFO - Filling up the DagBag from /home/sakana/anaconda3/envs/airflow_env/lib/python3.8/site-packages/airflow/example_dags/example_setup_teardown_taskflow.py
[2024-11-12T17:23:31.601+0100] {processor.py:925} INFO - DAG(s) 'example_setup_teardown_taskflow' retrieved from /home/sakana/anaconda3/envs/airflow_env/lib/python3.8/site-packages/airflow/example_dags/example_setup_teardown_taskflow.py
[2024-11-12T17:23:31.648+0100] {logging_mixin.py:190} INFO - [2024-11-12T17:23:31.648+0100] {dag.py:3239} INFO - Sync 1 DAGs
[2024-11-12T17:23:31.666+0100] {logging_mixin.py:190} INFO - [2024-11-12T17:23:31.666+0100] {dag.py:4180} INFO - Setting next_dagrun for example_setup_teardown_taskflow to None, run_after=None
[2024-11-12T17:23:31.701+0100] {processor.py:208} INFO - Processing /home/sakana/anaconda3/envs/airflow_env/lib/python3.8/site-packages/airflow/example_dags/example_setup_teardown_taskflow.py took 0.184 seconds
[2024-11-12T17:24:43.563+0100] {processor.py:186} INFO - Started process (PID=10143) to work on /home/sakana/anaconda3/envs/airflow_env/lib/python3.8/site-packages/airflow/example_dags/example_setup_teardown_taskflow.py
[2024-11-12T17:24:43.568+0100] {processor.py:914} INFO - Processing file /home/sakana/anaconda3/envs/airflow_env/lib/python3.8/site-packages/airflow/example_dags/example_setup_teardown_taskflow.py for tasks to queue
[2024-11-12T17:24:43.573+0100] {logging_mixin.py:190} INFO - [2024-11-12T17:24:43.571+0100] {dagbag.py:588} INFO - Filling up the DagBag from /home/sakana/anaconda3/envs/airflow_env/lib/python3.8/site-packages/airflow/example_dags/example_setup_teardown_taskflow.py
[2024-11-12T17:24:43.598+0100] {processor.py:925} INFO - DAG(s) 'example_setup_teardown_taskflow' retrieved from /home/sakana/anaconda3/envs/airflow_env/lib/python3.8/site-packages/airflow/example_dags/example_setup_teardown_taskflow.py
[2024-11-12T17:24:43.628+0100] {logging_mixin.py:190} INFO - [2024-11-12T17:24:43.628+0100] {dag.py:3239} INFO - Sync 1 DAGs
[2024-11-12T17:24:43.654+0100] {logging_mixin.py:190} INFO - [2024-11-12T17:24:43.653+0100] {dag.py:4180} INFO - Setting next_dagrun for example_setup_teardown_taskflow to None, run_after=None
[2024-11-12T17:24:43.696+0100] {processor.py:208} INFO - Processing /home/sakana/anaconda3/envs/airflow_env/lib/python3.8/site-packages/airflow/example_dags/example_setup_teardown_taskflow.py took 0.147 seconds
[2024-11-12T17:25:58.079+0100] {processor.py:186} INFO - Started process (PID=10259) to work on /home/sakana/anaconda3/envs/airflow_env/lib/python3.8/site-packages/airflow/example_dags/example_setup_teardown_taskflow.py
[2024-11-12T17:25:58.084+0100] {processor.py:914} INFO - Processing file /home/sakana/anaconda3/envs/airflow_env/lib/python3.8/site-packages/airflow/example_dags/example_setup_teardown_taskflow.py for tasks to queue
[2024-11-12T17:25:58.087+0100] {logging_mixin.py:190} INFO - [2024-11-12T17:25:58.086+0100] {dagbag.py:588} INFO - Filling up the DagBag from /home/sakana/anaconda3/envs/airflow_env/lib/python3.8/site-packages/airflow/example_dags/example_setup_teardown_taskflow.py
[2024-11-12T17:25:58.107+0100] {processor.py:925} INFO - DAG(s) 'example_setup_teardown_taskflow' retrieved from /home/sakana/anaconda3/envs/airflow_env/lib/python3.8/site-packages/airflow/example_dags/example_setup_teardown_taskflow.py
[2024-11-12T17:25:58.136+0100] {logging_mixin.py:190} INFO - [2024-11-12T17:25:58.136+0100] {dag.py:3239} INFO - Sync 1 DAGs
[2024-11-12T17:25:58.161+0100] {logging_mixin.py:190} INFO - [2024-11-12T17:25:58.160+0100] {dag.py:4180} INFO - Setting next_dagrun for example_setup_teardown_taskflow to None, run_after=None
[2024-11-12T17:25:58.198+0100] {processor.py:208} INFO - Processing /home/sakana/anaconda3/envs/airflow_env/lib/python3.8/site-packages/airflow/example_dags/example_setup_teardown_taskflow.py took 0.131 seconds
[2024-11-12T17:27:10.609+0100] {processor.py:186} INFO - Started process (PID=10365) to work on /home/sakana/anaconda3/envs/airflow_env/lib/python3.8/site-packages/airflow/example_dags/example_setup_teardown_taskflow.py
[2024-11-12T17:27:10.615+0100] {processor.py:914} INFO - Processing file /home/sakana/anaconda3/envs/airflow_env/lib/python3.8/site-packages/airflow/example_dags/example_setup_teardown_taskflow.py for tasks to queue
[2024-11-12T17:27:10.619+0100] {logging_mixin.py:190} INFO - [2024-11-12T17:27:10.619+0100] {dagbag.py:588} INFO - Filling up the DagBag from /home/sakana/anaconda3/envs/airflow_env/lib/python3.8/site-packages/airflow/example_dags/example_setup_teardown_taskflow.py
[2024-11-12T17:27:10.644+0100] {processor.py:925} INFO - DAG(s) 'example_setup_teardown_taskflow' retrieved from /home/sakana/anaconda3/envs/airflow_env/lib/python3.8/site-packages/airflow/example_dags/example_setup_teardown_taskflow.py
[2024-11-12T17:27:10.672+0100] {logging_mixin.py:190} INFO - [2024-11-12T17:27:10.671+0100] {dag.py:3239} INFO - Sync 1 DAGs
[2024-11-12T17:27:10.688+0100] {logging_mixin.py:190} INFO - [2024-11-12T17:27:10.688+0100] {dag.py:4180} INFO - Setting next_dagrun for example_setup_teardown_taskflow to None, run_after=None
[2024-11-12T17:27:10.719+0100] {processor.py:208} INFO - Processing /home/sakana/anaconda3/envs/airflow_env/lib/python3.8/site-packages/airflow/example_dags/example_setup_teardown_taskflow.py took 0.125 seconds
[2024-11-12T17:28:22.372+0100] {processor.py:186} INFO - Started process (PID=10475) to work on /home/sakana/anaconda3/envs/airflow_env/lib/python3.8/site-packages/airflow/example_dags/example_setup_teardown_taskflow.py
[2024-11-12T17:28:22.373+0100] {processor.py:914} INFO - Processing file /home/sakana/anaconda3/envs/airflow_env/lib/python3.8/site-packages/airflow/example_dags/example_setup_teardown_taskflow.py for tasks to queue
[2024-11-12T17:28:22.378+0100] {logging_mixin.py:190} INFO - [2024-11-12T17:28:22.376+0100] {dagbag.py:588} INFO - Filling up the DagBag from /home/sakana/anaconda3/envs/airflow_env/lib/python3.8/site-packages/airflow/example_dags/example_setup_teardown_taskflow.py
[2024-11-12T17:28:22.396+0100] {processor.py:925} INFO - DAG(s) 'example_setup_teardown_taskflow' retrieved from /home/sakana/anaconda3/envs/airflow_env/lib/python3.8/site-packages/airflow/example_dags/example_setup_teardown_taskflow.py
[2024-11-12T17:28:22.426+0100] {logging_mixin.py:190} INFO - [2024-11-12T17:28:22.426+0100] {dag.py:3239} INFO - Sync 1 DAGs
[2024-11-12T17:28:22.450+0100] {logging_mixin.py:190} INFO - [2024-11-12T17:28:22.449+0100] {dag.py:4180} INFO - Setting next_dagrun for example_setup_teardown_taskflow to None, run_after=None
[2024-11-12T17:28:22.479+0100] {processor.py:208} INFO - Processing /home/sakana/anaconda3/envs/airflow_env/lib/python3.8/site-packages/airflow/example_dags/example_setup_teardown_taskflow.py took 0.120 seconds
[2024-11-12T17:29:36.500+0100] {processor.py:186} INFO - Started process (PID=10589) to work on /home/sakana/anaconda3/envs/airflow_env/lib/python3.8/site-packages/airflow/example_dags/example_setup_teardown_taskflow.py
[2024-11-12T17:29:36.506+0100] {processor.py:914} INFO - Processing file /home/sakana/anaconda3/envs/airflow_env/lib/python3.8/site-packages/airflow/example_dags/example_setup_teardown_taskflow.py for tasks to queue
[2024-11-12T17:29:36.510+0100] {logging_mixin.py:190} INFO - [2024-11-12T17:29:36.509+0100] {dagbag.py:588} INFO - Filling up the DagBag from /home/sakana/anaconda3/envs/airflow_env/lib/python3.8/site-packages/airflow/example_dags/example_setup_teardown_taskflow.py
[2024-11-12T17:29:36.528+0100] {processor.py:925} INFO - DAG(s) 'example_setup_teardown_taskflow' retrieved from /home/sakana/anaconda3/envs/airflow_env/lib/python3.8/site-packages/airflow/example_dags/example_setup_teardown_taskflow.py
[2024-11-12T17:29:36.560+0100] {logging_mixin.py:190} INFO - [2024-11-12T17:29:36.560+0100] {dag.py:3239} INFO - Sync 1 DAGs
[2024-11-12T17:29:36.584+0100] {logging_mixin.py:190} INFO - [2024-11-12T17:29:36.584+0100] {dag.py:4180} INFO - Setting next_dagrun for example_setup_teardown_taskflow to None, run_after=None
[2024-11-12T17:29:36.616+0100] {processor.py:208} INFO - Processing /home/sakana/anaconda3/envs/airflow_env/lib/python3.8/site-packages/airflow/example_dags/example_setup_teardown_taskflow.py took 0.126 seconds
[2024-11-12T17:30:47.567+0100] {processor.py:186} INFO - Started process (PID=10667) to work on /home/sakana/anaconda3/envs/airflow_env/lib/python3.8/site-packages/airflow/example_dags/example_setup_teardown_taskflow.py
[2024-11-12T17:30:47.574+0100] {processor.py:914} INFO - Processing file /home/sakana/anaconda3/envs/airflow_env/lib/python3.8/site-packages/airflow/example_dags/example_setup_teardown_taskflow.py for tasks to queue
[2024-11-12T17:30:47.582+0100] {logging_mixin.py:190} INFO - [2024-11-12T17:30:47.580+0100] {dagbag.py:588} INFO - Filling up the DagBag from /home/sakana/anaconda3/envs/airflow_env/lib/python3.8/site-packages/airflow/example_dags/example_setup_teardown_taskflow.py
[2024-11-12T17:30:47.638+0100] {processor.py:925} INFO - DAG(s) 'example_setup_teardown_taskflow' retrieved from /home/sakana/anaconda3/envs/airflow_env/lib/python3.8/site-packages/airflow/example_dags/example_setup_teardown_taskflow.py
[2024-11-12T17:30:47.674+0100] {logging_mixin.py:190} INFO - [2024-11-12T17:30:47.674+0100] {dag.py:3239} INFO - Sync 1 DAGs
[2024-11-12T17:30:47.690+0100] {logging_mixin.py:190} INFO - [2024-11-12T17:30:47.690+0100] {dag.py:4180} INFO - Setting next_dagrun for example_setup_teardown_taskflow to None, run_after=None
[2024-11-12T17:30:47.733+0100] {processor.py:208} INFO - Processing /home/sakana/anaconda3/envs/airflow_env/lib/python3.8/site-packages/airflow/example_dags/example_setup_teardown_taskflow.py took 0.177 seconds
[2024-11-12T17:31:59.482+0100] {processor.py:186} INFO - Started process (PID=10757) to work on /home/sakana/anaconda3/envs/airflow_env/lib/python3.8/site-packages/airflow/example_dags/example_setup_teardown_taskflow.py
[2024-11-12T17:31:59.490+0100] {processor.py:914} INFO - Processing file /home/sakana/anaconda3/envs/airflow_env/lib/python3.8/site-packages/airflow/example_dags/example_setup_teardown_taskflow.py for tasks to queue
[2024-11-12T17:31:59.504+0100] {logging_mixin.py:190} INFO - [2024-11-12T17:31:59.497+0100] {dagbag.py:588} INFO - Filling up the DagBag from /home/sakana/anaconda3/envs/airflow_env/lib/python3.8/site-packages/airflow/example_dags/example_setup_teardown_taskflow.py
[2024-11-12T17:31:59.527+0100] {processor.py:925} INFO - DAG(s) 'example_setup_teardown_taskflow' retrieved from /home/sakana/anaconda3/envs/airflow_env/lib/python3.8/site-packages/airflow/example_dags/example_setup_teardown_taskflow.py
[2024-11-12T17:31:59.559+0100] {logging_mixin.py:190} INFO - [2024-11-12T17:31:59.559+0100] {dag.py:3239} INFO - Sync 1 DAGs
[2024-11-12T17:31:59.584+0100] {logging_mixin.py:190} INFO - [2024-11-12T17:31:59.583+0100] {dag.py:4180} INFO - Setting next_dagrun for example_setup_teardown_taskflow to None, run_after=None
[2024-11-12T17:31:59.656+0100] {processor.py:208} INFO - Processing /home/sakana/anaconda3/envs/airflow_env/lib/python3.8/site-packages/airflow/example_dags/example_setup_teardown_taskflow.py took 0.190 seconds
[2024-11-12T17:33:06.951+0100] {processor.py:186} INFO - Started process (PID=10910) to work on /home/sakana/anaconda3/envs/airflow_env/lib/python3.8/site-packages/airflow/example_dags/example_setup_teardown_taskflow.py
[2024-11-12T17:33:06.956+0100] {processor.py:914} INFO - Processing file /home/sakana/anaconda3/envs/airflow_env/lib/python3.8/site-packages/airflow/example_dags/example_setup_teardown_taskflow.py for tasks to queue
[2024-11-12T17:33:06.959+0100] {logging_mixin.py:190} INFO - [2024-11-12T17:33:06.958+0100] {dagbag.py:588} INFO - Filling up the DagBag from /home/sakana/anaconda3/envs/airflow_env/lib/python3.8/site-packages/airflow/example_dags/example_setup_teardown_taskflow.py
[2024-11-12T17:33:06.972+0100] {processor.py:925} INFO - DAG(s) 'example_setup_teardown_taskflow' retrieved from /home/sakana/anaconda3/envs/airflow_env/lib/python3.8/site-packages/airflow/example_dags/example_setup_teardown_taskflow.py
[2024-11-12T17:33:06.992+0100] {logging_mixin.py:190} INFO - [2024-11-12T17:33:06.991+0100] {dag.py:3239} INFO - Sync 1 DAGs
[2024-11-12T17:33:07.006+0100] {logging_mixin.py:190} INFO - [2024-11-12T17:33:07.005+0100] {dag.py:4180} INFO - Setting next_dagrun for example_setup_teardown_taskflow to None, run_after=None
[2024-11-12T17:33:07.053+0100] {processor.py:208} INFO - Processing /home/sakana/anaconda3/envs/airflow_env/lib/python3.8/site-packages/airflow/example_dags/example_setup_teardown_taskflow.py took 0.109 seconds
[2024-11-12T17:34:11.700+0100] {processor.py:186} INFO - Started process (PID=11102) to work on /home/sakana/anaconda3/envs/airflow_env/lib/python3.8/site-packages/airflow/example_dags/example_setup_teardown_taskflow.py
[2024-11-12T17:34:11.706+0100] {processor.py:914} INFO - Processing file /home/sakana/anaconda3/envs/airflow_env/lib/python3.8/site-packages/airflow/example_dags/example_setup_teardown_taskflow.py for tasks to queue
[2024-11-12T17:34:11.708+0100] {logging_mixin.py:190} INFO - [2024-11-12T17:34:11.708+0100] {dagbag.py:588} INFO - Filling up the DagBag from /home/sakana/anaconda3/envs/airflow_env/lib/python3.8/site-packages/airflow/example_dags/example_setup_teardown_taskflow.py
[2024-11-12T17:34:11.724+0100] {processor.py:925} INFO - DAG(s) 'example_setup_teardown_taskflow' retrieved from /home/sakana/anaconda3/envs/airflow_env/lib/python3.8/site-packages/airflow/example_dags/example_setup_teardown_taskflow.py
[2024-11-12T17:34:11.743+0100] {logging_mixin.py:190} INFO - [2024-11-12T17:34:11.742+0100] {dag.py:3239} INFO - Sync 1 DAGs
[2024-11-12T17:34:11.754+0100] {logging_mixin.py:190} INFO - [2024-11-12T17:34:11.754+0100] {dag.py:4180} INFO - Setting next_dagrun for example_setup_teardown_taskflow to None, run_after=None
[2024-11-12T17:34:11.779+0100] {processor.py:208} INFO - Processing /home/sakana/anaconda3/envs/airflow_env/lib/python3.8/site-packages/airflow/example_dags/example_setup_teardown_taskflow.py took 0.086 seconds
[2024-11-12T17:35:13.660+0100] {processor.py:186} INFO - Started process (PID=11178) to work on /home/sakana/anaconda3/envs/airflow_env/lib/python3.8/site-packages/airflow/example_dags/example_setup_teardown_taskflow.py
[2024-11-12T17:35:13.665+0100] {processor.py:914} INFO - Processing file /home/sakana/anaconda3/envs/airflow_env/lib/python3.8/site-packages/airflow/example_dags/example_setup_teardown_taskflow.py for tasks to queue
[2024-11-12T17:35:13.667+0100] {logging_mixin.py:190} INFO - [2024-11-12T17:35:13.667+0100] {dagbag.py:588} INFO - Filling up the DagBag from /home/sakana/anaconda3/envs/airflow_env/lib/python3.8/site-packages/airflow/example_dags/example_setup_teardown_taskflow.py
[2024-11-12T17:35:13.679+0100] {processor.py:925} INFO - DAG(s) 'example_setup_teardown_taskflow' retrieved from /home/sakana/anaconda3/envs/airflow_env/lib/python3.8/site-packages/airflow/example_dags/example_setup_teardown_taskflow.py
[2024-11-12T17:35:13.695+0100] {logging_mixin.py:190} INFO - [2024-11-12T17:35:13.695+0100] {dag.py:3239} INFO - Sync 1 DAGs
[2024-11-12T17:35:13.706+0100] {logging_mixin.py:190} INFO - [2024-11-12T17:35:13.706+0100] {dag.py:4180} INFO - Setting next_dagrun for example_setup_teardown_taskflow to None, run_after=None
[2024-11-12T17:35:13.731+0100] {processor.py:208} INFO - Processing /home/sakana/anaconda3/envs/airflow_env/lib/python3.8/site-packages/airflow/example_dags/example_setup_teardown_taskflow.py took 0.076 seconds
[2024-11-12T17:36:12.483+0100] {processor.py:186} INFO - Started process (PID=11257) to work on /home/sakana/anaconda3/envs/airflow_env/lib/python3.8/site-packages/airflow/example_dags/example_setup_teardown_taskflow.py
[2024-11-12T17:36:12.484+0100] {processor.py:914} INFO - Processing file /home/sakana/anaconda3/envs/airflow_env/lib/python3.8/site-packages/airflow/example_dags/example_setup_teardown_taskflow.py for tasks to queue
[2024-11-12T17:36:12.486+0100] {logging_mixin.py:190} INFO - [2024-11-12T17:36:12.485+0100] {dagbag.py:588} INFO - Filling up the DagBag from /home/sakana/anaconda3/envs/airflow_env/lib/python3.8/site-packages/airflow/example_dags/example_setup_teardown_taskflow.py
[2024-11-12T17:36:12.499+0100] {processor.py:925} INFO - DAG(s) 'example_setup_teardown_taskflow' retrieved from /home/sakana/anaconda3/envs/airflow_env/lib/python3.8/site-packages/airflow/example_dags/example_setup_teardown_taskflow.py
[2024-11-12T17:36:12.516+0100] {logging_mixin.py:190} INFO - [2024-11-12T17:36:12.516+0100] {dag.py:3239} INFO - Sync 1 DAGs
[2024-11-12T17:36:12.528+0100] {logging_mixin.py:190} INFO - [2024-11-12T17:36:12.528+0100] {dag.py:4180} INFO - Setting next_dagrun for example_setup_teardown_taskflow to None, run_after=None
[2024-11-12T17:36:12.561+0100] {processor.py:208} INFO - Processing /home/sakana/anaconda3/envs/airflow_env/lib/python3.8/site-packages/airflow/example_dags/example_setup_teardown_taskflow.py took 0.085 seconds
[2024-11-12T17:37:10.578+0100] {processor.py:186} INFO - Started process (PID=11326) to work on /home/sakana/anaconda3/envs/airflow_env/lib/python3.8/site-packages/airflow/example_dags/example_setup_teardown_taskflow.py
[2024-11-12T17:37:10.583+0100] {processor.py:914} INFO - Processing file /home/sakana/anaconda3/envs/airflow_env/lib/python3.8/site-packages/airflow/example_dags/example_setup_teardown_taskflow.py for tasks to queue
[2024-11-12T17:37:10.585+0100] {logging_mixin.py:190} INFO - [2024-11-12T17:37:10.585+0100] {dagbag.py:588} INFO - Filling up the DagBag from /home/sakana/anaconda3/envs/airflow_env/lib/python3.8/site-packages/airflow/example_dags/example_setup_teardown_taskflow.py
[2024-11-12T17:37:10.597+0100] {processor.py:925} INFO - DAG(s) 'example_setup_teardown_taskflow' retrieved from /home/sakana/anaconda3/envs/airflow_env/lib/python3.8/site-packages/airflow/example_dags/example_setup_teardown_taskflow.py
[2024-11-12T17:37:10.614+0100] {logging_mixin.py:190} INFO - [2024-11-12T17:37:10.613+0100] {dag.py:3239} INFO - Sync 1 DAGs
[2024-11-12T17:37:10.625+0100] {logging_mixin.py:190} INFO - [2024-11-12T17:37:10.625+0100] {dag.py:4180} INFO - Setting next_dagrun for example_setup_teardown_taskflow to None, run_after=None
[2024-11-12T17:37:10.649+0100] {processor.py:208} INFO - Processing /home/sakana/anaconda3/envs/airflow_env/lib/python3.8/site-packages/airflow/example_dags/example_setup_teardown_taskflow.py took 0.078 seconds
