[2024-11-12T01:01:44.844+0100] {processor.py:186} INFO - Started process (PID=31472) to work on /home/sakana/anaconda3/envs/airflow_env/lib/python3.8/site-packages/airflow/example_dags/example_dag_decorator.py
[2024-11-12T01:01:44.845+0100] {processor.py:914} INFO - Processing file /home/sakana/anaconda3/envs/airflow_env/lib/python3.8/site-packages/airflow/example_dags/example_dag_decorator.py for tasks to queue
[2024-11-12T01:01:44.848+0100] {logging_mixin.py:190} INFO - [2024-11-12T01:01:44.847+0100] {dagbag.py:588} INFO - Filling up the DagBag from /home/sakana/anaconda3/envs/airflow_env/lib/python3.8/site-packages/airflow/example_dags/example_dag_decorator.py
[2024-11-12T01:01:44.870+0100] {processor.py:925} INFO - DAG(s) 'example_dag_decorator' retrieved from /home/sakana/anaconda3/envs/airflow_env/lib/python3.8/site-packages/airflow/example_dags/example_dag_decorator.py
[2024-11-12T01:01:45.012+0100] {logging_mixin.py:190} INFO - [2024-11-12T01:01:45.012+0100] {dag.py:3239} INFO - Sync 1 DAGs
[2024-11-12T01:01:45.028+0100] {logging_mixin.py:190} INFO - [2024-11-12T01:01:45.027+0100] {dag.py:4180} INFO - Setting next_dagrun for example_dag_decorator to None, run_after=None
[2024-11-12T01:01:45.076+0100] {processor.py:208} INFO - Processing /home/sakana/anaconda3/envs/airflow_env/lib/python3.8/site-packages/airflow/example_dags/example_dag_decorator.py took 0.241 seconds
[2024-11-12T01:02:50.797+0100] {processor.py:186} INFO - Started process (PID=31979) to work on /home/sakana/anaconda3/envs/airflow_env/lib/python3.8/site-packages/airflow/example_dags/example_dag_decorator.py
[2024-11-12T01:02:50.803+0100] {processor.py:914} INFO - Processing file /home/sakana/anaconda3/envs/airflow_env/lib/python3.8/site-packages/airflow/example_dags/example_dag_decorator.py for tasks to queue
[2024-11-12T01:02:50.806+0100] {logging_mixin.py:190} INFO - [2024-11-12T01:02:50.805+0100] {dagbag.py:588} INFO - Filling up the DagBag from /home/sakana/anaconda3/envs/airflow_env/lib/python3.8/site-packages/airflow/example_dags/example_dag_decorator.py
[2024-11-12T01:02:50.822+0100] {processor.py:925} INFO - DAG(s) 'example_dag_decorator' retrieved from /home/sakana/anaconda3/envs/airflow_env/lib/python3.8/site-packages/airflow/example_dags/example_dag_decorator.py
[2024-11-12T01:02:50.959+0100] {logging_mixin.py:190} INFO - [2024-11-12T01:02:50.958+0100] {dag.py:3239} INFO - Sync 1 DAGs
[2024-11-12T01:02:50.978+0100] {logging_mixin.py:190} INFO - [2024-11-12T01:02:50.977+0100] {dag.py:4180} INFO - Setting next_dagrun for example_dag_decorator to None, run_after=None
[2024-11-12T01:02:51.261+0100] {processor.py:208} INFO - Processing /home/sakana/anaconda3/envs/airflow_env/lib/python3.8/site-packages/airflow/example_dags/example_dag_decorator.py took 0.471 seconds
[2024-11-12T01:03:53.604+0100] {processor.py:186} INFO - Started process (PID=32384) to work on /home/sakana/anaconda3/envs/airflow_env/lib/python3.8/site-packages/airflow/example_dags/example_dag_decorator.py
[2024-11-12T01:03:53.609+0100] {processor.py:914} INFO - Processing file /home/sakana/anaconda3/envs/airflow_env/lib/python3.8/site-packages/airflow/example_dags/example_dag_decorator.py for tasks to queue
[2024-11-12T01:03:53.612+0100] {logging_mixin.py:190} INFO - [2024-11-12T01:03:53.611+0100] {dagbag.py:588} INFO - Filling up the DagBag from /home/sakana/anaconda3/envs/airflow_env/lib/python3.8/site-packages/airflow/example_dags/example_dag_decorator.py
[2024-11-12T01:03:53.626+0100] {processor.py:925} INFO - DAG(s) 'example_dag_decorator' retrieved from /home/sakana/anaconda3/envs/airflow_env/lib/python3.8/site-packages/airflow/example_dags/example_dag_decorator.py
[2024-11-12T01:03:53.807+0100] {logging_mixin.py:190} INFO - [2024-11-12T01:03:53.807+0100] {dag.py:3239} INFO - Sync 1 DAGs
[2024-11-12T01:03:53.828+0100] {logging_mixin.py:190} INFO - [2024-11-12T01:03:53.827+0100] {dag.py:4180} INFO - Setting next_dagrun for example_dag_decorator to None, run_after=None
[2024-11-12T01:03:53.859+0100] {processor.py:208} INFO - Processing /home/sakana/anaconda3/envs/airflow_env/lib/python3.8/site-packages/airflow/example_dags/example_dag_decorator.py took 0.263 seconds
[2024-11-12T01:10:30.968+0100] {processor.py:186} INFO - Started process (PID=4168) to work on /home/sakana/anaconda3/envs/airflow_env/lib/python3.8/site-packages/airflow/example_dags/example_dag_decorator.py
[2024-11-12T01:10:30.970+0100] {processor.py:914} INFO - Processing file /home/sakana/anaconda3/envs/airflow_env/lib/python3.8/site-packages/airflow/example_dags/example_dag_decorator.py for tasks to queue
[2024-11-12T01:10:30.972+0100] {logging_mixin.py:190} INFO - [2024-11-12T01:10:30.972+0100] {dagbag.py:588} INFO - Filling up the DagBag from /home/sakana/anaconda3/envs/airflow_env/lib/python3.8/site-packages/airflow/example_dags/example_dag_decorator.py
[2024-11-12T01:10:30.988+0100] {processor.py:925} INFO - DAG(s) 'example_dag_decorator' retrieved from /home/sakana/anaconda3/envs/airflow_env/lib/python3.8/site-packages/airflow/example_dags/example_dag_decorator.py
[2024-11-12T01:10:31.295+0100] {logging_mixin.py:190} INFO - [2024-11-12T01:10:31.295+0100] {dag.py:3239} INFO - Sync 1 DAGs
[2024-11-12T01:10:31.305+0100] {logging_mixin.py:190} INFO - [2024-11-12T01:10:31.304+0100] {dag.py:4180} INFO - Setting next_dagrun for example_dag_decorator to None, run_after=None
[2024-11-12T01:10:31.335+0100] {processor.py:208} INFO - Processing /home/sakana/anaconda3/envs/airflow_env/lib/python3.8/site-packages/airflow/example_dags/example_dag_decorator.py took 0.374 seconds
[2024-11-12T01:11:33.514+0100] {processor.py:186} INFO - Started process (PID=4230) to work on /home/sakana/anaconda3/envs/airflow_env/lib/python3.8/site-packages/airflow/example_dags/example_dag_decorator.py
[2024-11-12T01:11:33.519+0100] {processor.py:914} INFO - Processing file /home/sakana/anaconda3/envs/airflow_env/lib/python3.8/site-packages/airflow/example_dags/example_dag_decorator.py for tasks to queue
[2024-11-12T01:11:33.521+0100] {logging_mixin.py:190} INFO - [2024-11-12T01:11:33.521+0100] {dagbag.py:588} INFO - Filling up the DagBag from /home/sakana/anaconda3/envs/airflow_env/lib/python3.8/site-packages/airflow/example_dags/example_dag_decorator.py
[2024-11-12T01:11:33.531+0100] {processor.py:925} INFO - DAG(s) 'example_dag_decorator' retrieved from /home/sakana/anaconda3/envs/airflow_env/lib/python3.8/site-packages/airflow/example_dags/example_dag_decorator.py
[2024-11-12T01:11:33.622+0100] {logging_mixin.py:190} INFO - [2024-11-12T01:11:33.622+0100] {dag.py:3239} INFO - Sync 1 DAGs
[2024-11-12T01:11:33.631+0100] {logging_mixin.py:190} INFO - [2024-11-12T01:11:33.631+0100] {dag.py:4180} INFO - Setting next_dagrun for example_dag_decorator to None, run_after=None
[2024-11-12T01:11:33.682+0100] {processor.py:208} INFO - Processing /home/sakana/anaconda3/envs/airflow_env/lib/python3.8/site-packages/airflow/example_dags/example_dag_decorator.py took 0.173 seconds
[2024-11-12T16:38:08.579+0100] {processor.py:186} INFO - Started process (PID=6661) to work on /home/sakana/anaconda3/envs/airflow_env/lib/python3.8/site-packages/airflow/example_dags/example_dag_decorator.py
[2024-11-12T16:38:08.583+0100] {processor.py:914} INFO - Processing file /home/sakana/anaconda3/envs/airflow_env/lib/python3.8/site-packages/airflow/example_dags/example_dag_decorator.py for tasks to queue
[2024-11-12T16:38:08.585+0100] {logging_mixin.py:190} INFO - [2024-11-12T16:38:08.584+0100] {dagbag.py:588} INFO - Filling up the DagBag from /home/sakana/anaconda3/envs/airflow_env/lib/python3.8/site-packages/airflow/example_dags/example_dag_decorator.py
[2024-11-12T16:38:08.599+0100] {processor.py:925} INFO - DAG(s) 'example_dag_decorator' retrieved from /home/sakana/anaconda3/envs/airflow_env/lib/python3.8/site-packages/airflow/example_dags/example_dag_decorator.py
[2024-11-12T16:38:08.709+0100] {logging_mixin.py:190} INFO - [2024-11-12T16:38:08.709+0100] {dag.py:3239} INFO - Sync 1 DAGs
[2024-11-12T16:38:08.720+0100] {logging_mixin.py:190} INFO - [2024-11-12T16:38:08.720+0100] {dag.py:4180} INFO - Setting next_dagrun for example_dag_decorator to None, run_after=None
[2024-11-12T16:38:08.773+0100] {processor.py:208} INFO - Processing /home/sakana/anaconda3/envs/airflow_env/lib/python3.8/site-packages/airflow/example_dags/example_dag_decorator.py took 0.200 seconds
[2024-11-12T16:40:24.656+0100] {processor.py:186} INFO - Started process (PID=7013) to work on /home/sakana/anaconda3/envs/airflow_env/lib/python3.8/site-packages/airflow/example_dags/example_dag_decorator.py
[2024-11-12T16:40:24.661+0100] {processor.py:914} INFO - Processing file /home/sakana/anaconda3/envs/airflow_env/lib/python3.8/site-packages/airflow/example_dags/example_dag_decorator.py for tasks to queue
[2024-11-12T16:40:24.663+0100] {logging_mixin.py:190} INFO - [2024-11-12T16:40:24.662+0100] {dagbag.py:588} INFO - Filling up the DagBag from /home/sakana/anaconda3/envs/airflow_env/lib/python3.8/site-packages/airflow/example_dags/example_dag_decorator.py
[2024-11-12T16:40:24.678+0100] {processor.py:925} INFO - DAG(s) 'example_dag_decorator' retrieved from /home/sakana/anaconda3/envs/airflow_env/lib/python3.8/site-packages/airflow/example_dags/example_dag_decorator.py
[2024-11-12T16:40:24.783+0100] {logging_mixin.py:190} INFO - [2024-11-12T16:40:24.782+0100] {dag.py:3239} INFO - Sync 1 DAGs
[2024-11-12T16:40:24.794+0100] {logging_mixin.py:190} INFO - [2024-11-12T16:40:24.794+0100] {dag.py:4180} INFO - Setting next_dagrun for example_dag_decorator to None, run_after=None
[2024-11-12T16:40:24.818+0100] {processor.py:208} INFO - Processing /home/sakana/anaconda3/envs/airflow_env/lib/python3.8/site-packages/airflow/example_dags/example_dag_decorator.py took 0.167 seconds
[2024-11-12T16:41:33.016+0100] {processor.py:186} INFO - Started process (PID=7127) to work on /home/sakana/anaconda3/envs/airflow_env/lib/python3.8/site-packages/airflow/example_dags/example_dag_decorator.py
[2024-11-12T16:41:33.022+0100] {processor.py:914} INFO - Processing file /home/sakana/anaconda3/envs/airflow_env/lib/python3.8/site-packages/airflow/example_dags/example_dag_decorator.py for tasks to queue
[2024-11-12T16:41:33.026+0100] {logging_mixin.py:190} INFO - [2024-11-12T16:41:33.025+0100] {dagbag.py:588} INFO - Filling up the DagBag from /home/sakana/anaconda3/envs/airflow_env/lib/python3.8/site-packages/airflow/example_dags/example_dag_decorator.py
[2024-11-12T16:41:33.047+0100] {processor.py:925} INFO - DAG(s) 'example_dag_decorator' retrieved from /home/sakana/anaconda3/envs/airflow_env/lib/python3.8/site-packages/airflow/example_dags/example_dag_decorator.py
[2024-11-12T16:41:33.141+0100] {logging_mixin.py:190} INFO - [2024-11-12T16:41:33.141+0100] {dag.py:3239} INFO - Sync 1 DAGs
[2024-11-12T16:41:33.153+0100] {logging_mixin.py:190} INFO - [2024-11-12T16:41:33.153+0100] {dag.py:4180} INFO - Setting next_dagrun for example_dag_decorator to None, run_after=None
[2024-11-12T16:41:33.206+0100] {processor.py:208} INFO - Processing /home/sakana/anaconda3/envs/airflow_env/lib/python3.8/site-packages/airflow/example_dags/example_dag_decorator.py took 0.202 seconds
[2024-11-12T16:42:31.261+0100] {processor.py:186} INFO - Started process (PID=7244) to work on /home/sakana/anaconda3/envs/airflow_env/lib/python3.8/site-packages/airflow/example_dags/example_dag_decorator.py
[2024-11-12T16:42:31.262+0100] {processor.py:914} INFO - Processing file /home/sakana/anaconda3/envs/airflow_env/lib/python3.8/site-packages/airflow/example_dags/example_dag_decorator.py for tasks to queue
[2024-11-12T16:42:31.265+0100] {logging_mixin.py:190} INFO - [2024-11-12T16:42:31.264+0100] {dagbag.py:588} INFO - Filling up the DagBag from /home/sakana/anaconda3/envs/airflow_env/lib/python3.8/site-packages/airflow/example_dags/example_dag_decorator.py
[2024-11-12T16:42:31.280+0100] {processor.py:925} INFO - DAG(s) 'example_dag_decorator' retrieved from /home/sakana/anaconda3/envs/airflow_env/lib/python3.8/site-packages/airflow/example_dags/example_dag_decorator.py
[2024-11-12T16:42:31.449+0100] {logging_mixin.py:190} INFO - [2024-11-12T16:42:31.448+0100] {dag.py:3239} INFO - Sync 1 DAGs
[2024-11-12T16:42:31.472+0100] {logging_mixin.py:190} INFO - [2024-11-12T16:42:31.471+0100] {dag.py:4180} INFO - Setting next_dagrun for example_dag_decorator to None, run_after=None
[2024-11-12T16:42:31.512+0100] {processor.py:208} INFO - Processing /home/sakana/anaconda3/envs/airflow_env/lib/python3.8/site-packages/airflow/example_dags/example_dag_decorator.py took 0.260 seconds
[2024-11-12T16:43:29.624+0100] {processor.py:186} INFO - Started process (PID=7370) to work on /home/sakana/anaconda3/envs/airflow_env/lib/python3.8/site-packages/airflow/example_dags/example_dag_decorator.py
[2024-11-12T16:43:29.629+0100] {processor.py:914} INFO - Processing file /home/sakana/anaconda3/envs/airflow_env/lib/python3.8/site-packages/airflow/example_dags/example_dag_decorator.py for tasks to queue
[2024-11-12T16:43:29.633+0100] {logging_mixin.py:190} INFO - [2024-11-12T16:43:29.632+0100] {dagbag.py:588} INFO - Filling up the DagBag from /home/sakana/anaconda3/envs/airflow_env/lib/python3.8/site-packages/airflow/example_dags/example_dag_decorator.py
[2024-11-12T16:43:29.645+0100] {processor.py:925} INFO - DAG(s) 'example_dag_decorator' retrieved from /home/sakana/anaconda3/envs/airflow_env/lib/python3.8/site-packages/airflow/example_dags/example_dag_decorator.py
[2024-11-12T16:43:29.745+0100] {logging_mixin.py:190} INFO - [2024-11-12T16:43:29.745+0100] {dag.py:3239} INFO - Sync 1 DAGs
[2024-11-12T16:43:29.756+0100] {logging_mixin.py:190} INFO - [2024-11-12T16:43:29.755+0100] {dag.py:4180} INFO - Setting next_dagrun for example_dag_decorator to None, run_after=None
[2024-11-12T16:43:29.786+0100] {processor.py:208} INFO - Processing /home/sakana/anaconda3/envs/airflow_env/lib/python3.8/site-packages/airflow/example_dags/example_dag_decorator.py took 0.169 seconds
[2024-11-12T16:44:27.081+0100] {processor.py:186} INFO - Started process (PID=7456) to work on /home/sakana/anaconda3/envs/airflow_env/lib/python3.8/site-packages/airflow/example_dags/example_dag_decorator.py
[2024-11-12T16:44:27.086+0100] {processor.py:914} INFO - Processing file /home/sakana/anaconda3/envs/airflow_env/lib/python3.8/site-packages/airflow/example_dags/example_dag_decorator.py for tasks to queue
[2024-11-12T16:44:27.088+0100] {logging_mixin.py:190} INFO - [2024-11-12T16:44:27.088+0100] {dagbag.py:588} INFO - Filling up the DagBag from /home/sakana/anaconda3/envs/airflow_env/lib/python3.8/site-packages/airflow/example_dags/example_dag_decorator.py
[2024-11-12T16:44:27.098+0100] {processor.py:925} INFO - DAG(s) 'example_dag_decorator' retrieved from /home/sakana/anaconda3/envs/airflow_env/lib/python3.8/site-packages/airflow/example_dags/example_dag_decorator.py
[2024-11-12T16:44:27.195+0100] {logging_mixin.py:190} INFO - [2024-11-12T16:44:27.195+0100] {dag.py:3239} INFO - Sync 1 DAGs
[2024-11-12T16:44:27.206+0100] {logging_mixin.py:190} INFO - [2024-11-12T16:44:27.205+0100] {dag.py:4180} INFO - Setting next_dagrun for example_dag_decorator to None, run_after=None
[2024-11-12T16:44:27.241+0100] {processor.py:208} INFO - Processing /home/sakana/anaconda3/envs/airflow_env/lib/python3.8/site-packages/airflow/example_dags/example_dag_decorator.py took 0.166 seconds
[2024-11-12T16:45:22.343+0100] {processor.py:186} INFO - Started process (PID=7527) to work on /home/sakana/anaconda3/envs/airflow_env/lib/python3.8/site-packages/airflow/example_dags/example_dag_decorator.py
[2024-11-12T16:45:22.348+0100] {processor.py:914} INFO - Processing file /home/sakana/anaconda3/envs/airflow_env/lib/python3.8/site-packages/airflow/example_dags/example_dag_decorator.py for tasks to queue
[2024-11-12T16:45:22.351+0100] {logging_mixin.py:190} INFO - [2024-11-12T16:45:22.351+0100] {dagbag.py:588} INFO - Filling up the DagBag from /home/sakana/anaconda3/envs/airflow_env/lib/python3.8/site-packages/airflow/example_dags/example_dag_decorator.py
[2024-11-12T16:45:22.367+0100] {processor.py:925} INFO - DAG(s) 'example_dag_decorator' retrieved from /home/sakana/anaconda3/envs/airflow_env/lib/python3.8/site-packages/airflow/example_dags/example_dag_decorator.py
[2024-11-12T16:45:22.459+0100] {logging_mixin.py:190} INFO - [2024-11-12T16:45:22.459+0100] {dag.py:3239} INFO - Sync 1 DAGs
[2024-11-12T16:45:22.468+0100] {logging_mixin.py:190} INFO - [2024-11-12T16:45:22.468+0100] {dag.py:4180} INFO - Setting next_dagrun for example_dag_decorator to None, run_after=None
[2024-11-12T16:45:22.509+0100] {processor.py:208} INFO - Processing /home/sakana/anaconda3/envs/airflow_env/lib/python3.8/site-packages/airflow/example_dags/example_dag_decorator.py took 0.176 seconds
[2024-11-12T16:46:26.509+0100] {processor.py:186} INFO - Started process (PID=7648) to work on /home/sakana/anaconda3/envs/airflow_env/lib/python3.8/site-packages/airflow/example_dags/example_dag_decorator.py
[2024-11-12T16:46:26.514+0100] {processor.py:914} INFO - Processing file /home/sakana/anaconda3/envs/airflow_env/lib/python3.8/site-packages/airflow/example_dags/example_dag_decorator.py for tasks to queue
[2024-11-12T16:46:26.516+0100] {logging_mixin.py:190} INFO - [2024-11-12T16:46:26.515+0100] {dagbag.py:588} INFO - Filling up the DagBag from /home/sakana/anaconda3/envs/airflow_env/lib/python3.8/site-packages/airflow/example_dags/example_dag_decorator.py
[2024-11-12T16:46:26.528+0100] {processor.py:925} INFO - DAG(s) 'example_dag_decorator' retrieved from /home/sakana/anaconda3/envs/airflow_env/lib/python3.8/site-packages/airflow/example_dags/example_dag_decorator.py
[2024-11-12T16:46:26.627+0100] {logging_mixin.py:190} INFO - [2024-11-12T16:46:26.626+0100] {dag.py:3239} INFO - Sync 1 DAGs
[2024-11-12T16:46:26.637+0100] {logging_mixin.py:190} INFO - [2024-11-12T16:46:26.636+0100] {dag.py:4180} INFO - Setting next_dagrun for example_dag_decorator to None, run_after=None
[2024-11-12T16:46:26.673+0100] {processor.py:208} INFO - Processing /home/sakana/anaconda3/envs/airflow_env/lib/python3.8/site-packages/airflow/example_dags/example_dag_decorator.py took 0.170 seconds
[2024-11-12T16:47:30.741+0100] {processor.py:186} INFO - Started process (PID=7730) to work on /home/sakana/anaconda3/envs/airflow_env/lib/python3.8/site-packages/airflow/example_dags/example_dag_decorator.py
[2024-11-12T16:47:30.745+0100] {processor.py:914} INFO - Processing file /home/sakana/anaconda3/envs/airflow_env/lib/python3.8/site-packages/airflow/example_dags/example_dag_decorator.py for tasks to queue
[2024-11-12T16:47:30.747+0100] {logging_mixin.py:190} INFO - [2024-11-12T16:47:30.746+0100] {dagbag.py:588} INFO - Filling up the DagBag from /home/sakana/anaconda3/envs/airflow_env/lib/python3.8/site-packages/airflow/example_dags/example_dag_decorator.py
[2024-11-12T16:47:30.758+0100] {processor.py:925} INFO - DAG(s) 'example_dag_decorator' retrieved from /home/sakana/anaconda3/envs/airflow_env/lib/python3.8/site-packages/airflow/example_dags/example_dag_decorator.py
[2024-11-12T16:47:30.858+0100] {logging_mixin.py:190} INFO - [2024-11-12T16:47:30.858+0100] {dag.py:3239} INFO - Sync 1 DAGs
[2024-11-12T16:47:30.868+0100] {logging_mixin.py:190} INFO - [2024-11-12T16:47:30.867+0100] {dag.py:4180} INFO - Setting next_dagrun for example_dag_decorator to None, run_after=None
[2024-11-12T16:47:30.897+0100] {processor.py:208} INFO - Processing /home/sakana/anaconda3/envs/airflow_env/lib/python3.8/site-packages/airflow/example_dags/example_dag_decorator.py took 0.161 seconds
[2024-11-12T16:48:27.880+0100] {processor.py:186} INFO - Started process (PID=7882) to work on /home/sakana/anaconda3/envs/airflow_env/lib/python3.8/site-packages/airflow/example_dags/example_dag_decorator.py
[2024-11-12T16:48:27.906+0100] {processor.py:914} INFO - Processing file /home/sakana/anaconda3/envs/airflow_env/lib/python3.8/site-packages/airflow/example_dags/example_dag_decorator.py for tasks to queue
[2024-11-12T16:48:27.912+0100] {logging_mixin.py:190} INFO - [2024-11-12T16:48:27.911+0100] {dagbag.py:588} INFO - Filling up the DagBag from /home/sakana/anaconda3/envs/airflow_env/lib/python3.8/site-packages/airflow/example_dags/example_dag_decorator.py
[2024-11-12T16:48:27.932+0100] {processor.py:925} INFO - DAG(s) 'example_dag_decorator' retrieved from /home/sakana/anaconda3/envs/airflow_env/lib/python3.8/site-packages/airflow/example_dags/example_dag_decorator.py
[2024-11-12T16:48:28.035+0100] {logging_mixin.py:190} INFO - [2024-11-12T16:48:28.034+0100] {dag.py:3239} INFO - Sync 1 DAGs
[2024-11-12T16:48:28.046+0100] {logging_mixin.py:190} INFO - [2024-11-12T16:48:28.046+0100] {dag.py:4180} INFO - Setting next_dagrun for example_dag_decorator to None, run_after=None
[2024-11-12T16:48:28.083+0100] {processor.py:208} INFO - Processing /home/sakana/anaconda3/envs/airflow_env/lib/python3.8/site-packages/airflow/example_dags/example_dag_decorator.py took 0.211 seconds
[2024-11-12T16:49:25.549+0100] {processor.py:186} INFO - Started process (PID=7979) to work on /home/sakana/anaconda3/envs/airflow_env/lib/python3.8/site-packages/airflow/example_dags/example_dag_decorator.py
[2024-11-12T16:49:25.550+0100] {processor.py:914} INFO - Processing file /home/sakana/anaconda3/envs/airflow_env/lib/python3.8/site-packages/airflow/example_dags/example_dag_decorator.py for tasks to queue
[2024-11-12T16:49:25.552+0100] {logging_mixin.py:190} INFO - [2024-11-12T16:49:25.552+0100] {dagbag.py:588} INFO - Filling up the DagBag from /home/sakana/anaconda3/envs/airflow_env/lib/python3.8/site-packages/airflow/example_dags/example_dag_decorator.py
[2024-11-12T16:49:25.566+0100] {processor.py:925} INFO - DAG(s) 'example_dag_decorator' retrieved from /home/sakana/anaconda3/envs/airflow_env/lib/python3.8/site-packages/airflow/example_dags/example_dag_decorator.py
[2024-11-12T16:49:25.684+0100] {logging_mixin.py:190} INFO - [2024-11-12T16:49:25.684+0100] {dag.py:3239} INFO - Sync 1 DAGs
[2024-11-12T16:49:25.695+0100] {logging_mixin.py:190} INFO - [2024-11-12T16:49:25.695+0100] {dag.py:4180} INFO - Setting next_dagrun for example_dag_decorator to None, run_after=None
[2024-11-12T16:49:25.734+0100] {processor.py:208} INFO - Processing /home/sakana/anaconda3/envs/airflow_env/lib/python3.8/site-packages/airflow/example_dags/example_dag_decorator.py took 0.193 seconds
[2024-11-12T16:50:22.633+0100] {processor.py:186} INFO - Started process (PID=8047) to work on /home/sakana/anaconda3/envs/airflow_env/lib/python3.8/site-packages/airflow/example_dags/example_dag_decorator.py
[2024-11-12T16:50:22.638+0100] {processor.py:914} INFO - Processing file /home/sakana/anaconda3/envs/airflow_env/lib/python3.8/site-packages/airflow/example_dags/example_dag_decorator.py for tasks to queue
[2024-11-12T16:50:22.640+0100] {logging_mixin.py:190} INFO - [2024-11-12T16:50:22.640+0100] {dagbag.py:588} INFO - Filling up the DagBag from /home/sakana/anaconda3/envs/airflow_env/lib/python3.8/site-packages/airflow/example_dags/example_dag_decorator.py
[2024-11-12T16:50:22.653+0100] {processor.py:925} INFO - DAG(s) 'example_dag_decorator' retrieved from /home/sakana/anaconda3/envs/airflow_env/lib/python3.8/site-packages/airflow/example_dags/example_dag_decorator.py
[2024-11-12T16:50:22.751+0100] {logging_mixin.py:190} INFO - [2024-11-12T16:50:22.750+0100] {dag.py:3239} INFO - Sync 1 DAGs
[2024-11-12T16:50:22.760+0100] {logging_mixin.py:190} INFO - [2024-11-12T16:50:22.760+0100] {dag.py:4180} INFO - Setting next_dagrun for example_dag_decorator to None, run_after=None
[2024-11-12T16:50:22.795+0100] {processor.py:208} INFO - Processing /home/sakana/anaconda3/envs/airflow_env/lib/python3.8/site-packages/airflow/example_dags/example_dag_decorator.py took 0.170 seconds
[2024-11-12T16:51:21.126+0100] {processor.py:186} INFO - Started process (PID=8120) to work on /home/sakana/anaconda3/envs/airflow_env/lib/python3.8/site-packages/airflow/example_dags/example_dag_decorator.py
[2024-11-12T16:51:21.131+0100] {processor.py:914} INFO - Processing file /home/sakana/anaconda3/envs/airflow_env/lib/python3.8/site-packages/airflow/example_dags/example_dag_decorator.py for tasks to queue
[2024-11-12T16:51:21.133+0100] {logging_mixin.py:190} INFO - [2024-11-12T16:51:21.132+0100] {dagbag.py:588} INFO - Filling up the DagBag from /home/sakana/anaconda3/envs/airflow_env/lib/python3.8/site-packages/airflow/example_dags/example_dag_decorator.py
[2024-11-12T16:51:21.149+0100] {processor.py:925} INFO - DAG(s) 'example_dag_decorator' retrieved from /home/sakana/anaconda3/envs/airflow_env/lib/python3.8/site-packages/airflow/example_dags/example_dag_decorator.py
[2024-11-12T16:51:21.267+0100] {logging_mixin.py:190} INFO - [2024-11-12T16:51:21.267+0100] {dag.py:3239} INFO - Sync 1 DAGs
[2024-11-12T16:51:21.278+0100] {logging_mixin.py:190} INFO - [2024-11-12T16:51:21.278+0100] {dag.py:4180} INFO - Setting next_dagrun for example_dag_decorator to None, run_after=None
[2024-11-12T16:51:21.308+0100] {processor.py:208} INFO - Processing /home/sakana/anaconda3/envs/airflow_env/lib/python3.8/site-packages/airflow/example_dags/example_dag_decorator.py took 0.189 seconds
[2024-11-12T16:52:16.981+0100] {processor.py:186} INFO - Started process (PID=8206) to work on /home/sakana/anaconda3/envs/airflow_env/lib/python3.8/site-packages/airflow/example_dags/example_dag_decorator.py
[2024-11-12T16:52:16.986+0100] {processor.py:914} INFO - Processing file /home/sakana/anaconda3/envs/airflow_env/lib/python3.8/site-packages/airflow/example_dags/example_dag_decorator.py for tasks to queue
[2024-11-12T16:52:16.988+0100] {logging_mixin.py:190} INFO - [2024-11-12T16:52:16.988+0100] {dagbag.py:588} INFO - Filling up the DagBag from /home/sakana/anaconda3/envs/airflow_env/lib/python3.8/site-packages/airflow/example_dags/example_dag_decorator.py
[2024-11-12T16:52:16.999+0100] {processor.py:925} INFO - DAG(s) 'example_dag_decorator' retrieved from /home/sakana/anaconda3/envs/airflow_env/lib/python3.8/site-packages/airflow/example_dags/example_dag_decorator.py
[2024-11-12T16:52:17.098+0100] {logging_mixin.py:190} INFO - [2024-11-12T16:52:17.098+0100] {dag.py:3239} INFO - Sync 1 DAGs
[2024-11-12T16:52:17.108+0100] {logging_mixin.py:190} INFO - [2024-11-12T16:52:17.108+0100] {dag.py:4180} INFO - Setting next_dagrun for example_dag_decorator to None, run_after=None
[2024-11-12T16:52:17.141+0100] {processor.py:208} INFO - Processing /home/sakana/anaconda3/envs/airflow_env/lib/python3.8/site-packages/airflow/example_dags/example_dag_decorator.py took 0.165 seconds
[2024-11-12T16:53:13.779+0100] {processor.py:186} INFO - Started process (PID=8295) to work on /home/sakana/anaconda3/envs/airflow_env/lib/python3.8/site-packages/airflow/example_dags/example_dag_decorator.py
[2024-11-12T16:53:13.784+0100] {processor.py:914} INFO - Processing file /home/sakana/anaconda3/envs/airflow_env/lib/python3.8/site-packages/airflow/example_dags/example_dag_decorator.py for tasks to queue
[2024-11-12T16:53:13.786+0100] {logging_mixin.py:190} INFO - [2024-11-12T16:53:13.786+0100] {dagbag.py:588} INFO - Filling up the DagBag from /home/sakana/anaconda3/envs/airflow_env/lib/python3.8/site-packages/airflow/example_dags/example_dag_decorator.py
[2024-11-12T16:53:13.805+0100] {processor.py:925} INFO - DAG(s) 'example_dag_decorator' retrieved from /home/sakana/anaconda3/envs/airflow_env/lib/python3.8/site-packages/airflow/example_dags/example_dag_decorator.py
[2024-11-12T16:53:13.908+0100] {logging_mixin.py:190} INFO - [2024-11-12T16:53:13.907+0100] {dag.py:3239} INFO - Sync 1 DAGs
[2024-11-12T16:53:13.917+0100] {logging_mixin.py:190} INFO - [2024-11-12T16:53:13.917+0100] {dag.py:4180} INFO - Setting next_dagrun for example_dag_decorator to None, run_after=None
[2024-11-12T16:53:13.958+0100] {processor.py:208} INFO - Processing /home/sakana/anaconda3/envs/airflow_env/lib/python3.8/site-packages/airflow/example_dags/example_dag_decorator.py took 0.187 seconds
[2024-11-12T16:54:10.317+0100] {processor.py:186} INFO - Started process (PID=8452) to work on /home/sakana/anaconda3/envs/airflow_env/lib/python3.8/site-packages/airflow/example_dags/example_dag_decorator.py
[2024-11-12T16:54:10.319+0100] {processor.py:914} INFO - Processing file /home/sakana/anaconda3/envs/airflow_env/lib/python3.8/site-packages/airflow/example_dags/example_dag_decorator.py for tasks to queue
[2024-11-12T16:54:10.322+0100] {logging_mixin.py:190} INFO - [2024-11-12T16:54:10.321+0100] {dagbag.py:588} INFO - Filling up the DagBag from /home/sakana/anaconda3/envs/airflow_env/lib/python3.8/site-packages/airflow/example_dags/example_dag_decorator.py
[2024-11-12T16:54:10.342+0100] {processor.py:925} INFO - DAG(s) 'example_dag_decorator' retrieved from /home/sakana/anaconda3/envs/airflow_env/lib/python3.8/site-packages/airflow/example_dags/example_dag_decorator.py
[2024-11-12T16:54:10.540+0100] {logging_mixin.py:190} INFO - [2024-11-12T16:54:10.540+0100] {dag.py:3239} INFO - Sync 1 DAGs
[2024-11-12T16:54:10.557+0100] {logging_mixin.py:190} INFO - [2024-11-12T16:54:10.557+0100] {dag.py:4180} INFO - Setting next_dagrun for example_dag_decorator to None, run_after=None
[2024-11-12T16:54:10.594+0100] {processor.py:208} INFO - Processing /home/sakana/anaconda3/envs/airflow_env/lib/python3.8/site-packages/airflow/example_dags/example_dag_decorator.py took 0.286 seconds
[2024-11-12T16:55:11.616+0100] {processor.py:186} INFO - Started process (PID=8555) to work on /home/sakana/anaconda3/envs/airflow_env/lib/python3.8/site-packages/airflow/example_dags/example_dag_decorator.py
[2024-11-12T16:55:11.621+0100] {processor.py:914} INFO - Processing file /home/sakana/anaconda3/envs/airflow_env/lib/python3.8/site-packages/airflow/example_dags/example_dag_decorator.py for tasks to queue
[2024-11-12T16:55:11.623+0100] {logging_mixin.py:190} INFO - [2024-11-12T16:55:11.623+0100] {dagbag.py:588} INFO - Filling up the DagBag from /home/sakana/anaconda3/envs/airflow_env/lib/python3.8/site-packages/airflow/example_dags/example_dag_decorator.py
[2024-11-12T16:55:11.636+0100] {processor.py:925} INFO - DAG(s) 'example_dag_decorator' retrieved from /home/sakana/anaconda3/envs/airflow_env/lib/python3.8/site-packages/airflow/example_dags/example_dag_decorator.py
[2024-11-12T16:55:11.775+0100] {logging_mixin.py:190} INFO - [2024-11-12T16:55:11.775+0100] {dag.py:3239} INFO - Sync 1 DAGs
[2024-11-12T16:55:11.789+0100] {logging_mixin.py:190} INFO - [2024-11-12T16:55:11.789+0100] {dag.py:4180} INFO - Setting next_dagrun for example_dag_decorator to None, run_after=None
[2024-11-12T16:55:11.844+0100] {processor.py:208} INFO - Processing /home/sakana/anaconda3/envs/airflow_env/lib/python3.8/site-packages/airflow/example_dags/example_dag_decorator.py took 0.234 seconds
[2024-11-12T16:56:10.004+0100] {processor.py:186} INFO - Started process (PID=8622) to work on /home/sakana/anaconda3/envs/airflow_env/lib/python3.8/site-packages/airflow/example_dags/example_dag_decorator.py
[2024-11-12T16:56:10.009+0100] {processor.py:914} INFO - Processing file /home/sakana/anaconda3/envs/airflow_env/lib/python3.8/site-packages/airflow/example_dags/example_dag_decorator.py for tasks to queue
[2024-11-12T16:56:10.011+0100] {logging_mixin.py:190} INFO - [2024-11-12T16:56:10.010+0100] {dagbag.py:588} INFO - Filling up the DagBag from /home/sakana/anaconda3/envs/airflow_env/lib/python3.8/site-packages/airflow/example_dags/example_dag_decorator.py
[2024-11-12T16:56:10.024+0100] {processor.py:925} INFO - DAG(s) 'example_dag_decorator' retrieved from /home/sakana/anaconda3/envs/airflow_env/lib/python3.8/site-packages/airflow/example_dags/example_dag_decorator.py
[2024-11-12T16:56:10.124+0100] {logging_mixin.py:190} INFO - [2024-11-12T16:56:10.124+0100] {dag.py:3239} INFO - Sync 1 DAGs
[2024-11-12T16:56:10.136+0100] {logging_mixin.py:190} INFO - [2024-11-12T16:56:10.136+0100] {dag.py:4180} INFO - Setting next_dagrun for example_dag_decorator to None, run_after=None
[2024-11-12T16:56:10.167+0100] {processor.py:208} INFO - Processing /home/sakana/anaconda3/envs/airflow_env/lib/python3.8/site-packages/airflow/example_dags/example_dag_decorator.py took 0.170 seconds
[2024-11-12T16:57:11.455+0100] {processor.py:186} INFO - Started process (PID=8711) to work on /home/sakana/anaconda3/envs/airflow_env/lib/python3.8/site-packages/airflow/example_dags/example_dag_decorator.py
[2024-11-12T16:57:11.461+0100] {processor.py:914} INFO - Processing file /home/sakana/anaconda3/envs/airflow_env/lib/python3.8/site-packages/airflow/example_dags/example_dag_decorator.py for tasks to queue
[2024-11-12T16:57:11.464+0100] {logging_mixin.py:190} INFO - [2024-11-12T16:57:11.464+0100] {dagbag.py:588} INFO - Filling up the DagBag from /home/sakana/anaconda3/envs/airflow_env/lib/python3.8/site-packages/airflow/example_dags/example_dag_decorator.py
[2024-11-12T16:57:11.483+0100] {processor.py:925} INFO - DAG(s) 'example_dag_decorator' retrieved from /home/sakana/anaconda3/envs/airflow_env/lib/python3.8/site-packages/airflow/example_dags/example_dag_decorator.py
[2024-11-12T16:57:11.592+0100] {logging_mixin.py:190} INFO - [2024-11-12T16:57:11.592+0100] {dag.py:3239} INFO - Sync 1 DAGs
[2024-11-12T16:57:11.603+0100] {logging_mixin.py:190} INFO - [2024-11-12T16:57:11.603+0100] {dag.py:4180} INFO - Setting next_dagrun for example_dag_decorator to None, run_after=None
[2024-11-12T16:57:11.636+0100] {processor.py:208} INFO - Processing /home/sakana/anaconda3/envs/airflow_env/lib/python3.8/site-packages/airflow/example_dags/example_dag_decorator.py took 0.191 seconds
[2024-11-12T16:58:14.639+0100] {processor.py:186} INFO - Started process (PID=8813) to work on /home/sakana/anaconda3/envs/airflow_env/lib/python3.8/site-packages/airflow/example_dags/example_dag_decorator.py
[2024-11-12T16:58:14.644+0100] {processor.py:914} INFO - Processing file /home/sakana/anaconda3/envs/airflow_env/lib/python3.8/site-packages/airflow/example_dags/example_dag_decorator.py for tasks to queue
[2024-11-12T16:58:14.646+0100] {logging_mixin.py:190} INFO - [2024-11-12T16:58:14.646+0100] {dagbag.py:588} INFO - Filling up the DagBag from /home/sakana/anaconda3/envs/airflow_env/lib/python3.8/site-packages/airflow/example_dags/example_dag_decorator.py
[2024-11-12T16:58:14.659+0100] {processor.py:925} INFO - DAG(s) 'example_dag_decorator' retrieved from /home/sakana/anaconda3/envs/airflow_env/lib/python3.8/site-packages/airflow/example_dags/example_dag_decorator.py
[2024-11-12T16:58:14.756+0100] {logging_mixin.py:190} INFO - [2024-11-12T16:58:14.756+0100] {dag.py:3239} INFO - Sync 1 DAGs
[2024-11-12T16:58:14.772+0100] {logging_mixin.py:190} INFO - [2024-11-12T16:58:14.772+0100] {dag.py:4180} INFO - Setting next_dagrun for example_dag_decorator to None, run_after=None
[2024-11-12T16:58:14.809+0100] {processor.py:208} INFO - Processing /home/sakana/anaconda3/envs/airflow_env/lib/python3.8/site-packages/airflow/example_dags/example_dag_decorator.py took 0.176 seconds
[2024-11-12T16:59:13.732+0100] {processor.py:186} INFO - Started process (PID=8892) to work on /home/sakana/anaconda3/envs/airflow_env/lib/python3.8/site-packages/airflow/example_dags/example_dag_decorator.py
[2024-11-12T16:59:13.737+0100] {processor.py:914} INFO - Processing file /home/sakana/anaconda3/envs/airflow_env/lib/python3.8/site-packages/airflow/example_dags/example_dag_decorator.py for tasks to queue
[2024-11-12T16:59:13.740+0100] {logging_mixin.py:190} INFO - [2024-11-12T16:59:13.739+0100] {dagbag.py:588} INFO - Filling up the DagBag from /home/sakana/anaconda3/envs/airflow_env/lib/python3.8/site-packages/airflow/example_dags/example_dag_decorator.py
[2024-11-12T16:59:13.754+0100] {processor.py:925} INFO - DAG(s) 'example_dag_decorator' retrieved from /home/sakana/anaconda3/envs/airflow_env/lib/python3.8/site-packages/airflow/example_dags/example_dag_decorator.py
[2024-11-12T16:59:13.860+0100] {logging_mixin.py:190} INFO - [2024-11-12T16:59:13.859+0100] {dag.py:3239} INFO - Sync 1 DAGs
[2024-11-12T16:59:13.875+0100] {logging_mixin.py:190} INFO - [2024-11-12T16:59:13.875+0100] {dag.py:4180} INFO - Setting next_dagrun for example_dag_decorator to None, run_after=None
[2024-11-12T16:59:13.910+0100] {processor.py:208} INFO - Processing /home/sakana/anaconda3/envs/airflow_env/lib/python3.8/site-packages/airflow/example_dags/example_dag_decorator.py took 0.185 seconds
[2024-11-12T17:00:13.213+0100] {processor.py:186} INFO - Started process (PID=8964) to work on /home/sakana/anaconda3/envs/airflow_env/lib/python3.8/site-packages/airflow/example_dags/example_dag_decorator.py
[2024-11-12T17:00:13.219+0100] {processor.py:914} INFO - Processing file /home/sakana/anaconda3/envs/airflow_env/lib/python3.8/site-packages/airflow/example_dags/example_dag_decorator.py for tasks to queue
[2024-11-12T17:00:13.221+0100] {logging_mixin.py:190} INFO - [2024-11-12T17:00:13.220+0100] {dagbag.py:588} INFO - Filling up the DagBag from /home/sakana/anaconda3/envs/airflow_env/lib/python3.8/site-packages/airflow/example_dags/example_dag_decorator.py
[2024-11-12T17:00:13.234+0100] {processor.py:925} INFO - DAG(s) 'example_dag_decorator' retrieved from /home/sakana/anaconda3/envs/airflow_env/lib/python3.8/site-packages/airflow/example_dags/example_dag_decorator.py
[2024-11-12T17:00:13.333+0100] {logging_mixin.py:190} INFO - [2024-11-12T17:00:13.333+0100] {dag.py:3239} INFO - Sync 1 DAGs
[2024-11-12T17:00:13.345+0100] {logging_mixin.py:190} INFO - [2024-11-12T17:00:13.345+0100] {dag.py:4180} INFO - Setting next_dagrun for example_dag_decorator to None, run_after=None
[2024-11-12T17:00:13.379+0100] {processor.py:208} INFO - Processing /home/sakana/anaconda3/envs/airflow_env/lib/python3.8/site-packages/airflow/example_dags/example_dag_decorator.py took 0.174 seconds
[2024-11-12T17:01:16.632+0100] {processor.py:186} INFO - Started process (PID=9043) to work on /home/sakana/anaconda3/envs/airflow_env/lib/python3.8/site-packages/airflow/example_dags/example_dag_decorator.py
[2024-11-12T17:01:16.637+0100] {processor.py:914} INFO - Processing file /home/sakana/anaconda3/envs/airflow_env/lib/python3.8/site-packages/airflow/example_dags/example_dag_decorator.py for tasks to queue
[2024-11-12T17:01:16.640+0100] {logging_mixin.py:190} INFO - [2024-11-12T17:01:16.639+0100] {dagbag.py:588} INFO - Filling up the DagBag from /home/sakana/anaconda3/envs/airflow_env/lib/python3.8/site-packages/airflow/example_dags/example_dag_decorator.py
[2024-11-12T17:01:16.652+0100] {processor.py:925} INFO - DAG(s) 'example_dag_decorator' retrieved from /home/sakana/anaconda3/envs/airflow_env/lib/python3.8/site-packages/airflow/example_dags/example_dag_decorator.py
[2024-11-12T17:01:16.750+0100] {logging_mixin.py:190} INFO - [2024-11-12T17:01:16.749+0100] {dag.py:3239} INFO - Sync 1 DAGs
[2024-11-12T17:01:16.760+0100] {logging_mixin.py:190} INFO - [2024-11-12T17:01:16.760+0100] {dag.py:4180} INFO - Setting next_dagrun for example_dag_decorator to None, run_after=None
[2024-11-12T17:01:16.786+0100] {processor.py:208} INFO - Processing /home/sakana/anaconda3/envs/airflow_env/lib/python3.8/site-packages/airflow/example_dags/example_dag_decorator.py took 0.166 seconds
[2024-11-12T17:19:26.621+0100] {processor.py:186} INFO - Started process (PID=9488) to work on /home/sakana/anaconda3/envs/airflow_env/lib/python3.8/site-packages/airflow/example_dags/example_dag_decorator.py
[2024-11-12T17:19:26.622+0100] {processor.py:914} INFO - Processing file /home/sakana/anaconda3/envs/airflow_env/lib/python3.8/site-packages/airflow/example_dags/example_dag_decorator.py for tasks to queue
[2024-11-12T17:19:26.625+0100] {logging_mixin.py:190} INFO - [2024-11-12T17:19:26.624+0100] {dagbag.py:588} INFO - Filling up the DagBag from /home/sakana/anaconda3/envs/airflow_env/lib/python3.8/site-packages/airflow/example_dags/example_dag_decorator.py
[2024-11-12T17:19:26.641+0100] {processor.py:925} INFO - DAG(s) 'example_dag_decorator' retrieved from /home/sakana/anaconda3/envs/airflow_env/lib/python3.8/site-packages/airflow/example_dags/example_dag_decorator.py
[2024-11-12T17:19:26.734+0100] {logging_mixin.py:190} INFO - [2024-11-12T17:19:26.734+0100] {dag.py:3239} INFO - Sync 1 DAGs
[2024-11-12T17:19:26.747+0100] {logging_mixin.py:190} INFO - [2024-11-12T17:19:26.747+0100] {dag.py:4180} INFO - Setting next_dagrun for example_dag_decorator to None, run_after=None
[2024-11-12T17:19:26.801+0100] {processor.py:208} INFO - Processing /home/sakana/anaconda3/envs/airflow_env/lib/python3.8/site-packages/airflow/example_dags/example_dag_decorator.py took 0.187 seconds
[2024-11-12T17:20:32.650+0100] {processor.py:186} INFO - Started process (PID=9689) to work on /home/sakana/anaconda3/envs/airflow_env/lib/python3.8/site-packages/airflow/example_dags/example_dag_decorator.py
[2024-11-12T17:20:32.657+0100] {processor.py:914} INFO - Processing file /home/sakana/anaconda3/envs/airflow_env/lib/python3.8/site-packages/airflow/example_dags/example_dag_decorator.py for tasks to queue
[2024-11-12T17:20:32.662+0100] {logging_mixin.py:190} INFO - [2024-11-12T17:20:32.661+0100] {dagbag.py:588} INFO - Filling up the DagBag from /home/sakana/anaconda3/envs/airflow_env/lib/python3.8/site-packages/airflow/example_dags/example_dag_decorator.py
[2024-11-12T17:20:32.695+0100] {processor.py:925} INFO - DAG(s) 'example_dag_decorator' retrieved from /home/sakana/anaconda3/envs/airflow_env/lib/python3.8/site-packages/airflow/example_dags/example_dag_decorator.py
[2024-11-12T17:20:32.852+0100] {logging_mixin.py:190} INFO - [2024-11-12T17:20:32.851+0100] {dag.py:3239} INFO - Sync 1 DAGs
[2024-11-12T17:20:32.864+0100] {logging_mixin.py:190} INFO - [2024-11-12T17:20:32.864+0100] {dag.py:4180} INFO - Setting next_dagrun for example_dag_decorator to None, run_after=None
[2024-11-12T17:20:32.917+0100] {processor.py:208} INFO - Processing /home/sakana/anaconda3/envs/airflow_env/lib/python3.8/site-packages/airflow/example_dags/example_dag_decorator.py took 0.284 seconds
[2024-11-12T17:21:41.483+0100] {processor.py:186} INFO - Started process (PID=9783) to work on /home/sakana/anaconda3/envs/airflow_env/lib/python3.8/site-packages/airflow/example_dags/example_dag_decorator.py
[2024-11-12T17:21:41.489+0100] {processor.py:914} INFO - Processing file /home/sakana/anaconda3/envs/airflow_env/lib/python3.8/site-packages/airflow/example_dags/example_dag_decorator.py for tasks to queue
[2024-11-12T17:21:41.494+0100] {logging_mixin.py:190} INFO - [2024-11-12T17:21:41.493+0100] {dagbag.py:588} INFO - Filling up the DagBag from /home/sakana/anaconda3/envs/airflow_env/lib/python3.8/site-packages/airflow/example_dags/example_dag_decorator.py
[2024-11-12T17:21:41.528+0100] {processor.py:925} INFO - DAG(s) 'example_dag_decorator' retrieved from /home/sakana/anaconda3/envs/airflow_env/lib/python3.8/site-packages/airflow/example_dags/example_dag_decorator.py
[2024-11-12T17:21:41.696+0100] {logging_mixin.py:190} INFO - [2024-11-12T17:21:41.696+0100] {dag.py:3239} INFO - Sync 1 DAGs
[2024-11-12T17:21:41.718+0100] {logging_mixin.py:190} INFO - [2024-11-12T17:21:41.718+0100] {dag.py:4180} INFO - Setting next_dagrun for example_dag_decorator to None, run_after=None
[2024-11-12T17:21:41.782+0100] {processor.py:208} INFO - Processing /home/sakana/anaconda3/envs/airflow_env/lib/python3.8/site-packages/airflow/example_dags/example_dag_decorator.py took 0.315 seconds
[2024-11-12T17:22:50.843+0100] {processor.py:186} INFO - Started process (PID=9888) to work on /home/sakana/anaconda3/envs/airflow_env/lib/python3.8/site-packages/airflow/example_dags/example_dag_decorator.py
[2024-11-12T17:22:50.849+0100] {processor.py:914} INFO - Processing file /home/sakana/anaconda3/envs/airflow_env/lib/python3.8/site-packages/airflow/example_dags/example_dag_decorator.py for tasks to queue
[2024-11-12T17:22:50.853+0100] {logging_mixin.py:190} INFO - [2024-11-12T17:22:50.852+0100] {dagbag.py:588} INFO - Filling up the DagBag from /home/sakana/anaconda3/envs/airflow_env/lib/python3.8/site-packages/airflow/example_dags/example_dag_decorator.py
[2024-11-12T17:22:50.878+0100] {processor.py:925} INFO - DAG(s) 'example_dag_decorator' retrieved from /home/sakana/anaconda3/envs/airflow_env/lib/python3.8/site-packages/airflow/example_dags/example_dag_decorator.py
[2024-11-12T17:22:51.015+0100] {logging_mixin.py:190} INFO - [2024-11-12T17:22:51.014+0100] {dag.py:3239} INFO - Sync 1 DAGs
[2024-11-12T17:22:51.030+0100] {logging_mixin.py:190} INFO - [2024-11-12T17:22:51.030+0100] {dag.py:4180} INFO - Setting next_dagrun for example_dag_decorator to None, run_after=None
[2024-11-12T17:22:51.070+0100] {processor.py:208} INFO - Processing /home/sakana/anaconda3/envs/airflow_env/lib/python3.8/site-packages/airflow/example_dags/example_dag_decorator.py took 0.239 seconds
[2024-11-12T17:24:05.557+0100] {processor.py:186} INFO - Started process (PID=10039) to work on /home/sakana/anaconda3/envs/airflow_env/lib/python3.8/site-packages/airflow/example_dags/example_dag_decorator.py
[2024-11-12T17:24:05.562+0100] {processor.py:914} INFO - Processing file /home/sakana/anaconda3/envs/airflow_env/lib/python3.8/site-packages/airflow/example_dags/example_dag_decorator.py for tasks to queue
[2024-11-12T17:24:05.565+0100] {logging_mixin.py:190} INFO - [2024-11-12T17:24:05.564+0100] {dagbag.py:588} INFO - Filling up the DagBag from /home/sakana/anaconda3/envs/airflow_env/lib/python3.8/site-packages/airflow/example_dags/example_dag_decorator.py
[2024-11-12T17:24:05.584+0100] {processor.py:925} INFO - DAG(s) 'example_dag_decorator' retrieved from /home/sakana/anaconda3/envs/airflow_env/lib/python3.8/site-packages/airflow/example_dags/example_dag_decorator.py
[2024-11-12T17:24:05.731+0100] {logging_mixin.py:190} INFO - [2024-11-12T17:24:05.731+0100] {dag.py:3239} INFO - Sync 1 DAGs
[2024-11-12T17:24:05.746+0100] {logging_mixin.py:190} INFO - [2024-11-12T17:24:05.745+0100] {dag.py:4180} INFO - Setting next_dagrun for example_dag_decorator to None, run_after=None
[2024-11-12T17:24:05.787+0100] {processor.py:208} INFO - Processing /home/sakana/anaconda3/envs/airflow_env/lib/python3.8/site-packages/airflow/example_dags/example_dag_decorator.py took 0.238 seconds
[2024-11-12T17:25:20.107+0100] {processor.py:186} INFO - Started process (PID=10222) to work on /home/sakana/anaconda3/envs/airflow_env/lib/python3.8/site-packages/airflow/example_dags/example_dag_decorator.py
[2024-11-12T17:25:20.113+0100] {processor.py:914} INFO - Processing file /home/sakana/anaconda3/envs/airflow_env/lib/python3.8/site-packages/airflow/example_dags/example_dag_decorator.py for tasks to queue
[2024-11-12T17:25:20.116+0100] {logging_mixin.py:190} INFO - [2024-11-12T17:25:20.116+0100] {dagbag.py:588} INFO - Filling up the DagBag from /home/sakana/anaconda3/envs/airflow_env/lib/python3.8/site-packages/airflow/example_dags/example_dag_decorator.py
[2024-11-12T17:25:20.141+0100] {processor.py:925} INFO - DAG(s) 'example_dag_decorator' retrieved from /home/sakana/anaconda3/envs/airflow_env/lib/python3.8/site-packages/airflow/example_dags/example_dag_decorator.py
[2024-11-12T17:25:20.374+0100] {logging_mixin.py:190} INFO - [2024-11-12T17:25:20.373+0100] {dag.py:3239} INFO - Sync 1 DAGs
[2024-11-12T17:25:20.402+0100] {logging_mixin.py:190} INFO - [2024-11-12T17:25:20.402+0100] {dag.py:4180} INFO - Setting next_dagrun for example_dag_decorator to None, run_after=None
[2024-11-12T17:25:20.457+0100] {processor.py:208} INFO - Processing /home/sakana/anaconda3/envs/airflow_env/lib/python3.8/site-packages/airflow/example_dags/example_dag_decorator.py took 0.365 seconds
[2024-11-12T17:26:31.797+0100] {processor.py:186} INFO - Started process (PID=10300) to work on /home/sakana/anaconda3/envs/airflow_env/lib/python3.8/site-packages/airflow/example_dags/example_dag_decorator.py
[2024-11-12T17:26:31.802+0100] {processor.py:914} INFO - Processing file /home/sakana/anaconda3/envs/airflow_env/lib/python3.8/site-packages/airflow/example_dags/example_dag_decorator.py for tasks to queue
[2024-11-12T17:26:31.807+0100] {logging_mixin.py:190} INFO - [2024-11-12T17:26:31.806+0100] {dagbag.py:588} INFO - Filling up the DagBag from /home/sakana/anaconda3/envs/airflow_env/lib/python3.8/site-packages/airflow/example_dags/example_dag_decorator.py
[2024-11-12T17:26:31.829+0100] {processor.py:925} INFO - DAG(s) 'example_dag_decorator' retrieved from /home/sakana/anaconda3/envs/airflow_env/lib/python3.8/site-packages/airflow/example_dags/example_dag_decorator.py
[2024-11-12T17:26:32.022+0100] {logging_mixin.py:190} INFO - [2024-11-12T17:26:32.022+0100] {dag.py:3239} INFO - Sync 1 DAGs
[2024-11-12T17:26:32.041+0100] {logging_mixin.py:190} INFO - [2024-11-12T17:26:32.041+0100] {dag.py:4180} INFO - Setting next_dagrun for example_dag_decorator to None, run_after=None
[2024-11-12T17:26:32.087+0100] {processor.py:208} INFO - Processing /home/sakana/anaconda3/envs/airflow_env/lib/python3.8/site-packages/airflow/example_dags/example_dag_decorator.py took 0.302 seconds
[2024-11-12T17:27:45.189+0100] {processor.py:186} INFO - Started process (PID=10406) to work on /home/sakana/anaconda3/envs/airflow_env/lib/python3.8/site-packages/airflow/example_dags/example_dag_decorator.py
[2024-11-12T17:27:45.195+0100] {processor.py:914} INFO - Processing file /home/sakana/anaconda3/envs/airflow_env/lib/python3.8/site-packages/airflow/example_dags/example_dag_decorator.py for tasks to queue
[2024-11-12T17:27:45.198+0100] {logging_mixin.py:190} INFO - [2024-11-12T17:27:45.198+0100] {dagbag.py:588} INFO - Filling up the DagBag from /home/sakana/anaconda3/envs/airflow_env/lib/python3.8/site-packages/airflow/example_dags/example_dag_decorator.py
[2024-11-12T17:27:45.218+0100] {processor.py:925} INFO - DAG(s) 'example_dag_decorator' retrieved from /home/sakana/anaconda3/envs/airflow_env/lib/python3.8/site-packages/airflow/example_dags/example_dag_decorator.py
[2024-11-12T17:27:45.371+0100] {logging_mixin.py:190} INFO - [2024-11-12T17:27:45.371+0100] {dag.py:3239} INFO - Sync 1 DAGs
[2024-11-12T17:27:45.386+0100] {logging_mixin.py:190} INFO - [2024-11-12T17:27:45.386+0100] {dag.py:4180} INFO - Setting next_dagrun for example_dag_decorator to None, run_after=None
[2024-11-12T17:27:45.454+0100] {processor.py:208} INFO - Processing /home/sakana/anaconda3/envs/airflow_env/lib/python3.8/site-packages/airflow/example_dags/example_dag_decorator.py took 0.284 seconds
[2024-11-12T17:28:56.798+0100] {processor.py:186} INFO - Started process (PID=10541) to work on /home/sakana/anaconda3/envs/airflow_env/lib/python3.8/site-packages/airflow/example_dags/example_dag_decorator.py
[2024-11-12T17:28:56.804+0100] {processor.py:914} INFO - Processing file /home/sakana/anaconda3/envs/airflow_env/lib/python3.8/site-packages/airflow/example_dags/example_dag_decorator.py for tasks to queue
[2024-11-12T17:28:56.812+0100] {logging_mixin.py:190} INFO - [2024-11-12T17:28:56.811+0100] {dagbag.py:588} INFO - Filling up the DagBag from /home/sakana/anaconda3/envs/airflow_env/lib/python3.8/site-packages/airflow/example_dags/example_dag_decorator.py
[2024-11-12T17:28:56.849+0100] {processor.py:925} INFO - DAG(s) 'example_dag_decorator' retrieved from /home/sakana/anaconda3/envs/airflow_env/lib/python3.8/site-packages/airflow/example_dags/example_dag_decorator.py
[2024-11-12T17:28:57.001+0100] {logging_mixin.py:190} INFO - [2024-11-12T17:28:57.000+0100] {dag.py:3239} INFO - Sync 1 DAGs
[2024-11-12T17:28:57.016+0100] {logging_mixin.py:190} INFO - [2024-11-12T17:28:57.015+0100] {dag.py:4180} INFO - Setting next_dagrun for example_dag_decorator to None, run_after=None
[2024-11-12T17:28:57.083+0100] {processor.py:208} INFO - Processing /home/sakana/anaconda3/envs/airflow_env/lib/python3.8/site-packages/airflow/example_dags/example_dag_decorator.py took 0.304 seconds
[2024-11-12T17:30:08.322+0100] {processor.py:186} INFO - Started process (PID=10623) to work on /home/sakana/anaconda3/envs/airflow_env/lib/python3.8/site-packages/airflow/example_dags/example_dag_decorator.py
[2024-11-12T17:30:08.328+0100] {processor.py:914} INFO - Processing file /home/sakana/anaconda3/envs/airflow_env/lib/python3.8/site-packages/airflow/example_dags/example_dag_decorator.py for tasks to queue
[2024-11-12T17:30:08.331+0100] {logging_mixin.py:190} INFO - [2024-11-12T17:30:08.330+0100] {dagbag.py:588} INFO - Filling up the DagBag from /home/sakana/anaconda3/envs/airflow_env/lib/python3.8/site-packages/airflow/example_dags/example_dag_decorator.py
[2024-11-12T17:30:08.357+0100] {processor.py:925} INFO - DAG(s) 'example_dag_decorator' retrieved from /home/sakana/anaconda3/envs/airflow_env/lib/python3.8/site-packages/airflow/example_dags/example_dag_decorator.py
[2024-11-12T17:30:08.508+0100] {logging_mixin.py:190} INFO - [2024-11-12T17:30:08.508+0100] {dag.py:3239} INFO - Sync 1 DAGs
[2024-11-12T17:30:08.521+0100] {logging_mixin.py:190} INFO - [2024-11-12T17:30:08.521+0100] {dag.py:4180} INFO - Setting next_dagrun for example_dag_decorator to None, run_after=None
[2024-11-12T17:30:08.588+0100] {processor.py:208} INFO - Processing /home/sakana/anaconda3/envs/airflow_env/lib/python3.8/site-packages/airflow/example_dags/example_dag_decorator.py took 0.283 seconds
[2024-11-12T17:31:21.537+0100] {processor.py:186} INFO - Started process (PID=10710) to work on /home/sakana/anaconda3/envs/airflow_env/lib/python3.8/site-packages/airflow/example_dags/example_dag_decorator.py
[2024-11-12T17:31:21.543+0100] {processor.py:914} INFO - Processing file /home/sakana/anaconda3/envs/airflow_env/lib/python3.8/site-packages/airflow/example_dags/example_dag_decorator.py for tasks to queue
[2024-11-12T17:31:21.548+0100] {logging_mixin.py:190} INFO - [2024-11-12T17:31:21.547+0100] {dagbag.py:588} INFO - Filling up the DagBag from /home/sakana/anaconda3/envs/airflow_env/lib/python3.8/site-packages/airflow/example_dags/example_dag_decorator.py
[2024-11-12T17:31:21.575+0100] {processor.py:925} INFO - DAG(s) 'example_dag_decorator' retrieved from /home/sakana/anaconda3/envs/airflow_env/lib/python3.8/site-packages/airflow/example_dags/example_dag_decorator.py
[2024-11-12T17:31:21.731+0100] {logging_mixin.py:190} INFO - [2024-11-12T17:31:21.730+0100] {dag.py:3239} INFO - Sync 1 DAGs
[2024-11-12T17:31:21.749+0100] {logging_mixin.py:190} INFO - [2024-11-12T17:31:21.749+0100] {dag.py:4180} INFO - Setting next_dagrun for example_dag_decorator to None, run_after=None
[2024-11-12T17:31:21.790+0100] {processor.py:208} INFO - Processing /home/sakana/anaconda3/envs/airflow_env/lib/python3.8/site-packages/airflow/example_dags/example_dag_decorator.py took 0.270 seconds
[2024-11-12T17:32:34.231+0100] {processor.py:186} INFO - Started process (PID=10855) to work on /home/sakana/anaconda3/envs/airflow_env/lib/python3.8/site-packages/airflow/example_dags/example_dag_decorator.py
[2024-11-12T17:32:34.236+0100] {processor.py:914} INFO - Processing file /home/sakana/anaconda3/envs/airflow_env/lib/python3.8/site-packages/airflow/example_dags/example_dag_decorator.py for tasks to queue
[2024-11-12T17:32:34.238+0100] {logging_mixin.py:190} INFO - [2024-11-12T17:32:34.238+0100] {dagbag.py:588} INFO - Filling up the DagBag from /home/sakana/anaconda3/envs/airflow_env/lib/python3.8/site-packages/airflow/example_dags/example_dag_decorator.py
[2024-11-12T17:32:34.251+0100] {processor.py:925} INFO - DAG(s) 'example_dag_decorator' retrieved from /home/sakana/anaconda3/envs/airflow_env/lib/python3.8/site-packages/airflow/example_dags/example_dag_decorator.py
[2024-11-12T17:32:34.344+0100] {logging_mixin.py:190} INFO - [2024-11-12T17:32:34.344+0100] {dag.py:3239} INFO - Sync 1 DAGs
[2024-11-12T17:32:34.356+0100] {logging_mixin.py:190} INFO - [2024-11-12T17:32:34.356+0100] {dag.py:4180} INFO - Setting next_dagrun for example_dag_decorator to None, run_after=None
[2024-11-12T17:32:34.394+0100] {processor.py:208} INFO - Processing /home/sakana/anaconda3/envs/airflow_env/lib/python3.8/site-packages/airflow/example_dags/example_dag_decorator.py took 0.169 seconds
[2024-11-12T17:33:39.762+0100] {processor.py:186} INFO - Started process (PID=11063) to work on /home/sakana/anaconda3/envs/airflow_env/lib/python3.8/site-packages/airflow/example_dags/example_dag_decorator.py
[2024-11-12T17:33:39.767+0100] {processor.py:914} INFO - Processing file /home/sakana/anaconda3/envs/airflow_env/lib/python3.8/site-packages/airflow/example_dags/example_dag_decorator.py for tasks to queue
[2024-11-12T17:33:39.775+0100] {logging_mixin.py:190} INFO - [2024-11-12T17:33:39.773+0100] {dagbag.py:588} INFO - Filling up the DagBag from /home/sakana/anaconda3/envs/airflow_env/lib/python3.8/site-packages/airflow/example_dags/example_dag_decorator.py
[2024-11-12T17:33:39.799+0100] {processor.py:925} INFO - DAG(s) 'example_dag_decorator' retrieved from /home/sakana/anaconda3/envs/airflow_env/lib/python3.8/site-packages/airflow/example_dags/example_dag_decorator.py
[2024-11-12T17:33:39.890+0100] {logging_mixin.py:190} INFO - [2024-11-12T17:33:39.890+0100] {dag.py:3239} INFO - Sync 1 DAGs
[2024-11-12T17:33:39.899+0100] {logging_mixin.py:190} INFO - [2024-11-12T17:33:39.899+0100] {dag.py:4180} INFO - Setting next_dagrun for example_dag_decorator to None, run_after=None
[2024-11-12T17:33:39.928+0100] {processor.py:208} INFO - Processing /home/sakana/anaconda3/envs/airflow_env/lib/python3.8/site-packages/airflow/example_dags/example_dag_decorator.py took 0.173 seconds
[2024-11-12T17:34:39.853+0100] {processor.py:186} INFO - Started process (PID=11140) to work on /home/sakana/anaconda3/envs/airflow_env/lib/python3.8/site-packages/airflow/example_dags/example_dag_decorator.py
[2024-11-12T17:34:39.858+0100] {processor.py:914} INFO - Processing file /home/sakana/anaconda3/envs/airflow_env/lib/python3.8/site-packages/airflow/example_dags/example_dag_decorator.py for tasks to queue
[2024-11-12T17:34:39.861+0100] {logging_mixin.py:190} INFO - [2024-11-12T17:34:39.860+0100] {dagbag.py:588} INFO - Filling up the DagBag from /home/sakana/anaconda3/envs/airflow_env/lib/python3.8/site-packages/airflow/example_dags/example_dag_decorator.py
[2024-11-12T17:34:39.877+0100] {processor.py:925} INFO - DAG(s) 'example_dag_decorator' retrieved from /home/sakana/anaconda3/envs/airflow_env/lib/python3.8/site-packages/airflow/example_dags/example_dag_decorator.py
[2024-11-12T17:34:39.966+0100] {logging_mixin.py:190} INFO - [2024-11-12T17:34:39.966+0100] {dag.py:3239} INFO - Sync 1 DAGs
[2024-11-12T17:34:39.975+0100] {logging_mixin.py:190} INFO - [2024-11-12T17:34:39.975+0100] {dag.py:4180} INFO - Setting next_dagrun for example_dag_decorator to None, run_after=None
[2024-11-12T17:34:40.014+0100] {processor.py:208} INFO - Processing /home/sakana/anaconda3/envs/airflow_env/lib/python3.8/site-packages/airflow/example_dags/example_dag_decorator.py took 0.169 seconds
[2024-11-12T17:35:40.023+0100] {processor.py:186} INFO - Started process (PID=11225) to work on /home/sakana/anaconda3/envs/airflow_env/lib/python3.8/site-packages/airflow/example_dags/example_dag_decorator.py
[2024-11-12T17:35:40.028+0100] {processor.py:914} INFO - Processing file /home/sakana/anaconda3/envs/airflow_env/lib/python3.8/site-packages/airflow/example_dags/example_dag_decorator.py for tasks to queue
[2024-11-12T17:35:40.030+0100] {logging_mixin.py:190} INFO - [2024-11-12T17:35:40.030+0100] {dagbag.py:588} INFO - Filling up the DagBag from /home/sakana/anaconda3/envs/airflow_env/lib/python3.8/site-packages/airflow/example_dags/example_dag_decorator.py
[2024-11-12T17:35:40.044+0100] {processor.py:925} INFO - DAG(s) 'example_dag_decorator' retrieved from /home/sakana/anaconda3/envs/airflow_env/lib/python3.8/site-packages/airflow/example_dags/example_dag_decorator.py
[2024-11-12T17:35:40.137+0100] {logging_mixin.py:190} INFO - [2024-11-12T17:35:40.136+0100] {dag.py:3239} INFO - Sync 1 DAGs
[2024-11-12T17:35:40.146+0100] {logging_mixin.py:190} INFO - [2024-11-12T17:35:40.146+0100] {dag.py:4180} INFO - Setting next_dagrun for example_dag_decorator to None, run_after=None
[2024-11-12T17:35:40.193+0100] {processor.py:208} INFO - Processing /home/sakana/anaconda3/envs/airflow_env/lib/python3.8/site-packages/airflow/example_dags/example_dag_decorator.py took 0.177 seconds
[2024-11-12T17:36:37.806+0100] {processor.py:186} INFO - Started process (PID=11294) to work on /home/sakana/anaconda3/envs/airflow_env/lib/python3.8/site-packages/airflow/example_dags/example_dag_decorator.py
[2024-11-12T17:36:37.812+0100] {processor.py:914} INFO - Processing file /home/sakana/anaconda3/envs/airflow_env/lib/python3.8/site-packages/airflow/example_dags/example_dag_decorator.py for tasks to queue
[2024-11-12T17:36:37.818+0100] {logging_mixin.py:190} INFO - [2024-11-12T17:36:37.817+0100] {dagbag.py:588} INFO - Filling up the DagBag from /home/sakana/anaconda3/envs/airflow_env/lib/python3.8/site-packages/airflow/example_dags/example_dag_decorator.py
[2024-11-12T17:36:37.845+0100] {processor.py:925} INFO - DAG(s) 'example_dag_decorator' retrieved from /home/sakana/anaconda3/envs/airflow_env/lib/python3.8/site-packages/airflow/example_dags/example_dag_decorator.py
[2024-11-12T17:36:37.939+0100] {logging_mixin.py:190} INFO - [2024-11-12T17:36:37.939+0100] {dag.py:3239} INFO - Sync 1 DAGs
[2024-11-12T17:36:37.949+0100] {logging_mixin.py:190} INFO - [2024-11-12T17:36:37.949+0100] {dag.py:4180} INFO - Setting next_dagrun for example_dag_decorator to None, run_after=None
[2024-11-12T17:36:37.992+0100] {processor.py:208} INFO - Processing /home/sakana/anaconda3/envs/airflow_env/lib/python3.8/site-packages/airflow/example_dags/example_dag_decorator.py took 0.194 seconds
