[2024-11-12T01:01:55.378+0100] {processor.py:186} INFO - Started process (PID=31543) to work on /home/sakana/anaconda3/envs/airflow_env/lib/python3.8/site-packages/airflow/example_dags/example_latest_only.py
[2024-11-12T01:01:55.379+0100] {processor.py:914} INFO - Processing file /home/sakana/anaconda3/envs/airflow_env/lib/python3.8/site-packages/airflow/example_dags/example_latest_only.py for tasks to queue
[2024-11-12T01:01:55.381+0100] {logging_mixin.py:190} INFO - [2024-11-12T01:01:55.381+0100] {dagbag.py:588} INFO - Filling up the DagBag from /home/sakana/anaconda3/envs/airflow_env/lib/python3.8/site-packages/airflow/example_dags/example_latest_only.py
[2024-11-12T01:01:55.388+0100] {processor.py:925} INFO - DAG(s) 'latest_only' retrieved from /home/sakana/anaconda3/envs/airflow_env/lib/python3.8/site-packages/airflow/example_dags/example_latest_only.py
[2024-11-12T01:01:55.406+0100] {logging_mixin.py:190} INFO - [2024-11-12T01:01:55.406+0100] {dag.py:3239} INFO - Sync 1 DAGs
[2024-11-12T01:01:55.425+0100] {logging_mixin.py:190} INFO - [2024-11-12T01:01:55.425+0100] {dag.py:4180} INFO - Setting next_dagrun for latest_only to 2024-11-11 20:00:00+00:00, run_after=2024-11-12 00:00:00+00:00
[2024-11-12T01:01:55.488+0100] {processor.py:208} INFO - Processing /home/sakana/anaconda3/envs/airflow_env/lib/python3.8/site-packages/airflow/example_dags/example_latest_only.py took 0.116 seconds
[2024-11-12T01:02:59.811+0100] {processor.py:186} INFO - Started process (PID=32020) to work on /home/sakana/anaconda3/envs/airflow_env/lib/python3.8/site-packages/airflow/example_dags/example_latest_only.py
[2024-11-12T01:02:59.821+0100] {processor.py:914} INFO - Processing file /home/sakana/anaconda3/envs/airflow_env/lib/python3.8/site-packages/airflow/example_dags/example_latest_only.py for tasks to queue
[2024-11-12T01:02:59.823+0100] {logging_mixin.py:190} INFO - [2024-11-12T01:02:59.823+0100] {dagbag.py:588} INFO - Filling up the DagBag from /home/sakana/anaconda3/envs/airflow_env/lib/python3.8/site-packages/airflow/example_dags/example_latest_only.py
[2024-11-12T01:02:59.833+0100] {processor.py:925} INFO - DAG(s) 'latest_only' retrieved from /home/sakana/anaconda3/envs/airflow_env/lib/python3.8/site-packages/airflow/example_dags/example_latest_only.py
[2024-11-12T01:02:59.851+0100] {logging_mixin.py:190} INFO - [2024-11-12T01:02:59.851+0100] {dag.py:3239} INFO - Sync 1 DAGs
[2024-11-12T01:02:59.874+0100] {logging_mixin.py:190} INFO - [2024-11-12T01:02:59.874+0100] {dag.py:4180} INFO - Setting next_dagrun for latest_only to 2024-11-11 20:00:00+00:00, run_after=2024-11-12 00:00:00+00:00
[2024-11-12T01:02:59.915+0100] {processor.py:208} INFO - Processing /home/sakana/anaconda3/envs/airflow_env/lib/python3.8/site-packages/airflow/example_dags/example_latest_only.py took 0.112 seconds
[2024-11-12T01:04:02.511+0100] {processor.py:186} INFO - Started process (PID=32440) to work on /home/sakana/anaconda3/envs/airflow_env/lib/python3.8/site-packages/airflow/example_dags/example_latest_only.py
[2024-11-12T01:04:02.516+0100] {processor.py:914} INFO - Processing file /home/sakana/anaconda3/envs/airflow_env/lib/python3.8/site-packages/airflow/example_dags/example_latest_only.py for tasks to queue
[2024-11-12T01:04:02.518+0100] {logging_mixin.py:190} INFO - [2024-11-12T01:04:02.518+0100] {dagbag.py:588} INFO - Filling up the DagBag from /home/sakana/anaconda3/envs/airflow_env/lib/python3.8/site-packages/airflow/example_dags/example_latest_only.py
[2024-11-12T01:04:02.527+0100] {processor.py:925} INFO - DAG(s) 'latest_only' retrieved from /home/sakana/anaconda3/envs/airflow_env/lib/python3.8/site-packages/airflow/example_dags/example_latest_only.py
[2024-11-12T01:04:02.543+0100] {logging_mixin.py:190} INFO - [2024-11-12T01:04:02.543+0100] {dag.py:3239} INFO - Sync 1 DAGs
[2024-11-12T01:04:02.562+0100] {logging_mixin.py:190} INFO - [2024-11-12T01:04:02.562+0100] {dag.py:4180} INFO - Setting next_dagrun for latest_only to 2024-11-11 20:00:00+00:00, run_after=2024-11-12 00:00:00+00:00
[2024-11-12T01:04:02.595+0100] {processor.py:208} INFO - Processing /home/sakana/anaconda3/envs/airflow_env/lib/python3.8/site-packages/airflow/example_dags/example_latest_only.py took 0.090 seconds
[2024-11-12T01:10:41.195+0100] {processor.py:186} INFO - Started process (PID=4178) to work on /home/sakana/anaconda3/envs/airflow_env/lib/python3.8/site-packages/airflow/example_dags/example_latest_only.py
[2024-11-12T01:10:41.201+0100] {processor.py:914} INFO - Processing file /home/sakana/anaconda3/envs/airflow_env/lib/python3.8/site-packages/airflow/example_dags/example_latest_only.py for tasks to queue
[2024-11-12T01:10:41.207+0100] {logging_mixin.py:190} INFO - [2024-11-12T01:10:41.206+0100] {dagbag.py:588} INFO - Filling up the DagBag from /home/sakana/anaconda3/envs/airflow_env/lib/python3.8/site-packages/airflow/example_dags/example_latest_only.py
[2024-11-12T01:10:41.219+0100] {processor.py:925} INFO - DAG(s) 'latest_only' retrieved from /home/sakana/anaconda3/envs/airflow_env/lib/python3.8/site-packages/airflow/example_dags/example_latest_only.py
[2024-11-12T01:10:41.235+0100] {logging_mixin.py:190} INFO - [2024-11-12T01:10:41.235+0100] {dag.py:3239} INFO - Sync 1 DAGs
[2024-11-12T01:10:41.252+0100] {logging_mixin.py:190} INFO - [2024-11-12T01:10:41.252+0100] {dag.py:4180} INFO - Setting next_dagrun for latest_only to 2024-11-11 20:00:00+00:00, run_after=2024-11-12 00:00:00+00:00
[2024-11-12T01:10:41.281+0100] {processor.py:208} INFO - Processing /home/sakana/anaconda3/envs/airflow_env/lib/python3.8/site-packages/airflow/example_dags/example_latest_only.py took 0.100 seconds
[2024-11-12T01:11:43.266+0100] {processor.py:186} INFO - Started process (PID=4239) to work on /home/sakana/anaconda3/envs/airflow_env/lib/python3.8/site-packages/airflow/example_dags/example_latest_only.py
[2024-11-12T01:11:43.271+0100] {processor.py:914} INFO - Processing file /home/sakana/anaconda3/envs/airflow_env/lib/python3.8/site-packages/airflow/example_dags/example_latest_only.py for tasks to queue
[2024-11-12T01:11:43.273+0100] {logging_mixin.py:190} INFO - [2024-11-12T01:11:43.273+0100] {dagbag.py:588} INFO - Filling up the DagBag from /home/sakana/anaconda3/envs/airflow_env/lib/python3.8/site-packages/airflow/example_dags/example_latest_only.py
[2024-11-12T01:11:43.280+0100] {processor.py:925} INFO - DAG(s) 'latest_only' retrieved from /home/sakana/anaconda3/envs/airflow_env/lib/python3.8/site-packages/airflow/example_dags/example_latest_only.py
[2024-11-12T01:11:43.296+0100] {logging_mixin.py:190} INFO - [2024-11-12T01:11:43.295+0100] {dag.py:3239} INFO - Sync 1 DAGs
[2024-11-12T01:11:43.313+0100] {logging_mixin.py:190} INFO - [2024-11-12T01:11:43.313+0100] {dag.py:4180} INFO - Setting next_dagrun for latest_only to 2024-11-11 20:00:00+00:00, run_after=2024-11-12 00:00:00+00:00
[2024-11-12T01:11:43.345+0100] {processor.py:208} INFO - Processing /home/sakana/anaconda3/envs/airflow_env/lib/python3.8/site-packages/airflow/example_dags/example_latest_only.py took 0.085 seconds
[2024-11-12T16:40:33.679+0100] {processor.py:186} INFO - Started process (PID=7026) to work on /home/sakana/anaconda3/envs/airflow_env/lib/python3.8/site-packages/airflow/example_dags/example_latest_only.py
[2024-11-12T16:40:33.698+0100] {processor.py:914} INFO - Processing file /home/sakana/anaconda3/envs/airflow_env/lib/python3.8/site-packages/airflow/example_dags/example_latest_only.py for tasks to queue
[2024-11-12T16:40:33.706+0100] {logging_mixin.py:190} INFO - [2024-11-12T16:40:33.705+0100] {dagbag.py:588} INFO - Filling up the DagBag from /home/sakana/anaconda3/envs/airflow_env/lib/python3.8/site-packages/airflow/example_dags/example_latest_only.py
[2024-11-12T16:40:33.723+0100] {processor.py:925} INFO - DAG(s) 'latest_only' retrieved from /home/sakana/anaconda3/envs/airflow_env/lib/python3.8/site-packages/airflow/example_dags/example_latest_only.py
[2024-11-12T16:40:33.744+0100] {logging_mixin.py:190} INFO - [2024-11-12T16:40:33.743+0100] {dag.py:3239} INFO - Sync 1 DAGs
[2024-11-12T16:40:33.764+0100] {logging_mixin.py:190} INFO - [2024-11-12T16:40:33.764+0100] {dag.py:4180} INFO - Setting next_dagrun for latest_only to 2024-11-12 08:00:00+00:00, run_after=2024-11-12 12:00:00+00:00
[2024-11-12T16:40:33.799+0100] {processor.py:208} INFO - Processing /home/sakana/anaconda3/envs/airflow_env/lib/python3.8/site-packages/airflow/example_dags/example_latest_only.py took 0.129 seconds
[2024-11-12T16:41:42.115+0100] {processor.py:186} INFO - Started process (PID=7136) to work on /home/sakana/anaconda3/envs/airflow_env/lib/python3.8/site-packages/airflow/example_dags/example_latest_only.py
[2024-11-12T16:41:42.117+0100] {processor.py:914} INFO - Processing file /home/sakana/anaconda3/envs/airflow_env/lib/python3.8/site-packages/airflow/example_dags/example_latest_only.py for tasks to queue
[2024-11-12T16:41:42.121+0100] {logging_mixin.py:190} INFO - [2024-11-12T16:41:42.120+0100] {dagbag.py:588} INFO - Filling up the DagBag from /home/sakana/anaconda3/envs/airflow_env/lib/python3.8/site-packages/airflow/example_dags/example_latest_only.py
[2024-11-12T16:41:42.134+0100] {processor.py:925} INFO - DAG(s) 'latest_only' retrieved from /home/sakana/anaconda3/envs/airflow_env/lib/python3.8/site-packages/airflow/example_dags/example_latest_only.py
[2024-11-12T16:41:42.158+0100] {logging_mixin.py:190} INFO - [2024-11-12T16:41:42.157+0100] {dag.py:3239} INFO - Sync 1 DAGs
[2024-11-12T16:41:42.191+0100] {logging_mixin.py:190} INFO - [2024-11-12T16:41:42.190+0100] {dag.py:4180} INFO - Setting next_dagrun for latest_only to 2024-11-12 08:00:00+00:00, run_after=2024-11-12 12:00:00+00:00
[2024-11-12T16:41:42.229+0100] {processor.py:208} INFO - Processing /home/sakana/anaconda3/envs/airflow_env/lib/python3.8/site-packages/airflow/example_dags/example_latest_only.py took 0.130 seconds
[2024-11-12T16:42:40.221+0100] {processor.py:186} INFO - Started process (PID=7278) to work on /home/sakana/anaconda3/envs/airflow_env/lib/python3.8/site-packages/airflow/example_dags/example_latest_only.py
[2024-11-12T16:42:40.227+0100] {processor.py:914} INFO - Processing file /home/sakana/anaconda3/envs/airflow_env/lib/python3.8/site-packages/airflow/example_dags/example_latest_only.py for tasks to queue
[2024-11-12T16:42:40.230+0100] {logging_mixin.py:190} INFO - [2024-11-12T16:42:40.229+0100] {dagbag.py:588} INFO - Filling up the DagBag from /home/sakana/anaconda3/envs/airflow_env/lib/python3.8/site-packages/airflow/example_dags/example_latest_only.py
[2024-11-12T16:42:40.238+0100] {processor.py:925} INFO - DAG(s) 'latest_only' retrieved from /home/sakana/anaconda3/envs/airflow_env/lib/python3.8/site-packages/airflow/example_dags/example_latest_only.py
[2024-11-12T16:42:40.254+0100] {logging_mixin.py:190} INFO - [2024-11-12T16:42:40.254+0100] {dag.py:3239} INFO - Sync 1 DAGs
[2024-11-12T16:42:40.279+0100] {logging_mixin.py:190} INFO - [2024-11-12T16:42:40.279+0100] {dag.py:4180} INFO - Setting next_dagrun for latest_only to 2024-11-12 08:00:00+00:00, run_after=2024-11-12 12:00:00+00:00
[2024-11-12T16:42:40.323+0100] {processor.py:208} INFO - Processing /home/sakana/anaconda3/envs/airflow_env/lib/python3.8/site-packages/airflow/example_dags/example_latest_only.py took 0.113 seconds
[2024-11-12T16:43:39.385+0100] {processor.py:186} INFO - Started process (PID=7389) to work on /home/sakana/anaconda3/envs/airflow_env/lib/python3.8/site-packages/airflow/example_dags/example_latest_only.py
[2024-11-12T16:43:39.390+0100] {processor.py:914} INFO - Processing file /home/sakana/anaconda3/envs/airflow_env/lib/python3.8/site-packages/airflow/example_dags/example_latest_only.py for tasks to queue
[2024-11-12T16:43:39.392+0100] {logging_mixin.py:190} INFO - [2024-11-12T16:43:39.392+0100] {dagbag.py:588} INFO - Filling up the DagBag from /home/sakana/anaconda3/envs/airflow_env/lib/python3.8/site-packages/airflow/example_dags/example_latest_only.py
[2024-11-12T16:43:39.401+0100] {processor.py:925} INFO - DAG(s) 'latest_only' retrieved from /home/sakana/anaconda3/envs/airflow_env/lib/python3.8/site-packages/airflow/example_dags/example_latest_only.py
[2024-11-12T16:43:39.417+0100] {logging_mixin.py:190} INFO - [2024-11-12T16:43:39.417+0100] {dag.py:3239} INFO - Sync 1 DAGs
[2024-11-12T16:43:39.437+0100] {logging_mixin.py:190} INFO - [2024-11-12T16:43:39.436+0100] {dag.py:4180} INFO - Setting next_dagrun for latest_only to 2024-11-12 08:00:00+00:00, run_after=2024-11-12 12:00:00+00:00
[2024-11-12T16:43:39.463+0100] {processor.py:208} INFO - Processing /home/sakana/anaconda3/envs/airflow_env/lib/python3.8/site-packages/airflow/example_dags/example_latest_only.py took 0.084 seconds
[2024-11-12T16:44:35.570+0100] {processor.py:186} INFO - Started process (PID=7465) to work on /home/sakana/anaconda3/envs/airflow_env/lib/python3.8/site-packages/airflow/example_dags/example_latest_only.py
[2024-11-12T16:44:35.575+0100] {processor.py:914} INFO - Processing file /home/sakana/anaconda3/envs/airflow_env/lib/python3.8/site-packages/airflow/example_dags/example_latest_only.py for tasks to queue
[2024-11-12T16:44:35.577+0100] {logging_mixin.py:190} INFO - [2024-11-12T16:44:35.577+0100] {dagbag.py:588} INFO - Filling up the DagBag from /home/sakana/anaconda3/envs/airflow_env/lib/python3.8/site-packages/airflow/example_dags/example_latest_only.py
[2024-11-12T16:44:35.584+0100] {processor.py:925} INFO - DAG(s) 'latest_only' retrieved from /home/sakana/anaconda3/envs/airflow_env/lib/python3.8/site-packages/airflow/example_dags/example_latest_only.py
[2024-11-12T16:44:35.601+0100] {logging_mixin.py:190} INFO - [2024-11-12T16:44:35.600+0100] {dag.py:3239} INFO - Sync 1 DAGs
[2024-11-12T16:44:35.621+0100] {logging_mixin.py:190} INFO - [2024-11-12T16:44:35.621+0100] {dag.py:4180} INFO - Setting next_dagrun for latest_only to 2024-11-12 08:00:00+00:00, run_after=2024-11-12 12:00:00+00:00
[2024-11-12T16:44:35.645+0100] {processor.py:208} INFO - Processing /home/sakana/anaconda3/envs/airflow_env/lib/python3.8/site-packages/airflow/example_dags/example_latest_only.py took 0.082 seconds
[2024-11-12T16:45:30.721+0100] {processor.py:186} INFO - Started process (PID=7537) to work on /home/sakana/anaconda3/envs/airflow_env/lib/python3.8/site-packages/airflow/example_dags/example_latest_only.py
[2024-11-12T16:45:30.726+0100] {processor.py:914} INFO - Processing file /home/sakana/anaconda3/envs/airflow_env/lib/python3.8/site-packages/airflow/example_dags/example_latest_only.py for tasks to queue
[2024-11-12T16:45:30.728+0100] {logging_mixin.py:190} INFO - [2024-11-12T16:45:30.727+0100] {dagbag.py:588} INFO - Filling up the DagBag from /home/sakana/anaconda3/envs/airflow_env/lib/python3.8/site-packages/airflow/example_dags/example_latest_only.py
[2024-11-12T16:45:30.735+0100] {processor.py:925} INFO - DAG(s) 'latest_only' retrieved from /home/sakana/anaconda3/envs/airflow_env/lib/python3.8/site-packages/airflow/example_dags/example_latest_only.py
[2024-11-12T16:45:30.749+0100] {logging_mixin.py:190} INFO - [2024-11-12T16:45:30.749+0100] {dag.py:3239} INFO - Sync 1 DAGs
[2024-11-12T16:45:30.767+0100] {logging_mixin.py:190} INFO - [2024-11-12T16:45:30.767+0100] {dag.py:4180} INFO - Setting next_dagrun for latest_only to 2024-11-12 08:00:00+00:00, run_after=2024-11-12 12:00:00+00:00
[2024-11-12T16:45:30.794+0100] {processor.py:208} INFO - Processing /home/sakana/anaconda3/envs/airflow_env/lib/python3.8/site-packages/airflow/example_dags/example_latest_only.py took 0.081 seconds
[2024-11-12T16:46:35.663+0100] {processor.py:186} INFO - Started process (PID=7664) to work on /home/sakana/anaconda3/envs/airflow_env/lib/python3.8/site-packages/airflow/example_dags/example_latest_only.py
[2024-11-12T16:46:35.668+0100] {processor.py:914} INFO - Processing file /home/sakana/anaconda3/envs/airflow_env/lib/python3.8/site-packages/airflow/example_dags/example_latest_only.py for tasks to queue
[2024-11-12T16:46:35.670+0100] {logging_mixin.py:190} INFO - [2024-11-12T16:46:35.669+0100] {dagbag.py:588} INFO - Filling up the DagBag from /home/sakana/anaconda3/envs/airflow_env/lib/python3.8/site-packages/airflow/example_dags/example_latest_only.py
[2024-11-12T16:46:35.676+0100] {processor.py:925} INFO - DAG(s) 'latest_only' retrieved from /home/sakana/anaconda3/envs/airflow_env/lib/python3.8/site-packages/airflow/example_dags/example_latest_only.py
[2024-11-12T16:46:35.690+0100] {logging_mixin.py:190} INFO - [2024-11-12T16:46:35.690+0100] {dag.py:3239} INFO - Sync 1 DAGs
[2024-11-12T16:46:35.710+0100] {logging_mixin.py:190} INFO - [2024-11-12T16:46:35.710+0100] {dag.py:4180} INFO - Setting next_dagrun for latest_only to 2024-11-12 08:00:00+00:00, run_after=2024-11-12 12:00:00+00:00
[2024-11-12T16:46:35.740+0100] {processor.py:208} INFO - Processing /home/sakana/anaconda3/envs/airflow_env/lib/python3.8/site-packages/airflow/example_dags/example_latest_only.py took 0.083 seconds
[2024-11-12T16:47:40.595+0100] {processor.py:186} INFO - Started process (PID=7739) to work on /home/sakana/anaconda3/envs/airflow_env/lib/python3.8/site-packages/airflow/example_dags/example_latest_only.py
[2024-11-12T16:47:40.600+0100] {processor.py:914} INFO - Processing file /home/sakana/anaconda3/envs/airflow_env/lib/python3.8/site-packages/airflow/example_dags/example_latest_only.py for tasks to queue
[2024-11-12T16:47:40.601+0100] {logging_mixin.py:190} INFO - [2024-11-12T16:47:40.601+0100] {dagbag.py:588} INFO - Filling up the DagBag from /home/sakana/anaconda3/envs/airflow_env/lib/python3.8/site-packages/airflow/example_dags/example_latest_only.py
[2024-11-12T16:47:40.608+0100] {processor.py:925} INFO - DAG(s) 'latest_only' retrieved from /home/sakana/anaconda3/envs/airflow_env/lib/python3.8/site-packages/airflow/example_dags/example_latest_only.py
[2024-11-12T16:47:40.622+0100] {logging_mixin.py:190} INFO - [2024-11-12T16:47:40.621+0100] {dag.py:3239} INFO - Sync 1 DAGs
[2024-11-12T16:47:40.642+0100] {logging_mixin.py:190} INFO - [2024-11-12T16:47:40.641+0100] {dag.py:4180} INFO - Setting next_dagrun for latest_only to 2024-11-12 08:00:00+00:00, run_after=2024-11-12 12:00:00+00:00
[2024-11-12T16:47:40.678+0100] {processor.py:208} INFO - Processing /home/sakana/anaconda3/envs/airflow_env/lib/python3.8/site-packages/airflow/example_dags/example_latest_only.py took 0.089 seconds
[2024-11-12T16:48:37.784+0100] {processor.py:186} INFO - Started process (PID=7896) to work on /home/sakana/anaconda3/envs/airflow_env/lib/python3.8/site-packages/airflow/example_dags/example_latest_only.py
[2024-11-12T16:48:37.789+0100] {processor.py:914} INFO - Processing file /home/sakana/anaconda3/envs/airflow_env/lib/python3.8/site-packages/airflow/example_dags/example_latest_only.py for tasks to queue
[2024-11-12T16:48:37.791+0100] {logging_mixin.py:190} INFO - [2024-11-12T16:48:37.791+0100] {dagbag.py:588} INFO - Filling up the DagBag from /home/sakana/anaconda3/envs/airflow_env/lib/python3.8/site-packages/airflow/example_dags/example_latest_only.py
[2024-11-12T16:48:37.799+0100] {processor.py:925} INFO - DAG(s) 'latest_only' retrieved from /home/sakana/anaconda3/envs/airflow_env/lib/python3.8/site-packages/airflow/example_dags/example_latest_only.py
[2024-11-12T16:48:37.815+0100] {logging_mixin.py:190} INFO - [2024-11-12T16:48:37.815+0100] {dag.py:3239} INFO - Sync 1 DAGs
[2024-11-12T16:48:37.837+0100] {logging_mixin.py:190} INFO - [2024-11-12T16:48:37.837+0100] {dag.py:4180} INFO - Setting next_dagrun for latest_only to 2024-11-12 08:00:00+00:00, run_after=2024-11-12 12:00:00+00:00
[2024-11-12T16:48:37.866+0100] {processor.py:208} INFO - Processing /home/sakana/anaconda3/envs/airflow_env/lib/python3.8/site-packages/airflow/example_dags/example_latest_only.py took 0.089 seconds
[2024-11-12T16:49:35.140+0100] {processor.py:186} INFO - Started process (PID=7989) to work on /home/sakana/anaconda3/envs/airflow_env/lib/python3.8/site-packages/airflow/example_dags/example_latest_only.py
[2024-11-12T16:49:35.145+0100] {processor.py:914} INFO - Processing file /home/sakana/anaconda3/envs/airflow_env/lib/python3.8/site-packages/airflow/example_dags/example_latest_only.py for tasks to queue
[2024-11-12T16:49:35.147+0100] {logging_mixin.py:190} INFO - [2024-11-12T16:49:35.147+0100] {dagbag.py:588} INFO - Filling up the DagBag from /home/sakana/anaconda3/envs/airflow_env/lib/python3.8/site-packages/airflow/example_dags/example_latest_only.py
[2024-11-12T16:49:35.154+0100] {processor.py:925} INFO - DAG(s) 'latest_only' retrieved from /home/sakana/anaconda3/envs/airflow_env/lib/python3.8/site-packages/airflow/example_dags/example_latest_only.py
[2024-11-12T16:49:35.168+0100] {logging_mixin.py:190} INFO - [2024-11-12T16:49:35.168+0100] {dag.py:3239} INFO - Sync 1 DAGs
[2024-11-12T16:49:35.186+0100] {logging_mixin.py:190} INFO - [2024-11-12T16:49:35.186+0100] {dag.py:4180} INFO - Setting next_dagrun for latest_only to 2024-11-12 08:00:00+00:00, run_after=2024-11-12 12:00:00+00:00
[2024-11-12T16:49:35.211+0100] {processor.py:208} INFO - Processing /home/sakana/anaconda3/envs/airflow_env/lib/python3.8/site-packages/airflow/example_dags/example_latest_only.py took 0.078 seconds
[2024-11-12T16:50:32.800+0100] {processor.py:186} INFO - Started process (PID=8056) to work on /home/sakana/anaconda3/envs/airflow_env/lib/python3.8/site-packages/airflow/example_dags/example_latest_only.py
[2024-11-12T16:50:32.806+0100] {processor.py:914} INFO - Processing file /home/sakana/anaconda3/envs/airflow_env/lib/python3.8/site-packages/airflow/example_dags/example_latest_only.py for tasks to queue
[2024-11-12T16:50:32.809+0100] {logging_mixin.py:190} INFO - [2024-11-12T16:50:32.808+0100] {dagbag.py:588} INFO - Filling up the DagBag from /home/sakana/anaconda3/envs/airflow_env/lib/python3.8/site-packages/airflow/example_dags/example_latest_only.py
[2024-11-12T16:50:32.819+0100] {processor.py:925} INFO - DAG(s) 'latest_only' retrieved from /home/sakana/anaconda3/envs/airflow_env/lib/python3.8/site-packages/airflow/example_dags/example_latest_only.py
[2024-11-12T16:50:32.833+0100] {logging_mixin.py:190} INFO - [2024-11-12T16:50:32.833+0100] {dag.py:3239} INFO - Sync 1 DAGs
[2024-11-12T16:50:32.855+0100] {logging_mixin.py:190} INFO - [2024-11-12T16:50:32.854+0100] {dag.py:4180} INFO - Setting next_dagrun for latest_only to 2024-11-12 08:00:00+00:00, run_after=2024-11-12 12:00:00+00:00
[2024-11-12T16:50:32.879+0100] {processor.py:208} INFO - Processing /home/sakana/anaconda3/envs/airflow_env/lib/python3.8/site-packages/airflow/example_dags/example_latest_only.py took 0.088 seconds
[2024-11-12T16:51:30.251+0100] {processor.py:186} INFO - Started process (PID=8130) to work on /home/sakana/anaconda3/envs/airflow_env/lib/python3.8/site-packages/airflow/example_dags/example_latest_only.py
[2024-11-12T16:51:30.256+0100] {processor.py:914} INFO - Processing file /home/sakana/anaconda3/envs/airflow_env/lib/python3.8/site-packages/airflow/example_dags/example_latest_only.py for tasks to queue
[2024-11-12T16:51:30.258+0100] {logging_mixin.py:190} INFO - [2024-11-12T16:51:30.257+0100] {dagbag.py:588} INFO - Filling up the DagBag from /home/sakana/anaconda3/envs/airflow_env/lib/python3.8/site-packages/airflow/example_dags/example_latest_only.py
[2024-11-12T16:51:30.265+0100] {processor.py:925} INFO - DAG(s) 'latest_only' retrieved from /home/sakana/anaconda3/envs/airflow_env/lib/python3.8/site-packages/airflow/example_dags/example_latest_only.py
[2024-11-12T16:51:30.279+0100] {logging_mixin.py:190} INFO - [2024-11-12T16:51:30.279+0100] {dag.py:3239} INFO - Sync 1 DAGs
[2024-11-12T16:51:30.297+0100] {logging_mixin.py:190} INFO - [2024-11-12T16:51:30.297+0100] {dag.py:4180} INFO - Setting next_dagrun for latest_only to 2024-11-12 08:00:00+00:00, run_after=2024-11-12 12:00:00+00:00
[2024-11-12T16:51:30.321+0100] {processor.py:208} INFO - Processing /home/sakana/anaconda3/envs/airflow_env/lib/python3.8/site-packages/airflow/example_dags/example_latest_only.py took 0.077 seconds
[2024-11-12T16:52:27.061+0100] {processor.py:186} INFO - Started process (PID=8218) to work on /home/sakana/anaconda3/envs/airflow_env/lib/python3.8/site-packages/airflow/example_dags/example_latest_only.py
[2024-11-12T16:52:27.066+0100] {processor.py:914} INFO - Processing file /home/sakana/anaconda3/envs/airflow_env/lib/python3.8/site-packages/airflow/example_dags/example_latest_only.py for tasks to queue
[2024-11-12T16:52:27.069+0100] {logging_mixin.py:190} INFO - [2024-11-12T16:52:27.068+0100] {dagbag.py:588} INFO - Filling up the DagBag from /home/sakana/anaconda3/envs/airflow_env/lib/python3.8/site-packages/airflow/example_dags/example_latest_only.py
[2024-11-12T16:52:27.078+0100] {processor.py:925} INFO - DAG(s) 'latest_only' retrieved from /home/sakana/anaconda3/envs/airflow_env/lib/python3.8/site-packages/airflow/example_dags/example_latest_only.py
[2024-11-12T16:52:27.097+0100] {logging_mixin.py:190} INFO - [2024-11-12T16:52:27.096+0100] {dag.py:3239} INFO - Sync 1 DAGs
[2024-11-12T16:52:27.115+0100] {logging_mixin.py:190} INFO - [2024-11-12T16:52:27.115+0100] {dag.py:4180} INFO - Setting next_dagrun for latest_only to 2024-11-12 08:00:00+00:00, run_after=2024-11-12 12:00:00+00:00
[2024-11-12T16:52:27.141+0100] {processor.py:208} INFO - Processing /home/sakana/anaconda3/envs/airflow_env/lib/python3.8/site-packages/airflow/example_dags/example_latest_only.py took 0.088 seconds
[2024-11-12T16:53:22.291+0100] {processor.py:186} INFO - Started process (PID=8309) to work on /home/sakana/anaconda3/envs/airflow_env/lib/python3.8/site-packages/airflow/example_dags/example_latest_only.py
[2024-11-12T16:53:22.296+0100] {processor.py:914} INFO - Processing file /home/sakana/anaconda3/envs/airflow_env/lib/python3.8/site-packages/airflow/example_dags/example_latest_only.py for tasks to queue
[2024-11-12T16:53:22.299+0100] {logging_mixin.py:190} INFO - [2024-11-12T16:53:22.298+0100] {dagbag.py:588} INFO - Filling up the DagBag from /home/sakana/anaconda3/envs/airflow_env/lib/python3.8/site-packages/airflow/example_dags/example_latest_only.py
[2024-11-12T16:53:22.307+0100] {processor.py:925} INFO - DAG(s) 'latest_only' retrieved from /home/sakana/anaconda3/envs/airflow_env/lib/python3.8/site-packages/airflow/example_dags/example_latest_only.py
[2024-11-12T16:53:22.323+0100] {logging_mixin.py:190} INFO - [2024-11-12T16:53:22.323+0100] {dag.py:3239} INFO - Sync 1 DAGs
[2024-11-12T16:53:22.341+0100] {logging_mixin.py:190} INFO - [2024-11-12T16:53:22.341+0100] {dag.py:4180} INFO - Setting next_dagrun for latest_only to 2024-11-12 08:00:00+00:00, run_after=2024-11-12 12:00:00+00:00
[2024-11-12T16:53:22.378+0100] {processor.py:208} INFO - Processing /home/sakana/anaconda3/envs/airflow_env/lib/python3.8/site-packages/airflow/example_dags/example_latest_only.py took 0.095 seconds
[2024-11-12T16:54:20.675+0100] {processor.py:186} INFO - Started process (PID=8472) to work on /home/sakana/anaconda3/envs/airflow_env/lib/python3.8/site-packages/airflow/example_dags/example_latest_only.py
[2024-11-12T16:54:20.680+0100] {processor.py:914} INFO - Processing file /home/sakana/anaconda3/envs/airflow_env/lib/python3.8/site-packages/airflow/example_dags/example_latest_only.py for tasks to queue
[2024-11-12T16:54:20.682+0100] {logging_mixin.py:190} INFO - [2024-11-12T16:54:20.682+0100] {dagbag.py:588} INFO - Filling up the DagBag from /home/sakana/anaconda3/envs/airflow_env/lib/python3.8/site-packages/airflow/example_dags/example_latest_only.py
[2024-11-12T16:54:20.690+0100] {processor.py:925} INFO - DAG(s) 'latest_only' retrieved from /home/sakana/anaconda3/envs/airflow_env/lib/python3.8/site-packages/airflow/example_dags/example_latest_only.py
[2024-11-12T16:54:20.707+0100] {logging_mixin.py:190} INFO - [2024-11-12T16:54:20.707+0100] {dag.py:3239} INFO - Sync 1 DAGs
[2024-11-12T16:54:20.731+0100] {logging_mixin.py:190} INFO - [2024-11-12T16:54:20.731+0100] {dag.py:4180} INFO - Setting next_dagrun for latest_only to 2024-11-12 08:00:00+00:00, run_after=2024-11-12 12:00:00+00:00
[2024-11-12T16:54:20.772+0100] {processor.py:208} INFO - Processing /home/sakana/anaconda3/envs/airflow_env/lib/python3.8/site-packages/airflow/example_dags/example_latest_only.py took 0.105 seconds
[2024-11-12T16:55:20.883+0100] {processor.py:186} INFO - Started process (PID=8573) to work on /home/sakana/anaconda3/envs/airflow_env/lib/python3.8/site-packages/airflow/example_dags/example_latest_only.py
[2024-11-12T16:55:20.888+0100] {processor.py:914} INFO - Processing file /home/sakana/anaconda3/envs/airflow_env/lib/python3.8/site-packages/airflow/example_dags/example_latest_only.py for tasks to queue
[2024-11-12T16:55:20.891+0100] {logging_mixin.py:190} INFO - [2024-11-12T16:55:20.890+0100] {dagbag.py:588} INFO - Filling up the DagBag from /home/sakana/anaconda3/envs/airflow_env/lib/python3.8/site-packages/airflow/example_dags/example_latest_only.py
[2024-11-12T16:55:20.900+0100] {processor.py:925} INFO - DAG(s) 'latest_only' retrieved from /home/sakana/anaconda3/envs/airflow_env/lib/python3.8/site-packages/airflow/example_dags/example_latest_only.py
[2024-11-12T16:55:20.916+0100] {logging_mixin.py:190} INFO - [2024-11-12T16:55:20.916+0100] {dag.py:3239} INFO - Sync 1 DAGs
[2024-11-12T16:55:20.940+0100] {logging_mixin.py:190} INFO - [2024-11-12T16:55:20.940+0100] {dag.py:4180} INFO - Setting next_dagrun for latest_only to 2024-11-12 08:00:00+00:00, run_after=2024-11-12 12:00:00+00:00
[2024-11-12T16:55:20.969+0100] {processor.py:208} INFO - Processing /home/sakana/anaconda3/envs/airflow_env/lib/python3.8/site-packages/airflow/example_dags/example_latest_only.py took 0.093 seconds
[2024-11-12T16:56:19.174+0100] {processor.py:186} INFO - Started process (PID=8646) to work on /home/sakana/anaconda3/envs/airflow_env/lib/python3.8/site-packages/airflow/example_dags/example_latest_only.py
[2024-11-12T16:56:19.175+0100] {processor.py:914} INFO - Processing file /home/sakana/anaconda3/envs/airflow_env/lib/python3.8/site-packages/airflow/example_dags/example_latest_only.py for tasks to queue
[2024-11-12T16:56:19.178+0100] {logging_mixin.py:190} INFO - [2024-11-12T16:56:19.177+0100] {dagbag.py:588} INFO - Filling up the DagBag from /home/sakana/anaconda3/envs/airflow_env/lib/python3.8/site-packages/airflow/example_dags/example_latest_only.py
[2024-11-12T16:56:19.187+0100] {processor.py:925} INFO - DAG(s) 'latest_only' retrieved from /home/sakana/anaconda3/envs/airflow_env/lib/python3.8/site-packages/airflow/example_dags/example_latest_only.py
[2024-11-12T16:56:19.211+0100] {logging_mixin.py:190} INFO - [2024-11-12T16:56:19.211+0100] {dag.py:3239} INFO - Sync 1 DAGs
[2024-11-12T16:56:19.237+0100] {logging_mixin.py:190} INFO - [2024-11-12T16:56:19.236+0100] {dag.py:4180} INFO - Setting next_dagrun for latest_only to 2024-11-12 08:00:00+00:00, run_after=2024-11-12 12:00:00+00:00
[2024-11-12T16:56:19.263+0100] {processor.py:208} INFO - Processing /home/sakana/anaconda3/envs/airflow_env/lib/python3.8/site-packages/airflow/example_dags/example_latest_only.py took 0.096 seconds
[2024-11-12T16:57:19.559+0100] {processor.py:186} INFO - Started process (PID=8729) to work on /home/sakana/anaconda3/envs/airflow_env/lib/python3.8/site-packages/airflow/example_dags/example_latest_only.py
[2024-11-12T16:57:19.564+0100] {processor.py:914} INFO - Processing file /home/sakana/anaconda3/envs/airflow_env/lib/python3.8/site-packages/airflow/example_dags/example_latest_only.py for tasks to queue
[2024-11-12T16:57:19.567+0100] {logging_mixin.py:190} INFO - [2024-11-12T16:57:19.566+0100] {dagbag.py:588} INFO - Filling up the DagBag from /home/sakana/anaconda3/envs/airflow_env/lib/python3.8/site-packages/airflow/example_dags/example_latest_only.py
[2024-11-12T16:57:19.578+0100] {processor.py:925} INFO - DAG(s) 'latest_only' retrieved from /home/sakana/anaconda3/envs/airflow_env/lib/python3.8/site-packages/airflow/example_dags/example_latest_only.py
[2024-11-12T16:57:19.598+0100] {logging_mixin.py:190} INFO - [2024-11-12T16:57:19.598+0100] {dag.py:3239} INFO - Sync 1 DAGs
[2024-11-12T16:57:19.632+0100] {logging_mixin.py:190} INFO - [2024-11-12T16:57:19.631+0100] {dag.py:4180} INFO - Setting next_dagrun for latest_only to 2024-11-12 08:00:00+00:00, run_after=2024-11-12 12:00:00+00:00
[2024-11-12T16:57:19.666+0100] {processor.py:208} INFO - Processing /home/sakana/anaconda3/envs/airflow_env/lib/python3.8/site-packages/airflow/example_dags/example_latest_only.py took 0.114 seconds
[2024-11-12T16:58:23.044+0100] {processor.py:186} INFO - Started process (PID=8826) to work on /home/sakana/anaconda3/envs/airflow_env/lib/python3.8/site-packages/airflow/example_dags/example_latest_only.py
[2024-11-12T16:58:23.049+0100] {processor.py:914} INFO - Processing file /home/sakana/anaconda3/envs/airflow_env/lib/python3.8/site-packages/airflow/example_dags/example_latest_only.py for tasks to queue
[2024-11-12T16:58:23.051+0100] {logging_mixin.py:190} INFO - [2024-11-12T16:58:23.051+0100] {dagbag.py:588} INFO - Filling up the DagBag from /home/sakana/anaconda3/envs/airflow_env/lib/python3.8/site-packages/airflow/example_dags/example_latest_only.py
[2024-11-12T16:58:23.057+0100] {processor.py:925} INFO - DAG(s) 'latest_only' retrieved from /home/sakana/anaconda3/envs/airflow_env/lib/python3.8/site-packages/airflow/example_dags/example_latest_only.py
[2024-11-12T16:58:23.071+0100] {logging_mixin.py:190} INFO - [2024-11-12T16:58:23.071+0100] {dag.py:3239} INFO - Sync 1 DAGs
[2024-11-12T16:58:23.091+0100] {logging_mixin.py:190} INFO - [2024-11-12T16:58:23.090+0100] {dag.py:4180} INFO - Setting next_dagrun for latest_only to 2024-11-12 08:00:00+00:00, run_after=2024-11-12 12:00:00+00:00
[2024-11-12T16:58:23.125+0100] {processor.py:208} INFO - Processing /home/sakana/anaconda3/envs/airflow_env/lib/python3.8/site-packages/airflow/example_dags/example_latest_only.py took 0.086 seconds
[2024-11-12T16:59:23.802+0100] {processor.py:186} INFO - Started process (PID=8906) to work on /home/sakana/anaconda3/envs/airflow_env/lib/python3.8/site-packages/airflow/example_dags/example_latest_only.py
[2024-11-12T16:59:23.807+0100] {processor.py:914} INFO - Processing file /home/sakana/anaconda3/envs/airflow_env/lib/python3.8/site-packages/airflow/example_dags/example_latest_only.py for tasks to queue
[2024-11-12T16:59:23.809+0100] {logging_mixin.py:190} INFO - [2024-11-12T16:59:23.808+0100] {dagbag.py:588} INFO - Filling up the DagBag from /home/sakana/anaconda3/envs/airflow_env/lib/python3.8/site-packages/airflow/example_dags/example_latest_only.py
[2024-11-12T16:59:23.816+0100] {processor.py:925} INFO - DAG(s) 'latest_only' retrieved from /home/sakana/anaconda3/envs/airflow_env/lib/python3.8/site-packages/airflow/example_dags/example_latest_only.py
[2024-11-12T16:59:23.831+0100] {logging_mixin.py:190} INFO - [2024-11-12T16:59:23.830+0100] {dag.py:3239} INFO - Sync 1 DAGs
[2024-11-12T16:59:23.853+0100] {logging_mixin.py:190} INFO - [2024-11-12T16:59:23.853+0100] {dag.py:4180} INFO - Setting next_dagrun for latest_only to 2024-11-12 08:00:00+00:00, run_after=2024-11-12 12:00:00+00:00
[2024-11-12T16:59:23.887+0100] {processor.py:208} INFO - Processing /home/sakana/anaconda3/envs/airflow_env/lib/python3.8/site-packages/airflow/example_dags/example_latest_only.py took 0.090 seconds
[2024-11-12T17:00:22.457+0100] {processor.py:186} INFO - Started process (PID=8981) to work on /home/sakana/anaconda3/envs/airflow_env/lib/python3.8/site-packages/airflow/example_dags/example_latest_only.py
[2024-11-12T17:00:22.463+0100] {processor.py:914} INFO - Processing file /home/sakana/anaconda3/envs/airflow_env/lib/python3.8/site-packages/airflow/example_dags/example_latest_only.py for tasks to queue
[2024-11-12T17:00:22.470+0100] {logging_mixin.py:190} INFO - [2024-11-12T17:00:22.469+0100] {dagbag.py:588} INFO - Filling up the DagBag from /home/sakana/anaconda3/envs/airflow_env/lib/python3.8/site-packages/airflow/example_dags/example_latest_only.py
[2024-11-12T17:00:22.485+0100] {processor.py:925} INFO - DAG(s) 'latest_only' retrieved from /home/sakana/anaconda3/envs/airflow_env/lib/python3.8/site-packages/airflow/example_dags/example_latest_only.py
[2024-11-12T17:00:22.501+0100] {logging_mixin.py:190} INFO - [2024-11-12T17:00:22.501+0100] {dag.py:3239} INFO - Sync 1 DAGs
[2024-11-12T17:00:22.520+0100] {logging_mixin.py:190} INFO - [2024-11-12T17:00:22.519+0100] {dag.py:4180} INFO - Setting next_dagrun for latest_only to 2024-11-12 12:00:00+00:00, run_after=2024-11-12 16:00:00+00:00
[2024-11-12T17:00:22.548+0100] {processor.py:208} INFO - Processing /home/sakana/anaconda3/envs/airflow_env/lib/python3.8/site-packages/airflow/example_dags/example_latest_only.py took 0.101 seconds
[2024-11-12T17:01:25.737+0100] {processor.py:186} INFO - Started process (PID=9067) to work on /home/sakana/anaconda3/envs/airflow_env/lib/python3.8/site-packages/airflow/example_dags/example_latest_only.py
[2024-11-12T17:01:25.742+0100] {processor.py:914} INFO - Processing file /home/sakana/anaconda3/envs/airflow_env/lib/python3.8/site-packages/airflow/example_dags/example_latest_only.py for tasks to queue
[2024-11-12T17:01:25.744+0100] {logging_mixin.py:190} INFO - [2024-11-12T17:01:25.744+0100] {dagbag.py:588} INFO - Filling up the DagBag from /home/sakana/anaconda3/envs/airflow_env/lib/python3.8/site-packages/airflow/example_dags/example_latest_only.py
[2024-11-12T17:01:25.750+0100] {processor.py:925} INFO - DAG(s) 'latest_only' retrieved from /home/sakana/anaconda3/envs/airflow_env/lib/python3.8/site-packages/airflow/example_dags/example_latest_only.py
[2024-11-12T17:01:25.763+0100] {logging_mixin.py:190} INFO - [2024-11-12T17:01:25.763+0100] {dag.py:3239} INFO - Sync 1 DAGs
[2024-11-12T17:01:25.787+0100] {logging_mixin.py:190} INFO - [2024-11-12T17:01:25.787+0100] {dag.py:4180} INFO - Setting next_dagrun for latest_only to 2024-11-12 12:00:00+00:00, run_after=2024-11-12 16:00:00+00:00
[2024-11-12T17:01:25.814+0100] {processor.py:208} INFO - Processing /home/sakana/anaconda3/envs/airflow_env/lib/python3.8/site-packages/airflow/example_dags/example_latest_only.py took 0.083 seconds
[2024-11-12T17:19:36.311+0100] {processor.py:186} INFO - Started process (PID=9582) to work on /home/sakana/anaconda3/envs/airflow_env/lib/python3.8/site-packages/airflow/example_dags/example_latest_only.py
[2024-11-12T17:19:36.313+0100] {processor.py:914} INFO - Processing file /home/sakana/anaconda3/envs/airflow_env/lib/python3.8/site-packages/airflow/example_dags/example_latest_only.py for tasks to queue
[2024-11-12T17:19:36.315+0100] {logging_mixin.py:190} INFO - [2024-11-12T17:19:36.315+0100] {dagbag.py:588} INFO - Filling up the DagBag from /home/sakana/anaconda3/envs/airflow_env/lib/python3.8/site-packages/airflow/example_dags/example_latest_only.py
[2024-11-12T17:19:36.325+0100] {processor.py:925} INFO - DAG(s) 'latest_only' retrieved from /home/sakana/anaconda3/envs/airflow_env/lib/python3.8/site-packages/airflow/example_dags/example_latest_only.py
[2024-11-12T17:19:36.345+0100] {logging_mixin.py:190} INFO - [2024-11-12T17:19:36.345+0100] {dag.py:3239} INFO - Sync 1 DAGs
[2024-11-12T17:19:36.370+0100] {logging_mixin.py:190} INFO - [2024-11-12T17:19:36.369+0100] {dag.py:4180} INFO - Setting next_dagrun for latest_only to 2024-11-12 12:00:00+00:00, run_after=2024-11-12 16:00:00+00:00
[2024-11-12T17:19:36.397+0100] {processor.py:208} INFO - Processing /home/sakana/anaconda3/envs/airflow_env/lib/python3.8/site-packages/airflow/example_dags/example_latest_only.py took 0.094 seconds
[2024-11-12T17:20:42.497+0100] {processor.py:186} INFO - Started process (PID=9700) to work on /home/sakana/anaconda3/envs/airflow_env/lib/python3.8/site-packages/airflow/example_dags/example_latest_only.py
[2024-11-12T17:20:42.503+0100] {processor.py:914} INFO - Processing file /home/sakana/anaconda3/envs/airflow_env/lib/python3.8/site-packages/airflow/example_dags/example_latest_only.py for tasks to queue
[2024-11-12T17:20:42.508+0100] {logging_mixin.py:190} INFO - [2024-11-12T17:20:42.507+0100] {dagbag.py:588} INFO - Filling up the DagBag from /home/sakana/anaconda3/envs/airflow_env/lib/python3.8/site-packages/airflow/example_dags/example_latest_only.py
[2024-11-12T17:20:42.522+0100] {processor.py:925} INFO - DAG(s) 'latest_only' retrieved from /home/sakana/anaconda3/envs/airflow_env/lib/python3.8/site-packages/airflow/example_dags/example_latest_only.py
[2024-11-12T17:20:42.543+0100] {logging_mixin.py:190} INFO - [2024-11-12T17:20:42.542+0100] {dag.py:3239} INFO - Sync 1 DAGs
[2024-11-12T17:20:42.568+0100] {logging_mixin.py:190} INFO - [2024-11-12T17:20:42.568+0100] {dag.py:4180} INFO - Setting next_dagrun for latest_only to 2024-11-12 12:00:00+00:00, run_after=2024-11-12 16:00:00+00:00
[2024-11-12T17:20:42.598+0100] {processor.py:208} INFO - Processing /home/sakana/anaconda3/envs/airflow_env/lib/python3.8/site-packages/airflow/example_dags/example_latest_only.py took 0.128 seconds
[2024-11-12T17:21:51.201+0100] {processor.py:186} INFO - Started process (PID=9804) to work on /home/sakana/anaconda3/envs/airflow_env/lib/python3.8/site-packages/airflow/example_dags/example_latest_only.py
[2024-11-12T17:21:51.207+0100] {processor.py:914} INFO - Processing file /home/sakana/anaconda3/envs/airflow_env/lib/python3.8/site-packages/airflow/example_dags/example_latest_only.py for tasks to queue
[2024-11-12T17:21:51.211+0100] {logging_mixin.py:190} INFO - [2024-11-12T17:21:51.210+0100] {dagbag.py:588} INFO - Filling up the DagBag from /home/sakana/anaconda3/envs/airflow_env/lib/python3.8/site-packages/airflow/example_dags/example_latest_only.py
[2024-11-12T17:21:51.225+0100] {processor.py:925} INFO - DAG(s) 'latest_only' retrieved from /home/sakana/anaconda3/envs/airflow_env/lib/python3.8/site-packages/airflow/example_dags/example_latest_only.py
[2024-11-12T17:21:51.253+0100] {logging_mixin.py:190} INFO - [2024-11-12T17:21:51.253+0100] {dag.py:3239} INFO - Sync 1 DAGs
[2024-11-12T17:21:51.282+0100] {logging_mixin.py:190} INFO - [2024-11-12T17:21:51.282+0100] {dag.py:4180} INFO - Setting next_dagrun for latest_only to 2024-11-12 12:00:00+00:00, run_after=2024-11-12 16:00:00+00:00
[2024-11-12T17:21:51.318+0100] {processor.py:208} INFO - Processing /home/sakana/anaconda3/envs/airflow_env/lib/python3.8/site-packages/airflow/example_dags/example_latest_only.py took 0.128 seconds
[2024-11-12T17:23:02.455+0100] {processor.py:186} INFO - Started process (PID=9898) to work on /home/sakana/anaconda3/envs/airflow_env/lib/python3.8/site-packages/airflow/example_dags/example_latest_only.py
[2024-11-12T17:23:02.460+0100] {processor.py:914} INFO - Processing file /home/sakana/anaconda3/envs/airflow_env/lib/python3.8/site-packages/airflow/example_dags/example_latest_only.py for tasks to queue
[2024-11-12T17:23:02.463+0100] {logging_mixin.py:190} INFO - [2024-11-12T17:23:02.462+0100] {dagbag.py:588} INFO - Filling up the DagBag from /home/sakana/anaconda3/envs/airflow_env/lib/python3.8/site-packages/airflow/example_dags/example_latest_only.py
[2024-11-12T17:23:02.471+0100] {processor.py:925} INFO - DAG(s) 'latest_only' retrieved from /home/sakana/anaconda3/envs/airflow_env/lib/python3.8/site-packages/airflow/example_dags/example_latest_only.py
[2024-11-12T17:23:02.492+0100] {logging_mixin.py:190} INFO - [2024-11-12T17:23:02.492+0100] {dag.py:3239} INFO - Sync 1 DAGs
[2024-11-12T17:23:02.519+0100] {logging_mixin.py:190} INFO - [2024-11-12T17:23:02.518+0100] {dag.py:4180} INFO - Setting next_dagrun for latest_only to 2024-11-12 12:00:00+00:00, run_after=2024-11-12 16:00:00+00:00
[2024-11-12T17:23:02.560+0100] {processor.py:208} INFO - Processing /home/sakana/anaconda3/envs/airflow_env/lib/python3.8/site-packages/airflow/example_dags/example_latest_only.py took 0.113 seconds
[2024-11-12T17:24:16.212+0100] {processor.py:186} INFO - Started process (PID=10054) to work on /home/sakana/anaconda3/envs/airflow_env/lib/python3.8/site-packages/airflow/example_dags/example_latest_only.py
[2024-11-12T17:24:16.221+0100] {processor.py:914} INFO - Processing file /home/sakana/anaconda3/envs/airflow_env/lib/python3.8/site-packages/airflow/example_dags/example_latest_only.py for tasks to queue
[2024-11-12T17:24:16.229+0100] {logging_mixin.py:190} INFO - [2024-11-12T17:24:16.227+0100] {dagbag.py:588} INFO - Filling up the DagBag from /home/sakana/anaconda3/envs/airflow_env/lib/python3.8/site-packages/airflow/example_dags/example_latest_only.py
[2024-11-12T17:24:16.259+0100] {processor.py:925} INFO - DAG(s) 'latest_only' retrieved from /home/sakana/anaconda3/envs/airflow_env/lib/python3.8/site-packages/airflow/example_dags/example_latest_only.py
[2024-11-12T17:24:16.291+0100] {logging_mixin.py:190} INFO - [2024-11-12T17:24:16.291+0100] {dag.py:3239} INFO - Sync 1 DAGs
[2024-11-12T17:24:16.323+0100] {logging_mixin.py:190} INFO - [2024-11-12T17:24:16.322+0100] {dag.py:4180} INFO - Setting next_dagrun for latest_only to 2024-11-12 12:00:00+00:00, run_after=2024-11-12 16:00:00+00:00
[2024-11-12T17:24:16.369+0100] {processor.py:208} INFO - Processing /home/sakana/anaconda3/envs/airflow_env/lib/python3.8/site-packages/airflow/example_dags/example_latest_only.py took 0.181 seconds
[2024-11-12T17:25:30.572+0100] {processor.py:186} INFO - Started process (PID=10233) to work on /home/sakana/anaconda3/envs/airflow_env/lib/python3.8/site-packages/airflow/example_dags/example_latest_only.py
[2024-11-12T17:25:30.578+0100] {processor.py:914} INFO - Processing file /home/sakana/anaconda3/envs/airflow_env/lib/python3.8/site-packages/airflow/example_dags/example_latest_only.py for tasks to queue
[2024-11-12T17:25:30.582+0100] {logging_mixin.py:190} INFO - [2024-11-12T17:25:30.582+0100] {dagbag.py:588} INFO - Filling up the DagBag from /home/sakana/anaconda3/envs/airflow_env/lib/python3.8/site-packages/airflow/example_dags/example_latest_only.py
[2024-11-12T17:25:30.593+0100] {processor.py:925} INFO - DAG(s) 'latest_only' retrieved from /home/sakana/anaconda3/envs/airflow_env/lib/python3.8/site-packages/airflow/example_dags/example_latest_only.py
[2024-11-12T17:25:30.625+0100] {logging_mixin.py:190} INFO - [2024-11-12T17:25:30.624+0100] {dag.py:3239} INFO - Sync 1 DAGs
[2024-11-12T17:25:30.662+0100] {logging_mixin.py:190} INFO - [2024-11-12T17:25:30.662+0100] {dag.py:4180} INFO - Setting next_dagrun for latest_only to 2024-11-12 12:00:00+00:00, run_after=2024-11-12 16:00:00+00:00
[2024-11-12T17:25:30.695+0100] {processor.py:208} INFO - Processing /home/sakana/anaconda3/envs/airflow_env/lib/python3.8/site-packages/airflow/example_dags/example_latest_only.py took 0.136 seconds
[2024-11-12T17:26:41.290+0100] {processor.py:186} INFO - Started process (PID=10336) to work on /home/sakana/anaconda3/envs/airflow_env/lib/python3.8/site-packages/airflow/example_dags/example_latest_only.py
[2024-11-12T17:26:41.296+0100] {processor.py:914} INFO - Processing file /home/sakana/anaconda3/envs/airflow_env/lib/python3.8/site-packages/airflow/example_dags/example_latest_only.py for tasks to queue
[2024-11-12T17:26:41.300+0100] {logging_mixin.py:190} INFO - [2024-11-12T17:26:41.299+0100] {dagbag.py:588} INFO - Filling up the DagBag from /home/sakana/anaconda3/envs/airflow_env/lib/python3.8/site-packages/airflow/example_dags/example_latest_only.py
[2024-11-12T17:26:41.314+0100] {processor.py:925} INFO - DAG(s) 'latest_only' retrieved from /home/sakana/anaconda3/envs/airflow_env/lib/python3.8/site-packages/airflow/example_dags/example_latest_only.py
[2024-11-12T17:26:41.341+0100] {logging_mixin.py:190} INFO - [2024-11-12T17:26:41.341+0100] {dag.py:3239} INFO - Sync 1 DAGs
[2024-11-12T17:26:41.373+0100] {logging_mixin.py:190} INFO - [2024-11-12T17:26:41.372+0100] {dag.py:4180} INFO - Setting next_dagrun for latest_only to 2024-11-12 12:00:00+00:00, run_after=2024-11-12 16:00:00+00:00
[2024-11-12T17:26:41.408+0100] {processor.py:208} INFO - Processing /home/sakana/anaconda3/envs/airflow_env/lib/python3.8/site-packages/airflow/example_dags/example_latest_only.py took 0.128 seconds
[2024-11-12T17:27:55.415+0100] {processor.py:186} INFO - Started process (PID=10416) to work on /home/sakana/anaconda3/envs/airflow_env/lib/python3.8/site-packages/airflow/example_dags/example_latest_only.py
[2024-11-12T17:27:55.420+0100] {processor.py:914} INFO - Processing file /home/sakana/anaconda3/envs/airflow_env/lib/python3.8/site-packages/airflow/example_dags/example_latest_only.py for tasks to queue
[2024-11-12T17:27:55.424+0100] {logging_mixin.py:190} INFO - [2024-11-12T17:27:55.423+0100] {dagbag.py:588} INFO - Filling up the DagBag from /home/sakana/anaconda3/envs/airflow_env/lib/python3.8/site-packages/airflow/example_dags/example_latest_only.py
[2024-11-12T17:27:55.438+0100] {processor.py:925} INFO - DAG(s) 'latest_only' retrieved from /home/sakana/anaconda3/envs/airflow_env/lib/python3.8/site-packages/airflow/example_dags/example_latest_only.py
[2024-11-12T17:27:55.476+0100] {logging_mixin.py:190} INFO - [2024-11-12T17:27:55.475+0100] {dag.py:3239} INFO - Sync 1 DAGs
[2024-11-12T17:27:55.510+0100] {logging_mixin.py:190} INFO - [2024-11-12T17:27:55.510+0100] {dag.py:4180} INFO - Setting next_dagrun for latest_only to 2024-11-12 12:00:00+00:00, run_after=2024-11-12 16:00:00+00:00
[2024-11-12T17:27:55.615+0100] {processor.py:208} INFO - Processing /home/sakana/anaconda3/envs/airflow_env/lib/python3.8/site-packages/airflow/example_dags/example_latest_only.py took 0.214 seconds
[2024-11-12T17:29:07.036+0100] {processor.py:186} INFO - Started process (PID=10553) to work on /home/sakana/anaconda3/envs/airflow_env/lib/python3.8/site-packages/airflow/example_dags/example_latest_only.py
[2024-11-12T17:29:07.041+0100] {processor.py:914} INFO - Processing file /home/sakana/anaconda3/envs/airflow_env/lib/python3.8/site-packages/airflow/example_dags/example_latest_only.py for tasks to queue
[2024-11-12T17:29:07.045+0100] {logging_mixin.py:190} INFO - [2024-11-12T17:29:07.045+0100] {dagbag.py:588} INFO - Filling up the DagBag from /home/sakana/anaconda3/envs/airflow_env/lib/python3.8/site-packages/airflow/example_dags/example_latest_only.py
[2024-11-12T17:29:07.056+0100] {processor.py:925} INFO - DAG(s) 'latest_only' retrieved from /home/sakana/anaconda3/envs/airflow_env/lib/python3.8/site-packages/airflow/example_dags/example_latest_only.py
[2024-11-12T17:29:07.083+0100] {logging_mixin.py:190} INFO - [2024-11-12T17:29:07.083+0100] {dag.py:3239} INFO - Sync 1 DAGs
[2024-11-12T17:29:07.115+0100] {logging_mixin.py:190} INFO - [2024-11-12T17:29:07.115+0100] {dag.py:4180} INFO - Setting next_dagrun for latest_only to 2024-11-12 12:00:00+00:00, run_after=2024-11-12 16:00:00+00:00
[2024-11-12T17:29:07.150+0100] {processor.py:208} INFO - Processing /home/sakana/anaconda3/envs/airflow_env/lib/python3.8/site-packages/airflow/example_dags/example_latest_only.py took 0.127 seconds
[2024-11-12T17:30:18.916+0100] {processor.py:186} INFO - Started process (PID=10639) to work on /home/sakana/anaconda3/envs/airflow_env/lib/python3.8/site-packages/airflow/example_dags/example_latest_only.py
[2024-11-12T17:30:18.922+0100] {processor.py:914} INFO - Processing file /home/sakana/anaconda3/envs/airflow_env/lib/python3.8/site-packages/airflow/example_dags/example_latest_only.py for tasks to queue
[2024-11-12T17:30:18.925+0100] {logging_mixin.py:190} INFO - [2024-11-12T17:30:18.924+0100] {dagbag.py:588} INFO - Filling up the DagBag from /home/sakana/anaconda3/envs/airflow_env/lib/python3.8/site-packages/airflow/example_dags/example_latest_only.py
[2024-11-12T17:30:18.939+0100] {processor.py:925} INFO - DAG(s) 'latest_only' retrieved from /home/sakana/anaconda3/envs/airflow_env/lib/python3.8/site-packages/airflow/example_dags/example_latest_only.py
[2024-11-12T17:30:18.959+0100] {logging_mixin.py:190} INFO - [2024-11-12T17:30:18.958+0100] {dag.py:3239} INFO - Sync 1 DAGs
[2024-11-12T17:30:18.988+0100] {logging_mixin.py:190} INFO - [2024-11-12T17:30:18.988+0100] {dag.py:4180} INFO - Setting next_dagrun for latest_only to 2024-11-12 12:00:00+00:00, run_after=2024-11-12 16:00:00+00:00
[2024-11-12T17:30:19.022+0100] {processor.py:208} INFO - Processing /home/sakana/anaconda3/envs/airflow_env/lib/python3.8/site-packages/airflow/example_dags/example_latest_only.py took 0.116 seconds
[2024-11-12T17:31:32.096+0100] {processor.py:186} INFO - Started process (PID=10732) to work on /home/sakana/anaconda3/envs/airflow_env/lib/python3.8/site-packages/airflow/example_dags/example_latest_only.py
[2024-11-12T17:31:32.102+0100] {processor.py:914} INFO - Processing file /home/sakana/anaconda3/envs/airflow_env/lib/python3.8/site-packages/airflow/example_dags/example_latest_only.py for tasks to queue
[2024-11-12T17:31:32.107+0100] {logging_mixin.py:190} INFO - [2024-11-12T17:31:32.106+0100] {dagbag.py:588} INFO - Filling up the DagBag from /home/sakana/anaconda3/envs/airflow_env/lib/python3.8/site-packages/airflow/example_dags/example_latest_only.py
[2024-11-12T17:31:32.123+0100] {processor.py:925} INFO - DAG(s) 'latest_only' retrieved from /home/sakana/anaconda3/envs/airflow_env/lib/python3.8/site-packages/airflow/example_dags/example_latest_only.py
[2024-11-12T17:31:32.152+0100] {logging_mixin.py:190} INFO - [2024-11-12T17:31:32.151+0100] {dag.py:3239} INFO - Sync 1 DAGs
[2024-11-12T17:31:32.194+0100] {logging_mixin.py:190} INFO - [2024-11-12T17:31:32.193+0100] {dag.py:4180} INFO - Setting next_dagrun for latest_only to 2024-11-12 12:00:00+00:00, run_after=2024-11-12 16:00:00+00:00
[2024-11-12T17:31:32.261+0100] {processor.py:208} INFO - Processing /home/sakana/anaconda3/envs/airflow_env/lib/python3.8/site-packages/airflow/example_dags/example_latest_only.py took 0.180 seconds
[2024-11-12T17:32:43.221+0100] {processor.py:186} INFO - Started process (PID=10867) to work on /home/sakana/anaconda3/envs/airflow_env/lib/python3.8/site-packages/airflow/example_dags/example_latest_only.py
[2024-11-12T17:32:43.226+0100] {processor.py:914} INFO - Processing file /home/sakana/anaconda3/envs/airflow_env/lib/python3.8/site-packages/airflow/example_dags/example_latest_only.py for tasks to queue
[2024-11-12T17:32:43.228+0100] {logging_mixin.py:190} INFO - [2024-11-12T17:32:43.228+0100] {dagbag.py:588} INFO - Filling up the DagBag from /home/sakana/anaconda3/envs/airflow_env/lib/python3.8/site-packages/airflow/example_dags/example_latest_only.py
[2024-11-12T17:32:43.237+0100] {processor.py:925} INFO - DAG(s) 'latest_only' retrieved from /home/sakana/anaconda3/envs/airflow_env/lib/python3.8/site-packages/airflow/example_dags/example_latest_only.py
[2024-11-12T17:32:43.254+0100] {logging_mixin.py:190} INFO - [2024-11-12T17:32:43.254+0100] {dag.py:3239} INFO - Sync 1 DAGs
[2024-11-12T17:32:43.280+0100] {logging_mixin.py:190} INFO - [2024-11-12T17:32:43.280+0100] {dag.py:4180} INFO - Setting next_dagrun for latest_only to 2024-11-12 12:00:00+00:00, run_after=2024-11-12 16:00:00+00:00
[2024-11-12T17:32:43.308+0100] {processor.py:208} INFO - Processing /home/sakana/anaconda3/envs/airflow_env/lib/python3.8/site-packages/airflow/example_dags/example_latest_only.py took 0.095 seconds
[2024-11-12T17:33:49.138+0100] {processor.py:186} INFO - Started process (PID=11072) to work on /home/sakana/anaconda3/envs/airflow_env/lib/python3.8/site-packages/airflow/example_dags/example_latest_only.py
[2024-11-12T17:33:49.143+0100] {processor.py:914} INFO - Processing file /home/sakana/anaconda3/envs/airflow_env/lib/python3.8/site-packages/airflow/example_dags/example_latest_only.py for tasks to queue
[2024-11-12T17:33:49.146+0100] {logging_mixin.py:190} INFO - [2024-11-12T17:33:49.145+0100] {dagbag.py:588} INFO - Filling up the DagBag from /home/sakana/anaconda3/envs/airflow_env/lib/python3.8/site-packages/airflow/example_dags/example_latest_only.py
[2024-11-12T17:33:49.155+0100] {processor.py:925} INFO - DAG(s) 'latest_only' retrieved from /home/sakana/anaconda3/envs/airflow_env/lib/python3.8/site-packages/airflow/example_dags/example_latest_only.py
[2024-11-12T17:33:49.172+0100] {logging_mixin.py:190} INFO - [2024-11-12T17:33:49.171+0100] {dag.py:3239} INFO - Sync 1 DAGs
[2024-11-12T17:33:49.193+0100] {logging_mixin.py:190} INFO - [2024-11-12T17:33:49.193+0100] {dag.py:4180} INFO - Setting next_dagrun for latest_only to 2024-11-12 12:00:00+00:00, run_after=2024-11-12 16:00:00+00:00
[2024-11-12T17:33:49.225+0100] {processor.py:208} INFO - Processing /home/sakana/anaconda3/envs/airflow_env/lib/python3.8/site-packages/airflow/example_dags/example_latest_only.py took 0.094 seconds
[2024-11-12T17:34:49.150+0100] {processor.py:186} INFO - Started process (PID=11149) to work on /home/sakana/anaconda3/envs/airflow_env/lib/python3.8/site-packages/airflow/example_dags/example_latest_only.py
[2024-11-12T17:34:49.155+0100] {processor.py:914} INFO - Processing file /home/sakana/anaconda3/envs/airflow_env/lib/python3.8/site-packages/airflow/example_dags/example_latest_only.py for tasks to queue
[2024-11-12T17:34:49.158+0100] {logging_mixin.py:190} INFO - [2024-11-12T17:34:49.158+0100] {dagbag.py:588} INFO - Filling up the DagBag from /home/sakana/anaconda3/envs/airflow_env/lib/python3.8/site-packages/airflow/example_dags/example_latest_only.py
[2024-11-12T17:34:49.170+0100] {processor.py:925} INFO - DAG(s) 'latest_only' retrieved from /home/sakana/anaconda3/envs/airflow_env/lib/python3.8/site-packages/airflow/example_dags/example_latest_only.py
[2024-11-12T17:34:49.187+0100] {logging_mixin.py:190} INFO - [2024-11-12T17:34:49.187+0100] {dag.py:3239} INFO - Sync 1 DAGs
[2024-11-12T17:34:49.207+0100] {logging_mixin.py:190} INFO - [2024-11-12T17:34:49.207+0100] {dag.py:4180} INFO - Setting next_dagrun for latest_only to 2024-11-12 12:00:00+00:00, run_after=2024-11-12 16:00:00+00:00
[2024-11-12T17:34:49.251+0100] {processor.py:208} INFO - Processing /home/sakana/anaconda3/envs/airflow_env/lib/python3.8/site-packages/airflow/example_dags/example_latest_only.py took 0.111 seconds
[2024-11-12T17:35:49.709+0100] {processor.py:186} INFO - Started process (PID=11234) to work on /home/sakana/anaconda3/envs/airflow_env/lib/python3.8/site-packages/airflow/example_dags/example_latest_only.py
[2024-11-12T17:35:49.714+0100] {processor.py:914} INFO - Processing file /home/sakana/anaconda3/envs/airflow_env/lib/python3.8/site-packages/airflow/example_dags/example_latest_only.py for tasks to queue
[2024-11-12T17:35:49.716+0100] {logging_mixin.py:190} INFO - [2024-11-12T17:35:49.716+0100] {dagbag.py:588} INFO - Filling up the DagBag from /home/sakana/anaconda3/envs/airflow_env/lib/python3.8/site-packages/airflow/example_dags/example_latest_only.py
[2024-11-12T17:35:49.725+0100] {processor.py:925} INFO - DAG(s) 'latest_only' retrieved from /home/sakana/anaconda3/envs/airflow_env/lib/python3.8/site-packages/airflow/example_dags/example_latest_only.py
[2024-11-12T17:35:49.743+0100] {logging_mixin.py:190} INFO - [2024-11-12T17:35:49.743+0100] {dag.py:3239} INFO - Sync 1 DAGs
[2024-11-12T17:35:49.765+0100] {logging_mixin.py:190} INFO - [2024-11-12T17:35:49.765+0100] {dag.py:4180} INFO - Setting next_dagrun for latest_only to 2024-11-12 12:00:00+00:00, run_after=2024-11-12 16:00:00+00:00
[2024-11-12T17:35:49.789+0100] {processor.py:208} INFO - Processing /home/sakana/anaconda3/envs/airflow_env/lib/python3.8/site-packages/airflow/example_dags/example_latest_only.py took 0.089 seconds
[2024-11-12T17:36:48.065+0100] {processor.py:186} INFO - Started process (PID=11303) to work on /home/sakana/anaconda3/envs/airflow_env/lib/python3.8/site-packages/airflow/example_dags/example_latest_only.py
[2024-11-12T17:36:48.071+0100] {processor.py:914} INFO - Processing file /home/sakana/anaconda3/envs/airflow_env/lib/python3.8/site-packages/airflow/example_dags/example_latest_only.py for tasks to queue
[2024-11-12T17:36:48.077+0100] {logging_mixin.py:190} INFO - [2024-11-12T17:36:48.076+0100] {dagbag.py:588} INFO - Filling up the DagBag from /home/sakana/anaconda3/envs/airflow_env/lib/python3.8/site-packages/airflow/example_dags/example_latest_only.py
[2024-11-12T17:36:48.093+0100] {processor.py:925} INFO - DAG(s) 'latest_only' retrieved from /home/sakana/anaconda3/envs/airflow_env/lib/python3.8/site-packages/airflow/example_dags/example_latest_only.py
[2024-11-12T17:36:48.110+0100] {logging_mixin.py:190} INFO - [2024-11-12T17:36:48.110+0100] {dag.py:3239} INFO - Sync 1 DAGs
[2024-11-12T17:36:48.132+0100] {logging_mixin.py:190} INFO - [2024-11-12T17:36:48.132+0100] {dag.py:4180} INFO - Setting next_dagrun for latest_only to 2024-11-12 12:00:00+00:00, run_after=2024-11-12 16:00:00+00:00
[2024-11-12T17:36:48.157+0100] {processor.py:208} INFO - Processing /home/sakana/anaconda3/envs/airflow_env/lib/python3.8/site-packages/airflow/example_dags/example_latest_only.py took 0.099 seconds
