[2024-11-12T01:01:37.274+0100] {processor.py:186} INFO - Started process (PID=31399) to work on /home/sakana/anaconda3/envs/airflow_env/lib/python3.8/site-packages/airflow/example_dags/example_outlet_event_extra.py
[2024-11-12T01:01:37.276+0100] {processor.py:914} INFO - Processing file /home/sakana/anaconda3/envs/airflow_env/lib/python3.8/site-packages/airflow/example_dags/example_outlet_event_extra.py for tasks to queue
[2024-11-12T01:01:37.279+0100] {logging_mixin.py:190} INFO - [2024-11-12T01:01:37.278+0100] {dagbag.py:588} INFO - Filling up the DagBag from /home/sakana/anaconda3/envs/airflow_env/lib/python3.8/site-packages/airflow/example_dags/example_outlet_event_extra.py
[2024-11-12T01:01:37.311+0100] {processor.py:925} INFO - DAG(s) 'dataset_with_extra_from_classic_operator', 'dataset_with_extra_by_yield', 'dataset_with_extra_by_context' retrieved from /home/sakana/anaconda3/envs/airflow_env/lib/python3.8/site-packages/airflow/example_dags/example_outlet_event_extra.py
[2024-11-12T01:01:37.354+0100] {logging_mixin.py:190} INFO - [2024-11-12T01:01:37.354+0100] {dag.py:3239} INFO - Sync 3 DAGs
[2024-11-12T01:01:37.407+0100] {logging_mixin.py:190} INFO - [2024-11-12T01:01:37.406+0100] {dag.py:4180} INFO - Setting next_dagrun for dataset_with_extra_by_context to 2024-11-11 00:00:00+00:00, run_after=2024-11-12 00:00:00+00:00
[2024-11-12T01:01:37.418+0100] {logging_mixin.py:190} INFO - [2024-11-12T01:01:37.417+0100] {dag.py:4180} INFO - Setting next_dagrun for dataset_with_extra_by_yield to 2024-11-11 00:00:00+00:00, run_after=2024-11-12 00:00:00+00:00
[2024-11-12T01:01:37.422+0100] {logging_mixin.py:190} INFO - [2024-11-12T01:01:37.422+0100] {dag.py:4180} INFO - Setting next_dagrun for dataset_with_extra_from_classic_operator to 2024-11-11 00:00:00+00:00, run_after=2024-11-12 00:00:00+00:00
[2024-11-12T01:01:37.488+0100] {processor.py:208} INFO - Processing /home/sakana/anaconda3/envs/airflow_env/lib/python3.8/site-packages/airflow/example_dags/example_outlet_event_extra.py took 0.230 seconds
[2024-11-12T01:02:42.021+0100] {processor.py:186} INFO - Started process (PID=31939) to work on /home/sakana/anaconda3/envs/airflow_env/lib/python3.8/site-packages/airflow/example_dags/example_outlet_event_extra.py
[2024-11-12T01:02:42.022+0100] {processor.py:914} INFO - Processing file /home/sakana/anaconda3/envs/airflow_env/lib/python3.8/site-packages/airflow/example_dags/example_outlet_event_extra.py for tasks to queue
[2024-11-12T01:02:42.025+0100] {logging_mixin.py:190} INFO - [2024-11-12T01:02:42.024+0100] {dagbag.py:588} INFO - Filling up the DagBag from /home/sakana/anaconda3/envs/airflow_env/lib/python3.8/site-packages/airflow/example_dags/example_outlet_event_extra.py
[2024-11-12T01:02:42.042+0100] {processor.py:925} INFO - DAG(s) 'dataset_with_extra_from_classic_operator', 'dataset_with_extra_by_yield', 'dataset_with_extra_by_context' retrieved from /home/sakana/anaconda3/envs/airflow_env/lib/python3.8/site-packages/airflow/example_dags/example_outlet_event_extra.py
[2024-11-12T01:02:42.067+0100] {logging_mixin.py:190} INFO - [2024-11-12T01:02:42.067+0100] {dag.py:3239} INFO - Sync 3 DAGs
[2024-11-12T01:02:42.097+0100] {logging_mixin.py:190} INFO - [2024-11-12T01:02:42.097+0100] {dag.py:4180} INFO - Setting next_dagrun for dataset_with_extra_by_context to 2024-11-11 00:00:00+00:00, run_after=2024-11-12 00:00:00+00:00
[2024-11-12T01:02:42.107+0100] {logging_mixin.py:190} INFO - [2024-11-12T01:02:42.107+0100] {dag.py:4180} INFO - Setting next_dagrun for dataset_with_extra_by_yield to 2024-11-11 00:00:00+00:00, run_after=2024-11-12 00:00:00+00:00
[2024-11-12T01:02:42.113+0100] {logging_mixin.py:190} INFO - [2024-11-12T01:02:42.113+0100] {dag.py:4180} INFO - Setting next_dagrun for dataset_with_extra_from_classic_operator to 2024-11-11 00:00:00+00:00, run_after=2024-11-12 00:00:00+00:00
[2024-11-12T01:02:42.160+0100] {processor.py:208} INFO - Processing /home/sakana/anaconda3/envs/airflow_env/lib/python3.8/site-packages/airflow/example_dags/example_outlet_event_extra.py took 0.146 seconds
[2024-11-12T01:03:45.085+0100] {processor.py:186} INFO - Started process (PID=32339) to work on /home/sakana/anaconda3/envs/airflow_env/lib/python3.8/site-packages/airflow/example_dags/example_outlet_event_extra.py
[2024-11-12T01:03:45.090+0100] {processor.py:914} INFO - Processing file /home/sakana/anaconda3/envs/airflow_env/lib/python3.8/site-packages/airflow/example_dags/example_outlet_event_extra.py for tasks to queue
[2024-11-12T01:03:45.093+0100] {logging_mixin.py:190} INFO - [2024-11-12T01:03:45.092+0100] {dagbag.py:588} INFO - Filling up the DagBag from /home/sakana/anaconda3/envs/airflow_env/lib/python3.8/site-packages/airflow/example_dags/example_outlet_event_extra.py
[2024-11-12T01:03:45.110+0100] {processor.py:925} INFO - DAG(s) 'dataset_with_extra_by_yield', 'dataset_with_extra_from_classic_operator', 'dataset_with_extra_by_context' retrieved from /home/sakana/anaconda3/envs/airflow_env/lib/python3.8/site-packages/airflow/example_dags/example_outlet_event_extra.py
[2024-11-12T01:03:45.134+0100] {logging_mixin.py:190} INFO - [2024-11-12T01:03:45.134+0100] {dag.py:3239} INFO - Sync 3 DAGs
[2024-11-12T01:03:45.158+0100] {logging_mixin.py:190} INFO - [2024-11-12T01:03:45.157+0100] {dag.py:4180} INFO - Setting next_dagrun for dataset_with_extra_by_context to 2024-11-11 00:00:00+00:00, run_after=2024-11-12 00:00:00+00:00
[2024-11-12T01:03:45.162+0100] {logging_mixin.py:190} INFO - [2024-11-12T01:03:45.161+0100] {dag.py:4180} INFO - Setting next_dagrun for dataset_with_extra_by_yield to 2024-11-11 00:00:00+00:00, run_after=2024-11-12 00:00:00+00:00
[2024-11-12T01:03:45.164+0100] {logging_mixin.py:190} INFO - [2024-11-12T01:03:45.163+0100] {dag.py:4180} INFO - Setting next_dagrun for dataset_with_extra_from_classic_operator to 2024-11-11 00:00:00+00:00, run_after=2024-11-12 00:00:00+00:00
[2024-11-12T01:03:45.239+0100] {processor.py:208} INFO - Processing /home/sakana/anaconda3/envs/airflow_env/lib/python3.8/site-packages/airflow/example_dags/example_outlet_event_extra.py took 0.161 seconds
[2024-11-12T01:10:21.947+0100] {processor.py:186} INFO - Started process (PID=4159) to work on /home/sakana/anaconda3/envs/airflow_env/lib/python3.8/site-packages/airflow/example_dags/example_outlet_event_extra.py
[2024-11-12T01:10:21.949+0100] {processor.py:914} INFO - Processing file /home/sakana/anaconda3/envs/airflow_env/lib/python3.8/site-packages/airflow/example_dags/example_outlet_event_extra.py for tasks to queue
[2024-11-12T01:10:21.954+0100] {logging_mixin.py:190} INFO - [2024-11-12T01:10:21.953+0100] {dagbag.py:588} INFO - Filling up the DagBag from /home/sakana/anaconda3/envs/airflow_env/lib/python3.8/site-packages/airflow/example_dags/example_outlet_event_extra.py
[2024-11-12T01:10:21.975+0100] {processor.py:925} INFO - DAG(s) 'dataset_with_extra_by_yield', 'dataset_with_extra_from_classic_operator', 'dataset_with_extra_by_context' retrieved from /home/sakana/anaconda3/envs/airflow_env/lib/python3.8/site-packages/airflow/example_dags/example_outlet_event_extra.py
[2024-11-12T01:10:21.995+0100] {logging_mixin.py:190} INFO - [2024-11-12T01:10:21.995+0100] {dag.py:3239} INFO - Sync 3 DAGs
[2024-11-12T01:10:22.013+0100] {logging_mixin.py:190} INFO - [2024-11-12T01:10:22.013+0100] {dag.py:4180} INFO - Setting next_dagrun for dataset_with_extra_by_context to 2024-11-11 00:00:00+00:00, run_after=2024-11-12 00:00:00+00:00
[2024-11-12T01:10:22.017+0100] {logging_mixin.py:190} INFO - [2024-11-12T01:10:22.017+0100] {dag.py:4180} INFO - Setting next_dagrun for dataset_with_extra_by_yield to 2024-11-11 00:00:00+00:00, run_after=2024-11-12 00:00:00+00:00
[2024-11-12T01:10:22.019+0100] {logging_mixin.py:190} INFO - [2024-11-12T01:10:22.019+0100] {dag.py:4180} INFO - Setting next_dagrun for dataset_with_extra_from_classic_operator to 2024-11-11 00:00:00+00:00, run_after=2024-11-12 00:00:00+00:00
[2024-11-12T01:10:22.044+0100] {processor.py:208} INFO - Processing /home/sakana/anaconda3/envs/airflow_env/lib/python3.8/site-packages/airflow/example_dags/example_outlet_event_extra.py took 0.112 seconds
[2024-11-12T01:11:25.467+0100] {processor.py:186} INFO - Started process (PID=4222) to work on /home/sakana/anaconda3/envs/airflow_env/lib/python3.8/site-packages/airflow/example_dags/example_outlet_event_extra.py
[2024-11-12T01:11:25.472+0100] {processor.py:914} INFO - Processing file /home/sakana/anaconda3/envs/airflow_env/lib/python3.8/site-packages/airflow/example_dags/example_outlet_event_extra.py for tasks to queue
[2024-11-12T01:11:25.474+0100] {logging_mixin.py:190} INFO - [2024-11-12T01:11:25.474+0100] {dagbag.py:588} INFO - Filling up the DagBag from /home/sakana/anaconda3/envs/airflow_env/lib/python3.8/site-packages/airflow/example_dags/example_outlet_event_extra.py
[2024-11-12T01:11:25.490+0100] {processor.py:925} INFO - DAG(s) 'dataset_with_extra_from_classic_operator', 'dataset_with_extra_by_yield', 'dataset_with_extra_by_context' retrieved from /home/sakana/anaconda3/envs/airflow_env/lib/python3.8/site-packages/airflow/example_dags/example_outlet_event_extra.py
[2024-11-12T01:11:25.509+0100] {logging_mixin.py:190} INFO - [2024-11-12T01:11:25.509+0100] {dag.py:3239} INFO - Sync 3 DAGs
[2024-11-12T01:11:25.527+0100] {logging_mixin.py:190} INFO - [2024-11-12T01:11:25.527+0100] {dag.py:4180} INFO - Setting next_dagrun for dataset_with_extra_by_context to 2024-11-11 00:00:00+00:00, run_after=2024-11-12 00:00:00+00:00
[2024-11-12T01:11:25.531+0100] {logging_mixin.py:190} INFO - [2024-11-12T01:11:25.531+0100] {dag.py:4180} INFO - Setting next_dagrun for dataset_with_extra_by_yield to 2024-11-11 00:00:00+00:00, run_after=2024-11-12 00:00:00+00:00
[2024-11-12T01:11:25.534+0100] {logging_mixin.py:190} INFO - [2024-11-12T01:11:25.534+0100] {dag.py:4180} INFO - Setting next_dagrun for dataset_with_extra_from_classic_operator to 2024-11-11 00:00:00+00:00, run_after=2024-11-12 00:00:00+00:00
[2024-11-12T01:11:25.559+0100] {processor.py:208} INFO - Processing /home/sakana/anaconda3/envs/airflow_env/lib/python3.8/site-packages/airflow/example_dags/example_outlet_event_extra.py took 0.098 seconds
[2024-11-12T01:12:23.914+0100] {processor.py:186} INFO - Started process (PID=4368) to work on /home/sakana/anaconda3/envs/airflow_env/lib/python3.8/site-packages/airflow/example_dags/example_outlet_event_extra.py
[2024-11-12T01:12:23.916+0100] {processor.py:914} INFO - Processing file /home/sakana/anaconda3/envs/airflow_env/lib/python3.8/site-packages/airflow/example_dags/example_outlet_event_extra.py for tasks to queue
[2024-11-12T01:12:23.918+0100] {logging_mixin.py:190} INFO - [2024-11-12T01:12:23.917+0100] {dagbag.py:588} INFO - Filling up the DagBag from /home/sakana/anaconda3/envs/airflow_env/lib/python3.8/site-packages/airflow/example_dags/example_outlet_event_extra.py
[2024-11-12T01:12:23.933+0100] {processor.py:925} INFO - DAG(s) 'dataset_with_extra_by_context', 'dataset_with_extra_by_yield', 'dataset_with_extra_from_classic_operator' retrieved from /home/sakana/anaconda3/envs/airflow_env/lib/python3.8/site-packages/airflow/example_dags/example_outlet_event_extra.py
[2024-11-12T01:12:23.958+0100] {logging_mixin.py:190} INFO - [2024-11-12T01:12:23.958+0100] {dag.py:3239} INFO - Sync 3 DAGs
[2024-11-12T01:12:23.982+0100] {logging_mixin.py:190} INFO - [2024-11-12T01:12:23.982+0100] {dag.py:4180} INFO - Setting next_dagrun for dataset_with_extra_by_context to 2024-11-11 00:00:00+00:00, run_after=2024-11-12 00:00:00+00:00
[2024-11-12T01:12:23.987+0100] {logging_mixin.py:190} INFO - [2024-11-12T01:12:23.987+0100] {dag.py:4180} INFO - Setting next_dagrun for dataset_with_extra_by_yield to 2024-11-11 00:00:00+00:00, run_after=2024-11-12 00:00:00+00:00
[2024-11-12T01:12:23.990+0100] {logging_mixin.py:190} INFO - [2024-11-12T01:12:23.990+0100] {dag.py:4180} INFO - Setting next_dagrun for dataset_with_extra_from_classic_operator to 2024-11-11 00:00:00+00:00, run_after=2024-11-12 00:00:00+00:00
[2024-11-12T01:12:24.017+0100] {processor.py:208} INFO - Processing /home/sakana/anaconda3/envs/airflow_env/lib/python3.8/site-packages/airflow/example_dags/example_outlet_event_extra.py took 0.110 seconds
[2024-11-12T16:38:00.204+0100] {processor.py:186} INFO - Started process (PID=6619) to work on /home/sakana/anaconda3/envs/airflow_env/lib/python3.8/site-packages/airflow/example_dags/example_outlet_event_extra.py
[2024-11-12T16:38:00.210+0100] {processor.py:914} INFO - Processing file /home/sakana/anaconda3/envs/airflow_env/lib/python3.8/site-packages/airflow/example_dags/example_outlet_event_extra.py for tasks to queue
[2024-11-12T16:38:00.212+0100] {logging_mixin.py:190} INFO - [2024-11-12T16:38:00.212+0100] {dagbag.py:588} INFO - Filling up the DagBag from /home/sakana/anaconda3/envs/airflow_env/lib/python3.8/site-packages/airflow/example_dags/example_outlet_event_extra.py
[2024-11-12T16:38:00.229+0100] {processor.py:925} INFO - DAG(s) 'dataset_with_extra_by_context', 'dataset_with_extra_by_yield', 'dataset_with_extra_from_classic_operator' retrieved from /home/sakana/anaconda3/envs/airflow_env/lib/python3.8/site-packages/airflow/example_dags/example_outlet_event_extra.py
[2024-11-12T16:38:00.254+0100] {logging_mixin.py:190} INFO - [2024-11-12T16:38:00.254+0100] {dag.py:3239} INFO - Sync 3 DAGs
[2024-11-12T16:38:00.274+0100] {logging_mixin.py:190} INFO - [2024-11-12T16:38:00.274+0100] {dag.py:4180} INFO - Setting next_dagrun for dataset_with_extra_by_context to 2024-11-11 00:00:00+00:00, run_after=2024-11-12 00:00:00+00:00
[2024-11-12T16:38:00.279+0100] {logging_mixin.py:190} INFO - [2024-11-12T16:38:00.278+0100] {dag.py:4180} INFO - Setting next_dagrun for dataset_with_extra_by_yield to 2024-11-11 00:00:00+00:00, run_after=2024-11-12 00:00:00+00:00
[2024-11-12T16:38:00.281+0100] {logging_mixin.py:190} INFO - [2024-11-12T16:38:00.281+0100] {dag.py:4180} INFO - Setting next_dagrun for dataset_with_extra_from_classic_operator to 2024-11-11 00:00:00+00:00, run_after=2024-11-12 00:00:00+00:00
[2024-11-12T16:38:00.314+0100] {processor.py:208} INFO - Processing /home/sakana/anaconda3/envs/airflow_env/lib/python3.8/site-packages/airflow/example_dags/example_outlet_event_extra.py took 0.116 seconds
[2024-11-12T16:40:04.796+0100] {processor.py:186} INFO - Started process (PID=6975) to work on /home/sakana/anaconda3/envs/airflow_env/lib/python3.8/site-packages/airflow/example_dags/example_outlet_event_extra.py
[2024-11-12T16:40:04.797+0100] {processor.py:914} INFO - Processing file /home/sakana/anaconda3/envs/airflow_env/lib/python3.8/site-packages/airflow/example_dags/example_outlet_event_extra.py for tasks to queue
[2024-11-12T16:40:04.799+0100] {logging_mixin.py:190} INFO - [2024-11-12T16:40:04.799+0100] {dagbag.py:588} INFO - Filling up the DagBag from /home/sakana/anaconda3/envs/airflow_env/lib/python3.8/site-packages/airflow/example_dags/example_outlet_event_extra.py
[2024-11-12T16:40:04.817+0100] {processor.py:925} INFO - DAG(s) 'dataset_with_extra_by_yield', 'dataset_with_extra_from_classic_operator', 'dataset_with_extra_by_context' retrieved from /home/sakana/anaconda3/envs/airflow_env/lib/python3.8/site-packages/airflow/example_dags/example_outlet_event_extra.py
[2024-11-12T16:40:04.844+0100] {logging_mixin.py:190} INFO - [2024-11-12T16:40:04.844+0100] {dag.py:3239} INFO - Sync 3 DAGs
[2024-11-12T16:40:04.876+0100] {logging_mixin.py:190} INFO - [2024-11-12T16:40:04.875+0100] {dag.py:4180} INFO - Setting next_dagrun for dataset_with_extra_by_context to 2024-11-11 00:00:00+00:00, run_after=2024-11-12 00:00:00+00:00
[2024-11-12T16:40:04.881+0100] {logging_mixin.py:190} INFO - [2024-11-12T16:40:04.880+0100] {dag.py:4180} INFO - Setting next_dagrun for dataset_with_extra_by_yield to 2024-11-11 00:00:00+00:00, run_after=2024-11-12 00:00:00+00:00
[2024-11-12T16:40:04.884+0100] {logging_mixin.py:190} INFO - [2024-11-12T16:40:04.884+0100] {dag.py:4180} INFO - Setting next_dagrun for dataset_with_extra_from_classic_operator to 2024-11-11 00:00:00+00:00, run_after=2024-11-12 00:00:00+00:00
[2024-11-12T16:40:04.914+0100] {processor.py:208} INFO - Processing /home/sakana/anaconda3/envs/airflow_env/lib/python3.8/site-packages/airflow/example_dags/example_outlet_event_extra.py took 0.126 seconds
[2024-11-12T16:41:17.760+0100] {processor.py:186} INFO - Started process (PID=7109) to work on /home/sakana/anaconda3/envs/airflow_env/lib/python3.8/site-packages/airflow/example_dags/example_outlet_event_extra.py
[2024-11-12T16:41:17.765+0100] {processor.py:914} INFO - Processing file /home/sakana/anaconda3/envs/airflow_env/lib/python3.8/site-packages/airflow/example_dags/example_outlet_event_extra.py for tasks to queue
[2024-11-12T16:41:17.767+0100] {logging_mixin.py:190} INFO - [2024-11-12T16:41:17.767+0100] {dagbag.py:588} INFO - Filling up the DagBag from /home/sakana/anaconda3/envs/airflow_env/lib/python3.8/site-packages/airflow/example_dags/example_outlet_event_extra.py
[2024-11-12T16:41:17.782+0100] {processor.py:925} INFO - DAG(s) 'dataset_with_extra_by_yield', 'dataset_with_extra_by_context', 'dataset_with_extra_from_classic_operator' retrieved from /home/sakana/anaconda3/envs/airflow_env/lib/python3.8/site-packages/airflow/example_dags/example_outlet_event_extra.py
[2024-11-12T16:41:17.801+0100] {logging_mixin.py:190} INFO - [2024-11-12T16:41:17.801+0100] {dag.py:3239} INFO - Sync 3 DAGs
[2024-11-12T16:41:17.821+0100] {logging_mixin.py:190} INFO - [2024-11-12T16:41:17.820+0100] {dag.py:4180} INFO - Setting next_dagrun for dataset_with_extra_by_context to 2024-11-11 00:00:00+00:00, run_after=2024-11-12 00:00:00+00:00
[2024-11-12T16:41:17.826+0100] {logging_mixin.py:190} INFO - [2024-11-12T16:41:17.826+0100] {dag.py:4180} INFO - Setting next_dagrun for dataset_with_extra_by_yield to 2024-11-11 00:00:00+00:00, run_after=2024-11-12 00:00:00+00:00
[2024-11-12T16:41:17.829+0100] {logging_mixin.py:190} INFO - [2024-11-12T16:41:17.828+0100] {dag.py:4180} INFO - Setting next_dagrun for dataset_with_extra_from_classic_operator to 2024-11-11 00:00:00+00:00, run_after=2024-11-12 00:00:00+00:00
[2024-11-12T16:41:17.872+0100] {processor.py:208} INFO - Processing /home/sakana/anaconda3/envs/airflow_env/lib/python3.8/site-packages/airflow/example_dags/example_outlet_event_extra.py took 0.118 seconds
[2024-11-12T16:42:15.405+0100] {processor.py:186} INFO - Started process (PID=7179) to work on /home/sakana/anaconda3/envs/airflow_env/lib/python3.8/site-packages/airflow/example_dags/example_outlet_event_extra.py
[2024-11-12T16:42:15.410+0100] {processor.py:914} INFO - Processing file /home/sakana/anaconda3/envs/airflow_env/lib/python3.8/site-packages/airflow/example_dags/example_outlet_event_extra.py for tasks to queue
[2024-11-12T16:42:15.412+0100] {logging_mixin.py:190} INFO - [2024-11-12T16:42:15.411+0100] {dagbag.py:588} INFO - Filling up the DagBag from /home/sakana/anaconda3/envs/airflow_env/lib/python3.8/site-packages/airflow/example_dags/example_outlet_event_extra.py
[2024-11-12T16:42:15.426+0100] {processor.py:925} INFO - DAG(s) 'dataset_with_extra_from_classic_operator', 'dataset_with_extra_by_yield', 'dataset_with_extra_by_context' retrieved from /home/sakana/anaconda3/envs/airflow_env/lib/python3.8/site-packages/airflow/example_dags/example_outlet_event_extra.py
[2024-11-12T16:42:15.447+0100] {logging_mixin.py:190} INFO - [2024-11-12T16:42:15.447+0100] {dag.py:3239} INFO - Sync 3 DAGs
[2024-11-12T16:42:15.471+0100] {logging_mixin.py:190} INFO - [2024-11-12T16:42:15.471+0100] {dag.py:4180} INFO - Setting next_dagrun for dataset_with_extra_by_context to 2024-11-11 00:00:00+00:00, run_after=2024-11-12 00:00:00+00:00
[2024-11-12T16:42:15.476+0100] {logging_mixin.py:190} INFO - [2024-11-12T16:42:15.475+0100] {dag.py:4180} INFO - Setting next_dagrun for dataset_with_extra_by_yield to 2024-11-11 00:00:00+00:00, run_after=2024-11-12 00:00:00+00:00
[2024-11-12T16:42:15.478+0100] {logging_mixin.py:190} INFO - [2024-11-12T16:42:15.478+0100] {dag.py:4180} INFO - Setting next_dagrun for dataset_with_extra_from_classic_operator to 2024-11-11 00:00:00+00:00, run_after=2024-11-12 00:00:00+00:00
[2024-11-12T16:42:15.505+0100] {processor.py:208} INFO - Processing /home/sakana/anaconda3/envs/airflow_env/lib/python3.8/site-packages/airflow/example_dags/example_outlet_event_extra.py took 0.106 seconds
[2024-11-12T16:43:12.434+0100] {processor.py:186} INFO - Started process (PID=7342) to work on /home/sakana/anaconda3/envs/airflow_env/lib/python3.8/site-packages/airflow/example_dags/example_outlet_event_extra.py
[2024-11-12T16:43:12.439+0100] {processor.py:914} INFO - Processing file /home/sakana/anaconda3/envs/airflow_env/lib/python3.8/site-packages/airflow/example_dags/example_outlet_event_extra.py for tasks to queue
[2024-11-12T16:43:12.443+0100] {logging_mixin.py:190} INFO - [2024-11-12T16:43:12.442+0100] {dagbag.py:588} INFO - Filling up the DagBag from /home/sakana/anaconda3/envs/airflow_env/lib/python3.8/site-packages/airflow/example_dags/example_outlet_event_extra.py
[2024-11-12T16:43:12.462+0100] {processor.py:925} INFO - DAG(s) 'dataset_with_extra_by_yield', 'dataset_with_extra_from_classic_operator', 'dataset_with_extra_by_context' retrieved from /home/sakana/anaconda3/envs/airflow_env/lib/python3.8/site-packages/airflow/example_dags/example_outlet_event_extra.py
[2024-11-12T16:43:12.488+0100] {logging_mixin.py:190} INFO - [2024-11-12T16:43:12.487+0100] {dag.py:3239} INFO - Sync 3 DAGs
[2024-11-12T16:43:12.516+0100] {logging_mixin.py:190} INFO - [2024-11-12T16:43:12.516+0100] {dag.py:4180} INFO - Setting next_dagrun for dataset_with_extra_by_context to 2024-11-11 00:00:00+00:00, run_after=2024-11-12 00:00:00+00:00
[2024-11-12T16:43:12.524+0100] {logging_mixin.py:190} INFO - [2024-11-12T16:43:12.524+0100] {dag.py:4180} INFO - Setting next_dagrun for dataset_with_extra_by_yield to 2024-11-11 00:00:00+00:00, run_after=2024-11-12 00:00:00+00:00
[2024-11-12T16:43:12.528+0100] {logging_mixin.py:190} INFO - [2024-11-12T16:43:12.528+0100] {dag.py:4180} INFO - Setting next_dagrun for dataset_with_extra_from_classic_operator to 2024-11-11 00:00:00+00:00, run_after=2024-11-12 00:00:00+00:00
[2024-11-12T16:43:12.595+0100] {processor.py:208} INFO - Processing /home/sakana/anaconda3/envs/airflow_env/lib/python3.8/site-packages/airflow/example_dags/example_outlet_event_extra.py took 0.170 seconds
[2024-11-12T16:44:10.277+0100] {processor.py:186} INFO - Started process (PID=7429) to work on /home/sakana/anaconda3/envs/airflow_env/lib/python3.8/site-packages/airflow/example_dags/example_outlet_event_extra.py
[2024-11-12T16:44:10.279+0100] {processor.py:914} INFO - Processing file /home/sakana/anaconda3/envs/airflow_env/lib/python3.8/site-packages/airflow/example_dags/example_outlet_event_extra.py for tasks to queue
[2024-11-12T16:44:10.283+0100] {logging_mixin.py:190} INFO - [2024-11-12T16:44:10.282+0100] {dagbag.py:588} INFO - Filling up the DagBag from /home/sakana/anaconda3/envs/airflow_env/lib/python3.8/site-packages/airflow/example_dags/example_outlet_event_extra.py
[2024-11-12T16:44:10.314+0100] {processor.py:925} INFO - DAG(s) 'dataset_with_extra_by_yield', 'dataset_with_extra_by_context', 'dataset_with_extra_from_classic_operator' retrieved from /home/sakana/anaconda3/envs/airflow_env/lib/python3.8/site-packages/airflow/example_dags/example_outlet_event_extra.py
[2024-11-12T16:44:10.352+0100] {logging_mixin.py:190} INFO - [2024-11-12T16:44:10.352+0100] {dag.py:3239} INFO - Sync 3 DAGs
[2024-11-12T16:44:10.407+0100] {logging_mixin.py:190} INFO - [2024-11-12T16:44:10.406+0100] {dag.py:4180} INFO - Setting next_dagrun for dataset_with_extra_by_context to 2024-11-11 00:00:00+00:00, run_after=2024-11-12 00:00:00+00:00
[2024-11-12T16:44:10.415+0100] {logging_mixin.py:190} INFO - [2024-11-12T16:44:10.415+0100] {dag.py:4180} INFO - Setting next_dagrun for dataset_with_extra_by_yield to 2024-11-11 00:00:00+00:00, run_after=2024-11-12 00:00:00+00:00
[2024-11-12T16:44:10.420+0100] {logging_mixin.py:190} INFO - [2024-11-12T16:44:10.420+0100] {dag.py:4180} INFO - Setting next_dagrun for dataset_with_extra_from_classic_operator to 2024-11-11 00:00:00+00:00, run_after=2024-11-12 00:00:00+00:00
[2024-11-12T16:44:10.477+0100] {processor.py:208} INFO - Processing /home/sakana/anaconda3/envs/airflow_env/lib/python3.8/site-packages/airflow/example_dags/example_outlet_event_extra.py took 0.210 seconds
[2024-11-12T16:45:07.166+0100] {processor.py:186} INFO - Started process (PID=7500) to work on /home/sakana/anaconda3/envs/airflow_env/lib/python3.8/site-packages/airflow/example_dags/example_outlet_event_extra.py
[2024-11-12T16:45:07.172+0100] {processor.py:914} INFO - Processing file /home/sakana/anaconda3/envs/airflow_env/lib/python3.8/site-packages/airflow/example_dags/example_outlet_event_extra.py for tasks to queue
[2024-11-12T16:45:07.174+0100] {logging_mixin.py:190} INFO - [2024-11-12T16:45:07.173+0100] {dagbag.py:588} INFO - Filling up the DagBag from /home/sakana/anaconda3/envs/airflow_env/lib/python3.8/site-packages/airflow/example_dags/example_outlet_event_extra.py
[2024-11-12T16:45:07.187+0100] {processor.py:925} INFO - DAG(s) 'dataset_with_extra_by_context', 'dataset_with_extra_from_classic_operator', 'dataset_with_extra_by_yield' retrieved from /home/sakana/anaconda3/envs/airflow_env/lib/python3.8/site-packages/airflow/example_dags/example_outlet_event_extra.py
[2024-11-12T16:45:07.207+0100] {logging_mixin.py:190} INFO - [2024-11-12T16:45:07.207+0100] {dag.py:3239} INFO - Sync 3 DAGs
[2024-11-12T16:45:07.230+0100] {logging_mixin.py:190} INFO - [2024-11-12T16:45:07.229+0100] {dag.py:4180} INFO - Setting next_dagrun for dataset_with_extra_by_context to 2024-11-11 00:00:00+00:00, run_after=2024-11-12 00:00:00+00:00
[2024-11-12T16:45:07.234+0100] {logging_mixin.py:190} INFO - [2024-11-12T16:45:07.234+0100] {dag.py:4180} INFO - Setting next_dagrun for dataset_with_extra_by_yield to 2024-11-11 00:00:00+00:00, run_after=2024-11-12 00:00:00+00:00
[2024-11-12T16:45:07.236+0100] {logging_mixin.py:190} INFO - [2024-11-12T16:45:07.236+0100] {dag.py:4180} INFO - Setting next_dagrun for dataset_with_extra_from_classic_operator to 2024-11-11 00:00:00+00:00, run_after=2024-11-12 00:00:00+00:00
[2024-11-12T16:45:07.287+0100] {processor.py:208} INFO - Processing /home/sakana/anaconda3/envs/airflow_env/lib/python3.8/site-packages/airflow/example_dags/example_outlet_event_extra.py took 0.127 seconds
[2024-11-12T16:46:15.072+0100] {processor.py:186} INFO - Started process (PID=7619) to work on /home/sakana/anaconda3/envs/airflow_env/lib/python3.8/site-packages/airflow/example_dags/example_outlet_event_extra.py
[2024-11-12T16:46:15.078+0100] {processor.py:914} INFO - Processing file /home/sakana/anaconda3/envs/airflow_env/lib/python3.8/site-packages/airflow/example_dags/example_outlet_event_extra.py for tasks to queue
[2024-11-12T16:46:15.086+0100] {logging_mixin.py:190} INFO - [2024-11-12T16:46:15.085+0100] {dagbag.py:588} INFO - Filling up the DagBag from /home/sakana/anaconda3/envs/airflow_env/lib/python3.8/site-packages/airflow/example_dags/example_outlet_event_extra.py
[2024-11-12T16:46:15.115+0100] {processor.py:925} INFO - DAG(s) 'dataset_with_extra_by_context', 'dataset_with_extra_from_classic_operator', 'dataset_with_extra_by_yield' retrieved from /home/sakana/anaconda3/envs/airflow_env/lib/python3.8/site-packages/airflow/example_dags/example_outlet_event_extra.py
[2024-11-12T16:46:15.136+0100] {logging_mixin.py:190} INFO - [2024-11-12T16:46:15.136+0100] {dag.py:3239} INFO - Sync 3 DAGs
[2024-11-12T16:46:15.157+0100] {logging_mixin.py:190} INFO - [2024-11-12T16:46:15.156+0100] {dag.py:4180} INFO - Setting next_dagrun for dataset_with_extra_by_context to 2024-11-11 00:00:00+00:00, run_after=2024-11-12 00:00:00+00:00
[2024-11-12T16:46:15.161+0100] {logging_mixin.py:190} INFO - [2024-11-12T16:46:15.161+0100] {dag.py:4180} INFO - Setting next_dagrun for dataset_with_extra_by_yield to 2024-11-11 00:00:00+00:00, run_after=2024-11-12 00:00:00+00:00
[2024-11-12T16:46:15.164+0100] {logging_mixin.py:190} INFO - [2024-11-12T16:46:15.164+0100] {dag.py:4180} INFO - Setting next_dagrun for dataset_with_extra_from_classic_operator to 2024-11-11 00:00:00+00:00, run_after=2024-11-12 00:00:00+00:00
[2024-11-12T16:46:15.194+0100] {processor.py:208} INFO - Processing /home/sakana/anaconda3/envs/airflow_env/lib/python3.8/site-packages/airflow/example_dags/example_outlet_event_extra.py took 0.129 seconds
[2024-11-12T16:47:23.094+0100] {processor.py:186} INFO - Started process (PID=7722) to work on /home/sakana/anaconda3/envs/airflow_env/lib/python3.8/site-packages/airflow/example_dags/example_outlet_event_extra.py
[2024-11-12T16:47:23.099+0100] {processor.py:914} INFO - Processing file /home/sakana/anaconda3/envs/airflow_env/lib/python3.8/site-packages/airflow/example_dags/example_outlet_event_extra.py for tasks to queue
[2024-11-12T16:47:23.101+0100] {logging_mixin.py:190} INFO - [2024-11-12T16:47:23.100+0100] {dagbag.py:588} INFO - Filling up the DagBag from /home/sakana/anaconda3/envs/airflow_env/lib/python3.8/site-packages/airflow/example_dags/example_outlet_event_extra.py
[2024-11-12T16:47:23.115+0100] {processor.py:925} INFO - DAG(s) 'dataset_with_extra_by_yield', 'dataset_with_extra_by_context', 'dataset_with_extra_from_classic_operator' retrieved from /home/sakana/anaconda3/envs/airflow_env/lib/python3.8/site-packages/airflow/example_dags/example_outlet_event_extra.py
[2024-11-12T16:47:23.137+0100] {logging_mixin.py:190} INFO - [2024-11-12T16:47:23.137+0100] {dag.py:3239} INFO - Sync 3 DAGs
[2024-11-12T16:47:23.160+0100] {logging_mixin.py:190} INFO - [2024-11-12T16:47:23.160+0100] {dag.py:4180} INFO - Setting next_dagrun for dataset_with_extra_by_context to 2024-11-11 00:00:00+00:00, run_after=2024-11-12 00:00:00+00:00
[2024-11-12T16:47:23.164+0100] {logging_mixin.py:190} INFO - [2024-11-12T16:47:23.164+0100] {dag.py:4180} INFO - Setting next_dagrun for dataset_with_extra_by_yield to 2024-11-11 00:00:00+00:00, run_after=2024-11-12 00:00:00+00:00
[2024-11-12T16:47:23.166+0100] {logging_mixin.py:190} INFO - [2024-11-12T16:47:23.166+0100] {dag.py:4180} INFO - Setting next_dagrun for dataset_with_extra_from_classic_operator to 2024-11-11 00:00:00+00:00, run_after=2024-11-12 00:00:00+00:00
[2024-11-12T16:47:23.201+0100] {processor.py:208} INFO - Processing /home/sakana/anaconda3/envs/airflow_env/lib/python3.8/site-packages/airflow/example_dags/example_outlet_event_extra.py took 0.113 seconds
[2024-11-12T16:48:20.049+0100] {processor.py:186} INFO - Started process (PID=7869) to work on /home/sakana/anaconda3/envs/airflow_env/lib/python3.8/site-packages/airflow/example_dags/example_outlet_event_extra.py
[2024-11-12T16:48:20.055+0100] {processor.py:914} INFO - Processing file /home/sakana/anaconda3/envs/airflow_env/lib/python3.8/site-packages/airflow/example_dags/example_outlet_event_extra.py for tasks to queue
[2024-11-12T16:48:20.057+0100] {logging_mixin.py:190} INFO - [2024-11-12T16:48:20.056+0100] {dagbag.py:588} INFO - Filling up the DagBag from /home/sakana/anaconda3/envs/airflow_env/lib/python3.8/site-packages/airflow/example_dags/example_outlet_event_extra.py
[2024-11-12T16:48:20.070+0100] {processor.py:925} INFO - DAG(s) 'dataset_with_extra_from_classic_operator', 'dataset_with_extra_by_context', 'dataset_with_extra_by_yield' retrieved from /home/sakana/anaconda3/envs/airflow_env/lib/python3.8/site-packages/airflow/example_dags/example_outlet_event_extra.py
[2024-11-12T16:48:20.089+0100] {logging_mixin.py:190} INFO - [2024-11-12T16:48:20.088+0100] {dag.py:3239} INFO - Sync 3 DAGs
[2024-11-12T16:48:20.114+0100] {logging_mixin.py:190} INFO - [2024-11-12T16:48:20.114+0100] {dag.py:4180} INFO - Setting next_dagrun for dataset_with_extra_by_context to 2024-11-11 00:00:00+00:00, run_after=2024-11-12 00:00:00+00:00
[2024-11-12T16:48:20.118+0100] {logging_mixin.py:190} INFO - [2024-11-12T16:48:20.118+0100] {dag.py:4180} INFO - Setting next_dagrun for dataset_with_extra_by_yield to 2024-11-11 00:00:00+00:00, run_after=2024-11-12 00:00:00+00:00
[2024-11-12T16:48:20.120+0100] {logging_mixin.py:190} INFO - [2024-11-12T16:48:20.120+0100] {dag.py:4180} INFO - Setting next_dagrun for dataset_with_extra_from_classic_operator to 2024-11-11 00:00:00+00:00, run_after=2024-11-12 00:00:00+00:00
[2024-11-12T16:48:20.151+0100] {processor.py:208} INFO - Processing /home/sakana/anaconda3/envs/airflow_env/lib/python3.8/site-packages/airflow/example_dags/example_outlet_event_extra.py took 0.107 seconds
[2024-11-12T16:49:17.774+0100] {processor.py:186} INFO - Started process (PID=7957) to work on /home/sakana/anaconda3/envs/airflow_env/lib/python3.8/site-packages/airflow/example_dags/example_outlet_event_extra.py
[2024-11-12T16:49:17.779+0100] {processor.py:914} INFO - Processing file /home/sakana/anaconda3/envs/airflow_env/lib/python3.8/site-packages/airflow/example_dags/example_outlet_event_extra.py for tasks to queue
[2024-11-12T16:49:17.782+0100] {logging_mixin.py:190} INFO - [2024-11-12T16:49:17.782+0100] {dagbag.py:588} INFO - Filling up the DagBag from /home/sakana/anaconda3/envs/airflow_env/lib/python3.8/site-packages/airflow/example_dags/example_outlet_event_extra.py
[2024-11-12T16:49:17.799+0100] {processor.py:925} INFO - DAG(s) 'dataset_with_extra_by_context', 'dataset_with_extra_by_yield', 'dataset_with_extra_from_classic_operator' retrieved from /home/sakana/anaconda3/envs/airflow_env/lib/python3.8/site-packages/airflow/example_dags/example_outlet_event_extra.py
[2024-11-12T16:49:17.820+0100] {logging_mixin.py:190} INFO - [2024-11-12T16:49:17.819+0100] {dag.py:3239} INFO - Sync 3 DAGs
[2024-11-12T16:49:17.844+0100] {logging_mixin.py:190} INFO - [2024-11-12T16:49:17.844+0100] {dag.py:4180} INFO - Setting next_dagrun for dataset_with_extra_by_context to 2024-11-11 00:00:00+00:00, run_after=2024-11-12 00:00:00+00:00
[2024-11-12T16:49:17.851+0100] {logging_mixin.py:190} INFO - [2024-11-12T16:49:17.851+0100] {dag.py:4180} INFO - Setting next_dagrun for dataset_with_extra_by_yield to 2024-11-11 00:00:00+00:00, run_after=2024-11-12 00:00:00+00:00
[2024-11-12T16:49:17.855+0100] {logging_mixin.py:190} INFO - [2024-11-12T16:49:17.855+0100] {dag.py:4180} INFO - Setting next_dagrun for dataset_with_extra_from_classic_operator to 2024-11-11 00:00:00+00:00, run_after=2024-11-12 00:00:00+00:00
[2024-11-12T16:49:17.894+0100] {processor.py:208} INFO - Processing /home/sakana/anaconda3/envs/airflow_env/lib/python3.8/site-packages/airflow/example_dags/example_outlet_event_extra.py took 0.126 seconds
[2024-11-12T16:50:14.585+0100] {processor.py:186} INFO - Started process (PID=8035) to work on /home/sakana/anaconda3/envs/airflow_env/lib/python3.8/site-packages/airflow/example_dags/example_outlet_event_extra.py
[2024-11-12T16:50:14.592+0100] {processor.py:914} INFO - Processing file /home/sakana/anaconda3/envs/airflow_env/lib/python3.8/site-packages/airflow/example_dags/example_outlet_event_extra.py for tasks to queue
[2024-11-12T16:50:14.597+0100] {logging_mixin.py:190} INFO - [2024-11-12T16:50:14.596+0100] {dagbag.py:588} INFO - Filling up the DagBag from /home/sakana/anaconda3/envs/airflow_env/lib/python3.8/site-packages/airflow/example_dags/example_outlet_event_extra.py
[2024-11-12T16:50:14.616+0100] {processor.py:925} INFO - DAG(s) 'dataset_with_extra_from_classic_operator', 'dataset_with_extra_by_context', 'dataset_with_extra_by_yield' retrieved from /home/sakana/anaconda3/envs/airflow_env/lib/python3.8/site-packages/airflow/example_dags/example_outlet_event_extra.py
[2024-11-12T16:50:14.635+0100] {logging_mixin.py:190} INFO - [2024-11-12T16:50:14.635+0100] {dag.py:3239} INFO - Sync 3 DAGs
[2024-11-12T16:50:14.654+0100] {logging_mixin.py:190} INFO - [2024-11-12T16:50:14.654+0100] {dag.py:4180} INFO - Setting next_dagrun for dataset_with_extra_by_context to 2024-11-11 00:00:00+00:00, run_after=2024-11-12 00:00:00+00:00
[2024-11-12T16:50:14.658+0100] {logging_mixin.py:190} INFO - [2024-11-12T16:50:14.658+0100] {dag.py:4180} INFO - Setting next_dagrun for dataset_with_extra_by_yield to 2024-11-11 00:00:00+00:00, run_after=2024-11-12 00:00:00+00:00
[2024-11-12T16:50:14.660+0100] {logging_mixin.py:190} INFO - [2024-11-12T16:50:14.660+0100] {dag.py:4180} INFO - Setting next_dagrun for dataset_with_extra_from_classic_operator to 2024-11-11 00:00:00+00:00, run_after=2024-11-12 00:00:00+00:00
[2024-11-12T16:50:14.693+0100] {processor.py:208} INFO - Processing /home/sakana/anaconda3/envs/airflow_env/lib/python3.8/site-packages/airflow/example_dags/example_outlet_event_extra.py took 0.123 seconds
[2024-11-12T16:51:13.043+0100] {processor.py:186} INFO - Started process (PID=8101) to work on /home/sakana/anaconda3/envs/airflow_env/lib/python3.8/site-packages/airflow/example_dags/example_outlet_event_extra.py
[2024-11-12T16:51:13.049+0100] {processor.py:914} INFO - Processing file /home/sakana/anaconda3/envs/airflow_env/lib/python3.8/site-packages/airflow/example_dags/example_outlet_event_extra.py for tasks to queue
[2024-11-12T16:51:13.051+0100] {logging_mixin.py:190} INFO - [2024-11-12T16:51:13.050+0100] {dagbag.py:588} INFO - Filling up the DagBag from /home/sakana/anaconda3/envs/airflow_env/lib/python3.8/site-packages/airflow/example_dags/example_outlet_event_extra.py
[2024-11-12T16:51:13.065+0100] {processor.py:925} INFO - DAG(s) 'dataset_with_extra_by_yield', 'dataset_with_extra_by_context', 'dataset_with_extra_from_classic_operator' retrieved from /home/sakana/anaconda3/envs/airflow_env/lib/python3.8/site-packages/airflow/example_dags/example_outlet_event_extra.py
[2024-11-12T16:51:13.084+0100] {logging_mixin.py:190} INFO - [2024-11-12T16:51:13.084+0100] {dag.py:3239} INFO - Sync 3 DAGs
[2024-11-12T16:51:13.107+0100] {logging_mixin.py:190} INFO - [2024-11-12T16:51:13.107+0100] {dag.py:4180} INFO - Setting next_dagrun for dataset_with_extra_by_context to 2024-11-11 00:00:00+00:00, run_after=2024-11-12 00:00:00+00:00
[2024-11-12T16:51:13.112+0100] {logging_mixin.py:190} INFO - [2024-11-12T16:51:13.112+0100] {dag.py:4180} INFO - Setting next_dagrun for dataset_with_extra_by_yield to 2024-11-11 00:00:00+00:00, run_after=2024-11-12 00:00:00+00:00
[2024-11-12T16:51:13.114+0100] {logging_mixin.py:190} INFO - [2024-11-12T16:51:13.114+0100] {dag.py:4180} INFO - Setting next_dagrun for dataset_with_extra_from_classic_operator to 2024-11-11 00:00:00+00:00, run_after=2024-11-12 00:00:00+00:00
[2024-11-12T16:51:13.154+0100] {processor.py:208} INFO - Processing /home/sakana/anaconda3/envs/airflow_env/lib/python3.8/site-packages/airflow/example_dags/example_outlet_event_extra.py took 0.118 seconds
[2024-11-12T16:52:08.644+0100] {processor.py:186} INFO - Started process (PID=8192) to work on /home/sakana/anaconda3/envs/airflow_env/lib/python3.8/site-packages/airflow/example_dags/example_outlet_event_extra.py
[2024-11-12T16:52:08.649+0100] {processor.py:914} INFO - Processing file /home/sakana/anaconda3/envs/airflow_env/lib/python3.8/site-packages/airflow/example_dags/example_outlet_event_extra.py for tasks to queue
[2024-11-12T16:52:08.651+0100] {logging_mixin.py:190} INFO - [2024-11-12T16:52:08.650+0100] {dagbag.py:588} INFO - Filling up the DagBag from /home/sakana/anaconda3/envs/airflow_env/lib/python3.8/site-packages/airflow/example_dags/example_outlet_event_extra.py
[2024-11-12T16:52:08.668+0100] {processor.py:925} INFO - DAG(s) 'dataset_with_extra_by_context', 'dataset_with_extra_from_classic_operator', 'dataset_with_extra_by_yield' retrieved from /home/sakana/anaconda3/envs/airflow_env/lib/python3.8/site-packages/airflow/example_dags/example_outlet_event_extra.py
[2024-11-12T16:52:08.690+0100] {logging_mixin.py:190} INFO - [2024-11-12T16:52:08.690+0100] {dag.py:3239} INFO - Sync 3 DAGs
[2024-11-12T16:52:08.711+0100] {logging_mixin.py:190} INFO - [2024-11-12T16:52:08.710+0100] {dag.py:4180} INFO - Setting next_dagrun for dataset_with_extra_by_context to 2024-11-11 00:00:00+00:00, run_after=2024-11-12 00:00:00+00:00
[2024-11-12T16:52:08.715+0100] {logging_mixin.py:190} INFO - [2024-11-12T16:52:08.714+0100] {dag.py:4180} INFO - Setting next_dagrun for dataset_with_extra_by_yield to 2024-11-11 00:00:00+00:00, run_after=2024-11-12 00:00:00+00:00
[2024-11-12T16:52:08.717+0100] {logging_mixin.py:190} INFO - [2024-11-12T16:52:08.717+0100] {dag.py:4180} INFO - Setting next_dagrun for dataset_with_extra_from_classic_operator to 2024-11-11 00:00:00+00:00, run_after=2024-11-12 00:00:00+00:00
[2024-11-12T16:52:08.752+0100] {processor.py:208} INFO - Processing /home/sakana/anaconda3/envs/airflow_env/lib/python3.8/site-packages/airflow/example_dags/example_outlet_event_extra.py took 0.115 seconds
[2024-11-12T16:53:06.145+0100] {processor.py:186} INFO - Started process (PID=8262) to work on /home/sakana/anaconda3/envs/airflow_env/lib/python3.8/site-packages/airflow/example_dags/example_outlet_event_extra.py
[2024-11-12T16:53:06.150+0100] {processor.py:914} INFO - Processing file /home/sakana/anaconda3/envs/airflow_env/lib/python3.8/site-packages/airflow/example_dags/example_outlet_event_extra.py for tasks to queue
[2024-11-12T16:53:06.152+0100] {logging_mixin.py:190} INFO - [2024-11-12T16:53:06.152+0100] {dagbag.py:588} INFO - Filling up the DagBag from /home/sakana/anaconda3/envs/airflow_env/lib/python3.8/site-packages/airflow/example_dags/example_outlet_event_extra.py
[2024-11-12T16:53:06.167+0100] {processor.py:925} INFO - DAG(s) 'dataset_with_extra_from_classic_operator', 'dataset_with_extra_by_yield', 'dataset_with_extra_by_context' retrieved from /home/sakana/anaconda3/envs/airflow_env/lib/python3.8/site-packages/airflow/example_dags/example_outlet_event_extra.py
[2024-11-12T16:53:06.186+0100] {logging_mixin.py:190} INFO - [2024-11-12T16:53:06.186+0100] {dag.py:3239} INFO - Sync 3 DAGs
[2024-11-12T16:53:06.208+0100] {logging_mixin.py:190} INFO - [2024-11-12T16:53:06.208+0100] {dag.py:4180} INFO - Setting next_dagrun for dataset_with_extra_by_context to 2024-11-11 00:00:00+00:00, run_after=2024-11-12 00:00:00+00:00
[2024-11-12T16:53:06.213+0100] {logging_mixin.py:190} INFO - [2024-11-12T16:53:06.213+0100] {dag.py:4180} INFO - Setting next_dagrun for dataset_with_extra_by_yield to 2024-11-11 00:00:00+00:00, run_after=2024-11-12 00:00:00+00:00
[2024-11-12T16:53:06.215+0100] {logging_mixin.py:190} INFO - [2024-11-12T16:53:06.215+0100] {dag.py:4180} INFO - Setting next_dagrun for dataset_with_extra_from_classic_operator to 2024-11-11 00:00:00+00:00, run_after=2024-11-12 00:00:00+00:00
[2024-11-12T16:53:06.242+0100] {processor.py:208} INFO - Processing /home/sakana/anaconda3/envs/airflow_env/lib/python3.8/site-packages/airflow/example_dags/example_outlet_event_extra.py took 0.103 seconds
[2024-11-12T16:54:01.462+0100] {processor.py:186} INFO - Started process (PID=8394) to work on /home/sakana/anaconda3/envs/airflow_env/lib/python3.8/site-packages/airflow/example_dags/example_outlet_event_extra.py
[2024-11-12T16:54:01.467+0100] {processor.py:914} INFO - Processing file /home/sakana/anaconda3/envs/airflow_env/lib/python3.8/site-packages/airflow/example_dags/example_outlet_event_extra.py for tasks to queue
[2024-11-12T16:54:01.475+0100] {logging_mixin.py:190} INFO - [2024-11-12T16:54:01.473+0100] {dagbag.py:588} INFO - Filling up the DagBag from /home/sakana/anaconda3/envs/airflow_env/lib/python3.8/site-packages/airflow/example_dags/example_outlet_event_extra.py
[2024-11-12T16:54:01.507+0100] {processor.py:925} INFO - DAG(s) 'dataset_with_extra_from_classic_operator', 'dataset_with_extra_by_context', 'dataset_with_extra_by_yield' retrieved from /home/sakana/anaconda3/envs/airflow_env/lib/python3.8/site-packages/airflow/example_dags/example_outlet_event_extra.py
[2024-11-12T16:54:01.534+0100] {logging_mixin.py:190} INFO - [2024-11-12T16:54:01.534+0100] {dag.py:3239} INFO - Sync 3 DAGs
[2024-11-12T16:54:01.560+0100] {logging_mixin.py:190} INFO - [2024-11-12T16:54:01.560+0100] {dag.py:4180} INFO - Setting next_dagrun for dataset_with_extra_by_context to 2024-11-11 00:00:00+00:00, run_after=2024-11-12 00:00:00+00:00
[2024-11-12T16:54:01.566+0100] {logging_mixin.py:190} INFO - [2024-11-12T16:54:01.566+0100] {dag.py:4180} INFO - Setting next_dagrun for dataset_with_extra_by_yield to 2024-11-11 00:00:00+00:00, run_after=2024-11-12 00:00:00+00:00
[2024-11-12T16:54:01.569+0100] {logging_mixin.py:190} INFO - [2024-11-12T16:54:01.568+0100] {dag.py:4180} INFO - Setting next_dagrun for dataset_with_extra_from_classic_operator to 2024-11-11 00:00:00+00:00, run_after=2024-11-12 00:00:00+00:00
[2024-11-12T16:54:01.624+0100] {processor.py:208} INFO - Processing /home/sakana/anaconda3/envs/airflow_env/lib/python3.8/site-packages/airflow/example_dags/example_outlet_event_extra.py took 0.170 seconds
[2024-11-12T16:55:02.752+0100] {processor.py:186} INFO - Started process (PID=8547) to work on /home/sakana/anaconda3/envs/airflow_env/lib/python3.8/site-packages/airflow/example_dags/example_outlet_event_extra.py
[2024-11-12T16:55:02.758+0100] {processor.py:914} INFO - Processing file /home/sakana/anaconda3/envs/airflow_env/lib/python3.8/site-packages/airflow/example_dags/example_outlet_event_extra.py for tasks to queue
[2024-11-12T16:55:02.760+0100] {logging_mixin.py:190} INFO - [2024-11-12T16:55:02.759+0100] {dagbag.py:588} INFO - Filling up the DagBag from /home/sakana/anaconda3/envs/airflow_env/lib/python3.8/site-packages/airflow/example_dags/example_outlet_event_extra.py
[2024-11-12T16:55:02.776+0100] {processor.py:925} INFO - DAG(s) 'dataset_with_extra_by_yield', 'dataset_with_extra_by_context', 'dataset_with_extra_from_classic_operator' retrieved from /home/sakana/anaconda3/envs/airflow_env/lib/python3.8/site-packages/airflow/example_dags/example_outlet_event_extra.py
[2024-11-12T16:55:02.797+0100] {logging_mixin.py:190} INFO - [2024-11-12T16:55:02.797+0100] {dag.py:3239} INFO - Sync 3 DAGs
[2024-11-12T16:55:02.822+0100] {logging_mixin.py:190} INFO - [2024-11-12T16:55:02.821+0100] {dag.py:4180} INFO - Setting next_dagrun for dataset_with_extra_by_context to 2024-11-11 00:00:00+00:00, run_after=2024-11-12 00:00:00+00:00
[2024-11-12T16:55:02.826+0100] {logging_mixin.py:190} INFO - [2024-11-12T16:55:02.826+0100] {dag.py:4180} INFO - Setting next_dagrun for dataset_with_extra_by_yield to 2024-11-11 00:00:00+00:00, run_after=2024-11-12 00:00:00+00:00
[2024-11-12T16:55:02.829+0100] {logging_mixin.py:190} INFO - [2024-11-12T16:55:02.829+0100] {dag.py:4180} INFO - Setting next_dagrun for dataset_with_extra_from_classic_operator to 2024-11-11 00:00:00+00:00, run_after=2024-11-12 00:00:00+00:00
[2024-11-12T16:55:02.855+0100] {processor.py:208} INFO - Processing /home/sakana/anaconda3/envs/airflow_env/lib/python3.8/site-packages/airflow/example_dags/example_outlet_event_extra.py took 0.110 seconds
[2024-11-12T16:56:01.240+0100] {processor.py:186} INFO - Started process (PID=8614) to work on /home/sakana/anaconda3/envs/airflow_env/lib/python3.8/site-packages/airflow/example_dags/example_outlet_event_extra.py
[2024-11-12T16:56:01.245+0100] {processor.py:914} INFO - Processing file /home/sakana/anaconda3/envs/airflow_env/lib/python3.8/site-packages/airflow/example_dags/example_outlet_event_extra.py for tasks to queue
[2024-11-12T16:56:01.247+0100] {logging_mixin.py:190} INFO - [2024-11-12T16:56:01.247+0100] {dagbag.py:588} INFO - Filling up the DagBag from /home/sakana/anaconda3/envs/airflow_env/lib/python3.8/site-packages/airflow/example_dags/example_outlet_event_extra.py
[2024-11-12T16:56:01.263+0100] {processor.py:925} INFO - DAG(s) 'dataset_with_extra_by_yield', 'dataset_with_extra_by_context', 'dataset_with_extra_from_classic_operator' retrieved from /home/sakana/anaconda3/envs/airflow_env/lib/python3.8/site-packages/airflow/example_dags/example_outlet_event_extra.py
[2024-11-12T16:56:01.286+0100] {logging_mixin.py:190} INFO - [2024-11-12T16:56:01.285+0100] {dag.py:3239} INFO - Sync 3 DAGs
[2024-11-12T16:56:01.307+0100] {logging_mixin.py:190} INFO - [2024-11-12T16:56:01.307+0100] {dag.py:4180} INFO - Setting next_dagrun for dataset_with_extra_by_context to 2024-11-11 00:00:00+00:00, run_after=2024-11-12 00:00:00+00:00
[2024-11-12T16:56:01.311+0100] {logging_mixin.py:190} INFO - [2024-11-12T16:56:01.311+0100] {dag.py:4180} INFO - Setting next_dagrun for dataset_with_extra_by_yield to 2024-11-11 00:00:00+00:00, run_after=2024-11-12 00:00:00+00:00
[2024-11-12T16:56:01.313+0100] {logging_mixin.py:190} INFO - [2024-11-12T16:56:01.313+0100] {dag.py:4180} INFO - Setting next_dagrun for dataset_with_extra_from_classic_operator to 2024-11-11 00:00:00+00:00, run_after=2024-11-12 00:00:00+00:00
[2024-11-12T16:56:01.337+0100] {processor.py:208} INFO - Processing /home/sakana/anaconda3/envs/airflow_env/lib/python3.8/site-packages/airflow/example_dags/example_outlet_event_extra.py took 0.103 seconds
[2024-11-12T16:57:03.397+0100] {processor.py:186} INFO - Started process (PID=8702) to work on /home/sakana/anaconda3/envs/airflow_env/lib/python3.8/site-packages/airflow/example_dags/example_outlet_event_extra.py
[2024-11-12T16:57:03.402+0100] {processor.py:914} INFO - Processing file /home/sakana/anaconda3/envs/airflow_env/lib/python3.8/site-packages/airflow/example_dags/example_outlet_event_extra.py for tasks to queue
[2024-11-12T16:57:03.405+0100] {logging_mixin.py:190} INFO - [2024-11-12T16:57:03.405+0100] {dagbag.py:588} INFO - Filling up the DagBag from /home/sakana/anaconda3/envs/airflow_env/lib/python3.8/site-packages/airflow/example_dags/example_outlet_event_extra.py
[2024-11-12T16:57:03.427+0100] {processor.py:925} INFO - DAG(s) 'dataset_with_extra_by_context', 'dataset_with_extra_by_yield', 'dataset_with_extra_from_classic_operator' retrieved from /home/sakana/anaconda3/envs/airflow_env/lib/python3.8/site-packages/airflow/example_dags/example_outlet_event_extra.py
[2024-11-12T16:57:03.449+0100] {logging_mixin.py:190} INFO - [2024-11-12T16:57:03.448+0100] {dag.py:3239} INFO - Sync 3 DAGs
[2024-11-12T16:57:03.472+0100] {logging_mixin.py:190} INFO - [2024-11-12T16:57:03.472+0100] {dag.py:4180} INFO - Setting next_dagrun for dataset_with_extra_by_context to 2024-11-11 00:00:00+00:00, run_after=2024-11-12 00:00:00+00:00
[2024-11-12T16:57:03.478+0100] {logging_mixin.py:190} INFO - [2024-11-12T16:57:03.478+0100] {dag.py:4180} INFO - Setting next_dagrun for dataset_with_extra_by_yield to 2024-11-11 00:00:00+00:00, run_after=2024-11-12 00:00:00+00:00
[2024-11-12T16:57:03.481+0100] {logging_mixin.py:190} INFO - [2024-11-12T16:57:03.481+0100] {dag.py:4180} INFO - Setting next_dagrun for dataset_with_extra_from_classic_operator to 2024-11-11 00:00:00+00:00, run_after=2024-11-12 00:00:00+00:00
[2024-11-12T16:57:03.518+0100] {processor.py:208} INFO - Processing /home/sakana/anaconda3/envs/airflow_env/lib/python3.8/site-packages/airflow/example_dags/example_outlet_event_extra.py took 0.132 seconds
[2024-11-12T16:58:06.027+0100] {processor.py:186} INFO - Started process (PID=8777) to work on /home/sakana/anaconda3/envs/airflow_env/lib/python3.8/site-packages/airflow/example_dags/example_outlet_event_extra.py
[2024-11-12T16:58:06.063+0100] {processor.py:914} INFO - Processing file /home/sakana/anaconda3/envs/airflow_env/lib/python3.8/site-packages/airflow/example_dags/example_outlet_event_extra.py for tasks to queue
[2024-11-12T16:58:06.066+0100] {logging_mixin.py:190} INFO - [2024-11-12T16:58:06.065+0100] {dagbag.py:588} INFO - Filling up the DagBag from /home/sakana/anaconda3/envs/airflow_env/lib/python3.8/site-packages/airflow/example_dags/example_outlet_event_extra.py
[2024-11-12T16:58:06.082+0100] {processor.py:925} INFO - DAG(s) 'dataset_with_extra_by_context', 'dataset_with_extra_by_yield', 'dataset_with_extra_from_classic_operator' retrieved from /home/sakana/anaconda3/envs/airflow_env/lib/python3.8/site-packages/airflow/example_dags/example_outlet_event_extra.py
[2024-11-12T16:58:06.107+0100] {logging_mixin.py:190} INFO - [2024-11-12T16:58:06.106+0100] {dag.py:3239} INFO - Sync 3 DAGs
[2024-11-12T16:58:06.134+0100] {logging_mixin.py:190} INFO - [2024-11-12T16:58:06.134+0100] {dag.py:4180} INFO - Setting next_dagrun for dataset_with_extra_by_context to 2024-11-11 00:00:00+00:00, run_after=2024-11-12 00:00:00+00:00
[2024-11-12T16:58:06.140+0100] {logging_mixin.py:190} INFO - [2024-11-12T16:58:06.140+0100] {dag.py:4180} INFO - Setting next_dagrun for dataset_with_extra_by_yield to 2024-11-11 00:00:00+00:00, run_after=2024-11-12 00:00:00+00:00
[2024-11-12T16:58:06.142+0100] {logging_mixin.py:190} INFO - [2024-11-12T16:58:06.142+0100] {dag.py:4180} INFO - Setting next_dagrun for dataset_with_extra_from_classic_operator to 2024-11-11 00:00:00+00:00, run_after=2024-11-12 00:00:00+00:00
[2024-11-12T16:58:06.178+0100] {processor.py:208} INFO - Processing /home/sakana/anaconda3/envs/airflow_env/lib/python3.8/site-packages/airflow/example_dags/example_outlet_event_extra.py took 0.158 seconds
[2024-11-12T16:59:05.681+0100] {processor.py:186} INFO - Started process (PID=8880) to work on /home/sakana/anaconda3/envs/airflow_env/lib/python3.8/site-packages/airflow/example_dags/example_outlet_event_extra.py
[2024-11-12T16:59:05.682+0100] {processor.py:914} INFO - Processing file /home/sakana/anaconda3/envs/airflow_env/lib/python3.8/site-packages/airflow/example_dags/example_outlet_event_extra.py for tasks to queue
[2024-11-12T16:59:05.684+0100] {logging_mixin.py:190} INFO - [2024-11-12T16:59:05.683+0100] {dagbag.py:588} INFO - Filling up the DagBag from /home/sakana/anaconda3/envs/airflow_env/lib/python3.8/site-packages/airflow/example_dags/example_outlet_event_extra.py
[2024-11-12T16:59:05.697+0100] {processor.py:925} INFO - DAG(s) 'dataset_with_extra_by_context', 'dataset_with_extra_from_classic_operator', 'dataset_with_extra_by_yield' retrieved from /home/sakana/anaconda3/envs/airflow_env/lib/python3.8/site-packages/airflow/example_dags/example_outlet_event_extra.py
[2024-11-12T16:59:05.722+0100] {logging_mixin.py:190} INFO - [2024-11-12T16:59:05.721+0100] {dag.py:3239} INFO - Sync 3 DAGs
[2024-11-12T16:59:05.742+0100] {logging_mixin.py:190} INFO - [2024-11-12T16:59:05.742+0100] {dag.py:4180} INFO - Setting next_dagrun for dataset_with_extra_by_context to 2024-11-11 00:00:00+00:00, run_after=2024-11-12 00:00:00+00:00
[2024-11-12T16:59:05.748+0100] {logging_mixin.py:190} INFO - [2024-11-12T16:59:05.748+0100] {dag.py:4180} INFO - Setting next_dagrun for dataset_with_extra_by_yield to 2024-11-11 00:00:00+00:00, run_after=2024-11-12 00:00:00+00:00
[2024-11-12T16:59:05.752+0100] {logging_mixin.py:190} INFO - [2024-11-12T16:59:05.752+0100] {dag.py:4180} INFO - Setting next_dagrun for dataset_with_extra_from_classic_operator to 2024-11-11 00:00:00+00:00, run_after=2024-11-12 00:00:00+00:00
[2024-11-12T16:59:05.778+0100] {processor.py:208} INFO - Processing /home/sakana/anaconda3/envs/airflow_env/lib/python3.8/site-packages/airflow/example_dags/example_outlet_event_extra.py took 0.103 seconds
[2024-11-12T17:00:04.689+0100] {processor.py:186} INFO - Started process (PID=8951) to work on /home/sakana/anaconda3/envs/airflow_env/lib/python3.8/site-packages/airflow/example_dags/example_outlet_event_extra.py
[2024-11-12T17:00:04.694+0100] {processor.py:914} INFO - Processing file /home/sakana/anaconda3/envs/airflow_env/lib/python3.8/site-packages/airflow/example_dags/example_outlet_event_extra.py for tasks to queue
[2024-11-12T17:00:04.697+0100] {logging_mixin.py:190} INFO - [2024-11-12T17:00:04.696+0100] {dagbag.py:588} INFO - Filling up the DagBag from /home/sakana/anaconda3/envs/airflow_env/lib/python3.8/site-packages/airflow/example_dags/example_outlet_event_extra.py
[2024-11-12T17:00:04.713+0100] {processor.py:925} INFO - DAG(s) 'dataset_with_extra_by_yield', 'dataset_with_extra_by_context', 'dataset_with_extra_from_classic_operator' retrieved from /home/sakana/anaconda3/envs/airflow_env/lib/python3.8/site-packages/airflow/example_dags/example_outlet_event_extra.py
[2024-11-12T17:00:04.735+0100] {logging_mixin.py:190} INFO - [2024-11-12T17:00:04.734+0100] {dag.py:3239} INFO - Sync 3 DAGs
[2024-11-12T17:00:04.755+0100] {logging_mixin.py:190} INFO - [2024-11-12T17:00:04.754+0100] {dag.py:4180} INFO - Setting next_dagrun for dataset_with_extra_by_context to 2024-11-11 00:00:00+00:00, run_after=2024-11-12 00:00:00+00:00
[2024-11-12T17:00:04.759+0100] {logging_mixin.py:190} INFO - [2024-11-12T17:00:04.758+0100] {dag.py:4180} INFO - Setting next_dagrun for dataset_with_extra_by_yield to 2024-11-11 00:00:00+00:00, run_after=2024-11-12 00:00:00+00:00
[2024-11-12T17:00:04.761+0100] {logging_mixin.py:190} INFO - [2024-11-12T17:00:04.760+0100] {dag.py:4180} INFO - Setting next_dagrun for dataset_with_extra_from_classic_operator to 2024-11-11 00:00:00+00:00, run_after=2024-11-12 00:00:00+00:00
[2024-11-12T17:00:04.792+0100] {processor.py:208} INFO - Processing /home/sakana/anaconda3/envs/airflow_env/lib/python3.8/site-packages/airflow/example_dags/example_outlet_event_extra.py took 0.110 seconds
[2024-11-12T17:01:07.998+0100] {processor.py:186} INFO - Started process (PID=9025) to work on /home/sakana/anaconda3/envs/airflow_env/lib/python3.8/site-packages/airflow/example_dags/example_outlet_event_extra.py
[2024-11-12T17:01:08.003+0100] {processor.py:914} INFO - Processing file /home/sakana/anaconda3/envs/airflow_env/lib/python3.8/site-packages/airflow/example_dags/example_outlet_event_extra.py for tasks to queue
[2024-11-12T17:01:08.006+0100] {logging_mixin.py:190} INFO - [2024-11-12T17:01:08.006+0100] {dagbag.py:588} INFO - Filling up the DagBag from /home/sakana/anaconda3/envs/airflow_env/lib/python3.8/site-packages/airflow/example_dags/example_outlet_event_extra.py
[2024-11-12T17:01:08.024+0100] {processor.py:925} INFO - DAG(s) 'dataset_with_extra_from_classic_operator', 'dataset_with_extra_by_yield', 'dataset_with_extra_by_context' retrieved from /home/sakana/anaconda3/envs/airflow_env/lib/python3.8/site-packages/airflow/example_dags/example_outlet_event_extra.py
[2024-11-12T17:01:08.046+0100] {logging_mixin.py:190} INFO - [2024-11-12T17:01:08.045+0100] {dag.py:3239} INFO - Sync 3 DAGs
[2024-11-12T17:01:08.072+0100] {logging_mixin.py:190} INFO - [2024-11-12T17:01:08.071+0100] {dag.py:4180} INFO - Setting next_dagrun for dataset_with_extra_by_context to 2024-11-11 00:00:00+00:00, run_after=2024-11-12 00:00:00+00:00
[2024-11-12T17:01:08.076+0100] {logging_mixin.py:190} INFO - [2024-11-12T17:01:08.076+0100] {dag.py:4180} INFO - Setting next_dagrun for dataset_with_extra_by_yield to 2024-11-11 00:00:00+00:00, run_after=2024-11-12 00:00:00+00:00
[2024-11-12T17:01:08.078+0100] {logging_mixin.py:190} INFO - [2024-11-12T17:01:08.078+0100] {dag.py:4180} INFO - Setting next_dagrun for dataset_with_extra_from_classic_operator to 2024-11-11 00:00:00+00:00, run_after=2024-11-12 00:00:00+00:00
[2024-11-12T17:01:08.104+0100] {processor.py:208} INFO - Processing /home/sakana/anaconda3/envs/airflow_env/lib/python3.8/site-packages/airflow/example_dags/example_outlet_event_extra.py took 0.116 seconds
[2024-11-12T17:19:17.454+0100] {processor.py:186} INFO - Started process (PID=9407) to work on /home/sakana/anaconda3/envs/airflow_env/lib/python3.8/site-packages/airflow/example_dags/example_outlet_event_extra.py
[2024-11-12T17:19:17.473+0100] {processor.py:914} INFO - Processing file /home/sakana/anaconda3/envs/airflow_env/lib/python3.8/site-packages/airflow/example_dags/example_outlet_event_extra.py for tasks to queue
[2024-11-12T17:19:17.482+0100] {logging_mixin.py:190} INFO - [2024-11-12T17:19:17.481+0100] {dagbag.py:588} INFO - Filling up the DagBag from /home/sakana/anaconda3/envs/airflow_env/lib/python3.8/site-packages/airflow/example_dags/example_outlet_event_extra.py
[2024-11-12T17:19:17.532+0100] {processor.py:925} INFO - DAG(s) 'dataset_with_extra_by_yield', 'dataset_with_extra_from_classic_operator', 'dataset_with_extra_by_context' retrieved from /home/sakana/anaconda3/envs/airflow_env/lib/python3.8/site-packages/airflow/example_dags/example_outlet_event_extra.py
[2024-11-12T17:19:17.561+0100] {logging_mixin.py:190} INFO - [2024-11-12T17:19:17.561+0100] {dag.py:3239} INFO - Sync 3 DAGs
[2024-11-12T17:19:17.582+0100] {logging_mixin.py:190} INFO - [2024-11-12T17:19:17.582+0100] {dag.py:4180} INFO - Setting next_dagrun for dataset_with_extra_by_context to 2024-11-11 00:00:00+00:00, run_after=2024-11-12 00:00:00+00:00
[2024-11-12T17:19:17.586+0100] {logging_mixin.py:190} INFO - [2024-11-12T17:19:17.586+0100] {dag.py:4180} INFO - Setting next_dagrun for dataset_with_extra_by_yield to 2024-11-11 00:00:00+00:00, run_after=2024-11-12 00:00:00+00:00
[2024-11-12T17:19:17.588+0100] {logging_mixin.py:190} INFO - [2024-11-12T17:19:17.588+0100] {dag.py:4180} INFO - Setting next_dagrun for dataset_with_extra_from_classic_operator to 2024-11-11 00:00:00+00:00, run_after=2024-11-12 00:00:00+00:00
[2024-11-12T17:19:17.629+0100] {processor.py:208} INFO - Processing /home/sakana/anaconda3/envs/airflow_env/lib/python3.8/site-packages/airflow/example_dags/example_outlet_event_extra.py took 0.197 seconds
[2024-11-12T17:20:23.466+0100] {processor.py:186} INFO - Started process (PID=9678) to work on /home/sakana/anaconda3/envs/airflow_env/lib/python3.8/site-packages/airflow/example_dags/example_outlet_event_extra.py
[2024-11-12T17:20:23.471+0100] {processor.py:914} INFO - Processing file /home/sakana/anaconda3/envs/airflow_env/lib/python3.8/site-packages/airflow/example_dags/example_outlet_event_extra.py for tasks to queue
[2024-11-12T17:20:23.474+0100] {logging_mixin.py:190} INFO - [2024-11-12T17:20:23.473+0100] {dagbag.py:588} INFO - Filling up the DagBag from /home/sakana/anaconda3/envs/airflow_env/lib/python3.8/site-packages/airflow/example_dags/example_outlet_event_extra.py
[2024-11-12T17:20:23.505+0100] {processor.py:925} INFO - DAG(s) 'dataset_with_extra_from_classic_operator', 'dataset_with_extra_by_yield', 'dataset_with_extra_by_context' retrieved from /home/sakana/anaconda3/envs/airflow_env/lib/python3.8/site-packages/airflow/example_dags/example_outlet_event_extra.py
[2024-11-12T17:20:23.538+0100] {logging_mixin.py:190} INFO - [2024-11-12T17:20:23.538+0100] {dag.py:3239} INFO - Sync 3 DAGs
[2024-11-12T17:20:23.568+0100] {logging_mixin.py:190} INFO - [2024-11-12T17:20:23.568+0100] {dag.py:4180} INFO - Setting next_dagrun for dataset_with_extra_by_context to 2024-11-11 00:00:00+00:00, run_after=2024-11-12 00:00:00+00:00
[2024-11-12T17:20:23.575+0100] {logging_mixin.py:190} INFO - [2024-11-12T17:20:23.575+0100] {dag.py:4180} INFO - Setting next_dagrun for dataset_with_extra_by_yield to 2024-11-11 00:00:00+00:00, run_after=2024-11-12 00:00:00+00:00
[2024-11-12T17:20:23.579+0100] {logging_mixin.py:190} INFO - [2024-11-12T17:20:23.579+0100] {dag.py:4180} INFO - Setting next_dagrun for dataset_with_extra_from_classic_operator to 2024-11-11 00:00:00+00:00, run_after=2024-11-12 00:00:00+00:00
[2024-11-12T17:20:23.669+0100] {processor.py:208} INFO - Processing /home/sakana/anaconda3/envs/airflow_env/lib/python3.8/site-packages/airflow/example_dags/example_outlet_event_extra.py took 0.216 seconds
[2024-11-12T17:21:33.620+0100] {processor.py:186} INFO - Started process (PID=9772) to work on /home/sakana/anaconda3/envs/airflow_env/lib/python3.8/site-packages/airflow/example_dags/example_outlet_event_extra.py
[2024-11-12T17:21:33.622+0100] {processor.py:914} INFO - Processing file /home/sakana/anaconda3/envs/airflow_env/lib/python3.8/site-packages/airflow/example_dags/example_outlet_event_extra.py for tasks to queue
[2024-11-12T17:21:33.625+0100] {logging_mixin.py:190} INFO - [2024-11-12T17:21:33.624+0100] {dagbag.py:588} INFO - Filling up the DagBag from /home/sakana/anaconda3/envs/airflow_env/lib/python3.8/site-packages/airflow/example_dags/example_outlet_event_extra.py
[2024-11-12T17:21:33.645+0100] {processor.py:925} INFO - DAG(s) 'dataset_with_extra_by_yield', 'dataset_with_extra_from_classic_operator', 'dataset_with_extra_by_context' retrieved from /home/sakana/anaconda3/envs/airflow_env/lib/python3.8/site-packages/airflow/example_dags/example_outlet_event_extra.py
[2024-11-12T17:21:33.679+0100] {logging_mixin.py:190} INFO - [2024-11-12T17:21:33.678+0100] {dag.py:3239} INFO - Sync 3 DAGs
[2024-11-12T17:21:33.714+0100] {logging_mixin.py:190} INFO - [2024-11-12T17:21:33.714+0100] {dag.py:4180} INFO - Setting next_dagrun for dataset_with_extra_by_context to 2024-11-11 00:00:00+00:00, run_after=2024-11-12 00:00:00+00:00
[2024-11-12T17:21:33.720+0100] {logging_mixin.py:190} INFO - [2024-11-12T17:21:33.720+0100] {dag.py:4180} INFO - Setting next_dagrun for dataset_with_extra_by_yield to 2024-11-11 00:00:00+00:00, run_after=2024-11-12 00:00:00+00:00
[2024-11-12T17:21:33.724+0100] {logging_mixin.py:190} INFO - [2024-11-12T17:21:33.724+0100] {dag.py:4180} INFO - Setting next_dagrun for dataset_with_extra_from_classic_operator to 2024-11-11 00:00:00+00:00, run_after=2024-11-12 00:00:00+00:00
[2024-11-12T17:21:33.770+0100] {processor.py:208} INFO - Processing /home/sakana/anaconda3/envs/airflow_env/lib/python3.8/site-packages/airflow/example_dags/example_outlet_event_extra.py took 0.159 seconds
[2024-11-12T17:22:40.638+0100] {processor.py:186} INFO - Started process (PID=9880) to work on /home/sakana/anaconda3/envs/airflow_env/lib/python3.8/site-packages/airflow/example_dags/example_outlet_event_extra.py
[2024-11-12T17:22:40.643+0100] {processor.py:914} INFO - Processing file /home/sakana/anaconda3/envs/airflow_env/lib/python3.8/site-packages/airflow/example_dags/example_outlet_event_extra.py for tasks to queue
[2024-11-12T17:22:40.648+0100] {logging_mixin.py:190} INFO - [2024-11-12T17:22:40.647+0100] {dagbag.py:588} INFO - Filling up the DagBag from /home/sakana/anaconda3/envs/airflow_env/lib/python3.8/site-packages/airflow/example_dags/example_outlet_event_extra.py
[2024-11-12T17:22:40.667+0100] {processor.py:925} INFO - DAG(s) 'dataset_with_extra_by_context', 'dataset_with_extra_by_yield', 'dataset_with_extra_from_classic_operator' retrieved from /home/sakana/anaconda3/envs/airflow_env/lib/python3.8/site-packages/airflow/example_dags/example_outlet_event_extra.py
[2024-11-12T17:22:40.696+0100] {logging_mixin.py:190} INFO - [2024-11-12T17:22:40.695+0100] {dag.py:3239} INFO - Sync 3 DAGs
[2024-11-12T17:22:40.727+0100] {logging_mixin.py:190} INFO - [2024-11-12T17:22:40.726+0100] {dag.py:4180} INFO - Setting next_dagrun for dataset_with_extra_by_context to 2024-11-11 00:00:00+00:00, run_after=2024-11-12 00:00:00+00:00
[2024-11-12T17:22:40.734+0100] {logging_mixin.py:190} INFO - [2024-11-12T17:22:40.734+0100] {dag.py:4180} INFO - Setting next_dagrun for dataset_with_extra_by_yield to 2024-11-11 00:00:00+00:00, run_after=2024-11-12 00:00:00+00:00
[2024-11-12T17:22:40.738+0100] {logging_mixin.py:190} INFO - [2024-11-12T17:22:40.738+0100] {dag.py:4180} INFO - Setting next_dagrun for dataset_with_extra_from_classic_operator to 2024-11-11 00:00:00+00:00, run_after=2024-11-12 00:00:00+00:00
[2024-11-12T17:22:40.802+0100] {processor.py:208} INFO - Processing /home/sakana/anaconda3/envs/airflow_env/lib/python3.8/site-packages/airflow/example_dags/example_outlet_event_extra.py took 0.177 seconds
[2024-11-12T17:23:56.451+0100] {processor.py:186} INFO - Started process (PID=10028) to work on /home/sakana/anaconda3/envs/airflow_env/lib/python3.8/site-packages/airflow/example_dags/example_outlet_event_extra.py
[2024-11-12T17:23:56.457+0100] {processor.py:914} INFO - Processing file /home/sakana/anaconda3/envs/airflow_env/lib/python3.8/site-packages/airflow/example_dags/example_outlet_event_extra.py for tasks to queue
[2024-11-12T17:23:56.462+0100] {logging_mixin.py:190} INFO - [2024-11-12T17:23:56.461+0100] {dagbag.py:588} INFO - Filling up the DagBag from /home/sakana/anaconda3/envs/airflow_env/lib/python3.8/site-packages/airflow/example_dags/example_outlet_event_extra.py
[2024-11-12T17:23:56.496+0100] {processor.py:925} INFO - DAG(s) 'dataset_with_extra_by_context', 'dataset_with_extra_by_yield', 'dataset_with_extra_from_classic_operator' retrieved from /home/sakana/anaconda3/envs/airflow_env/lib/python3.8/site-packages/airflow/example_dags/example_outlet_event_extra.py
[2024-11-12T17:23:56.536+0100] {logging_mixin.py:190} INFO - [2024-11-12T17:23:56.536+0100] {dag.py:3239} INFO - Sync 3 DAGs
[2024-11-12T17:23:56.575+0100] {logging_mixin.py:190} INFO - [2024-11-12T17:23:56.575+0100] {dag.py:4180} INFO - Setting next_dagrun for dataset_with_extra_by_context to 2024-11-11 00:00:00+00:00, run_after=2024-11-12 00:00:00+00:00
[2024-11-12T17:23:56.582+0100] {logging_mixin.py:190} INFO - [2024-11-12T17:23:56.582+0100] {dag.py:4180} INFO - Setting next_dagrun for dataset_with_extra_by_yield to 2024-11-11 00:00:00+00:00, run_after=2024-11-12 00:00:00+00:00
[2024-11-12T17:23:56.587+0100] {logging_mixin.py:190} INFO - [2024-11-12T17:23:56.587+0100] {dag.py:4180} INFO - Setting next_dagrun for dataset_with_extra_from_classic_operator to 2024-11-11 00:00:00+00:00, run_after=2024-11-12 00:00:00+00:00
[2024-11-12T17:23:56.636+0100] {processor.py:208} INFO - Processing /home/sakana/anaconda3/envs/airflow_env/lib/python3.8/site-packages/airflow/example_dags/example_outlet_event_extra.py took 0.203 seconds
[2024-11-12T17:25:09.691+0100] {processor.py:186} INFO - Started process (PID=10206) to work on /home/sakana/anaconda3/envs/airflow_env/lib/python3.8/site-packages/airflow/example_dags/example_outlet_event_extra.py
[2024-11-12T17:25:09.696+0100] {processor.py:914} INFO - Processing file /home/sakana/anaconda3/envs/airflow_env/lib/python3.8/site-packages/airflow/example_dags/example_outlet_event_extra.py for tasks to queue
[2024-11-12T17:25:09.701+0100] {logging_mixin.py:190} INFO - [2024-11-12T17:25:09.701+0100] {dagbag.py:588} INFO - Filling up the DagBag from /home/sakana/anaconda3/envs/airflow_env/lib/python3.8/site-packages/airflow/example_dags/example_outlet_event_extra.py
[2024-11-12T17:25:09.734+0100] {processor.py:925} INFO - DAG(s) 'dataset_with_extra_by_yield', 'dataset_with_extra_by_context', 'dataset_with_extra_from_classic_operator' retrieved from /home/sakana/anaconda3/envs/airflow_env/lib/python3.8/site-packages/airflow/example_dags/example_outlet_event_extra.py
[2024-11-12T17:25:09.771+0100] {logging_mixin.py:190} INFO - [2024-11-12T17:25:09.771+0100] {dag.py:3239} INFO - Sync 3 DAGs
[2024-11-12T17:25:09.815+0100] {logging_mixin.py:190} INFO - [2024-11-12T17:25:09.815+0100] {dag.py:4180} INFO - Setting next_dagrun for dataset_with_extra_by_context to 2024-11-11 00:00:00+00:00, run_after=2024-11-12 00:00:00+00:00
[2024-11-12T17:25:09.823+0100] {logging_mixin.py:190} INFO - [2024-11-12T17:25:09.823+0100] {dag.py:4180} INFO - Setting next_dagrun for dataset_with_extra_by_yield to 2024-11-11 00:00:00+00:00, run_after=2024-11-12 00:00:00+00:00
[2024-11-12T17:25:09.831+0100] {logging_mixin.py:190} INFO - [2024-11-12T17:25:09.831+0100] {dag.py:4180} INFO - Setting next_dagrun for dataset_with_extra_from_classic_operator to 2024-11-11 00:00:00+00:00, run_after=2024-11-12 00:00:00+00:00
[2024-11-12T17:25:09.883+0100] {processor.py:208} INFO - Processing /home/sakana/anaconda3/envs/airflow_env/lib/python3.8/site-packages/airflow/example_dags/example_outlet_event_extra.py took 0.207 seconds
[2024-11-12T17:26:23.140+0100] {processor.py:186} INFO - Started process (PID=10292) to work on /home/sakana/anaconda3/envs/airflow_env/lib/python3.8/site-packages/airflow/example_dags/example_outlet_event_extra.py
[2024-11-12T17:26:23.146+0100] {processor.py:914} INFO - Processing file /home/sakana/anaconda3/envs/airflow_env/lib/python3.8/site-packages/airflow/example_dags/example_outlet_event_extra.py for tasks to queue
[2024-11-12T17:26:23.150+0100] {logging_mixin.py:190} INFO - [2024-11-12T17:26:23.150+0100] {dagbag.py:588} INFO - Filling up the DagBag from /home/sakana/anaconda3/envs/airflow_env/lib/python3.8/site-packages/airflow/example_dags/example_outlet_event_extra.py
[2024-11-12T17:26:23.182+0100] {processor.py:925} INFO - DAG(s) 'dataset_with_extra_by_context', 'dataset_with_extra_by_yield', 'dataset_with_extra_from_classic_operator' retrieved from /home/sakana/anaconda3/envs/airflow_env/lib/python3.8/site-packages/airflow/example_dags/example_outlet_event_extra.py
[2024-11-12T17:26:23.221+0100] {logging_mixin.py:190} INFO - [2024-11-12T17:26:23.220+0100] {dag.py:3239} INFO - Sync 3 DAGs
[2024-11-12T17:26:23.260+0100] {logging_mixin.py:190} INFO - [2024-11-12T17:26:23.260+0100] {dag.py:4180} INFO - Setting next_dagrun for dataset_with_extra_by_context to 2024-11-11 00:00:00+00:00, run_after=2024-11-12 00:00:00+00:00
[2024-11-12T17:26:23.271+0100] {logging_mixin.py:190} INFO - [2024-11-12T17:26:23.270+0100] {dag.py:4180} INFO - Setting next_dagrun for dataset_with_extra_by_yield to 2024-11-11 00:00:00+00:00, run_after=2024-11-12 00:00:00+00:00
[2024-11-12T17:26:23.277+0100] {logging_mixin.py:190} INFO - [2024-11-12T17:26:23.277+0100] {dag.py:4180} INFO - Setting next_dagrun for dataset_with_extra_from_classic_operator to 2024-11-11 00:00:00+00:00, run_after=2024-11-12 00:00:00+00:00
[2024-11-12T17:26:23.321+0100] {processor.py:208} INFO - Processing /home/sakana/anaconda3/envs/airflow_env/lib/python3.8/site-packages/airflow/example_dags/example_outlet_event_extra.py took 0.194 seconds
[2024-11-12T17:27:36.764+0100] {processor.py:186} INFO - Started process (PID=10398) to work on /home/sakana/anaconda3/envs/airflow_env/lib/python3.8/site-packages/airflow/example_dags/example_outlet_event_extra.py
[2024-11-12T17:27:36.770+0100] {processor.py:914} INFO - Processing file /home/sakana/anaconda3/envs/airflow_env/lib/python3.8/site-packages/airflow/example_dags/example_outlet_event_extra.py for tasks to queue
[2024-11-12T17:27:36.775+0100] {logging_mixin.py:190} INFO - [2024-11-12T17:27:36.774+0100] {dagbag.py:588} INFO - Filling up the DagBag from /home/sakana/anaconda3/envs/airflow_env/lib/python3.8/site-packages/airflow/example_dags/example_outlet_event_extra.py
[2024-11-12T17:27:36.798+0100] {processor.py:925} INFO - DAG(s) 'dataset_with_extra_by_yield', 'dataset_with_extra_from_classic_operator', 'dataset_with_extra_by_context' retrieved from /home/sakana/anaconda3/envs/airflow_env/lib/python3.8/site-packages/airflow/example_dags/example_outlet_event_extra.py
[2024-11-12T17:27:36.830+0100] {logging_mixin.py:190} INFO - [2024-11-12T17:27:36.830+0100] {dag.py:3239} INFO - Sync 3 DAGs
[2024-11-12T17:27:36.861+0100] {logging_mixin.py:190} INFO - [2024-11-12T17:27:36.860+0100] {dag.py:4180} INFO - Setting next_dagrun for dataset_with_extra_by_context to 2024-11-11 00:00:00+00:00, run_after=2024-11-12 00:00:00+00:00
[2024-11-12T17:27:36.868+0100] {logging_mixin.py:190} INFO - [2024-11-12T17:27:36.868+0100] {dag.py:4180} INFO - Setting next_dagrun for dataset_with_extra_by_yield to 2024-11-11 00:00:00+00:00, run_after=2024-11-12 00:00:00+00:00
[2024-11-12T17:27:36.873+0100] {logging_mixin.py:190} INFO - [2024-11-12T17:27:36.872+0100] {dag.py:4180} INFO - Setting next_dagrun for dataset_with_extra_from_classic_operator to 2024-11-11 00:00:00+00:00, run_after=2024-11-12 00:00:00+00:00
[2024-11-12T17:27:36.908+0100] {processor.py:208} INFO - Processing /home/sakana/anaconda3/envs/airflow_env/lib/python3.8/site-packages/airflow/example_dags/example_outlet_event_extra.py took 0.154 seconds
[2024-11-12T17:28:47.678+0100] {processor.py:186} INFO - Started process (PID=10533) to work on /home/sakana/anaconda3/envs/airflow_env/lib/python3.8/site-packages/airflow/example_dags/example_outlet_event_extra.py
[2024-11-12T17:28:47.684+0100] {processor.py:914} INFO - Processing file /home/sakana/anaconda3/envs/airflow_env/lib/python3.8/site-packages/airflow/example_dags/example_outlet_event_extra.py for tasks to queue
[2024-11-12T17:28:47.688+0100] {logging_mixin.py:190} INFO - [2024-11-12T17:28:47.687+0100] {dagbag.py:588} INFO - Filling up the DagBag from /home/sakana/anaconda3/envs/airflow_env/lib/python3.8/site-packages/airflow/example_dags/example_outlet_event_extra.py
[2024-11-12T17:28:47.723+0100] {processor.py:925} INFO - DAG(s) 'dataset_with_extra_by_yield', 'dataset_with_extra_by_context', 'dataset_with_extra_from_classic_operator' retrieved from /home/sakana/anaconda3/envs/airflow_env/lib/python3.8/site-packages/airflow/example_dags/example_outlet_event_extra.py
[2024-11-12T17:28:47.767+0100] {logging_mixin.py:190} INFO - [2024-11-12T17:28:47.767+0100] {dag.py:3239} INFO - Sync 3 DAGs
[2024-11-12T17:28:47.796+0100] {logging_mixin.py:190} INFO - [2024-11-12T17:28:47.796+0100] {dag.py:4180} INFO - Setting next_dagrun for dataset_with_extra_by_context to 2024-11-11 00:00:00+00:00, run_after=2024-11-12 00:00:00+00:00
[2024-11-12T17:28:47.806+0100] {logging_mixin.py:190} INFO - [2024-11-12T17:28:47.806+0100] {dag.py:4180} INFO - Setting next_dagrun for dataset_with_extra_by_yield to 2024-11-11 00:00:00+00:00, run_after=2024-11-12 00:00:00+00:00
[2024-11-12T17:28:47.810+0100] {logging_mixin.py:190} INFO - [2024-11-12T17:28:47.809+0100] {dag.py:4180} INFO - Setting next_dagrun for dataset_with_extra_from_classic_operator to 2024-11-11 00:00:00+00:00, run_after=2024-11-12 00:00:00+00:00
[2024-11-12T17:28:47.863+0100] {processor.py:208} INFO - Processing /home/sakana/anaconda3/envs/airflow_env/lib/python3.8/site-packages/airflow/example_dags/example_outlet_event_extra.py took 0.199 seconds
[2024-11-12T17:29:59.412+0100] {processor.py:186} INFO - Started process (PID=10611) to work on /home/sakana/anaconda3/envs/airflow_env/lib/python3.8/site-packages/airflow/example_dags/example_outlet_event_extra.py
[2024-11-12T17:29:59.435+0100] {processor.py:914} INFO - Processing file /home/sakana/anaconda3/envs/airflow_env/lib/python3.8/site-packages/airflow/example_dags/example_outlet_event_extra.py for tasks to queue
[2024-11-12T17:29:59.439+0100] {logging_mixin.py:190} INFO - [2024-11-12T17:29:59.438+0100] {dagbag.py:588} INFO - Filling up the DagBag from /home/sakana/anaconda3/envs/airflow_env/lib/python3.8/site-packages/airflow/example_dags/example_outlet_event_extra.py
[2024-11-12T17:29:59.462+0100] {processor.py:925} INFO - DAG(s) 'dataset_with_extra_from_classic_operator', 'dataset_with_extra_by_context', 'dataset_with_extra_by_yield' retrieved from /home/sakana/anaconda3/envs/airflow_env/lib/python3.8/site-packages/airflow/example_dags/example_outlet_event_extra.py
[2024-11-12T17:29:59.497+0100] {logging_mixin.py:190} INFO - [2024-11-12T17:29:59.496+0100] {dag.py:3239} INFO - Sync 3 DAGs
[2024-11-12T17:29:59.535+0100] {logging_mixin.py:190} INFO - [2024-11-12T17:29:59.534+0100] {dag.py:4180} INFO - Setting next_dagrun for dataset_with_extra_by_context to 2024-11-11 00:00:00+00:00, run_after=2024-11-12 00:00:00+00:00
[2024-11-12T17:29:59.542+0100] {logging_mixin.py:190} INFO - [2024-11-12T17:29:59.542+0100] {dag.py:4180} INFO - Setting next_dagrun for dataset_with_extra_by_yield to 2024-11-11 00:00:00+00:00, run_after=2024-11-12 00:00:00+00:00
[2024-11-12T17:29:59.545+0100] {logging_mixin.py:190} INFO - [2024-11-12T17:29:59.544+0100] {dag.py:4180} INFO - Setting next_dagrun for dataset_with_extra_from_classic_operator to 2024-11-11 00:00:00+00:00, run_after=2024-11-12 00:00:00+00:00
[2024-11-12T17:29:59.588+0100] {processor.py:208} INFO - Processing /home/sakana/anaconda3/envs/airflow_env/lib/python3.8/site-packages/airflow/example_dags/example_outlet_event_extra.py took 0.188 seconds
[2024-11-12T17:31:13.558+0100] {processor.py:186} INFO - Started process (PID=10693) to work on /home/sakana/anaconda3/envs/airflow_env/lib/python3.8/site-packages/airflow/example_dags/example_outlet_event_extra.py
[2024-11-12T17:31:13.563+0100] {processor.py:914} INFO - Processing file /home/sakana/anaconda3/envs/airflow_env/lib/python3.8/site-packages/airflow/example_dags/example_outlet_event_extra.py for tasks to queue
[2024-11-12T17:31:13.567+0100] {logging_mixin.py:190} INFO - [2024-11-12T17:31:13.567+0100] {dagbag.py:588} INFO - Filling up the DagBag from /home/sakana/anaconda3/envs/airflow_env/lib/python3.8/site-packages/airflow/example_dags/example_outlet_event_extra.py
[2024-11-12T17:31:13.593+0100] {processor.py:925} INFO - DAG(s) 'dataset_with_extra_by_yield', 'dataset_with_extra_by_context', 'dataset_with_extra_from_classic_operator' retrieved from /home/sakana/anaconda3/envs/airflow_env/lib/python3.8/site-packages/airflow/example_dags/example_outlet_event_extra.py
[2024-11-12T17:31:13.624+0100] {logging_mixin.py:190} INFO - [2024-11-12T17:31:13.624+0100] {dag.py:3239} INFO - Sync 3 DAGs
[2024-11-12T17:31:13.659+0100] {logging_mixin.py:190} INFO - [2024-11-12T17:31:13.659+0100] {dag.py:4180} INFO - Setting next_dagrun for dataset_with_extra_by_context to 2024-11-11 00:00:00+00:00, run_after=2024-11-12 00:00:00+00:00
[2024-11-12T17:31:13.667+0100] {logging_mixin.py:190} INFO - [2024-11-12T17:31:13.667+0100] {dag.py:4180} INFO - Setting next_dagrun for dataset_with_extra_by_yield to 2024-11-11 00:00:00+00:00, run_after=2024-11-12 00:00:00+00:00
[2024-11-12T17:31:13.671+0100] {logging_mixin.py:190} INFO - [2024-11-12T17:31:13.671+0100] {dag.py:4180} INFO - Setting next_dagrun for dataset_with_extra_from_classic_operator to 2024-11-11 00:00:00+00:00, run_after=2024-11-12 00:00:00+00:00
[2024-11-12T17:31:13.753+0100] {processor.py:208} INFO - Processing /home/sakana/anaconda3/envs/airflow_env/lib/python3.8/site-packages/airflow/example_dags/example_outlet_event_extra.py took 0.206 seconds
[2024-11-12T17:32:25.545+0100] {processor.py:186} INFO - Started process (PID=10821) to work on /home/sakana/anaconda3/envs/airflow_env/lib/python3.8/site-packages/airflow/example_dags/example_outlet_event_extra.py
[2024-11-12T17:32:25.549+0100] {processor.py:914} INFO - Processing file /home/sakana/anaconda3/envs/airflow_env/lib/python3.8/site-packages/airflow/example_dags/example_outlet_event_extra.py for tasks to queue
[2024-11-12T17:32:25.552+0100] {logging_mixin.py:190} INFO - [2024-11-12T17:32:25.552+0100] {dagbag.py:588} INFO - Filling up the DagBag from /home/sakana/anaconda3/envs/airflow_env/lib/python3.8/site-packages/airflow/example_dags/example_outlet_event_extra.py
[2024-11-12T17:32:25.570+0100] {processor.py:925} INFO - DAG(s) 'dataset_with_extra_from_classic_operator', 'dataset_with_extra_by_yield', 'dataset_with_extra_by_context' retrieved from /home/sakana/anaconda3/envs/airflow_env/lib/python3.8/site-packages/airflow/example_dags/example_outlet_event_extra.py
[2024-11-12T17:32:25.593+0100] {logging_mixin.py:190} INFO - [2024-11-12T17:32:25.593+0100] {dag.py:3239} INFO - Sync 3 DAGs
[2024-11-12T17:32:25.619+0100] {logging_mixin.py:190} INFO - [2024-11-12T17:32:25.618+0100] {dag.py:4180} INFO - Setting next_dagrun for dataset_with_extra_by_context to 2024-11-11 00:00:00+00:00, run_after=2024-11-12 00:00:00+00:00
[2024-11-12T17:32:25.624+0100] {logging_mixin.py:190} INFO - [2024-11-12T17:32:25.624+0100] {dag.py:4180} INFO - Setting next_dagrun for dataset_with_extra_by_yield to 2024-11-11 00:00:00+00:00, run_after=2024-11-12 00:00:00+00:00
[2024-11-12T17:32:25.626+0100] {logging_mixin.py:190} INFO - [2024-11-12T17:32:25.626+0100] {dag.py:4180} INFO - Setting next_dagrun for dataset_with_extra_from_classic_operator to 2024-11-11 00:00:00+00:00, run_after=2024-11-12 00:00:00+00:00
[2024-11-12T17:32:25.658+0100] {processor.py:208} INFO - Processing /home/sakana/anaconda3/envs/airflow_env/lib/python3.8/site-packages/airflow/example_dags/example_outlet_event_extra.py took 0.121 seconds
[2024-11-12T17:33:31.826+0100] {processor.py:186} INFO - Started process (PID=11048) to work on /home/sakana/anaconda3/envs/airflow_env/lib/python3.8/site-packages/airflow/example_dags/example_outlet_event_extra.py
[2024-11-12T17:33:31.831+0100] {processor.py:914} INFO - Processing file /home/sakana/anaconda3/envs/airflow_env/lib/python3.8/site-packages/airflow/example_dags/example_outlet_event_extra.py for tasks to queue
[2024-11-12T17:33:31.834+0100] {logging_mixin.py:190} INFO - [2024-11-12T17:33:31.833+0100] {dagbag.py:588} INFO - Filling up the DagBag from /home/sakana/anaconda3/envs/airflow_env/lib/python3.8/site-packages/airflow/example_dags/example_outlet_event_extra.py
[2024-11-12T17:33:31.850+0100] {processor.py:925} INFO - DAG(s) 'dataset_with_extra_by_yield', 'dataset_with_extra_from_classic_operator', 'dataset_with_extra_by_context' retrieved from /home/sakana/anaconda3/envs/airflow_env/lib/python3.8/site-packages/airflow/example_dags/example_outlet_event_extra.py
[2024-11-12T17:33:31.872+0100] {logging_mixin.py:190} INFO - [2024-11-12T17:33:31.871+0100] {dag.py:3239} INFO - Sync 3 DAGs
[2024-11-12T17:33:31.892+0100] {logging_mixin.py:190} INFO - [2024-11-12T17:33:31.892+0100] {dag.py:4180} INFO - Setting next_dagrun for dataset_with_extra_by_context to 2024-11-11 00:00:00+00:00, run_after=2024-11-12 00:00:00+00:00
[2024-11-12T17:33:31.897+0100] {logging_mixin.py:190} INFO - [2024-11-12T17:33:31.897+0100] {dag.py:4180} INFO - Setting next_dagrun for dataset_with_extra_by_yield to 2024-11-11 00:00:00+00:00, run_after=2024-11-12 00:00:00+00:00
[2024-11-12T17:33:31.899+0100] {logging_mixin.py:190} INFO - [2024-11-12T17:33:31.899+0100] {dag.py:4180} INFO - Setting next_dagrun for dataset_with_extra_from_classic_operator to 2024-11-11 00:00:00+00:00, run_after=2024-11-12 00:00:00+00:00
[2024-11-12T17:33:31.933+0100] {processor.py:208} INFO - Processing /home/sakana/anaconda3/envs/airflow_env/lib/python3.8/site-packages/airflow/example_dags/example_outlet_event_extra.py took 0.114 seconds
[2024-11-12T17:34:31.679+0100] {processor.py:186} INFO - Started process (PID=11132) to work on /home/sakana/anaconda3/envs/airflow_env/lib/python3.8/site-packages/airflow/example_dags/example_outlet_event_extra.py
[2024-11-12T17:34:31.688+0100] {processor.py:914} INFO - Processing file /home/sakana/anaconda3/envs/airflow_env/lib/python3.8/site-packages/airflow/example_dags/example_outlet_event_extra.py for tasks to queue
[2024-11-12T17:34:31.691+0100] {logging_mixin.py:190} INFO - [2024-11-12T17:34:31.690+0100] {dagbag.py:588} INFO - Filling up the DagBag from /home/sakana/anaconda3/envs/airflow_env/lib/python3.8/site-packages/airflow/example_dags/example_outlet_event_extra.py
[2024-11-12T17:34:31.706+0100] {processor.py:925} INFO - DAG(s) 'dataset_with_extra_by_context', 'dataset_with_extra_from_classic_operator', 'dataset_with_extra_by_yield' retrieved from /home/sakana/anaconda3/envs/airflow_env/lib/python3.8/site-packages/airflow/example_dags/example_outlet_event_extra.py
[2024-11-12T17:34:31.726+0100] {logging_mixin.py:190} INFO - [2024-11-12T17:34:31.726+0100] {dag.py:3239} INFO - Sync 3 DAGs
[2024-11-12T17:34:31.747+0100] {logging_mixin.py:190} INFO - [2024-11-12T17:34:31.747+0100] {dag.py:4180} INFO - Setting next_dagrun for dataset_with_extra_by_context to 2024-11-11 00:00:00+00:00, run_after=2024-11-12 00:00:00+00:00
[2024-11-12T17:34:31.752+0100] {logging_mixin.py:190} INFO - [2024-11-12T17:34:31.752+0100] {dag.py:4180} INFO - Setting next_dagrun for dataset_with_extra_by_yield to 2024-11-11 00:00:00+00:00, run_after=2024-11-12 00:00:00+00:00
[2024-11-12T17:34:31.754+0100] {logging_mixin.py:190} INFO - [2024-11-12T17:34:31.754+0100] {dag.py:4180} INFO - Setting next_dagrun for dataset_with_extra_from_classic_operator to 2024-11-11 00:00:00+00:00, run_after=2024-11-12 00:00:00+00:00
[2024-11-12T17:34:31.797+0100] {processor.py:208} INFO - Processing /home/sakana/anaconda3/envs/airflow_env/lib/python3.8/site-packages/airflow/example_dags/example_outlet_event_extra.py took 0.125 seconds
[2024-11-12T17:35:33.282+0100] {processor.py:186} INFO - Started process (PID=11217) to work on /home/sakana/anaconda3/envs/airflow_env/lib/python3.8/site-packages/airflow/example_dags/example_outlet_event_extra.py
[2024-11-12T17:35:33.287+0100] {processor.py:914} INFO - Processing file /home/sakana/anaconda3/envs/airflow_env/lib/python3.8/site-packages/airflow/example_dags/example_outlet_event_extra.py for tasks to queue
[2024-11-12T17:35:33.289+0100] {logging_mixin.py:190} INFO - [2024-11-12T17:35:33.288+0100] {dagbag.py:588} INFO - Filling up the DagBag from /home/sakana/anaconda3/envs/airflow_env/lib/python3.8/site-packages/airflow/example_dags/example_outlet_event_extra.py
[2024-11-12T17:35:33.304+0100] {processor.py:925} INFO - DAG(s) 'dataset_with_extra_by_yield', 'dataset_with_extra_from_classic_operator', 'dataset_with_extra_by_context' retrieved from /home/sakana/anaconda3/envs/airflow_env/lib/python3.8/site-packages/airflow/example_dags/example_outlet_event_extra.py
[2024-11-12T17:35:33.324+0100] {logging_mixin.py:190} INFO - [2024-11-12T17:35:33.324+0100] {dag.py:3239} INFO - Sync 3 DAGs
[2024-11-12T17:35:33.346+0100] {logging_mixin.py:190} INFO - [2024-11-12T17:35:33.346+0100] {dag.py:4180} INFO - Setting next_dagrun for dataset_with_extra_by_context to 2024-11-11 00:00:00+00:00, run_after=2024-11-12 00:00:00+00:00
[2024-11-12T17:35:33.351+0100] {logging_mixin.py:190} INFO - [2024-11-12T17:35:33.351+0100] {dag.py:4180} INFO - Setting next_dagrun for dataset_with_extra_by_yield to 2024-11-11 00:00:00+00:00, run_after=2024-11-12 00:00:00+00:00
[2024-11-12T17:35:33.354+0100] {logging_mixin.py:190} INFO - [2024-11-12T17:35:33.353+0100] {dag.py:4180} INFO - Setting next_dagrun for dataset_with_extra_from_classic_operator to 2024-11-11 00:00:00+00:00, run_after=2024-11-12 00:00:00+00:00
[2024-11-12T17:35:33.382+0100] {processor.py:208} INFO - Processing /home/sakana/anaconda3/envs/airflow_env/lib/python3.8/site-packages/airflow/example_dags/example_outlet_event_extra.py took 0.108 seconds
[2024-11-12T17:36:31.088+0100] {processor.py:186} INFO - Started process (PID=11286) to work on /home/sakana/anaconda3/envs/airflow_env/lib/python3.8/site-packages/airflow/example_dags/example_outlet_event_extra.py
[2024-11-12T17:36:31.094+0100] {processor.py:914} INFO - Processing file /home/sakana/anaconda3/envs/airflow_env/lib/python3.8/site-packages/airflow/example_dags/example_outlet_event_extra.py for tasks to queue
[2024-11-12T17:36:31.095+0100] {logging_mixin.py:190} INFO - [2024-11-12T17:36:31.095+0100] {dagbag.py:588} INFO - Filling up the DagBag from /home/sakana/anaconda3/envs/airflow_env/lib/python3.8/site-packages/airflow/example_dags/example_outlet_event_extra.py
[2024-11-12T17:36:31.110+0100] {processor.py:925} INFO - DAG(s) 'dataset_with_extra_from_classic_operator', 'dataset_with_extra_by_yield', 'dataset_with_extra_by_context' retrieved from /home/sakana/anaconda3/envs/airflow_env/lib/python3.8/site-packages/airflow/example_dags/example_outlet_event_extra.py
[2024-11-12T17:36:31.130+0100] {logging_mixin.py:190} INFO - [2024-11-12T17:36:31.130+0100] {dag.py:3239} INFO - Sync 3 DAGs
[2024-11-12T17:36:31.148+0100] {logging_mixin.py:190} INFO - [2024-11-12T17:36:31.148+0100] {dag.py:4180} INFO - Setting next_dagrun for dataset_with_extra_by_context to 2024-11-11 00:00:00+00:00, run_after=2024-11-12 00:00:00+00:00
[2024-11-12T17:36:31.152+0100] {logging_mixin.py:190} INFO - [2024-11-12T17:36:31.152+0100] {dag.py:4180} INFO - Setting next_dagrun for dataset_with_extra_by_yield to 2024-11-11 00:00:00+00:00, run_after=2024-11-12 00:00:00+00:00
[2024-11-12T17:36:31.155+0100] {logging_mixin.py:190} INFO - [2024-11-12T17:36:31.154+0100] {dag.py:4180} INFO - Setting next_dagrun for dataset_with_extra_from_classic_operator to 2024-11-11 00:00:00+00:00, run_after=2024-11-12 00:00:00+00:00
[2024-11-12T17:36:31.182+0100] {processor.py:208} INFO - Processing /home/sakana/anaconda3/envs/airflow_env/lib/python3.8/site-packages/airflow/example_dags/example_outlet_event_extra.py took 0.100 seconds
