[2024-11-12T01:01:23.757+0100] {processor.py:186} INFO - Started process (PID=31270) to work on /home/sakana/anaconda3/envs/airflow_env/lib/python3.8/site-packages/airflow/example_dags/example_task_group_decorator.py
[2024-11-12T01:01:23.758+0100] {processor.py:914} INFO - Processing file /home/sakana/anaconda3/envs/airflow_env/lib/python3.8/site-packages/airflow/example_dags/example_task_group_decorator.py for tasks to queue
[2024-11-12T01:01:23.761+0100] {logging_mixin.py:190} INFO - [2024-11-12T01:01:23.760+0100] {dagbag.py:588} INFO - Filling up the DagBag from /home/sakana/anaconda3/envs/airflow_env/lib/python3.8/site-packages/airflow/example_dags/example_task_group_decorator.py
[2024-11-12T01:01:23.792+0100] {processor.py:925} INFO - DAG(s) 'example_task_group_decorator' retrieved from /home/sakana/anaconda3/envs/airflow_env/lib/python3.8/site-packages/airflow/example_dags/example_task_group_decorator.py
[2024-11-12T01:01:23.832+0100] {logging_mixin.py:190} INFO - [2024-11-12T01:01:23.832+0100] {dag.py:3239} INFO - Sync 1 DAGs
[2024-11-12T01:01:23.851+0100] {logging_mixin.py:190} INFO - [2024-11-12T01:01:23.851+0100] {dag.py:4180} INFO - Setting next_dagrun for example_task_group_decorator to None, run_after=None
[2024-11-12T01:01:23.885+0100] {processor.py:208} INFO - Processing /home/sakana/anaconda3/envs/airflow_env/lib/python3.8/site-packages/airflow/example_dags/example_task_group_decorator.py took 0.135 seconds
[2024-11-12T01:02:26.449+0100] {processor.py:186} INFO - Started process (PID=31742) to work on /home/sakana/anaconda3/envs/airflow_env/lib/python3.8/site-packages/airflow/example_dags/example_task_group_decorator.py
[2024-11-12T01:02:26.482+0100] {processor.py:914} INFO - Processing file /home/sakana/anaconda3/envs/airflow_env/lib/python3.8/site-packages/airflow/example_dags/example_task_group_decorator.py for tasks to queue
[2024-11-12T01:02:26.489+0100] {logging_mixin.py:190} INFO - [2024-11-12T01:02:26.487+0100] {dagbag.py:588} INFO - Filling up the DagBag from /home/sakana/anaconda3/envs/airflow_env/lib/python3.8/site-packages/airflow/example_dags/example_task_group_decorator.py
[2024-11-12T01:02:26.535+0100] {processor.py:925} INFO - DAG(s) 'example_task_group_decorator' retrieved from /home/sakana/anaconda3/envs/airflow_env/lib/python3.8/site-packages/airflow/example_dags/example_task_group_decorator.py
[2024-11-12T01:02:26.580+0100] {logging_mixin.py:190} INFO - [2024-11-12T01:02:26.579+0100] {dag.py:3239} INFO - Sync 1 DAGs
[2024-11-12T01:02:26.603+0100] {logging_mixin.py:190} INFO - [2024-11-12T01:02:26.602+0100] {dag.py:4180} INFO - Setting next_dagrun for example_task_group_decorator to None, run_after=None
[2024-11-12T01:02:26.652+0100] {processor.py:208} INFO - Processing /home/sakana/anaconda3/envs/airflow_env/lib/python3.8/site-packages/airflow/example_dags/example_task_group_decorator.py took 0.209 seconds
[2024-11-12T01:03:30.568+0100] {processor.py:186} INFO - Started process (PID=32242) to work on /home/sakana/anaconda3/envs/airflow_env/lib/python3.8/site-packages/airflow/example_dags/example_task_group_decorator.py
[2024-11-12T01:03:30.574+0100] {processor.py:914} INFO - Processing file /home/sakana/anaconda3/envs/airflow_env/lib/python3.8/site-packages/airflow/example_dags/example_task_group_decorator.py for tasks to queue
[2024-11-12T01:03:30.580+0100] {logging_mixin.py:190} INFO - [2024-11-12T01:03:30.579+0100] {dagbag.py:588} INFO - Filling up the DagBag from /home/sakana/anaconda3/envs/airflow_env/lib/python3.8/site-packages/airflow/example_dags/example_task_group_decorator.py
[2024-11-12T01:03:30.609+0100] {processor.py:925} INFO - DAG(s) 'example_task_group_decorator' retrieved from /home/sakana/anaconda3/envs/airflow_env/lib/python3.8/site-packages/airflow/example_dags/example_task_group_decorator.py
[2024-11-12T01:03:30.632+0100] {logging_mixin.py:190} INFO - [2024-11-12T01:03:30.632+0100] {dag.py:3239} INFO - Sync 1 DAGs
[2024-11-12T01:03:30.644+0100] {logging_mixin.py:190} INFO - [2024-11-12T01:03:30.644+0100] {dag.py:4180} INFO - Setting next_dagrun for example_task_group_decorator to None, run_after=None
[2024-11-12T01:03:30.673+0100] {processor.py:208} INFO - Processing /home/sakana/anaconda3/envs/airflow_env/lib/python3.8/site-packages/airflow/example_dags/example_task_group_decorator.py took 0.114 seconds
[2024-11-12T01:06:55.422+0100] {processor.py:186} INFO - Started process (PID=34235) to work on /home/sakana/anaconda3/envs/airflow_env/lib/python3.8/site-packages/airflow/example_dags/example_task_group_decorator.py
[2024-11-12T01:06:55.427+0100] {processor.py:914} INFO - Processing file /home/sakana/anaconda3/envs/airflow_env/lib/python3.8/site-packages/airflow/example_dags/example_task_group_decorator.py for tasks to queue
[2024-11-12T01:06:55.429+0100] {logging_mixin.py:190} INFO - [2024-11-12T01:06:55.429+0100] {dagbag.py:588} INFO - Filling up the DagBag from /home/sakana/anaconda3/envs/airflow_env/lib/python3.8/site-packages/airflow/example_dags/example_task_group_decorator.py
[2024-11-12T01:06:55.452+0100] {processor.py:925} INFO - DAG(s) 'example_task_group_decorator' retrieved from /home/sakana/anaconda3/envs/airflow_env/lib/python3.8/site-packages/airflow/example_dags/example_task_group_decorator.py
[2024-11-12T01:06:55.477+0100] {logging_mixin.py:190} INFO - [2024-11-12T01:06:55.477+0100] {dag.py:3239} INFO - Sync 1 DAGs
[2024-11-12T01:06:55.492+0100] {logging_mixin.py:190} INFO - [2024-11-12T01:06:55.491+0100] {dag.py:4180} INFO - Setting next_dagrun for example_task_group_decorator to None, run_after=None
[2024-11-12T01:06:55.519+0100] {processor.py:208} INFO - Processing /home/sakana/anaconda3/envs/airflow_env/lib/python3.8/site-packages/airflow/example_dags/example_task_group_decorator.py took 0.105 seconds
[2024-11-12T01:10:10.107+0100] {processor.py:186} INFO - Started process (PID=4110) to work on /home/sakana/anaconda3/envs/airflow_env/lib/python3.8/site-packages/airflow/example_dags/example_task_group_decorator.py
[2024-11-12T01:10:10.112+0100] {processor.py:914} INFO - Processing file /home/sakana/anaconda3/envs/airflow_env/lib/python3.8/site-packages/airflow/example_dags/example_task_group_decorator.py for tasks to queue
[2024-11-12T01:10:10.114+0100] {logging_mixin.py:190} INFO - [2024-11-12T01:10:10.114+0100] {dagbag.py:588} INFO - Filling up the DagBag from /home/sakana/anaconda3/envs/airflow_env/lib/python3.8/site-packages/airflow/example_dags/example_task_group_decorator.py
[2024-11-12T01:10:10.131+0100] {processor.py:925} INFO - DAG(s) 'example_task_group_decorator' retrieved from /home/sakana/anaconda3/envs/airflow_env/lib/python3.8/site-packages/airflow/example_dags/example_task_group_decorator.py
[2024-11-12T01:10:10.152+0100] {logging_mixin.py:190} INFO - [2024-11-12T01:10:10.151+0100] {dag.py:3239} INFO - Sync 1 DAGs
[2024-11-12T01:10:10.165+0100] {logging_mixin.py:190} INFO - [2024-11-12T01:10:10.165+0100] {dag.py:4180} INFO - Setting next_dagrun for example_task_group_decorator to None, run_after=None
[2024-11-12T01:10:10.190+0100] {processor.py:208} INFO - Processing /home/sakana/anaconda3/envs/airflow_env/lib/python3.8/site-packages/airflow/example_dags/example_task_group_decorator.py took 0.089 seconds
[2024-11-12T01:11:11.599+0100] {processor.py:186} INFO - Started process (PID=4209) to work on /home/sakana/anaconda3/envs/airflow_env/lib/python3.8/site-packages/airflow/example_dags/example_task_group_decorator.py
[2024-11-12T01:11:11.604+0100] {processor.py:914} INFO - Processing file /home/sakana/anaconda3/envs/airflow_env/lib/python3.8/site-packages/airflow/example_dags/example_task_group_decorator.py for tasks to queue
[2024-11-12T01:11:11.606+0100] {logging_mixin.py:190} INFO - [2024-11-12T01:11:11.606+0100] {dagbag.py:588} INFO - Filling up the DagBag from /home/sakana/anaconda3/envs/airflow_env/lib/python3.8/site-packages/airflow/example_dags/example_task_group_decorator.py
[2024-11-12T01:11:11.622+0100] {processor.py:925} INFO - DAG(s) 'example_task_group_decorator' retrieved from /home/sakana/anaconda3/envs/airflow_env/lib/python3.8/site-packages/airflow/example_dags/example_task_group_decorator.py
[2024-11-12T01:11:11.642+0100] {logging_mixin.py:190} INFO - [2024-11-12T01:11:11.642+0100] {dag.py:3239} INFO - Sync 1 DAGs
[2024-11-12T01:11:11.652+0100] {logging_mixin.py:190} INFO - [2024-11-12T01:11:11.652+0100] {dag.py:4180} INFO - Setting next_dagrun for example_task_group_decorator to None, run_after=None
[2024-11-12T01:11:11.676+0100] {processor.py:208} INFO - Processing /home/sakana/anaconda3/envs/airflow_env/lib/python3.8/site-packages/airflow/example_dags/example_task_group_decorator.py took 0.083 seconds
[2024-11-12T01:12:11.317+0100] {processor.py:186} INFO - Started process (PID=4332) to work on /home/sakana/anaconda3/envs/airflow_env/lib/python3.8/site-packages/airflow/example_dags/example_task_group_decorator.py
[2024-11-12T01:12:11.322+0100] {processor.py:914} INFO - Processing file /home/sakana/anaconda3/envs/airflow_env/lib/python3.8/site-packages/airflow/example_dags/example_task_group_decorator.py for tasks to queue
[2024-11-12T01:12:11.328+0100] {logging_mixin.py:190} INFO - [2024-11-12T01:12:11.327+0100] {dagbag.py:588} INFO - Filling up the DagBag from /home/sakana/anaconda3/envs/airflow_env/lib/python3.8/site-packages/airflow/example_dags/example_task_group_decorator.py
[2024-11-12T01:12:11.360+0100] {processor.py:925} INFO - DAG(s) 'example_task_group_decorator' retrieved from /home/sakana/anaconda3/envs/airflow_env/lib/python3.8/site-packages/airflow/example_dags/example_task_group_decorator.py
[2024-11-12T01:12:11.380+0100] {logging_mixin.py:190} INFO - [2024-11-12T01:12:11.380+0100] {dag.py:3239} INFO - Sync 1 DAGs
[2024-11-12T01:12:11.390+0100] {logging_mixin.py:190} INFO - [2024-11-12T01:12:11.390+0100] {dag.py:4180} INFO - Setting next_dagrun for example_task_group_decorator to None, run_after=None
[2024-11-12T01:12:11.443+0100] {processor.py:208} INFO - Processing /home/sakana/anaconda3/envs/airflow_env/lib/python3.8/site-packages/airflow/example_dags/example_task_group_decorator.py took 0.133 seconds
[2024-11-12T16:37:49.605+0100] {processor.py:186} INFO - Started process (PID=6604) to work on /home/sakana/anaconda3/envs/airflow_env/lib/python3.8/site-packages/airflow/example_dags/example_task_group_decorator.py
[2024-11-12T16:37:49.610+0100] {processor.py:914} INFO - Processing file /home/sakana/anaconda3/envs/airflow_env/lib/python3.8/site-packages/airflow/example_dags/example_task_group_decorator.py for tasks to queue
[2024-11-12T16:37:49.612+0100] {logging_mixin.py:190} INFO - [2024-11-12T16:37:49.612+0100] {dagbag.py:588} INFO - Filling up the DagBag from /home/sakana/anaconda3/envs/airflow_env/lib/python3.8/site-packages/airflow/example_dags/example_task_group_decorator.py
[2024-11-12T16:37:49.630+0100] {processor.py:925} INFO - DAG(s) 'example_task_group_decorator' retrieved from /home/sakana/anaconda3/envs/airflow_env/lib/python3.8/site-packages/airflow/example_dags/example_task_group_decorator.py
[2024-11-12T16:37:49.653+0100] {logging_mixin.py:190} INFO - [2024-11-12T16:37:49.653+0100] {dag.py:3239} INFO - Sync 1 DAGs
[2024-11-12T16:37:49.665+0100] {logging_mixin.py:190} INFO - [2024-11-12T16:37:49.665+0100] {dag.py:4180} INFO - Setting next_dagrun for example_task_group_decorator to None, run_after=None
[2024-11-12T16:37:49.694+0100] {processor.py:208} INFO - Processing /home/sakana/anaconda3/envs/airflow_env/lib/python3.8/site-packages/airflow/example_dags/example_task_group_decorator.py took 0.096 seconds
[2024-11-12T16:39:51.889+0100] {processor.py:186} INFO - Started process (PID=6939) to work on /home/sakana/anaconda3/envs/airflow_env/lib/python3.8/site-packages/airflow/example_dags/example_task_group_decorator.py
[2024-11-12T16:39:51.895+0100] {processor.py:914} INFO - Processing file /home/sakana/anaconda3/envs/airflow_env/lib/python3.8/site-packages/airflow/example_dags/example_task_group_decorator.py for tasks to queue
[2024-11-12T16:39:51.898+0100] {logging_mixin.py:190} INFO - [2024-11-12T16:39:51.897+0100] {dagbag.py:588} INFO - Filling up the DagBag from /home/sakana/anaconda3/envs/airflow_env/lib/python3.8/site-packages/airflow/example_dags/example_task_group_decorator.py
[2024-11-12T16:39:51.922+0100] {processor.py:925} INFO - DAG(s) 'example_task_group_decorator' retrieved from /home/sakana/anaconda3/envs/airflow_env/lib/python3.8/site-packages/airflow/example_dags/example_task_group_decorator.py
[2024-11-12T16:39:51.948+0100] {logging_mixin.py:190} INFO - [2024-11-12T16:39:51.948+0100] {dag.py:3239} INFO - Sync 1 DAGs
[2024-11-12T16:39:51.966+0100] {logging_mixin.py:190} INFO - [2024-11-12T16:39:51.965+0100] {dag.py:4180} INFO - Setting next_dagrun for example_task_group_decorator to None, run_after=None
[2024-11-12T16:39:51.994+0100] {processor.py:208} INFO - Processing /home/sakana/anaconda3/envs/airflow_env/lib/python3.8/site-packages/airflow/example_dags/example_task_group_decorator.py took 0.115 seconds
[2024-11-12T16:41:06.533+0100] {processor.py:186} INFO - Started process (PID=7066) to work on /home/sakana/anaconda3/envs/airflow_env/lib/python3.8/site-packages/airflow/example_dags/example_task_group_decorator.py
[2024-11-12T16:41:06.538+0100] {processor.py:914} INFO - Processing file /home/sakana/anaconda3/envs/airflow_env/lib/python3.8/site-packages/airflow/example_dags/example_task_group_decorator.py for tasks to queue
[2024-11-12T16:41:06.540+0100] {logging_mixin.py:190} INFO - [2024-11-12T16:41:06.539+0100] {dagbag.py:588} INFO - Filling up the DagBag from /home/sakana/anaconda3/envs/airflow_env/lib/python3.8/site-packages/airflow/example_dags/example_task_group_decorator.py
[2024-11-12T16:41:06.562+0100] {processor.py:925} INFO - DAG(s) 'example_task_group_decorator' retrieved from /home/sakana/anaconda3/envs/airflow_env/lib/python3.8/site-packages/airflow/example_dags/example_task_group_decorator.py
[2024-11-12T16:41:06.590+0100] {logging_mixin.py:190} INFO - [2024-11-12T16:41:06.589+0100] {dag.py:3239} INFO - Sync 1 DAGs
[2024-11-12T16:41:06.605+0100] {logging_mixin.py:190} INFO - [2024-11-12T16:41:06.605+0100] {dag.py:4180} INFO - Setting next_dagrun for example_task_group_decorator to None, run_after=None
[2024-11-12T16:41:06.634+0100] {processor.py:208} INFO - Processing /home/sakana/anaconda3/envs/airflow_env/lib/python3.8/site-packages/airflow/example_dags/example_task_group_decorator.py took 0.108 seconds
[2024-11-12T16:42:04.818+0100] {processor.py:186} INFO - Started process (PID=7162) to work on /home/sakana/anaconda3/envs/airflow_env/lib/python3.8/site-packages/airflow/example_dags/example_task_group_decorator.py
[2024-11-12T16:42:04.823+0100] {processor.py:914} INFO - Processing file /home/sakana/anaconda3/envs/airflow_env/lib/python3.8/site-packages/airflow/example_dags/example_task_group_decorator.py for tasks to queue
[2024-11-12T16:42:04.827+0100] {logging_mixin.py:190} INFO - [2024-11-12T16:42:04.826+0100] {dagbag.py:588} INFO - Filling up the DagBag from /home/sakana/anaconda3/envs/airflow_env/lib/python3.8/site-packages/airflow/example_dags/example_task_group_decorator.py
[2024-11-12T16:42:04.847+0100] {processor.py:925} INFO - DAG(s) 'example_task_group_decorator' retrieved from /home/sakana/anaconda3/envs/airflow_env/lib/python3.8/site-packages/airflow/example_dags/example_task_group_decorator.py
[2024-11-12T16:42:04.871+0100] {logging_mixin.py:190} INFO - [2024-11-12T16:42:04.870+0100] {dag.py:3239} INFO - Sync 1 DAGs
[2024-11-12T16:42:04.886+0100] {logging_mixin.py:190} INFO - [2024-11-12T16:42:04.886+0100] {dag.py:4180} INFO - Setting next_dagrun for example_task_group_decorator to None, run_after=None
[2024-11-12T16:42:04.912+0100] {processor.py:208} INFO - Processing /home/sakana/anaconda3/envs/airflow_env/lib/python3.8/site-packages/airflow/example_dags/example_task_group_decorator.py took 0.105 seconds
[2024-11-12T16:43:00.919+0100] {processor.py:186} INFO - Started process (PID=7299) to work on /home/sakana/anaconda3/envs/airflow_env/lib/python3.8/site-packages/airflow/example_dags/example_task_group_decorator.py
[2024-11-12T16:43:00.924+0100] {processor.py:914} INFO - Processing file /home/sakana/anaconda3/envs/airflow_env/lib/python3.8/site-packages/airflow/example_dags/example_task_group_decorator.py for tasks to queue
[2024-11-12T16:43:00.926+0100] {logging_mixin.py:190} INFO - [2024-11-12T16:43:00.926+0100] {dagbag.py:588} INFO - Filling up the DagBag from /home/sakana/anaconda3/envs/airflow_env/lib/python3.8/site-packages/airflow/example_dags/example_task_group_decorator.py
[2024-11-12T16:43:00.943+0100] {processor.py:925} INFO - DAG(s) 'example_task_group_decorator' retrieved from /home/sakana/anaconda3/envs/airflow_env/lib/python3.8/site-packages/airflow/example_dags/example_task_group_decorator.py
[2024-11-12T16:43:00.965+0100] {logging_mixin.py:190} INFO - [2024-11-12T16:43:00.965+0100] {dag.py:3239} INFO - Sync 1 DAGs
[2024-11-12T16:43:00.976+0100] {logging_mixin.py:190} INFO - [2024-11-12T16:43:00.976+0100] {dag.py:4180} INFO - Setting next_dagrun for example_task_group_decorator to None, run_after=None
[2024-11-12T16:43:01.001+0100] {processor.py:208} INFO - Processing /home/sakana/anaconda3/envs/airflow_env/lib/python3.8/site-packages/airflow/example_dags/example_task_group_decorator.py took 0.088 seconds
[2024-11-12T16:43:58.850+0100] {processor.py:186} INFO - Started process (PID=7416) to work on /home/sakana/anaconda3/envs/airflow_env/lib/python3.8/site-packages/airflow/example_dags/example_task_group_decorator.py
[2024-11-12T16:43:58.856+0100] {processor.py:914} INFO - Processing file /home/sakana/anaconda3/envs/airflow_env/lib/python3.8/site-packages/airflow/example_dags/example_task_group_decorator.py for tasks to queue
[2024-11-12T16:43:58.857+0100] {logging_mixin.py:190} INFO - [2024-11-12T16:43:58.857+0100] {dagbag.py:588} INFO - Filling up the DagBag from /home/sakana/anaconda3/envs/airflow_env/lib/python3.8/site-packages/airflow/example_dags/example_task_group_decorator.py
[2024-11-12T16:43:58.883+0100] {processor.py:925} INFO - DAG(s) 'example_task_group_decorator' retrieved from /home/sakana/anaconda3/envs/airflow_env/lib/python3.8/site-packages/airflow/example_dags/example_task_group_decorator.py
[2024-11-12T16:43:58.908+0100] {logging_mixin.py:190} INFO - [2024-11-12T16:43:58.908+0100] {dag.py:3239} INFO - Sync 1 DAGs
[2024-11-12T16:43:58.923+0100] {logging_mixin.py:190} INFO - [2024-11-12T16:43:58.923+0100] {dag.py:4180} INFO - Setting next_dagrun for example_task_group_decorator to None, run_after=None
[2024-11-12T16:43:58.959+0100] {processor.py:208} INFO - Processing /home/sakana/anaconda3/envs/airflow_env/lib/python3.8/site-packages/airflow/example_dags/example_task_group_decorator.py took 0.117 seconds
[2024-11-12T16:44:55.579+0100] {processor.py:186} INFO - Started process (PID=7485) to work on /home/sakana/anaconda3/envs/airflow_env/lib/python3.8/site-packages/airflow/example_dags/example_task_group_decorator.py
[2024-11-12T16:44:55.585+0100] {processor.py:914} INFO - Processing file /home/sakana/anaconda3/envs/airflow_env/lib/python3.8/site-packages/airflow/example_dags/example_task_group_decorator.py for tasks to queue
[2024-11-12T16:44:55.591+0100] {logging_mixin.py:190} INFO - [2024-11-12T16:44:55.590+0100] {dagbag.py:588} INFO - Filling up the DagBag from /home/sakana/anaconda3/envs/airflow_env/lib/python3.8/site-packages/airflow/example_dags/example_task_group_decorator.py
[2024-11-12T16:44:55.625+0100] {processor.py:925} INFO - DAG(s) 'example_task_group_decorator' retrieved from /home/sakana/anaconda3/envs/airflow_env/lib/python3.8/site-packages/airflow/example_dags/example_task_group_decorator.py
[2024-11-12T16:44:55.648+0100] {logging_mixin.py:190} INFO - [2024-11-12T16:44:55.648+0100] {dag.py:3239} INFO - Sync 1 DAGs
[2024-11-12T16:44:55.663+0100] {logging_mixin.py:190} INFO - [2024-11-12T16:44:55.662+0100] {dag.py:4180} INFO - Setting next_dagrun for example_task_group_decorator to None, run_after=None
[2024-11-12T16:44:55.694+0100] {processor.py:208} INFO - Processing /home/sakana/anaconda3/envs/airflow_env/lib/python3.8/site-packages/airflow/example_dags/example_task_group_decorator.py took 0.121 seconds
[2024-11-12T16:45:49.662+0100] {processor.py:186} INFO - Started process (PID=7556) to work on /home/sakana/anaconda3/envs/airflow_env/lib/python3.8/site-packages/airflow/example_dags/example_task_group_decorator.py
[2024-11-12T16:45:49.667+0100] {processor.py:914} INFO - Processing file /home/sakana/anaconda3/envs/airflow_env/lib/python3.8/site-packages/airflow/example_dags/example_task_group_decorator.py for tasks to queue
[2024-11-12T16:45:49.670+0100] {logging_mixin.py:190} INFO - [2024-11-12T16:45:49.670+0100] {dagbag.py:588} INFO - Filling up the DagBag from /home/sakana/anaconda3/envs/airflow_env/lib/python3.8/site-packages/airflow/example_dags/example_task_group_decorator.py
[2024-11-12T16:45:49.691+0100] {processor.py:925} INFO - DAG(s) 'example_task_group_decorator' retrieved from /home/sakana/anaconda3/envs/airflow_env/lib/python3.8/site-packages/airflow/example_dags/example_task_group_decorator.py
[2024-11-12T16:45:49.713+0100] {logging_mixin.py:190} INFO - [2024-11-12T16:45:49.713+0100] {dag.py:3239} INFO - Sync 1 DAGs
[2024-11-12T16:45:49.725+0100] {logging_mixin.py:190} INFO - [2024-11-12T16:45:49.725+0100] {dag.py:4180} INFO - Setting next_dagrun for example_task_group_decorator to None, run_after=None
[2024-11-12T16:45:49.751+0100] {processor.py:208} INFO - Processing /home/sakana/anaconda3/envs/airflow_env/lib/python3.8/site-packages/airflow/example_dags/example_task_group_decorator.py took 0.097 seconds
[2024-11-12T16:46:59.423+0100] {processor.py:186} INFO - Started process (PID=7688) to work on /home/sakana/anaconda3/envs/airflow_env/lib/python3.8/site-packages/airflow/example_dags/example_task_group_decorator.py
[2024-11-12T16:46:59.428+0100] {processor.py:914} INFO - Processing file /home/sakana/anaconda3/envs/airflow_env/lib/python3.8/site-packages/airflow/example_dags/example_task_group_decorator.py for tasks to queue
[2024-11-12T16:46:59.429+0100] {logging_mixin.py:190} INFO - [2024-11-12T16:46:59.429+0100] {dagbag.py:588} INFO - Filling up the DagBag from /home/sakana/anaconda3/envs/airflow_env/lib/python3.8/site-packages/airflow/example_dags/example_task_group_decorator.py
[2024-11-12T16:46:59.445+0100] {processor.py:925} INFO - DAG(s) 'example_task_group_decorator' retrieved from /home/sakana/anaconda3/envs/airflow_env/lib/python3.8/site-packages/airflow/example_dags/example_task_group_decorator.py
[2024-11-12T16:46:59.463+0100] {logging_mixin.py:190} INFO - [2024-11-12T16:46:59.463+0100] {dag.py:3239} INFO - Sync 1 DAGs
[2024-11-12T16:46:59.477+0100] {logging_mixin.py:190} INFO - [2024-11-12T16:46:59.477+0100] {dag.py:4180} INFO - Setting next_dagrun for example_task_group_decorator to None, run_after=None
[2024-11-12T16:46:59.503+0100] {processor.py:208} INFO - Processing /home/sakana/anaconda3/envs/airflow_env/lib/python3.8/site-packages/airflow/example_dags/example_task_group_decorator.py took 0.088 seconds
[2024-11-12T16:47:56.658+0100] {processor.py:186} INFO - Started process (PID=7794) to work on /home/sakana/anaconda3/envs/airflow_env/lib/python3.8/site-packages/airflow/example_dags/example_task_group_decorator.py
[2024-11-12T16:47:56.668+0100] {processor.py:914} INFO - Processing file /home/sakana/anaconda3/envs/airflow_env/lib/python3.8/site-packages/airflow/example_dags/example_task_group_decorator.py for tasks to queue
[2024-11-12T16:47:56.671+0100] {logging_mixin.py:190} INFO - [2024-11-12T16:47:56.670+0100] {dagbag.py:588} INFO - Filling up the DagBag from /home/sakana/anaconda3/envs/airflow_env/lib/python3.8/site-packages/airflow/example_dags/example_task_group_decorator.py
[2024-11-12T16:47:56.693+0100] {processor.py:925} INFO - DAG(s) 'example_task_group_decorator' retrieved from /home/sakana/anaconda3/envs/airflow_env/lib/python3.8/site-packages/airflow/example_dags/example_task_group_decorator.py
[2024-11-12T16:47:56.718+0100] {logging_mixin.py:190} INFO - [2024-11-12T16:47:56.718+0100] {dag.py:3239} INFO - Sync 1 DAGs
[2024-11-12T16:47:56.735+0100] {logging_mixin.py:190} INFO - [2024-11-12T16:47:56.735+0100] {dag.py:4180} INFO - Setting next_dagrun for example_task_group_decorator to None, run_after=None
[2024-11-12T16:47:56.769+0100] {processor.py:208} INFO - Processing /home/sakana/anaconda3/envs/airflow_env/lib/python3.8/site-packages/airflow/example_dags/example_task_group_decorator.py took 0.120 seconds
[2024-11-12T16:48:54.852+0100] {processor.py:186} INFO - Started process (PID=7914) to work on /home/sakana/anaconda3/envs/airflow_env/lib/python3.8/site-packages/airflow/example_dags/example_task_group_decorator.py
[2024-11-12T16:48:54.857+0100] {processor.py:914} INFO - Processing file /home/sakana/anaconda3/envs/airflow_env/lib/python3.8/site-packages/airflow/example_dags/example_task_group_decorator.py for tasks to queue
[2024-11-12T16:48:54.860+0100] {logging_mixin.py:190} INFO - [2024-11-12T16:48:54.859+0100] {dagbag.py:588} INFO - Filling up the DagBag from /home/sakana/anaconda3/envs/airflow_env/lib/python3.8/site-packages/airflow/example_dags/example_task_group_decorator.py
[2024-11-12T16:48:54.876+0100] {processor.py:925} INFO - DAG(s) 'example_task_group_decorator' retrieved from /home/sakana/anaconda3/envs/airflow_env/lib/python3.8/site-packages/airflow/example_dags/example_task_group_decorator.py
[2024-11-12T16:48:54.896+0100] {logging_mixin.py:190} INFO - [2024-11-12T16:48:54.895+0100] {dag.py:3239} INFO - Sync 1 DAGs
[2024-11-12T16:48:54.907+0100] {logging_mixin.py:190} INFO - [2024-11-12T16:48:54.907+0100] {dag.py:4180} INFO - Setting next_dagrun for example_task_group_decorator to None, run_after=None
[2024-11-12T16:48:54.936+0100] {processor.py:208} INFO - Processing /home/sakana/anaconda3/envs/airflow_env/lib/python3.8/site-packages/airflow/example_dags/example_task_group_decorator.py took 0.096 seconds
[2024-11-12T16:49:52.374+0100] {processor.py:186} INFO - Started process (PID=8006) to work on /home/sakana/anaconda3/envs/airflow_env/lib/python3.8/site-packages/airflow/example_dags/example_task_group_decorator.py
[2024-11-12T16:49:52.379+0100] {processor.py:914} INFO - Processing file /home/sakana/anaconda3/envs/airflow_env/lib/python3.8/site-packages/airflow/example_dags/example_task_group_decorator.py for tasks to queue
[2024-11-12T16:49:52.381+0100] {logging_mixin.py:190} INFO - [2024-11-12T16:49:52.380+0100] {dagbag.py:588} INFO - Filling up the DagBag from /home/sakana/anaconda3/envs/airflow_env/lib/python3.8/site-packages/airflow/example_dags/example_task_group_decorator.py
[2024-11-12T16:49:52.396+0100] {processor.py:925} INFO - DAG(s) 'example_task_group_decorator' retrieved from /home/sakana/anaconda3/envs/airflow_env/lib/python3.8/site-packages/airflow/example_dags/example_task_group_decorator.py
[2024-11-12T16:49:52.417+0100] {logging_mixin.py:190} INFO - [2024-11-12T16:49:52.417+0100] {dag.py:3239} INFO - Sync 1 DAGs
[2024-11-12T16:49:52.430+0100] {logging_mixin.py:190} INFO - [2024-11-12T16:49:52.429+0100] {dag.py:4180} INFO - Setting next_dagrun for example_task_group_decorator to None, run_after=None
[2024-11-12T16:49:52.454+0100] {processor.py:208} INFO - Processing /home/sakana/anaconda3/envs/airflow_env/lib/python3.8/site-packages/airflow/example_dags/example_task_group_decorator.py took 0.086 seconds
[2024-11-12T16:50:48.673+0100] {processor.py:186} INFO - Started process (PID=8073) to work on /home/sakana/anaconda3/envs/airflow_env/lib/python3.8/site-packages/airflow/example_dags/example_task_group_decorator.py
[2024-11-12T16:50:48.678+0100] {processor.py:914} INFO - Processing file /home/sakana/anaconda3/envs/airflow_env/lib/python3.8/site-packages/airflow/example_dags/example_task_group_decorator.py for tasks to queue
[2024-11-12T16:50:48.680+0100] {logging_mixin.py:190} INFO - [2024-11-12T16:50:48.680+0100] {dagbag.py:588} INFO - Filling up the DagBag from /home/sakana/anaconda3/envs/airflow_env/lib/python3.8/site-packages/airflow/example_dags/example_task_group_decorator.py
[2024-11-12T16:50:48.695+0100] {processor.py:925} INFO - DAG(s) 'example_task_group_decorator' retrieved from /home/sakana/anaconda3/envs/airflow_env/lib/python3.8/site-packages/airflow/example_dags/example_task_group_decorator.py
[2024-11-12T16:50:48.714+0100] {logging_mixin.py:190} INFO - [2024-11-12T16:50:48.714+0100] {dag.py:3239} INFO - Sync 1 DAGs
[2024-11-12T16:50:48.731+0100] {logging_mixin.py:190} INFO - [2024-11-12T16:50:48.731+0100] {dag.py:4180} INFO - Setting next_dagrun for example_task_group_decorator to None, run_after=None
[2024-11-12T16:50:48.757+0100] {processor.py:208} INFO - Processing /home/sakana/anaconda3/envs/airflow_env/lib/python3.8/site-packages/airflow/example_dags/example_task_group_decorator.py took 0.090 seconds
[2024-11-12T16:51:45.682+0100] {processor.py:186} INFO - Started process (PID=8146) to work on /home/sakana/anaconda3/envs/airflow_env/lib/python3.8/site-packages/airflow/example_dags/example_task_group_decorator.py
[2024-11-12T16:51:45.687+0100] {processor.py:914} INFO - Processing file /home/sakana/anaconda3/envs/airflow_env/lib/python3.8/site-packages/airflow/example_dags/example_task_group_decorator.py for tasks to queue
[2024-11-12T16:51:45.689+0100] {logging_mixin.py:190} INFO - [2024-11-12T16:51:45.689+0100] {dagbag.py:588} INFO - Filling up the DagBag from /home/sakana/anaconda3/envs/airflow_env/lib/python3.8/site-packages/airflow/example_dags/example_task_group_decorator.py
[2024-11-12T16:51:45.704+0100] {processor.py:925} INFO - DAG(s) 'example_task_group_decorator' retrieved from /home/sakana/anaconda3/envs/airflow_env/lib/python3.8/site-packages/airflow/example_dags/example_task_group_decorator.py
[2024-11-12T16:51:45.733+0100] {logging_mixin.py:190} INFO - [2024-11-12T16:51:45.733+0100] {dag.py:3239} INFO - Sync 1 DAGs
[2024-11-12T16:51:45.748+0100] {logging_mixin.py:190} INFO - [2024-11-12T16:51:45.748+0100] {dag.py:4180} INFO - Setting next_dagrun for example_task_group_decorator to None, run_after=None
[2024-11-12T16:51:45.773+0100] {processor.py:208} INFO - Processing /home/sakana/anaconda3/envs/airflow_env/lib/python3.8/site-packages/airflow/example_dags/example_task_group_decorator.py took 0.096 seconds
[2024-11-12T16:52:42.206+0100] {processor.py:186} INFO - Started process (PID=8235) to work on /home/sakana/anaconda3/envs/airflow_env/lib/python3.8/site-packages/airflow/example_dags/example_task_group_decorator.py
[2024-11-12T16:52:42.211+0100] {processor.py:914} INFO - Processing file /home/sakana/anaconda3/envs/airflow_env/lib/python3.8/site-packages/airflow/example_dags/example_task_group_decorator.py for tasks to queue
[2024-11-12T16:52:42.213+0100] {logging_mixin.py:190} INFO - [2024-11-12T16:52:42.213+0100] {dagbag.py:588} INFO - Filling up the DagBag from /home/sakana/anaconda3/envs/airflow_env/lib/python3.8/site-packages/airflow/example_dags/example_task_group_decorator.py
[2024-11-12T16:52:42.231+0100] {processor.py:925} INFO - DAG(s) 'example_task_group_decorator' retrieved from /home/sakana/anaconda3/envs/airflow_env/lib/python3.8/site-packages/airflow/example_dags/example_task_group_decorator.py
[2024-11-12T16:52:42.251+0100] {logging_mixin.py:190} INFO - [2024-11-12T16:52:42.251+0100] {dag.py:3239} INFO - Sync 1 DAGs
[2024-11-12T16:52:42.262+0100] {logging_mixin.py:190} INFO - [2024-11-12T16:52:42.262+0100] {dag.py:4180} INFO - Setting next_dagrun for example_task_group_decorator to None, run_after=None
[2024-11-12T16:52:42.294+0100] {processor.py:208} INFO - Processing /home/sakana/anaconda3/envs/airflow_env/lib/python3.8/site-packages/airflow/example_dags/example_task_group_decorator.py took 0.095 seconds
[2024-11-12T16:53:38.798+0100] {processor.py:186} INFO - Started process (PID=8337) to work on /home/sakana/anaconda3/envs/airflow_env/lib/python3.8/site-packages/airflow/example_dags/example_task_group_decorator.py
[2024-11-12T16:53:38.803+0100] {processor.py:914} INFO - Processing file /home/sakana/anaconda3/envs/airflow_env/lib/python3.8/site-packages/airflow/example_dags/example_task_group_decorator.py for tasks to queue
[2024-11-12T16:53:38.806+0100] {logging_mixin.py:190} INFO - [2024-11-12T16:53:38.805+0100] {dagbag.py:588} INFO - Filling up the DagBag from /home/sakana/anaconda3/envs/airflow_env/lib/python3.8/site-packages/airflow/example_dags/example_task_group_decorator.py
[2024-11-12T16:53:38.824+0100] {processor.py:925} INFO - DAG(s) 'example_task_group_decorator' retrieved from /home/sakana/anaconda3/envs/airflow_env/lib/python3.8/site-packages/airflow/example_dags/example_task_group_decorator.py
[2024-11-12T16:53:38.848+0100] {logging_mixin.py:190} INFO - [2024-11-12T16:53:38.848+0100] {dag.py:3239} INFO - Sync 1 DAGs
[2024-11-12T16:53:38.865+0100] {logging_mixin.py:190} INFO - [2024-11-12T16:53:38.864+0100] {dag.py:4180} INFO - Setting next_dagrun for example_task_group_decorator to None, run_after=None
[2024-11-12T16:53:38.894+0100] {processor.py:208} INFO - Processing /home/sakana/anaconda3/envs/airflow_env/lib/python3.8/site-packages/airflow/example_dags/example_task_group_decorator.py took 0.103 seconds
[2024-11-12T16:54:40.348+0100] {processor.py:186} INFO - Started process (PID=8507) to work on /home/sakana/anaconda3/envs/airflow_env/lib/python3.8/site-packages/airflow/example_dags/example_task_group_decorator.py
[2024-11-12T16:54:40.353+0100] {processor.py:914} INFO - Processing file /home/sakana/anaconda3/envs/airflow_env/lib/python3.8/site-packages/airflow/example_dags/example_task_group_decorator.py for tasks to queue
[2024-11-12T16:54:40.357+0100] {logging_mixin.py:190} INFO - [2024-11-12T16:54:40.356+0100] {dagbag.py:588} INFO - Filling up the DagBag from /home/sakana/anaconda3/envs/airflow_env/lib/python3.8/site-packages/airflow/example_dags/example_task_group_decorator.py
[2024-11-12T16:54:40.389+0100] {processor.py:925} INFO - DAG(s) 'example_task_group_decorator' retrieved from /home/sakana/anaconda3/envs/airflow_env/lib/python3.8/site-packages/airflow/example_dags/example_task_group_decorator.py
[2024-11-12T16:54:40.415+0100] {logging_mixin.py:190} INFO - [2024-11-12T16:54:40.414+0100] {dag.py:3239} INFO - Sync 1 DAGs
[2024-11-12T16:54:40.430+0100] {logging_mixin.py:190} INFO - [2024-11-12T16:54:40.430+0100] {dag.py:4180} INFO - Setting next_dagrun for example_task_group_decorator to None, run_after=None
[2024-11-12T16:54:40.463+0100] {processor.py:208} INFO - Processing /home/sakana/anaconda3/envs/airflow_env/lib/python3.8/site-packages/airflow/example_dags/example_task_group_decorator.py took 0.123 seconds
[2024-11-12T16:55:40.386+0100] {processor.py:186} INFO - Started process (PID=8592) to work on /home/sakana/anaconda3/envs/airflow_env/lib/python3.8/site-packages/airflow/example_dags/example_task_group_decorator.py
[2024-11-12T16:55:40.391+0100] {processor.py:914} INFO - Processing file /home/sakana/anaconda3/envs/airflow_env/lib/python3.8/site-packages/airflow/example_dags/example_task_group_decorator.py for tasks to queue
[2024-11-12T16:55:40.393+0100] {logging_mixin.py:190} INFO - [2024-11-12T16:55:40.393+0100] {dagbag.py:588} INFO - Filling up the DagBag from /home/sakana/anaconda3/envs/airflow_env/lib/python3.8/site-packages/airflow/example_dags/example_task_group_decorator.py
[2024-11-12T16:55:40.412+0100] {processor.py:925} INFO - DAG(s) 'example_task_group_decorator' retrieved from /home/sakana/anaconda3/envs/airflow_env/lib/python3.8/site-packages/airflow/example_dags/example_task_group_decorator.py
[2024-11-12T16:55:40.431+0100] {logging_mixin.py:190} INFO - [2024-11-12T16:55:40.431+0100] {dag.py:3239} INFO - Sync 1 DAGs
[2024-11-12T16:55:40.442+0100] {logging_mixin.py:190} INFO - [2024-11-12T16:55:40.442+0100] {dag.py:4180} INFO - Setting next_dagrun for example_task_group_decorator to None, run_after=None
[2024-11-12T16:55:40.469+0100] {processor.py:208} INFO - Processing /home/sakana/anaconda3/envs/airflow_env/lib/python3.8/site-packages/airflow/example_dags/example_task_group_decorator.py took 0.090 seconds
[2024-11-12T16:56:37.612+0100] {processor.py:186} INFO - Started process (PID=8665) to work on /home/sakana/anaconda3/envs/airflow_env/lib/python3.8/site-packages/airflow/example_dags/example_task_group_decorator.py
[2024-11-12T16:56:37.618+0100] {processor.py:914} INFO - Processing file /home/sakana/anaconda3/envs/airflow_env/lib/python3.8/site-packages/airflow/example_dags/example_task_group_decorator.py for tasks to queue
[2024-11-12T16:56:37.622+0100] {logging_mixin.py:190} INFO - [2024-11-12T16:56:37.621+0100] {dagbag.py:588} INFO - Filling up the DagBag from /home/sakana/anaconda3/envs/airflow_env/lib/python3.8/site-packages/airflow/example_dags/example_task_group_decorator.py
[2024-11-12T16:56:37.646+0100] {processor.py:925} INFO - DAG(s) 'example_task_group_decorator' retrieved from /home/sakana/anaconda3/envs/airflow_env/lib/python3.8/site-packages/airflow/example_dags/example_task_group_decorator.py
[2024-11-12T16:56:37.666+0100] {logging_mixin.py:190} INFO - [2024-11-12T16:56:37.666+0100] {dag.py:3239} INFO - Sync 1 DAGs
[2024-11-12T16:56:37.677+0100] {logging_mixin.py:190} INFO - [2024-11-12T16:56:37.677+0100] {dag.py:4180} INFO - Setting next_dagrun for example_task_group_decorator to None, run_after=None
[2024-11-12T16:56:37.702+0100] {processor.py:208} INFO - Processing /home/sakana/anaconda3/envs/airflow_env/lib/python3.8/site-packages/airflow/example_dags/example_task_group_decorator.py took 0.103 seconds
[2024-11-12T16:57:38.898+0100] {processor.py:186} INFO - Started process (PID=8747) to work on /home/sakana/anaconda3/envs/airflow_env/lib/python3.8/site-packages/airflow/example_dags/example_task_group_decorator.py
[2024-11-12T16:57:38.904+0100] {processor.py:914} INFO - Processing file /home/sakana/anaconda3/envs/airflow_env/lib/python3.8/site-packages/airflow/example_dags/example_task_group_decorator.py for tasks to queue
[2024-11-12T16:57:38.906+0100] {logging_mixin.py:190} INFO - [2024-11-12T16:57:38.906+0100] {dagbag.py:588} INFO - Filling up the DagBag from /home/sakana/anaconda3/envs/airflow_env/lib/python3.8/site-packages/airflow/example_dags/example_task_group_decorator.py
[2024-11-12T16:57:38.930+0100] {processor.py:925} INFO - DAG(s) 'example_task_group_decorator' retrieved from /home/sakana/anaconda3/envs/airflow_env/lib/python3.8/site-packages/airflow/example_dags/example_task_group_decorator.py
[2024-11-12T16:57:38.961+0100] {logging_mixin.py:190} INFO - [2024-11-12T16:57:38.960+0100] {dag.py:3239} INFO - Sync 1 DAGs
[2024-11-12T16:57:38.975+0100] {logging_mixin.py:190} INFO - [2024-11-12T16:57:38.975+0100] {dag.py:4180} INFO - Setting next_dagrun for example_task_group_decorator to None, run_after=None
[2024-11-12T16:57:39.004+0100] {processor.py:208} INFO - Processing /home/sakana/anaconda3/envs/airflow_env/lib/python3.8/site-packages/airflow/example_dags/example_task_group_decorator.py took 0.118 seconds
[2024-11-12T16:58:41.147+0100] {processor.py:186} INFO - Started process (PID=8853) to work on /home/sakana/anaconda3/envs/airflow_env/lib/python3.8/site-packages/airflow/example_dags/example_task_group_decorator.py
[2024-11-12T16:58:41.152+0100] {processor.py:914} INFO - Processing file /home/sakana/anaconda3/envs/airflow_env/lib/python3.8/site-packages/airflow/example_dags/example_task_group_decorator.py for tasks to queue
[2024-11-12T16:58:41.154+0100] {logging_mixin.py:190} INFO - [2024-11-12T16:58:41.154+0100] {dagbag.py:588} INFO - Filling up the DagBag from /home/sakana/anaconda3/envs/airflow_env/lib/python3.8/site-packages/airflow/example_dags/example_task_group_decorator.py
[2024-11-12T16:58:41.171+0100] {processor.py:925} INFO - DAG(s) 'example_task_group_decorator' retrieved from /home/sakana/anaconda3/envs/airflow_env/lib/python3.8/site-packages/airflow/example_dags/example_task_group_decorator.py
[2024-11-12T16:58:41.190+0100] {logging_mixin.py:190} INFO - [2024-11-12T16:58:41.190+0100] {dag.py:3239} INFO - Sync 1 DAGs
[2024-11-12T16:58:41.201+0100] {logging_mixin.py:190} INFO - [2024-11-12T16:58:41.201+0100] {dag.py:4180} INFO - Setting next_dagrun for example_task_group_decorator to None, run_after=None
[2024-11-12T16:58:41.234+0100] {processor.py:208} INFO - Processing /home/sakana/anaconda3/envs/airflow_env/lib/python3.8/site-packages/airflow/example_dags/example_task_group_decorator.py took 0.097 seconds
[2024-11-12T16:59:41.965+0100] {processor.py:186} INFO - Started process (PID=8926) to work on /home/sakana/anaconda3/envs/airflow_env/lib/python3.8/site-packages/airflow/example_dags/example_task_group_decorator.py
[2024-11-12T16:59:41.970+0100] {processor.py:914} INFO - Processing file /home/sakana/anaconda3/envs/airflow_env/lib/python3.8/site-packages/airflow/example_dags/example_task_group_decorator.py for tasks to queue
[2024-11-12T16:59:41.972+0100] {logging_mixin.py:190} INFO - [2024-11-12T16:59:41.972+0100] {dagbag.py:588} INFO - Filling up the DagBag from /home/sakana/anaconda3/envs/airflow_env/lib/python3.8/site-packages/airflow/example_dags/example_task_group_decorator.py
[2024-11-12T16:59:41.989+0100] {processor.py:925} INFO - DAG(s) 'example_task_group_decorator' retrieved from /home/sakana/anaconda3/envs/airflow_env/lib/python3.8/site-packages/airflow/example_dags/example_task_group_decorator.py
[2024-11-12T16:59:42.008+0100] {logging_mixin.py:190} INFO - [2024-11-12T16:59:42.008+0100] {dag.py:3239} INFO - Sync 1 DAGs
[2024-11-12T16:59:42.018+0100] {logging_mixin.py:190} INFO - [2024-11-12T16:59:42.018+0100] {dag.py:4180} INFO - Setting next_dagrun for example_task_group_decorator to None, run_after=None
[2024-11-12T16:59:42.042+0100] {processor.py:208} INFO - Processing /home/sakana/anaconda3/envs/airflow_env/lib/python3.8/site-packages/airflow/example_dags/example_task_group_decorator.py took 0.085 seconds
[2024-11-12T17:00:41.876+0100] {processor.py:186} INFO - Started process (PID=9000) to work on /home/sakana/anaconda3/envs/airflow_env/lib/python3.8/site-packages/airflow/example_dags/example_task_group_decorator.py
[2024-11-12T17:00:41.882+0100] {processor.py:914} INFO - Processing file /home/sakana/anaconda3/envs/airflow_env/lib/python3.8/site-packages/airflow/example_dags/example_task_group_decorator.py for tasks to queue
[2024-11-12T17:00:41.888+0100] {logging_mixin.py:190} INFO - [2024-11-12T17:00:41.887+0100] {dagbag.py:588} INFO - Filling up the DagBag from /home/sakana/anaconda3/envs/airflow_env/lib/python3.8/site-packages/airflow/example_dags/example_task_group_decorator.py
[2024-11-12T17:00:41.912+0100] {processor.py:925} INFO - DAG(s) 'example_task_group_decorator' retrieved from /home/sakana/anaconda3/envs/airflow_env/lib/python3.8/site-packages/airflow/example_dags/example_task_group_decorator.py
[2024-11-12T17:00:41.931+0100] {logging_mixin.py:190} INFO - [2024-11-12T17:00:41.931+0100] {dag.py:3239} INFO - Sync 1 DAGs
[2024-11-12T17:00:41.943+0100] {logging_mixin.py:190} INFO - [2024-11-12T17:00:41.942+0100] {dag.py:4180} INFO - Setting next_dagrun for example_task_group_decorator to None, run_after=None
[2024-11-12T17:00:41.971+0100] {processor.py:208} INFO - Processing /home/sakana/anaconda3/envs/airflow_env/lib/python3.8/site-packages/airflow/example_dags/example_task_group_decorator.py took 0.112 seconds
[2024-11-12T17:18:48.246+0100] {processor.py:186} INFO - Started process (PID=9296) to work on /home/sakana/anaconda3/envs/airflow_env/lib/python3.8/site-packages/airflow/example_dags/example_task_group_decorator.py
[2024-11-12T17:18:48.253+0100] {processor.py:914} INFO - Processing file /home/sakana/anaconda3/envs/airflow_env/lib/python3.8/site-packages/airflow/example_dags/example_task_group_decorator.py for tasks to queue
[2024-11-12T17:18:48.259+0100] {logging_mixin.py:190} INFO - [2024-11-12T17:18:48.258+0100] {dagbag.py:588} INFO - Filling up the DagBag from /home/sakana/anaconda3/envs/airflow_env/lib/python3.8/site-packages/airflow/example_dags/example_task_group_decorator.py
[2024-11-12T17:18:48.289+0100] {processor.py:925} INFO - DAG(s) 'example_task_group_decorator' retrieved from /home/sakana/anaconda3/envs/airflow_env/lib/python3.8/site-packages/airflow/example_dags/example_task_group_decorator.py
[2024-11-12T17:18:48.308+0100] {logging_mixin.py:190} INFO - [2024-11-12T17:18:48.308+0100] {dag.py:3239} INFO - Sync 1 DAGs
[2024-11-12T17:18:48.318+0100] {logging_mixin.py:190} INFO - [2024-11-12T17:18:48.318+0100] {dag.py:4180} INFO - Setting next_dagrun for example_task_group_decorator to None, run_after=None
[2024-11-12T17:18:48.341+0100] {processor.py:208} INFO - Processing /home/sakana/anaconda3/envs/airflow_env/lib/python3.8/site-packages/airflow/example_dags/example_task_group_decorator.py took 0.102 seconds
[2024-11-12T17:19:57.830+0100] {processor.py:186} INFO - Started process (PID=9622) to work on /home/sakana/anaconda3/envs/airflow_env/lib/python3.8/site-packages/airflow/example_dags/example_task_group_decorator.py
[2024-11-12T17:19:57.831+0100] {processor.py:914} INFO - Processing file /home/sakana/anaconda3/envs/airflow_env/lib/python3.8/site-packages/airflow/example_dags/example_task_group_decorator.py for tasks to queue
[2024-11-12T17:19:57.834+0100] {logging_mixin.py:190} INFO - [2024-11-12T17:19:57.833+0100] {dagbag.py:588} INFO - Filling up the DagBag from /home/sakana/anaconda3/envs/airflow_env/lib/python3.8/site-packages/airflow/example_dags/example_task_group_decorator.py
[2024-11-12T17:19:57.853+0100] {processor.py:925} INFO - DAG(s) 'example_task_group_decorator' retrieved from /home/sakana/anaconda3/envs/airflow_env/lib/python3.8/site-packages/airflow/example_dags/example_task_group_decorator.py
[2024-11-12T17:19:57.875+0100] {logging_mixin.py:190} INFO - [2024-11-12T17:19:57.875+0100] {dag.py:3239} INFO - Sync 1 DAGs
[2024-11-12T17:19:57.889+0100] {logging_mixin.py:190} INFO - [2024-11-12T17:19:57.889+0100] {dag.py:4180} INFO - Setting next_dagrun for example_task_group_decorator to None, run_after=None
[2024-11-12T17:19:57.923+0100] {processor.py:208} INFO - Processing /home/sakana/anaconda3/envs/airflow_env/lib/python3.8/site-packages/airflow/example_dags/example_task_group_decorator.py took 0.099 seconds
[2024-11-12T17:21:04.703+0100] {processor.py:186} INFO - Started process (PID=9722) to work on /home/sakana/anaconda3/envs/airflow_env/lib/python3.8/site-packages/airflow/example_dags/example_task_group_decorator.py
[2024-11-12T17:21:04.709+0100] {processor.py:914} INFO - Processing file /home/sakana/anaconda3/envs/airflow_env/lib/python3.8/site-packages/airflow/example_dags/example_task_group_decorator.py for tasks to queue
[2024-11-12T17:21:04.712+0100] {logging_mixin.py:190} INFO - [2024-11-12T17:21:04.712+0100] {dagbag.py:588} INFO - Filling up the DagBag from /home/sakana/anaconda3/envs/airflow_env/lib/python3.8/site-packages/airflow/example_dags/example_task_group_decorator.py
[2024-11-12T17:21:04.740+0100] {processor.py:925} INFO - DAG(s) 'example_task_group_decorator' retrieved from /home/sakana/anaconda3/envs/airflow_env/lib/python3.8/site-packages/airflow/example_dags/example_task_group_decorator.py
[2024-11-12T17:21:04.775+0100] {logging_mixin.py:190} INFO - [2024-11-12T17:21:04.775+0100] {dag.py:3239} INFO - Sync 1 DAGs
[2024-11-12T17:21:04.795+0100] {logging_mixin.py:190} INFO - [2024-11-12T17:21:04.794+0100] {dag.py:4180} INFO - Setting next_dagrun for example_task_group_decorator to None, run_after=None
[2024-11-12T17:21:04.830+0100] {processor.py:208} INFO - Processing /home/sakana/anaconda3/envs/airflow_env/lib/python3.8/site-packages/airflow/example_dags/example_task_group_decorator.py took 0.136 seconds
[2024-11-12T17:22:13.121+0100] {processor.py:186} INFO - Started process (PID=9829) to work on /home/sakana/anaconda3/envs/airflow_env/lib/python3.8/site-packages/airflow/example_dags/example_task_group_decorator.py
[2024-11-12T17:22:13.127+0100] {processor.py:914} INFO - Processing file /home/sakana/anaconda3/envs/airflow_env/lib/python3.8/site-packages/airflow/example_dags/example_task_group_decorator.py for tasks to queue
[2024-11-12T17:22:13.131+0100] {logging_mixin.py:190} INFO - [2024-11-12T17:22:13.130+0100] {dagbag.py:588} INFO - Filling up the DagBag from /home/sakana/anaconda3/envs/airflow_env/lib/python3.8/site-packages/airflow/example_dags/example_task_group_decorator.py
[2024-11-12T17:22:13.169+0100] {processor.py:925} INFO - DAG(s) 'example_task_group_decorator' retrieved from /home/sakana/anaconda3/envs/airflow_env/lib/python3.8/site-packages/airflow/example_dags/example_task_group_decorator.py
[2024-11-12T17:22:13.204+0100] {logging_mixin.py:190} INFO - [2024-11-12T17:22:13.204+0100] {dag.py:3239} INFO - Sync 1 DAGs
[2024-11-12T17:22:13.221+0100] {logging_mixin.py:190} INFO - [2024-11-12T17:22:13.221+0100] {dag.py:4180} INFO - Setting next_dagrun for example_task_group_decorator to None, run_after=None
[2024-11-12T17:22:13.260+0100] {processor.py:208} INFO - Processing /home/sakana/anaconda3/envs/airflow_env/lib/python3.8/site-packages/airflow/example_dags/example_task_group_decorator.py took 0.153 seconds
[2024-11-12T17:23:27.481+0100] {processor.py:186} INFO - Started process (PID=9991) to work on /home/sakana/anaconda3/envs/airflow_env/lib/python3.8/site-packages/airflow/example_dags/example_task_group_decorator.py
[2024-11-12T17:23:27.488+0100] {processor.py:914} INFO - Processing file /home/sakana/anaconda3/envs/airflow_env/lib/python3.8/site-packages/airflow/example_dags/example_task_group_decorator.py for tasks to queue
[2024-11-12T17:23:27.495+0100] {logging_mixin.py:190} INFO - [2024-11-12T17:23:27.494+0100] {dagbag.py:588} INFO - Filling up the DagBag from /home/sakana/anaconda3/envs/airflow_env/lib/python3.8/site-packages/airflow/example_dags/example_task_group_decorator.py
[2024-11-12T17:23:27.533+0100] {processor.py:925} INFO - DAG(s) 'example_task_group_decorator' retrieved from /home/sakana/anaconda3/envs/airflow_env/lib/python3.8/site-packages/airflow/example_dags/example_task_group_decorator.py
[2024-11-12T17:23:27.564+0100] {logging_mixin.py:190} INFO - [2024-11-12T17:23:27.564+0100] {dag.py:3239} INFO - Sync 1 DAGs
[2024-11-12T17:23:27.582+0100] {logging_mixin.py:190} INFO - [2024-11-12T17:23:27.581+0100] {dag.py:4180} INFO - Setting next_dagrun for example_task_group_decorator to None, run_after=None
[2024-11-12T17:23:27.616+0100] {processor.py:208} INFO - Processing /home/sakana/anaconda3/envs/airflow_env/lib/python3.8/site-packages/airflow/example_dags/example_task_group_decorator.py took 0.164 seconds
[2024-11-12T17:24:38.945+0100] {processor.py:186} INFO - Started process (PID=10139) to work on /home/sakana/anaconda3/envs/airflow_env/lib/python3.8/site-packages/airflow/example_dags/example_task_group_decorator.py
[2024-11-12T17:24:38.950+0100] {processor.py:914} INFO - Processing file /home/sakana/anaconda3/envs/airflow_env/lib/python3.8/site-packages/airflow/example_dags/example_task_group_decorator.py for tasks to queue
[2024-11-12T17:24:38.954+0100] {logging_mixin.py:190} INFO - [2024-11-12T17:24:38.953+0100] {dagbag.py:588} INFO - Filling up the DagBag from /home/sakana/anaconda3/envs/airflow_env/lib/python3.8/site-packages/airflow/example_dags/example_task_group_decorator.py
[2024-11-12T17:24:38.988+0100] {processor.py:925} INFO - DAG(s) 'example_task_group_decorator' retrieved from /home/sakana/anaconda3/envs/airflow_env/lib/python3.8/site-packages/airflow/example_dags/example_task_group_decorator.py
[2024-11-12T17:24:39.040+0100] {logging_mixin.py:190} INFO - [2024-11-12T17:24:39.038+0100] {dag.py:3239} INFO - Sync 1 DAGs
[2024-11-12T17:24:39.071+0100] {logging_mixin.py:190} INFO - [2024-11-12T17:24:39.070+0100] {dag.py:4180} INFO - Setting next_dagrun for example_task_group_decorator to None, run_after=None
[2024-11-12T17:24:39.130+0100] {processor.py:208} INFO - Processing /home/sakana/anaconda3/envs/airflow_env/lib/python3.8/site-packages/airflow/example_dags/example_task_group_decorator.py took 0.199 seconds
[2024-11-12T17:25:53.622+0100] {processor.py:186} INFO - Started process (PID=10255) to work on /home/sakana/anaconda3/envs/airflow_env/lib/python3.8/site-packages/airflow/example_dags/example_task_group_decorator.py
[2024-11-12T17:25:53.628+0100] {processor.py:914} INFO - Processing file /home/sakana/anaconda3/envs/airflow_env/lib/python3.8/site-packages/airflow/example_dags/example_task_group_decorator.py for tasks to queue
[2024-11-12T17:25:53.633+0100] {logging_mixin.py:190} INFO - [2024-11-12T17:25:53.632+0100] {dagbag.py:588} INFO - Filling up the DagBag from /home/sakana/anaconda3/envs/airflow_env/lib/python3.8/site-packages/airflow/example_dags/example_task_group_decorator.py
[2024-11-12T17:25:53.661+0100] {processor.py:925} INFO - DAG(s) 'example_task_group_decorator' retrieved from /home/sakana/anaconda3/envs/airflow_env/lib/python3.8/site-packages/airflow/example_dags/example_task_group_decorator.py
[2024-11-12T17:25:53.701+0100] {logging_mixin.py:190} INFO - [2024-11-12T17:25:53.700+0100] {dag.py:3239} INFO - Sync 1 DAGs
[2024-11-12T17:25:53.723+0100] {logging_mixin.py:190} INFO - [2024-11-12T17:25:53.723+0100] {dag.py:4180} INFO - Setting next_dagrun for example_task_group_decorator to None, run_after=None
[2024-11-12T17:25:53.785+0100] {processor.py:208} INFO - Processing /home/sakana/anaconda3/envs/airflow_env/lib/python3.8/site-packages/airflow/example_dags/example_task_group_decorator.py took 0.170 seconds
[2024-11-12T17:27:05.382+0100] {processor.py:186} INFO - Started process (PID=10361) to work on /home/sakana/anaconda3/envs/airflow_env/lib/python3.8/site-packages/airflow/example_dags/example_task_group_decorator.py
[2024-11-12T17:27:05.388+0100] {processor.py:914} INFO - Processing file /home/sakana/anaconda3/envs/airflow_env/lib/python3.8/site-packages/airflow/example_dags/example_task_group_decorator.py for tasks to queue
[2024-11-12T17:27:05.398+0100] {logging_mixin.py:190} INFO - [2024-11-12T17:27:05.396+0100] {dagbag.py:588} INFO - Filling up the DagBag from /home/sakana/anaconda3/envs/airflow_env/lib/python3.8/site-packages/airflow/example_dags/example_task_group_decorator.py
[2024-11-12T17:27:05.448+0100] {processor.py:925} INFO - DAG(s) 'example_task_group_decorator' retrieved from /home/sakana/anaconda3/envs/airflow_env/lib/python3.8/site-packages/airflow/example_dags/example_task_group_decorator.py
[2024-11-12T17:27:05.478+0100] {logging_mixin.py:190} INFO - [2024-11-12T17:27:05.477+0100] {dag.py:3239} INFO - Sync 1 DAGs
[2024-11-12T17:27:05.492+0100] {logging_mixin.py:190} INFO - [2024-11-12T17:27:05.492+0100] {dag.py:4180} INFO - Setting next_dagrun for example_task_group_decorator to None, run_after=None
[2024-11-12T17:27:05.579+0100] {processor.py:208} INFO - Processing /home/sakana/anaconda3/envs/airflow_env/lib/python3.8/site-packages/airflow/example_dags/example_task_group_decorator.py took 0.206 seconds
[2024-11-12T17:28:17.178+0100] {processor.py:186} INFO - Started process (PID=10467) to work on /home/sakana/anaconda3/envs/airflow_env/lib/python3.8/site-packages/airflow/example_dags/example_task_group_decorator.py
[2024-11-12T17:28:17.183+0100] {processor.py:914} INFO - Processing file /home/sakana/anaconda3/envs/airflow_env/lib/python3.8/site-packages/airflow/example_dags/example_task_group_decorator.py for tasks to queue
[2024-11-12T17:28:17.188+0100] {logging_mixin.py:190} INFO - [2024-11-12T17:28:17.188+0100] {dagbag.py:588} INFO - Filling up the DagBag from /home/sakana/anaconda3/envs/airflow_env/lib/python3.8/site-packages/airflow/example_dags/example_task_group_decorator.py
[2024-11-12T17:28:17.228+0100] {processor.py:925} INFO - DAG(s) 'example_task_group_decorator' retrieved from /home/sakana/anaconda3/envs/airflow_env/lib/python3.8/site-packages/airflow/example_dags/example_task_group_decorator.py
[2024-11-12T17:28:17.261+0100] {logging_mixin.py:190} INFO - [2024-11-12T17:28:17.261+0100] {dag.py:3239} INFO - Sync 1 DAGs
[2024-11-12T17:28:17.280+0100] {logging_mixin.py:190} INFO - [2024-11-12T17:28:17.280+0100] {dag.py:4180} INFO - Setting next_dagrun for example_task_group_decorator to None, run_after=None
[2024-11-12T17:28:17.340+0100] {processor.py:208} INFO - Processing /home/sakana/anaconda3/envs/airflow_env/lib/python3.8/site-packages/airflow/example_dags/example_task_group_decorator.py took 0.176 seconds
[2024-11-12T17:29:31.471+0100] {processor.py:186} INFO - Started process (PID=10584) to work on /home/sakana/anaconda3/envs/airflow_env/lib/python3.8/site-packages/airflow/example_dags/example_task_group_decorator.py
[2024-11-12T17:29:31.477+0100] {processor.py:914} INFO - Processing file /home/sakana/anaconda3/envs/airflow_env/lib/python3.8/site-packages/airflow/example_dags/example_task_group_decorator.py for tasks to queue
[2024-11-12T17:29:31.479+0100] {logging_mixin.py:190} INFO - [2024-11-12T17:29:31.479+0100] {dagbag.py:588} INFO - Filling up the DagBag from /home/sakana/anaconda3/envs/airflow_env/lib/python3.8/site-packages/airflow/example_dags/example_task_group_decorator.py
[2024-11-12T17:29:31.500+0100] {processor.py:925} INFO - DAG(s) 'example_task_group_decorator' retrieved from /home/sakana/anaconda3/envs/airflow_env/lib/python3.8/site-packages/airflow/example_dags/example_task_group_decorator.py
[2024-11-12T17:29:31.531+0100] {logging_mixin.py:190} INFO - [2024-11-12T17:29:31.531+0100] {dag.py:3239} INFO - Sync 1 DAGs
[2024-11-12T17:29:31.548+0100] {logging_mixin.py:190} INFO - [2024-11-12T17:29:31.548+0100] {dag.py:4180} INFO - Setting next_dagrun for example_task_group_decorator to None, run_after=None
[2024-11-12T17:29:31.580+0100] {processor.py:208} INFO - Processing /home/sakana/anaconda3/envs/airflow_env/lib/python3.8/site-packages/airflow/example_dags/example_task_group_decorator.py took 0.118 seconds
[2024-11-12T17:30:42.357+0100] {processor.py:186} INFO - Started process (PID=10663) to work on /home/sakana/anaconda3/envs/airflow_env/lib/python3.8/site-packages/airflow/example_dags/example_task_group_decorator.py
[2024-11-12T17:30:42.362+0100] {processor.py:914} INFO - Processing file /home/sakana/anaconda3/envs/airflow_env/lib/python3.8/site-packages/airflow/example_dags/example_task_group_decorator.py for tasks to queue
[2024-11-12T17:30:42.368+0100] {logging_mixin.py:190} INFO - [2024-11-12T17:30:42.367+0100] {dagbag.py:588} INFO - Filling up the DagBag from /home/sakana/anaconda3/envs/airflow_env/lib/python3.8/site-packages/airflow/example_dags/example_task_group_decorator.py
[2024-11-12T17:30:42.404+0100] {processor.py:925} INFO - DAG(s) 'example_task_group_decorator' retrieved from /home/sakana/anaconda3/envs/airflow_env/lib/python3.8/site-packages/airflow/example_dags/example_task_group_decorator.py
[2024-11-12T17:30:42.446+0100] {logging_mixin.py:190} INFO - [2024-11-12T17:30:42.446+0100] {dag.py:3239} INFO - Sync 1 DAGs
[2024-11-12T17:30:42.464+0100] {logging_mixin.py:190} INFO - [2024-11-12T17:30:42.463+0100] {dag.py:4180} INFO - Setting next_dagrun for example_task_group_decorator to None, run_after=None
[2024-11-12T17:30:42.519+0100] {processor.py:208} INFO - Processing /home/sakana/anaconda3/envs/airflow_env/lib/python3.8/site-packages/airflow/example_dags/example_task_group_decorator.py took 0.174 seconds
[2024-11-12T17:31:54.304+0100] {processor.py:186} INFO - Started process (PID=10753) to work on /home/sakana/anaconda3/envs/airflow_env/lib/python3.8/site-packages/airflow/example_dags/example_task_group_decorator.py
[2024-11-12T17:31:54.309+0100] {processor.py:914} INFO - Processing file /home/sakana/anaconda3/envs/airflow_env/lib/python3.8/site-packages/airflow/example_dags/example_task_group_decorator.py for tasks to queue
[2024-11-12T17:31:54.312+0100] {logging_mixin.py:190} INFO - [2024-11-12T17:31:54.311+0100] {dagbag.py:588} INFO - Filling up the DagBag from /home/sakana/anaconda3/envs/airflow_env/lib/python3.8/site-packages/airflow/example_dags/example_task_group_decorator.py
[2024-11-12T17:31:54.333+0100] {processor.py:925} INFO - DAG(s) 'example_task_group_decorator' retrieved from /home/sakana/anaconda3/envs/airflow_env/lib/python3.8/site-packages/airflow/example_dags/example_task_group_decorator.py
[2024-11-12T17:31:54.363+0100] {logging_mixin.py:190} INFO - [2024-11-12T17:31:54.363+0100] {dag.py:3239} INFO - Sync 1 DAGs
[2024-11-12T17:31:54.381+0100] {logging_mixin.py:190} INFO - [2024-11-12T17:31:54.381+0100] {dag.py:4180} INFO - Setting next_dagrun for example_task_group_decorator to None, run_after=None
[2024-11-12T17:31:54.412+0100] {processor.py:208} INFO - Processing /home/sakana/anaconda3/envs/airflow_env/lib/python3.8/site-packages/airflow/example_dags/example_task_group_decorator.py took 0.118 seconds
[2024-11-12T17:33:02.048+0100] {processor.py:186} INFO - Started process (PID=10888) to work on /home/sakana/anaconda3/envs/airflow_env/lib/python3.8/site-packages/airflow/example_dags/example_task_group_decorator.py
[2024-11-12T17:33:02.076+0100] {processor.py:914} INFO - Processing file /home/sakana/anaconda3/envs/airflow_env/lib/python3.8/site-packages/airflow/example_dags/example_task_group_decorator.py for tasks to queue
[2024-11-12T17:33:02.083+0100] {logging_mixin.py:190} INFO - [2024-11-12T17:33:02.082+0100] {dagbag.py:588} INFO - Filling up the DagBag from /home/sakana/anaconda3/envs/airflow_env/lib/python3.8/site-packages/airflow/example_dags/example_task_group_decorator.py
[2024-11-12T17:33:02.112+0100] {processor.py:925} INFO - DAG(s) 'example_task_group_decorator' retrieved from /home/sakana/anaconda3/envs/airflow_env/lib/python3.8/site-packages/airflow/example_dags/example_task_group_decorator.py
[2024-11-12T17:33:02.135+0100] {logging_mixin.py:190} INFO - [2024-11-12T17:33:02.135+0100] {dag.py:3239} INFO - Sync 1 DAGs
[2024-11-12T17:33:02.148+0100] {logging_mixin.py:190} INFO - [2024-11-12T17:33:02.148+0100] {dag.py:4180} INFO - Setting next_dagrun for example_task_group_decorator to None, run_after=None
[2024-11-12T17:33:02.175+0100] {processor.py:208} INFO - Processing /home/sakana/anaconda3/envs/airflow_env/lib/python3.8/site-packages/airflow/example_dags/example_task_group_decorator.py took 0.135 seconds
[2024-11-12T17:34:07.070+0100] {processor.py:186} INFO - Started process (PID=11098) to work on /home/sakana/anaconda3/envs/airflow_env/lib/python3.8/site-packages/airflow/example_dags/example_task_group_decorator.py
[2024-11-12T17:34:07.075+0100] {processor.py:914} INFO - Processing file /home/sakana/anaconda3/envs/airflow_env/lib/python3.8/site-packages/airflow/example_dags/example_task_group_decorator.py for tasks to queue
[2024-11-12T17:34:07.077+0100] {logging_mixin.py:190} INFO - [2024-11-12T17:34:07.077+0100] {dagbag.py:588} INFO - Filling up the DagBag from /home/sakana/anaconda3/envs/airflow_env/lib/python3.8/site-packages/airflow/example_dags/example_task_group_decorator.py
[2024-11-12T17:34:07.099+0100] {processor.py:925} INFO - DAG(s) 'example_task_group_decorator' retrieved from /home/sakana/anaconda3/envs/airflow_env/lib/python3.8/site-packages/airflow/example_dags/example_task_group_decorator.py
[2024-11-12T17:34:07.119+0100] {logging_mixin.py:190} INFO - [2024-11-12T17:34:07.118+0100] {dag.py:3239} INFO - Sync 1 DAGs
[2024-11-12T17:34:07.130+0100] {logging_mixin.py:190} INFO - [2024-11-12T17:34:07.130+0100] {dag.py:4180} INFO - Setting next_dagrun for example_task_group_decorator to None, run_after=None
[2024-11-12T17:34:07.154+0100] {processor.py:208} INFO - Processing /home/sakana/anaconda3/envs/airflow_env/lib/python3.8/site-packages/airflow/example_dags/example_task_group_decorator.py took 0.092 seconds
[2024-11-12T17:35:09.688+0100] {processor.py:186} INFO - Started process (PID=11173) to work on /home/sakana/anaconda3/envs/airflow_env/lib/python3.8/site-packages/airflow/example_dags/example_task_group_decorator.py
[2024-11-12T17:35:09.693+0100] {processor.py:914} INFO - Processing file /home/sakana/anaconda3/envs/airflow_env/lib/python3.8/site-packages/airflow/example_dags/example_task_group_decorator.py for tasks to queue
[2024-11-12T17:35:09.695+0100] {logging_mixin.py:190} INFO - [2024-11-12T17:35:09.695+0100] {dagbag.py:588} INFO - Filling up the DagBag from /home/sakana/anaconda3/envs/airflow_env/lib/python3.8/site-packages/airflow/example_dags/example_task_group_decorator.py
[2024-11-12T17:35:09.712+0100] {processor.py:925} INFO - DAG(s) 'example_task_group_decorator' retrieved from /home/sakana/anaconda3/envs/airflow_env/lib/python3.8/site-packages/airflow/example_dags/example_task_group_decorator.py
[2024-11-12T17:35:09.731+0100] {logging_mixin.py:190} INFO - [2024-11-12T17:35:09.731+0100] {dag.py:3239} INFO - Sync 1 DAGs
[2024-11-12T17:35:09.741+0100] {logging_mixin.py:190} INFO - [2024-11-12T17:35:09.741+0100] {dag.py:4180} INFO - Setting next_dagrun for example_task_group_decorator to None, run_after=None
[2024-11-12T17:35:09.766+0100] {processor.py:208} INFO - Processing /home/sakana/anaconda3/envs/airflow_env/lib/python3.8/site-packages/airflow/example_dags/example_task_group_decorator.py took 0.084 seconds
[2024-11-12T17:36:07.759+0100] {processor.py:186} INFO - Started process (PID=11253) to work on /home/sakana/anaconda3/envs/airflow_env/lib/python3.8/site-packages/airflow/example_dags/example_task_group_decorator.py
[2024-11-12T17:36:07.764+0100] {processor.py:914} INFO - Processing file /home/sakana/anaconda3/envs/airflow_env/lib/python3.8/site-packages/airflow/example_dags/example_task_group_decorator.py for tasks to queue
[2024-11-12T17:36:07.766+0100] {logging_mixin.py:190} INFO - [2024-11-12T17:36:07.766+0100] {dagbag.py:588} INFO - Filling up the DagBag from /home/sakana/anaconda3/envs/airflow_env/lib/python3.8/site-packages/airflow/example_dags/example_task_group_decorator.py
[2024-11-12T17:36:07.784+0100] {processor.py:925} INFO - DAG(s) 'example_task_group_decorator' retrieved from /home/sakana/anaconda3/envs/airflow_env/lib/python3.8/site-packages/airflow/example_dags/example_task_group_decorator.py
[2024-11-12T17:36:07.803+0100] {logging_mixin.py:190} INFO - [2024-11-12T17:36:07.803+0100] {dag.py:3239} INFO - Sync 1 DAGs
[2024-11-12T17:36:07.814+0100] {logging_mixin.py:190} INFO - [2024-11-12T17:36:07.813+0100] {dag.py:4180} INFO - Setting next_dagrun for example_task_group_decorator to None, run_after=None
[2024-11-12T17:36:07.836+0100] {processor.py:208} INFO - Processing /home/sakana/anaconda3/envs/airflow_env/lib/python3.8/site-packages/airflow/example_dags/example_task_group_decorator.py took 0.085 seconds
[2024-11-12T17:37:05.974+0100] {processor.py:186} INFO - Started process (PID=11322) to work on /home/sakana/anaconda3/envs/airflow_env/lib/python3.8/site-packages/airflow/example_dags/example_task_group_decorator.py
[2024-11-12T17:37:05.979+0100] {processor.py:914} INFO - Processing file /home/sakana/anaconda3/envs/airflow_env/lib/python3.8/site-packages/airflow/example_dags/example_task_group_decorator.py for tasks to queue
[2024-11-12T17:37:05.982+0100] {logging_mixin.py:190} INFO - [2024-11-12T17:37:05.982+0100] {dagbag.py:588} INFO - Filling up the DagBag from /home/sakana/anaconda3/envs/airflow_env/lib/python3.8/site-packages/airflow/example_dags/example_task_group_decorator.py
[2024-11-12T17:37:06.001+0100] {processor.py:925} INFO - DAG(s) 'example_task_group_decorator' retrieved from /home/sakana/anaconda3/envs/airflow_env/lib/python3.8/site-packages/airflow/example_dags/example_task_group_decorator.py
[2024-11-12T17:37:06.021+0100] {logging_mixin.py:190} INFO - [2024-11-12T17:37:06.021+0100] {dag.py:3239} INFO - Sync 1 DAGs
[2024-11-12T17:37:06.032+0100] {logging_mixin.py:190} INFO - [2024-11-12T17:37:06.032+0100] {dag.py:4180} INFO - Setting next_dagrun for example_task_group_decorator to None, run_after=None
[2024-11-12T17:37:06.067+0100] {processor.py:208} INFO - Processing /home/sakana/anaconda3/envs/airflow_env/lib/python3.8/site-packages/airflow/example_dags/example_task_group_decorator.py took 0.103 seconds
