[2024-11-12T01:02:00.693+0100] {processor.py:186} INFO - Started process (PID=31550) to work on /home/sakana/anaconda3/envs/airflow_env/lib/python3.8/site-packages/airflow/example_dags/example_bash_operator.py
[2024-11-12T01:02:00.694+0100] {processor.py:914} INFO - Processing file /home/sakana/anaconda3/envs/airflow_env/lib/python3.8/site-packages/airflow/example_dags/example_bash_operator.py for tasks to queue
[2024-11-12T01:02:00.697+0100] {logging_mixin.py:190} INFO - [2024-11-12T01:02:00.696+0100] {dagbag.py:588} INFO - Filling up the DagBag from /home/sakana/anaconda3/envs/airflow_env/lib/python3.8/site-packages/airflow/example_dags/example_bash_operator.py
[2024-11-12T01:02:00.712+0100] {processor.py:925} INFO - DAG(s) 'example_bash_operator' retrieved from /home/sakana/anaconda3/envs/airflow_env/lib/python3.8/site-packages/airflow/example_dags/example_bash_operator.py
[2024-11-12T01:02:00.746+0100] {logging_mixin.py:190} INFO - [2024-11-12T01:02:00.746+0100] {dag.py:3239} INFO - Sync 1 DAGs
[2024-11-12T01:02:00.771+0100] {logging_mixin.py:190} INFO - [2024-11-12T01:02:00.771+0100] {dag.py:4180} INFO - Setting next_dagrun for example_bash_operator to 2024-11-12 00:00:00+00:00, run_after=2024-11-13 00:00:00+00:00
[2024-11-12T01:02:00.820+0100] {processor.py:208} INFO - Processing /home/sakana/anaconda3/envs/airflow_env/lib/python3.8/site-packages/airflow/example_dags/example_bash_operator.py took 0.136 seconds
[2024-11-12T01:03:06.600+0100] {processor.py:186} INFO - Started process (PID=32055) to work on /home/sakana/anaconda3/envs/airflow_env/lib/python3.8/site-packages/airflow/example_dags/example_bash_operator.py
[2024-11-12T01:03:06.608+0100] {processor.py:914} INFO - Processing file /home/sakana/anaconda3/envs/airflow_env/lib/python3.8/site-packages/airflow/example_dags/example_bash_operator.py for tasks to queue
[2024-11-12T01:03:06.611+0100] {logging_mixin.py:190} INFO - [2024-11-12T01:03:06.611+0100] {dagbag.py:588} INFO - Filling up the DagBag from /home/sakana/anaconda3/envs/airflow_env/lib/python3.8/site-packages/airflow/example_dags/example_bash_operator.py
[2024-11-12T01:03:06.650+0100] {processor.py:925} INFO - DAG(s) 'example_bash_operator' retrieved from /home/sakana/anaconda3/envs/airflow_env/lib/python3.8/site-packages/airflow/example_dags/example_bash_operator.py
[2024-11-12T01:03:06.699+0100] {logging_mixin.py:190} INFO - [2024-11-12T01:03:06.699+0100] {dag.py:3239} INFO - Sync 1 DAGs
[2024-11-12T01:03:06.779+0100] {logging_mixin.py:190} INFO - [2024-11-12T01:03:06.778+0100] {dag.py:4180} INFO - Setting next_dagrun for example_bash_operator to 2024-11-12 00:00:00+00:00, run_after=2024-11-13 00:00:00+00:00
[2024-11-12T01:03:06.838+0100] {processor.py:208} INFO - Processing /home/sakana/anaconda3/envs/airflow_env/lib/python3.8/site-packages/airflow/example_dags/example_bash_operator.py took 0.252 seconds
[2024-11-12T01:04:09.265+0100] {processor.py:186} INFO - Started process (PID=32468) to work on /home/sakana/anaconda3/envs/airflow_env/lib/python3.8/site-packages/airflow/example_dags/example_bash_operator.py
[2024-11-12T01:04:09.270+0100] {processor.py:914} INFO - Processing file /home/sakana/anaconda3/envs/airflow_env/lib/python3.8/site-packages/airflow/example_dags/example_bash_operator.py for tasks to queue
[2024-11-12T01:04:09.273+0100] {logging_mixin.py:190} INFO - [2024-11-12T01:04:09.273+0100] {dagbag.py:588} INFO - Filling up the DagBag from /home/sakana/anaconda3/envs/airflow_env/lib/python3.8/site-packages/airflow/example_dags/example_bash_operator.py
[2024-11-12T01:04:09.290+0100] {processor.py:925} INFO - DAG(s) 'example_bash_operator' retrieved from /home/sakana/anaconda3/envs/airflow_env/lib/python3.8/site-packages/airflow/example_dags/example_bash_operator.py
[2024-11-12T01:04:09.315+0100] {logging_mixin.py:190} INFO - [2024-11-12T01:04:09.315+0100] {dag.py:3239} INFO - Sync 1 DAGs
[2024-11-12T01:04:09.339+0100] {logging_mixin.py:190} INFO - [2024-11-12T01:04:09.339+0100] {dag.py:4180} INFO - Setting next_dagrun for example_bash_operator to 2024-11-12 00:00:00+00:00, run_after=2024-11-13 00:00:00+00:00
[2024-11-12T01:04:09.367+0100] {processor.py:208} INFO - Processing /home/sakana/anaconda3/envs/airflow_env/lib/python3.8/site-packages/airflow/example_dags/example_bash_operator.py took 0.110 seconds
[2024-11-12T01:10:46.875+0100] {processor.py:186} INFO - Started process (PID=4184) to work on /home/sakana/anaconda3/envs/airflow_env/lib/python3.8/site-packages/airflow/example_dags/example_bash_operator.py
[2024-11-12T01:10:46.882+0100] {processor.py:914} INFO - Processing file /home/sakana/anaconda3/envs/airflow_env/lib/python3.8/site-packages/airflow/example_dags/example_bash_operator.py for tasks to queue
[2024-11-12T01:10:46.887+0100] {logging_mixin.py:190} INFO - [2024-11-12T01:10:46.886+0100] {dagbag.py:588} INFO - Filling up the DagBag from /home/sakana/anaconda3/envs/airflow_env/lib/python3.8/site-packages/airflow/example_dags/example_bash_operator.py
[2024-11-12T01:10:46.909+0100] {processor.py:925} INFO - DAG(s) 'example_bash_operator' retrieved from /home/sakana/anaconda3/envs/airflow_env/lib/python3.8/site-packages/airflow/example_dags/example_bash_operator.py
[2024-11-12T01:10:46.931+0100] {logging_mixin.py:190} INFO - [2024-11-12T01:10:46.931+0100] {dag.py:3239} INFO - Sync 1 DAGs
[2024-11-12T01:10:46.949+0100] {logging_mixin.py:190} INFO - [2024-11-12T01:10:46.949+0100] {dag.py:4180} INFO - Setting next_dagrun for example_bash_operator to 2024-11-12 00:00:00+00:00, run_after=2024-11-13 00:00:00+00:00
[2024-11-12T01:10:46.973+0100] {processor.py:208} INFO - Processing /home/sakana/anaconda3/envs/airflow_env/lib/python3.8/site-packages/airflow/example_dags/example_bash_operator.py took 0.110 seconds
[2024-11-12T01:11:49.173+0100] {processor.py:186} INFO - Started process (PID=4245) to work on /home/sakana/anaconda3/envs/airflow_env/lib/python3.8/site-packages/airflow/example_dags/example_bash_operator.py
[2024-11-12T01:11:49.178+0100] {processor.py:914} INFO - Processing file /home/sakana/anaconda3/envs/airflow_env/lib/python3.8/site-packages/airflow/example_dags/example_bash_operator.py for tasks to queue
[2024-11-12T01:11:49.180+0100] {logging_mixin.py:190} INFO - [2024-11-12T01:11:49.180+0100] {dagbag.py:588} INFO - Filling up the DagBag from /home/sakana/anaconda3/envs/airflow_env/lib/python3.8/site-packages/airflow/example_dags/example_bash_operator.py
[2024-11-12T01:11:49.197+0100] {processor.py:925} INFO - DAG(s) 'example_bash_operator' retrieved from /home/sakana/anaconda3/envs/airflow_env/lib/python3.8/site-packages/airflow/example_dags/example_bash_operator.py
[2024-11-12T01:11:49.226+0100] {logging_mixin.py:190} INFO - [2024-11-12T01:11:49.226+0100] {dag.py:3239} INFO - Sync 1 DAGs
[2024-11-12T01:11:49.252+0100] {logging_mixin.py:190} INFO - [2024-11-12T01:11:49.252+0100] {dag.py:4180} INFO - Setting next_dagrun for example_bash_operator to 2024-11-12 00:00:00+00:00, run_after=2024-11-13 00:00:00+00:00
[2024-11-12T01:11:49.280+0100] {processor.py:208} INFO - Processing /home/sakana/anaconda3/envs/airflow_env/lib/python3.8/site-packages/airflow/example_dags/example_bash_operator.py took 0.113 seconds
[2024-11-12T16:40:40.472+0100] {processor.py:186} INFO - Started process (PID=7034) to work on /home/sakana/anaconda3/envs/airflow_env/lib/python3.8/site-packages/airflow/example_dags/example_bash_operator.py
[2024-11-12T16:40:40.474+0100] {processor.py:914} INFO - Processing file /home/sakana/anaconda3/envs/airflow_env/lib/python3.8/site-packages/airflow/example_dags/example_bash_operator.py for tasks to queue
[2024-11-12T16:40:40.477+0100] {logging_mixin.py:190} INFO - [2024-11-12T16:40:40.477+0100] {dagbag.py:588} INFO - Filling up the DagBag from /home/sakana/anaconda3/envs/airflow_env/lib/python3.8/site-packages/airflow/example_dags/example_bash_operator.py
[2024-11-12T16:40:40.506+0100] {processor.py:925} INFO - DAG(s) 'example_bash_operator' retrieved from /home/sakana/anaconda3/envs/airflow_env/lib/python3.8/site-packages/airflow/example_dags/example_bash_operator.py
[2024-11-12T16:40:40.584+0100] {logging_mixin.py:190} INFO - [2024-11-12T16:40:40.584+0100] {dag.py:3239} INFO - Sync 1 DAGs
[2024-11-12T16:40:40.629+0100] {logging_mixin.py:190} INFO - [2024-11-12T16:40:40.628+0100] {dag.py:4180} INFO - Setting next_dagrun for example_bash_operator to 2024-11-12 00:00:00+00:00, run_after=2024-11-13 00:00:00+00:00
[2024-11-12T16:40:40.700+0100] {processor.py:208} INFO - Processing /home/sakana/anaconda3/envs/airflow_env/lib/python3.8/site-packages/airflow/example_dags/example_bash_operator.py took 0.239 seconds
[2024-11-12T16:41:48.386+0100] {processor.py:186} INFO - Started process (PID=7142) to work on /home/sakana/anaconda3/envs/airflow_env/lib/python3.8/site-packages/airflow/example_dags/example_bash_operator.py
[2024-11-12T16:41:48.392+0100] {processor.py:914} INFO - Processing file /home/sakana/anaconda3/envs/airflow_env/lib/python3.8/site-packages/airflow/example_dags/example_bash_operator.py for tasks to queue
[2024-11-12T16:41:48.395+0100] {logging_mixin.py:190} INFO - [2024-11-12T16:41:48.394+0100] {dagbag.py:588} INFO - Filling up the DagBag from /home/sakana/anaconda3/envs/airflow_env/lib/python3.8/site-packages/airflow/example_dags/example_bash_operator.py
[2024-11-12T16:41:48.412+0100] {processor.py:925} INFO - DAG(s) 'example_bash_operator' retrieved from /home/sakana/anaconda3/envs/airflow_env/lib/python3.8/site-packages/airflow/example_dags/example_bash_operator.py
[2024-11-12T16:41:48.435+0100] {logging_mixin.py:190} INFO - [2024-11-12T16:41:48.435+0100] {dag.py:3239} INFO - Sync 1 DAGs
[2024-11-12T16:41:48.454+0100] {logging_mixin.py:190} INFO - [2024-11-12T16:41:48.454+0100] {dag.py:4180} INFO - Setting next_dagrun for example_bash_operator to 2024-11-12 00:00:00+00:00, run_after=2024-11-13 00:00:00+00:00
[2024-11-12T16:41:48.479+0100] {processor.py:208} INFO - Processing /home/sakana/anaconda3/envs/airflow_env/lib/python3.8/site-packages/airflow/example_dags/example_bash_operator.py took 0.103 seconds
[2024-11-12T16:42:45.983+0100] {processor.py:186} INFO - Started process (PID=7284) to work on /home/sakana/anaconda3/envs/airflow_env/lib/python3.8/site-packages/airflow/example_dags/example_bash_operator.py
[2024-11-12T16:42:45.988+0100] {processor.py:914} INFO - Processing file /home/sakana/anaconda3/envs/airflow_env/lib/python3.8/site-packages/airflow/example_dags/example_bash_operator.py for tasks to queue
[2024-11-12T16:42:45.991+0100] {logging_mixin.py:190} INFO - [2024-11-12T16:42:45.990+0100] {dagbag.py:588} INFO - Filling up the DagBag from /home/sakana/anaconda3/envs/airflow_env/lib/python3.8/site-packages/airflow/example_dags/example_bash_operator.py
[2024-11-12T16:42:46.010+0100] {processor.py:925} INFO - DAG(s) 'example_bash_operator' retrieved from /home/sakana/anaconda3/envs/airflow_env/lib/python3.8/site-packages/airflow/example_dags/example_bash_operator.py
[2024-11-12T16:42:46.044+0100] {logging_mixin.py:190} INFO - [2024-11-12T16:42:46.044+0100] {dag.py:3239} INFO - Sync 1 DAGs
[2024-11-12T16:42:46.084+0100] {logging_mixin.py:190} INFO - [2024-11-12T16:42:46.083+0100] {dag.py:4180} INFO - Setting next_dagrun for example_bash_operator to 2024-11-12 00:00:00+00:00, run_after=2024-11-13 00:00:00+00:00
[2024-11-12T16:42:46.144+0100] {processor.py:208} INFO - Processing /home/sakana/anaconda3/envs/airflow_env/lib/python3.8/site-packages/airflow/example_dags/example_bash_operator.py took 0.170 seconds
[2024-11-12T16:43:45.186+0100] {processor.py:186} INFO - Started process (PID=7395) to work on /home/sakana/anaconda3/envs/airflow_env/lib/python3.8/site-packages/airflow/example_dags/example_bash_operator.py
[2024-11-12T16:43:45.191+0100] {processor.py:914} INFO - Processing file /home/sakana/anaconda3/envs/airflow_env/lib/python3.8/site-packages/airflow/example_dags/example_bash_operator.py for tasks to queue
[2024-11-12T16:43:45.193+0100] {logging_mixin.py:190} INFO - [2024-11-12T16:43:45.193+0100] {dagbag.py:588} INFO - Filling up the DagBag from /home/sakana/anaconda3/envs/airflow_env/lib/python3.8/site-packages/airflow/example_dags/example_bash_operator.py
[2024-11-12T16:43:45.207+0100] {processor.py:925} INFO - DAG(s) 'example_bash_operator' retrieved from /home/sakana/anaconda3/envs/airflow_env/lib/python3.8/site-packages/airflow/example_dags/example_bash_operator.py
[2024-11-12T16:43:45.231+0100] {logging_mixin.py:190} INFO - [2024-11-12T16:43:45.230+0100] {dag.py:3239} INFO - Sync 1 DAGs
[2024-11-12T16:43:45.254+0100] {logging_mixin.py:190} INFO - [2024-11-12T16:43:45.253+0100] {dag.py:4180} INFO - Setting next_dagrun for example_bash_operator to 2024-11-12 00:00:00+00:00, run_after=2024-11-13 00:00:00+00:00
[2024-11-12T16:43:45.292+0100] {processor.py:208} INFO - Processing /home/sakana/anaconda3/envs/airflow_env/lib/python3.8/site-packages/airflow/example_dags/example_bash_operator.py took 0.112 seconds
[2024-11-12T16:45:08.762+0100] {processor.py:186} INFO - Started process (PID=7502) to work on /home/sakana/anaconda3/envs/airflow_env/lib/python3.8/site-packages/airflow/example_dags/example_bash_operator.py
[2024-11-12T16:45:08.767+0100] {processor.py:914} INFO - Processing file /home/sakana/anaconda3/envs/airflow_env/lib/python3.8/site-packages/airflow/example_dags/example_bash_operator.py for tasks to queue
[2024-11-12T16:45:08.769+0100] {logging_mixin.py:190} INFO - [2024-11-12T16:45:08.769+0100] {dagbag.py:588} INFO - Filling up the DagBag from /home/sakana/anaconda3/envs/airflow_env/lib/python3.8/site-packages/airflow/example_dags/example_bash_operator.py
[2024-11-12T16:45:08.784+0100] {processor.py:925} INFO - DAG(s) 'example_bash_operator' retrieved from /home/sakana/anaconda3/envs/airflow_env/lib/python3.8/site-packages/airflow/example_dags/example_bash_operator.py
[2024-11-12T16:45:08.808+0100] {logging_mixin.py:190} INFO - [2024-11-12T16:45:08.808+0100] {dag.py:3239} INFO - Sync 1 DAGs
[2024-11-12T16:45:08.835+0100] {logging_mixin.py:190} INFO - [2024-11-12T16:45:08.835+0100] {dag.py:4180} INFO - Setting next_dagrun for example_bash_operator to 2024-11-12 00:00:00+00:00, run_after=2024-11-13 00:00:00+00:00
[2024-11-12T16:45:08.860+0100] {processor.py:208} INFO - Processing /home/sakana/anaconda3/envs/airflow_env/lib/python3.8/site-packages/airflow/example_dags/example_bash_operator.py took 0.104 seconds
[2024-11-12T16:46:39.734+0100] {processor.py:186} INFO - Started process (PID=7668) to work on /home/sakana/anaconda3/envs/airflow_env/lib/python3.8/site-packages/airflow/example_dags/example_bash_operator.py
[2024-11-12T16:46:39.739+0100] {processor.py:914} INFO - Processing file /home/sakana/anaconda3/envs/airflow_env/lib/python3.8/site-packages/airflow/example_dags/example_bash_operator.py for tasks to queue
[2024-11-12T16:46:39.743+0100] {logging_mixin.py:190} INFO - [2024-11-12T16:46:39.742+0100] {dagbag.py:588} INFO - Filling up the DagBag from /home/sakana/anaconda3/envs/airflow_env/lib/python3.8/site-packages/airflow/example_dags/example_bash_operator.py
[2024-11-12T16:46:39.763+0100] {processor.py:925} INFO - DAG(s) 'example_bash_operator' retrieved from /home/sakana/anaconda3/envs/airflow_env/lib/python3.8/site-packages/airflow/example_dags/example_bash_operator.py
[2024-11-12T16:46:39.787+0100] {logging_mixin.py:190} INFO - [2024-11-12T16:46:39.786+0100] {dag.py:3239} INFO - Sync 1 DAGs
[2024-11-12T16:46:39.807+0100] {logging_mixin.py:190} INFO - [2024-11-12T16:46:39.806+0100] {dag.py:4180} INFO - Setting next_dagrun for example_bash_operator to 2024-11-12 00:00:00+00:00, run_after=2024-11-13 00:00:00+00:00
[2024-11-12T16:46:39.832+0100] {processor.py:208} INFO - Processing /home/sakana/anaconda3/envs/airflow_env/lib/python3.8/site-packages/airflow/example_dags/example_bash_operator.py took 0.108 seconds
[2024-11-12T16:47:43.591+0100] {processor.py:186} INFO - Started process (PID=7743) to work on /home/sakana/anaconda3/envs/airflow_env/lib/python3.8/site-packages/airflow/example_dags/example_bash_operator.py
[2024-11-12T16:47:43.601+0100] {processor.py:914} INFO - Processing file /home/sakana/anaconda3/envs/airflow_env/lib/python3.8/site-packages/airflow/example_dags/example_bash_operator.py for tasks to queue
[2024-11-12T16:47:43.603+0100] {logging_mixin.py:190} INFO - [2024-11-12T16:47:43.603+0100] {dagbag.py:588} INFO - Filling up the DagBag from /home/sakana/anaconda3/envs/airflow_env/lib/python3.8/site-packages/airflow/example_dags/example_bash_operator.py
[2024-11-12T16:47:43.616+0100] {processor.py:925} INFO - DAG(s) 'example_bash_operator' retrieved from /home/sakana/anaconda3/envs/airflow_env/lib/python3.8/site-packages/airflow/example_dags/example_bash_operator.py
[2024-11-12T16:47:43.641+0100] {logging_mixin.py:190} INFO - [2024-11-12T16:47:43.640+0100] {dag.py:3239} INFO - Sync 1 DAGs
[2024-11-12T16:47:43.667+0100] {logging_mixin.py:190} INFO - [2024-11-12T16:47:43.666+0100] {dag.py:4180} INFO - Setting next_dagrun for example_bash_operator to 2024-11-12 00:00:00+00:00, run_after=2024-11-13 00:00:00+00:00
[2024-11-12T16:47:43.695+0100] {processor.py:208} INFO - Processing /home/sakana/anaconda3/envs/airflow_env/lib/python3.8/site-packages/airflow/example_dags/example_bash_operator.py took 0.109 seconds
[2024-11-12T16:49:09.238+0100] {processor.py:186} INFO - Started process (PID=7930) to work on /home/sakana/anaconda3/envs/airflow_env/lib/python3.8/site-packages/airflow/example_dags/example_bash_operator.py
[2024-11-12T16:49:09.243+0100] {processor.py:914} INFO - Processing file /home/sakana/anaconda3/envs/airflow_env/lib/python3.8/site-packages/airflow/example_dags/example_bash_operator.py for tasks to queue
[2024-11-12T16:49:09.246+0100] {logging_mixin.py:190} INFO - [2024-11-12T16:49:09.245+0100] {dagbag.py:588} INFO - Filling up the DagBag from /home/sakana/anaconda3/envs/airflow_env/lib/python3.8/site-packages/airflow/example_dags/example_bash_operator.py
[2024-11-12T16:49:09.267+0100] {processor.py:925} INFO - DAG(s) 'example_bash_operator' retrieved from /home/sakana/anaconda3/envs/airflow_env/lib/python3.8/site-packages/airflow/example_dags/example_bash_operator.py
[2024-11-12T16:49:09.291+0100] {logging_mixin.py:190} INFO - [2024-11-12T16:49:09.291+0100] {dag.py:3239} INFO - Sync 1 DAGs
[2024-11-12T16:49:09.312+0100] {logging_mixin.py:190} INFO - [2024-11-12T16:49:09.312+0100] {dag.py:4180} INFO - Setting next_dagrun for example_bash_operator to 2024-11-12 00:00:00+00:00, run_after=2024-11-13 00:00:00+00:00
[2024-11-12T16:49:09.339+0100] {processor.py:208} INFO - Processing /home/sakana/anaconda3/envs/airflow_env/lib/python3.8/site-packages/airflow/example_dags/example_bash_operator.py took 0.111 seconds
[2024-11-12T16:50:34.303+0100] {processor.py:186} INFO - Started process (PID=8058) to work on /home/sakana/anaconda3/envs/airflow_env/lib/python3.8/site-packages/airflow/example_dags/example_bash_operator.py
[2024-11-12T16:50:34.308+0100] {processor.py:914} INFO - Processing file /home/sakana/anaconda3/envs/airflow_env/lib/python3.8/site-packages/airflow/example_dags/example_bash_operator.py for tasks to queue
[2024-11-12T16:50:34.312+0100] {logging_mixin.py:190} INFO - [2024-11-12T16:50:34.311+0100] {dagbag.py:588} INFO - Filling up the DagBag from /home/sakana/anaconda3/envs/airflow_env/lib/python3.8/site-packages/airflow/example_dags/example_bash_operator.py
[2024-11-12T16:50:34.329+0100] {processor.py:925} INFO - DAG(s) 'example_bash_operator' retrieved from /home/sakana/anaconda3/envs/airflow_env/lib/python3.8/site-packages/airflow/example_dags/example_bash_operator.py
[2024-11-12T16:50:34.352+0100] {logging_mixin.py:190} INFO - [2024-11-12T16:50:34.352+0100] {dag.py:3239} INFO - Sync 1 DAGs
[2024-11-12T16:50:34.370+0100] {logging_mixin.py:190} INFO - [2024-11-12T16:50:34.370+0100] {dag.py:4180} INFO - Setting next_dagrun for example_bash_operator to 2024-11-12 00:00:00+00:00, run_after=2024-11-13 00:00:00+00:00
[2024-11-12T16:50:34.396+0100] {processor.py:208} INFO - Processing /home/sakana/anaconda3/envs/airflow_env/lib/python3.8/site-packages/airflow/example_dags/example_bash_operator.py took 0.102 seconds
[2024-11-12T16:51:31.817+0100] {processor.py:186} INFO - Started process (PID=8132) to work on /home/sakana/anaconda3/envs/airflow_env/lib/python3.8/site-packages/airflow/example_dags/example_bash_operator.py
[2024-11-12T16:51:31.822+0100] {processor.py:914} INFO - Processing file /home/sakana/anaconda3/envs/airflow_env/lib/python3.8/site-packages/airflow/example_dags/example_bash_operator.py for tasks to queue
[2024-11-12T16:51:31.825+0100] {logging_mixin.py:190} INFO - [2024-11-12T16:51:31.824+0100] {dagbag.py:588} INFO - Filling up the DagBag from /home/sakana/anaconda3/envs/airflow_env/lib/python3.8/site-packages/airflow/example_dags/example_bash_operator.py
[2024-11-12T16:51:31.840+0100] {processor.py:925} INFO - DAG(s) 'example_bash_operator' retrieved from /home/sakana/anaconda3/envs/airflow_env/lib/python3.8/site-packages/airflow/example_dags/example_bash_operator.py
[2024-11-12T16:51:31.869+0100] {logging_mixin.py:190} INFO - [2024-11-12T16:51:31.869+0100] {dag.py:3239} INFO - Sync 1 DAGs
[2024-11-12T16:51:31.889+0100] {logging_mixin.py:190} INFO - [2024-11-12T16:51:31.889+0100] {dag.py:4180} INFO - Setting next_dagrun for example_bash_operator to 2024-11-12 00:00:00+00:00, run_after=2024-11-13 00:00:00+00:00
[2024-11-12T16:51:31.918+0100] {processor.py:208} INFO - Processing /home/sakana/anaconda3/envs/airflow_env/lib/python3.8/site-packages/airflow/example_dags/example_bash_operator.py took 0.111 seconds
[2024-11-12T16:52:57.466+0100] {processor.py:186} INFO - Started process (PID=8251) to work on /home/sakana/anaconda3/envs/airflow_env/lib/python3.8/site-packages/airflow/example_dags/example_bash_operator.py
[2024-11-12T16:52:57.470+0100] {processor.py:914} INFO - Processing file /home/sakana/anaconda3/envs/airflow_env/lib/python3.8/site-packages/airflow/example_dags/example_bash_operator.py for tasks to queue
[2024-11-12T16:52:57.472+0100] {logging_mixin.py:190} INFO - [2024-11-12T16:52:57.472+0100] {dagbag.py:588} INFO - Filling up the DagBag from /home/sakana/anaconda3/envs/airflow_env/lib/python3.8/site-packages/airflow/example_dags/example_bash_operator.py
[2024-11-12T16:52:57.486+0100] {processor.py:925} INFO - DAG(s) 'example_bash_operator' retrieved from /home/sakana/anaconda3/envs/airflow_env/lib/python3.8/site-packages/airflow/example_dags/example_bash_operator.py
[2024-11-12T16:52:57.517+0100] {logging_mixin.py:190} INFO - [2024-11-12T16:52:57.517+0100] {dag.py:3239} INFO - Sync 1 DAGs
[2024-11-12T16:52:57.537+0100] {logging_mixin.py:190} INFO - [2024-11-12T16:52:57.537+0100] {dag.py:4180} INFO - Setting next_dagrun for example_bash_operator to 2024-11-12 00:00:00+00:00, run_after=2024-11-13 00:00:00+00:00
[2024-11-12T16:52:57.562+0100] {processor.py:208} INFO - Processing /home/sakana/anaconda3/envs/airflow_env/lib/python3.8/site-packages/airflow/example_dags/example_bash_operator.py took 0.102 seconds
[2024-11-12T16:54:24.775+0100] {processor.py:186} INFO - Started process (PID=8478) to work on /home/sakana/anaconda3/envs/airflow_env/lib/python3.8/site-packages/airflow/example_dags/example_bash_operator.py
[2024-11-12T16:54:24.780+0100] {processor.py:914} INFO - Processing file /home/sakana/anaconda3/envs/airflow_env/lib/python3.8/site-packages/airflow/example_dags/example_bash_operator.py for tasks to queue
[2024-11-12T16:54:24.783+0100] {logging_mixin.py:190} INFO - [2024-11-12T16:54:24.782+0100] {dagbag.py:588} INFO - Filling up the DagBag from /home/sakana/anaconda3/envs/airflow_env/lib/python3.8/site-packages/airflow/example_dags/example_bash_operator.py
[2024-11-12T16:54:24.800+0100] {processor.py:925} INFO - DAG(s) 'example_bash_operator' retrieved from /home/sakana/anaconda3/envs/airflow_env/lib/python3.8/site-packages/airflow/example_dags/example_bash_operator.py
[2024-11-12T16:54:24.833+0100] {logging_mixin.py:190} INFO - [2024-11-12T16:54:24.833+0100] {dag.py:3239} INFO - Sync 1 DAGs
[2024-11-12T16:54:24.868+0100] {logging_mixin.py:190} INFO - [2024-11-12T16:54:24.867+0100] {dag.py:4180} INFO - Setting next_dagrun for example_bash_operator to 2024-11-12 00:00:00+00:00, run_after=2024-11-13 00:00:00+00:00
[2024-11-12T16:54:24.897+0100] {processor.py:208} INFO - Processing /home/sakana/anaconda3/envs/airflow_env/lib/python3.8/site-packages/airflow/example_dags/example_bash_operator.py took 0.138 seconds
[2024-11-12T16:55:24.892+0100] {processor.py:186} INFO - Started process (PID=8577) to work on /home/sakana/anaconda3/envs/airflow_env/lib/python3.8/site-packages/airflow/example_dags/example_bash_operator.py
[2024-11-12T16:55:24.897+0100] {processor.py:914} INFO - Processing file /home/sakana/anaconda3/envs/airflow_env/lib/python3.8/site-packages/airflow/example_dags/example_bash_operator.py for tasks to queue
[2024-11-12T16:55:24.900+0100] {logging_mixin.py:190} INFO - [2024-11-12T16:55:24.899+0100] {dagbag.py:588} INFO - Filling up the DagBag from /home/sakana/anaconda3/envs/airflow_env/lib/python3.8/site-packages/airflow/example_dags/example_bash_operator.py
[2024-11-12T16:55:24.918+0100] {processor.py:925} INFO - DAG(s) 'example_bash_operator' retrieved from /home/sakana/anaconda3/envs/airflow_env/lib/python3.8/site-packages/airflow/example_dags/example_bash_operator.py
[2024-11-12T16:55:24.961+0100] {logging_mixin.py:190} INFO - [2024-11-12T16:55:24.961+0100] {dag.py:3239} INFO - Sync 1 DAGs
[2024-11-12T16:55:24.990+0100] {logging_mixin.py:190} INFO - [2024-11-12T16:55:24.990+0100] {dag.py:4180} INFO - Setting next_dagrun for example_bash_operator to 2024-11-12 00:00:00+00:00, run_after=2024-11-13 00:00:00+00:00
[2024-11-12T16:55:25.057+0100] {processor.py:208} INFO - Processing /home/sakana/anaconda3/envs/airflow_env/lib/python3.8/site-packages/airflow/example_dags/example_bash_operator.py took 0.174 seconds
[2024-11-12T16:56:52.048+0100] {processor.py:186} INFO - Started process (PID=8679) to work on /home/sakana/anaconda3/envs/airflow_env/lib/python3.8/site-packages/airflow/example_dags/example_bash_operator.py
[2024-11-12T16:56:52.053+0100] {processor.py:914} INFO - Processing file /home/sakana/anaconda3/envs/airflow_env/lib/python3.8/site-packages/airflow/example_dags/example_bash_operator.py for tasks to queue
[2024-11-12T16:56:52.055+0100] {logging_mixin.py:190} INFO - [2024-11-12T16:56:52.055+0100] {dagbag.py:588} INFO - Filling up the DagBag from /home/sakana/anaconda3/envs/airflow_env/lib/python3.8/site-packages/airflow/example_dags/example_bash_operator.py
[2024-11-12T16:56:52.068+0100] {processor.py:925} INFO - DAG(s) 'example_bash_operator' retrieved from /home/sakana/anaconda3/envs/airflow_env/lib/python3.8/site-packages/airflow/example_dags/example_bash_operator.py
[2024-11-12T16:56:52.092+0100] {logging_mixin.py:190} INFO - [2024-11-12T16:56:52.092+0100] {dag.py:3239} INFO - Sync 1 DAGs
[2024-11-12T16:56:52.112+0100] {logging_mixin.py:190} INFO - [2024-11-12T16:56:52.112+0100] {dag.py:4180} INFO - Setting next_dagrun for example_bash_operator to 2024-11-12 00:00:00+00:00, run_after=2024-11-13 00:00:00+00:00
[2024-11-12T16:56:52.171+0100] {processor.py:208} INFO - Processing /home/sakana/anaconda3/envs/airflow_env/lib/python3.8/site-packages/airflow/example_dags/example_bash_operator.py took 0.128 seconds
[2024-11-12T16:57:53.263+0100] {processor.py:186} INFO - Started process (PID=8762) to work on /home/sakana/anaconda3/envs/airflow_env/lib/python3.8/site-packages/airflow/example_dags/example_bash_operator.py
[2024-11-12T16:57:53.268+0100] {processor.py:914} INFO - Processing file /home/sakana/anaconda3/envs/airflow_env/lib/python3.8/site-packages/airflow/example_dags/example_bash_operator.py for tasks to queue
[2024-11-12T16:57:53.270+0100] {logging_mixin.py:190} INFO - [2024-11-12T16:57:53.270+0100] {dagbag.py:588} INFO - Filling up the DagBag from /home/sakana/anaconda3/envs/airflow_env/lib/python3.8/site-packages/airflow/example_dags/example_bash_operator.py
[2024-11-12T16:57:53.287+0100] {processor.py:925} INFO - DAG(s) 'example_bash_operator' retrieved from /home/sakana/anaconda3/envs/airflow_env/lib/python3.8/site-packages/airflow/example_dags/example_bash_operator.py
[2024-11-12T16:57:53.321+0100] {logging_mixin.py:190} INFO - [2024-11-12T16:57:53.320+0100] {dag.py:3239} INFO - Sync 1 DAGs
[2024-11-12T16:57:53.349+0100] {logging_mixin.py:190} INFO - [2024-11-12T16:57:53.349+0100] {dag.py:4180} INFO - Setting next_dagrun for example_bash_operator to 2024-11-12 00:00:00+00:00, run_after=2024-11-13 00:00:00+00:00
[2024-11-12T16:57:53.386+0100] {processor.py:208} INFO - Processing /home/sakana/anaconda3/envs/airflow_env/lib/python3.8/site-packages/airflow/example_dags/example_bash_operator.py took 0.130 seconds
[2024-11-12T16:58:54.185+0100] {processor.py:186} INFO - Started process (PID=8867) to work on /home/sakana/anaconda3/envs/airflow_env/lib/python3.8/site-packages/airflow/example_dags/example_bash_operator.py
[2024-11-12T16:58:54.190+0100] {processor.py:914} INFO - Processing file /home/sakana/anaconda3/envs/airflow_env/lib/python3.8/site-packages/airflow/example_dags/example_bash_operator.py for tasks to queue
[2024-11-12T16:58:54.191+0100] {logging_mixin.py:190} INFO - [2024-11-12T16:58:54.191+0100] {dagbag.py:588} INFO - Filling up the DagBag from /home/sakana/anaconda3/envs/airflow_env/lib/python3.8/site-packages/airflow/example_dags/example_bash_operator.py
[2024-11-12T16:58:54.204+0100] {processor.py:925} INFO - DAG(s) 'example_bash_operator' retrieved from /home/sakana/anaconda3/envs/airflow_env/lib/python3.8/site-packages/airflow/example_dags/example_bash_operator.py
[2024-11-12T16:58:54.229+0100] {logging_mixin.py:190} INFO - [2024-11-12T16:58:54.229+0100] {dag.py:3239} INFO - Sync 1 DAGs
[2024-11-12T16:58:54.251+0100] {logging_mixin.py:190} INFO - [2024-11-12T16:58:54.251+0100] {dag.py:4180} INFO - Setting next_dagrun for example_bash_operator to 2024-11-12 00:00:00+00:00, run_after=2024-11-13 00:00:00+00:00
[2024-11-12T16:58:54.279+0100] {processor.py:208} INFO - Processing /home/sakana/anaconda3/envs/airflow_env/lib/python3.8/site-packages/airflow/example_dags/example_bash_operator.py took 0.100 seconds
[2024-11-12T16:59:55.129+0100] {processor.py:186} INFO - Started process (PID=8941) to work on /home/sakana/anaconda3/envs/airflow_env/lib/python3.8/site-packages/airflow/example_dags/example_bash_operator.py
[2024-11-12T16:59:55.130+0100] {processor.py:914} INFO - Processing file /home/sakana/anaconda3/envs/airflow_env/lib/python3.8/site-packages/airflow/example_dags/example_bash_operator.py for tasks to queue
[2024-11-12T16:59:55.132+0100] {logging_mixin.py:190} INFO - [2024-11-12T16:59:55.132+0100] {dagbag.py:588} INFO - Filling up the DagBag from /home/sakana/anaconda3/envs/airflow_env/lib/python3.8/site-packages/airflow/example_dags/example_bash_operator.py
[2024-11-12T16:59:55.145+0100] {processor.py:925} INFO - DAG(s) 'example_bash_operator' retrieved from /home/sakana/anaconda3/envs/airflow_env/lib/python3.8/site-packages/airflow/example_dags/example_bash_operator.py
[2024-11-12T16:59:55.174+0100] {logging_mixin.py:190} INFO - [2024-11-12T16:59:55.173+0100] {dag.py:3239} INFO - Sync 1 DAGs
[2024-11-12T16:59:55.195+0100] {logging_mixin.py:190} INFO - [2024-11-12T16:59:55.194+0100] {dag.py:4180} INFO - Setting next_dagrun for example_bash_operator to 2024-11-12 00:00:00+00:00, run_after=2024-11-13 00:00:00+00:00
[2024-11-12T16:59:55.228+0100] {processor.py:208} INFO - Processing /home/sakana/anaconda3/envs/airflow_env/lib/python3.8/site-packages/airflow/example_dags/example_bash_operator.py took 0.104 seconds
[2024-11-12T17:00:56.208+0100] {processor.py:186} INFO - Started process (PID=9013) to work on /home/sakana/anaconda3/envs/airflow_env/lib/python3.8/site-packages/airflow/example_dags/example_bash_operator.py
[2024-11-12T17:00:56.214+0100] {processor.py:914} INFO - Processing file /home/sakana/anaconda3/envs/airflow_env/lib/python3.8/site-packages/airflow/example_dags/example_bash_operator.py for tasks to queue
[2024-11-12T17:00:56.216+0100] {logging_mixin.py:190} INFO - [2024-11-12T17:00:56.215+0100] {dagbag.py:588} INFO - Filling up the DagBag from /home/sakana/anaconda3/envs/airflow_env/lib/python3.8/site-packages/airflow/example_dags/example_bash_operator.py
[2024-11-12T17:00:56.231+0100] {processor.py:925} INFO - DAG(s) 'example_bash_operator' retrieved from /home/sakana/anaconda3/envs/airflow_env/lib/python3.8/site-packages/airflow/example_dags/example_bash_operator.py
[2024-11-12T17:00:56.254+0100] {logging_mixin.py:190} INFO - [2024-11-12T17:00:56.254+0100] {dag.py:3239} INFO - Sync 1 DAGs
[2024-11-12T17:00:56.277+0100] {logging_mixin.py:190} INFO - [2024-11-12T17:00:56.277+0100] {dag.py:4180} INFO - Setting next_dagrun for example_bash_operator to 2024-11-12 00:00:00+00:00, run_after=2024-11-13 00:00:00+00:00
[2024-11-12T17:00:56.311+0100] {processor.py:208} INFO - Processing /home/sakana/anaconda3/envs/airflow_env/lib/python3.8/site-packages/airflow/example_dags/example_bash_operator.py took 0.109 seconds
[2024-11-12T17:19:01.317+0100] {processor.py:186} INFO - Started process (PID=9331) to work on /home/sakana/anaconda3/envs/airflow_env/lib/python3.8/site-packages/airflow/example_dags/example_bash_operator.py
[2024-11-12T17:19:01.322+0100] {processor.py:914} INFO - Processing file /home/sakana/anaconda3/envs/airflow_env/lib/python3.8/site-packages/airflow/example_dags/example_bash_operator.py for tasks to queue
[2024-11-12T17:19:01.325+0100] {logging_mixin.py:190} INFO - [2024-11-12T17:19:01.325+0100] {dagbag.py:588} INFO - Filling up the DagBag from /home/sakana/anaconda3/envs/airflow_env/lib/python3.8/site-packages/airflow/example_dags/example_bash_operator.py
[2024-11-12T17:19:01.344+0100] {processor.py:925} INFO - DAG(s) 'example_bash_operator' retrieved from /home/sakana/anaconda3/envs/airflow_env/lib/python3.8/site-packages/airflow/example_dags/example_bash_operator.py
[2024-11-12T17:19:01.369+0100] {logging_mixin.py:190} INFO - [2024-11-12T17:19:01.369+0100] {dag.py:3239} INFO - Sync 1 DAGs
[2024-11-12T17:19:01.387+0100] {logging_mixin.py:190} INFO - [2024-11-12T17:19:01.387+0100] {dag.py:4180} INFO - Setting next_dagrun for example_bash_operator to 2024-11-12 00:00:00+00:00, run_after=2024-11-13 00:00:00+00:00
[2024-11-12T17:19:01.422+0100] {processor.py:208} INFO - Processing /home/sakana/anaconda3/envs/airflow_env/lib/python3.8/site-packages/airflow/example_dags/example_bash_operator.py took 0.113 seconds
[2024-11-12T17:20:12.345+0100] {processor.py:186} INFO - Started process (PID=9645) to work on /home/sakana/anaconda3/envs/airflow_env/lib/python3.8/site-packages/airflow/example_dags/example_bash_operator.py
[2024-11-12T17:20:12.350+0100] {processor.py:914} INFO - Processing file /home/sakana/anaconda3/envs/airflow_env/lib/python3.8/site-packages/airflow/example_dags/example_bash_operator.py for tasks to queue
[2024-11-12T17:20:12.358+0100] {logging_mixin.py:190} INFO - [2024-11-12T17:20:12.356+0100] {dagbag.py:588} INFO - Filling up the DagBag from /home/sakana/anaconda3/envs/airflow_env/lib/python3.8/site-packages/airflow/example_dags/example_bash_operator.py
[2024-11-12T17:20:12.407+0100] {processor.py:925} INFO - DAG(s) 'example_bash_operator' retrieved from /home/sakana/anaconda3/envs/airflow_env/lib/python3.8/site-packages/airflow/example_dags/example_bash_operator.py
[2024-11-12T17:20:12.443+0100] {logging_mixin.py:190} INFO - [2024-11-12T17:20:12.443+0100] {dag.py:3239} INFO - Sync 1 DAGs
[2024-11-12T17:20:12.469+0100] {logging_mixin.py:190} INFO - [2024-11-12T17:20:12.469+0100] {dag.py:4180} INFO - Setting next_dagrun for example_bash_operator to 2024-11-12 00:00:00+00:00, run_after=2024-11-13 00:00:00+00:00
[2024-11-12T17:20:12.519+0100] {processor.py:208} INFO - Processing /home/sakana/anaconda3/envs/airflow_env/lib/python3.8/site-packages/airflow/example_dags/example_bash_operator.py took 0.193 seconds
[2024-11-12T17:21:20.219+0100] {processor.py:186} INFO - Started process (PID=9744) to work on /home/sakana/anaconda3/envs/airflow_env/lib/python3.8/site-packages/airflow/example_dags/example_bash_operator.py
[2024-11-12T17:21:20.225+0100] {processor.py:914} INFO - Processing file /home/sakana/anaconda3/envs/airflow_env/lib/python3.8/site-packages/airflow/example_dags/example_bash_operator.py for tasks to queue
[2024-11-12T17:21:20.230+0100] {logging_mixin.py:190} INFO - [2024-11-12T17:21:20.229+0100] {dagbag.py:588} INFO - Filling up the DagBag from /home/sakana/anaconda3/envs/airflow_env/lib/python3.8/site-packages/airflow/example_dags/example_bash_operator.py
[2024-11-12T17:21:20.257+0100] {processor.py:925} INFO - DAG(s) 'example_bash_operator' retrieved from /home/sakana/anaconda3/envs/airflow_env/lib/python3.8/site-packages/airflow/example_dags/example_bash_operator.py
[2024-11-12T17:21:20.292+0100] {logging_mixin.py:190} INFO - [2024-11-12T17:21:20.292+0100] {dag.py:3239} INFO - Sync 1 DAGs
[2024-11-12T17:21:20.322+0100] {logging_mixin.py:190} INFO - [2024-11-12T17:21:20.322+0100] {dag.py:4180} INFO - Setting next_dagrun for example_bash_operator to 2024-11-12 00:00:00+00:00, run_after=2024-11-13 00:00:00+00:00
[2024-11-12T17:21:20.384+0100] {processor.py:208} INFO - Processing /home/sakana/anaconda3/envs/airflow_env/lib/python3.8/site-packages/airflow/example_dags/example_bash_operator.py took 0.182 seconds
[2024-11-12T17:22:26.793+0100] {processor.py:186} INFO - Started process (PID=9866) to work on /home/sakana/anaconda3/envs/airflow_env/lib/python3.8/site-packages/airflow/example_dags/example_bash_operator.py
[2024-11-12T17:22:26.799+0100] {processor.py:914} INFO - Processing file /home/sakana/anaconda3/envs/airflow_env/lib/python3.8/site-packages/airflow/example_dags/example_bash_operator.py for tasks to queue
[2024-11-12T17:22:26.802+0100] {logging_mixin.py:190} INFO - [2024-11-12T17:22:26.802+0100] {dagbag.py:588} INFO - Filling up the DagBag from /home/sakana/anaconda3/envs/airflow_env/lib/python3.8/site-packages/airflow/example_dags/example_bash_operator.py
[2024-11-12T17:22:26.835+0100] {processor.py:925} INFO - DAG(s) 'example_bash_operator' retrieved from /home/sakana/anaconda3/envs/airflow_env/lib/python3.8/site-packages/airflow/example_dags/example_bash_operator.py
[2024-11-12T17:22:26.879+0100] {logging_mixin.py:190} INFO - [2024-11-12T17:22:26.879+0100] {dag.py:3239} INFO - Sync 1 DAGs
[2024-11-12T17:22:26.908+0100] {logging_mixin.py:190} INFO - [2024-11-12T17:22:26.907+0100] {dag.py:4180} INFO - Setting next_dagrun for example_bash_operator to 2024-11-12 00:00:00+00:00, run_after=2024-11-13 00:00:00+00:00
[2024-11-12T17:22:26.953+0100] {processor.py:208} INFO - Processing /home/sakana/anaconda3/envs/airflow_env/lib/python3.8/site-packages/airflow/example_dags/example_bash_operator.py took 0.175 seconds
[2024-11-12T17:23:42.014+0100] {processor.py:186} INFO - Started process (PID=10014) to work on /home/sakana/anaconda3/envs/airflow_env/lib/python3.8/site-packages/airflow/example_dags/example_bash_operator.py
[2024-11-12T17:23:42.016+0100] {processor.py:914} INFO - Processing file /home/sakana/anaconda3/envs/airflow_env/lib/python3.8/site-packages/airflow/example_dags/example_bash_operator.py for tasks to queue
[2024-11-12T17:23:42.018+0100] {logging_mixin.py:190} INFO - [2024-11-12T17:23:42.018+0100] {dagbag.py:588} INFO - Filling up the DagBag from /home/sakana/anaconda3/envs/airflow_env/lib/python3.8/site-packages/airflow/example_dags/example_bash_operator.py
[2024-11-12T17:23:42.040+0100] {processor.py:925} INFO - DAG(s) 'example_bash_operator' retrieved from /home/sakana/anaconda3/envs/airflow_env/lib/python3.8/site-packages/airflow/example_dags/example_bash_operator.py
[2024-11-12T17:23:42.075+0100] {logging_mixin.py:190} INFO - [2024-11-12T17:23:42.075+0100] {dag.py:3239} INFO - Sync 1 DAGs
[2024-11-12T17:23:42.107+0100] {logging_mixin.py:190} INFO - [2024-11-12T17:23:42.106+0100] {dag.py:4180} INFO - Setting next_dagrun for example_bash_operator to 2024-11-12 00:00:00+00:00, run_after=2024-11-13 00:00:00+00:00
[2024-11-12T17:23:42.170+0100] {processor.py:208} INFO - Processing /home/sakana/anaconda3/envs/airflow_env/lib/python3.8/site-packages/airflow/example_dags/example_bash_operator.py took 0.166 seconds
[2024-11-12T17:24:54.310+0100] {processor.py:186} INFO - Started process (PID=10169) to work on /home/sakana/anaconda3/envs/airflow_env/lib/python3.8/site-packages/airflow/example_dags/example_bash_operator.py
[2024-11-12T17:24:54.316+0100] {processor.py:914} INFO - Processing file /home/sakana/anaconda3/envs/airflow_env/lib/python3.8/site-packages/airflow/example_dags/example_bash_operator.py for tasks to queue
[2024-11-12T17:24:54.320+0100] {logging_mixin.py:190} INFO - [2024-11-12T17:24:54.319+0100] {dagbag.py:588} INFO - Filling up the DagBag from /home/sakana/anaconda3/envs/airflow_env/lib/python3.8/site-packages/airflow/example_dags/example_bash_operator.py
[2024-11-12T17:24:54.354+0100] {processor.py:925} INFO - DAG(s) 'example_bash_operator' retrieved from /home/sakana/anaconda3/envs/airflow_env/lib/python3.8/site-packages/airflow/example_dags/example_bash_operator.py
[2024-11-12T17:24:54.404+0100] {logging_mixin.py:190} INFO - [2024-11-12T17:24:54.404+0100] {dag.py:3239} INFO - Sync 1 DAGs
[2024-11-12T17:24:54.451+0100] {logging_mixin.py:190} INFO - [2024-11-12T17:24:54.450+0100] {dag.py:4180} INFO - Setting next_dagrun for example_bash_operator to 2024-11-12 00:00:00+00:00, run_after=2024-11-13 00:00:00+00:00
[2024-11-12T17:24:54.497+0100] {processor.py:208} INFO - Processing /home/sakana/anaconda3/envs/airflow_env/lib/python3.8/site-packages/airflow/example_dags/example_bash_operator.py took 0.198 seconds
[2024-11-12T17:26:08.708+0100] {processor.py:186} INFO - Started process (PID=10269) to work on /home/sakana/anaconda3/envs/airflow_env/lib/python3.8/site-packages/airflow/example_dags/example_bash_operator.py
[2024-11-12T17:26:08.713+0100] {processor.py:914} INFO - Processing file /home/sakana/anaconda3/envs/airflow_env/lib/python3.8/site-packages/airflow/example_dags/example_bash_operator.py for tasks to queue
[2024-11-12T17:26:08.716+0100] {logging_mixin.py:190} INFO - [2024-11-12T17:26:08.716+0100] {dagbag.py:588} INFO - Filling up the DagBag from /home/sakana/anaconda3/envs/airflow_env/lib/python3.8/site-packages/airflow/example_dags/example_bash_operator.py
[2024-11-12T17:26:08.745+0100] {processor.py:925} INFO - DAG(s) 'example_bash_operator' retrieved from /home/sakana/anaconda3/envs/airflow_env/lib/python3.8/site-packages/airflow/example_dags/example_bash_operator.py
[2024-11-12T17:26:08.795+0100] {logging_mixin.py:190} INFO - [2024-11-12T17:26:08.795+0100] {dag.py:3239} INFO - Sync 1 DAGs
[2024-11-12T17:26:08.832+0100] {logging_mixin.py:190} INFO - [2024-11-12T17:26:08.832+0100] {dag.py:4180} INFO - Setting next_dagrun for example_bash_operator to 2024-11-12 00:00:00+00:00, run_after=2024-11-13 00:00:00+00:00
[2024-11-12T17:26:08.898+0100] {processor.py:208} INFO - Processing /home/sakana/anaconda3/envs/airflow_env/lib/python3.8/site-packages/airflow/example_dags/example_bash_operator.py took 0.201 seconds
[2024-11-12T17:27:20.981+0100] {processor.py:186} INFO - Started process (PID=10383) to work on /home/sakana/anaconda3/envs/airflow_env/lib/python3.8/site-packages/airflow/example_dags/example_bash_operator.py
[2024-11-12T17:27:20.986+0100] {processor.py:914} INFO - Processing file /home/sakana/anaconda3/envs/airflow_env/lib/python3.8/site-packages/airflow/example_dags/example_bash_operator.py for tasks to queue
[2024-11-12T17:27:20.988+0100] {logging_mixin.py:190} INFO - [2024-11-12T17:27:20.988+0100] {dagbag.py:588} INFO - Filling up the DagBag from /home/sakana/anaconda3/envs/airflow_env/lib/python3.8/site-packages/airflow/example_dags/example_bash_operator.py
[2024-11-12T17:27:21.009+0100] {processor.py:925} INFO - DAG(s) 'example_bash_operator' retrieved from /home/sakana/anaconda3/envs/airflow_env/lib/python3.8/site-packages/airflow/example_dags/example_bash_operator.py
[2024-11-12T17:27:21.050+0100] {logging_mixin.py:190} INFO - [2024-11-12T17:27:21.050+0100] {dag.py:3239} INFO - Sync 1 DAGs
[2024-11-12T17:27:21.080+0100] {logging_mixin.py:190} INFO - [2024-11-12T17:27:21.080+0100] {dag.py:4180} INFO - Setting next_dagrun for example_bash_operator to 2024-11-12 00:00:00+00:00, run_after=2024-11-13 00:00:00+00:00
[2024-11-12T17:27:21.124+0100] {processor.py:208} INFO - Processing /home/sakana/anaconda3/envs/airflow_env/lib/python3.8/site-packages/airflow/example_dags/example_bash_operator.py took 0.152 seconds
[2024-11-12T17:28:32.743+0100] {processor.py:186} INFO - Started process (PID=10485) to work on /home/sakana/anaconda3/envs/airflow_env/lib/python3.8/site-packages/airflow/example_dags/example_bash_operator.py
[2024-11-12T17:28:32.749+0100] {processor.py:914} INFO - Processing file /home/sakana/anaconda3/envs/airflow_env/lib/python3.8/site-packages/airflow/example_dags/example_bash_operator.py for tasks to queue
[2024-11-12T17:28:32.753+0100] {logging_mixin.py:190} INFO - [2024-11-12T17:28:32.752+0100] {dagbag.py:588} INFO - Filling up the DagBag from /home/sakana/anaconda3/envs/airflow_env/lib/python3.8/site-packages/airflow/example_dags/example_bash_operator.py
[2024-11-12T17:28:32.786+0100] {processor.py:925} INFO - DAG(s) 'example_bash_operator' retrieved from /home/sakana/anaconda3/envs/airflow_env/lib/python3.8/site-packages/airflow/example_dags/example_bash_operator.py
[2024-11-12T17:28:32.831+0100] {logging_mixin.py:190} INFO - [2024-11-12T17:28:32.830+0100] {dag.py:3239} INFO - Sync 1 DAGs
[2024-11-12T17:28:32.858+0100] {logging_mixin.py:190} INFO - [2024-11-12T17:28:32.857+0100] {dag.py:4180} INFO - Setting next_dagrun for example_bash_operator to 2024-11-12 00:00:00+00:00, run_after=2024-11-13 00:00:00+00:00
[2024-11-12T17:28:32.934+0100] {processor.py:208} INFO - Processing /home/sakana/anaconda3/envs/airflow_env/lib/python3.8/site-packages/airflow/example_dags/example_bash_operator.py took 0.206 seconds
[2024-11-12T17:29:45.833+0100] {processor.py:186} INFO - Started process (PID=10598) to work on /home/sakana/anaconda3/envs/airflow_env/lib/python3.8/site-packages/airflow/example_dags/example_bash_operator.py
[2024-11-12T17:29:45.839+0100] {processor.py:914} INFO - Processing file /home/sakana/anaconda3/envs/airflow_env/lib/python3.8/site-packages/airflow/example_dags/example_bash_operator.py for tasks to queue
[2024-11-12T17:29:45.842+0100] {logging_mixin.py:190} INFO - [2024-11-12T17:29:45.842+0100] {dagbag.py:588} INFO - Filling up the DagBag from /home/sakana/anaconda3/envs/airflow_env/lib/python3.8/site-packages/airflow/example_dags/example_bash_operator.py
[2024-11-12T17:29:45.859+0100] {processor.py:925} INFO - DAG(s) 'example_bash_operator' retrieved from /home/sakana/anaconda3/envs/airflow_env/lib/python3.8/site-packages/airflow/example_dags/example_bash_operator.py
[2024-11-12T17:29:45.897+0100] {logging_mixin.py:190} INFO - [2024-11-12T17:29:45.896+0100] {dag.py:3239} INFO - Sync 1 DAGs
[2024-11-12T17:29:45.932+0100] {logging_mixin.py:190} INFO - [2024-11-12T17:29:45.931+0100] {dag.py:4180} INFO - Setting next_dagrun for example_bash_operator to 2024-11-12 00:00:00+00:00, run_after=2024-11-13 00:00:00+00:00
[2024-11-12T17:29:46.001+0100] {processor.py:208} INFO - Processing /home/sakana/anaconda3/envs/airflow_env/lib/python3.8/site-packages/airflow/example_dags/example_bash_operator.py took 0.177 seconds
[2024-11-12T17:30:58.024+0100] {processor.py:186} INFO - Started process (PID=10676) to work on /home/sakana/anaconda3/envs/airflow_env/lib/python3.8/site-packages/airflow/example_dags/example_bash_operator.py
[2024-11-12T17:30:58.030+0100] {processor.py:914} INFO - Processing file /home/sakana/anaconda3/envs/airflow_env/lib/python3.8/site-packages/airflow/example_dags/example_bash_operator.py for tasks to queue
[2024-11-12T17:30:58.033+0100] {logging_mixin.py:190} INFO - [2024-11-12T17:30:58.032+0100] {dagbag.py:588} INFO - Filling up the DagBag from /home/sakana/anaconda3/envs/airflow_env/lib/python3.8/site-packages/airflow/example_dags/example_bash_operator.py
[2024-11-12T17:30:58.051+0100] {processor.py:925} INFO - DAG(s) 'example_bash_operator' retrieved from /home/sakana/anaconda3/envs/airflow_env/lib/python3.8/site-packages/airflow/example_dags/example_bash_operator.py
[2024-11-12T17:30:58.088+0100] {logging_mixin.py:190} INFO - [2024-11-12T17:30:58.088+0100] {dag.py:3239} INFO - Sync 1 DAGs
[2024-11-12T17:30:58.117+0100] {logging_mixin.py:190} INFO - [2024-11-12T17:30:58.117+0100] {dag.py:4180} INFO - Setting next_dagrun for example_bash_operator to 2024-11-12 00:00:00+00:00, run_after=2024-11-13 00:00:00+00:00
[2024-11-12T17:30:58.150+0100] {processor.py:208} INFO - Processing /home/sakana/anaconda3/envs/airflow_env/lib/python3.8/site-packages/airflow/example_dags/example_bash_operator.py took 0.132 seconds
[2024-11-12T17:32:09.805+0100] {processor.py:186} INFO - Started process (PID=10767) to work on /home/sakana/anaconda3/envs/airflow_env/lib/python3.8/site-packages/airflow/example_dags/example_bash_operator.py
[2024-11-12T17:32:09.812+0100] {processor.py:914} INFO - Processing file /home/sakana/anaconda3/envs/airflow_env/lib/python3.8/site-packages/airflow/example_dags/example_bash_operator.py for tasks to queue
[2024-11-12T17:32:09.817+0100] {logging_mixin.py:190} INFO - [2024-11-12T17:32:09.815+0100] {dagbag.py:588} INFO - Filling up the DagBag from /home/sakana/anaconda3/envs/airflow_env/lib/python3.8/site-packages/airflow/example_dags/example_bash_operator.py
[2024-11-12T17:32:09.838+0100] {processor.py:925} INFO - DAG(s) 'example_bash_operator' retrieved from /home/sakana/anaconda3/envs/airflow_env/lib/python3.8/site-packages/airflow/example_dags/example_bash_operator.py
[2024-11-12T17:32:09.877+0100] {logging_mixin.py:190} INFO - [2024-11-12T17:32:09.876+0100] {dag.py:3239} INFO - Sync 1 DAGs
[2024-11-12T17:32:09.906+0100] {logging_mixin.py:190} INFO - [2024-11-12T17:32:09.906+0100] {dag.py:4180} INFO - Setting next_dagrun for example_bash_operator to 2024-11-12 00:00:00+00:00, run_after=2024-11-13 00:00:00+00:00
[2024-11-12T17:32:09.986+0100] {processor.py:208} INFO - Processing /home/sakana/anaconda3/envs/airflow_env/lib/python3.8/site-packages/airflow/example_dags/example_bash_operator.py took 0.210 seconds
[2024-11-12T17:33:17.320+0100] {processor.py:186} INFO - Started process (PID=10945) to work on /home/sakana/anaconda3/envs/airflow_env/lib/python3.8/site-packages/airflow/example_dags/example_bash_operator.py
[2024-11-12T17:33:17.325+0100] {processor.py:914} INFO - Processing file /home/sakana/anaconda3/envs/airflow_env/lib/python3.8/site-packages/airflow/example_dags/example_bash_operator.py for tasks to queue
[2024-11-12T17:33:17.328+0100] {logging_mixin.py:190} INFO - [2024-11-12T17:33:17.327+0100] {dagbag.py:588} INFO - Filling up the DagBag from /home/sakana/anaconda3/envs/airflow_env/lib/python3.8/site-packages/airflow/example_dags/example_bash_operator.py
[2024-11-12T17:33:17.343+0100] {processor.py:925} INFO - DAG(s) 'example_bash_operator' retrieved from /home/sakana/anaconda3/envs/airflow_env/lib/python3.8/site-packages/airflow/example_dags/example_bash_operator.py
[2024-11-12T17:33:17.370+0100] {logging_mixin.py:190} INFO - [2024-11-12T17:33:17.370+0100] {dag.py:3239} INFO - Sync 1 DAGs
[2024-11-12T17:33:17.395+0100] {logging_mixin.py:190} INFO - [2024-11-12T17:33:17.395+0100] {dag.py:4180} INFO - Setting next_dagrun for example_bash_operator to 2024-11-12 00:00:00+00:00, run_after=2024-11-13 00:00:00+00:00
[2024-11-12T17:33:17.428+0100] {processor.py:208} INFO - Processing /home/sakana/anaconda3/envs/airflow_env/lib/python3.8/site-packages/airflow/example_dags/example_bash_operator.py took 0.114 seconds
[2024-11-12T17:34:20.621+0100] {processor.py:186} INFO - Started process (PID=11121) to work on /home/sakana/anaconda3/envs/airflow_env/lib/python3.8/site-packages/airflow/example_dags/example_bash_operator.py
[2024-11-12T17:34:20.626+0100] {processor.py:914} INFO - Processing file /home/sakana/anaconda3/envs/airflow_env/lib/python3.8/site-packages/airflow/example_dags/example_bash_operator.py for tasks to queue
[2024-11-12T17:34:20.628+0100] {logging_mixin.py:190} INFO - [2024-11-12T17:34:20.627+0100] {dagbag.py:588} INFO - Filling up the DagBag from /home/sakana/anaconda3/envs/airflow_env/lib/python3.8/site-packages/airflow/example_dags/example_bash_operator.py
[2024-11-12T17:34:20.643+0100] {processor.py:925} INFO - DAG(s) 'example_bash_operator' retrieved from /home/sakana/anaconda3/envs/airflow_env/lib/python3.8/site-packages/airflow/example_dags/example_bash_operator.py
[2024-11-12T17:34:20.667+0100] {logging_mixin.py:190} INFO - [2024-11-12T17:34:20.667+0100] {dag.py:3239} INFO - Sync 1 DAGs
[2024-11-12T17:34:20.688+0100] {logging_mixin.py:190} INFO - [2024-11-12T17:34:20.687+0100] {dag.py:4180} INFO - Setting next_dagrun for example_bash_operator to 2024-11-12 00:00:00+00:00, run_after=2024-11-13 00:00:00+00:00
[2024-11-12T17:34:20.711+0100] {processor.py:208} INFO - Processing /home/sakana/anaconda3/envs/airflow_env/lib/python3.8/site-packages/airflow/example_dags/example_bash_operator.py took 0.097 seconds
[2024-11-12T17:35:23.000+0100] {processor.py:186} INFO - Started process (PID=11207) to work on /home/sakana/anaconda3/envs/airflow_env/lib/python3.8/site-packages/airflow/example_dags/example_bash_operator.py
[2024-11-12T17:35:23.002+0100] {processor.py:914} INFO - Processing file /home/sakana/anaconda3/envs/airflow_env/lib/python3.8/site-packages/airflow/example_dags/example_bash_operator.py for tasks to queue
[2024-11-12T17:35:23.004+0100] {logging_mixin.py:190} INFO - [2024-11-12T17:35:23.003+0100] {dagbag.py:588} INFO - Filling up the DagBag from /home/sakana/anaconda3/envs/airflow_env/lib/python3.8/site-packages/airflow/example_dags/example_bash_operator.py
[2024-11-12T17:35:23.019+0100] {processor.py:925} INFO - DAG(s) 'example_bash_operator' retrieved from /home/sakana/anaconda3/envs/airflow_env/lib/python3.8/site-packages/airflow/example_dags/example_bash_operator.py
[2024-11-12T17:35:23.043+0100] {logging_mixin.py:190} INFO - [2024-11-12T17:35:23.042+0100] {dag.py:3239} INFO - Sync 1 DAGs
[2024-11-12T17:35:23.061+0100] {logging_mixin.py:190} INFO - [2024-11-12T17:35:23.060+0100] {dag.py:4180} INFO - Setting next_dagrun for example_bash_operator to 2024-11-12 00:00:00+00:00, run_after=2024-11-13 00:00:00+00:00
[2024-11-12T17:35:23.086+0100] {processor.py:208} INFO - Processing /home/sakana/anaconda3/envs/airflow_env/lib/python3.8/site-packages/airflow/example_dags/example_bash_operator.py took 0.095 seconds
[2024-11-12T17:36:21.099+0100] {processor.py:186} INFO - Started process (PID=11277) to work on /home/sakana/anaconda3/envs/airflow_env/lib/python3.8/site-packages/airflow/example_dags/example_bash_operator.py
[2024-11-12T17:36:21.104+0100] {processor.py:914} INFO - Processing file /home/sakana/anaconda3/envs/airflow_env/lib/python3.8/site-packages/airflow/example_dags/example_bash_operator.py for tasks to queue
[2024-11-12T17:36:21.106+0100] {logging_mixin.py:190} INFO - [2024-11-12T17:36:21.106+0100] {dagbag.py:588} INFO - Filling up the DagBag from /home/sakana/anaconda3/envs/airflow_env/lib/python3.8/site-packages/airflow/example_dags/example_bash_operator.py
[2024-11-12T17:36:21.123+0100] {processor.py:925} INFO - DAG(s) 'example_bash_operator' retrieved from /home/sakana/anaconda3/envs/airflow_env/lib/python3.8/site-packages/airflow/example_dags/example_bash_operator.py
[2024-11-12T17:36:21.147+0100] {logging_mixin.py:190} INFO - [2024-11-12T17:36:21.147+0100] {dag.py:3239} INFO - Sync 1 DAGs
[2024-11-12T17:36:21.167+0100] {logging_mixin.py:190} INFO - [2024-11-12T17:36:21.166+0100] {dag.py:4180} INFO - Setting next_dagrun for example_bash_operator to 2024-11-12 00:00:00+00:00, run_after=2024-11-13 00:00:00+00:00
[2024-11-12T17:36:21.193+0100] {processor.py:208} INFO - Processing /home/sakana/anaconda3/envs/airflow_env/lib/python3.8/site-packages/airflow/example_dags/example_bash_operator.py took 0.102 seconds
[2024-11-12T17:37:19.921+0100] {processor.py:186} INFO - Started process (PID=11363) to work on /home/sakana/anaconda3/envs/airflow_env/lib/python3.8/site-packages/airflow/example_dags/example_bash_operator.py
[2024-11-12T17:37:19.945+0100] {processor.py:914} INFO - Processing file /home/sakana/anaconda3/envs/airflow_env/lib/python3.8/site-packages/airflow/example_dags/example_bash_operator.py for tasks to queue
[2024-11-12T17:37:19.947+0100] {logging_mixin.py:190} INFO - [2024-11-12T17:37:19.947+0100] {dagbag.py:588} INFO - Filling up the DagBag from /home/sakana/anaconda3/envs/airflow_env/lib/python3.8/site-packages/airflow/example_dags/example_bash_operator.py
[2024-11-12T17:37:19.966+0100] {processor.py:925} INFO - DAG(s) 'example_bash_operator' retrieved from /home/sakana/anaconda3/envs/airflow_env/lib/python3.8/site-packages/airflow/example_dags/example_bash_operator.py
[2024-11-12T17:37:20.044+0100] {logging_mixin.py:190} INFO - [2024-11-12T17:37:20.044+0100] {dag.py:3239} INFO - Sync 1 DAGs
[2024-11-12T17:37:20.074+0100] {logging_mixin.py:190} INFO - [2024-11-12T17:37:20.074+0100] {dag.py:4180} INFO - Setting next_dagrun for example_bash_operator to 2024-11-12 00:00:00+00:00, run_after=2024-11-13 00:00:00+00:00
[2024-11-12T17:37:20.111+0100] {processor.py:208} INFO - Processing /home/sakana/anaconda3/envs/airflow_env/lib/python3.8/site-packages/airflow/example_dags/example_bash_operator.py took 0.198 seconds
