[2024-11-12T01:01:21.346+0100] {processor.py:186} INFO - Started process (PID=31225) to work on /home/sakana/anaconda3/envs/airflow_env/lib/python3.8/site-packages/airflow/example_dags/example_sensor_decorator.py
[2024-11-12T01:01:21.346+0100] {processor.py:914} INFO - Processing file /home/sakana/anaconda3/envs/airflow_env/lib/python3.8/site-packages/airflow/example_dags/example_sensor_decorator.py for tasks to queue
[2024-11-12T01:01:21.349+0100] {logging_mixin.py:190} INFO - [2024-11-12T01:01:21.348+0100] {dagbag.py:588} INFO - Filling up the DagBag from /home/sakana/anaconda3/envs/airflow_env/lib/python3.8/site-packages/airflow/example_dags/example_sensor_decorator.py
[2024-11-12T01:01:21.357+0100] {processor.py:925} INFO - DAG(s) 'example_sensor_decorator' retrieved from /home/sakana/anaconda3/envs/airflow_env/lib/python3.8/site-packages/airflow/example_dags/example_sensor_decorator.py
[2024-11-12T01:01:21.378+0100] {logging_mixin.py:190} INFO - [2024-11-12T01:01:21.378+0100] {dag.py:3239} INFO - Sync 1 DAGs
[2024-11-12T01:01:21.394+0100] {logging_mixin.py:190} INFO - [2024-11-12T01:01:21.394+0100] {dag.py:4180} INFO - Setting next_dagrun for example_sensor_decorator to None, run_after=None
[2024-11-12T01:01:21.432+0100] {processor.py:208} INFO - Processing /home/sakana/anaconda3/envs/airflow_env/lib/python3.8/site-packages/airflow/example_dags/example_sensor_decorator.py took 0.094 seconds
[2024-11-12T01:02:24.863+0100] {processor.py:186} INFO - Started process (PID=31708) to work on /home/sakana/anaconda3/envs/airflow_env/lib/python3.8/site-packages/airflow/example_dags/example_sensor_decorator.py
[2024-11-12T01:02:24.868+0100] {processor.py:914} INFO - Processing file /home/sakana/anaconda3/envs/airflow_env/lib/python3.8/site-packages/airflow/example_dags/example_sensor_decorator.py for tasks to queue
[2024-11-12T01:02:24.870+0100] {logging_mixin.py:190} INFO - [2024-11-12T01:02:24.869+0100] {dagbag.py:588} INFO - Filling up the DagBag from /home/sakana/anaconda3/envs/airflow_env/lib/python3.8/site-packages/airflow/example_dags/example_sensor_decorator.py
[2024-11-12T01:02:24.879+0100] {processor.py:925} INFO - DAG(s) 'example_sensor_decorator' retrieved from /home/sakana/anaconda3/envs/airflow_env/lib/python3.8/site-packages/airflow/example_dags/example_sensor_decorator.py
[2024-11-12T01:02:24.895+0100] {logging_mixin.py:190} INFO - [2024-11-12T01:02:24.895+0100] {dag.py:3239} INFO - Sync 1 DAGs
[2024-11-12T01:02:24.910+0100] {logging_mixin.py:190} INFO - [2024-11-12T01:02:24.910+0100] {dag.py:4180} INFO - Setting next_dagrun for example_sensor_decorator to None, run_after=None
[2024-11-12T01:02:24.940+0100] {processor.py:208} INFO - Processing /home/sakana/anaconda3/envs/airflow_env/lib/python3.8/site-packages/airflow/example_dags/example_sensor_decorator.py took 0.083 seconds
[2024-11-12T01:03:28.822+0100] {processor.py:186} INFO - Started process (PID=32239) to work on /home/sakana/anaconda3/envs/airflow_env/lib/python3.8/site-packages/airflow/example_dags/example_sensor_decorator.py
[2024-11-12T01:03:28.828+0100] {processor.py:914} INFO - Processing file /home/sakana/anaconda3/envs/airflow_env/lib/python3.8/site-packages/airflow/example_dags/example_sensor_decorator.py for tasks to queue
[2024-11-12T01:03:28.832+0100] {logging_mixin.py:190} INFO - [2024-11-12T01:03:28.831+0100] {dagbag.py:588} INFO - Filling up the DagBag from /home/sakana/anaconda3/envs/airflow_env/lib/python3.8/site-packages/airflow/example_dags/example_sensor_decorator.py
[2024-11-12T01:03:28.843+0100] {processor.py:925} INFO - DAG(s) 'example_sensor_decorator' retrieved from /home/sakana/anaconda3/envs/airflow_env/lib/python3.8/site-packages/airflow/example_dags/example_sensor_decorator.py
[2024-11-12T01:03:28.869+0100] {logging_mixin.py:190} INFO - [2024-11-12T01:03:28.868+0100] {dag.py:3239} INFO - Sync 1 DAGs
[2024-11-12T01:03:28.887+0100] {logging_mixin.py:190} INFO - [2024-11-12T01:03:28.887+0100] {dag.py:4180} INFO - Setting next_dagrun for example_sensor_decorator to None, run_after=None
[2024-11-12T01:03:28.931+0100] {processor.py:208} INFO - Processing /home/sakana/anaconda3/envs/airflow_env/lib/python3.8/site-packages/airflow/example_dags/example_sensor_decorator.py took 0.117 seconds
[2024-11-12T01:06:53.929+0100] {processor.py:186} INFO - Started process (PID=34232) to work on /home/sakana/anaconda3/envs/airflow_env/lib/python3.8/site-packages/airflow/example_dags/example_sensor_decorator.py
[2024-11-12T01:06:53.945+0100] {processor.py:914} INFO - Processing file /home/sakana/anaconda3/envs/airflow_env/lib/python3.8/site-packages/airflow/example_dags/example_sensor_decorator.py for tasks to queue
[2024-11-12T01:06:53.948+0100] {logging_mixin.py:190} INFO - [2024-11-12T01:06:53.947+0100] {dagbag.py:588} INFO - Filling up the DagBag from /home/sakana/anaconda3/envs/airflow_env/lib/python3.8/site-packages/airflow/example_dags/example_sensor_decorator.py
[2024-11-12T01:06:53.978+0100] {processor.py:925} INFO - DAG(s) 'example_sensor_decorator' retrieved from /home/sakana/anaconda3/envs/airflow_env/lib/python3.8/site-packages/airflow/example_dags/example_sensor_decorator.py
[2024-11-12T01:06:54.006+0100] {logging_mixin.py:190} INFO - [2024-11-12T01:06:54.005+0100] {dag.py:3239} INFO - Sync 1 DAGs
[2024-11-12T01:06:54.040+0100] {logging_mixin.py:190} INFO - [2024-11-12T01:06:54.039+0100] {dag.py:4180} INFO - Setting next_dagrun for example_sensor_decorator to None, run_after=None
[2024-11-12T01:06:54.131+0100] {processor.py:208} INFO - Processing /home/sakana/anaconda3/envs/airflow_env/lib/python3.8/site-packages/airflow/example_dags/example_sensor_decorator.py took 0.230 seconds
[2024-11-12T01:10:08.533+0100] {processor.py:186} INFO - Started process (PID=4098) to work on /home/sakana/anaconda3/envs/airflow_env/lib/python3.8/site-packages/airflow/example_dags/example_sensor_decorator.py
[2024-11-12T01:10:08.538+0100] {processor.py:914} INFO - Processing file /home/sakana/anaconda3/envs/airflow_env/lib/python3.8/site-packages/airflow/example_dags/example_sensor_decorator.py for tasks to queue
[2024-11-12T01:10:08.540+0100] {logging_mixin.py:190} INFO - [2024-11-12T01:10:08.540+0100] {dagbag.py:588} INFO - Filling up the DagBag from /home/sakana/anaconda3/envs/airflow_env/lib/python3.8/site-packages/airflow/example_dags/example_sensor_decorator.py
[2024-11-12T01:10:08.549+0100] {processor.py:925} INFO - DAG(s) 'example_sensor_decorator' retrieved from /home/sakana/anaconda3/envs/airflow_env/lib/python3.8/site-packages/airflow/example_dags/example_sensor_decorator.py
[2024-11-12T01:10:08.567+0100] {logging_mixin.py:190} INFO - [2024-11-12T01:10:08.566+0100] {dag.py:3239} INFO - Sync 1 DAGs
[2024-11-12T01:10:08.579+0100] {logging_mixin.py:190} INFO - [2024-11-12T01:10:08.579+0100] {dag.py:4180} INFO - Setting next_dagrun for example_sensor_decorator to None, run_after=None
[2024-11-12T01:10:08.609+0100] {processor.py:208} INFO - Processing /home/sakana/anaconda3/envs/airflow_env/lib/python3.8/site-packages/airflow/example_dags/example_sensor_decorator.py took 0.084 seconds
[2024-11-12T01:11:10.064+0100] {processor.py:186} INFO - Started process (PID=4207) to work on /home/sakana/anaconda3/envs/airflow_env/lib/python3.8/site-packages/airflow/example_dags/example_sensor_decorator.py
[2024-11-12T01:11:10.070+0100] {processor.py:914} INFO - Processing file /home/sakana/anaconda3/envs/airflow_env/lib/python3.8/site-packages/airflow/example_dags/example_sensor_decorator.py for tasks to queue
[2024-11-12T01:11:10.075+0100] {logging_mixin.py:190} INFO - [2024-11-12T01:11:10.074+0100] {dagbag.py:588} INFO - Filling up the DagBag from /home/sakana/anaconda3/envs/airflow_env/lib/python3.8/site-packages/airflow/example_dags/example_sensor_decorator.py
[2024-11-12T01:11:10.091+0100] {processor.py:925} INFO - DAG(s) 'example_sensor_decorator' retrieved from /home/sakana/anaconda3/envs/airflow_env/lib/python3.8/site-packages/airflow/example_dags/example_sensor_decorator.py
[2024-11-12T01:11:10.107+0100] {logging_mixin.py:190} INFO - [2024-11-12T01:11:10.107+0100] {dag.py:3239} INFO - Sync 1 DAGs
[2024-11-12T01:11:10.119+0100] {logging_mixin.py:190} INFO - [2024-11-12T01:11:10.118+0100] {dag.py:4180} INFO - Setting next_dagrun for example_sensor_decorator to None, run_after=None
[2024-11-12T01:11:10.147+0100] {processor.py:208} INFO - Processing /home/sakana/anaconda3/envs/airflow_env/lib/python3.8/site-packages/airflow/example_dags/example_sensor_decorator.py took 0.101 seconds
[2024-11-12T01:12:09.372+0100] {processor.py:186} INFO - Started process (PID=4330) to work on /home/sakana/anaconda3/envs/airflow_env/lib/python3.8/site-packages/airflow/example_dags/example_sensor_decorator.py
[2024-11-12T01:12:09.377+0100] {processor.py:914} INFO - Processing file /home/sakana/anaconda3/envs/airflow_env/lib/python3.8/site-packages/airflow/example_dags/example_sensor_decorator.py for tasks to queue
[2024-11-12T01:12:09.379+0100] {logging_mixin.py:190} INFO - [2024-11-12T01:12:09.379+0100] {dagbag.py:588} INFO - Filling up the DagBag from /home/sakana/anaconda3/envs/airflow_env/lib/python3.8/site-packages/airflow/example_dags/example_sensor_decorator.py
[2024-11-12T01:12:09.390+0100] {processor.py:925} INFO - DAG(s) 'example_sensor_decorator' retrieved from /home/sakana/anaconda3/envs/airflow_env/lib/python3.8/site-packages/airflow/example_dags/example_sensor_decorator.py
[2024-11-12T01:12:09.405+0100] {logging_mixin.py:190} INFO - [2024-11-12T01:12:09.405+0100] {dag.py:3239} INFO - Sync 1 DAGs
[2024-11-12T01:12:09.418+0100] {logging_mixin.py:190} INFO - [2024-11-12T01:12:09.417+0100] {dag.py:4180} INFO - Setting next_dagrun for example_sensor_decorator to None, run_after=None
[2024-11-12T01:12:09.448+0100] {processor.py:208} INFO - Processing /home/sakana/anaconda3/envs/airflow_env/lib/python3.8/site-packages/airflow/example_dags/example_sensor_decorator.py took 0.085 seconds
[2024-11-12T16:37:48.126+0100] {processor.py:186} INFO - Started process (PID=6602) to work on /home/sakana/anaconda3/envs/airflow_env/lib/python3.8/site-packages/airflow/example_dags/example_sensor_decorator.py
[2024-11-12T16:37:48.132+0100] {processor.py:914} INFO - Processing file /home/sakana/anaconda3/envs/airflow_env/lib/python3.8/site-packages/airflow/example_dags/example_sensor_decorator.py for tasks to queue
[2024-11-12T16:37:48.134+0100] {logging_mixin.py:190} INFO - [2024-11-12T16:37:48.133+0100] {dagbag.py:588} INFO - Filling up the DagBag from /home/sakana/anaconda3/envs/airflow_env/lib/python3.8/site-packages/airflow/example_dags/example_sensor_decorator.py
[2024-11-12T16:37:48.144+0100] {processor.py:925} INFO - DAG(s) 'example_sensor_decorator' retrieved from /home/sakana/anaconda3/envs/airflow_env/lib/python3.8/site-packages/airflow/example_dags/example_sensor_decorator.py
[2024-11-12T16:37:48.159+0100] {logging_mixin.py:190} INFO - [2024-11-12T16:37:48.159+0100] {dag.py:3239} INFO - Sync 1 DAGs
[2024-11-12T16:37:48.172+0100] {logging_mixin.py:190} INFO - [2024-11-12T16:37:48.171+0100] {dag.py:4180} INFO - Setting next_dagrun for example_sensor_decorator to None, run_after=None
[2024-11-12T16:37:48.197+0100] {processor.py:208} INFO - Processing /home/sakana/anaconda3/envs/airflow_env/lib/python3.8/site-packages/airflow/example_dags/example_sensor_decorator.py took 0.079 seconds
[2024-11-12T16:39:50.006+0100] {processor.py:186} INFO - Started process (PID=6927) to work on /home/sakana/anaconda3/envs/airflow_env/lib/python3.8/site-packages/airflow/example_dags/example_sensor_decorator.py
[2024-11-12T16:39:50.037+0100] {processor.py:914} INFO - Processing file /home/sakana/anaconda3/envs/airflow_env/lib/python3.8/site-packages/airflow/example_dags/example_sensor_decorator.py for tasks to queue
[2024-11-12T16:39:50.040+0100] {logging_mixin.py:190} INFO - [2024-11-12T16:39:50.040+0100] {dagbag.py:588} INFO - Filling up the DagBag from /home/sakana/anaconda3/envs/airflow_env/lib/python3.8/site-packages/airflow/example_dags/example_sensor_decorator.py
[2024-11-12T16:39:50.054+0100] {processor.py:925} INFO - DAG(s) 'example_sensor_decorator' retrieved from /home/sakana/anaconda3/envs/airflow_env/lib/python3.8/site-packages/airflow/example_dags/example_sensor_decorator.py
[2024-11-12T16:39:50.086+0100] {logging_mixin.py:190} INFO - [2024-11-12T16:39:50.086+0100] {dag.py:3239} INFO - Sync 1 DAGs
[2024-11-12T16:39:50.113+0100] {logging_mixin.py:190} INFO - [2024-11-12T16:39:50.112+0100] {dag.py:4180} INFO - Setting next_dagrun for example_sensor_decorator to None, run_after=None
[2024-11-12T16:39:50.160+0100] {processor.py:208} INFO - Processing /home/sakana/anaconda3/envs/airflow_env/lib/python3.8/site-packages/airflow/example_dags/example_sensor_decorator.py took 0.164 seconds
[2024-11-12T16:41:04.089+0100] {processor.py:186} INFO - Started process (PID=7064) to work on /home/sakana/anaconda3/envs/airflow_env/lib/python3.8/site-packages/airflow/example_dags/example_sensor_decorator.py
[2024-11-12T16:41:04.094+0100] {processor.py:914} INFO - Processing file /home/sakana/anaconda3/envs/airflow_env/lib/python3.8/site-packages/airflow/example_dags/example_sensor_decorator.py for tasks to queue
[2024-11-12T16:41:04.097+0100] {logging_mixin.py:190} INFO - [2024-11-12T16:41:04.096+0100] {dagbag.py:588} INFO - Filling up the DagBag from /home/sakana/anaconda3/envs/airflow_env/lib/python3.8/site-packages/airflow/example_dags/example_sensor_decorator.py
[2024-11-12T16:41:04.107+0100] {processor.py:925} INFO - DAG(s) 'example_sensor_decorator' retrieved from /home/sakana/anaconda3/envs/airflow_env/lib/python3.8/site-packages/airflow/example_dags/example_sensor_decorator.py
[2024-11-12T16:41:04.125+0100] {logging_mixin.py:190} INFO - [2024-11-12T16:41:04.125+0100] {dag.py:3239} INFO - Sync 1 DAGs
[2024-11-12T16:41:04.138+0100] {logging_mixin.py:190} INFO - [2024-11-12T16:41:04.137+0100] {dag.py:4180} INFO - Setting next_dagrun for example_sensor_decorator to None, run_after=None
[2024-11-12T16:41:04.177+0100] {processor.py:208} INFO - Processing /home/sakana/anaconda3/envs/airflow_env/lib/python3.8/site-packages/airflow/example_dags/example_sensor_decorator.py took 0.097 seconds
[2024-11-12T16:42:02.823+0100] {processor.py:186} INFO - Started process (PID=7160) to work on /home/sakana/anaconda3/envs/airflow_env/lib/python3.8/site-packages/airflow/example_dags/example_sensor_decorator.py
[2024-11-12T16:42:02.828+0100] {processor.py:914} INFO - Processing file /home/sakana/anaconda3/envs/airflow_env/lib/python3.8/site-packages/airflow/example_dags/example_sensor_decorator.py for tasks to queue
[2024-11-12T16:42:02.830+0100] {logging_mixin.py:190} INFO - [2024-11-12T16:42:02.829+0100] {dagbag.py:588} INFO - Filling up the DagBag from /home/sakana/anaconda3/envs/airflow_env/lib/python3.8/site-packages/airflow/example_dags/example_sensor_decorator.py
[2024-11-12T16:42:02.838+0100] {processor.py:925} INFO - DAG(s) 'example_sensor_decorator' retrieved from /home/sakana/anaconda3/envs/airflow_env/lib/python3.8/site-packages/airflow/example_dags/example_sensor_decorator.py
[2024-11-12T16:42:02.854+0100] {logging_mixin.py:190} INFO - [2024-11-12T16:42:02.854+0100] {dag.py:3239} INFO - Sync 1 DAGs
[2024-11-12T16:42:02.868+0100] {logging_mixin.py:190} INFO - [2024-11-12T16:42:02.868+0100] {dag.py:4180} INFO - Setting next_dagrun for example_sensor_decorator to None, run_after=None
[2024-11-12T16:42:02.894+0100] {processor.py:208} INFO - Processing /home/sakana/anaconda3/envs/airflow_env/lib/python3.8/site-packages/airflow/example_dags/example_sensor_decorator.py took 0.078 seconds
[2024-11-12T16:42:58.606+0100] {processor.py:186} INFO - Started process (PID=7296) to work on /home/sakana/anaconda3/envs/airflow_env/lib/python3.8/site-packages/airflow/example_dags/example_sensor_decorator.py
[2024-11-12T16:42:58.611+0100] {processor.py:914} INFO - Processing file /home/sakana/anaconda3/envs/airflow_env/lib/python3.8/site-packages/airflow/example_dags/example_sensor_decorator.py for tasks to queue
[2024-11-12T16:42:58.613+0100] {logging_mixin.py:190} INFO - [2024-11-12T16:42:58.613+0100] {dagbag.py:588} INFO - Filling up the DagBag from /home/sakana/anaconda3/envs/airflow_env/lib/python3.8/site-packages/airflow/example_dags/example_sensor_decorator.py
[2024-11-12T16:42:58.622+0100] {processor.py:925} INFO - DAG(s) 'example_sensor_decorator' retrieved from /home/sakana/anaconda3/envs/airflow_env/lib/python3.8/site-packages/airflow/example_dags/example_sensor_decorator.py
[2024-11-12T16:42:58.639+0100] {logging_mixin.py:190} INFO - [2024-11-12T16:42:58.639+0100] {dag.py:3239} INFO - Sync 1 DAGs
[2024-11-12T16:42:58.652+0100] {logging_mixin.py:190} INFO - [2024-11-12T16:42:58.652+0100] {dag.py:4180} INFO - Setting next_dagrun for example_sensor_decorator to None, run_after=None
[2024-11-12T16:42:58.680+0100] {processor.py:208} INFO - Processing /home/sakana/anaconda3/envs/airflow_env/lib/python3.8/site-packages/airflow/example_dags/example_sensor_decorator.py took 0.081 seconds
[2024-11-12T16:43:56.952+0100] {processor.py:186} INFO - Started process (PID=7407) to work on /home/sakana/anaconda3/envs/airflow_env/lib/python3.8/site-packages/airflow/example_dags/example_sensor_decorator.py
[2024-11-12T16:43:56.957+0100] {processor.py:914} INFO - Processing file /home/sakana/anaconda3/envs/airflow_env/lib/python3.8/site-packages/airflow/example_dags/example_sensor_decorator.py for tasks to queue
[2024-11-12T16:43:56.959+0100] {logging_mixin.py:190} INFO - [2024-11-12T16:43:56.959+0100] {dagbag.py:588} INFO - Filling up the DagBag from /home/sakana/anaconda3/envs/airflow_env/lib/python3.8/site-packages/airflow/example_dags/example_sensor_decorator.py
[2024-11-12T16:43:56.970+0100] {processor.py:925} INFO - DAG(s) 'example_sensor_decorator' retrieved from /home/sakana/anaconda3/envs/airflow_env/lib/python3.8/site-packages/airflow/example_dags/example_sensor_decorator.py
[2024-11-12T16:43:56.992+0100] {logging_mixin.py:190} INFO - [2024-11-12T16:43:56.992+0100] {dag.py:3239} INFO - Sync 1 DAGs
[2024-11-12T16:43:57.010+0100] {logging_mixin.py:190} INFO - [2024-11-12T16:43:57.010+0100] {dag.py:4180} INFO - Setting next_dagrun for example_sensor_decorator to None, run_after=None
[2024-11-12T16:43:57.046+0100] {processor.py:208} INFO - Processing /home/sakana/anaconda3/envs/airflow_env/lib/python3.8/site-packages/airflow/example_dags/example_sensor_decorator.py took 0.103 seconds
[2024-11-12T16:44:53.263+0100] {processor.py:186} INFO - Started process (PID=7483) to work on /home/sakana/anaconda3/envs/airflow_env/lib/python3.8/site-packages/airflow/example_dags/example_sensor_decorator.py
[2024-11-12T16:44:53.268+0100] {processor.py:914} INFO - Processing file /home/sakana/anaconda3/envs/airflow_env/lib/python3.8/site-packages/airflow/example_dags/example_sensor_decorator.py for tasks to queue
[2024-11-12T16:44:53.271+0100] {logging_mixin.py:190} INFO - [2024-11-12T16:44:53.271+0100] {dagbag.py:588} INFO - Filling up the DagBag from /home/sakana/anaconda3/envs/airflow_env/lib/python3.8/site-packages/airflow/example_dags/example_sensor_decorator.py
[2024-11-12T16:44:53.285+0100] {processor.py:925} INFO - DAG(s) 'example_sensor_decorator' retrieved from /home/sakana/anaconda3/envs/airflow_env/lib/python3.8/site-packages/airflow/example_dags/example_sensor_decorator.py
[2024-11-12T16:44:53.302+0100] {logging_mixin.py:190} INFO - [2024-11-12T16:44:53.302+0100] {dag.py:3239} INFO - Sync 1 DAGs
[2024-11-12T16:44:53.316+0100] {logging_mixin.py:190} INFO - [2024-11-12T16:44:53.316+0100] {dag.py:4180} INFO - Setting next_dagrun for example_sensor_decorator to None, run_after=None
[2024-11-12T16:44:53.341+0100] {processor.py:208} INFO - Processing /home/sakana/anaconda3/envs/airflow_env/lib/python3.8/site-packages/airflow/example_dags/example_sensor_decorator.py took 0.089 seconds
[2024-11-12T16:45:47.677+0100] {processor.py:186} INFO - Started process (PID=7554) to work on /home/sakana/anaconda3/envs/airflow_env/lib/python3.8/site-packages/airflow/example_dags/example_sensor_decorator.py
[2024-11-12T16:45:47.682+0100] {processor.py:914} INFO - Processing file /home/sakana/anaconda3/envs/airflow_env/lib/python3.8/site-packages/airflow/example_dags/example_sensor_decorator.py for tasks to queue
[2024-11-12T16:45:47.684+0100] {logging_mixin.py:190} INFO - [2024-11-12T16:45:47.684+0100] {dagbag.py:588} INFO - Filling up the DagBag from /home/sakana/anaconda3/envs/airflow_env/lib/python3.8/site-packages/airflow/example_dags/example_sensor_decorator.py
[2024-11-12T16:45:47.694+0100] {processor.py:925} INFO - DAG(s) 'example_sensor_decorator' retrieved from /home/sakana/anaconda3/envs/airflow_env/lib/python3.8/site-packages/airflow/example_dags/example_sensor_decorator.py
[2024-11-12T16:45:47.710+0100] {logging_mixin.py:190} INFO - [2024-11-12T16:45:47.710+0100] {dag.py:3239} INFO - Sync 1 DAGs
[2024-11-12T16:45:47.721+0100] {logging_mixin.py:190} INFO - [2024-11-12T16:45:47.721+0100] {dag.py:4180} INFO - Setting next_dagrun for example_sensor_decorator to None, run_after=None
[2024-11-12T16:45:47.744+0100] {processor.py:208} INFO - Processing /home/sakana/anaconda3/envs/airflow_env/lib/python3.8/site-packages/airflow/example_dags/example_sensor_decorator.py took 0.075 seconds
[2024-11-12T16:46:57.699+0100] {processor.py:186} INFO - Started process (PID=7686) to work on /home/sakana/anaconda3/envs/airflow_env/lib/python3.8/site-packages/airflow/example_dags/example_sensor_decorator.py
[2024-11-12T16:46:57.704+0100] {processor.py:914} INFO - Processing file /home/sakana/anaconda3/envs/airflow_env/lib/python3.8/site-packages/airflow/example_dags/example_sensor_decorator.py for tasks to queue
[2024-11-12T16:46:57.706+0100] {logging_mixin.py:190} INFO - [2024-11-12T16:46:57.705+0100] {dagbag.py:588} INFO - Filling up the DagBag from /home/sakana/anaconda3/envs/airflow_env/lib/python3.8/site-packages/airflow/example_dags/example_sensor_decorator.py
[2024-11-12T16:46:57.713+0100] {processor.py:925} INFO - DAG(s) 'example_sensor_decorator' retrieved from /home/sakana/anaconda3/envs/airflow_env/lib/python3.8/site-packages/airflow/example_dags/example_sensor_decorator.py
[2024-11-12T16:46:57.727+0100] {logging_mixin.py:190} INFO - [2024-11-12T16:46:57.727+0100] {dag.py:3239} INFO - Sync 1 DAGs
[2024-11-12T16:46:57.738+0100] {logging_mixin.py:190} INFO - [2024-11-12T16:46:57.738+0100] {dag.py:4180} INFO - Setting next_dagrun for example_sensor_decorator to None, run_after=None
[2024-11-12T16:46:57.766+0100] {processor.py:208} INFO - Processing /home/sakana/anaconda3/envs/airflow_env/lib/python3.8/site-packages/airflow/example_dags/example_sensor_decorator.py took 0.073 seconds
[2024-11-12T16:47:55.101+0100] {processor.py:186} INFO - Started process (PID=7757) to work on /home/sakana/anaconda3/envs/airflow_env/lib/python3.8/site-packages/airflow/example_dags/example_sensor_decorator.py
[2024-11-12T16:47:55.104+0100] {processor.py:914} INFO - Processing file /home/sakana/anaconda3/envs/airflow_env/lib/python3.8/site-packages/airflow/example_dags/example_sensor_decorator.py for tasks to queue
[2024-11-12T16:47:55.106+0100] {logging_mixin.py:190} INFO - [2024-11-12T16:47:55.106+0100] {dagbag.py:588} INFO - Filling up the DagBag from /home/sakana/anaconda3/envs/airflow_env/lib/python3.8/site-packages/airflow/example_dags/example_sensor_decorator.py
[2024-11-12T16:47:55.116+0100] {processor.py:925} INFO - DAG(s) 'example_sensor_decorator' retrieved from /home/sakana/anaconda3/envs/airflow_env/lib/python3.8/site-packages/airflow/example_dags/example_sensor_decorator.py
[2024-11-12T16:47:55.133+0100] {logging_mixin.py:190} INFO - [2024-11-12T16:47:55.133+0100] {dag.py:3239} INFO - Sync 1 DAGs
[2024-11-12T16:47:55.150+0100] {logging_mixin.py:190} INFO - [2024-11-12T16:47:55.150+0100] {dag.py:4180} INFO - Setting next_dagrun for example_sensor_decorator to None, run_after=None
[2024-11-12T16:47:55.203+0100] {processor.py:208} INFO - Processing /home/sakana/anaconda3/envs/airflow_env/lib/python3.8/site-packages/airflow/example_dags/example_sensor_decorator.py took 0.109 seconds
[2024-11-12T16:48:52.933+0100] {processor.py:186} INFO - Started process (PID=7912) to work on /home/sakana/anaconda3/envs/airflow_env/lib/python3.8/site-packages/airflow/example_dags/example_sensor_decorator.py
[2024-11-12T16:48:52.935+0100] {processor.py:914} INFO - Processing file /home/sakana/anaconda3/envs/airflow_env/lib/python3.8/site-packages/airflow/example_dags/example_sensor_decorator.py for tasks to queue
[2024-11-12T16:48:52.936+0100] {logging_mixin.py:190} INFO - [2024-11-12T16:48:52.936+0100] {dagbag.py:588} INFO - Filling up the DagBag from /home/sakana/anaconda3/envs/airflow_env/lib/python3.8/site-packages/airflow/example_dags/example_sensor_decorator.py
[2024-11-12T16:48:52.944+0100] {processor.py:925} INFO - DAG(s) 'example_sensor_decorator' retrieved from /home/sakana/anaconda3/envs/airflow_env/lib/python3.8/site-packages/airflow/example_dags/example_sensor_decorator.py
[2024-11-12T16:48:52.958+0100] {logging_mixin.py:190} INFO - [2024-11-12T16:48:52.958+0100] {dag.py:3239} INFO - Sync 1 DAGs
[2024-11-12T16:48:52.970+0100] {logging_mixin.py:190} INFO - [2024-11-12T16:48:52.970+0100] {dag.py:4180} INFO - Setting next_dagrun for example_sensor_decorator to None, run_after=None
[2024-11-12T16:48:52.994+0100] {processor.py:208} INFO - Processing /home/sakana/anaconda3/envs/airflow_env/lib/python3.8/site-packages/airflow/example_dags/example_sensor_decorator.py took 0.068 seconds
[2024-11-12T16:49:50.790+0100] {processor.py:186} INFO - Started process (PID=8004) to work on /home/sakana/anaconda3/envs/airflow_env/lib/python3.8/site-packages/airflow/example_dags/example_sensor_decorator.py
[2024-11-12T16:49:50.795+0100] {processor.py:914} INFO - Processing file /home/sakana/anaconda3/envs/airflow_env/lib/python3.8/site-packages/airflow/example_dags/example_sensor_decorator.py for tasks to queue
[2024-11-12T16:49:50.797+0100] {logging_mixin.py:190} INFO - [2024-11-12T16:49:50.797+0100] {dagbag.py:588} INFO - Filling up the DagBag from /home/sakana/anaconda3/envs/airflow_env/lib/python3.8/site-packages/airflow/example_dags/example_sensor_decorator.py
[2024-11-12T16:49:50.807+0100] {processor.py:925} INFO - DAG(s) 'example_sensor_decorator' retrieved from /home/sakana/anaconda3/envs/airflow_env/lib/python3.8/site-packages/airflow/example_dags/example_sensor_decorator.py
[2024-11-12T16:49:50.822+0100] {logging_mixin.py:190} INFO - [2024-11-12T16:49:50.821+0100] {dag.py:3239} INFO - Sync 1 DAGs
[2024-11-12T16:49:50.833+0100] {logging_mixin.py:190} INFO - [2024-11-12T16:49:50.833+0100] {dag.py:4180} INFO - Setting next_dagrun for example_sensor_decorator to None, run_after=None
[2024-11-12T16:49:50.860+0100] {processor.py:208} INFO - Processing /home/sakana/anaconda3/envs/airflow_env/lib/python3.8/site-packages/airflow/example_dags/example_sensor_decorator.py took 0.077 seconds
[2024-11-12T16:50:47.224+0100] {processor.py:186} INFO - Started process (PID=8071) to work on /home/sakana/anaconda3/envs/airflow_env/lib/python3.8/site-packages/airflow/example_dags/example_sensor_decorator.py
[2024-11-12T16:50:47.229+0100] {processor.py:914} INFO - Processing file /home/sakana/anaconda3/envs/airflow_env/lib/python3.8/site-packages/airflow/example_dags/example_sensor_decorator.py for tasks to queue
[2024-11-12T16:50:47.231+0100] {logging_mixin.py:190} INFO - [2024-11-12T16:50:47.230+0100] {dagbag.py:588} INFO - Filling up the DagBag from /home/sakana/anaconda3/envs/airflow_env/lib/python3.8/site-packages/airflow/example_dags/example_sensor_decorator.py
[2024-11-12T16:50:47.240+0100] {processor.py:925} INFO - DAG(s) 'example_sensor_decorator' retrieved from /home/sakana/anaconda3/envs/airflow_env/lib/python3.8/site-packages/airflow/example_dags/example_sensor_decorator.py
[2024-11-12T16:50:47.256+0100] {logging_mixin.py:190} INFO - [2024-11-12T16:50:47.256+0100] {dag.py:3239} INFO - Sync 1 DAGs
[2024-11-12T16:50:47.267+0100] {logging_mixin.py:190} INFO - [2024-11-12T16:50:47.267+0100] {dag.py:4180} INFO - Setting next_dagrun for example_sensor_decorator to None, run_after=None
[2024-11-12T16:50:47.293+0100] {processor.py:208} INFO - Processing /home/sakana/anaconda3/envs/airflow_env/lib/python3.8/site-packages/airflow/example_dags/example_sensor_decorator.py took 0.076 seconds
[2024-11-12T16:51:44.257+0100] {processor.py:186} INFO - Started process (PID=8144) to work on /home/sakana/anaconda3/envs/airflow_env/lib/python3.8/site-packages/airflow/example_dags/example_sensor_decorator.py
[2024-11-12T16:51:44.263+0100] {processor.py:914} INFO - Processing file /home/sakana/anaconda3/envs/airflow_env/lib/python3.8/site-packages/airflow/example_dags/example_sensor_decorator.py for tasks to queue
[2024-11-12T16:51:44.265+0100] {logging_mixin.py:190} INFO - [2024-11-12T16:51:44.264+0100] {dagbag.py:588} INFO - Filling up the DagBag from /home/sakana/anaconda3/envs/airflow_env/lib/python3.8/site-packages/airflow/example_dags/example_sensor_decorator.py
[2024-11-12T16:51:44.275+0100] {processor.py:925} INFO - DAG(s) 'example_sensor_decorator' retrieved from /home/sakana/anaconda3/envs/airflow_env/lib/python3.8/site-packages/airflow/example_dags/example_sensor_decorator.py
[2024-11-12T16:51:44.297+0100] {logging_mixin.py:190} INFO - [2024-11-12T16:51:44.297+0100] {dag.py:3239} INFO - Sync 1 DAGs
[2024-11-12T16:51:44.313+0100] {logging_mixin.py:190} INFO - [2024-11-12T16:51:44.313+0100] {dag.py:4180} INFO - Setting next_dagrun for example_sensor_decorator to None, run_after=None
[2024-11-12T16:51:44.346+0100] {processor.py:208} INFO - Processing /home/sakana/anaconda3/envs/airflow_env/lib/python3.8/site-packages/airflow/example_dags/example_sensor_decorator.py took 0.096 seconds
[2024-11-12T16:52:40.406+0100] {processor.py:186} INFO - Started process (PID=8233) to work on /home/sakana/anaconda3/envs/airflow_env/lib/python3.8/site-packages/airflow/example_dags/example_sensor_decorator.py
[2024-11-12T16:52:40.412+0100] {processor.py:914} INFO - Processing file /home/sakana/anaconda3/envs/airflow_env/lib/python3.8/site-packages/airflow/example_dags/example_sensor_decorator.py for tasks to queue
[2024-11-12T16:52:40.416+0100] {logging_mixin.py:190} INFO - [2024-11-12T16:52:40.415+0100] {dagbag.py:588} INFO - Filling up the DagBag from /home/sakana/anaconda3/envs/airflow_env/lib/python3.8/site-packages/airflow/example_dags/example_sensor_decorator.py
[2024-11-12T16:52:40.429+0100] {processor.py:925} INFO - DAG(s) 'example_sensor_decorator' retrieved from /home/sakana/anaconda3/envs/airflow_env/lib/python3.8/site-packages/airflow/example_dags/example_sensor_decorator.py
[2024-11-12T16:52:40.445+0100] {logging_mixin.py:190} INFO - [2024-11-12T16:52:40.445+0100] {dag.py:3239} INFO - Sync 1 DAGs
[2024-11-12T16:52:40.457+0100] {logging_mixin.py:190} INFO - [2024-11-12T16:52:40.457+0100] {dag.py:4180} INFO - Setting next_dagrun for example_sensor_decorator to None, run_after=None
[2024-11-12T16:52:40.483+0100] {processor.py:208} INFO - Processing /home/sakana/anaconda3/envs/airflow_env/lib/python3.8/site-packages/airflow/example_dags/example_sensor_decorator.py took 0.088 seconds
[2024-11-12T16:53:36.472+0100] {processor.py:186} INFO - Started process (PID=8326) to work on /home/sakana/anaconda3/envs/airflow_env/lib/python3.8/site-packages/airflow/example_dags/example_sensor_decorator.py
[2024-11-12T16:53:36.477+0100] {processor.py:914} INFO - Processing file /home/sakana/anaconda3/envs/airflow_env/lib/python3.8/site-packages/airflow/example_dags/example_sensor_decorator.py for tasks to queue
[2024-11-12T16:53:36.479+0100] {logging_mixin.py:190} INFO - [2024-11-12T16:53:36.479+0100] {dagbag.py:588} INFO - Filling up the DagBag from /home/sakana/anaconda3/envs/airflow_env/lib/python3.8/site-packages/airflow/example_dags/example_sensor_decorator.py
[2024-11-12T16:53:36.490+0100] {processor.py:925} INFO - DAG(s) 'example_sensor_decorator' retrieved from /home/sakana/anaconda3/envs/airflow_env/lib/python3.8/site-packages/airflow/example_dags/example_sensor_decorator.py
[2024-11-12T16:53:36.507+0100] {logging_mixin.py:190} INFO - [2024-11-12T16:53:36.507+0100] {dag.py:3239} INFO - Sync 1 DAGs
[2024-11-12T16:53:36.518+0100] {logging_mixin.py:190} INFO - [2024-11-12T16:53:36.518+0100] {dag.py:4180} INFO - Setting next_dagrun for example_sensor_decorator to None, run_after=None
[2024-11-12T16:53:36.546+0100] {processor.py:208} INFO - Processing /home/sakana/anaconda3/envs/airflow_env/lib/python3.8/site-packages/airflow/example_dags/example_sensor_decorator.py took 0.083 seconds
[2024-11-12T16:54:37.802+0100] {processor.py:186} INFO - Started process (PID=8498) to work on /home/sakana/anaconda3/envs/airflow_env/lib/python3.8/site-packages/airflow/example_dags/example_sensor_decorator.py
[2024-11-12T16:54:37.804+0100] {processor.py:914} INFO - Processing file /home/sakana/anaconda3/envs/airflow_env/lib/python3.8/site-packages/airflow/example_dags/example_sensor_decorator.py for tasks to queue
[2024-11-12T16:54:37.807+0100] {logging_mixin.py:190} INFO - [2024-11-12T16:54:37.806+0100] {dagbag.py:588} INFO - Filling up the DagBag from /home/sakana/anaconda3/envs/airflow_env/lib/python3.8/site-packages/airflow/example_dags/example_sensor_decorator.py
[2024-11-12T16:54:37.817+0100] {processor.py:925} INFO - DAG(s) 'example_sensor_decorator' retrieved from /home/sakana/anaconda3/envs/airflow_env/lib/python3.8/site-packages/airflow/example_dags/example_sensor_decorator.py
[2024-11-12T16:54:37.839+0100] {logging_mixin.py:190} INFO - [2024-11-12T16:54:37.838+0100] {dag.py:3239} INFO - Sync 1 DAGs
[2024-11-12T16:54:37.861+0100] {logging_mixin.py:190} INFO - [2024-11-12T16:54:37.860+0100] {dag.py:4180} INFO - Setting next_dagrun for example_sensor_decorator to None, run_after=None
[2024-11-12T16:54:37.903+0100] {processor.py:208} INFO - Processing /home/sakana/anaconda3/envs/airflow_env/lib/python3.8/site-packages/airflow/example_dags/example_sensor_decorator.py took 0.110 seconds
[2024-11-12T16:55:38.761+0100] {processor.py:186} INFO - Started process (PID=8590) to work on /home/sakana/anaconda3/envs/airflow_env/lib/python3.8/site-packages/airflow/example_dags/example_sensor_decorator.py
[2024-11-12T16:55:38.766+0100] {processor.py:914} INFO - Processing file /home/sakana/anaconda3/envs/airflow_env/lib/python3.8/site-packages/airflow/example_dags/example_sensor_decorator.py for tasks to queue
[2024-11-12T16:55:38.769+0100] {logging_mixin.py:190} INFO - [2024-11-12T16:55:38.769+0100] {dagbag.py:588} INFO - Filling up the DagBag from /home/sakana/anaconda3/envs/airflow_env/lib/python3.8/site-packages/airflow/example_dags/example_sensor_decorator.py
[2024-11-12T16:55:38.780+0100] {processor.py:925} INFO - DAG(s) 'example_sensor_decorator' retrieved from /home/sakana/anaconda3/envs/airflow_env/lib/python3.8/site-packages/airflow/example_dags/example_sensor_decorator.py
[2024-11-12T16:55:38.802+0100] {logging_mixin.py:190} INFO - [2024-11-12T16:55:38.802+0100] {dag.py:3239} INFO - Sync 1 DAGs
[2024-11-12T16:55:38.819+0100] {logging_mixin.py:190} INFO - [2024-11-12T16:55:38.819+0100] {dag.py:4180} INFO - Setting next_dagrun for example_sensor_decorator to None, run_after=None
[2024-11-12T16:55:38.856+0100] {processor.py:208} INFO - Processing /home/sakana/anaconda3/envs/airflow_env/lib/python3.8/site-packages/airflow/example_dags/example_sensor_decorator.py took 0.103 seconds
[2024-11-12T16:56:35.853+0100] {processor.py:186} INFO - Started process (PID=8663) to work on /home/sakana/anaconda3/envs/airflow_env/lib/python3.8/site-packages/airflow/example_dags/example_sensor_decorator.py
[2024-11-12T16:56:35.858+0100] {processor.py:914} INFO - Processing file /home/sakana/anaconda3/envs/airflow_env/lib/python3.8/site-packages/airflow/example_dags/example_sensor_decorator.py for tasks to queue
[2024-11-12T16:56:35.861+0100] {logging_mixin.py:190} INFO - [2024-11-12T16:56:35.861+0100] {dagbag.py:588} INFO - Filling up the DagBag from /home/sakana/anaconda3/envs/airflow_env/lib/python3.8/site-packages/airflow/example_dags/example_sensor_decorator.py
[2024-11-12T16:56:35.871+0100] {processor.py:925} INFO - DAG(s) 'example_sensor_decorator' retrieved from /home/sakana/anaconda3/envs/airflow_env/lib/python3.8/site-packages/airflow/example_dags/example_sensor_decorator.py
[2024-11-12T16:56:35.889+0100] {logging_mixin.py:190} INFO - [2024-11-12T16:56:35.888+0100] {dag.py:3239} INFO - Sync 1 DAGs
[2024-11-12T16:56:35.905+0100] {logging_mixin.py:190} INFO - [2024-11-12T16:56:35.905+0100] {dag.py:4180} INFO - Setting next_dagrun for example_sensor_decorator to None, run_after=None
[2024-11-12T16:56:35.938+0100] {processor.py:208} INFO - Processing /home/sakana/anaconda3/envs/airflow_env/lib/python3.8/site-packages/airflow/example_dags/example_sensor_decorator.py took 0.093 seconds
[2024-11-12T16:57:36.486+0100] {processor.py:186} INFO - Started process (PID=8745) to work on /home/sakana/anaconda3/envs/airflow_env/lib/python3.8/site-packages/airflow/example_dags/example_sensor_decorator.py
[2024-11-12T16:57:36.491+0100] {processor.py:914} INFO - Processing file /home/sakana/anaconda3/envs/airflow_env/lib/python3.8/site-packages/airflow/example_dags/example_sensor_decorator.py for tasks to queue
[2024-11-12T16:57:36.493+0100] {logging_mixin.py:190} INFO - [2024-11-12T16:57:36.492+0100] {dagbag.py:588} INFO - Filling up the DagBag from /home/sakana/anaconda3/envs/airflow_env/lib/python3.8/site-packages/airflow/example_dags/example_sensor_decorator.py
[2024-11-12T16:57:36.501+0100] {processor.py:925} INFO - DAG(s) 'example_sensor_decorator' retrieved from /home/sakana/anaconda3/envs/airflow_env/lib/python3.8/site-packages/airflow/example_dags/example_sensor_decorator.py
[2024-11-12T16:57:36.517+0100] {logging_mixin.py:190} INFO - [2024-11-12T16:57:36.517+0100] {dag.py:3239} INFO - Sync 1 DAGs
[2024-11-12T16:57:36.531+0100] {logging_mixin.py:190} INFO - [2024-11-12T16:57:36.530+0100] {dag.py:4180} INFO - Setting next_dagrun for example_sensor_decorator to None, run_after=None
[2024-11-12T16:57:36.557+0100] {processor.py:208} INFO - Processing /home/sakana/anaconda3/envs/airflow_env/lib/python3.8/site-packages/airflow/example_dags/example_sensor_decorator.py took 0.077 seconds
[2024-11-12T16:58:38.594+0100] {processor.py:186} INFO - Started process (PID=8847) to work on /home/sakana/anaconda3/envs/airflow_env/lib/python3.8/site-packages/airflow/example_dags/example_sensor_decorator.py
[2024-11-12T16:58:38.615+0100] {processor.py:914} INFO - Processing file /home/sakana/anaconda3/envs/airflow_env/lib/python3.8/site-packages/airflow/example_dags/example_sensor_decorator.py for tasks to queue
[2024-11-12T16:58:38.622+0100] {logging_mixin.py:190} INFO - [2024-11-12T16:58:38.621+0100] {dagbag.py:588} INFO - Filling up the DagBag from /home/sakana/anaconda3/envs/airflow_env/lib/python3.8/site-packages/airflow/example_dags/example_sensor_decorator.py
[2024-11-12T16:58:38.640+0100] {processor.py:925} INFO - DAG(s) 'example_sensor_decorator' retrieved from /home/sakana/anaconda3/envs/airflow_env/lib/python3.8/site-packages/airflow/example_dags/example_sensor_decorator.py
[2024-11-12T16:58:38.660+0100] {logging_mixin.py:190} INFO - [2024-11-12T16:58:38.660+0100] {dag.py:3239} INFO - Sync 1 DAGs
[2024-11-12T16:58:38.672+0100] {logging_mixin.py:190} INFO - [2024-11-12T16:58:38.672+0100] {dag.py:4180} INFO - Setting next_dagrun for example_sensor_decorator to None, run_after=None
[2024-11-12T16:58:38.700+0100] {processor.py:208} INFO - Processing /home/sakana/anaconda3/envs/airflow_env/lib/python3.8/site-packages/airflow/example_dags/example_sensor_decorator.py took 0.112 seconds
[2024-11-12T16:59:39.629+0100] {processor.py:186} INFO - Started process (PID=8924) to work on /home/sakana/anaconda3/envs/airflow_env/lib/python3.8/site-packages/airflow/example_dags/example_sensor_decorator.py
[2024-11-12T16:59:39.634+0100] {processor.py:914} INFO - Processing file /home/sakana/anaconda3/envs/airflow_env/lib/python3.8/site-packages/airflow/example_dags/example_sensor_decorator.py for tasks to queue
[2024-11-12T16:59:39.636+0100] {logging_mixin.py:190} INFO - [2024-11-12T16:59:39.636+0100] {dagbag.py:588} INFO - Filling up the DagBag from /home/sakana/anaconda3/envs/airflow_env/lib/python3.8/site-packages/airflow/example_dags/example_sensor_decorator.py
[2024-11-12T16:59:39.644+0100] {processor.py:925} INFO - DAG(s) 'example_sensor_decorator' retrieved from /home/sakana/anaconda3/envs/airflow_env/lib/python3.8/site-packages/airflow/example_dags/example_sensor_decorator.py
[2024-11-12T16:59:39.662+0100] {logging_mixin.py:190} INFO - [2024-11-12T16:59:39.662+0100] {dag.py:3239} INFO - Sync 1 DAGs
[2024-11-12T16:59:39.674+0100] {logging_mixin.py:190} INFO - [2024-11-12T16:59:39.673+0100] {dag.py:4180} INFO - Setting next_dagrun for example_sensor_decorator to None, run_after=None
[2024-11-12T16:59:39.698+0100] {processor.py:208} INFO - Processing /home/sakana/anaconda3/envs/airflow_env/lib/python3.8/site-packages/airflow/example_dags/example_sensor_decorator.py took 0.074 seconds
[2024-11-12T17:00:40.180+0100] {processor.py:186} INFO - Started process (PID=8998) to work on /home/sakana/anaconda3/envs/airflow_env/lib/python3.8/site-packages/airflow/example_dags/example_sensor_decorator.py
[2024-11-12T17:00:40.186+0100] {processor.py:914} INFO - Processing file /home/sakana/anaconda3/envs/airflow_env/lib/python3.8/site-packages/airflow/example_dags/example_sensor_decorator.py for tasks to queue
[2024-11-12T17:00:40.189+0100] {logging_mixin.py:190} INFO - [2024-11-12T17:00:40.188+0100] {dagbag.py:588} INFO - Filling up the DagBag from /home/sakana/anaconda3/envs/airflow_env/lib/python3.8/site-packages/airflow/example_dags/example_sensor_decorator.py
[2024-11-12T17:00:40.199+0100] {processor.py:925} INFO - DAG(s) 'example_sensor_decorator' retrieved from /home/sakana/anaconda3/envs/airflow_env/lib/python3.8/site-packages/airflow/example_dags/example_sensor_decorator.py
[2024-11-12T17:00:40.213+0100] {logging_mixin.py:190} INFO - [2024-11-12T17:00:40.213+0100] {dag.py:3239} INFO - Sync 1 DAGs
[2024-11-12T17:00:40.225+0100] {logging_mixin.py:190} INFO - [2024-11-12T17:00:40.225+0100] {dag.py:4180} INFO - Setting next_dagrun for example_sensor_decorator to None, run_after=None
[2024-11-12T17:00:40.249+0100] {processor.py:208} INFO - Processing /home/sakana/anaconda3/envs/airflow_env/lib/python3.8/site-packages/airflow/example_dags/example_sensor_decorator.py took 0.082 seconds
[2024-11-12T17:18:46.177+0100] {processor.py:186} INFO - Started process (PID=9293) to work on /home/sakana/anaconda3/envs/airflow_env/lib/python3.8/site-packages/airflow/example_dags/example_sensor_decorator.py
[2024-11-12T17:18:46.178+0100] {processor.py:914} INFO - Processing file /home/sakana/anaconda3/envs/airflow_env/lib/python3.8/site-packages/airflow/example_dags/example_sensor_decorator.py for tasks to queue
[2024-11-12T17:18:46.181+0100] {logging_mixin.py:190} INFO - [2024-11-12T17:18:46.180+0100] {dagbag.py:588} INFO - Filling up the DagBag from /home/sakana/anaconda3/envs/airflow_env/lib/python3.8/site-packages/airflow/example_dags/example_sensor_decorator.py
[2024-11-12T17:18:46.192+0100] {processor.py:925} INFO - DAG(s) 'example_sensor_decorator' retrieved from /home/sakana/anaconda3/envs/airflow_env/lib/python3.8/site-packages/airflow/example_dags/example_sensor_decorator.py
[2024-11-12T17:18:46.209+0100] {logging_mixin.py:190} INFO - [2024-11-12T17:18:46.209+0100] {dag.py:3239} INFO - Sync 1 DAGs
[2024-11-12T17:18:46.219+0100] {logging_mixin.py:190} INFO - [2024-11-12T17:18:46.219+0100] {dag.py:4180} INFO - Setting next_dagrun for example_sensor_decorator to None, run_after=None
[2024-11-12T17:18:46.242+0100] {processor.py:208} INFO - Processing /home/sakana/anaconda3/envs/airflow_env/lib/python3.8/site-packages/airflow/example_dags/example_sensor_decorator.py took 0.073 seconds
[2024-11-12T17:19:55.524+0100] {processor.py:186} INFO - Started process (PID=9620) to work on /home/sakana/anaconda3/envs/airflow_env/lib/python3.8/site-packages/airflow/example_dags/example_sensor_decorator.py
[2024-11-12T17:19:55.525+0100] {processor.py:914} INFO - Processing file /home/sakana/anaconda3/envs/airflow_env/lib/python3.8/site-packages/airflow/example_dags/example_sensor_decorator.py for tasks to queue
[2024-11-12T17:19:55.527+0100] {logging_mixin.py:190} INFO - [2024-11-12T17:19:55.527+0100] {dagbag.py:588} INFO - Filling up the DagBag from /home/sakana/anaconda3/envs/airflow_env/lib/python3.8/site-packages/airflow/example_dags/example_sensor_decorator.py
[2024-11-12T17:19:55.538+0100] {processor.py:925} INFO - DAG(s) 'example_sensor_decorator' retrieved from /home/sakana/anaconda3/envs/airflow_env/lib/python3.8/site-packages/airflow/example_dags/example_sensor_decorator.py
[2024-11-12T17:19:55.555+0100] {logging_mixin.py:190} INFO - [2024-11-12T17:19:55.555+0100] {dag.py:3239} INFO - Sync 1 DAGs
[2024-11-12T17:19:55.567+0100] {logging_mixin.py:190} INFO - [2024-11-12T17:19:55.567+0100] {dag.py:4180} INFO - Setting next_dagrun for example_sensor_decorator to None, run_after=None
[2024-11-12T17:19:55.599+0100] {processor.py:208} INFO - Processing /home/sakana/anaconda3/envs/airflow_env/lib/python3.8/site-packages/airflow/example_dags/example_sensor_decorator.py took 0.083 seconds
[2024-11-12T17:21:02.146+0100] {processor.py:186} INFO - Started process (PID=9719) to work on /home/sakana/anaconda3/envs/airflow_env/lib/python3.8/site-packages/airflow/example_dags/example_sensor_decorator.py
[2024-11-12T17:21:02.153+0100] {processor.py:914} INFO - Processing file /home/sakana/anaconda3/envs/airflow_env/lib/python3.8/site-packages/airflow/example_dags/example_sensor_decorator.py for tasks to queue
[2024-11-12T17:21:02.156+0100] {logging_mixin.py:190} INFO - [2024-11-12T17:21:02.155+0100] {dagbag.py:588} INFO - Filling up the DagBag from /home/sakana/anaconda3/envs/airflow_env/lib/python3.8/site-packages/airflow/example_dags/example_sensor_decorator.py
[2024-11-12T17:21:02.171+0100] {processor.py:925} INFO - DAG(s) 'example_sensor_decorator' retrieved from /home/sakana/anaconda3/envs/airflow_env/lib/python3.8/site-packages/airflow/example_dags/example_sensor_decorator.py
[2024-11-12T17:21:02.201+0100] {logging_mixin.py:190} INFO - [2024-11-12T17:21:02.200+0100] {dag.py:3239} INFO - Sync 1 DAGs
[2024-11-12T17:21:02.229+0100] {logging_mixin.py:190} INFO - [2024-11-12T17:21:02.228+0100] {dag.py:4180} INFO - Setting next_dagrun for example_sensor_decorator to None, run_after=None
[2024-11-12T17:21:02.259+0100] {processor.py:208} INFO - Processing /home/sakana/anaconda3/envs/airflow_env/lib/python3.8/site-packages/airflow/example_dags/example_sensor_decorator.py took 0.125 seconds
[2024-11-12T17:22:10.485+0100] {processor.py:186} INFO - Started process (PID=9827) to work on /home/sakana/anaconda3/envs/airflow_env/lib/python3.8/site-packages/airflow/example_dags/example_sensor_decorator.py
[2024-11-12T17:22:10.491+0100] {processor.py:914} INFO - Processing file /home/sakana/anaconda3/envs/airflow_env/lib/python3.8/site-packages/airflow/example_dags/example_sensor_decorator.py for tasks to queue
[2024-11-12T17:22:10.496+0100] {logging_mixin.py:190} INFO - [2024-11-12T17:22:10.495+0100] {dagbag.py:588} INFO - Filling up the DagBag from /home/sakana/anaconda3/envs/airflow_env/lib/python3.8/site-packages/airflow/example_dags/example_sensor_decorator.py
[2024-11-12T17:22:10.514+0100] {processor.py:925} INFO - DAG(s) 'example_sensor_decorator' retrieved from /home/sakana/anaconda3/envs/airflow_env/lib/python3.8/site-packages/airflow/example_dags/example_sensor_decorator.py
[2024-11-12T17:22:10.544+0100] {logging_mixin.py:190} INFO - [2024-11-12T17:22:10.543+0100] {dag.py:3239} INFO - Sync 1 DAGs
[2024-11-12T17:22:10.565+0100] {logging_mixin.py:190} INFO - [2024-11-12T17:22:10.565+0100] {dag.py:4180} INFO - Setting next_dagrun for example_sensor_decorator to None, run_after=None
[2024-11-12T17:22:10.612+0100] {processor.py:208} INFO - Processing /home/sakana/anaconda3/envs/airflow_env/lib/python3.8/site-packages/airflow/example_dags/example_sensor_decorator.py took 0.142 seconds
[2024-11-12T17:23:24.904+0100] {processor.py:186} INFO - Started process (PID=9985) to work on /home/sakana/anaconda3/envs/airflow_env/lib/python3.8/site-packages/airflow/example_dags/example_sensor_decorator.py
[2024-11-12T17:23:24.905+0100] {processor.py:914} INFO - Processing file /home/sakana/anaconda3/envs/airflow_env/lib/python3.8/site-packages/airflow/example_dags/example_sensor_decorator.py for tasks to queue
[2024-11-12T17:23:24.908+0100] {logging_mixin.py:190} INFO - [2024-11-12T17:23:24.907+0100] {dagbag.py:588} INFO - Filling up the DagBag from /home/sakana/anaconda3/envs/airflow_env/lib/python3.8/site-packages/airflow/example_dags/example_sensor_decorator.py
[2024-11-12T17:23:24.922+0100] {processor.py:925} INFO - DAG(s) 'example_sensor_decorator' retrieved from /home/sakana/anaconda3/envs/airflow_env/lib/python3.8/site-packages/airflow/example_dags/example_sensor_decorator.py
[2024-11-12T17:23:24.944+0100] {logging_mixin.py:190} INFO - [2024-11-12T17:23:24.944+0100] {dag.py:3239} INFO - Sync 1 DAGs
[2024-11-12T17:23:24.963+0100] {logging_mixin.py:190} INFO - [2024-11-12T17:23:24.963+0100] {dag.py:4180} INFO - Setting next_dagrun for example_sensor_decorator to None, run_after=None
[2024-11-12T17:23:25.014+0100] {processor.py:208} INFO - Processing /home/sakana/anaconda3/envs/airflow_env/lib/python3.8/site-packages/airflow/example_dags/example_sensor_decorator.py took 0.118 seconds
[2024-11-12T17:24:36.890+0100] {processor.py:186} INFO - Started process (PID=10136) to work on /home/sakana/anaconda3/envs/airflow_env/lib/python3.8/site-packages/airflow/example_dags/example_sensor_decorator.py
[2024-11-12T17:24:36.896+0100] {processor.py:914} INFO - Processing file /home/sakana/anaconda3/envs/airflow_env/lib/python3.8/site-packages/airflow/example_dags/example_sensor_decorator.py for tasks to queue
[2024-11-12T17:24:36.904+0100] {logging_mixin.py:190} INFO - [2024-11-12T17:24:36.902+0100] {dagbag.py:588} INFO - Filling up the DagBag from /home/sakana/anaconda3/envs/airflow_env/lib/python3.8/site-packages/airflow/example_dags/example_sensor_decorator.py
[2024-11-12T17:24:36.918+0100] {processor.py:925} INFO - DAG(s) 'example_sensor_decorator' retrieved from /home/sakana/anaconda3/envs/airflow_env/lib/python3.8/site-packages/airflow/example_dags/example_sensor_decorator.py
[2024-11-12T17:24:36.944+0100] {logging_mixin.py:190} INFO - [2024-11-12T17:24:36.944+0100] {dag.py:3239} INFO - Sync 1 DAGs
[2024-11-12T17:24:36.966+0100] {logging_mixin.py:190} INFO - [2024-11-12T17:24:36.965+0100] {dag.py:4180} INFO - Setting next_dagrun for example_sensor_decorator to None, run_after=None
[2024-11-12T17:24:37.008+0100] {processor.py:208} INFO - Processing /home/sakana/anaconda3/envs/airflow_env/lib/python3.8/site-packages/airflow/example_dags/example_sensor_decorator.py took 0.129 seconds
[2024-11-12T17:25:51.099+0100] {processor.py:186} INFO - Started process (PID=10253) to work on /home/sakana/anaconda3/envs/airflow_env/lib/python3.8/site-packages/airflow/example_dags/example_sensor_decorator.py
[2024-11-12T17:25:51.104+0100] {processor.py:914} INFO - Processing file /home/sakana/anaconda3/envs/airflow_env/lib/python3.8/site-packages/airflow/example_dags/example_sensor_decorator.py for tasks to queue
[2024-11-12T17:25:51.107+0100] {logging_mixin.py:190} INFO - [2024-11-12T17:25:51.107+0100] {dagbag.py:588} INFO - Filling up the DagBag from /home/sakana/anaconda3/envs/airflow_env/lib/python3.8/site-packages/airflow/example_dags/example_sensor_decorator.py
[2024-11-12T17:25:51.120+0100] {processor.py:925} INFO - DAG(s) 'example_sensor_decorator' retrieved from /home/sakana/anaconda3/envs/airflow_env/lib/python3.8/site-packages/airflow/example_dags/example_sensor_decorator.py
[2024-11-12T17:25:51.151+0100] {logging_mixin.py:190} INFO - [2024-11-12T17:25:51.151+0100] {dag.py:3239} INFO - Sync 1 DAGs
[2024-11-12T17:25:51.170+0100] {logging_mixin.py:190} INFO - [2024-11-12T17:25:51.169+0100] {dag.py:4180} INFO - Setting next_dagrun for example_sensor_decorator to None, run_after=None
[2024-11-12T17:25:51.243+0100] {processor.py:208} INFO - Processing /home/sakana/anaconda3/envs/airflow_env/lib/python3.8/site-packages/airflow/example_dags/example_sensor_decorator.py took 0.155 seconds
[2024-11-12T17:27:02.824+0100] {processor.py:186} INFO - Started process (PID=10358) to work on /home/sakana/anaconda3/envs/airflow_env/lib/python3.8/site-packages/airflow/example_dags/example_sensor_decorator.py
[2024-11-12T17:27:02.830+0100] {processor.py:914} INFO - Processing file /home/sakana/anaconda3/envs/airflow_env/lib/python3.8/site-packages/airflow/example_dags/example_sensor_decorator.py for tasks to queue
[2024-11-12T17:27:02.833+0100] {logging_mixin.py:190} INFO - [2024-11-12T17:27:02.833+0100] {dagbag.py:588} INFO - Filling up the DagBag from /home/sakana/anaconda3/envs/airflow_env/lib/python3.8/site-packages/airflow/example_dags/example_sensor_decorator.py
[2024-11-12T17:27:02.849+0100] {processor.py:925} INFO - DAG(s) 'example_sensor_decorator' retrieved from /home/sakana/anaconda3/envs/airflow_env/lib/python3.8/site-packages/airflow/example_dags/example_sensor_decorator.py
[2024-11-12T17:27:02.872+0100] {logging_mixin.py:190} INFO - [2024-11-12T17:27:02.872+0100] {dag.py:3239} INFO - Sync 1 DAGs
[2024-11-12T17:27:02.890+0100] {logging_mixin.py:190} INFO - [2024-11-12T17:27:02.890+0100] {dag.py:4180} INFO - Setting next_dagrun for example_sensor_decorator to None, run_after=None
[2024-11-12T17:27:02.924+0100] {processor.py:208} INFO - Processing /home/sakana/anaconda3/envs/airflow_env/lib/python3.8/site-packages/airflow/example_dags/example_sensor_decorator.py took 0.112 seconds
[2024-11-12T17:28:14.608+0100] {processor.py:186} INFO - Started process (PID=10461) to work on /home/sakana/anaconda3/envs/airflow_env/lib/python3.8/site-packages/airflow/example_dags/example_sensor_decorator.py
[2024-11-12T17:28:14.615+0100] {processor.py:914} INFO - Processing file /home/sakana/anaconda3/envs/airflow_env/lib/python3.8/site-packages/airflow/example_dags/example_sensor_decorator.py for tasks to queue
[2024-11-12T17:28:14.621+0100] {logging_mixin.py:190} INFO - [2024-11-12T17:28:14.620+0100] {dagbag.py:588} INFO - Filling up the DagBag from /home/sakana/anaconda3/envs/airflow_env/lib/python3.8/site-packages/airflow/example_dags/example_sensor_decorator.py
[2024-11-12T17:28:14.643+0100] {processor.py:925} INFO - DAG(s) 'example_sensor_decorator' retrieved from /home/sakana/anaconda3/envs/airflow_env/lib/python3.8/site-packages/airflow/example_dags/example_sensor_decorator.py
[2024-11-12T17:28:14.679+0100] {logging_mixin.py:190} INFO - [2024-11-12T17:28:14.679+0100] {dag.py:3239} INFO - Sync 1 DAGs
[2024-11-12T17:28:14.702+0100] {logging_mixin.py:190} INFO - [2024-11-12T17:28:14.702+0100] {dag.py:4180} INFO - Setting next_dagrun for example_sensor_decorator to None, run_after=None
[2024-11-12T17:28:14.736+0100] {processor.py:208} INFO - Processing /home/sakana/anaconda3/envs/airflow_env/lib/python3.8/site-packages/airflow/example_dags/example_sensor_decorator.py took 0.145 seconds
[2024-11-12T17:29:28.781+0100] {processor.py:186} INFO - Started process (PID=10582) to work on /home/sakana/anaconda3/envs/airflow_env/lib/python3.8/site-packages/airflow/example_dags/example_sensor_decorator.py
[2024-11-12T17:29:28.792+0100] {processor.py:914} INFO - Processing file /home/sakana/anaconda3/envs/airflow_env/lib/python3.8/site-packages/airflow/example_dags/example_sensor_decorator.py for tasks to queue
[2024-11-12T17:29:28.795+0100] {logging_mixin.py:190} INFO - [2024-11-12T17:29:28.794+0100] {dagbag.py:588} INFO - Filling up the DagBag from /home/sakana/anaconda3/envs/airflow_env/lib/python3.8/site-packages/airflow/example_dags/example_sensor_decorator.py
[2024-11-12T17:29:28.813+0100] {processor.py:925} INFO - DAG(s) 'example_sensor_decorator' retrieved from /home/sakana/anaconda3/envs/airflow_env/lib/python3.8/site-packages/airflow/example_dags/example_sensor_decorator.py
[2024-11-12T17:29:28.845+0100] {logging_mixin.py:190} INFO - [2024-11-12T17:29:28.844+0100] {dag.py:3239} INFO - Sync 1 DAGs
[2024-11-12T17:29:28.872+0100] {logging_mixin.py:190} INFO - [2024-11-12T17:29:28.872+0100] {dag.py:4180} INFO - Setting next_dagrun for example_sensor_decorator to None, run_after=None
[2024-11-12T17:29:28.968+0100] {processor.py:208} INFO - Processing /home/sakana/anaconda3/envs/airflow_env/lib/python3.8/site-packages/airflow/example_dags/example_sensor_decorator.py took 0.202 seconds
[2024-11-12T17:30:39.838+0100] {processor.py:186} INFO - Started process (PID=10660) to work on /home/sakana/anaconda3/envs/airflow_env/lib/python3.8/site-packages/airflow/example_dags/example_sensor_decorator.py
[2024-11-12T17:30:39.844+0100] {processor.py:914} INFO - Processing file /home/sakana/anaconda3/envs/airflow_env/lib/python3.8/site-packages/airflow/example_dags/example_sensor_decorator.py for tasks to queue
[2024-11-12T17:30:39.848+0100] {logging_mixin.py:190} INFO - [2024-11-12T17:30:39.847+0100] {dagbag.py:588} INFO - Filling up the DagBag from /home/sakana/anaconda3/envs/airflow_env/lib/python3.8/site-packages/airflow/example_dags/example_sensor_decorator.py
[2024-11-12T17:30:39.866+0100] {processor.py:925} INFO - DAG(s) 'example_sensor_decorator' retrieved from /home/sakana/anaconda3/envs/airflow_env/lib/python3.8/site-packages/airflow/example_dags/example_sensor_decorator.py
[2024-11-12T17:30:39.898+0100] {logging_mixin.py:190} INFO - [2024-11-12T17:30:39.898+0100] {dag.py:3239} INFO - Sync 1 DAGs
[2024-11-12T17:30:39.918+0100] {logging_mixin.py:190} INFO - [2024-11-12T17:30:39.917+0100] {dag.py:4180} INFO - Setting next_dagrun for example_sensor_decorator to None, run_after=None
[2024-11-12T17:30:39.948+0100] {processor.py:208} INFO - Processing /home/sakana/anaconda3/envs/airflow_env/lib/python3.8/site-packages/airflow/example_dags/example_sensor_decorator.py took 0.123 seconds
[2024-11-12T17:31:51.724+0100] {processor.py:186} INFO - Started process (PID=10751) to work on /home/sakana/anaconda3/envs/airflow_env/lib/python3.8/site-packages/airflow/example_dags/example_sensor_decorator.py
[2024-11-12T17:31:51.729+0100] {processor.py:914} INFO - Processing file /home/sakana/anaconda3/envs/airflow_env/lib/python3.8/site-packages/airflow/example_dags/example_sensor_decorator.py for tasks to queue
[2024-11-12T17:31:51.733+0100] {logging_mixin.py:190} INFO - [2024-11-12T17:31:51.732+0100] {dagbag.py:588} INFO - Filling up the DagBag from /home/sakana/anaconda3/envs/airflow_env/lib/python3.8/site-packages/airflow/example_dags/example_sensor_decorator.py
[2024-11-12T17:31:51.751+0100] {processor.py:925} INFO - DAG(s) 'example_sensor_decorator' retrieved from /home/sakana/anaconda3/envs/airflow_env/lib/python3.8/site-packages/airflow/example_dags/example_sensor_decorator.py
[2024-11-12T17:31:51.777+0100] {logging_mixin.py:190} INFO - [2024-11-12T17:31:51.777+0100] {dag.py:3239} INFO - Sync 1 DAGs
[2024-11-12T17:31:51.797+0100] {logging_mixin.py:190} INFO - [2024-11-12T17:31:51.797+0100] {dag.py:4180} INFO - Setting next_dagrun for example_sensor_decorator to None, run_after=None
[2024-11-12T17:31:51.832+0100] {processor.py:208} INFO - Processing /home/sakana/anaconda3/envs/airflow_env/lib/python3.8/site-packages/airflow/example_dags/example_sensor_decorator.py took 0.119 seconds
[2024-11-12T17:33:00.511+0100] {processor.py:186} INFO - Started process (PID=10885) to work on /home/sakana/anaconda3/envs/airflow_env/lib/python3.8/site-packages/airflow/example_dags/example_sensor_decorator.py
[2024-11-12T17:33:00.517+0100] {processor.py:914} INFO - Processing file /home/sakana/anaconda3/envs/airflow_env/lib/python3.8/site-packages/airflow/example_dags/example_sensor_decorator.py for tasks to queue
[2024-11-12T17:33:00.519+0100] {logging_mixin.py:190} INFO - [2024-11-12T17:33:00.519+0100] {dagbag.py:588} INFO - Filling up the DagBag from /home/sakana/anaconda3/envs/airflow_env/lib/python3.8/site-packages/airflow/example_dags/example_sensor_decorator.py
[2024-11-12T17:33:00.529+0100] {processor.py:925} INFO - DAG(s) 'example_sensor_decorator' retrieved from /home/sakana/anaconda3/envs/airflow_env/lib/python3.8/site-packages/airflow/example_dags/example_sensor_decorator.py
[2024-11-12T17:33:00.546+0100] {logging_mixin.py:190} INFO - [2024-11-12T17:33:00.546+0100] {dag.py:3239} INFO - Sync 1 DAGs
[2024-11-12T17:33:00.560+0100] {logging_mixin.py:190} INFO - [2024-11-12T17:33:00.559+0100] {dag.py:4180} INFO - Setting next_dagrun for example_sensor_decorator to None, run_after=None
[2024-11-12T17:33:00.594+0100] {processor.py:208} INFO - Processing /home/sakana/anaconda3/envs/airflow_env/lib/python3.8/site-packages/airflow/example_dags/example_sensor_decorator.py took 0.091 seconds
[2024-11-12T17:34:05.566+0100] {processor.py:186} INFO - Started process (PID=11096) to work on /home/sakana/anaconda3/envs/airflow_env/lib/python3.8/site-packages/airflow/example_dags/example_sensor_decorator.py
[2024-11-12T17:34:05.571+0100] {processor.py:914} INFO - Processing file /home/sakana/anaconda3/envs/airflow_env/lib/python3.8/site-packages/airflow/example_dags/example_sensor_decorator.py for tasks to queue
[2024-11-12T17:34:05.575+0100] {logging_mixin.py:190} INFO - [2024-11-12T17:34:05.575+0100] {dagbag.py:588} INFO - Filling up the DagBag from /home/sakana/anaconda3/envs/airflow_env/lib/python3.8/site-packages/airflow/example_dags/example_sensor_decorator.py
[2024-11-12T17:34:05.587+0100] {processor.py:925} INFO - DAG(s) 'example_sensor_decorator' retrieved from /home/sakana/anaconda3/envs/airflow_env/lib/python3.8/site-packages/airflow/example_dags/example_sensor_decorator.py
[2024-11-12T17:34:05.604+0100] {logging_mixin.py:190} INFO - [2024-11-12T17:34:05.604+0100] {dag.py:3239} INFO - Sync 1 DAGs
[2024-11-12T17:34:05.616+0100] {logging_mixin.py:190} INFO - [2024-11-12T17:34:05.615+0100] {dag.py:4180} INFO - Setting next_dagrun for example_sensor_decorator to None, run_after=None
[2024-11-12T17:34:05.643+0100] {processor.py:208} INFO - Processing /home/sakana/anaconda3/envs/airflow_env/lib/python3.8/site-packages/airflow/example_dags/example_sensor_decorator.py took 0.085 seconds
[2024-11-12T17:35:07.397+0100] {processor.py:186} INFO - Started process (PID=11171) to work on /home/sakana/anaconda3/envs/airflow_env/lib/python3.8/site-packages/airflow/example_dags/example_sensor_decorator.py
[2024-11-12T17:35:07.399+0100] {processor.py:914} INFO - Processing file /home/sakana/anaconda3/envs/airflow_env/lib/python3.8/site-packages/airflow/example_dags/example_sensor_decorator.py for tasks to queue
[2024-11-12T17:35:07.402+0100] {logging_mixin.py:190} INFO - [2024-11-12T17:35:07.402+0100] {dagbag.py:588} INFO - Filling up the DagBag from /home/sakana/anaconda3/envs/airflow_env/lib/python3.8/site-packages/airflow/example_dags/example_sensor_decorator.py
[2024-11-12T17:35:07.414+0100] {processor.py:925} INFO - DAG(s) 'example_sensor_decorator' retrieved from /home/sakana/anaconda3/envs/airflow_env/lib/python3.8/site-packages/airflow/example_dags/example_sensor_decorator.py
[2024-11-12T17:35:07.430+0100] {logging_mixin.py:190} INFO - [2024-11-12T17:35:07.430+0100] {dag.py:3239} INFO - Sync 1 DAGs
[2024-11-12T17:35:07.442+0100] {logging_mixin.py:190} INFO - [2024-11-12T17:35:07.442+0100] {dag.py:4180} INFO - Setting next_dagrun for example_sensor_decorator to None, run_after=None
[2024-11-12T17:35:07.473+0100] {processor.py:208} INFO - Processing /home/sakana/anaconda3/envs/airflow_env/lib/python3.8/site-packages/airflow/example_dags/example_sensor_decorator.py took 0.087 seconds
[2024-11-12T17:36:05.944+0100] {processor.py:186} INFO - Started process (PID=11251) to work on /home/sakana/anaconda3/envs/airflow_env/lib/python3.8/site-packages/airflow/example_dags/example_sensor_decorator.py
[2024-11-12T17:36:05.950+0100] {processor.py:914} INFO - Processing file /home/sakana/anaconda3/envs/airflow_env/lib/python3.8/site-packages/airflow/example_dags/example_sensor_decorator.py for tasks to queue
[2024-11-12T17:36:05.954+0100] {logging_mixin.py:190} INFO - [2024-11-12T17:36:05.953+0100] {dagbag.py:588} INFO - Filling up the DagBag from /home/sakana/anaconda3/envs/airflow_env/lib/python3.8/site-packages/airflow/example_dags/example_sensor_decorator.py
[2024-11-12T17:36:05.966+0100] {processor.py:925} INFO - DAG(s) 'example_sensor_decorator' retrieved from /home/sakana/anaconda3/envs/airflow_env/lib/python3.8/site-packages/airflow/example_dags/example_sensor_decorator.py
[2024-11-12T17:36:05.981+0100] {logging_mixin.py:190} INFO - [2024-11-12T17:36:05.980+0100] {dag.py:3239} INFO - Sync 1 DAGs
[2024-11-12T17:36:05.992+0100] {logging_mixin.py:190} INFO - [2024-11-12T17:36:05.992+0100] {dag.py:4180} INFO - Setting next_dagrun for example_sensor_decorator to None, run_after=None
[2024-11-12T17:36:06.017+0100] {processor.py:208} INFO - Processing /home/sakana/anaconda3/envs/airflow_env/lib/python3.8/site-packages/airflow/example_dags/example_sensor_decorator.py took 0.083 seconds
[2024-11-12T17:37:04.844+0100] {processor.py:186} INFO - Started process (PID=11320) to work on /home/sakana/anaconda3/envs/airflow_env/lib/python3.8/site-packages/airflow/example_dags/example_sensor_decorator.py
[2024-11-12T17:37:04.849+0100] {processor.py:914} INFO - Processing file /home/sakana/anaconda3/envs/airflow_env/lib/python3.8/site-packages/airflow/example_dags/example_sensor_decorator.py for tasks to queue
[2024-11-12T17:37:04.853+0100] {logging_mixin.py:190} INFO - [2024-11-12T17:37:04.852+0100] {dagbag.py:588} INFO - Filling up the DagBag from /home/sakana/anaconda3/envs/airflow_env/lib/python3.8/site-packages/airflow/example_dags/example_sensor_decorator.py
[2024-11-12T17:37:04.862+0100] {processor.py:925} INFO - DAG(s) 'example_sensor_decorator' retrieved from /home/sakana/anaconda3/envs/airflow_env/lib/python3.8/site-packages/airflow/example_dags/example_sensor_decorator.py
[2024-11-12T17:37:04.876+0100] {logging_mixin.py:190} INFO - [2024-11-12T17:37:04.876+0100] {dag.py:3239} INFO - Sync 1 DAGs
[2024-11-12T17:37:04.888+0100] {logging_mixin.py:190} INFO - [2024-11-12T17:37:04.888+0100] {dag.py:4180} INFO - Setting next_dagrun for example_sensor_decorator to None, run_after=None
[2024-11-12T17:37:04.934+0100] {processor.py:208} INFO - Processing /home/sakana/anaconda3/envs/airflow_env/lib/python3.8/site-packages/airflow/example_dags/example_sensor_decorator.py took 0.106 seconds
