[2024-11-12T01:01:35.667+0100] {processor.py:186} INFO - Started process (PID=31385) to work on /home/sakana/anaconda3/envs/airflow_env/lib/python3.8/site-packages/airflow/example_dags/example_params_ui_tutorial.py
[2024-11-12T01:01:35.669+0100] {processor.py:914} INFO - Processing file /home/sakana/anaconda3/envs/airflow_env/lib/python3.8/site-packages/airflow/example_dags/example_params_ui_tutorial.py for tasks to queue
[2024-11-12T01:01:35.672+0100] {logging_mixin.py:190} INFO - [2024-11-12T01:01:35.672+0100] {dagbag.py:588} INFO - Filling up the DagBag from /home/sakana/anaconda3/envs/airflow_env/lib/python3.8/site-packages/airflow/example_dags/example_params_ui_tutorial.py
[2024-11-12T01:01:35.690+0100] {processor.py:925} INFO - DAG(s) 'example_params_ui_tutorial' retrieved from /home/sakana/anaconda3/envs/airflow_env/lib/python3.8/site-packages/airflow/example_dags/example_params_ui_tutorial.py
[2024-11-12T01:01:35.985+0100] {logging_mixin.py:190} INFO - [2024-11-12T01:01:35.985+0100] {dag.py:3239} INFO - Sync 1 DAGs
[2024-11-12T01:01:36.007+0100] {logging_mixin.py:190} INFO - [2024-11-12T01:01:36.006+0100] {dag.py:4180} INFO - Setting next_dagrun for example_params_ui_tutorial to None, run_after=None
[2024-11-12T01:01:36.055+0100] {processor.py:208} INFO - Processing /home/sakana/anaconda3/envs/airflow_env/lib/python3.8/site-packages/airflow/example_dags/example_params_ui_tutorial.py took 0.404 seconds
[2024-11-12T01:02:40.664+0100] {processor.py:186} INFO - Started process (PID=31916) to work on /home/sakana/anaconda3/envs/airflow_env/lib/python3.8/site-packages/airflow/example_dags/example_params_ui_tutorial.py
[2024-11-12T01:02:40.665+0100] {processor.py:914} INFO - Processing file /home/sakana/anaconda3/envs/airflow_env/lib/python3.8/site-packages/airflow/example_dags/example_params_ui_tutorial.py for tasks to queue
[2024-11-12T01:02:40.669+0100] {logging_mixin.py:190} INFO - [2024-11-12T01:02:40.668+0100] {dagbag.py:588} INFO - Filling up the DagBag from /home/sakana/anaconda3/envs/airflow_env/lib/python3.8/site-packages/airflow/example_dags/example_params_ui_tutorial.py
[2024-11-12T01:02:40.693+0100] {processor.py:925} INFO - DAG(s) 'example_params_ui_tutorial' retrieved from /home/sakana/anaconda3/envs/airflow_env/lib/python3.8/site-packages/airflow/example_dags/example_params_ui_tutorial.py
[2024-11-12T01:02:40.820+0100] {logging_mixin.py:190} INFO - [2024-11-12T01:02:40.819+0100] {dag.py:3239} INFO - Sync 1 DAGs
[2024-11-12T01:02:40.850+0100] {logging_mixin.py:190} INFO - [2024-11-12T01:02:40.849+0100] {dag.py:4180} INFO - Setting next_dagrun for example_params_ui_tutorial to None, run_after=None
[2024-11-12T01:02:40.890+0100] {processor.py:208} INFO - Processing /home/sakana/anaconda3/envs/airflow_env/lib/python3.8/site-packages/airflow/example_dags/example_params_ui_tutorial.py took 0.239 seconds
[2024-11-12T01:03:42.103+0100] {processor.py:186} INFO - Started process (PID=32317) to work on /home/sakana/anaconda3/envs/airflow_env/lib/python3.8/site-packages/airflow/example_dags/example_params_ui_tutorial.py
[2024-11-12T01:03:42.105+0100] {processor.py:914} INFO - Processing file /home/sakana/anaconda3/envs/airflow_env/lib/python3.8/site-packages/airflow/example_dags/example_params_ui_tutorial.py for tasks to queue
[2024-11-12T01:03:42.107+0100] {logging_mixin.py:190} INFO - [2024-11-12T01:03:42.107+0100] {dagbag.py:588} INFO - Filling up the DagBag from /home/sakana/anaconda3/envs/airflow_env/lib/python3.8/site-packages/airflow/example_dags/example_params_ui_tutorial.py
[2024-11-12T01:03:42.120+0100] {processor.py:925} INFO - DAG(s) 'example_params_ui_tutorial' retrieved from /home/sakana/anaconda3/envs/airflow_env/lib/python3.8/site-packages/airflow/example_dags/example_params_ui_tutorial.py
[2024-11-12T01:03:42.171+0100] {logging_mixin.py:190} INFO - [2024-11-12T01:03:42.171+0100] {dag.py:3239} INFO - Sync 1 DAGs
[2024-11-12T01:03:42.183+0100] {logging_mixin.py:190} INFO - [2024-11-12T01:03:42.183+0100] {dag.py:4180} INFO - Setting next_dagrun for example_params_ui_tutorial to None, run_after=None
[2024-11-12T01:03:42.211+0100] {processor.py:208} INFO - Processing /home/sakana/anaconda3/envs/airflow_env/lib/python3.8/site-packages/airflow/example_dags/example_params_ui_tutorial.py took 0.116 seconds
[2024-11-12T01:10:20.601+0100] {processor.py:186} INFO - Started process (PID=4158) to work on /home/sakana/anaconda3/envs/airflow_env/lib/python3.8/site-packages/airflow/example_dags/example_params_ui_tutorial.py
[2024-11-12T01:10:20.607+0100] {processor.py:914} INFO - Processing file /home/sakana/anaconda3/envs/airflow_env/lib/python3.8/site-packages/airflow/example_dags/example_params_ui_tutorial.py for tasks to queue
[2024-11-12T01:10:20.610+0100] {logging_mixin.py:190} INFO - [2024-11-12T01:10:20.610+0100] {dagbag.py:588} INFO - Filling up the DagBag from /home/sakana/anaconda3/envs/airflow_env/lib/python3.8/site-packages/airflow/example_dags/example_params_ui_tutorial.py
[2024-11-12T01:10:20.627+0100] {processor.py:925} INFO - DAG(s) 'example_params_ui_tutorial' retrieved from /home/sakana/anaconda3/envs/airflow_env/lib/python3.8/site-packages/airflow/example_dags/example_params_ui_tutorial.py
[2024-11-12T01:10:20.677+0100] {logging_mixin.py:190} INFO - [2024-11-12T01:10:20.676+0100] {dag.py:3239} INFO - Sync 1 DAGs
[2024-11-12T01:10:20.687+0100] {logging_mixin.py:190} INFO - [2024-11-12T01:10:20.687+0100] {dag.py:4180} INFO - Setting next_dagrun for example_params_ui_tutorial to None, run_after=None
[2024-11-12T01:10:20.711+0100] {processor.py:208} INFO - Processing /home/sakana/anaconda3/envs/airflow_env/lib/python3.8/site-packages/airflow/example_dags/example_params_ui_tutorial.py took 0.123 seconds
[2024-11-12T01:11:21.744+0100] {processor.py:186} INFO - Started process (PID=4219) to work on /home/sakana/anaconda3/envs/airflow_env/lib/python3.8/site-packages/airflow/example_dags/example_params_ui_tutorial.py
[2024-11-12T01:11:21.749+0100] {processor.py:914} INFO - Processing file /home/sakana/anaconda3/envs/airflow_env/lib/python3.8/site-packages/airflow/example_dags/example_params_ui_tutorial.py for tasks to queue
[2024-11-12T01:11:21.751+0100] {logging_mixin.py:190} INFO - [2024-11-12T01:11:21.750+0100] {dagbag.py:588} INFO - Filling up the DagBag from /home/sakana/anaconda3/envs/airflow_env/lib/python3.8/site-packages/airflow/example_dags/example_params_ui_tutorial.py
[2024-11-12T01:11:21.761+0100] {processor.py:925} INFO - DAG(s) 'example_params_ui_tutorial' retrieved from /home/sakana/anaconda3/envs/airflow_env/lib/python3.8/site-packages/airflow/example_dags/example_params_ui_tutorial.py
[2024-11-12T01:11:21.808+0100] {logging_mixin.py:190} INFO - [2024-11-12T01:11:21.808+0100] {dag.py:3239} INFO - Sync 1 DAGs
[2024-11-12T01:11:21.818+0100] {logging_mixin.py:190} INFO - [2024-11-12T01:11:21.818+0100] {dag.py:4180} INFO - Setting next_dagrun for example_params_ui_tutorial to None, run_after=None
[2024-11-12T01:11:21.847+0100] {processor.py:208} INFO - Processing /home/sakana/anaconda3/envs/airflow_env/lib/python3.8/site-packages/airflow/example_dags/example_params_ui_tutorial.py took 0.110 seconds
[2024-11-12T01:12:21.047+0100] {processor.py:186} INFO - Started process (PID=4351) to work on /home/sakana/anaconda3/envs/airflow_env/lib/python3.8/site-packages/airflow/example_dags/example_params_ui_tutorial.py
[2024-11-12T01:12:21.052+0100] {processor.py:914} INFO - Processing file /home/sakana/anaconda3/envs/airflow_env/lib/python3.8/site-packages/airflow/example_dags/example_params_ui_tutorial.py for tasks to queue
[2024-11-12T01:12:21.053+0100] {logging_mixin.py:190} INFO - [2024-11-12T01:12:21.053+0100] {dagbag.py:588} INFO - Filling up the DagBag from /home/sakana/anaconda3/envs/airflow_env/lib/python3.8/site-packages/airflow/example_dags/example_params_ui_tutorial.py
[2024-11-12T01:12:21.063+0100] {processor.py:925} INFO - DAG(s) 'example_params_ui_tutorial' retrieved from /home/sakana/anaconda3/envs/airflow_env/lib/python3.8/site-packages/airflow/example_dags/example_params_ui_tutorial.py
[2024-11-12T01:12:21.114+0100] {logging_mixin.py:190} INFO - [2024-11-12T01:12:21.114+0100] {dag.py:3239} INFO - Sync 1 DAGs
[2024-11-12T01:12:21.125+0100] {logging_mixin.py:190} INFO - [2024-11-12T01:12:21.125+0100] {dag.py:4180} INFO - Setting next_dagrun for example_params_ui_tutorial to None, run_after=None
[2024-11-12T01:12:21.149+0100] {processor.py:208} INFO - Processing /home/sakana/anaconda3/envs/airflow_env/lib/python3.8/site-packages/airflow/example_dags/example_params_ui_tutorial.py took 0.107 seconds
[2024-11-12T16:37:58.864+0100] {processor.py:186} INFO - Started process (PID=6614) to work on /home/sakana/anaconda3/envs/airflow_env/lib/python3.8/site-packages/airflow/example_dags/example_params_ui_tutorial.py
[2024-11-12T16:37:58.869+0100] {processor.py:914} INFO - Processing file /home/sakana/anaconda3/envs/airflow_env/lib/python3.8/site-packages/airflow/example_dags/example_params_ui_tutorial.py for tasks to queue
[2024-11-12T16:37:58.872+0100] {logging_mixin.py:190} INFO - [2024-11-12T16:37:58.871+0100] {dagbag.py:588} INFO - Filling up the DagBag from /home/sakana/anaconda3/envs/airflow_env/lib/python3.8/site-packages/airflow/example_dags/example_params_ui_tutorial.py
[2024-11-12T16:37:58.881+0100] {processor.py:925} INFO - DAG(s) 'example_params_ui_tutorial' retrieved from /home/sakana/anaconda3/envs/airflow_env/lib/python3.8/site-packages/airflow/example_dags/example_params_ui_tutorial.py
[2024-11-12T16:37:58.949+0100] {logging_mixin.py:190} INFO - [2024-11-12T16:37:58.949+0100] {dag.py:3239} INFO - Sync 1 DAGs
[2024-11-12T16:37:58.962+0100] {logging_mixin.py:190} INFO - [2024-11-12T16:37:58.962+0100] {dag.py:4180} INFO - Setting next_dagrun for example_params_ui_tutorial to None, run_after=None
[2024-11-12T16:37:58.987+0100] {processor.py:208} INFO - Processing /home/sakana/anaconda3/envs/airflow_env/lib/python3.8/site-packages/airflow/example_dags/example_params_ui_tutorial.py took 0.129 seconds
[2024-11-12T16:40:03.553+0100] {processor.py:186} INFO - Started process (PID=6970) to work on /home/sakana/anaconda3/envs/airflow_env/lib/python3.8/site-packages/airflow/example_dags/example_params_ui_tutorial.py
[2024-11-12T16:40:03.555+0100] {processor.py:914} INFO - Processing file /home/sakana/anaconda3/envs/airflow_env/lib/python3.8/site-packages/airflow/example_dags/example_params_ui_tutorial.py for tasks to queue
[2024-11-12T16:40:03.558+0100] {logging_mixin.py:190} INFO - [2024-11-12T16:40:03.558+0100] {dagbag.py:588} INFO - Filling up the DagBag from /home/sakana/anaconda3/envs/airflow_env/lib/python3.8/site-packages/airflow/example_dags/example_params_ui_tutorial.py
[2024-11-12T16:40:03.572+0100] {processor.py:925} INFO - DAG(s) 'example_params_ui_tutorial' retrieved from /home/sakana/anaconda3/envs/airflow_env/lib/python3.8/site-packages/airflow/example_dags/example_params_ui_tutorial.py
[2024-11-12T16:40:03.680+0100] {logging_mixin.py:190} INFO - [2024-11-12T16:40:03.680+0100] {dag.py:3239} INFO - Sync 1 DAGs
[2024-11-12T16:40:03.696+0100] {logging_mixin.py:190} INFO - [2024-11-12T16:40:03.695+0100] {dag.py:4180} INFO - Setting next_dagrun for example_params_ui_tutorial to None, run_after=None
[2024-11-12T16:40:03.728+0100] {processor.py:208} INFO - Processing /home/sakana/anaconda3/envs/airflow_env/lib/python3.8/site-packages/airflow/example_dags/example_params_ui_tutorial.py took 0.185 seconds
[2024-11-12T16:41:17.200+0100] {processor.py:186} INFO - Started process (PID=7107) to work on /home/sakana/anaconda3/envs/airflow_env/lib/python3.8/site-packages/airflow/example_dags/example_params_ui_tutorial.py
[2024-11-12T16:41:17.206+0100] {processor.py:914} INFO - Processing file /home/sakana/anaconda3/envs/airflow_env/lib/python3.8/site-packages/airflow/example_dags/example_params_ui_tutorial.py for tasks to queue
[2024-11-12T16:41:17.209+0100] {logging_mixin.py:190} INFO - [2024-11-12T16:41:17.208+0100] {dagbag.py:588} INFO - Filling up the DagBag from /home/sakana/anaconda3/envs/airflow_env/lib/python3.8/site-packages/airflow/example_dags/example_params_ui_tutorial.py
[2024-11-12T16:41:17.222+0100] {processor.py:925} INFO - DAG(s) 'example_params_ui_tutorial' retrieved from /home/sakana/anaconda3/envs/airflow_env/lib/python3.8/site-packages/airflow/example_dags/example_params_ui_tutorial.py
[2024-11-12T16:41:17.274+0100] {logging_mixin.py:190} INFO - [2024-11-12T16:41:17.274+0100] {dag.py:3239} INFO - Sync 1 DAGs
[2024-11-12T16:41:17.286+0100] {logging_mixin.py:190} INFO - [2024-11-12T16:41:17.286+0100] {dag.py:4180} INFO - Setting next_dagrun for example_params_ui_tutorial to None, run_after=None
[2024-11-12T16:41:17.326+0100] {processor.py:208} INFO - Processing /home/sakana/anaconda3/envs/airflow_env/lib/python3.8/site-packages/airflow/example_dags/example_params_ui_tutorial.py took 0.137 seconds
[2024-11-12T16:42:14.301+0100] {processor.py:186} INFO - Started process (PID=7177) to work on /home/sakana/anaconda3/envs/airflow_env/lib/python3.8/site-packages/airflow/example_dags/example_params_ui_tutorial.py
[2024-11-12T16:42:14.307+0100] {processor.py:914} INFO - Processing file /home/sakana/anaconda3/envs/airflow_env/lib/python3.8/site-packages/airflow/example_dags/example_params_ui_tutorial.py for tasks to queue
[2024-11-12T16:42:14.309+0100] {logging_mixin.py:190} INFO - [2024-11-12T16:42:14.308+0100] {dagbag.py:588} INFO - Filling up the DagBag from /home/sakana/anaconda3/envs/airflow_env/lib/python3.8/site-packages/airflow/example_dags/example_params_ui_tutorial.py
[2024-11-12T16:42:14.318+0100] {processor.py:925} INFO - DAG(s) 'example_params_ui_tutorial' retrieved from /home/sakana/anaconda3/envs/airflow_env/lib/python3.8/site-packages/airflow/example_dags/example_params_ui_tutorial.py
[2024-11-12T16:42:14.378+0100] {logging_mixin.py:190} INFO - [2024-11-12T16:42:14.378+0100] {dag.py:3239} INFO - Sync 1 DAGs
[2024-11-12T16:42:14.393+0100] {logging_mixin.py:190} INFO - [2024-11-12T16:42:14.393+0100] {dag.py:4180} INFO - Setting next_dagrun for example_params_ui_tutorial to None, run_after=None
[2024-11-12T16:42:14.419+0100] {processor.py:208} INFO - Processing /home/sakana/anaconda3/envs/airflow_env/lib/python3.8/site-packages/airflow/example_dags/example_params_ui_tutorial.py took 0.123 seconds
[2024-11-12T16:43:11.167+0100] {processor.py:186} INFO - Started process (PID=7339) to work on /home/sakana/anaconda3/envs/airflow_env/lib/python3.8/site-packages/airflow/example_dags/example_params_ui_tutorial.py
[2024-11-12T16:43:11.172+0100] {processor.py:914} INFO - Processing file /home/sakana/anaconda3/envs/airflow_env/lib/python3.8/site-packages/airflow/example_dags/example_params_ui_tutorial.py for tasks to queue
[2024-11-12T16:43:11.175+0100] {logging_mixin.py:190} INFO - [2024-11-12T16:43:11.175+0100] {dagbag.py:588} INFO - Filling up the DagBag from /home/sakana/anaconda3/envs/airflow_env/lib/python3.8/site-packages/airflow/example_dags/example_params_ui_tutorial.py
[2024-11-12T16:43:11.192+0100] {processor.py:925} INFO - DAG(s) 'example_params_ui_tutorial' retrieved from /home/sakana/anaconda3/envs/airflow_env/lib/python3.8/site-packages/airflow/example_dags/example_params_ui_tutorial.py
[2024-11-12T16:43:11.261+0100] {logging_mixin.py:190} INFO - [2024-11-12T16:43:11.261+0100] {dag.py:3239} INFO - Sync 1 DAGs
[2024-11-12T16:43:11.276+0100] {logging_mixin.py:190} INFO - [2024-11-12T16:43:11.276+0100] {dag.py:4180} INFO - Setting next_dagrun for example_params_ui_tutorial to None, run_after=None
[2024-11-12T16:43:11.327+0100] {processor.py:208} INFO - Processing /home/sakana/anaconda3/envs/airflow_env/lib/python3.8/site-packages/airflow/example_dags/example_params_ui_tutorial.py took 0.169 seconds
[2024-11-12T16:44:08.985+0100] {processor.py:186} INFO - Started process (PID=7428) to work on /home/sakana/anaconda3/envs/airflow_env/lib/python3.8/site-packages/airflow/example_dags/example_params_ui_tutorial.py
[2024-11-12T16:44:08.986+0100] {processor.py:914} INFO - Processing file /home/sakana/anaconda3/envs/airflow_env/lib/python3.8/site-packages/airflow/example_dags/example_params_ui_tutorial.py for tasks to queue
[2024-11-12T16:44:08.989+0100] {logging_mixin.py:190} INFO - [2024-11-12T16:44:08.988+0100] {dagbag.py:588} INFO - Filling up the DagBag from /home/sakana/anaconda3/envs/airflow_env/lib/python3.8/site-packages/airflow/example_dags/example_params_ui_tutorial.py
[2024-11-12T16:44:09.001+0100] {processor.py:925} INFO - DAG(s) 'example_params_ui_tutorial' retrieved from /home/sakana/anaconda3/envs/airflow_env/lib/python3.8/site-packages/airflow/example_dags/example_params_ui_tutorial.py
[2024-11-12T16:44:09.050+0100] {logging_mixin.py:190} INFO - [2024-11-12T16:44:09.050+0100] {dag.py:3239} INFO - Sync 1 DAGs
[2024-11-12T16:44:09.061+0100] {logging_mixin.py:190} INFO - [2024-11-12T16:44:09.061+0100] {dag.py:4180} INFO - Setting next_dagrun for example_params_ui_tutorial to None, run_after=None
[2024-11-12T16:44:09.090+0100] {processor.py:208} INFO - Processing /home/sakana/anaconda3/envs/airflow_env/lib/python3.8/site-packages/airflow/example_dags/example_params_ui_tutorial.py took 0.113 seconds
[2024-11-12T16:45:05.888+0100] {processor.py:186} INFO - Started process (PID=7499) to work on /home/sakana/anaconda3/envs/airflow_env/lib/python3.8/site-packages/airflow/example_dags/example_params_ui_tutorial.py
[2024-11-12T16:45:05.893+0100] {processor.py:914} INFO - Processing file /home/sakana/anaconda3/envs/airflow_env/lib/python3.8/site-packages/airflow/example_dags/example_params_ui_tutorial.py for tasks to queue
[2024-11-12T16:45:05.896+0100] {logging_mixin.py:190} INFO - [2024-11-12T16:45:05.895+0100] {dagbag.py:588} INFO - Filling up the DagBag from /home/sakana/anaconda3/envs/airflow_env/lib/python3.8/site-packages/airflow/example_dags/example_params_ui_tutorial.py
[2024-11-12T16:45:05.908+0100] {processor.py:925} INFO - DAG(s) 'example_params_ui_tutorial' retrieved from /home/sakana/anaconda3/envs/airflow_env/lib/python3.8/site-packages/airflow/example_dags/example_params_ui_tutorial.py
[2024-11-12T16:45:05.959+0100] {logging_mixin.py:190} INFO - [2024-11-12T16:45:05.959+0100] {dag.py:3239} INFO - Sync 1 DAGs
[2024-11-12T16:45:05.969+0100] {logging_mixin.py:190} INFO - [2024-11-12T16:45:05.969+0100] {dag.py:4180} INFO - Setting next_dagrun for example_params_ui_tutorial to None, run_after=None
[2024-11-12T16:45:05.993+0100] {processor.py:208} INFO - Processing /home/sakana/anaconda3/envs/airflow_env/lib/python3.8/site-packages/airflow/example_dags/example_params_ui_tutorial.py took 0.111 seconds
[2024-11-12T16:45:59.922+0100] {processor.py:186} INFO - Started process (PID=7566) to work on /home/sakana/anaconda3/envs/airflow_env/lib/python3.8/site-packages/airflow/example_dags/example_params_ui_tutorial.py
[2024-11-12T16:45:59.928+0100] {processor.py:914} INFO - Processing file /home/sakana/anaconda3/envs/airflow_env/lib/python3.8/site-packages/airflow/example_dags/example_params_ui_tutorial.py for tasks to queue
[2024-11-12T16:45:59.929+0100] {logging_mixin.py:190} INFO - [2024-11-12T16:45:59.929+0100] {dagbag.py:588} INFO - Filling up the DagBag from /home/sakana/anaconda3/envs/airflow_env/lib/python3.8/site-packages/airflow/example_dags/example_params_ui_tutorial.py
[2024-11-12T16:45:59.938+0100] {processor.py:925} INFO - DAG(s) 'example_params_ui_tutorial' retrieved from /home/sakana/anaconda3/envs/airflow_env/lib/python3.8/site-packages/airflow/example_dags/example_params_ui_tutorial.py
[2024-11-12T16:45:59.983+0100] {logging_mixin.py:190} INFO - [2024-11-12T16:45:59.983+0100] {dag.py:3239} INFO - Sync 1 DAGs
[2024-11-12T16:45:59.998+0100] {logging_mixin.py:190} INFO - [2024-11-12T16:45:59.997+0100] {dag.py:4180} INFO - Setting next_dagrun for example_params_ui_tutorial to None, run_after=None
[2024-11-12T16:46:00.059+0100] {processor.py:208} INFO - Processing /home/sakana/anaconda3/envs/airflow_env/lib/python3.8/site-packages/airflow/example_dags/example_params_ui_tutorial.py took 0.142 seconds
[2024-11-12T16:47:09.841+0100] {processor.py:186} INFO - Started process (PID=7699) to work on /home/sakana/anaconda3/envs/airflow_env/lib/python3.8/site-packages/airflow/example_dags/example_params_ui_tutorial.py
[2024-11-12T16:47:09.846+0100] {processor.py:914} INFO - Processing file /home/sakana/anaconda3/envs/airflow_env/lib/python3.8/site-packages/airflow/example_dags/example_params_ui_tutorial.py for tasks to queue
[2024-11-12T16:47:09.849+0100] {logging_mixin.py:190} INFO - [2024-11-12T16:47:09.849+0100] {dagbag.py:588} INFO - Filling up the DagBag from /home/sakana/anaconda3/envs/airflow_env/lib/python3.8/site-packages/airflow/example_dags/example_params_ui_tutorial.py
[2024-11-12T16:47:09.861+0100] {processor.py:925} INFO - DAG(s) 'example_params_ui_tutorial' retrieved from /home/sakana/anaconda3/envs/airflow_env/lib/python3.8/site-packages/airflow/example_dags/example_params_ui_tutorial.py
[2024-11-12T16:47:09.910+0100] {logging_mixin.py:190} INFO - [2024-11-12T16:47:09.910+0100] {dag.py:3239} INFO - Sync 1 DAGs
[2024-11-12T16:47:09.922+0100] {logging_mixin.py:190} INFO - [2024-11-12T16:47:09.921+0100] {dag.py:4180} INFO - Setting next_dagrun for example_params_ui_tutorial to None, run_after=None
[2024-11-12T16:47:09.952+0100] {processor.py:208} INFO - Processing /home/sakana/anaconda3/envs/airflow_env/lib/python3.8/site-packages/airflow/example_dags/example_params_ui_tutorial.py took 0.119 seconds
[2024-11-12T16:48:07.232+0100] {processor.py:186} INFO - Started process (PID=7820) to work on /home/sakana/anaconda3/envs/airflow_env/lib/python3.8/site-packages/airflow/example_dags/example_params_ui_tutorial.py
[2024-11-12T16:48:07.238+0100] {processor.py:914} INFO - Processing file /home/sakana/anaconda3/envs/airflow_env/lib/python3.8/site-packages/airflow/example_dags/example_params_ui_tutorial.py for tasks to queue
[2024-11-12T16:48:07.240+0100] {logging_mixin.py:190} INFO - [2024-11-12T16:48:07.239+0100] {dagbag.py:588} INFO - Filling up the DagBag from /home/sakana/anaconda3/envs/airflow_env/lib/python3.8/site-packages/airflow/example_dags/example_params_ui_tutorial.py
[2024-11-12T16:48:07.250+0100] {processor.py:925} INFO - DAG(s) 'example_params_ui_tutorial' retrieved from /home/sakana/anaconda3/envs/airflow_env/lib/python3.8/site-packages/airflow/example_dags/example_params_ui_tutorial.py
[2024-11-12T16:48:07.297+0100] {logging_mixin.py:190} INFO - [2024-11-12T16:48:07.297+0100] {dag.py:3239} INFO - Sync 1 DAGs
[2024-11-12T16:48:07.309+0100] {logging_mixin.py:190} INFO - [2024-11-12T16:48:07.309+0100] {dag.py:4180} INFO - Setting next_dagrun for example_params_ui_tutorial to None, run_after=None
[2024-11-12T16:48:07.337+0100] {processor.py:208} INFO - Processing /home/sakana/anaconda3/envs/airflow_env/lib/python3.8/site-packages/airflow/example_dags/example_params_ui_tutorial.py took 0.115 seconds
[2024-11-12T16:49:05.142+0100] {processor.py:186} INFO - Started process (PID=7925) to work on /home/sakana/anaconda3/envs/airflow_env/lib/python3.8/site-packages/airflow/example_dags/example_params_ui_tutorial.py
[2024-11-12T16:49:05.147+0100] {processor.py:914} INFO - Processing file /home/sakana/anaconda3/envs/airflow_env/lib/python3.8/site-packages/airflow/example_dags/example_params_ui_tutorial.py for tasks to queue
[2024-11-12T16:49:05.150+0100] {logging_mixin.py:190} INFO - [2024-11-12T16:49:05.150+0100] {dagbag.py:588} INFO - Filling up the DagBag from /home/sakana/anaconda3/envs/airflow_env/lib/python3.8/site-packages/airflow/example_dags/example_params_ui_tutorial.py
[2024-11-12T16:49:05.160+0100] {processor.py:925} INFO - DAG(s) 'example_params_ui_tutorial' retrieved from /home/sakana/anaconda3/envs/airflow_env/lib/python3.8/site-packages/airflow/example_dags/example_params_ui_tutorial.py
[2024-11-12T16:49:05.214+0100] {logging_mixin.py:190} INFO - [2024-11-12T16:49:05.214+0100] {dag.py:3239} INFO - Sync 1 DAGs
[2024-11-12T16:49:05.226+0100] {logging_mixin.py:190} INFO - [2024-11-12T16:49:05.226+0100] {dag.py:4180} INFO - Setting next_dagrun for example_params_ui_tutorial to None, run_after=None
[2024-11-12T16:49:05.249+0100] {processor.py:208} INFO - Processing /home/sakana/anaconda3/envs/airflow_env/lib/python3.8/site-packages/airflow/example_dags/example_params_ui_tutorial.py took 0.117 seconds
[2024-11-12T16:50:01.697+0100] {processor.py:186} INFO - Started process (PID=8018) to work on /home/sakana/anaconda3/envs/airflow_env/lib/python3.8/site-packages/airflow/example_dags/example_params_ui_tutorial.py
[2024-11-12T16:50:01.703+0100] {processor.py:914} INFO - Processing file /home/sakana/anaconda3/envs/airflow_env/lib/python3.8/site-packages/airflow/example_dags/example_params_ui_tutorial.py for tasks to queue
[2024-11-12T16:50:01.706+0100] {logging_mixin.py:190} INFO - [2024-11-12T16:50:01.705+0100] {dagbag.py:588} INFO - Filling up the DagBag from /home/sakana/anaconda3/envs/airflow_env/lib/python3.8/site-packages/airflow/example_dags/example_params_ui_tutorial.py
[2024-11-12T16:50:01.717+0100] {processor.py:925} INFO - DAG(s) 'example_params_ui_tutorial' retrieved from /home/sakana/anaconda3/envs/airflow_env/lib/python3.8/site-packages/airflow/example_dags/example_params_ui_tutorial.py
[2024-11-12T16:50:01.765+0100] {logging_mixin.py:190} INFO - [2024-11-12T16:50:01.765+0100] {dag.py:3239} INFO - Sync 1 DAGs
[2024-11-12T16:50:01.780+0100] {logging_mixin.py:190} INFO - [2024-11-12T16:50:01.780+0100] {dag.py:4180} INFO - Setting next_dagrun for example_params_ui_tutorial to None, run_after=None
[2024-11-12T16:50:01.821+0100] {processor.py:208} INFO - Processing /home/sakana/anaconda3/envs/airflow_env/lib/python3.8/site-packages/airflow/example_dags/example_params_ui_tutorial.py took 0.138 seconds
[2024-11-12T16:50:58.539+0100] {processor.py:186} INFO - Started process (PID=8083) to work on /home/sakana/anaconda3/envs/airflow_env/lib/python3.8/site-packages/airflow/example_dags/example_params_ui_tutorial.py
[2024-11-12T16:50:58.545+0100] {processor.py:914} INFO - Processing file /home/sakana/anaconda3/envs/airflow_env/lib/python3.8/site-packages/airflow/example_dags/example_params_ui_tutorial.py for tasks to queue
[2024-11-12T16:50:58.552+0100] {logging_mixin.py:190} INFO - [2024-11-12T16:50:58.551+0100] {dagbag.py:588} INFO - Filling up the DagBag from /home/sakana/anaconda3/envs/airflow_env/lib/python3.8/site-packages/airflow/example_dags/example_params_ui_tutorial.py
[2024-11-12T16:50:58.573+0100] {processor.py:925} INFO - DAG(s) 'example_params_ui_tutorial' retrieved from /home/sakana/anaconda3/envs/airflow_env/lib/python3.8/site-packages/airflow/example_dags/example_params_ui_tutorial.py
[2024-11-12T16:50:58.624+0100] {logging_mixin.py:190} INFO - [2024-11-12T16:50:58.623+0100] {dag.py:3239} INFO - Sync 1 DAGs
[2024-11-12T16:50:58.635+0100] {logging_mixin.py:190} INFO - [2024-11-12T16:50:58.635+0100] {dag.py:4180} INFO - Setting next_dagrun for example_params_ui_tutorial to None, run_after=None
[2024-11-12T16:50:58.659+0100] {processor.py:208} INFO - Processing /home/sakana/anaconda3/envs/airflow_env/lib/python3.8/site-packages/airflow/example_dags/example_params_ui_tutorial.py took 0.128 seconds
[2024-11-12T16:51:55.237+0100] {processor.py:186} INFO - Started process (PID=8157) to work on /home/sakana/anaconda3/envs/airflow_env/lib/python3.8/site-packages/airflow/example_dags/example_params_ui_tutorial.py
[2024-11-12T16:51:55.243+0100] {processor.py:914} INFO - Processing file /home/sakana/anaconda3/envs/airflow_env/lib/python3.8/site-packages/airflow/example_dags/example_params_ui_tutorial.py for tasks to queue
[2024-11-12T16:51:55.245+0100] {logging_mixin.py:190} INFO - [2024-11-12T16:51:55.245+0100] {dagbag.py:588} INFO - Filling up the DagBag from /home/sakana/anaconda3/envs/airflow_env/lib/python3.8/site-packages/airflow/example_dags/example_params_ui_tutorial.py
[2024-11-12T16:51:55.258+0100] {processor.py:925} INFO - DAG(s) 'example_params_ui_tutorial' retrieved from /home/sakana/anaconda3/envs/airflow_env/lib/python3.8/site-packages/airflow/example_dags/example_params_ui_tutorial.py
[2024-11-12T16:51:55.317+0100] {logging_mixin.py:190} INFO - [2024-11-12T16:51:55.316+0100] {dag.py:3239} INFO - Sync 1 DAGs
[2024-11-12T16:51:55.331+0100] {logging_mixin.py:190} INFO - [2024-11-12T16:51:55.331+0100] {dag.py:4180} INFO - Setting next_dagrun for example_params_ui_tutorial to None, run_after=None
[2024-11-12T16:51:55.384+0100] {processor.py:208} INFO - Processing /home/sakana/anaconda3/envs/airflow_env/lib/python3.8/site-packages/airflow/example_dags/example_params_ui_tutorial.py took 0.155 seconds
[2024-11-12T16:52:52.847+0100] {processor.py:186} INFO - Started process (PID=8245) to work on /home/sakana/anaconda3/envs/airflow_env/lib/python3.8/site-packages/airflow/example_dags/example_params_ui_tutorial.py
[2024-11-12T16:52:52.853+0100] {processor.py:914} INFO - Processing file /home/sakana/anaconda3/envs/airflow_env/lib/python3.8/site-packages/airflow/example_dags/example_params_ui_tutorial.py for tasks to queue
[2024-11-12T16:52:52.856+0100] {logging_mixin.py:190} INFO - [2024-11-12T16:52:52.855+0100] {dagbag.py:588} INFO - Filling up the DagBag from /home/sakana/anaconda3/envs/airflow_env/lib/python3.8/site-packages/airflow/example_dags/example_params_ui_tutorial.py
[2024-11-12T16:52:52.870+0100] {processor.py:925} INFO - DAG(s) 'example_params_ui_tutorial' retrieved from /home/sakana/anaconda3/envs/airflow_env/lib/python3.8/site-packages/airflow/example_dags/example_params_ui_tutorial.py
[2024-11-12T16:52:52.925+0100] {logging_mixin.py:190} INFO - [2024-11-12T16:52:52.925+0100] {dag.py:3239} INFO - Sync 1 DAGs
[2024-11-12T16:52:52.936+0100] {logging_mixin.py:190} INFO - [2024-11-12T16:52:52.936+0100] {dag.py:4180} INFO - Setting next_dagrun for example_params_ui_tutorial to None, run_after=None
[2024-11-12T16:52:52.971+0100] {processor.py:208} INFO - Processing /home/sakana/anaconda3/envs/airflow_env/lib/python3.8/site-packages/airflow/example_dags/example_params_ui_tutorial.py took 0.134 seconds
[2024-11-12T16:53:49.276+0100] {processor.py:186} INFO - Started process (PID=8347) to work on /home/sakana/anaconda3/envs/airflow_env/lib/python3.8/site-packages/airflow/example_dags/example_params_ui_tutorial.py
[2024-11-12T16:53:49.281+0100] {processor.py:914} INFO - Processing file /home/sakana/anaconda3/envs/airflow_env/lib/python3.8/site-packages/airflow/example_dags/example_params_ui_tutorial.py for tasks to queue
[2024-11-12T16:53:49.283+0100] {logging_mixin.py:190} INFO - [2024-11-12T16:53:49.283+0100] {dagbag.py:588} INFO - Filling up the DagBag from /home/sakana/anaconda3/envs/airflow_env/lib/python3.8/site-packages/airflow/example_dags/example_params_ui_tutorial.py
[2024-11-12T16:53:49.296+0100] {processor.py:925} INFO - DAG(s) 'example_params_ui_tutorial' retrieved from /home/sakana/anaconda3/envs/airflow_env/lib/python3.8/site-packages/airflow/example_dags/example_params_ui_tutorial.py
[2024-11-12T16:53:49.352+0100] {logging_mixin.py:190} INFO - [2024-11-12T16:53:49.352+0100] {dag.py:3239} INFO - Sync 1 DAGs
[2024-11-12T16:53:49.363+0100] {logging_mixin.py:190} INFO - [2024-11-12T16:53:49.363+0100] {dag.py:4180} INFO - Setting next_dagrun for example_params_ui_tutorial to None, run_after=None
[2024-11-12T16:53:49.394+0100] {processor.py:208} INFO - Processing /home/sakana/anaconda3/envs/airflow_env/lib/python3.8/site-packages/airflow/example_dags/example_params_ui_tutorial.py took 0.126 seconds
[2024-11-12T16:54:50.685+0100] {processor.py:186} INFO - Started process (PID=8531) to work on /home/sakana/anaconda3/envs/airflow_env/lib/python3.8/site-packages/airflow/example_dags/example_params_ui_tutorial.py
[2024-11-12T16:54:50.690+0100] {processor.py:914} INFO - Processing file /home/sakana/anaconda3/envs/airflow_env/lib/python3.8/site-packages/airflow/example_dags/example_params_ui_tutorial.py for tasks to queue
[2024-11-12T16:54:50.693+0100] {logging_mixin.py:190} INFO - [2024-11-12T16:54:50.692+0100] {dagbag.py:588} INFO - Filling up the DagBag from /home/sakana/anaconda3/envs/airflow_env/lib/python3.8/site-packages/airflow/example_dags/example_params_ui_tutorial.py
[2024-11-12T16:54:50.705+0100] {processor.py:925} INFO - DAG(s) 'example_params_ui_tutorial' retrieved from /home/sakana/anaconda3/envs/airflow_env/lib/python3.8/site-packages/airflow/example_dags/example_params_ui_tutorial.py
[2024-11-12T16:54:50.787+0100] {logging_mixin.py:190} INFO - [2024-11-12T16:54:50.786+0100] {dag.py:3239} INFO - Sync 1 DAGs
[2024-11-12T16:54:50.810+0100] {logging_mixin.py:190} INFO - [2024-11-12T16:54:50.809+0100] {dag.py:4180} INFO - Setting next_dagrun for example_params_ui_tutorial to None, run_after=None
[2024-11-12T16:54:50.855+0100] {processor.py:208} INFO - Processing /home/sakana/anaconda3/envs/airflow_env/lib/python3.8/site-packages/airflow/example_dags/example_params_ui_tutorial.py took 0.180 seconds
[2024-11-12T16:55:50.460+0100] {processor.py:186} INFO - Started process (PID=8602) to work on /home/sakana/anaconda3/envs/airflow_env/lib/python3.8/site-packages/airflow/example_dags/example_params_ui_tutorial.py
[2024-11-12T16:55:50.465+0100] {processor.py:914} INFO - Processing file /home/sakana/anaconda3/envs/airflow_env/lib/python3.8/site-packages/airflow/example_dags/example_params_ui_tutorial.py for tasks to queue
[2024-11-12T16:55:50.467+0100] {logging_mixin.py:190} INFO - [2024-11-12T16:55:50.467+0100] {dagbag.py:588} INFO - Filling up the DagBag from /home/sakana/anaconda3/envs/airflow_env/lib/python3.8/site-packages/airflow/example_dags/example_params_ui_tutorial.py
[2024-11-12T16:55:50.479+0100] {processor.py:925} INFO - DAG(s) 'example_params_ui_tutorial' retrieved from /home/sakana/anaconda3/envs/airflow_env/lib/python3.8/site-packages/airflow/example_dags/example_params_ui_tutorial.py
[2024-11-12T16:55:50.548+0100] {logging_mixin.py:190} INFO - [2024-11-12T16:55:50.548+0100] {dag.py:3239} INFO - Sync 1 DAGs
[2024-11-12T16:55:50.567+0100] {logging_mixin.py:190} INFO - [2024-11-12T16:55:50.566+0100] {dag.py:4180} INFO - Setting next_dagrun for example_params_ui_tutorial to None, run_after=None
[2024-11-12T16:55:50.616+0100] {processor.py:208} INFO - Processing /home/sakana/anaconda3/envs/airflow_env/lib/python3.8/site-packages/airflow/example_dags/example_params_ui_tutorial.py took 0.162 seconds
[2024-11-12T16:56:48.216+0100] {processor.py:186} INFO - Started process (PID=8676) to work on /home/sakana/anaconda3/envs/airflow_env/lib/python3.8/site-packages/airflow/example_dags/example_params_ui_tutorial.py
[2024-11-12T16:56:48.221+0100] {processor.py:914} INFO - Processing file /home/sakana/anaconda3/envs/airflow_env/lib/python3.8/site-packages/airflow/example_dags/example_params_ui_tutorial.py for tasks to queue
[2024-11-12T16:56:48.223+0100] {logging_mixin.py:190} INFO - [2024-11-12T16:56:48.223+0100] {dagbag.py:588} INFO - Filling up the DagBag from /home/sakana/anaconda3/envs/airflow_env/lib/python3.8/site-packages/airflow/example_dags/example_params_ui_tutorial.py
[2024-11-12T16:56:48.231+0100] {processor.py:925} INFO - DAG(s) 'example_params_ui_tutorial' retrieved from /home/sakana/anaconda3/envs/airflow_env/lib/python3.8/site-packages/airflow/example_dags/example_params_ui_tutorial.py
[2024-11-12T16:56:48.278+0100] {logging_mixin.py:190} INFO - [2024-11-12T16:56:48.278+0100] {dag.py:3239} INFO - Sync 1 DAGs
[2024-11-12T16:56:48.291+0100] {logging_mixin.py:190} INFO - [2024-11-12T16:56:48.290+0100] {dag.py:4180} INFO - Setting next_dagrun for example_params_ui_tutorial to None, run_after=None
[2024-11-12T16:56:48.320+0100] {processor.py:208} INFO - Processing /home/sakana/anaconda3/envs/airflow_env/lib/python3.8/site-packages/airflow/example_dags/example_params_ui_tutorial.py took 0.109 seconds
[2024-11-12T16:57:49.399+0100] {processor.py:186} INFO - Started process (PID=8759) to work on /home/sakana/anaconda3/envs/airflow_env/lib/python3.8/site-packages/airflow/example_dags/example_params_ui_tutorial.py
[2024-11-12T16:57:49.404+0100] {processor.py:914} INFO - Processing file /home/sakana/anaconda3/envs/airflow_env/lib/python3.8/site-packages/airflow/example_dags/example_params_ui_tutorial.py for tasks to queue
[2024-11-12T16:57:49.408+0100] {logging_mixin.py:190} INFO - [2024-11-12T16:57:49.407+0100] {dagbag.py:588} INFO - Filling up the DagBag from /home/sakana/anaconda3/envs/airflow_env/lib/python3.8/site-packages/airflow/example_dags/example_params_ui_tutorial.py
[2024-11-12T16:57:49.419+0100] {processor.py:925} INFO - DAG(s) 'example_params_ui_tutorial' retrieved from /home/sakana/anaconda3/envs/airflow_env/lib/python3.8/site-packages/airflow/example_dags/example_params_ui_tutorial.py
[2024-11-12T16:57:49.467+0100] {logging_mixin.py:190} INFO - [2024-11-12T16:57:49.467+0100] {dag.py:3239} INFO - Sync 1 DAGs
[2024-11-12T16:57:49.478+0100] {logging_mixin.py:190} INFO - [2024-11-12T16:57:49.478+0100] {dag.py:4180} INFO - Setting next_dagrun for example_params_ui_tutorial to None, run_after=None
[2024-11-12T16:57:49.507+0100] {processor.py:208} INFO - Processing /home/sakana/anaconda3/envs/airflow_env/lib/python3.8/site-packages/airflow/example_dags/example_params_ui_tutorial.py took 0.117 seconds
[2024-11-12T16:58:51.467+0100] {processor.py:186} INFO - Started process (PID=8863) to work on /home/sakana/anaconda3/envs/airflow_env/lib/python3.8/site-packages/airflow/example_dags/example_params_ui_tutorial.py
[2024-11-12T16:58:51.472+0100] {processor.py:914} INFO - Processing file /home/sakana/anaconda3/envs/airflow_env/lib/python3.8/site-packages/airflow/example_dags/example_params_ui_tutorial.py for tasks to queue
[2024-11-12T16:58:51.474+0100] {logging_mixin.py:190} INFO - [2024-11-12T16:58:51.474+0100] {dagbag.py:588} INFO - Filling up the DagBag from /home/sakana/anaconda3/envs/airflow_env/lib/python3.8/site-packages/airflow/example_dags/example_params_ui_tutorial.py
[2024-11-12T16:58:51.486+0100] {processor.py:925} INFO - DAG(s) 'example_params_ui_tutorial' retrieved from /home/sakana/anaconda3/envs/airflow_env/lib/python3.8/site-packages/airflow/example_dags/example_params_ui_tutorial.py
[2024-11-12T16:58:51.540+0100] {logging_mixin.py:190} INFO - [2024-11-12T16:58:51.540+0100] {dag.py:3239} INFO - Sync 1 DAGs
[2024-11-12T16:58:51.551+0100] {logging_mixin.py:190} INFO - [2024-11-12T16:58:51.551+0100] {dag.py:4180} INFO - Setting next_dagrun for example_params_ui_tutorial to None, run_after=None
[2024-11-12T16:58:51.580+0100] {processor.py:208} INFO - Processing /home/sakana/anaconda3/envs/airflow_env/lib/python3.8/site-packages/airflow/example_dags/example_params_ui_tutorial.py took 0.120 seconds
[2024-11-12T16:59:52.288+0100] {processor.py:186} INFO - Started process (PID=8938) to work on /home/sakana/anaconda3/envs/airflow_env/lib/python3.8/site-packages/airflow/example_dags/example_params_ui_tutorial.py
[2024-11-12T16:59:52.293+0100] {processor.py:914} INFO - Processing file /home/sakana/anaconda3/envs/airflow_env/lib/python3.8/site-packages/airflow/example_dags/example_params_ui_tutorial.py for tasks to queue
[2024-11-12T16:59:52.300+0100] {logging_mixin.py:190} INFO - [2024-11-12T16:59:52.299+0100] {dagbag.py:588} INFO - Filling up the DagBag from /home/sakana/anaconda3/envs/airflow_env/lib/python3.8/site-packages/airflow/example_dags/example_params_ui_tutorial.py
[2024-11-12T16:59:52.325+0100] {processor.py:925} INFO - DAG(s) 'example_params_ui_tutorial' retrieved from /home/sakana/anaconda3/envs/airflow_env/lib/python3.8/site-packages/airflow/example_dags/example_params_ui_tutorial.py
[2024-11-12T16:59:52.378+0100] {logging_mixin.py:190} INFO - [2024-11-12T16:59:52.378+0100] {dag.py:3239} INFO - Sync 1 DAGs
[2024-11-12T16:59:52.389+0100] {logging_mixin.py:190} INFO - [2024-11-12T16:59:52.389+0100] {dag.py:4180} INFO - Setting next_dagrun for example_params_ui_tutorial to None, run_after=None
[2024-11-12T16:59:52.467+0100] {processor.py:208} INFO - Processing /home/sakana/anaconda3/envs/airflow_env/lib/python3.8/site-packages/airflow/example_dags/example_params_ui_tutorial.py took 0.185 seconds
[2024-11-12T17:00:52.485+0100] {processor.py:186} INFO - Started process (PID=9010) to work on /home/sakana/anaconda3/envs/airflow_env/lib/python3.8/site-packages/airflow/example_dags/example_params_ui_tutorial.py
[2024-11-12T17:00:52.490+0100] {processor.py:914} INFO - Processing file /home/sakana/anaconda3/envs/airflow_env/lib/python3.8/site-packages/airflow/example_dags/example_params_ui_tutorial.py for tasks to queue
[2024-11-12T17:00:52.492+0100] {logging_mixin.py:190} INFO - [2024-11-12T17:00:52.491+0100] {dagbag.py:588} INFO - Filling up the DagBag from /home/sakana/anaconda3/envs/airflow_env/lib/python3.8/site-packages/airflow/example_dags/example_params_ui_tutorial.py
[2024-11-12T17:00:52.500+0100] {processor.py:925} INFO - DAG(s) 'example_params_ui_tutorial' retrieved from /home/sakana/anaconda3/envs/airflow_env/lib/python3.8/site-packages/airflow/example_dags/example_params_ui_tutorial.py
[2024-11-12T17:00:52.553+0100] {logging_mixin.py:190} INFO - [2024-11-12T17:00:52.553+0100] {dag.py:3239} INFO - Sync 1 DAGs
[2024-11-12T17:00:52.564+0100] {logging_mixin.py:190} INFO - [2024-11-12T17:00:52.564+0100] {dag.py:4180} INFO - Setting next_dagrun for example_params_ui_tutorial to None, run_after=None
[2024-11-12T17:00:52.589+0100] {processor.py:208} INFO - Processing /home/sakana/anaconda3/envs/airflow_env/lib/python3.8/site-packages/airflow/example_dags/example_params_ui_tutorial.py took 0.111 seconds
[2024-11-12T17:18:57.821+0100] {processor.py:186} INFO - Started process (PID=9328) to work on /home/sakana/anaconda3/envs/airflow_env/lib/python3.8/site-packages/airflow/example_dags/example_params_ui_tutorial.py
[2024-11-12T17:18:57.826+0100] {processor.py:914} INFO - Processing file /home/sakana/anaconda3/envs/airflow_env/lib/python3.8/site-packages/airflow/example_dags/example_params_ui_tutorial.py for tasks to queue
[2024-11-12T17:18:57.829+0100] {logging_mixin.py:190} INFO - [2024-11-12T17:18:57.829+0100] {dagbag.py:588} INFO - Filling up the DagBag from /home/sakana/anaconda3/envs/airflow_env/lib/python3.8/site-packages/airflow/example_dags/example_params_ui_tutorial.py
[2024-11-12T17:18:57.845+0100] {processor.py:925} INFO - DAG(s) 'example_params_ui_tutorial' retrieved from /home/sakana/anaconda3/envs/airflow_env/lib/python3.8/site-packages/airflow/example_dags/example_params_ui_tutorial.py
[2024-11-12T17:18:57.891+0100] {logging_mixin.py:190} INFO - [2024-11-12T17:18:57.890+0100] {dag.py:3239} INFO - Sync 1 DAGs
[2024-11-12T17:18:57.901+0100] {logging_mixin.py:190} INFO - [2024-11-12T17:18:57.900+0100] {dag.py:4180} INFO - Setting next_dagrun for example_params_ui_tutorial to None, run_after=None
[2024-11-12T17:18:57.931+0100] {processor.py:208} INFO - Processing /home/sakana/anaconda3/envs/airflow_env/lib/python3.8/site-packages/airflow/example_dags/example_params_ui_tutorial.py took 0.120 seconds
[2024-11-12T17:20:08.345+0100] {processor.py:186} INFO - Started process (PID=9642) to work on /home/sakana/anaconda3/envs/airflow_env/lib/python3.8/site-packages/airflow/example_dags/example_params_ui_tutorial.py
[2024-11-12T17:20:08.347+0100] {processor.py:914} INFO - Processing file /home/sakana/anaconda3/envs/airflow_env/lib/python3.8/site-packages/airflow/example_dags/example_params_ui_tutorial.py for tasks to queue
[2024-11-12T17:20:08.349+0100] {logging_mixin.py:190} INFO - [2024-11-12T17:20:08.349+0100] {dagbag.py:588} INFO - Filling up the DagBag from /home/sakana/anaconda3/envs/airflow_env/lib/python3.8/site-packages/airflow/example_dags/example_params_ui_tutorial.py
[2024-11-12T17:20:08.361+0100] {processor.py:925} INFO - DAG(s) 'example_params_ui_tutorial' retrieved from /home/sakana/anaconda3/envs/airflow_env/lib/python3.8/site-packages/airflow/example_dags/example_params_ui_tutorial.py
[2024-11-12T17:20:08.418+0100] {logging_mixin.py:190} INFO - [2024-11-12T17:20:08.418+0100] {dag.py:3239} INFO - Sync 1 DAGs
[2024-11-12T17:20:08.432+0100] {logging_mixin.py:190} INFO - [2024-11-12T17:20:08.432+0100] {dag.py:4180} INFO - Setting next_dagrun for example_params_ui_tutorial to None, run_after=None
[2024-11-12T17:20:08.460+0100] {processor.py:208} INFO - Processing /home/sakana/anaconda3/envs/airflow_env/lib/python3.8/site-packages/airflow/example_dags/example_params_ui_tutorial.py took 0.123 seconds
[2024-11-12T17:21:16.398+0100] {processor.py:186} INFO - Started process (PID=9738) to work on /home/sakana/anaconda3/envs/airflow_env/lib/python3.8/site-packages/airflow/example_dags/example_params_ui_tutorial.py
[2024-11-12T17:21:16.405+0100] {processor.py:914} INFO - Processing file /home/sakana/anaconda3/envs/airflow_env/lib/python3.8/site-packages/airflow/example_dags/example_params_ui_tutorial.py for tasks to queue
[2024-11-12T17:21:16.410+0100] {logging_mixin.py:190} INFO - [2024-11-12T17:21:16.408+0100] {dagbag.py:588} INFO - Filling up the DagBag from /home/sakana/anaconda3/envs/airflow_env/lib/python3.8/site-packages/airflow/example_dags/example_params_ui_tutorial.py
[2024-11-12T17:21:16.432+0100] {processor.py:925} INFO - DAG(s) 'example_params_ui_tutorial' retrieved from /home/sakana/anaconda3/envs/airflow_env/lib/python3.8/site-packages/airflow/example_dags/example_params_ui_tutorial.py
[2024-11-12T17:21:16.509+0100] {logging_mixin.py:190} INFO - [2024-11-12T17:21:16.509+0100] {dag.py:3239} INFO - Sync 1 DAGs
[2024-11-12T17:21:16.522+0100] {logging_mixin.py:190} INFO - [2024-11-12T17:21:16.522+0100] {dag.py:4180} INFO - Setting next_dagrun for example_params_ui_tutorial to None, run_after=None
[2024-11-12T17:21:16.558+0100] {processor.py:208} INFO - Processing /home/sakana/anaconda3/envs/airflow_env/lib/python3.8/site-packages/airflow/example_dags/example_params_ui_tutorial.py took 0.174 seconds
[2024-11-12T17:22:24.071+0100] {processor.py:186} INFO - Started process (PID=9863) to work on /home/sakana/anaconda3/envs/airflow_env/lib/python3.8/site-packages/airflow/example_dags/example_params_ui_tutorial.py
[2024-11-12T17:22:24.077+0100] {processor.py:914} INFO - Processing file /home/sakana/anaconda3/envs/airflow_env/lib/python3.8/site-packages/airflow/example_dags/example_params_ui_tutorial.py for tasks to queue
[2024-11-12T17:22:24.082+0100] {logging_mixin.py:190} INFO - [2024-11-12T17:22:24.081+0100] {dagbag.py:588} INFO - Filling up the DagBag from /home/sakana/anaconda3/envs/airflow_env/lib/python3.8/site-packages/airflow/example_dags/example_params_ui_tutorial.py
[2024-11-12T17:22:24.104+0100] {processor.py:925} INFO - DAG(s) 'example_params_ui_tutorial' retrieved from /home/sakana/anaconda3/envs/airflow_env/lib/python3.8/site-packages/airflow/example_dags/example_params_ui_tutorial.py
[2024-11-12T17:22:24.175+0100] {logging_mixin.py:190} INFO - [2024-11-12T17:22:24.175+0100] {dag.py:3239} INFO - Sync 1 DAGs
[2024-11-12T17:22:24.191+0100] {logging_mixin.py:190} INFO - [2024-11-12T17:22:24.191+0100] {dag.py:4180} INFO - Setting next_dagrun for example_params_ui_tutorial to None, run_after=None
[2024-11-12T17:22:24.230+0100] {processor.py:208} INFO - Processing /home/sakana/anaconda3/envs/airflow_env/lib/python3.8/site-packages/airflow/example_dags/example_params_ui_tutorial.py took 0.172 seconds
[2024-11-12T17:23:38.008+0100] {processor.py:186} INFO - Started process (PID=10011) to work on /home/sakana/anaconda3/envs/airflow_env/lib/python3.8/site-packages/airflow/example_dags/example_params_ui_tutorial.py
[2024-11-12T17:23:38.013+0100] {processor.py:914} INFO - Processing file /home/sakana/anaconda3/envs/airflow_env/lib/python3.8/site-packages/airflow/example_dags/example_params_ui_tutorial.py for tasks to queue
[2024-11-12T17:23:38.016+0100] {logging_mixin.py:190} INFO - [2024-11-12T17:23:38.015+0100] {dagbag.py:588} INFO - Filling up the DagBag from /home/sakana/anaconda3/envs/airflow_env/lib/python3.8/site-packages/airflow/example_dags/example_params_ui_tutorial.py
[2024-11-12T17:23:38.028+0100] {processor.py:925} INFO - DAG(s) 'example_params_ui_tutorial' retrieved from /home/sakana/anaconda3/envs/airflow_env/lib/python3.8/site-packages/airflow/example_dags/example_params_ui_tutorial.py
[2024-11-12T17:23:38.105+0100] {logging_mixin.py:190} INFO - [2024-11-12T17:23:38.104+0100] {dag.py:3239} INFO - Sync 1 DAGs
[2024-11-12T17:23:38.124+0100] {logging_mixin.py:190} INFO - [2024-11-12T17:23:38.124+0100] {dag.py:4180} INFO - Setting next_dagrun for example_params_ui_tutorial to None, run_after=None
[2024-11-12T17:23:38.172+0100] {processor.py:208} INFO - Processing /home/sakana/anaconda3/envs/airflow_env/lib/python3.8/site-packages/airflow/example_dags/example_params_ui_tutorial.py took 0.176 seconds
[2024-11-12T17:24:50.602+0100] {processor.py:186} INFO - Started process (PID=10158) to work on /home/sakana/anaconda3/envs/airflow_env/lib/python3.8/site-packages/airflow/example_dags/example_params_ui_tutorial.py
[2024-11-12T17:24:50.609+0100] {processor.py:914} INFO - Processing file /home/sakana/anaconda3/envs/airflow_env/lib/python3.8/site-packages/airflow/example_dags/example_params_ui_tutorial.py for tasks to queue
[2024-11-12T17:24:50.613+0100] {logging_mixin.py:190} INFO - [2024-11-12T17:24:50.612+0100] {dagbag.py:588} INFO - Filling up the DagBag from /home/sakana/anaconda3/envs/airflow_env/lib/python3.8/site-packages/airflow/example_dags/example_params_ui_tutorial.py
[2024-11-12T17:24:50.626+0100] {processor.py:925} INFO - DAG(s) 'example_params_ui_tutorial' retrieved from /home/sakana/anaconda3/envs/airflow_env/lib/python3.8/site-packages/airflow/example_dags/example_params_ui_tutorial.py
[2024-11-12T17:24:50.732+0100] {logging_mixin.py:190} INFO - [2024-11-12T17:24:50.732+0100] {dag.py:3239} INFO - Sync 1 DAGs
[2024-11-12T17:24:50.753+0100] {logging_mixin.py:190} INFO - [2024-11-12T17:24:50.752+0100] {dag.py:4180} INFO - Setting next_dagrun for example_params_ui_tutorial to None, run_after=None
[2024-11-12T17:24:50.807+0100] {processor.py:208} INFO - Processing /home/sakana/anaconda3/envs/airflow_env/lib/python3.8/site-packages/airflow/example_dags/example_params_ui_tutorial.py took 0.218 seconds
[2024-11-12T17:26:05.176+0100] {processor.py:186} INFO - Started process (PID=10266) to work on /home/sakana/anaconda3/envs/airflow_env/lib/python3.8/site-packages/airflow/example_dags/example_params_ui_tutorial.py
[2024-11-12T17:26:05.182+0100] {processor.py:914} INFO - Processing file /home/sakana/anaconda3/envs/airflow_env/lib/python3.8/site-packages/airflow/example_dags/example_params_ui_tutorial.py for tasks to queue
[2024-11-12T17:26:05.184+0100] {logging_mixin.py:190} INFO - [2024-11-12T17:26:05.184+0100] {dagbag.py:588} INFO - Filling up the DagBag from /home/sakana/anaconda3/envs/airflow_env/lib/python3.8/site-packages/airflow/example_dags/example_params_ui_tutorial.py
[2024-11-12T17:26:05.196+0100] {processor.py:925} INFO - DAG(s) 'example_params_ui_tutorial' retrieved from /home/sakana/anaconda3/envs/airflow_env/lib/python3.8/site-packages/airflow/example_dags/example_params_ui_tutorial.py
[2024-11-12T17:26:05.280+0100] {logging_mixin.py:190} INFO - [2024-11-12T17:26:05.280+0100] {dag.py:3239} INFO - Sync 1 DAGs
[2024-11-12T17:26:05.303+0100] {logging_mixin.py:190} INFO - [2024-11-12T17:26:05.302+0100] {dag.py:4180} INFO - Setting next_dagrun for example_params_ui_tutorial to None, run_after=None
[2024-11-12T17:26:05.350+0100] {processor.py:208} INFO - Processing /home/sakana/anaconda3/envs/airflow_env/lib/python3.8/site-packages/airflow/example_dags/example_params_ui_tutorial.py took 0.189 seconds
[2024-11-12T17:27:17.150+0100] {processor.py:186} INFO - Started process (PID=10377) to work on /home/sakana/anaconda3/envs/airflow_env/lib/python3.8/site-packages/airflow/example_dags/example_params_ui_tutorial.py
[2024-11-12T17:27:17.156+0100] {processor.py:914} INFO - Processing file /home/sakana/anaconda3/envs/airflow_env/lib/python3.8/site-packages/airflow/example_dags/example_params_ui_tutorial.py for tasks to queue
[2024-11-12T17:27:17.159+0100] {logging_mixin.py:190} INFO - [2024-11-12T17:27:17.158+0100] {dagbag.py:588} INFO - Filling up the DagBag from /home/sakana/anaconda3/envs/airflow_env/lib/python3.8/site-packages/airflow/example_dags/example_params_ui_tutorial.py
[2024-11-12T17:27:17.183+0100] {processor.py:925} INFO - DAG(s) 'example_params_ui_tutorial' retrieved from /home/sakana/anaconda3/envs/airflow_env/lib/python3.8/site-packages/airflow/example_dags/example_params_ui_tutorial.py
[2024-11-12T17:27:17.263+0100] {logging_mixin.py:190} INFO - [2024-11-12T17:27:17.263+0100] {dag.py:3239} INFO - Sync 1 DAGs
[2024-11-12T17:27:17.279+0100] {logging_mixin.py:190} INFO - [2024-11-12T17:27:17.279+0100] {dag.py:4180} INFO - Setting next_dagrun for example_params_ui_tutorial to None, run_after=None
[2024-11-12T17:27:17.313+0100] {processor.py:208} INFO - Processing /home/sakana/anaconda3/envs/airflow_env/lib/python3.8/site-packages/airflow/example_dags/example_params_ui_tutorial.py took 0.176 seconds
[2024-11-12T17:28:29.224+0100] {processor.py:186} INFO - Started process (PID=10482) to work on /home/sakana/anaconda3/envs/airflow_env/lib/python3.8/site-packages/airflow/example_dags/example_params_ui_tutorial.py
[2024-11-12T17:28:29.230+0100] {processor.py:914} INFO - Processing file /home/sakana/anaconda3/envs/airflow_env/lib/python3.8/site-packages/airflow/example_dags/example_params_ui_tutorial.py for tasks to queue
[2024-11-12T17:28:29.235+0100] {logging_mixin.py:190} INFO - [2024-11-12T17:28:29.234+0100] {dagbag.py:588} INFO - Filling up the DagBag from /home/sakana/anaconda3/envs/airflow_env/lib/python3.8/site-packages/airflow/example_dags/example_params_ui_tutorial.py
[2024-11-12T17:28:29.254+0100] {processor.py:925} INFO - DAG(s) 'example_params_ui_tutorial' retrieved from /home/sakana/anaconda3/envs/airflow_env/lib/python3.8/site-packages/airflow/example_dags/example_params_ui_tutorial.py
[2024-11-12T17:28:29.342+0100] {logging_mixin.py:190} INFO - [2024-11-12T17:28:29.342+0100] {dag.py:3239} INFO - Sync 1 DAGs
[2024-11-12T17:28:29.357+0100] {logging_mixin.py:190} INFO - [2024-11-12T17:28:29.356+0100] {dag.py:4180} INFO - Setting next_dagrun for example_params_ui_tutorial to None, run_after=None
[2024-11-12T17:28:29.392+0100] {processor.py:208} INFO - Processing /home/sakana/anaconda3/envs/airflow_env/lib/python3.8/site-packages/airflow/example_dags/example_params_ui_tutorial.py took 0.179 seconds
[2024-11-12T17:29:43.089+0100] {processor.py:186} INFO - Started process (PID=10595) to work on /home/sakana/anaconda3/envs/airflow_env/lib/python3.8/site-packages/airflow/example_dags/example_params_ui_tutorial.py
[2024-11-12T17:29:43.094+0100] {processor.py:914} INFO - Processing file /home/sakana/anaconda3/envs/airflow_env/lib/python3.8/site-packages/airflow/example_dags/example_params_ui_tutorial.py for tasks to queue
[2024-11-12T17:29:43.098+0100] {logging_mixin.py:190} INFO - [2024-11-12T17:29:43.097+0100] {dagbag.py:588} INFO - Filling up the DagBag from /home/sakana/anaconda3/envs/airflow_env/lib/python3.8/site-packages/airflow/example_dags/example_params_ui_tutorial.py
[2024-11-12T17:29:43.113+0100] {processor.py:925} INFO - DAG(s) 'example_params_ui_tutorial' retrieved from /home/sakana/anaconda3/envs/airflow_env/lib/python3.8/site-packages/airflow/example_dags/example_params_ui_tutorial.py
[2024-11-12T17:29:43.175+0100] {logging_mixin.py:190} INFO - [2024-11-12T17:29:43.174+0100] {dag.py:3239} INFO - Sync 1 DAGs
[2024-11-12T17:29:43.191+0100] {logging_mixin.py:190} INFO - [2024-11-12T17:29:43.191+0100] {dag.py:4180} INFO - Setting next_dagrun for example_params_ui_tutorial to None, run_after=None
[2024-11-12T17:29:43.258+0100] {processor.py:208} INFO - Processing /home/sakana/anaconda3/envs/airflow_env/lib/python3.8/site-packages/airflow/example_dags/example_params_ui_tutorial.py took 0.176 seconds
[2024-11-12T17:30:54.236+0100] {processor.py:186} INFO - Started process (PID=10673) to work on /home/sakana/anaconda3/envs/airflow_env/lib/python3.8/site-packages/airflow/example_dags/example_params_ui_tutorial.py
[2024-11-12T17:30:54.242+0100] {processor.py:914} INFO - Processing file /home/sakana/anaconda3/envs/airflow_env/lib/python3.8/site-packages/airflow/example_dags/example_params_ui_tutorial.py for tasks to queue
[2024-11-12T17:30:54.246+0100] {logging_mixin.py:190} INFO - [2024-11-12T17:30:54.245+0100] {dagbag.py:588} INFO - Filling up the DagBag from /home/sakana/anaconda3/envs/airflow_env/lib/python3.8/site-packages/airflow/example_dags/example_params_ui_tutorial.py
[2024-11-12T17:30:54.264+0100] {processor.py:925} INFO - DAG(s) 'example_params_ui_tutorial' retrieved from /home/sakana/anaconda3/envs/airflow_env/lib/python3.8/site-packages/airflow/example_dags/example_params_ui_tutorial.py
[2024-11-12T17:30:54.353+0100] {logging_mixin.py:190} INFO - [2024-11-12T17:30:54.353+0100] {dag.py:3239} INFO - Sync 1 DAGs
[2024-11-12T17:30:54.374+0100] {logging_mixin.py:190} INFO - [2024-11-12T17:30:54.374+0100] {dag.py:4180} INFO - Setting next_dagrun for example_params_ui_tutorial to None, run_after=None
[2024-11-12T17:30:54.412+0100] {processor.py:208} INFO - Processing /home/sakana/anaconda3/envs/airflow_env/lib/python3.8/site-packages/airflow/example_dags/example_params_ui_tutorial.py took 0.188 seconds
[2024-11-12T17:32:06.132+0100] {processor.py:186} INFO - Started process (PID=10764) to work on /home/sakana/anaconda3/envs/airflow_env/lib/python3.8/site-packages/airflow/example_dags/example_params_ui_tutorial.py
[2024-11-12T17:32:06.137+0100] {processor.py:914} INFO - Processing file /home/sakana/anaconda3/envs/airflow_env/lib/python3.8/site-packages/airflow/example_dags/example_params_ui_tutorial.py for tasks to queue
[2024-11-12T17:32:06.141+0100] {logging_mixin.py:190} INFO - [2024-11-12T17:32:06.140+0100] {dagbag.py:588} INFO - Filling up the DagBag from /home/sakana/anaconda3/envs/airflow_env/lib/python3.8/site-packages/airflow/example_dags/example_params_ui_tutorial.py
[2024-11-12T17:32:06.161+0100] {processor.py:925} INFO - DAG(s) 'example_params_ui_tutorial' retrieved from /home/sakana/anaconda3/envs/airflow_env/lib/python3.8/site-packages/airflow/example_dags/example_params_ui_tutorial.py
[2024-11-12T17:32:06.242+0100] {logging_mixin.py:190} INFO - [2024-11-12T17:32:06.242+0100] {dag.py:3239} INFO - Sync 1 DAGs
[2024-11-12T17:32:06.258+0100] {logging_mixin.py:190} INFO - [2024-11-12T17:32:06.258+0100] {dag.py:4180} INFO - Setting next_dagrun for example_params_ui_tutorial to None, run_after=None
[2024-11-12T17:32:06.290+0100] {processor.py:208} INFO - Processing /home/sakana/anaconda3/envs/airflow_env/lib/python3.8/site-packages/airflow/example_dags/example_params_ui_tutorial.py took 0.167 seconds
[2024-11-12T17:33:13.926+0100] {processor.py:186} INFO - Started process (PID=10933) to work on /home/sakana/anaconda3/envs/airflow_env/lib/python3.8/site-packages/airflow/example_dags/example_params_ui_tutorial.py
[2024-11-12T17:33:13.928+0100] {processor.py:914} INFO - Processing file /home/sakana/anaconda3/envs/airflow_env/lib/python3.8/site-packages/airflow/example_dags/example_params_ui_tutorial.py for tasks to queue
[2024-11-12T17:33:13.932+0100] {logging_mixin.py:190} INFO - [2024-11-12T17:33:13.931+0100] {dagbag.py:588} INFO - Filling up the DagBag from /home/sakana/anaconda3/envs/airflow_env/lib/python3.8/site-packages/airflow/example_dags/example_params_ui_tutorial.py
[2024-11-12T17:33:13.946+0100] {processor.py:925} INFO - DAG(s) 'example_params_ui_tutorial' retrieved from /home/sakana/anaconda3/envs/airflow_env/lib/python3.8/site-packages/airflow/example_dags/example_params_ui_tutorial.py
[2024-11-12T17:33:14.013+0100] {logging_mixin.py:190} INFO - [2024-11-12T17:33:14.013+0100] {dag.py:3239} INFO - Sync 1 DAGs
[2024-11-12T17:33:14.030+0100] {logging_mixin.py:190} INFO - [2024-11-12T17:33:14.029+0100] {dag.py:4180} INFO - Setting next_dagrun for example_params_ui_tutorial to None, run_after=None
[2024-11-12T17:33:14.059+0100] {processor.py:208} INFO - Processing /home/sakana/anaconda3/envs/airflow_env/lib/python3.8/site-packages/airflow/example_dags/example_params_ui_tutorial.py took 0.143 seconds
[2024-11-12T17:34:17.573+0100] {processor.py:186} INFO - Started process (PID=11115) to work on /home/sakana/anaconda3/envs/airflow_env/lib/python3.8/site-packages/airflow/example_dags/example_params_ui_tutorial.py
[2024-11-12T17:34:17.579+0100] {processor.py:914} INFO - Processing file /home/sakana/anaconda3/envs/airflow_env/lib/python3.8/site-packages/airflow/example_dags/example_params_ui_tutorial.py for tasks to queue
[2024-11-12T17:34:17.581+0100] {logging_mixin.py:190} INFO - [2024-11-12T17:34:17.581+0100] {dagbag.py:588} INFO - Filling up the DagBag from /home/sakana/anaconda3/envs/airflow_env/lib/python3.8/site-packages/airflow/example_dags/example_params_ui_tutorial.py
[2024-11-12T17:34:17.595+0100] {processor.py:925} INFO - DAG(s) 'example_params_ui_tutorial' retrieved from /home/sakana/anaconda3/envs/airflow_env/lib/python3.8/site-packages/airflow/example_dags/example_params_ui_tutorial.py
[2024-11-12T17:34:17.645+0100] {logging_mixin.py:190} INFO - [2024-11-12T17:34:17.645+0100] {dag.py:3239} INFO - Sync 1 DAGs
[2024-11-12T17:34:17.656+0100] {logging_mixin.py:190} INFO - [2024-11-12T17:34:17.656+0100] {dag.py:4180} INFO - Setting next_dagrun for example_params_ui_tutorial to None, run_after=None
[2024-11-12T17:34:17.680+0100] {processor.py:208} INFO - Processing /home/sakana/anaconda3/envs/airflow_env/lib/python3.8/site-packages/airflow/example_dags/example_params_ui_tutorial.py took 0.116 seconds
[2024-11-12T17:35:19.149+0100] {processor.py:186} INFO - Started process (PID=11202) to work on /home/sakana/anaconda3/envs/airflow_env/lib/python3.8/site-packages/airflow/example_dags/example_params_ui_tutorial.py
[2024-11-12T17:35:19.179+0100] {processor.py:914} INFO - Processing file /home/sakana/anaconda3/envs/airflow_env/lib/python3.8/site-packages/airflow/example_dags/example_params_ui_tutorial.py for tasks to queue
[2024-11-12T17:35:19.181+0100] {logging_mixin.py:190} INFO - [2024-11-12T17:35:19.181+0100] {dagbag.py:588} INFO - Filling up the DagBag from /home/sakana/anaconda3/envs/airflow_env/lib/python3.8/site-packages/airflow/example_dags/example_params_ui_tutorial.py
[2024-11-12T17:35:19.193+0100] {processor.py:925} INFO - DAG(s) 'example_params_ui_tutorial' retrieved from /home/sakana/anaconda3/envs/airflow_env/lib/python3.8/site-packages/airflow/example_dags/example_params_ui_tutorial.py
[2024-11-12T17:35:19.239+0100] {logging_mixin.py:190} INFO - [2024-11-12T17:35:19.239+0100] {dag.py:3239} INFO - Sync 1 DAGs
[2024-11-12T17:35:19.250+0100] {logging_mixin.py:190} INFO - [2024-11-12T17:35:19.249+0100] {dag.py:4180} INFO - Setting next_dagrun for example_params_ui_tutorial to None, run_after=None
[2024-11-12T17:35:19.275+0100] {processor.py:208} INFO - Processing /home/sakana/anaconda3/envs/airflow_env/lib/python3.8/site-packages/airflow/example_dags/example_params_ui_tutorial.py took 0.136 seconds
[2024-11-12T17:36:18.257+0100] {processor.py:186} INFO - Started process (PID=11271) to work on /home/sakana/anaconda3/envs/airflow_env/lib/python3.8/site-packages/airflow/example_dags/example_params_ui_tutorial.py
[2024-11-12T17:36:18.262+0100] {processor.py:914} INFO - Processing file /home/sakana/anaconda3/envs/airflow_env/lib/python3.8/site-packages/airflow/example_dags/example_params_ui_tutorial.py for tasks to queue
[2024-11-12T17:36:18.265+0100] {logging_mixin.py:190} INFO - [2024-11-12T17:36:18.264+0100] {dagbag.py:588} INFO - Filling up the DagBag from /home/sakana/anaconda3/envs/airflow_env/lib/python3.8/site-packages/airflow/example_dags/example_params_ui_tutorial.py
[2024-11-12T17:36:18.277+0100] {processor.py:925} INFO - DAG(s) 'example_params_ui_tutorial' retrieved from /home/sakana/anaconda3/envs/airflow_env/lib/python3.8/site-packages/airflow/example_dags/example_params_ui_tutorial.py
[2024-11-12T17:36:18.327+0100] {logging_mixin.py:190} INFO - [2024-11-12T17:36:18.326+0100] {dag.py:3239} INFO - Sync 1 DAGs
[2024-11-12T17:36:18.340+0100] {logging_mixin.py:190} INFO - [2024-11-12T17:36:18.340+0100] {dag.py:4180} INFO - Setting next_dagrun for example_params_ui_tutorial to None, run_after=None
[2024-11-12T17:36:18.371+0100] {processor.py:208} INFO - Processing /home/sakana/anaconda3/envs/airflow_env/lib/python3.8/site-packages/airflow/example_dags/example_params_ui_tutorial.py took 0.122 seconds
[2024-11-12T17:37:16.238+0100] {processor.py:186} INFO - Started process (PID=11340) to work on /home/sakana/anaconda3/envs/airflow_env/lib/python3.8/site-packages/airflow/example_dags/example_params_ui_tutorial.py
[2024-11-12T17:37:16.243+0100] {processor.py:914} INFO - Processing file /home/sakana/anaconda3/envs/airflow_env/lib/python3.8/site-packages/airflow/example_dags/example_params_ui_tutorial.py for tasks to queue
[2024-11-12T17:37:16.245+0100] {logging_mixin.py:190} INFO - [2024-11-12T17:37:16.245+0100] {dagbag.py:588} INFO - Filling up the DagBag from /home/sakana/anaconda3/envs/airflow_env/lib/python3.8/site-packages/airflow/example_dags/example_params_ui_tutorial.py
[2024-11-12T17:37:16.256+0100] {processor.py:925} INFO - DAG(s) 'example_params_ui_tutorial' retrieved from /home/sakana/anaconda3/envs/airflow_env/lib/python3.8/site-packages/airflow/example_dags/example_params_ui_tutorial.py
[2024-11-12T17:37:16.304+0100] {logging_mixin.py:190} INFO - [2024-11-12T17:37:16.303+0100] {dag.py:3239} INFO - Sync 1 DAGs
[2024-11-12T17:37:16.315+0100] {logging_mixin.py:190} INFO - [2024-11-12T17:37:16.314+0100] {dag.py:4180} INFO - Setting next_dagrun for example_params_ui_tutorial to None, run_after=None
[2024-11-12T17:37:16.340+0100] {processor.py:208} INFO - Processing /home/sakana/anaconda3/envs/airflow_env/lib/python3.8/site-packages/airflow/example_dags/example_params_ui_tutorial.py took 0.109 seconds
