[2024-11-12T01:01:16.293+0100] {processor.py:186} INFO - Started process (PID=31193) to work on /home/sakana/anaconda3/envs/airflow_env/lib/python3.8/site-packages/airflow/example_dags/example_trigger_controller_dag.py
[2024-11-12T01:01:16.294+0100] {processor.py:914} INFO - Processing file /home/sakana/anaconda3/envs/airflow_env/lib/python3.8/site-packages/airflow/example_dags/example_trigger_controller_dag.py for tasks to queue
[2024-11-12T01:01:16.297+0100] {logging_mixin.py:190} INFO - [2024-11-12T01:01:16.297+0100] {dagbag.py:588} INFO - Filling up the DagBag from /home/sakana/anaconda3/envs/airflow_env/lib/python3.8/site-packages/airflow/example_dags/example_trigger_controller_dag.py
[2024-11-12T01:01:16.306+0100] {processor.py:925} INFO - DAG(s) 'example_trigger_controller_dag' retrieved from /home/sakana/anaconda3/envs/airflow_env/lib/python3.8/site-packages/airflow/example_dags/example_trigger_controller_dag.py
[2024-11-12T01:01:16.332+0100] {logging_mixin.py:190} INFO - [2024-11-12T01:01:16.332+0100] {dag.py:3239} INFO - Sync 1 DAGs
[2024-11-12T01:01:16.370+0100] {logging_mixin.py:190} INFO - [2024-11-12T01:01:16.370+0100] {dag.py:4180} INFO - Setting next_dagrun for example_trigger_controller_dag to 2021-01-01 00:00:00+00:00, run_after=2021-01-01 00:00:00+00:00
[2024-11-12T01:01:16.417+0100] {processor.py:208} INFO - Processing /home/sakana/anaconda3/envs/airflow_env/lib/python3.8/site-packages/airflow/example_dags/example_trigger_controller_dag.py took 0.130 seconds
[2024-11-12T01:02:19.104+0100] {processor.py:186} INFO - Started process (PID=31681) to work on /home/sakana/anaconda3/envs/airflow_env/lib/python3.8/site-packages/airflow/example_dags/example_trigger_controller_dag.py
[2024-11-12T01:02:19.111+0100] {processor.py:914} INFO - Processing file /home/sakana/anaconda3/envs/airflow_env/lib/python3.8/site-packages/airflow/example_dags/example_trigger_controller_dag.py for tasks to queue
[2024-11-12T01:02:19.119+0100] {logging_mixin.py:190} INFO - [2024-11-12T01:02:19.117+0100] {dagbag.py:588} INFO - Filling up the DagBag from /home/sakana/anaconda3/envs/airflow_env/lib/python3.8/site-packages/airflow/example_dags/example_trigger_controller_dag.py
[2024-11-12T01:02:19.134+0100] {processor.py:925} INFO - DAG(s) 'example_trigger_controller_dag' retrieved from /home/sakana/anaconda3/envs/airflow_env/lib/python3.8/site-packages/airflow/example_dags/example_trigger_controller_dag.py
[2024-11-12T01:02:19.157+0100] {logging_mixin.py:190} INFO - [2024-11-12T01:02:19.157+0100] {dag.py:3239} INFO - Sync 1 DAGs
[2024-11-12T01:02:19.188+0100] {logging_mixin.py:190} INFO - [2024-11-12T01:02:19.188+0100] {dag.py:4180} INFO - Setting next_dagrun for example_trigger_controller_dag to 2021-01-01 00:00:00+00:00, run_after=2021-01-01 00:00:00+00:00
[2024-11-12T01:02:19.214+0100] {processor.py:208} INFO - Processing /home/sakana/anaconda3/envs/airflow_env/lib/python3.8/site-packages/airflow/example_dags/example_trigger_controller_dag.py took 0.129 seconds
[2024-11-12T01:03:23.650+0100] {processor.py:186} INFO - Started process (PID=32221) to work on /home/sakana/anaconda3/envs/airflow_env/lib/python3.8/site-packages/airflow/example_dags/example_trigger_controller_dag.py
[2024-11-12T01:03:23.651+0100] {processor.py:914} INFO - Processing file /home/sakana/anaconda3/envs/airflow_env/lib/python3.8/site-packages/airflow/example_dags/example_trigger_controller_dag.py for tasks to queue
[2024-11-12T01:03:23.653+0100] {logging_mixin.py:190} INFO - [2024-11-12T01:03:23.653+0100] {dagbag.py:588} INFO - Filling up the DagBag from /home/sakana/anaconda3/envs/airflow_env/lib/python3.8/site-packages/airflow/example_dags/example_trigger_controller_dag.py
[2024-11-12T01:03:23.661+0100] {processor.py:925} INFO - DAG(s) 'example_trigger_controller_dag' retrieved from /home/sakana/anaconda3/envs/airflow_env/lib/python3.8/site-packages/airflow/example_dags/example_trigger_controller_dag.py
[2024-11-12T01:03:23.676+0100] {logging_mixin.py:190} INFO - [2024-11-12T01:03:23.676+0100] {dag.py:3239} INFO - Sync 1 DAGs
[2024-11-12T01:03:23.707+0100] {logging_mixin.py:190} INFO - [2024-11-12T01:03:23.706+0100] {dag.py:4180} INFO - Setting next_dagrun for example_trigger_controller_dag to 2021-01-01 00:00:00+00:00, run_after=2021-01-01 00:00:00+00:00
[2024-11-12T01:03:23.738+0100] {processor.py:208} INFO - Processing /home/sakana/anaconda3/envs/airflow_env/lib/python3.8/site-packages/airflow/example_dags/example_trigger_controller_dag.py took 0.096 seconds
[2024-11-12T01:06:48.687+0100] {processor.py:186} INFO - Started process (PID=34198) to work on /home/sakana/anaconda3/envs/airflow_env/lib/python3.8/site-packages/airflow/example_dags/example_trigger_controller_dag.py
[2024-11-12T01:06:48.692+0100] {processor.py:914} INFO - Processing file /home/sakana/anaconda3/envs/airflow_env/lib/python3.8/site-packages/airflow/example_dags/example_trigger_controller_dag.py for tasks to queue
[2024-11-12T01:06:48.695+0100] {logging_mixin.py:190} INFO - [2024-11-12T01:06:48.695+0100] {dagbag.py:588} INFO - Filling up the DagBag from /home/sakana/anaconda3/envs/airflow_env/lib/python3.8/site-packages/airflow/example_dags/example_trigger_controller_dag.py
[2024-11-12T01:06:48.706+0100] {processor.py:925} INFO - DAG(s) 'example_trigger_controller_dag' retrieved from /home/sakana/anaconda3/envs/airflow_env/lib/python3.8/site-packages/airflow/example_dags/example_trigger_controller_dag.py
[2024-11-12T01:06:48.725+0100] {logging_mixin.py:190} INFO - [2024-11-12T01:06:48.725+0100] {dag.py:3239} INFO - Sync 1 DAGs
[2024-11-12T01:06:48.752+0100] {logging_mixin.py:190} INFO - [2024-11-12T01:06:48.752+0100] {dag.py:4180} INFO - Setting next_dagrun for example_trigger_controller_dag to 2021-01-01 00:00:00+00:00, run_after=2021-01-01 00:00:00+00:00
[2024-11-12T01:06:48.789+0100] {processor.py:208} INFO - Processing /home/sakana/anaconda3/envs/airflow_env/lib/python3.8/site-packages/airflow/example_dags/example_trigger_controller_dag.py took 0.111 seconds
[2024-11-12T01:10:03.147+0100] {processor.py:186} INFO - Started process (PID=4072) to work on /home/sakana/anaconda3/envs/airflow_env/lib/python3.8/site-packages/airflow/example_dags/example_trigger_controller_dag.py
[2024-11-12T01:10:03.177+0100] {processor.py:914} INFO - Processing file /home/sakana/anaconda3/envs/airflow_env/lib/python3.8/site-packages/airflow/example_dags/example_trigger_controller_dag.py for tasks to queue
[2024-11-12T01:10:03.183+0100] {logging_mixin.py:190} INFO - [2024-11-12T01:10:03.181+0100] {dagbag.py:588} INFO - Filling up the DagBag from /home/sakana/anaconda3/envs/airflow_env/lib/python3.8/site-packages/airflow/example_dags/example_trigger_controller_dag.py
[2024-11-12T01:10:03.203+0100] {processor.py:925} INFO - DAG(s) 'example_trigger_controller_dag' retrieved from /home/sakana/anaconda3/envs/airflow_env/lib/python3.8/site-packages/airflow/example_dags/example_trigger_controller_dag.py
[2024-11-12T01:10:03.224+0100] {logging_mixin.py:190} INFO - [2024-11-12T01:10:03.223+0100] {dag.py:3239} INFO - Sync 1 DAGs
[2024-11-12T01:10:03.244+0100] {logging_mixin.py:190} INFO - [2024-11-12T01:10:03.244+0100] {dag.py:4180} INFO - Setting next_dagrun for example_trigger_controller_dag to 2021-01-01 00:00:00+00:00, run_after=2021-01-01 00:00:00+00:00
[2024-11-12T01:10:03.376+0100] {processor.py:208} INFO - Processing /home/sakana/anaconda3/envs/airflow_env/lib/python3.8/site-packages/airflow/example_dags/example_trigger_controller_dag.py took 0.235 seconds
[2024-11-12T01:11:04.920+0100] {processor.py:186} INFO - Started process (PID=4202) to work on /home/sakana/anaconda3/envs/airflow_env/lib/python3.8/site-packages/airflow/example_dags/example_trigger_controller_dag.py
[2024-11-12T01:11:04.924+0100] {processor.py:914} INFO - Processing file /home/sakana/anaconda3/envs/airflow_env/lib/python3.8/site-packages/airflow/example_dags/example_trigger_controller_dag.py for tasks to queue
[2024-11-12T01:11:04.929+0100] {logging_mixin.py:190} INFO - [2024-11-12T01:11:04.928+0100] {dagbag.py:588} INFO - Filling up the DagBag from /home/sakana/anaconda3/envs/airflow_env/lib/python3.8/site-packages/airflow/example_dags/example_trigger_controller_dag.py
[2024-11-12T01:11:04.941+0100] {processor.py:925} INFO - DAG(s) 'example_trigger_controller_dag' retrieved from /home/sakana/anaconda3/envs/airflow_env/lib/python3.8/site-packages/airflow/example_dags/example_trigger_controller_dag.py
[2024-11-12T01:11:04.956+0100] {logging_mixin.py:190} INFO - [2024-11-12T01:11:04.956+0100] {dag.py:3239} INFO - Sync 1 DAGs
[2024-11-12T01:11:04.973+0100] {logging_mixin.py:190} INFO - [2024-11-12T01:11:04.973+0100] {dag.py:4180} INFO - Setting next_dagrun for example_trigger_controller_dag to 2021-01-01 00:00:00+00:00, run_after=2021-01-01 00:00:00+00:00
[2024-11-12T01:11:05.015+0100] {processor.py:208} INFO - Processing /home/sakana/anaconda3/envs/airflow_env/lib/python3.8/site-packages/airflow/example_dags/example_trigger_controller_dag.py took 0.112 seconds
[2024-11-12T01:12:03.586+0100] {processor.py:186} INFO - Started process (PID=4315) to work on /home/sakana/anaconda3/envs/airflow_env/lib/python3.8/site-packages/airflow/example_dags/example_trigger_controller_dag.py
[2024-11-12T01:12:03.592+0100] {processor.py:914} INFO - Processing file /home/sakana/anaconda3/envs/airflow_env/lib/python3.8/site-packages/airflow/example_dags/example_trigger_controller_dag.py for tasks to queue
[2024-11-12T01:12:03.598+0100] {logging_mixin.py:190} INFO - [2024-11-12T01:12:03.597+0100] {dagbag.py:588} INFO - Filling up the DagBag from /home/sakana/anaconda3/envs/airflow_env/lib/python3.8/site-packages/airflow/example_dags/example_trigger_controller_dag.py
[2024-11-12T01:12:03.615+0100] {processor.py:925} INFO - DAG(s) 'example_trigger_controller_dag' retrieved from /home/sakana/anaconda3/envs/airflow_env/lib/python3.8/site-packages/airflow/example_dags/example_trigger_controller_dag.py
[2024-11-12T01:12:03.632+0100] {logging_mixin.py:190} INFO - [2024-11-12T01:12:03.632+0100] {dag.py:3239} INFO - Sync 1 DAGs
[2024-11-12T01:12:03.650+0100] {logging_mixin.py:190} INFO - [2024-11-12T01:12:03.650+0100] {dag.py:4180} INFO - Setting next_dagrun for example_trigger_controller_dag to 2021-01-01 00:00:00+00:00, run_after=2021-01-01 00:00:00+00:00
[2024-11-12T01:12:03.681+0100] {processor.py:208} INFO - Processing /home/sakana/anaconda3/envs/airflow_env/lib/python3.8/site-packages/airflow/example_dags/example_trigger_controller_dag.py took 0.103 seconds
[2024-11-12T16:37:42.943+0100] {processor.py:186} INFO - Started process (PID=6596) to work on /home/sakana/anaconda3/envs/airflow_env/lib/python3.8/site-packages/airflow/example_dags/example_trigger_controller_dag.py
[2024-11-12T16:37:42.948+0100] {processor.py:914} INFO - Processing file /home/sakana/anaconda3/envs/airflow_env/lib/python3.8/site-packages/airflow/example_dags/example_trigger_controller_dag.py for tasks to queue
[2024-11-12T16:37:42.950+0100] {logging_mixin.py:190} INFO - [2024-11-12T16:37:42.949+0100] {dagbag.py:588} INFO - Filling up the DagBag from /home/sakana/anaconda3/envs/airflow_env/lib/python3.8/site-packages/airflow/example_dags/example_trigger_controller_dag.py
[2024-11-12T16:37:42.956+0100] {processor.py:925} INFO - DAG(s) 'example_trigger_controller_dag' retrieved from /home/sakana/anaconda3/envs/airflow_env/lib/python3.8/site-packages/airflow/example_dags/example_trigger_controller_dag.py
[2024-11-12T16:37:42.971+0100] {logging_mixin.py:190} INFO - [2024-11-12T16:37:42.970+0100] {dag.py:3239} INFO - Sync 1 DAGs
[2024-11-12T16:37:42.997+0100] {logging_mixin.py:190} INFO - [2024-11-12T16:37:42.997+0100] {dag.py:4180} INFO - Setting next_dagrun for example_trigger_controller_dag to 2021-01-01 00:00:00+00:00, run_after=2021-01-01 00:00:00+00:00
[2024-11-12T16:37:43.030+0100] {processor.py:208} INFO - Processing /home/sakana/anaconda3/envs/airflow_env/lib/python3.8/site-packages/airflow/example_dags/example_trigger_controller_dag.py took 0.093 seconds
[2024-11-12T16:39:44.880+0100] {processor.py:186} INFO - Started process (PID=6915) to work on /home/sakana/anaconda3/envs/airflow_env/lib/python3.8/site-packages/airflow/example_dags/example_trigger_controller_dag.py
[2024-11-12T16:39:44.885+0100] {processor.py:914} INFO - Processing file /home/sakana/anaconda3/envs/airflow_env/lib/python3.8/site-packages/airflow/example_dags/example_trigger_controller_dag.py for tasks to queue
[2024-11-12T16:39:44.888+0100] {logging_mixin.py:190} INFO - [2024-11-12T16:39:44.887+0100] {dagbag.py:588} INFO - Filling up the DagBag from /home/sakana/anaconda3/envs/airflow_env/lib/python3.8/site-packages/airflow/example_dags/example_trigger_controller_dag.py
[2024-11-12T16:39:44.895+0100] {processor.py:925} INFO - DAG(s) 'example_trigger_controller_dag' retrieved from /home/sakana/anaconda3/envs/airflow_env/lib/python3.8/site-packages/airflow/example_dags/example_trigger_controller_dag.py
[2024-11-12T16:39:44.915+0100] {logging_mixin.py:190} INFO - [2024-11-12T16:39:44.914+0100] {dag.py:3239} INFO - Sync 1 DAGs
[2024-11-12T16:39:44.941+0100] {logging_mixin.py:190} INFO - [2024-11-12T16:39:44.941+0100] {dag.py:4180} INFO - Setting next_dagrun for example_trigger_controller_dag to 2021-01-01 00:00:00+00:00, run_after=2021-01-01 00:00:00+00:00
[2024-11-12T16:39:44.975+0100] {processor.py:208} INFO - Processing /home/sakana/anaconda3/envs/airflow_env/lib/python3.8/site-packages/airflow/example_dags/example_trigger_controller_dag.py took 0.103 seconds
[2024-11-12T16:40:58.789+0100] {processor.py:186} INFO - Started process (PID=7057) to work on /home/sakana/anaconda3/envs/airflow_env/lib/python3.8/site-packages/airflow/example_dags/example_trigger_controller_dag.py
[2024-11-12T16:40:58.794+0100] {processor.py:914} INFO - Processing file /home/sakana/anaconda3/envs/airflow_env/lib/python3.8/site-packages/airflow/example_dags/example_trigger_controller_dag.py for tasks to queue
[2024-11-12T16:40:58.797+0100] {logging_mixin.py:190} INFO - [2024-11-12T16:40:58.796+0100] {dagbag.py:588} INFO - Filling up the DagBag from /home/sakana/anaconda3/envs/airflow_env/lib/python3.8/site-packages/airflow/example_dags/example_trigger_controller_dag.py
[2024-11-12T16:40:58.807+0100] {processor.py:925} INFO - DAG(s) 'example_trigger_controller_dag' retrieved from /home/sakana/anaconda3/envs/airflow_env/lib/python3.8/site-packages/airflow/example_dags/example_trigger_controller_dag.py
[2024-11-12T16:40:58.825+0100] {logging_mixin.py:190} INFO - [2024-11-12T16:40:58.825+0100] {dag.py:3239} INFO - Sync 1 DAGs
[2024-11-12T16:40:58.853+0100] {logging_mixin.py:190} INFO - [2024-11-12T16:40:58.853+0100] {dag.py:4180} INFO - Setting next_dagrun for example_trigger_controller_dag to 2021-01-01 00:00:00+00:00, run_after=2021-01-01 00:00:00+00:00
[2024-11-12T16:40:58.888+0100] {processor.py:208} INFO - Processing /home/sakana/anaconda3/envs/airflow_env/lib/python3.8/site-packages/airflow/example_dags/example_trigger_controller_dag.py took 0.109 seconds
[2024-11-12T16:41:57.667+0100] {processor.py:186} INFO - Started process (PID=7152) to work on /home/sakana/anaconda3/envs/airflow_env/lib/python3.8/site-packages/airflow/example_dags/example_trigger_controller_dag.py
[2024-11-12T16:41:57.673+0100] {processor.py:914} INFO - Processing file /home/sakana/anaconda3/envs/airflow_env/lib/python3.8/site-packages/airflow/example_dags/example_trigger_controller_dag.py for tasks to queue
[2024-11-12T16:41:57.677+0100] {logging_mixin.py:190} INFO - [2024-11-12T16:41:57.677+0100] {dagbag.py:588} INFO - Filling up the DagBag from /home/sakana/anaconda3/envs/airflow_env/lib/python3.8/site-packages/airflow/example_dags/example_trigger_controller_dag.py
[2024-11-12T16:41:57.691+0100] {processor.py:925} INFO - DAG(s) 'example_trigger_controller_dag' retrieved from /home/sakana/anaconda3/envs/airflow_env/lib/python3.8/site-packages/airflow/example_dags/example_trigger_controller_dag.py
[2024-11-12T16:41:57.715+0100] {logging_mixin.py:190} INFO - [2024-11-12T16:41:57.715+0100] {dag.py:3239} INFO - Sync 1 DAGs
[2024-11-12T16:41:57.764+0100] {logging_mixin.py:190} INFO - [2024-11-12T16:41:57.764+0100] {dag.py:4180} INFO - Setting next_dagrun for example_trigger_controller_dag to 2021-01-01 00:00:00+00:00, run_after=2021-01-01 00:00:00+00:00
[2024-11-12T16:41:57.859+0100] {processor.py:208} INFO - Processing /home/sakana/anaconda3/envs/airflow_env/lib/python3.8/site-packages/airflow/example_dags/example_trigger_controller_dag.py took 0.203 seconds
[2024-11-12T16:42:53.432+0100] {processor.py:186} INFO - Started process (PID=7291) to work on /home/sakana/anaconda3/envs/airflow_env/lib/python3.8/site-packages/airflow/example_dags/example_trigger_controller_dag.py
[2024-11-12T16:42:53.437+0100] {processor.py:914} INFO - Processing file /home/sakana/anaconda3/envs/airflow_env/lib/python3.8/site-packages/airflow/example_dags/example_trigger_controller_dag.py for tasks to queue
[2024-11-12T16:42:53.440+0100] {logging_mixin.py:190} INFO - [2024-11-12T16:42:53.440+0100] {dagbag.py:588} INFO - Filling up the DagBag from /home/sakana/anaconda3/envs/airflow_env/lib/python3.8/site-packages/airflow/example_dags/example_trigger_controller_dag.py
[2024-11-12T16:42:53.446+0100] {processor.py:925} INFO - DAG(s) 'example_trigger_controller_dag' retrieved from /home/sakana/anaconda3/envs/airflow_env/lib/python3.8/site-packages/airflow/example_dags/example_trigger_controller_dag.py
[2024-11-12T16:42:53.460+0100] {logging_mixin.py:190} INFO - [2024-11-12T16:42:53.460+0100] {dag.py:3239} INFO - Sync 1 DAGs
[2024-11-12T16:42:53.479+0100] {logging_mixin.py:190} INFO - [2024-11-12T16:42:53.479+0100] {dag.py:4180} INFO - Setting next_dagrun for example_trigger_controller_dag to 2021-01-01 00:00:00+00:00, run_after=2021-01-01 00:00:00+00:00
[2024-11-12T16:42:53.518+0100] {processor.py:208} INFO - Processing /home/sakana/anaconda3/envs/airflow_env/lib/python3.8/site-packages/airflow/example_dags/example_trigger_controller_dag.py took 0.094 seconds
[2024-11-12T16:43:51.637+0100] {processor.py:186} INFO - Started process (PID=7402) to work on /home/sakana/anaconda3/envs/airflow_env/lib/python3.8/site-packages/airflow/example_dags/example_trigger_controller_dag.py
[2024-11-12T16:43:51.642+0100] {processor.py:914} INFO - Processing file /home/sakana/anaconda3/envs/airflow_env/lib/python3.8/site-packages/airflow/example_dags/example_trigger_controller_dag.py for tasks to queue
[2024-11-12T16:43:51.644+0100] {logging_mixin.py:190} INFO - [2024-11-12T16:43:51.644+0100] {dagbag.py:588} INFO - Filling up the DagBag from /home/sakana/anaconda3/envs/airflow_env/lib/python3.8/site-packages/airflow/example_dags/example_trigger_controller_dag.py
[2024-11-12T16:43:51.652+0100] {processor.py:925} INFO - DAG(s) 'example_trigger_controller_dag' retrieved from /home/sakana/anaconda3/envs/airflow_env/lib/python3.8/site-packages/airflow/example_dags/example_trigger_controller_dag.py
[2024-11-12T16:43:51.668+0100] {logging_mixin.py:190} INFO - [2024-11-12T16:43:51.668+0100] {dag.py:3239} INFO - Sync 1 DAGs
[2024-11-12T16:43:51.691+0100] {logging_mixin.py:190} INFO - [2024-11-12T16:43:51.690+0100] {dag.py:4180} INFO - Setting next_dagrun for example_trigger_controller_dag to 2021-01-01 00:00:00+00:00, run_after=2021-01-01 00:00:00+00:00
[2024-11-12T16:43:51.716+0100] {processor.py:208} INFO - Processing /home/sakana/anaconda3/envs/airflow_env/lib/python3.8/site-packages/airflow/example_dags/example_trigger_controller_dag.py took 0.086 seconds
[2024-11-12T16:44:48.594+0100] {processor.py:186} INFO - Started process (PID=7478) to work on /home/sakana/anaconda3/envs/airflow_env/lib/python3.8/site-packages/airflow/example_dags/example_trigger_controller_dag.py
[2024-11-12T16:44:48.600+0100] {processor.py:914} INFO - Processing file /home/sakana/anaconda3/envs/airflow_env/lib/python3.8/site-packages/airflow/example_dags/example_trigger_controller_dag.py for tasks to queue
[2024-11-12T16:44:48.602+0100] {logging_mixin.py:190} INFO - [2024-11-12T16:44:48.601+0100] {dagbag.py:588} INFO - Filling up the DagBag from /home/sakana/anaconda3/envs/airflow_env/lib/python3.8/site-packages/airflow/example_dags/example_trigger_controller_dag.py
[2024-11-12T16:44:48.610+0100] {processor.py:925} INFO - DAG(s) 'example_trigger_controller_dag' retrieved from /home/sakana/anaconda3/envs/airflow_env/lib/python3.8/site-packages/airflow/example_dags/example_trigger_controller_dag.py
[2024-11-12T16:44:48.626+0100] {logging_mixin.py:190} INFO - [2024-11-12T16:44:48.625+0100] {dag.py:3239} INFO - Sync 1 DAGs
[2024-11-12T16:44:48.645+0100] {logging_mixin.py:190} INFO - [2024-11-12T16:44:48.644+0100] {dag.py:4180} INFO - Setting next_dagrun for example_trigger_controller_dag to 2021-01-01 00:00:00+00:00, run_after=2021-01-01 00:00:00+00:00
[2024-11-12T16:44:48.688+0100] {processor.py:208} INFO - Processing /home/sakana/anaconda3/envs/airflow_env/lib/python3.8/site-packages/airflow/example_dags/example_trigger_controller_dag.py took 0.101 seconds
[2024-11-12T16:45:42.538+0100] {processor.py:186} INFO - Started process (PID=7549) to work on /home/sakana/anaconda3/envs/airflow_env/lib/python3.8/site-packages/airflow/example_dags/example_trigger_controller_dag.py
[2024-11-12T16:45:42.544+0100] {processor.py:914} INFO - Processing file /home/sakana/anaconda3/envs/airflow_env/lib/python3.8/site-packages/airflow/example_dags/example_trigger_controller_dag.py for tasks to queue
[2024-11-12T16:45:42.548+0100] {logging_mixin.py:190} INFO - [2024-11-12T16:45:42.547+0100] {dagbag.py:588} INFO - Filling up the DagBag from /home/sakana/anaconda3/envs/airflow_env/lib/python3.8/site-packages/airflow/example_dags/example_trigger_controller_dag.py
[2024-11-12T16:45:42.559+0100] {processor.py:925} INFO - DAG(s) 'example_trigger_controller_dag' retrieved from /home/sakana/anaconda3/envs/airflow_env/lib/python3.8/site-packages/airflow/example_dags/example_trigger_controller_dag.py
[2024-11-12T16:45:42.577+0100] {logging_mixin.py:190} INFO - [2024-11-12T16:45:42.577+0100] {dag.py:3239} INFO - Sync 1 DAGs
[2024-11-12T16:45:42.595+0100] {logging_mixin.py:190} INFO - [2024-11-12T16:45:42.595+0100] {dag.py:4180} INFO - Setting next_dagrun for example_trigger_controller_dag to 2021-01-01 00:00:00+00:00, run_after=2021-01-01 00:00:00+00:00
[2024-11-12T16:45:42.620+0100] {processor.py:208} INFO - Processing /home/sakana/anaconda3/envs/airflow_env/lib/python3.8/site-packages/airflow/example_dags/example_trigger_controller_dag.py took 0.092 seconds
[2024-11-12T16:46:52.439+0100] {processor.py:186} INFO - Started process (PID=7681) to work on /home/sakana/anaconda3/envs/airflow_env/lib/python3.8/site-packages/airflow/example_dags/example_trigger_controller_dag.py
[2024-11-12T16:46:52.445+0100] {processor.py:914} INFO - Processing file /home/sakana/anaconda3/envs/airflow_env/lib/python3.8/site-packages/airflow/example_dags/example_trigger_controller_dag.py for tasks to queue
[2024-11-12T16:46:52.450+0100] {logging_mixin.py:190} INFO - [2024-11-12T16:46:52.449+0100] {dagbag.py:588} INFO - Filling up the DagBag from /home/sakana/anaconda3/envs/airflow_env/lib/python3.8/site-packages/airflow/example_dags/example_trigger_controller_dag.py
[2024-11-12T16:46:52.461+0100] {processor.py:925} INFO - DAG(s) 'example_trigger_controller_dag' retrieved from /home/sakana/anaconda3/envs/airflow_env/lib/python3.8/site-packages/airflow/example_dags/example_trigger_controller_dag.py
[2024-11-12T16:46:52.476+0100] {logging_mixin.py:190} INFO - [2024-11-12T16:46:52.476+0100] {dag.py:3239} INFO - Sync 1 DAGs
[2024-11-12T16:46:52.495+0100] {logging_mixin.py:190} INFO - [2024-11-12T16:46:52.494+0100] {dag.py:4180} INFO - Setting next_dagrun for example_trigger_controller_dag to 2021-01-01 00:00:00+00:00, run_after=2021-01-01 00:00:00+00:00
[2024-11-12T16:46:52.544+0100] {processor.py:208} INFO - Processing /home/sakana/anaconda3/envs/airflow_env/lib/python3.8/site-packages/airflow/example_dags/example_trigger_controller_dag.py took 0.118 seconds
[2024-11-12T16:47:50.925+0100] {processor.py:186} INFO - Started process (PID=7750) to work on /home/sakana/anaconda3/envs/airflow_env/lib/python3.8/site-packages/airflow/example_dags/example_trigger_controller_dag.py
[2024-11-12T16:47:50.929+0100] {processor.py:914} INFO - Processing file /home/sakana/anaconda3/envs/airflow_env/lib/python3.8/site-packages/airflow/example_dags/example_trigger_controller_dag.py for tasks to queue
[2024-11-12T16:47:50.932+0100] {logging_mixin.py:190} INFO - [2024-11-12T16:47:50.932+0100] {dagbag.py:588} INFO - Filling up the DagBag from /home/sakana/anaconda3/envs/airflow_env/lib/python3.8/site-packages/airflow/example_dags/example_trigger_controller_dag.py
[2024-11-12T16:47:50.938+0100] {processor.py:925} INFO - DAG(s) 'example_trigger_controller_dag' retrieved from /home/sakana/anaconda3/envs/airflow_env/lib/python3.8/site-packages/airflow/example_dags/example_trigger_controller_dag.py
[2024-11-12T16:47:50.951+0100] {logging_mixin.py:190} INFO - [2024-11-12T16:47:50.951+0100] {dag.py:3239} INFO - Sync 1 DAGs
[2024-11-12T16:47:50.974+0100] {logging_mixin.py:190} INFO - [2024-11-12T16:47:50.974+0100] {dag.py:4180} INFO - Setting next_dagrun for example_trigger_controller_dag to 2021-01-01 00:00:00+00:00, run_after=2021-01-01 00:00:00+00:00
[2024-11-12T16:47:51.009+0100] {processor.py:208} INFO - Processing /home/sakana/anaconda3/envs/airflow_env/lib/python3.8/site-packages/airflow/example_dags/example_trigger_controller_dag.py took 0.090 seconds
[2024-11-12T16:48:48.265+0100] {processor.py:186} INFO - Started process (PID=7906) to work on /home/sakana/anaconda3/envs/airflow_env/lib/python3.8/site-packages/airflow/example_dags/example_trigger_controller_dag.py
[2024-11-12T16:48:48.267+0100] {processor.py:914} INFO - Processing file /home/sakana/anaconda3/envs/airflow_env/lib/python3.8/site-packages/airflow/example_dags/example_trigger_controller_dag.py for tasks to queue
[2024-11-12T16:48:48.270+0100] {logging_mixin.py:190} INFO - [2024-11-12T16:48:48.268+0100] {dagbag.py:588} INFO - Filling up the DagBag from /home/sakana/anaconda3/envs/airflow_env/lib/python3.8/site-packages/airflow/example_dags/example_trigger_controller_dag.py
[2024-11-12T16:48:48.277+0100] {processor.py:925} INFO - DAG(s) 'example_trigger_controller_dag' retrieved from /home/sakana/anaconda3/envs/airflow_env/lib/python3.8/site-packages/airflow/example_dags/example_trigger_controller_dag.py
[2024-11-12T16:48:48.297+0100] {logging_mixin.py:190} INFO - [2024-11-12T16:48:48.297+0100] {dag.py:3239} INFO - Sync 1 DAGs
[2024-11-12T16:48:48.323+0100] {logging_mixin.py:190} INFO - [2024-11-12T16:48:48.322+0100] {dag.py:4180} INFO - Setting next_dagrun for example_trigger_controller_dag to 2021-01-01 00:00:00+00:00, run_after=2021-01-01 00:00:00+00:00
[2024-11-12T16:48:48.364+0100] {processor.py:208} INFO - Processing /home/sakana/anaconda3/envs/airflow_env/lib/python3.8/site-packages/airflow/example_dags/example_trigger_controller_dag.py took 0.105 seconds
[2024-11-12T16:49:45.476+0100] {processor.py:186} INFO - Started process (PID=7999) to work on /home/sakana/anaconda3/envs/airflow_env/lib/python3.8/site-packages/airflow/example_dags/example_trigger_controller_dag.py
[2024-11-12T16:49:45.482+0100] {processor.py:914} INFO - Processing file /home/sakana/anaconda3/envs/airflow_env/lib/python3.8/site-packages/airflow/example_dags/example_trigger_controller_dag.py for tasks to queue
[2024-11-12T16:49:45.485+0100] {logging_mixin.py:190} INFO - [2024-11-12T16:49:45.485+0100] {dagbag.py:588} INFO - Filling up the DagBag from /home/sakana/anaconda3/envs/airflow_env/lib/python3.8/site-packages/airflow/example_dags/example_trigger_controller_dag.py
[2024-11-12T16:49:45.494+0100] {processor.py:925} INFO - DAG(s) 'example_trigger_controller_dag' retrieved from /home/sakana/anaconda3/envs/airflow_env/lib/python3.8/site-packages/airflow/example_dags/example_trigger_controller_dag.py
[2024-11-12T16:49:45.509+0100] {logging_mixin.py:190} INFO - [2024-11-12T16:49:45.509+0100] {dag.py:3239} INFO - Sync 1 DAGs
[2024-11-12T16:49:45.527+0100] {logging_mixin.py:190} INFO - [2024-11-12T16:49:45.527+0100] {dag.py:4180} INFO - Setting next_dagrun for example_trigger_controller_dag to 2021-01-01 00:00:00+00:00, run_after=2021-01-01 00:00:00+00:00
[2024-11-12T16:49:45.553+0100] {processor.py:208} INFO - Processing /home/sakana/anaconda3/envs/airflow_env/lib/python3.8/site-packages/airflow/example_dags/example_trigger_controller_dag.py took 0.087 seconds
[2024-11-12T16:50:42.745+0100] {processor.py:186} INFO - Started process (PID=8066) to work on /home/sakana/anaconda3/envs/airflow_env/lib/python3.8/site-packages/airflow/example_dags/example_trigger_controller_dag.py
[2024-11-12T16:50:42.750+0100] {processor.py:914} INFO - Processing file /home/sakana/anaconda3/envs/airflow_env/lib/python3.8/site-packages/airflow/example_dags/example_trigger_controller_dag.py for tasks to queue
[2024-11-12T16:50:42.754+0100] {logging_mixin.py:190} INFO - [2024-11-12T16:50:42.753+0100] {dagbag.py:588} INFO - Filling up the DagBag from /home/sakana/anaconda3/envs/airflow_env/lib/python3.8/site-packages/airflow/example_dags/example_trigger_controller_dag.py
[2024-11-12T16:50:42.763+0100] {processor.py:925} INFO - DAG(s) 'example_trigger_controller_dag' retrieved from /home/sakana/anaconda3/envs/airflow_env/lib/python3.8/site-packages/airflow/example_dags/example_trigger_controller_dag.py
[2024-11-12T16:50:42.780+0100] {logging_mixin.py:190} INFO - [2024-11-12T16:50:42.780+0100] {dag.py:3239} INFO - Sync 1 DAGs
[2024-11-12T16:50:42.798+0100] {logging_mixin.py:190} INFO - [2024-11-12T16:50:42.798+0100] {dag.py:4180} INFO - Setting next_dagrun for example_trigger_controller_dag to 2021-01-01 00:00:00+00:00, run_after=2021-01-01 00:00:00+00:00
[2024-11-12T16:50:42.839+0100] {processor.py:208} INFO - Processing /home/sakana/anaconda3/envs/airflow_env/lib/python3.8/site-packages/airflow/example_dags/example_trigger_controller_dag.py took 0.102 seconds
[2024-11-12T16:51:39.246+0100] {processor.py:186} INFO - Started process (PID=8139) to work on /home/sakana/anaconda3/envs/airflow_env/lib/python3.8/site-packages/airflow/example_dags/example_trigger_controller_dag.py
[2024-11-12T16:51:39.251+0100] {processor.py:914} INFO - Processing file /home/sakana/anaconda3/envs/airflow_env/lib/python3.8/site-packages/airflow/example_dags/example_trigger_controller_dag.py for tasks to queue
[2024-11-12T16:51:39.254+0100] {logging_mixin.py:190} INFO - [2024-11-12T16:51:39.254+0100] {dagbag.py:588} INFO - Filling up the DagBag from /home/sakana/anaconda3/envs/airflow_env/lib/python3.8/site-packages/airflow/example_dags/example_trigger_controller_dag.py
[2024-11-12T16:51:39.262+0100] {processor.py:925} INFO - DAG(s) 'example_trigger_controller_dag' retrieved from /home/sakana/anaconda3/envs/airflow_env/lib/python3.8/site-packages/airflow/example_dags/example_trigger_controller_dag.py
[2024-11-12T16:51:39.278+0100] {logging_mixin.py:190} INFO - [2024-11-12T16:51:39.278+0100] {dag.py:3239} INFO - Sync 1 DAGs
[2024-11-12T16:51:39.296+0100] {logging_mixin.py:190} INFO - [2024-11-12T16:51:39.296+0100] {dag.py:4180} INFO - Setting next_dagrun for example_trigger_controller_dag to 2021-01-01 00:00:00+00:00, run_after=2021-01-01 00:00:00+00:00
[2024-11-12T16:51:39.336+0100] {processor.py:208} INFO - Processing /home/sakana/anaconda3/envs/airflow_env/lib/python3.8/site-packages/airflow/example_dags/example_trigger_controller_dag.py took 0.097 seconds
[2024-11-12T16:52:36.101+0100] {processor.py:186} INFO - Started process (PID=8228) to work on /home/sakana/anaconda3/envs/airflow_env/lib/python3.8/site-packages/airflow/example_dags/example_trigger_controller_dag.py
[2024-11-12T16:52:36.106+0100] {processor.py:914} INFO - Processing file /home/sakana/anaconda3/envs/airflow_env/lib/python3.8/site-packages/airflow/example_dags/example_trigger_controller_dag.py for tasks to queue
[2024-11-12T16:52:36.108+0100] {logging_mixin.py:190} INFO - [2024-11-12T16:52:36.108+0100] {dagbag.py:588} INFO - Filling up the DagBag from /home/sakana/anaconda3/envs/airflow_env/lib/python3.8/site-packages/airflow/example_dags/example_trigger_controller_dag.py
[2024-11-12T16:52:36.115+0100] {processor.py:925} INFO - DAG(s) 'example_trigger_controller_dag' retrieved from /home/sakana/anaconda3/envs/airflow_env/lib/python3.8/site-packages/airflow/example_dags/example_trigger_controller_dag.py
[2024-11-12T16:52:36.129+0100] {logging_mixin.py:190} INFO - [2024-11-12T16:52:36.129+0100] {dag.py:3239} INFO - Sync 1 DAGs
[2024-11-12T16:52:36.156+0100] {logging_mixin.py:190} INFO - [2024-11-12T16:52:36.155+0100] {dag.py:4180} INFO - Setting next_dagrun for example_trigger_controller_dag to 2021-01-01 00:00:00+00:00, run_after=2021-01-01 00:00:00+00:00
[2024-11-12T16:52:36.180+0100] {processor.py:208} INFO - Processing /home/sakana/anaconda3/envs/airflow_env/lib/python3.8/site-packages/airflow/example_dags/example_trigger_controller_dag.py took 0.085 seconds
[2024-11-12T16:53:32.030+0100] {processor.py:186} INFO - Started process (PID=8319) to work on /home/sakana/anaconda3/envs/airflow_env/lib/python3.8/site-packages/airflow/example_dags/example_trigger_controller_dag.py
[2024-11-12T16:53:32.035+0100] {processor.py:914} INFO - Processing file /home/sakana/anaconda3/envs/airflow_env/lib/python3.8/site-packages/airflow/example_dags/example_trigger_controller_dag.py for tasks to queue
[2024-11-12T16:53:32.039+0100] {logging_mixin.py:190} INFO - [2024-11-12T16:53:32.039+0100] {dagbag.py:588} INFO - Filling up the DagBag from /home/sakana/anaconda3/envs/airflow_env/lib/python3.8/site-packages/airflow/example_dags/example_trigger_controller_dag.py
[2024-11-12T16:53:32.047+0100] {processor.py:925} INFO - DAG(s) 'example_trigger_controller_dag' retrieved from /home/sakana/anaconda3/envs/airflow_env/lib/python3.8/site-packages/airflow/example_dags/example_trigger_controller_dag.py
[2024-11-12T16:53:32.061+0100] {logging_mixin.py:190} INFO - [2024-11-12T16:53:32.061+0100] {dag.py:3239} INFO - Sync 1 DAGs
[2024-11-12T16:53:32.079+0100] {logging_mixin.py:190} INFO - [2024-11-12T16:53:32.079+0100] {dag.py:4180} INFO - Setting next_dagrun for example_trigger_controller_dag to 2021-01-01 00:00:00+00:00, run_after=2021-01-01 00:00:00+00:00
[2024-11-12T16:53:32.103+0100] {processor.py:208} INFO - Processing /home/sakana/anaconda3/envs/airflow_env/lib/python3.8/site-packages/airflow/example_dags/example_trigger_controller_dag.py took 0.083 seconds
[2024-11-12T16:54:32.507+0100] {processor.py:186} INFO - Started process (PID=8491) to work on /home/sakana/anaconda3/envs/airflow_env/lib/python3.8/site-packages/airflow/example_dags/example_trigger_controller_dag.py
[2024-11-12T16:54:32.512+0100] {processor.py:914} INFO - Processing file /home/sakana/anaconda3/envs/airflow_env/lib/python3.8/site-packages/airflow/example_dags/example_trigger_controller_dag.py for tasks to queue
[2024-11-12T16:54:32.515+0100] {logging_mixin.py:190} INFO - [2024-11-12T16:54:32.515+0100] {dagbag.py:588} INFO - Filling up the DagBag from /home/sakana/anaconda3/envs/airflow_env/lib/python3.8/site-packages/airflow/example_dags/example_trigger_controller_dag.py
[2024-11-12T16:54:32.524+0100] {processor.py:925} INFO - DAG(s) 'example_trigger_controller_dag' retrieved from /home/sakana/anaconda3/envs/airflow_env/lib/python3.8/site-packages/airflow/example_dags/example_trigger_controller_dag.py
[2024-11-12T16:54:32.542+0100] {logging_mixin.py:190} INFO - [2024-11-12T16:54:32.542+0100] {dag.py:3239} INFO - Sync 1 DAGs
[2024-11-12T16:54:32.568+0100] {logging_mixin.py:190} INFO - [2024-11-12T16:54:32.567+0100] {dag.py:4180} INFO - Setting next_dagrun for example_trigger_controller_dag to 2021-01-01 00:00:00+00:00, run_after=2021-01-01 00:00:00+00:00
[2024-11-12T16:54:32.599+0100] {processor.py:208} INFO - Processing /home/sakana/anaconda3/envs/airflow_env/lib/python3.8/site-packages/airflow/example_dags/example_trigger_controller_dag.py took 0.100 seconds
[2024-11-12T16:55:32.820+0100] {processor.py:186} INFO - Started process (PID=8585) to work on /home/sakana/anaconda3/envs/airflow_env/lib/python3.8/site-packages/airflow/example_dags/example_trigger_controller_dag.py
[2024-11-12T16:55:32.825+0100] {processor.py:914} INFO - Processing file /home/sakana/anaconda3/envs/airflow_env/lib/python3.8/site-packages/airflow/example_dags/example_trigger_controller_dag.py for tasks to queue
[2024-11-12T16:55:32.828+0100] {logging_mixin.py:190} INFO - [2024-11-12T16:55:32.828+0100] {dagbag.py:588} INFO - Filling up the DagBag from /home/sakana/anaconda3/envs/airflow_env/lib/python3.8/site-packages/airflow/example_dags/example_trigger_controller_dag.py
[2024-11-12T16:55:32.836+0100] {processor.py:925} INFO - DAG(s) 'example_trigger_controller_dag' retrieved from /home/sakana/anaconda3/envs/airflow_env/lib/python3.8/site-packages/airflow/example_dags/example_trigger_controller_dag.py
[2024-11-12T16:55:32.850+0100] {logging_mixin.py:190} INFO - [2024-11-12T16:55:32.850+0100] {dag.py:3239} INFO - Sync 1 DAGs
[2024-11-12T16:55:32.867+0100] {logging_mixin.py:190} INFO - [2024-11-12T16:55:32.867+0100] {dag.py:4180} INFO - Setting next_dagrun for example_trigger_controller_dag to 2021-01-01 00:00:00+00:00, run_after=2021-01-01 00:00:00+00:00
[2024-11-12T16:55:32.899+0100] {processor.py:208} INFO - Processing /home/sakana/anaconda3/envs/airflow_env/lib/python3.8/site-packages/airflow/example_dags/example_trigger_controller_dag.py took 0.090 seconds
[2024-11-12T16:56:31.969+0100] {processor.py:186} INFO - Started process (PID=8658) to work on /home/sakana/anaconda3/envs/airflow_env/lib/python3.8/site-packages/airflow/example_dags/example_trigger_controller_dag.py
[2024-11-12T16:56:31.974+0100] {processor.py:914} INFO - Processing file /home/sakana/anaconda3/envs/airflow_env/lib/python3.8/site-packages/airflow/example_dags/example_trigger_controller_dag.py for tasks to queue
[2024-11-12T16:56:31.976+0100] {logging_mixin.py:190} INFO - [2024-11-12T16:56:31.975+0100] {dagbag.py:588} INFO - Filling up the DagBag from /home/sakana/anaconda3/envs/airflow_env/lib/python3.8/site-packages/airflow/example_dags/example_trigger_controller_dag.py
[2024-11-12T16:56:31.983+0100] {processor.py:925} INFO - DAG(s) 'example_trigger_controller_dag' retrieved from /home/sakana/anaconda3/envs/airflow_env/lib/python3.8/site-packages/airflow/example_dags/example_trigger_controller_dag.py
[2024-11-12T16:56:32.000+0100] {logging_mixin.py:190} INFO - [2024-11-12T16:56:32.000+0100] {dag.py:3239} INFO - Sync 1 DAGs
[2024-11-12T16:56:32.019+0100] {logging_mixin.py:190} INFO - [2024-11-12T16:56:32.019+0100] {dag.py:4180} INFO - Setting next_dagrun for example_trigger_controller_dag to 2021-01-01 00:00:00+00:00, run_after=2021-01-01 00:00:00+00:00
[2024-11-12T16:56:32.044+0100] {processor.py:208} INFO - Processing /home/sakana/anaconda3/envs/airflow_env/lib/python3.8/site-packages/airflow/example_dags/example_trigger_controller_dag.py took 0.081 seconds
[2024-11-12T16:57:31.184+0100] {processor.py:186} INFO - Started process (PID=8740) to work on /home/sakana/anaconda3/envs/airflow_env/lib/python3.8/site-packages/airflow/example_dags/example_trigger_controller_dag.py
[2024-11-12T16:57:31.189+0100] {processor.py:914} INFO - Processing file /home/sakana/anaconda3/envs/airflow_env/lib/python3.8/site-packages/airflow/example_dags/example_trigger_controller_dag.py for tasks to queue
[2024-11-12T16:57:31.192+0100] {logging_mixin.py:190} INFO - [2024-11-12T16:57:31.191+0100] {dagbag.py:588} INFO - Filling up the DagBag from /home/sakana/anaconda3/envs/airflow_env/lib/python3.8/site-packages/airflow/example_dags/example_trigger_controller_dag.py
[2024-11-12T16:57:31.201+0100] {processor.py:925} INFO - DAG(s) 'example_trigger_controller_dag' retrieved from /home/sakana/anaconda3/envs/airflow_env/lib/python3.8/site-packages/airflow/example_dags/example_trigger_controller_dag.py
[2024-11-12T16:57:31.215+0100] {logging_mixin.py:190} INFO - [2024-11-12T16:57:31.215+0100] {dag.py:3239} INFO - Sync 1 DAGs
[2024-11-12T16:57:31.234+0100] {logging_mixin.py:190} INFO - [2024-11-12T16:57:31.233+0100] {dag.py:4180} INFO - Setting next_dagrun for example_trigger_controller_dag to 2021-01-01 00:00:00+00:00, run_after=2021-01-01 00:00:00+00:00
[2024-11-12T16:57:31.263+0100] {processor.py:208} INFO - Processing /home/sakana/anaconda3/envs/airflow_env/lib/python3.8/site-packages/airflow/example_dags/example_trigger_controller_dag.py took 0.091 seconds
[2024-11-12T16:58:33.279+0100] {processor.py:186} INFO - Started process (PID=8837) to work on /home/sakana/anaconda3/envs/airflow_env/lib/python3.8/site-packages/airflow/example_dags/example_trigger_controller_dag.py
[2024-11-12T16:58:33.286+0100] {processor.py:914} INFO - Processing file /home/sakana/anaconda3/envs/airflow_env/lib/python3.8/site-packages/airflow/example_dags/example_trigger_controller_dag.py for tasks to queue
[2024-11-12T16:58:33.293+0100] {logging_mixin.py:190} INFO - [2024-11-12T16:58:33.292+0100] {dagbag.py:588} INFO - Filling up the DagBag from /home/sakana/anaconda3/envs/airflow_env/lib/python3.8/site-packages/airflow/example_dags/example_trigger_controller_dag.py
[2024-11-12T16:58:33.309+0100] {processor.py:925} INFO - DAG(s) 'example_trigger_controller_dag' retrieved from /home/sakana/anaconda3/envs/airflow_env/lib/python3.8/site-packages/airflow/example_dags/example_trigger_controller_dag.py
[2024-11-12T16:58:33.325+0100] {logging_mixin.py:190} INFO - [2024-11-12T16:58:33.325+0100] {dag.py:3239} INFO - Sync 1 DAGs
[2024-11-12T16:58:33.344+0100] {logging_mixin.py:190} INFO - [2024-11-12T16:58:33.344+0100] {dag.py:4180} INFO - Setting next_dagrun for example_trigger_controller_dag to 2021-01-01 00:00:00+00:00, run_after=2021-01-01 00:00:00+00:00
[2024-11-12T16:58:33.370+0100] {processor.py:208} INFO - Processing /home/sakana/anaconda3/envs/airflow_env/lib/python3.8/site-packages/airflow/example_dags/example_trigger_controller_dag.py took 0.101 seconds
[2024-11-12T16:59:34.476+0100] {processor.py:186} INFO - Started process (PID=8919) to work on /home/sakana/anaconda3/envs/airflow_env/lib/python3.8/site-packages/airflow/example_dags/example_trigger_controller_dag.py
[2024-11-12T16:59:34.481+0100] {processor.py:914} INFO - Processing file /home/sakana/anaconda3/envs/airflow_env/lib/python3.8/site-packages/airflow/example_dags/example_trigger_controller_dag.py for tasks to queue
[2024-11-12T16:59:34.483+0100] {logging_mixin.py:190} INFO - [2024-11-12T16:59:34.483+0100] {dagbag.py:588} INFO - Filling up the DagBag from /home/sakana/anaconda3/envs/airflow_env/lib/python3.8/site-packages/airflow/example_dags/example_trigger_controller_dag.py
[2024-11-12T16:59:34.491+0100] {processor.py:925} INFO - DAG(s) 'example_trigger_controller_dag' retrieved from /home/sakana/anaconda3/envs/airflow_env/lib/python3.8/site-packages/airflow/example_dags/example_trigger_controller_dag.py
[2024-11-12T16:59:34.507+0100] {logging_mixin.py:190} INFO - [2024-11-12T16:59:34.506+0100] {dag.py:3239} INFO - Sync 1 DAGs
[2024-11-12T16:59:34.527+0100] {logging_mixin.py:190} INFO - [2024-11-12T16:59:34.527+0100] {dag.py:4180} INFO - Setting next_dagrun for example_trigger_controller_dag to 2021-01-01 00:00:00+00:00, run_after=2021-01-01 00:00:00+00:00
[2024-11-12T16:59:34.559+0100] {processor.py:208} INFO - Processing /home/sakana/anaconda3/envs/airflow_env/lib/python3.8/site-packages/airflow/example_dags/example_trigger_controller_dag.py took 0.091 seconds
[2024-11-12T17:00:34.999+0100] {processor.py:186} INFO - Started process (PID=8993) to work on /home/sakana/anaconda3/envs/airflow_env/lib/python3.8/site-packages/airflow/example_dags/example_trigger_controller_dag.py
[2024-11-12T17:00:35.004+0100] {processor.py:914} INFO - Processing file /home/sakana/anaconda3/envs/airflow_env/lib/python3.8/site-packages/airflow/example_dags/example_trigger_controller_dag.py for tasks to queue
[2024-11-12T17:00:35.007+0100] {logging_mixin.py:190} INFO - [2024-11-12T17:00:35.006+0100] {dagbag.py:588} INFO - Filling up the DagBag from /home/sakana/anaconda3/envs/airflow_env/lib/python3.8/site-packages/airflow/example_dags/example_trigger_controller_dag.py
[2024-11-12T17:00:35.016+0100] {processor.py:925} INFO - DAG(s) 'example_trigger_controller_dag' retrieved from /home/sakana/anaconda3/envs/airflow_env/lib/python3.8/site-packages/airflow/example_dags/example_trigger_controller_dag.py
[2024-11-12T17:00:35.033+0100] {logging_mixin.py:190} INFO - [2024-11-12T17:00:35.033+0100] {dag.py:3239} INFO - Sync 1 DAGs
[2024-11-12T17:00:35.051+0100] {logging_mixin.py:190} INFO - [2024-11-12T17:00:35.051+0100] {dag.py:4180} INFO - Setting next_dagrun for example_trigger_controller_dag to 2021-01-01 00:00:00+00:00, run_after=2021-01-01 00:00:00+00:00
[2024-11-12T17:00:35.081+0100] {processor.py:208} INFO - Processing /home/sakana/anaconda3/envs/airflow_env/lib/python3.8/site-packages/airflow/example_dags/example_trigger_controller_dag.py took 0.090 seconds
[2024-11-12T17:18:41.014+0100] {processor.py:186} INFO - Started process (PID=9242) to work on /home/sakana/anaconda3/envs/airflow_env/lib/python3.8/site-packages/airflow/example_dags/example_trigger_controller_dag.py
[2024-11-12T17:18:41.016+0100] {processor.py:914} INFO - Processing file /home/sakana/anaconda3/envs/airflow_env/lib/python3.8/site-packages/airflow/example_dags/example_trigger_controller_dag.py for tasks to queue
[2024-11-12T17:18:41.018+0100] {logging_mixin.py:190} INFO - [2024-11-12T17:18:41.018+0100] {dagbag.py:588} INFO - Filling up the DagBag from /home/sakana/anaconda3/envs/airflow_env/lib/python3.8/site-packages/airflow/example_dags/example_trigger_controller_dag.py
[2024-11-12T17:18:41.024+0100] {processor.py:925} INFO - DAG(s) 'example_trigger_controller_dag' retrieved from /home/sakana/anaconda3/envs/airflow_env/lib/python3.8/site-packages/airflow/example_dags/example_trigger_controller_dag.py
[2024-11-12T17:18:41.037+0100] {logging_mixin.py:190} INFO - [2024-11-12T17:18:41.037+0100] {dag.py:3239} INFO - Sync 1 DAGs
[2024-11-12T17:18:41.053+0100] {logging_mixin.py:190} INFO - [2024-11-12T17:18:41.053+0100] {dag.py:4180} INFO - Setting next_dagrun for example_trigger_controller_dag to 2021-01-01 00:00:00+00:00, run_after=2021-01-01 00:00:00+00:00
[2024-11-12T17:18:41.084+0100] {processor.py:208} INFO - Processing /home/sakana/anaconda3/envs/airflow_env/lib/python3.8/site-packages/airflow/example_dags/example_trigger_controller_dag.py took 0.076 seconds
[2024-11-12T17:19:50.356+0100] {processor.py:186} INFO - Started process (PID=9602) to work on /home/sakana/anaconda3/envs/airflow_env/lib/python3.8/site-packages/airflow/example_dags/example_trigger_controller_dag.py
[2024-11-12T17:19:50.357+0100] {processor.py:914} INFO - Processing file /home/sakana/anaconda3/envs/airflow_env/lib/python3.8/site-packages/airflow/example_dags/example_trigger_controller_dag.py for tasks to queue
[2024-11-12T17:19:50.359+0100] {logging_mixin.py:190} INFO - [2024-11-12T17:19:50.358+0100] {dagbag.py:588} INFO - Filling up the DagBag from /home/sakana/anaconda3/envs/airflow_env/lib/python3.8/site-packages/airflow/example_dags/example_trigger_controller_dag.py
[2024-11-12T17:19:50.366+0100] {processor.py:925} INFO - DAG(s) 'example_trigger_controller_dag' retrieved from /home/sakana/anaconda3/envs/airflow_env/lib/python3.8/site-packages/airflow/example_dags/example_trigger_controller_dag.py
[2024-11-12T17:19:50.382+0100] {logging_mixin.py:190} INFO - [2024-11-12T17:19:50.381+0100] {dag.py:3239} INFO - Sync 1 DAGs
[2024-11-12T17:19:50.403+0100] {logging_mixin.py:190} INFO - [2024-11-12T17:19:50.403+0100] {dag.py:4180} INFO - Setting next_dagrun for example_trigger_controller_dag to 2021-01-01 00:00:00+00:00, run_after=2021-01-01 00:00:00+00:00
[2024-11-12T17:19:50.432+0100] {processor.py:208} INFO - Processing /home/sakana/anaconda3/envs/airflow_env/lib/python3.8/site-packages/airflow/example_dags/example_trigger_controller_dag.py took 0.086 seconds
[2024-11-12T17:20:55.720+0100] {processor.py:186} INFO - Started process (PID=9714) to work on /home/sakana/anaconda3/envs/airflow_env/lib/python3.8/site-packages/airflow/example_dags/example_trigger_controller_dag.py
[2024-11-12T17:20:55.726+0100] {processor.py:914} INFO - Processing file /home/sakana/anaconda3/envs/airflow_env/lib/python3.8/site-packages/airflow/example_dags/example_trigger_controller_dag.py for tasks to queue
[2024-11-12T17:20:55.730+0100] {logging_mixin.py:190} INFO - [2024-11-12T17:20:55.729+0100] {dagbag.py:588} INFO - Filling up the DagBag from /home/sakana/anaconda3/envs/airflow_env/lib/python3.8/site-packages/airflow/example_dags/example_trigger_controller_dag.py
[2024-11-12T17:20:55.744+0100] {processor.py:925} INFO - DAG(s) 'example_trigger_controller_dag' retrieved from /home/sakana/anaconda3/envs/airflow_env/lib/python3.8/site-packages/airflow/example_dags/example_trigger_controller_dag.py
[2024-11-12T17:20:55.775+0100] {logging_mixin.py:190} INFO - [2024-11-12T17:20:55.775+0100] {dag.py:3239} INFO - Sync 1 DAGs
[2024-11-12T17:20:55.806+0100] {logging_mixin.py:190} INFO - [2024-11-12T17:20:55.805+0100] {dag.py:4180} INFO - Setting next_dagrun for example_trigger_controller_dag to 2021-01-01 00:00:00+00:00, run_after=2021-01-01 00:00:00+00:00
[2024-11-12T17:20:55.866+0100] {processor.py:208} INFO - Processing /home/sakana/anaconda3/envs/airflow_env/lib/python3.8/site-packages/airflow/example_dags/example_trigger_controller_dag.py took 0.160 seconds
[2024-11-12T17:22:05.178+0100] {processor.py:186} INFO - Started process (PID=9820) to work on /home/sakana/anaconda3/envs/airflow_env/lib/python3.8/site-packages/airflow/example_dags/example_trigger_controller_dag.py
[2024-11-12T17:22:05.182+0100] {processor.py:914} INFO - Processing file /home/sakana/anaconda3/envs/airflow_env/lib/python3.8/site-packages/airflow/example_dags/example_trigger_controller_dag.py for tasks to queue
[2024-11-12T17:22:05.186+0100] {logging_mixin.py:190} INFO - [2024-11-12T17:22:05.186+0100] {dagbag.py:588} INFO - Filling up the DagBag from /home/sakana/anaconda3/envs/airflow_env/lib/python3.8/site-packages/airflow/example_dags/example_trigger_controller_dag.py
[2024-11-12T17:22:05.200+0100] {processor.py:925} INFO - DAG(s) 'example_trigger_controller_dag' retrieved from /home/sakana/anaconda3/envs/airflow_env/lib/python3.8/site-packages/airflow/example_dags/example_trigger_controller_dag.py
[2024-11-12T17:22:05.231+0100] {logging_mixin.py:190} INFO - [2024-11-12T17:22:05.231+0100] {dag.py:3239} INFO - Sync 1 DAGs
[2024-11-12T17:22:05.268+0100] {logging_mixin.py:190} INFO - [2024-11-12T17:22:05.267+0100] {dag.py:4180} INFO - Setting next_dagrun for example_trigger_controller_dag to 2021-01-01 00:00:00+00:00, run_after=2021-01-01 00:00:00+00:00
[2024-11-12T17:22:05.336+0100] {processor.py:208} INFO - Processing /home/sakana/anaconda3/envs/airflow_env/lib/python3.8/site-packages/airflow/example_dags/example_trigger_controller_dag.py took 0.174 seconds
[2024-11-12T17:23:19.557+0100] {processor.py:186} INFO - Started process (PID=9962) to work on /home/sakana/anaconda3/envs/airflow_env/lib/python3.8/site-packages/airflow/example_dags/example_trigger_controller_dag.py
[2024-11-12T17:23:19.562+0100] {processor.py:914} INFO - Processing file /home/sakana/anaconda3/envs/airflow_env/lib/python3.8/site-packages/airflow/example_dags/example_trigger_controller_dag.py for tasks to queue
[2024-11-12T17:23:19.567+0100] {logging_mixin.py:190} INFO - [2024-11-12T17:23:19.566+0100] {dagbag.py:588} INFO - Filling up the DagBag from /home/sakana/anaconda3/envs/airflow_env/lib/python3.8/site-packages/airflow/example_dags/example_trigger_controller_dag.py
[2024-11-12T17:23:19.581+0100] {processor.py:925} INFO - DAG(s) 'example_trigger_controller_dag' retrieved from /home/sakana/anaconda3/envs/airflow_env/lib/python3.8/site-packages/airflow/example_dags/example_trigger_controller_dag.py
[2024-11-12T17:23:19.611+0100] {logging_mixin.py:190} INFO - [2024-11-12T17:23:19.610+0100] {dag.py:3239} INFO - Sync 1 DAGs
[2024-11-12T17:23:19.650+0100] {logging_mixin.py:190} INFO - [2024-11-12T17:23:19.649+0100] {dag.py:4180} INFO - Setting next_dagrun for example_trigger_controller_dag to 2021-01-01 00:00:00+00:00, run_after=2021-01-01 00:00:00+00:00
[2024-11-12T17:23:19.768+0100] {processor.py:208} INFO - Processing /home/sakana/anaconda3/envs/airflow_env/lib/python3.8/site-packages/airflow/example_dags/example_trigger_controller_dag.py took 0.223 seconds
[2024-11-12T17:24:32.890+0100] {processor.py:186} INFO - Started process (PID=10131) to work on /home/sakana/anaconda3/envs/airflow_env/lib/python3.8/site-packages/airflow/example_dags/example_trigger_controller_dag.py
[2024-11-12T17:24:32.896+0100] {processor.py:914} INFO - Processing file /home/sakana/anaconda3/envs/airflow_env/lib/python3.8/site-packages/airflow/example_dags/example_trigger_controller_dag.py for tasks to queue
[2024-11-12T17:24:32.900+0100] {logging_mixin.py:190} INFO - [2024-11-12T17:24:32.899+0100] {dagbag.py:588} INFO - Filling up the DagBag from /home/sakana/anaconda3/envs/airflow_env/lib/python3.8/site-packages/airflow/example_dags/example_trigger_controller_dag.py
[2024-11-12T17:24:32.916+0100] {processor.py:925} INFO - DAG(s) 'example_trigger_controller_dag' retrieved from /home/sakana/anaconda3/envs/airflow_env/lib/python3.8/site-packages/airflow/example_dags/example_trigger_controller_dag.py
[2024-11-12T17:24:32.940+0100] {logging_mixin.py:190} INFO - [2024-11-12T17:24:32.940+0100] {dag.py:3239} INFO - Sync 1 DAGs
[2024-11-12T17:24:32.988+0100] {logging_mixin.py:190} INFO - [2024-11-12T17:24:32.988+0100] {dag.py:4180} INFO - Setting next_dagrun for example_trigger_controller_dag to 2021-01-01 00:00:00+00:00, run_after=2021-01-01 00:00:00+00:00
[2024-11-12T17:24:33.031+0100] {processor.py:208} INFO - Processing /home/sakana/anaconda3/envs/airflow_env/lib/python3.8/site-packages/airflow/example_dags/example_trigger_controller_dag.py took 0.154 seconds
[2024-11-12T17:25:45.309+0100] {processor.py:186} INFO - Started process (PID=10248) to work on /home/sakana/anaconda3/envs/airflow_env/lib/python3.8/site-packages/airflow/example_dags/example_trigger_controller_dag.py
[2024-11-12T17:25:45.315+0100] {processor.py:914} INFO - Processing file /home/sakana/anaconda3/envs/airflow_env/lib/python3.8/site-packages/airflow/example_dags/example_trigger_controller_dag.py for tasks to queue
[2024-11-12T17:25:45.321+0100] {logging_mixin.py:190} INFO - [2024-11-12T17:25:45.320+0100] {dagbag.py:588} INFO - Filling up the DagBag from /home/sakana/anaconda3/envs/airflow_env/lib/python3.8/site-packages/airflow/example_dags/example_trigger_controller_dag.py
[2024-11-12T17:25:45.334+0100] {processor.py:925} INFO - DAG(s) 'example_trigger_controller_dag' retrieved from /home/sakana/anaconda3/envs/airflow_env/lib/python3.8/site-packages/airflow/example_dags/example_trigger_controller_dag.py
[2024-11-12T17:25:45.356+0100] {logging_mixin.py:190} INFO - [2024-11-12T17:25:45.355+0100] {dag.py:3239} INFO - Sync 1 DAGs
[2024-11-12T17:25:45.394+0100] {logging_mixin.py:190} INFO - [2024-11-12T17:25:45.394+0100] {dag.py:4180} INFO - Setting next_dagrun for example_trigger_controller_dag to 2021-01-01 00:00:00+00:00, run_after=2021-01-01 00:00:00+00:00
[2024-11-12T17:25:45.440+0100] {processor.py:208} INFO - Processing /home/sakana/anaconda3/envs/airflow_env/lib/python3.8/site-packages/airflow/example_dags/example_trigger_controller_dag.py took 0.142 seconds
[2024-11-12T17:26:56.368+0100] {processor.py:186} INFO - Started process (PID=10353) to work on /home/sakana/anaconda3/envs/airflow_env/lib/python3.8/site-packages/airflow/example_dags/example_trigger_controller_dag.py
[2024-11-12T17:26:56.374+0100] {processor.py:914} INFO - Processing file /home/sakana/anaconda3/envs/airflow_env/lib/python3.8/site-packages/airflow/example_dags/example_trigger_controller_dag.py for tasks to queue
[2024-11-12T17:26:56.380+0100] {logging_mixin.py:190} INFO - [2024-11-12T17:26:56.379+0100] {dagbag.py:588} INFO - Filling up the DagBag from /home/sakana/anaconda3/envs/airflow_env/lib/python3.8/site-packages/airflow/example_dags/example_trigger_controller_dag.py
[2024-11-12T17:26:56.392+0100] {processor.py:925} INFO - DAG(s) 'example_trigger_controller_dag' retrieved from /home/sakana/anaconda3/envs/airflow_env/lib/python3.8/site-packages/airflow/example_dags/example_trigger_controller_dag.py
[2024-11-12T17:26:56.417+0100] {logging_mixin.py:190} INFO - [2024-11-12T17:26:56.417+0100] {dag.py:3239} INFO - Sync 1 DAGs
[2024-11-12T17:26:56.452+0100] {logging_mixin.py:190} INFO - [2024-11-12T17:26:56.452+0100] {dag.py:4180} INFO - Setting next_dagrun for example_trigger_controller_dag to 2021-01-01 00:00:00+00:00, run_after=2021-01-01 00:00:00+00:00
[2024-11-12T17:26:56.488+0100] {processor.py:208} INFO - Processing /home/sakana/anaconda3/envs/airflow_env/lib/python3.8/site-packages/airflow/example_dags/example_trigger_controller_dag.py took 0.130 seconds
[2024-11-12T17:28:09.476+0100] {processor.py:186} INFO - Started process (PID=10452) to work on /home/sakana/anaconda3/envs/airflow_env/lib/python3.8/site-packages/airflow/example_dags/example_trigger_controller_dag.py
[2024-11-12T17:28:09.482+0100] {processor.py:914} INFO - Processing file /home/sakana/anaconda3/envs/airflow_env/lib/python3.8/site-packages/airflow/example_dags/example_trigger_controller_dag.py for tasks to queue
[2024-11-12T17:28:09.485+0100] {logging_mixin.py:190} INFO - [2024-11-12T17:28:09.485+0100] {dagbag.py:588} INFO - Filling up the DagBag from /home/sakana/anaconda3/envs/airflow_env/lib/python3.8/site-packages/airflow/example_dags/example_trigger_controller_dag.py
[2024-11-12T17:28:09.497+0100] {processor.py:925} INFO - DAG(s) 'example_trigger_controller_dag' retrieved from /home/sakana/anaconda3/envs/airflow_env/lib/python3.8/site-packages/airflow/example_dags/example_trigger_controller_dag.py
[2024-11-12T17:28:09.520+0100] {logging_mixin.py:190} INFO - [2024-11-12T17:28:09.520+0100] {dag.py:3239} INFO - Sync 1 DAGs
[2024-11-12T17:28:09.558+0100] {logging_mixin.py:190} INFO - [2024-11-12T17:28:09.558+0100] {dag.py:4180} INFO - Setting next_dagrun for example_trigger_controller_dag to 2021-01-01 00:00:00+00:00, run_after=2021-01-01 00:00:00+00:00
[2024-11-12T17:28:09.599+0100] {processor.py:208} INFO - Processing /home/sakana/anaconda3/envs/airflow_env/lib/python3.8/site-packages/airflow/example_dags/example_trigger_controller_dag.py took 0.135 seconds
[2024-11-12T17:29:22.560+0100] {processor.py:186} INFO - Started process (PID=10577) to work on /home/sakana/anaconda3/envs/airflow_env/lib/python3.8/site-packages/airflow/example_dags/example_trigger_controller_dag.py
[2024-11-12T17:29:22.588+0100] {processor.py:914} INFO - Processing file /home/sakana/anaconda3/envs/airflow_env/lib/python3.8/site-packages/airflow/example_dags/example_trigger_controller_dag.py for tasks to queue
[2024-11-12T17:29:22.593+0100] {logging_mixin.py:190} INFO - [2024-11-12T17:29:22.592+0100] {dagbag.py:588} INFO - Filling up the DagBag from /home/sakana/anaconda3/envs/airflow_env/lib/python3.8/site-packages/airflow/example_dags/example_trigger_controller_dag.py
[2024-11-12T17:29:22.605+0100] {processor.py:925} INFO - DAG(s) 'example_trigger_controller_dag' retrieved from /home/sakana/anaconda3/envs/airflow_env/lib/python3.8/site-packages/airflow/example_dags/example_trigger_controller_dag.py
[2024-11-12T17:29:22.627+0100] {logging_mixin.py:190} INFO - [2024-11-12T17:29:22.627+0100] {dag.py:3239} INFO - Sync 1 DAGs
[2024-11-12T17:29:22.671+0100] {logging_mixin.py:190} INFO - [2024-11-12T17:29:22.670+0100] {dag.py:4180} INFO - Setting next_dagrun for example_trigger_controller_dag to 2021-01-01 00:00:00+00:00, run_after=2021-01-01 00:00:00+00:00
[2024-11-12T17:29:22.706+0100] {processor.py:208} INFO - Processing /home/sakana/anaconda3/envs/airflow_env/lib/python3.8/site-packages/airflow/example_dags/example_trigger_controller_dag.py took 0.157 seconds
[2024-11-12T17:30:33.970+0100] {processor.py:186} INFO - Started process (PID=10655) to work on /home/sakana/anaconda3/envs/airflow_env/lib/python3.8/site-packages/airflow/example_dags/example_trigger_controller_dag.py
[2024-11-12T17:30:33.975+0100] {processor.py:914} INFO - Processing file /home/sakana/anaconda3/envs/airflow_env/lib/python3.8/site-packages/airflow/example_dags/example_trigger_controller_dag.py for tasks to queue
[2024-11-12T17:30:33.988+0100] {logging_mixin.py:190} INFO - [2024-11-12T17:30:33.986+0100] {dagbag.py:588} INFO - Filling up the DagBag from /home/sakana/anaconda3/envs/airflow_env/lib/python3.8/site-packages/airflow/example_dags/example_trigger_controller_dag.py
[2024-11-12T17:30:34.022+0100] {processor.py:925} INFO - DAG(s) 'example_trigger_controller_dag' retrieved from /home/sakana/anaconda3/envs/airflow_env/lib/python3.8/site-packages/airflow/example_dags/example_trigger_controller_dag.py
[2024-11-12T17:30:34.074+0100] {logging_mixin.py:190} INFO - [2024-11-12T17:30:34.074+0100] {dag.py:3239} INFO - Sync 1 DAGs
[2024-11-12T17:30:34.105+0100] {logging_mixin.py:190} INFO - [2024-11-12T17:30:34.105+0100] {dag.py:4180} INFO - Setting next_dagrun for example_trigger_controller_dag to 2021-01-01 00:00:00+00:00, run_after=2021-01-01 00:00:00+00:00
[2024-11-12T17:30:34.143+0100] {processor.py:208} INFO - Processing /home/sakana/anaconda3/envs/airflow_env/lib/python3.8/site-packages/airflow/example_dags/example_trigger_controller_dag.py took 0.185 seconds
[2024-11-12T17:31:46.438+0100] {processor.py:186} INFO - Started process (PID=10746) to work on /home/sakana/anaconda3/envs/airflow_env/lib/python3.8/site-packages/airflow/example_dags/example_trigger_controller_dag.py
[2024-11-12T17:31:46.443+0100] {processor.py:914} INFO - Processing file /home/sakana/anaconda3/envs/airflow_env/lib/python3.8/site-packages/airflow/example_dags/example_trigger_controller_dag.py for tasks to queue
[2024-11-12T17:31:46.448+0100] {logging_mixin.py:190} INFO - [2024-11-12T17:31:46.447+0100] {dagbag.py:588} INFO - Filling up the DagBag from /home/sakana/anaconda3/envs/airflow_env/lib/python3.8/site-packages/airflow/example_dags/example_trigger_controller_dag.py
[2024-11-12T17:31:46.457+0100] {processor.py:925} INFO - DAG(s) 'example_trigger_controller_dag' retrieved from /home/sakana/anaconda3/envs/airflow_env/lib/python3.8/site-packages/airflow/example_dags/example_trigger_controller_dag.py
[2024-11-12T17:31:46.480+0100] {logging_mixin.py:190} INFO - [2024-11-12T17:31:46.479+0100] {dag.py:3239} INFO - Sync 1 DAGs
[2024-11-12T17:31:46.512+0100] {logging_mixin.py:190} INFO - [2024-11-12T17:31:46.511+0100] {dag.py:4180} INFO - Setting next_dagrun for example_trigger_controller_dag to 2021-01-01 00:00:00+00:00, run_after=2021-01-01 00:00:00+00:00
[2024-11-12T17:31:46.547+0100] {processor.py:208} INFO - Processing /home/sakana/anaconda3/envs/airflow_env/lib/python3.8/site-packages/airflow/example_dags/example_trigger_controller_dag.py took 0.127 seconds
[2024-11-12T17:32:54.306+0100] {processor.py:186} INFO - Started process (PID=10880) to work on /home/sakana/anaconda3/envs/airflow_env/lib/python3.8/site-packages/airflow/example_dags/example_trigger_controller_dag.py
[2024-11-12T17:32:54.307+0100] {processor.py:914} INFO - Processing file /home/sakana/anaconda3/envs/airflow_env/lib/python3.8/site-packages/airflow/example_dags/example_trigger_controller_dag.py for tasks to queue
[2024-11-12T17:32:54.310+0100] {logging_mixin.py:190} INFO - [2024-11-12T17:32:54.309+0100] {dagbag.py:588} INFO - Filling up the DagBag from /home/sakana/anaconda3/envs/airflow_env/lib/python3.8/site-packages/airflow/example_dags/example_trigger_controller_dag.py
[2024-11-12T17:32:54.321+0100] {processor.py:925} INFO - DAG(s) 'example_trigger_controller_dag' retrieved from /home/sakana/anaconda3/envs/airflow_env/lib/python3.8/site-packages/airflow/example_dags/example_trigger_controller_dag.py
[2024-11-12T17:32:54.338+0100] {logging_mixin.py:190} INFO - [2024-11-12T17:32:54.338+0100] {dag.py:3239} INFO - Sync 1 DAGs
[2024-11-12T17:32:54.359+0100] {logging_mixin.py:190} INFO - [2024-11-12T17:32:54.359+0100] {dag.py:4180} INFO - Setting next_dagrun for example_trigger_controller_dag to 2021-01-01 00:00:00+00:00, run_after=2021-01-01 00:00:00+00:00
[2024-11-12T17:32:54.389+0100] {processor.py:208} INFO - Processing /home/sakana/anaconda3/envs/airflow_env/lib/python3.8/site-packages/airflow/example_dags/example_trigger_controller_dag.py took 0.091 seconds
[2024-11-12T17:34:01.393+0100] {processor.py:186} INFO - Started process (PID=11089) to work on /home/sakana/anaconda3/envs/airflow_env/lib/python3.8/site-packages/airflow/example_dags/example_trigger_controller_dag.py
[2024-11-12T17:34:01.398+0100] {processor.py:914} INFO - Processing file /home/sakana/anaconda3/envs/airflow_env/lib/python3.8/site-packages/airflow/example_dags/example_trigger_controller_dag.py for tasks to queue
[2024-11-12T17:34:01.400+0100] {logging_mixin.py:190} INFO - [2024-11-12T17:34:01.400+0100] {dagbag.py:588} INFO - Filling up the DagBag from /home/sakana/anaconda3/envs/airflow_env/lib/python3.8/site-packages/airflow/example_dags/example_trigger_controller_dag.py
[2024-11-12T17:34:01.408+0100] {processor.py:925} INFO - DAG(s) 'example_trigger_controller_dag' retrieved from /home/sakana/anaconda3/envs/airflow_env/lib/python3.8/site-packages/airflow/example_dags/example_trigger_controller_dag.py
[2024-11-12T17:34:01.423+0100] {logging_mixin.py:190} INFO - [2024-11-12T17:34:01.422+0100] {dag.py:3239} INFO - Sync 1 DAGs
[2024-11-12T17:34:01.442+0100] {logging_mixin.py:190} INFO - [2024-11-12T17:34:01.441+0100] {dag.py:4180} INFO - Setting next_dagrun for example_trigger_controller_dag to 2021-01-01 00:00:00+00:00, run_after=2021-01-01 00:00:00+00:00
[2024-11-12T17:34:01.466+0100] {processor.py:208} INFO - Processing /home/sakana/anaconda3/envs/airflow_env/lib/python3.8/site-packages/airflow/example_dags/example_trigger_controller_dag.py took 0.081 seconds
[2024-11-12T17:35:02.216+0100] {processor.py:186} INFO - Started process (PID=11165) to work on /home/sakana/anaconda3/envs/airflow_env/lib/python3.8/site-packages/airflow/example_dags/example_trigger_controller_dag.py
[2024-11-12T17:35:02.221+0100] {processor.py:914} INFO - Processing file /home/sakana/anaconda3/envs/airflow_env/lib/python3.8/site-packages/airflow/example_dags/example_trigger_controller_dag.py for tasks to queue
[2024-11-12T17:35:02.224+0100] {logging_mixin.py:190} INFO - [2024-11-12T17:35:02.223+0100] {dagbag.py:588} INFO - Filling up the DagBag from /home/sakana/anaconda3/envs/airflow_env/lib/python3.8/site-packages/airflow/example_dags/example_trigger_controller_dag.py
[2024-11-12T17:35:02.233+0100] {processor.py:925} INFO - DAG(s) 'example_trigger_controller_dag' retrieved from /home/sakana/anaconda3/envs/airflow_env/lib/python3.8/site-packages/airflow/example_dags/example_trigger_controller_dag.py
[2024-11-12T17:35:02.251+0100] {logging_mixin.py:190} INFO - [2024-11-12T17:35:02.250+0100] {dag.py:3239} INFO - Sync 1 DAGs
[2024-11-12T17:35:02.270+0100] {logging_mixin.py:190} INFO - [2024-11-12T17:35:02.270+0100] {dag.py:4180} INFO - Setting next_dagrun for example_trigger_controller_dag to 2021-01-01 00:00:00+00:00, run_after=2021-01-01 00:00:00+00:00
[2024-11-12T17:35:02.299+0100] {processor.py:208} INFO - Processing /home/sakana/anaconda3/envs/airflow_env/lib/python3.8/site-packages/airflow/example_dags/example_trigger_controller_dag.py took 0.090 seconds
[2024-11-12T17:36:00.886+0100] {processor.py:186} INFO - Started process (PID=11245) to work on /home/sakana/anaconda3/envs/airflow_env/lib/python3.8/site-packages/airflow/example_dags/example_trigger_controller_dag.py
[2024-11-12T17:36:00.892+0100] {processor.py:914} INFO - Processing file /home/sakana/anaconda3/envs/airflow_env/lib/python3.8/site-packages/airflow/example_dags/example_trigger_controller_dag.py for tasks to queue
[2024-11-12T17:36:00.894+0100] {logging_mixin.py:190} INFO - [2024-11-12T17:36:00.894+0100] {dagbag.py:588} INFO - Filling up the DagBag from /home/sakana/anaconda3/envs/airflow_env/lib/python3.8/site-packages/airflow/example_dags/example_trigger_controller_dag.py
[2024-11-12T17:36:00.903+0100] {processor.py:925} INFO - DAG(s) 'example_trigger_controller_dag' retrieved from /home/sakana/anaconda3/envs/airflow_env/lib/python3.8/site-packages/airflow/example_dags/example_trigger_controller_dag.py
[2024-11-12T17:36:00.923+0100] {logging_mixin.py:190} INFO - [2024-11-12T17:36:00.922+0100] {dag.py:3239} INFO - Sync 1 DAGs
[2024-11-12T17:36:00.942+0100] {logging_mixin.py:190} INFO - [2024-11-12T17:36:00.941+0100] {dag.py:4180} INFO - Setting next_dagrun for example_trigger_controller_dag to 2021-01-01 00:00:00+00:00, run_after=2021-01-01 00:00:00+00:00
[2024-11-12T17:36:01.000+0100] {processor.py:208} INFO - Processing /home/sakana/anaconda3/envs/airflow_env/lib/python3.8/site-packages/airflow/example_dags/example_trigger_controller_dag.py took 0.121 seconds
[2024-11-12T17:36:59.508+0100] {processor.py:186} INFO - Started process (PID=11314) to work on /home/sakana/anaconda3/envs/airflow_env/lib/python3.8/site-packages/airflow/example_dags/example_trigger_controller_dag.py
[2024-11-12T17:36:59.535+0100] {processor.py:914} INFO - Processing file /home/sakana/anaconda3/envs/airflow_env/lib/python3.8/site-packages/airflow/example_dags/example_trigger_controller_dag.py for tasks to queue
[2024-11-12T17:36:59.537+0100] {logging_mixin.py:190} INFO - [2024-11-12T17:36:59.536+0100] {dagbag.py:588} INFO - Filling up the DagBag from /home/sakana/anaconda3/envs/airflow_env/lib/python3.8/site-packages/airflow/example_dags/example_trigger_controller_dag.py
[2024-11-12T17:36:59.544+0100] {processor.py:925} INFO - DAG(s) 'example_trigger_controller_dag' retrieved from /home/sakana/anaconda3/envs/airflow_env/lib/python3.8/site-packages/airflow/example_dags/example_trigger_controller_dag.py
[2024-11-12T17:36:59.558+0100] {logging_mixin.py:190} INFO - [2024-11-12T17:36:59.557+0100] {dag.py:3239} INFO - Sync 1 DAGs
[2024-11-12T17:36:59.576+0100] {logging_mixin.py:190} INFO - [2024-11-12T17:36:59.576+0100] {dag.py:4180} INFO - Setting next_dagrun for example_trigger_controller_dag to 2021-01-01 00:00:00+00:00, run_after=2021-01-01 00:00:00+00:00
[2024-11-12T17:36:59.601+0100] {processor.py:208} INFO - Processing /home/sakana/anaconda3/envs/airflow_env/lib/python3.8/site-packages/airflow/example_dags/example_trigger_controller_dag.py took 0.099 seconds
