[2024-11-12T01:01:20.202+0100] {processor.py:186} INFO - Started process (PID=31223) to work on /home/sakana/anaconda3/envs/airflow_env/lib/python3.8/site-packages/airflow/example_dags/example_short_circuit_operator.py
[2024-11-12T01:01:20.203+0100] {processor.py:914} INFO - Processing file /home/sakana/anaconda3/envs/airflow_env/lib/python3.8/site-packages/airflow/example_dags/example_short_circuit_operator.py for tasks to queue
[2024-11-12T01:01:20.205+0100] {logging_mixin.py:190} INFO - [2024-11-12T01:01:20.205+0100] {dagbag.py:588} INFO - Filling up the DagBag from /home/sakana/anaconda3/envs/airflow_env/lib/python3.8/site-packages/airflow/example_dags/example_short_circuit_operator.py
[2024-11-12T01:01:20.214+0100] {processor.py:925} INFO - DAG(s) 'example_short_circuit_operator' retrieved from /home/sakana/anaconda3/envs/airflow_env/lib/python3.8/site-packages/airflow/example_dags/example_short_circuit_operator.py
[2024-11-12T01:01:20.235+0100] {logging_mixin.py:190} INFO - [2024-11-12T01:01:20.235+0100] {dag.py:3239} INFO - Sync 1 DAGs
[2024-11-12T01:01:20.251+0100] {logging_mixin.py:190} INFO - [2024-11-12T01:01:20.250+0100] {dag.py:4180} INFO - Setting next_dagrun for example_short_circuit_operator to None, run_after=None
[2024-11-12T01:01:20.278+0100] {processor.py:208} INFO - Processing /home/sakana/anaconda3/envs/airflow_env/lib/python3.8/site-packages/airflow/example_dags/example_short_circuit_operator.py took 0.082 seconds
[2024-11-12T01:02:23.719+0100] {processor.py:186} INFO - Started process (PID=31701) to work on /home/sakana/anaconda3/envs/airflow_env/lib/python3.8/site-packages/airflow/example_dags/example_short_circuit_operator.py
[2024-11-12T01:02:23.720+0100] {processor.py:914} INFO - Processing file /home/sakana/anaconda3/envs/airflow_env/lib/python3.8/site-packages/airflow/example_dags/example_short_circuit_operator.py for tasks to queue
[2024-11-12T01:02:23.722+0100] {logging_mixin.py:190} INFO - [2024-11-12T01:02:23.722+0100] {dagbag.py:588} INFO - Filling up the DagBag from /home/sakana/anaconda3/envs/airflow_env/lib/python3.8/site-packages/airflow/example_dags/example_short_circuit_operator.py
[2024-11-12T01:02:23.730+0100] {processor.py:925} INFO - DAG(s) 'example_short_circuit_operator' retrieved from /home/sakana/anaconda3/envs/airflow_env/lib/python3.8/site-packages/airflow/example_dags/example_short_circuit_operator.py
[2024-11-12T01:02:23.749+0100] {logging_mixin.py:190} INFO - [2024-11-12T01:02:23.748+0100] {dag.py:3239} INFO - Sync 1 DAGs
[2024-11-12T01:02:23.760+0100] {logging_mixin.py:190} INFO - [2024-11-12T01:02:23.759+0100] {dag.py:4180} INFO - Setting next_dagrun for example_short_circuit_operator to None, run_after=None
[2024-11-12T01:02:23.784+0100] {processor.py:208} INFO - Processing /home/sakana/anaconda3/envs/airflow_env/lib/python3.8/site-packages/airflow/example_dags/example_short_circuit_operator.py took 0.071 seconds
[2024-11-12T01:03:28.493+0100] {processor.py:186} INFO - Started process (PID=32238) to work on /home/sakana/anaconda3/envs/airflow_env/lib/python3.8/site-packages/airflow/example_dags/example_short_circuit_operator.py
[2024-11-12T01:03:28.499+0100] {processor.py:914} INFO - Processing file /home/sakana/anaconda3/envs/airflow_env/lib/python3.8/site-packages/airflow/example_dags/example_short_circuit_operator.py for tasks to queue
[2024-11-12T01:03:28.501+0100] {logging_mixin.py:190} INFO - [2024-11-12T01:03:28.501+0100] {dagbag.py:588} INFO - Filling up the DagBag from /home/sakana/anaconda3/envs/airflow_env/lib/python3.8/site-packages/airflow/example_dags/example_short_circuit_operator.py
[2024-11-12T01:03:28.515+0100] {processor.py:925} INFO - DAG(s) 'example_short_circuit_operator' retrieved from /home/sakana/anaconda3/envs/airflow_env/lib/python3.8/site-packages/airflow/example_dags/example_short_circuit_operator.py
[2024-11-12T01:03:28.539+0100] {logging_mixin.py:190} INFO - [2024-11-12T01:03:28.539+0100] {dag.py:3239} INFO - Sync 1 DAGs
[2024-11-12T01:03:28.553+0100] {logging_mixin.py:190} INFO - [2024-11-12T01:03:28.553+0100] {dag.py:4180} INFO - Setting next_dagrun for example_short_circuit_operator to None, run_after=None
[2024-11-12T01:03:28.595+0100] {processor.py:208} INFO - Processing /home/sakana/anaconda3/envs/airflow_env/lib/python3.8/site-packages/airflow/example_dags/example_short_circuit_operator.py took 0.111 seconds
[2024-11-12T01:06:52.721+0100] {processor.py:186} INFO - Started process (PID=34231) to work on /home/sakana/anaconda3/envs/airflow_env/lib/python3.8/site-packages/airflow/example_dags/example_short_circuit_operator.py
[2024-11-12T01:06:52.727+0100] {processor.py:914} INFO - Processing file /home/sakana/anaconda3/envs/airflow_env/lib/python3.8/site-packages/airflow/example_dags/example_short_circuit_operator.py for tasks to queue
[2024-11-12T01:06:52.730+0100] {logging_mixin.py:190} INFO - [2024-11-12T01:06:52.729+0100] {dagbag.py:588} INFO - Filling up the DagBag from /home/sakana/anaconda3/envs/airflow_env/lib/python3.8/site-packages/airflow/example_dags/example_short_circuit_operator.py
[2024-11-12T01:06:52.740+0100] {processor.py:925} INFO - DAG(s) 'example_short_circuit_operator' retrieved from /home/sakana/anaconda3/envs/airflow_env/lib/python3.8/site-packages/airflow/example_dags/example_short_circuit_operator.py
[2024-11-12T01:06:52.760+0100] {logging_mixin.py:190} INFO - [2024-11-12T01:06:52.760+0100] {dag.py:3239} INFO - Sync 1 DAGs
[2024-11-12T01:06:52.774+0100] {logging_mixin.py:190} INFO - [2024-11-12T01:06:52.774+0100] {dag.py:4180} INFO - Setting next_dagrun for example_short_circuit_operator to None, run_after=None
[2024-11-12T01:06:52.799+0100] {processor.py:208} INFO - Processing /home/sakana/anaconda3/envs/airflow_env/lib/python3.8/site-packages/airflow/example_dags/example_short_circuit_operator.py took 0.088 seconds
[2024-11-12T01:10:07.389+0100] {processor.py:186} INFO - Started process (PID=4081) to work on /home/sakana/anaconda3/envs/airflow_env/lib/python3.8/site-packages/airflow/example_dags/example_short_circuit_operator.py
[2024-11-12T01:10:07.394+0100] {processor.py:914} INFO - Processing file /home/sakana/anaconda3/envs/airflow_env/lib/python3.8/site-packages/airflow/example_dags/example_short_circuit_operator.py for tasks to queue
[2024-11-12T01:10:07.397+0100] {logging_mixin.py:190} INFO - [2024-11-12T01:10:07.397+0100] {dagbag.py:588} INFO - Filling up the DagBag from /home/sakana/anaconda3/envs/airflow_env/lib/python3.8/site-packages/airflow/example_dags/example_short_circuit_operator.py
[2024-11-12T01:10:07.407+0100] {processor.py:925} INFO - DAG(s) 'example_short_circuit_operator' retrieved from /home/sakana/anaconda3/envs/airflow_env/lib/python3.8/site-packages/airflow/example_dags/example_short_circuit_operator.py
[2024-11-12T01:10:07.428+0100] {logging_mixin.py:190} INFO - [2024-11-12T01:10:07.427+0100] {dag.py:3239} INFO - Sync 1 DAGs
[2024-11-12T01:10:07.440+0100] {logging_mixin.py:190} INFO - [2024-11-12T01:10:07.440+0100] {dag.py:4180} INFO - Setting next_dagrun for example_short_circuit_operator to None, run_after=None
[2024-11-12T01:10:07.470+0100] {processor.py:208} INFO - Processing /home/sakana/anaconda3/envs/airflow_env/lib/python3.8/site-packages/airflow/example_dags/example_short_circuit_operator.py took 0.088 seconds
[2024-11-12T01:11:08.892+0100] {processor.py:186} INFO - Started process (PID=4206) to work on /home/sakana/anaconda3/envs/airflow_env/lib/python3.8/site-packages/airflow/example_dags/example_short_circuit_operator.py
[2024-11-12T01:11:08.897+0100] {processor.py:914} INFO - Processing file /home/sakana/anaconda3/envs/airflow_env/lib/python3.8/site-packages/airflow/example_dags/example_short_circuit_operator.py for tasks to queue
[2024-11-12T01:11:08.900+0100] {logging_mixin.py:190} INFO - [2024-11-12T01:11:08.900+0100] {dagbag.py:588} INFO - Filling up the DagBag from /home/sakana/anaconda3/envs/airflow_env/lib/python3.8/site-packages/airflow/example_dags/example_short_circuit_operator.py
[2024-11-12T01:11:08.909+0100] {processor.py:925} INFO - DAG(s) 'example_short_circuit_operator' retrieved from /home/sakana/anaconda3/envs/airflow_env/lib/python3.8/site-packages/airflow/example_dags/example_short_circuit_operator.py
[2024-11-12T01:11:08.927+0100] {logging_mixin.py:190} INFO - [2024-11-12T01:11:08.926+0100] {dag.py:3239} INFO - Sync 1 DAGs
[2024-11-12T01:11:08.938+0100] {logging_mixin.py:190} INFO - [2024-11-12T01:11:08.938+0100] {dag.py:4180} INFO - Setting next_dagrun for example_short_circuit_operator to None, run_after=None
[2024-11-12T01:11:08.970+0100] {processor.py:208} INFO - Processing /home/sakana/anaconda3/envs/airflow_env/lib/python3.8/site-packages/airflow/example_dags/example_short_circuit_operator.py took 0.083 seconds
[2024-11-12T01:12:08.194+0100] {processor.py:186} INFO - Started process (PID=4329) to work on /home/sakana/anaconda3/envs/airflow_env/lib/python3.8/site-packages/airflow/example_dags/example_short_circuit_operator.py
[2024-11-12T01:12:08.199+0100] {processor.py:914} INFO - Processing file /home/sakana/anaconda3/envs/airflow_env/lib/python3.8/site-packages/airflow/example_dags/example_short_circuit_operator.py for tasks to queue
[2024-11-12T01:12:08.201+0100] {logging_mixin.py:190} INFO - [2024-11-12T01:12:08.201+0100] {dagbag.py:588} INFO - Filling up the DagBag from /home/sakana/anaconda3/envs/airflow_env/lib/python3.8/site-packages/airflow/example_dags/example_short_circuit_operator.py
[2024-11-12T01:12:08.211+0100] {processor.py:925} INFO - DAG(s) 'example_short_circuit_operator' retrieved from /home/sakana/anaconda3/envs/airflow_env/lib/python3.8/site-packages/airflow/example_dags/example_short_circuit_operator.py
[2024-11-12T01:12:08.234+0100] {logging_mixin.py:190} INFO - [2024-11-12T01:12:08.234+0100] {dag.py:3239} INFO - Sync 1 DAGs
[2024-11-12T01:12:08.252+0100] {logging_mixin.py:190} INFO - [2024-11-12T01:12:08.252+0100] {dag.py:4180} INFO - Setting next_dagrun for example_short_circuit_operator to None, run_after=None
[2024-11-12T01:12:08.283+0100] {processor.py:208} INFO - Processing /home/sakana/anaconda3/envs/airflow_env/lib/python3.8/site-packages/airflow/example_dags/example_short_circuit_operator.py took 0.096 seconds
[2024-11-12T16:37:46.975+0100] {processor.py:186} INFO - Started process (PID=6601) to work on /home/sakana/anaconda3/envs/airflow_env/lib/python3.8/site-packages/airflow/example_dags/example_short_circuit_operator.py
[2024-11-12T16:37:46.980+0100] {processor.py:914} INFO - Processing file /home/sakana/anaconda3/envs/airflow_env/lib/python3.8/site-packages/airflow/example_dags/example_short_circuit_operator.py for tasks to queue
[2024-11-12T16:37:46.983+0100] {logging_mixin.py:190} INFO - [2024-11-12T16:37:46.982+0100] {dagbag.py:588} INFO - Filling up the DagBag from /home/sakana/anaconda3/envs/airflow_env/lib/python3.8/site-packages/airflow/example_dags/example_short_circuit_operator.py
[2024-11-12T16:37:46.992+0100] {processor.py:925} INFO - DAG(s) 'example_short_circuit_operator' retrieved from /home/sakana/anaconda3/envs/airflow_env/lib/python3.8/site-packages/airflow/example_dags/example_short_circuit_operator.py
[2024-11-12T16:37:47.014+0100] {logging_mixin.py:190} INFO - [2024-11-12T16:37:47.014+0100] {dag.py:3239} INFO - Sync 1 DAGs
[2024-11-12T16:37:47.028+0100] {logging_mixin.py:190} INFO - [2024-11-12T16:37:47.028+0100] {dag.py:4180} INFO - Setting next_dagrun for example_short_circuit_operator to None, run_after=None
[2024-11-12T16:37:47.053+0100] {processor.py:208} INFO - Processing /home/sakana/anaconda3/envs/airflow_env/lib/python3.8/site-packages/airflow/example_dags/example_short_circuit_operator.py took 0.085 seconds
[2024-11-12T16:39:48.982+0100] {processor.py:186} INFO - Started process (PID=6926) to work on /home/sakana/anaconda3/envs/airflow_env/lib/python3.8/site-packages/airflow/example_dags/example_short_circuit_operator.py
[2024-11-12T16:39:48.987+0100] {processor.py:914} INFO - Processing file /home/sakana/anaconda3/envs/airflow_env/lib/python3.8/site-packages/airflow/example_dags/example_short_circuit_operator.py for tasks to queue
[2024-11-12T16:39:48.990+0100] {logging_mixin.py:190} INFO - [2024-11-12T16:39:48.989+0100] {dagbag.py:588} INFO - Filling up the DagBag from /home/sakana/anaconda3/envs/airflow_env/lib/python3.8/site-packages/airflow/example_dags/example_short_circuit_operator.py
[2024-11-12T16:39:49.003+0100] {processor.py:925} INFO - DAG(s) 'example_short_circuit_operator' retrieved from /home/sakana/anaconda3/envs/airflow_env/lib/python3.8/site-packages/airflow/example_dags/example_short_circuit_operator.py
[2024-11-12T16:39:49.028+0100] {logging_mixin.py:190} INFO - [2024-11-12T16:39:49.028+0100] {dag.py:3239} INFO - Sync 1 DAGs
[2024-11-12T16:39:49.048+0100] {logging_mixin.py:190} INFO - [2024-11-12T16:39:49.048+0100] {dag.py:4180} INFO - Setting next_dagrun for example_short_circuit_operator to None, run_after=None
[2024-11-12T16:39:49.077+0100] {processor.py:208} INFO - Processing /home/sakana/anaconda3/envs/airflow_env/lib/python3.8/site-packages/airflow/example_dags/example_short_circuit_operator.py took 0.105 seconds
[2024-11-12T16:41:03.784+0100] {processor.py:186} INFO - Started process (PID=7063) to work on /home/sakana/anaconda3/envs/airflow_env/lib/python3.8/site-packages/airflow/example_dags/example_short_circuit_operator.py
[2024-11-12T16:41:03.789+0100] {processor.py:914} INFO - Processing file /home/sakana/anaconda3/envs/airflow_env/lib/python3.8/site-packages/airflow/example_dags/example_short_circuit_operator.py for tasks to queue
[2024-11-12T16:41:03.792+0100] {logging_mixin.py:190} INFO - [2024-11-12T16:41:03.792+0100] {dagbag.py:588} INFO - Filling up the DagBag from /home/sakana/anaconda3/envs/airflow_env/lib/python3.8/site-packages/airflow/example_dags/example_short_circuit_operator.py
[2024-11-12T16:41:03.802+0100] {processor.py:925} INFO - DAG(s) 'example_short_circuit_operator' retrieved from /home/sakana/anaconda3/envs/airflow_env/lib/python3.8/site-packages/airflow/example_dags/example_short_circuit_operator.py
[2024-11-12T16:41:03.825+0100] {logging_mixin.py:190} INFO - [2024-11-12T16:41:03.825+0100] {dag.py:3239} INFO - Sync 1 DAGs
[2024-11-12T16:41:03.839+0100] {logging_mixin.py:190} INFO - [2024-11-12T16:41:03.838+0100] {dag.py:4180} INFO - Setting next_dagrun for example_short_circuit_operator to None, run_after=None
[2024-11-12T16:41:03.873+0100] {processor.py:208} INFO - Processing /home/sakana/anaconda3/envs/airflow_env/lib/python3.8/site-packages/airflow/example_dags/example_short_circuit_operator.py took 0.097 seconds
[2024-11-12T16:42:01.652+0100] {processor.py:186} INFO - Started process (PID=7159) to work on /home/sakana/anaconda3/envs/airflow_env/lib/python3.8/site-packages/airflow/example_dags/example_short_circuit_operator.py
[2024-11-12T16:42:01.657+0100] {processor.py:914} INFO - Processing file /home/sakana/anaconda3/envs/airflow_env/lib/python3.8/site-packages/airflow/example_dags/example_short_circuit_operator.py for tasks to queue
[2024-11-12T16:42:01.660+0100] {logging_mixin.py:190} INFO - [2024-11-12T16:42:01.660+0100] {dagbag.py:588} INFO - Filling up the DagBag from /home/sakana/anaconda3/envs/airflow_env/lib/python3.8/site-packages/airflow/example_dags/example_short_circuit_operator.py
[2024-11-12T16:42:01.671+0100] {processor.py:925} INFO - DAG(s) 'example_short_circuit_operator' retrieved from /home/sakana/anaconda3/envs/airflow_env/lib/python3.8/site-packages/airflow/example_dags/example_short_circuit_operator.py
[2024-11-12T16:42:01.689+0100] {logging_mixin.py:190} INFO - [2024-11-12T16:42:01.688+0100] {dag.py:3239} INFO - Sync 1 DAGs
[2024-11-12T16:42:01.700+0100] {logging_mixin.py:190} INFO - [2024-11-12T16:42:01.700+0100] {dag.py:4180} INFO - Setting next_dagrun for example_short_circuit_operator to None, run_after=None
[2024-11-12T16:42:01.726+0100] {processor.py:208} INFO - Processing /home/sakana/anaconda3/envs/airflow_env/lib/python3.8/site-packages/airflow/example_dags/example_short_circuit_operator.py took 0.081 seconds
[2024-11-12T16:42:57.385+0100] {processor.py:186} INFO - Started process (PID=7295) to work on /home/sakana/anaconda3/envs/airflow_env/lib/python3.8/site-packages/airflow/example_dags/example_short_circuit_operator.py
[2024-11-12T16:42:57.400+0100] {processor.py:914} INFO - Processing file /home/sakana/anaconda3/envs/airflow_env/lib/python3.8/site-packages/airflow/example_dags/example_short_circuit_operator.py for tasks to queue
[2024-11-12T16:42:57.402+0100] {logging_mixin.py:190} INFO - [2024-11-12T16:42:57.402+0100] {dagbag.py:588} INFO - Filling up the DagBag from /home/sakana/anaconda3/envs/airflow_env/lib/python3.8/site-packages/airflow/example_dags/example_short_circuit_operator.py
[2024-11-12T16:42:57.413+0100] {processor.py:925} INFO - DAG(s) 'example_short_circuit_operator' retrieved from /home/sakana/anaconda3/envs/airflow_env/lib/python3.8/site-packages/airflow/example_dags/example_short_circuit_operator.py
[2024-11-12T16:42:57.438+0100] {logging_mixin.py:190} INFO - [2024-11-12T16:42:57.438+0100] {dag.py:3239} INFO - Sync 1 DAGs
[2024-11-12T16:42:57.451+0100] {logging_mixin.py:190} INFO - [2024-11-12T16:42:57.451+0100] {dag.py:4180} INFO - Setting next_dagrun for example_short_circuit_operator to None, run_after=None
[2024-11-12T16:42:57.477+0100] {processor.py:208} INFO - Processing /home/sakana/anaconda3/envs/airflow_env/lib/python3.8/site-packages/airflow/example_dags/example_short_circuit_operator.py took 0.099 seconds
[2024-11-12T16:43:55.635+0100] {processor.py:186} INFO - Started process (PID=7406) to work on /home/sakana/anaconda3/envs/airflow_env/lib/python3.8/site-packages/airflow/example_dags/example_short_circuit_operator.py
[2024-11-12T16:43:55.640+0100] {processor.py:914} INFO - Processing file /home/sakana/anaconda3/envs/airflow_env/lib/python3.8/site-packages/airflow/example_dags/example_short_circuit_operator.py for tasks to queue
[2024-11-12T16:43:55.643+0100] {logging_mixin.py:190} INFO - [2024-11-12T16:43:55.642+0100] {dagbag.py:588} INFO - Filling up the DagBag from /home/sakana/anaconda3/envs/airflow_env/lib/python3.8/site-packages/airflow/example_dags/example_short_circuit_operator.py
[2024-11-12T16:43:55.656+0100] {processor.py:925} INFO - DAG(s) 'example_short_circuit_operator' retrieved from /home/sakana/anaconda3/envs/airflow_env/lib/python3.8/site-packages/airflow/example_dags/example_short_circuit_operator.py
[2024-11-12T16:43:55.683+0100] {logging_mixin.py:190} INFO - [2024-11-12T16:43:55.683+0100] {dag.py:3239} INFO - Sync 1 DAGs
[2024-11-12T16:43:55.702+0100] {logging_mixin.py:190} INFO - [2024-11-12T16:43:55.702+0100] {dag.py:4180} INFO - Setting next_dagrun for example_short_circuit_operator to None, run_after=None
[2024-11-12T16:43:55.737+0100] {processor.py:208} INFO - Processing /home/sakana/anaconda3/envs/airflow_env/lib/python3.8/site-packages/airflow/example_dags/example_short_circuit_operator.py took 0.108 seconds
[2024-11-12T16:44:53.039+0100] {processor.py:186} INFO - Started process (PID=7482) to work on /home/sakana/anaconda3/envs/airflow_env/lib/python3.8/site-packages/airflow/example_dags/example_short_circuit_operator.py
[2024-11-12T16:44:53.044+0100] {processor.py:914} INFO - Processing file /home/sakana/anaconda3/envs/airflow_env/lib/python3.8/site-packages/airflow/example_dags/example_short_circuit_operator.py for tasks to queue
[2024-11-12T16:44:53.046+0100] {logging_mixin.py:190} INFO - [2024-11-12T16:44:53.046+0100] {dagbag.py:588} INFO - Filling up the DagBag from /home/sakana/anaconda3/envs/airflow_env/lib/python3.8/site-packages/airflow/example_dags/example_short_circuit_operator.py
[2024-11-12T16:44:53.056+0100] {processor.py:925} INFO - DAG(s) 'example_short_circuit_operator' retrieved from /home/sakana/anaconda3/envs/airflow_env/lib/python3.8/site-packages/airflow/example_dags/example_short_circuit_operator.py
[2024-11-12T16:44:53.075+0100] {logging_mixin.py:190} INFO - [2024-11-12T16:44:53.075+0100] {dag.py:3239} INFO - Sync 1 DAGs
[2024-11-12T16:44:53.087+0100] {logging_mixin.py:190} INFO - [2024-11-12T16:44:53.087+0100] {dag.py:4180} INFO - Setting next_dagrun for example_short_circuit_operator to None, run_after=None
[2024-11-12T16:44:53.114+0100] {processor.py:208} INFO - Processing /home/sakana/anaconda3/envs/airflow_env/lib/python3.8/site-packages/airflow/example_dags/example_short_circuit_operator.py took 0.082 seconds
[2024-11-12T16:45:46.534+0100] {processor.py:186} INFO - Started process (PID=7553) to work on /home/sakana/anaconda3/envs/airflow_env/lib/python3.8/site-packages/airflow/example_dags/example_short_circuit_operator.py
[2024-11-12T16:45:46.539+0100] {processor.py:914} INFO - Processing file /home/sakana/anaconda3/envs/airflow_env/lib/python3.8/site-packages/airflow/example_dags/example_short_circuit_operator.py for tasks to queue
[2024-11-12T16:45:46.541+0100] {logging_mixin.py:190} INFO - [2024-11-12T16:45:46.541+0100] {dagbag.py:588} INFO - Filling up the DagBag from /home/sakana/anaconda3/envs/airflow_env/lib/python3.8/site-packages/airflow/example_dags/example_short_circuit_operator.py
[2024-11-12T16:45:46.551+0100] {processor.py:925} INFO - DAG(s) 'example_short_circuit_operator' retrieved from /home/sakana/anaconda3/envs/airflow_env/lib/python3.8/site-packages/airflow/example_dags/example_short_circuit_operator.py
[2024-11-12T16:45:46.573+0100] {logging_mixin.py:190} INFO - [2024-11-12T16:45:46.573+0100] {dag.py:3239} INFO - Sync 1 DAGs
[2024-11-12T16:45:46.586+0100] {logging_mixin.py:190} INFO - [2024-11-12T16:45:46.585+0100] {dag.py:4180} INFO - Setting next_dagrun for example_short_circuit_operator to None, run_after=None
[2024-11-12T16:45:46.614+0100] {processor.py:208} INFO - Processing /home/sakana/anaconda3/envs/airflow_env/lib/python3.8/site-packages/airflow/example_dags/example_short_circuit_operator.py took 0.088 seconds
[2024-11-12T16:46:56.558+0100] {processor.py:186} INFO - Started process (PID=7685) to work on /home/sakana/anaconda3/envs/airflow_env/lib/python3.8/site-packages/airflow/example_dags/example_short_circuit_operator.py
[2024-11-12T16:46:56.564+0100] {processor.py:914} INFO - Processing file /home/sakana/anaconda3/envs/airflow_env/lib/python3.8/site-packages/airflow/example_dags/example_short_circuit_operator.py for tasks to queue
[2024-11-12T16:46:56.566+0100] {logging_mixin.py:190} INFO - [2024-11-12T16:46:56.566+0100] {dagbag.py:588} INFO - Filling up the DagBag from /home/sakana/anaconda3/envs/airflow_env/lib/python3.8/site-packages/airflow/example_dags/example_short_circuit_operator.py
[2024-11-12T16:46:56.578+0100] {processor.py:925} INFO - DAG(s) 'example_short_circuit_operator' retrieved from /home/sakana/anaconda3/envs/airflow_env/lib/python3.8/site-packages/airflow/example_dags/example_short_circuit_operator.py
[2024-11-12T16:46:56.599+0100] {logging_mixin.py:190} INFO - [2024-11-12T16:46:56.598+0100] {dag.py:3239} INFO - Sync 1 DAGs
[2024-11-12T16:46:56.611+0100] {logging_mixin.py:190} INFO - [2024-11-12T16:46:56.610+0100] {dag.py:4180} INFO - Setting next_dagrun for example_short_circuit_operator to None, run_after=None
[2024-11-12T16:46:56.637+0100] {processor.py:208} INFO - Processing /home/sakana/anaconda3/envs/airflow_env/lib/python3.8/site-packages/airflow/example_dags/example_short_circuit_operator.py took 0.086 seconds
[2024-11-12T16:47:53.850+0100] {processor.py:186} INFO - Started process (PID=7754) to work on /home/sakana/anaconda3/envs/airflow_env/lib/python3.8/site-packages/airflow/example_dags/example_short_circuit_operator.py
[2024-11-12T16:47:53.856+0100] {processor.py:914} INFO - Processing file /home/sakana/anaconda3/envs/airflow_env/lib/python3.8/site-packages/airflow/example_dags/example_short_circuit_operator.py for tasks to queue
[2024-11-12T16:47:53.860+0100] {logging_mixin.py:190} INFO - [2024-11-12T16:47:53.859+0100] {dagbag.py:588} INFO - Filling up the DagBag from /home/sakana/anaconda3/envs/airflow_env/lib/python3.8/site-packages/airflow/example_dags/example_short_circuit_operator.py
[2024-11-12T16:47:53.874+0100] {processor.py:925} INFO - DAG(s) 'example_short_circuit_operator' retrieved from /home/sakana/anaconda3/envs/airflow_env/lib/python3.8/site-packages/airflow/example_dags/example_short_circuit_operator.py
[2024-11-12T16:47:53.894+0100] {logging_mixin.py:190} INFO - [2024-11-12T16:47:53.894+0100] {dag.py:3239} INFO - Sync 1 DAGs
[2024-11-12T16:47:53.906+0100] {logging_mixin.py:190} INFO - [2024-11-12T16:47:53.905+0100] {dag.py:4180} INFO - Setting next_dagrun for example_short_circuit_operator to None, run_after=None
[2024-11-12T16:47:53.945+0100] {processor.py:208} INFO - Processing /home/sakana/anaconda3/envs/airflow_env/lib/python3.8/site-packages/airflow/example_dags/example_short_circuit_operator.py took 0.106 seconds
[2024-11-12T16:48:52.792+0100] {processor.py:186} INFO - Started process (PID=7911) to work on /home/sakana/anaconda3/envs/airflow_env/lib/python3.8/site-packages/airflow/example_dags/example_short_circuit_operator.py
[2024-11-12T16:48:52.797+0100] {processor.py:914} INFO - Processing file /home/sakana/anaconda3/envs/airflow_env/lib/python3.8/site-packages/airflow/example_dags/example_short_circuit_operator.py for tasks to queue
[2024-11-12T16:48:52.799+0100] {logging_mixin.py:190} INFO - [2024-11-12T16:48:52.799+0100] {dagbag.py:588} INFO - Filling up the DagBag from /home/sakana/anaconda3/envs/airflow_env/lib/python3.8/site-packages/airflow/example_dags/example_short_circuit_operator.py
[2024-11-12T16:48:52.810+0100] {processor.py:925} INFO - DAG(s) 'example_short_circuit_operator' retrieved from /home/sakana/anaconda3/envs/airflow_env/lib/python3.8/site-packages/airflow/example_dags/example_short_circuit_operator.py
[2024-11-12T16:48:52.832+0100] {logging_mixin.py:190} INFO - [2024-11-12T16:48:52.832+0100] {dag.py:3239} INFO - Sync 1 DAGs
[2024-11-12T16:48:52.846+0100] {logging_mixin.py:190} INFO - [2024-11-12T16:48:52.846+0100] {dag.py:4180} INFO - Setting next_dagrun for example_short_circuit_operator to None, run_after=None
[2024-11-12T16:48:52.872+0100] {processor.py:208} INFO - Processing /home/sakana/anaconda3/envs/airflow_env/lib/python3.8/site-packages/airflow/example_dags/example_short_circuit_operator.py took 0.088 seconds
[2024-11-12T16:49:49.639+0100] {processor.py:186} INFO - Started process (PID=8003) to work on /home/sakana/anaconda3/envs/airflow_env/lib/python3.8/site-packages/airflow/example_dags/example_short_circuit_operator.py
[2024-11-12T16:49:49.644+0100] {processor.py:914} INFO - Processing file /home/sakana/anaconda3/envs/airflow_env/lib/python3.8/site-packages/airflow/example_dags/example_short_circuit_operator.py for tasks to queue
[2024-11-12T16:49:49.646+0100] {logging_mixin.py:190} INFO - [2024-11-12T16:49:49.646+0100] {dagbag.py:588} INFO - Filling up the DagBag from /home/sakana/anaconda3/envs/airflow_env/lib/python3.8/site-packages/airflow/example_dags/example_short_circuit_operator.py
[2024-11-12T16:49:49.655+0100] {processor.py:925} INFO - DAG(s) 'example_short_circuit_operator' retrieved from /home/sakana/anaconda3/envs/airflow_env/lib/python3.8/site-packages/airflow/example_dags/example_short_circuit_operator.py
[2024-11-12T16:49:49.673+0100] {logging_mixin.py:190} INFO - [2024-11-12T16:49:49.673+0100] {dag.py:3239} INFO - Sync 1 DAGs
[2024-11-12T16:49:49.685+0100] {logging_mixin.py:190} INFO - [2024-11-12T16:49:49.684+0100] {dag.py:4180} INFO - Setting next_dagrun for example_short_circuit_operator to None, run_after=None
[2024-11-12T16:49:49.712+0100] {processor.py:208} INFO - Processing /home/sakana/anaconda3/envs/airflow_env/lib/python3.8/site-packages/airflow/example_dags/example_short_circuit_operator.py took 0.080 seconds
[2024-11-12T16:50:46.986+0100] {processor.py:186} INFO - Started process (PID=8070) to work on /home/sakana/anaconda3/envs/airflow_env/lib/python3.8/site-packages/airflow/example_dags/example_short_circuit_operator.py
[2024-11-12T16:50:46.991+0100] {processor.py:914} INFO - Processing file /home/sakana/anaconda3/envs/airflow_env/lib/python3.8/site-packages/airflow/example_dags/example_short_circuit_operator.py for tasks to queue
[2024-11-12T16:50:46.993+0100] {logging_mixin.py:190} INFO - [2024-11-12T16:50:46.993+0100] {dagbag.py:588} INFO - Filling up the DagBag from /home/sakana/anaconda3/envs/airflow_env/lib/python3.8/site-packages/airflow/example_dags/example_short_circuit_operator.py
[2024-11-12T16:50:47.003+0100] {processor.py:925} INFO - DAG(s) 'example_short_circuit_operator' retrieved from /home/sakana/anaconda3/envs/airflow_env/lib/python3.8/site-packages/airflow/example_dags/example_short_circuit_operator.py
[2024-11-12T16:50:47.024+0100] {logging_mixin.py:190} INFO - [2024-11-12T16:50:47.024+0100] {dag.py:3239} INFO - Sync 1 DAGs
[2024-11-12T16:50:47.036+0100] {logging_mixin.py:190} INFO - [2024-11-12T16:50:47.036+0100] {dag.py:4180} INFO - Setting next_dagrun for example_short_circuit_operator to None, run_after=None
[2024-11-12T16:50:47.061+0100] {processor.py:208} INFO - Processing /home/sakana/anaconda3/envs/airflow_env/lib/python3.8/site-packages/airflow/example_dags/example_short_circuit_operator.py took 0.082 seconds
[2024-11-12T16:51:42.973+0100] {processor.py:186} INFO - Started process (PID=8143) to work on /home/sakana/anaconda3/envs/airflow_env/lib/python3.8/site-packages/airflow/example_dags/example_short_circuit_operator.py
[2024-11-12T16:51:42.978+0100] {processor.py:914} INFO - Processing file /home/sakana/anaconda3/envs/airflow_env/lib/python3.8/site-packages/airflow/example_dags/example_short_circuit_operator.py for tasks to queue
[2024-11-12T16:51:42.981+0100] {logging_mixin.py:190} INFO - [2024-11-12T16:51:42.981+0100] {dagbag.py:588} INFO - Filling up the DagBag from /home/sakana/anaconda3/envs/airflow_env/lib/python3.8/site-packages/airflow/example_dags/example_short_circuit_operator.py
[2024-11-12T16:51:42.997+0100] {processor.py:925} INFO - DAG(s) 'example_short_circuit_operator' retrieved from /home/sakana/anaconda3/envs/airflow_env/lib/python3.8/site-packages/airflow/example_dags/example_short_circuit_operator.py
[2024-11-12T16:51:43.015+0100] {logging_mixin.py:190} INFO - [2024-11-12T16:51:43.015+0100] {dag.py:3239} INFO - Sync 1 DAGs
[2024-11-12T16:51:43.026+0100] {logging_mixin.py:190} INFO - [2024-11-12T16:51:43.026+0100] {dag.py:4180} INFO - Setting next_dagrun for example_short_circuit_operator to None, run_after=None
[2024-11-12T16:51:43.059+0100] {processor.py:208} INFO - Processing /home/sakana/anaconda3/envs/airflow_env/lib/python3.8/site-packages/airflow/example_dags/example_short_circuit_operator.py took 0.097 seconds
[2024-11-12T16:52:39.241+0100] {processor.py:186} INFO - Started process (PID=8232) to work on /home/sakana/anaconda3/envs/airflow_env/lib/python3.8/site-packages/airflow/example_dags/example_short_circuit_operator.py
[2024-11-12T16:52:39.247+0100] {processor.py:914} INFO - Processing file /home/sakana/anaconda3/envs/airflow_env/lib/python3.8/site-packages/airflow/example_dags/example_short_circuit_operator.py for tasks to queue
[2024-11-12T16:52:39.251+0100] {logging_mixin.py:190} INFO - [2024-11-12T16:52:39.250+0100] {dagbag.py:588} INFO - Filling up the DagBag from /home/sakana/anaconda3/envs/airflow_env/lib/python3.8/site-packages/airflow/example_dags/example_short_circuit_operator.py
[2024-11-12T16:52:39.271+0100] {processor.py:925} INFO - DAG(s) 'example_short_circuit_operator' retrieved from /home/sakana/anaconda3/envs/airflow_env/lib/python3.8/site-packages/airflow/example_dags/example_short_circuit_operator.py
[2024-11-12T16:52:39.291+0100] {logging_mixin.py:190} INFO - [2024-11-12T16:52:39.291+0100] {dag.py:3239} INFO - Sync 1 DAGs
[2024-11-12T16:52:39.302+0100] {logging_mixin.py:190} INFO - [2024-11-12T16:52:39.302+0100] {dag.py:4180} INFO - Setting next_dagrun for example_short_circuit_operator to None, run_after=None
[2024-11-12T16:52:39.327+0100] {processor.py:208} INFO - Processing /home/sakana/anaconda3/envs/airflow_env/lib/python3.8/site-packages/airflow/example_dags/example_short_circuit_operator.py took 0.094 seconds
[2024-11-12T16:53:35.176+0100] {processor.py:186} INFO - Started process (PID=8325) to work on /home/sakana/anaconda3/envs/airflow_env/lib/python3.8/site-packages/airflow/example_dags/example_short_circuit_operator.py
[2024-11-12T16:53:35.182+0100] {processor.py:914} INFO - Processing file /home/sakana/anaconda3/envs/airflow_env/lib/python3.8/site-packages/airflow/example_dags/example_short_circuit_operator.py for tasks to queue
[2024-11-12T16:53:35.189+0100] {logging_mixin.py:190} INFO - [2024-11-12T16:53:35.187+0100] {dagbag.py:588} INFO - Filling up the DagBag from /home/sakana/anaconda3/envs/airflow_env/lib/python3.8/site-packages/airflow/example_dags/example_short_circuit_operator.py
[2024-11-12T16:53:35.208+0100] {processor.py:925} INFO - DAG(s) 'example_short_circuit_operator' retrieved from /home/sakana/anaconda3/envs/airflow_env/lib/python3.8/site-packages/airflow/example_dags/example_short_circuit_operator.py
[2024-11-12T16:53:35.229+0100] {logging_mixin.py:190} INFO - [2024-11-12T16:53:35.229+0100] {dag.py:3239} INFO - Sync 1 DAGs
[2024-11-12T16:53:35.242+0100] {logging_mixin.py:190} INFO - [2024-11-12T16:53:35.242+0100] {dag.py:4180} INFO - Setting next_dagrun for example_short_circuit_operator to None, run_after=None
[2024-11-12T16:53:35.272+0100] {processor.py:208} INFO - Processing /home/sakana/anaconda3/envs/airflow_env/lib/python3.8/site-packages/airflow/example_dags/example_short_circuit_operator.py took 0.105 seconds
[2024-11-12T16:54:37.488+0100] {processor.py:186} INFO - Started process (PID=8497) to work on /home/sakana/anaconda3/envs/airflow_env/lib/python3.8/site-packages/airflow/example_dags/example_short_circuit_operator.py
[2024-11-12T16:54:37.489+0100] {processor.py:914} INFO - Processing file /home/sakana/anaconda3/envs/airflow_env/lib/python3.8/site-packages/airflow/example_dags/example_short_circuit_operator.py for tasks to queue
[2024-11-12T16:54:37.492+0100] {logging_mixin.py:190} INFO - [2024-11-12T16:54:37.491+0100] {dagbag.py:588} INFO - Filling up the DagBag from /home/sakana/anaconda3/envs/airflow_env/lib/python3.8/site-packages/airflow/example_dags/example_short_circuit_operator.py
[2024-11-12T16:54:37.502+0100] {processor.py:925} INFO - DAG(s) 'example_short_circuit_operator' retrieved from /home/sakana/anaconda3/envs/airflow_env/lib/python3.8/site-packages/airflow/example_dags/example_short_circuit_operator.py
[2024-11-12T16:54:37.520+0100] {logging_mixin.py:190} INFO - [2024-11-12T16:54:37.520+0100] {dag.py:3239} INFO - Sync 1 DAGs
[2024-11-12T16:54:37.532+0100] {logging_mixin.py:190} INFO - [2024-11-12T16:54:37.532+0100] {dag.py:4180} INFO - Setting next_dagrun for example_short_circuit_operator to None, run_after=None
[2024-11-12T16:54:37.559+0100] {processor.py:208} INFO - Processing /home/sakana/anaconda3/envs/airflow_env/lib/python3.8/site-packages/airflow/example_dags/example_short_circuit_operator.py took 0.078 seconds
[2024-11-12T16:55:37.519+0100] {processor.py:186} INFO - Started process (PID=8589) to work on /home/sakana/anaconda3/envs/airflow_env/lib/python3.8/site-packages/airflow/example_dags/example_short_circuit_operator.py
[2024-11-12T16:55:37.524+0100] {processor.py:914} INFO - Processing file /home/sakana/anaconda3/envs/airflow_env/lib/python3.8/site-packages/airflow/example_dags/example_short_circuit_operator.py for tasks to queue
[2024-11-12T16:55:37.527+0100] {logging_mixin.py:190} INFO - [2024-11-12T16:55:37.526+0100] {dagbag.py:588} INFO - Filling up the DagBag from /home/sakana/anaconda3/envs/airflow_env/lib/python3.8/site-packages/airflow/example_dags/example_short_circuit_operator.py
[2024-11-12T16:55:37.541+0100] {processor.py:925} INFO - DAG(s) 'example_short_circuit_operator' retrieved from /home/sakana/anaconda3/envs/airflow_env/lib/python3.8/site-packages/airflow/example_dags/example_short_circuit_operator.py
[2024-11-12T16:55:37.570+0100] {logging_mixin.py:190} INFO - [2024-11-12T16:55:37.569+0100] {dag.py:3239} INFO - Sync 1 DAGs
[2024-11-12T16:55:37.587+0100] {logging_mixin.py:190} INFO - [2024-11-12T16:55:37.587+0100] {dag.py:4180} INFO - Setting next_dagrun for example_short_circuit_operator to None, run_after=None
[2024-11-12T16:55:37.615+0100] {processor.py:208} INFO - Processing /home/sakana/anaconda3/envs/airflow_env/lib/python3.8/site-packages/airflow/example_dags/example_short_circuit_operator.py took 0.105 seconds
[2024-11-12T16:56:34.571+0100] {processor.py:186} INFO - Started process (PID=8662) to work on /home/sakana/anaconda3/envs/airflow_env/lib/python3.8/site-packages/airflow/example_dags/example_short_circuit_operator.py
[2024-11-12T16:56:34.577+0100] {processor.py:914} INFO - Processing file /home/sakana/anaconda3/envs/airflow_env/lib/python3.8/site-packages/airflow/example_dags/example_short_circuit_operator.py for tasks to queue
[2024-11-12T16:56:34.579+0100] {logging_mixin.py:190} INFO - [2024-11-12T16:56:34.579+0100] {dagbag.py:588} INFO - Filling up the DagBag from /home/sakana/anaconda3/envs/airflow_env/lib/python3.8/site-packages/airflow/example_dags/example_short_circuit_operator.py
[2024-11-12T16:56:34.591+0100] {processor.py:925} INFO - DAG(s) 'example_short_circuit_operator' retrieved from /home/sakana/anaconda3/envs/airflow_env/lib/python3.8/site-packages/airflow/example_dags/example_short_circuit_operator.py
[2024-11-12T16:56:34.615+0100] {logging_mixin.py:190} INFO - [2024-11-12T16:56:34.614+0100] {dag.py:3239} INFO - Sync 1 DAGs
[2024-11-12T16:56:34.636+0100] {logging_mixin.py:190} INFO - [2024-11-12T16:56:34.636+0100] {dag.py:4180} INFO - Setting next_dagrun for example_short_circuit_operator to None, run_after=None
[2024-11-12T16:56:34.661+0100] {processor.py:208} INFO - Processing /home/sakana/anaconda3/envs/airflow_env/lib/python3.8/site-packages/airflow/example_dags/example_short_circuit_operator.py took 0.098 seconds
[2024-11-12T16:57:35.195+0100] {processor.py:186} INFO - Started process (PID=8744) to work on /home/sakana/anaconda3/envs/airflow_env/lib/python3.8/site-packages/airflow/example_dags/example_short_circuit_operator.py
[2024-11-12T16:57:35.200+0100] {processor.py:914} INFO - Processing file /home/sakana/anaconda3/envs/airflow_env/lib/python3.8/site-packages/airflow/example_dags/example_short_circuit_operator.py for tasks to queue
[2024-11-12T16:57:35.203+0100] {logging_mixin.py:190} INFO - [2024-11-12T16:57:35.203+0100] {dagbag.py:588} INFO - Filling up the DagBag from /home/sakana/anaconda3/envs/airflow_env/lib/python3.8/site-packages/airflow/example_dags/example_short_circuit_operator.py
[2024-11-12T16:57:35.215+0100] {processor.py:925} INFO - DAG(s) 'example_short_circuit_operator' retrieved from /home/sakana/anaconda3/envs/airflow_env/lib/python3.8/site-packages/airflow/example_dags/example_short_circuit_operator.py
[2024-11-12T16:57:35.243+0100] {logging_mixin.py:190} INFO - [2024-11-12T16:57:35.243+0100] {dag.py:3239} INFO - Sync 1 DAGs
[2024-11-12T16:57:35.260+0100] {logging_mixin.py:190} INFO - [2024-11-12T16:57:35.259+0100] {dag.py:4180} INFO - Setting next_dagrun for example_short_circuit_operator to None, run_after=None
[2024-11-12T16:57:35.292+0100] {processor.py:208} INFO - Processing /home/sakana/anaconda3/envs/airflow_env/lib/python3.8/site-packages/airflow/example_dags/example_short_circuit_operator.py took 0.105 seconds
[2024-11-12T16:58:37.448+0100] {processor.py:186} INFO - Started process (PID=8846) to work on /home/sakana/anaconda3/envs/airflow_env/lib/python3.8/site-packages/airflow/example_dags/example_short_circuit_operator.py
[2024-11-12T16:58:37.453+0100] {processor.py:914} INFO - Processing file /home/sakana/anaconda3/envs/airflow_env/lib/python3.8/site-packages/airflow/example_dags/example_short_circuit_operator.py for tasks to queue
[2024-11-12T16:58:37.456+0100] {logging_mixin.py:190} INFO - [2024-11-12T16:58:37.456+0100] {dagbag.py:588} INFO - Filling up the DagBag from /home/sakana/anaconda3/envs/airflow_env/lib/python3.8/site-packages/airflow/example_dags/example_short_circuit_operator.py
[2024-11-12T16:58:37.467+0100] {processor.py:925} INFO - DAG(s) 'example_short_circuit_operator' retrieved from /home/sakana/anaconda3/envs/airflow_env/lib/python3.8/site-packages/airflow/example_dags/example_short_circuit_operator.py
[2024-11-12T16:58:37.485+0100] {logging_mixin.py:190} INFO - [2024-11-12T16:58:37.485+0100] {dag.py:3239} INFO - Sync 1 DAGs
[2024-11-12T16:58:37.496+0100] {logging_mixin.py:190} INFO - [2024-11-12T16:58:37.496+0100] {dag.py:4180} INFO - Setting next_dagrun for example_short_circuit_operator to None, run_after=None
[2024-11-12T16:58:37.524+0100] {processor.py:208} INFO - Processing /home/sakana/anaconda3/envs/airflow_env/lib/python3.8/site-packages/airflow/example_dags/example_short_circuit_operator.py took 0.088 seconds
[2024-11-12T16:59:39.317+0100] {processor.py:186} INFO - Started process (PID=8923) to work on /home/sakana/anaconda3/envs/airflow_env/lib/python3.8/site-packages/airflow/example_dags/example_short_circuit_operator.py
[2024-11-12T16:59:39.322+0100] {processor.py:914} INFO - Processing file /home/sakana/anaconda3/envs/airflow_env/lib/python3.8/site-packages/airflow/example_dags/example_short_circuit_operator.py for tasks to queue
[2024-11-12T16:59:39.326+0100] {logging_mixin.py:190} INFO - [2024-11-12T16:59:39.325+0100] {dagbag.py:588} INFO - Filling up the DagBag from /home/sakana/anaconda3/envs/airflow_env/lib/python3.8/site-packages/airflow/example_dags/example_short_circuit_operator.py
[2024-11-12T16:59:39.338+0100] {processor.py:925} INFO - DAG(s) 'example_short_circuit_operator' retrieved from /home/sakana/anaconda3/envs/airflow_env/lib/python3.8/site-packages/airflow/example_dags/example_short_circuit_operator.py
[2024-11-12T16:59:39.361+0100] {logging_mixin.py:190} INFO - [2024-11-12T16:59:39.361+0100] {dag.py:3239} INFO - Sync 1 DAGs
[2024-11-12T16:59:39.373+0100] {logging_mixin.py:190} INFO - [2024-11-12T16:59:39.373+0100] {dag.py:4180} INFO - Setting next_dagrun for example_short_circuit_operator to None, run_after=None
[2024-11-12T16:59:39.399+0100] {processor.py:208} INFO - Processing /home/sakana/anaconda3/envs/airflow_env/lib/python3.8/site-packages/airflow/example_dags/example_short_circuit_operator.py took 0.091 seconds
[2024-11-12T17:00:39.010+0100] {processor.py:186} INFO - Started process (PID=8997) to work on /home/sakana/anaconda3/envs/airflow_env/lib/python3.8/site-packages/airflow/example_dags/example_short_circuit_operator.py
[2024-11-12T17:00:39.016+0100] {processor.py:914} INFO - Processing file /home/sakana/anaconda3/envs/airflow_env/lib/python3.8/site-packages/airflow/example_dags/example_short_circuit_operator.py for tasks to queue
[2024-11-12T17:00:39.018+0100] {logging_mixin.py:190} INFO - [2024-11-12T17:00:39.018+0100] {dagbag.py:588} INFO - Filling up the DagBag from /home/sakana/anaconda3/envs/airflow_env/lib/python3.8/site-packages/airflow/example_dags/example_short_circuit_operator.py
[2024-11-12T17:00:39.026+0100] {processor.py:925} INFO - DAG(s) 'example_short_circuit_operator' retrieved from /home/sakana/anaconda3/envs/airflow_env/lib/python3.8/site-packages/airflow/example_dags/example_short_circuit_operator.py
[2024-11-12T17:00:39.046+0100] {logging_mixin.py:190} INFO - [2024-11-12T17:00:39.046+0100] {dag.py:3239} INFO - Sync 1 DAGs
[2024-11-12T17:00:39.060+0100] {logging_mixin.py:190} INFO - [2024-11-12T17:00:39.059+0100] {dag.py:4180} INFO - Setting next_dagrun for example_short_circuit_operator to None, run_after=None
[2024-11-12T17:00:39.090+0100] {processor.py:208} INFO - Processing /home/sakana/anaconda3/envs/airflow_env/lib/python3.8/site-packages/airflow/example_dags/example_short_circuit_operator.py took 0.085 seconds
[2024-11-12T17:18:45.915+0100] {processor.py:186} INFO - Started process (PID=9292) to work on /home/sakana/anaconda3/envs/airflow_env/lib/python3.8/site-packages/airflow/example_dags/example_short_circuit_operator.py
[2024-11-12T17:18:45.916+0100] {processor.py:914} INFO - Processing file /home/sakana/anaconda3/envs/airflow_env/lib/python3.8/site-packages/airflow/example_dags/example_short_circuit_operator.py for tasks to queue
[2024-11-12T17:18:45.919+0100] {logging_mixin.py:190} INFO - [2024-11-12T17:18:45.918+0100] {dagbag.py:588} INFO - Filling up the DagBag from /home/sakana/anaconda3/envs/airflow_env/lib/python3.8/site-packages/airflow/example_dags/example_short_circuit_operator.py
[2024-11-12T17:18:45.931+0100] {processor.py:925} INFO - DAG(s) 'example_short_circuit_operator' retrieved from /home/sakana/anaconda3/envs/airflow_env/lib/python3.8/site-packages/airflow/example_dags/example_short_circuit_operator.py
[2024-11-12T17:18:45.958+0100] {logging_mixin.py:190} INFO - [2024-11-12T17:18:45.957+0100] {dag.py:3239} INFO - Sync 1 DAGs
[2024-11-12T17:18:45.970+0100] {logging_mixin.py:190} INFO - [2024-11-12T17:18:45.969+0100] {dag.py:4180} INFO - Setting next_dagrun for example_short_circuit_operator to None, run_after=None
[2024-11-12T17:18:45.993+0100] {processor.py:208} INFO - Processing /home/sakana/anaconda3/envs/airflow_env/lib/python3.8/site-packages/airflow/example_dags/example_short_circuit_operator.py took 0.087 seconds
[2024-11-12T17:19:54.345+0100] {processor.py:186} INFO - Started process (PID=9619) to work on /home/sakana/anaconda3/envs/airflow_env/lib/python3.8/site-packages/airflow/example_dags/example_short_circuit_operator.py
[2024-11-12T17:19:54.346+0100] {processor.py:914} INFO - Processing file /home/sakana/anaconda3/envs/airflow_env/lib/python3.8/site-packages/airflow/example_dags/example_short_circuit_operator.py for tasks to queue
[2024-11-12T17:19:54.348+0100] {logging_mixin.py:190} INFO - [2024-11-12T17:19:54.348+0100] {dagbag.py:588} INFO - Filling up the DagBag from /home/sakana/anaconda3/envs/airflow_env/lib/python3.8/site-packages/airflow/example_dags/example_short_circuit_operator.py
[2024-11-12T17:19:54.359+0100] {processor.py:925} INFO - DAG(s) 'example_short_circuit_operator' retrieved from /home/sakana/anaconda3/envs/airflow_env/lib/python3.8/site-packages/airflow/example_dags/example_short_circuit_operator.py
[2024-11-12T17:19:54.378+0100] {logging_mixin.py:190} INFO - [2024-11-12T17:19:54.378+0100] {dag.py:3239} INFO - Sync 1 DAGs
[2024-11-12T17:19:54.390+0100] {logging_mixin.py:190} INFO - [2024-11-12T17:19:54.390+0100] {dag.py:4180} INFO - Setting next_dagrun for example_short_circuit_operator to None, run_after=None
[2024-11-12T17:19:54.414+0100] {processor.py:208} INFO - Processing /home/sakana/anaconda3/envs/airflow_env/lib/python3.8/site-packages/airflow/example_dags/example_short_circuit_operator.py took 0.077 seconds
[2024-11-12T17:21:00.907+0100] {processor.py:186} INFO - Started process (PID=9718) to work on /home/sakana/anaconda3/envs/airflow_env/lib/python3.8/site-packages/airflow/example_dags/example_short_circuit_operator.py
[2024-11-12T17:21:00.914+0100] {processor.py:914} INFO - Processing file /home/sakana/anaconda3/envs/airflow_env/lib/python3.8/site-packages/airflow/example_dags/example_short_circuit_operator.py for tasks to queue
[2024-11-12T17:21:00.918+0100] {logging_mixin.py:190} INFO - [2024-11-12T17:21:00.918+0100] {dagbag.py:588} INFO - Filling up the DagBag from /home/sakana/anaconda3/envs/airflow_env/lib/python3.8/site-packages/airflow/example_dags/example_short_circuit_operator.py
[2024-11-12T17:21:00.935+0100] {processor.py:925} INFO - DAG(s) 'example_short_circuit_operator' retrieved from /home/sakana/anaconda3/envs/airflow_env/lib/python3.8/site-packages/airflow/example_dags/example_short_circuit_operator.py
[2024-11-12T17:21:00.966+0100] {logging_mixin.py:190} INFO - [2024-11-12T17:21:00.966+0100] {dag.py:3239} INFO - Sync 1 DAGs
[2024-11-12T17:21:00.986+0100] {logging_mixin.py:190} INFO - [2024-11-12T17:21:00.986+0100] {dag.py:4180} INFO - Setting next_dagrun for example_short_circuit_operator to None, run_after=None
[2024-11-12T17:21:01.021+0100] {processor.py:208} INFO - Processing /home/sakana/anaconda3/envs/airflow_env/lib/python3.8/site-packages/airflow/example_dags/example_short_circuit_operator.py took 0.136 seconds
[2024-11-12T17:22:10.080+0100] {processor.py:186} INFO - Started process (PID=9826) to work on /home/sakana/anaconda3/envs/airflow_env/lib/python3.8/site-packages/airflow/example_dags/example_short_circuit_operator.py
[2024-11-12T17:22:10.086+0100] {processor.py:914} INFO - Processing file /home/sakana/anaconda3/envs/airflow_env/lib/python3.8/site-packages/airflow/example_dags/example_short_circuit_operator.py for tasks to queue
[2024-11-12T17:22:10.091+0100] {logging_mixin.py:190} INFO - [2024-11-12T17:22:10.090+0100] {dagbag.py:588} INFO - Filling up the DagBag from /home/sakana/anaconda3/envs/airflow_env/lib/python3.8/site-packages/airflow/example_dags/example_short_circuit_operator.py
[2024-11-12T17:22:10.111+0100] {processor.py:925} INFO - DAG(s) 'example_short_circuit_operator' retrieved from /home/sakana/anaconda3/envs/airflow_env/lib/python3.8/site-packages/airflow/example_dags/example_short_circuit_operator.py
[2024-11-12T17:22:10.151+0100] {logging_mixin.py:190} INFO - [2024-11-12T17:22:10.150+0100] {dag.py:3239} INFO - Sync 1 DAGs
[2024-11-12T17:22:10.167+0100] {logging_mixin.py:190} INFO - [2024-11-12T17:22:10.166+0100] {dag.py:4180} INFO - Setting next_dagrun for example_short_circuit_operator to None, run_after=None
[2024-11-12T17:22:10.244+0100] {processor.py:208} INFO - Processing /home/sakana/anaconda3/envs/airflow_env/lib/python3.8/site-packages/airflow/example_dags/example_short_circuit_operator.py took 0.177 seconds
[2024-11-12T17:23:23.577+0100] {processor.py:186} INFO - Started process (PID=9969) to work on /home/sakana/anaconda3/envs/airflow_env/lib/python3.8/site-packages/airflow/example_dags/example_short_circuit_operator.py
[2024-11-12T17:23:23.582+0100] {processor.py:914} INFO - Processing file /home/sakana/anaconda3/envs/airflow_env/lib/python3.8/site-packages/airflow/example_dags/example_short_circuit_operator.py for tasks to queue
[2024-11-12T17:23:23.585+0100] {logging_mixin.py:190} INFO - [2024-11-12T17:23:23.584+0100] {dagbag.py:588} INFO - Filling up the DagBag from /home/sakana/anaconda3/envs/airflow_env/lib/python3.8/site-packages/airflow/example_dags/example_short_circuit_operator.py
[2024-11-12T17:23:23.599+0100] {processor.py:925} INFO - DAG(s) 'example_short_circuit_operator' retrieved from /home/sakana/anaconda3/envs/airflow_env/lib/python3.8/site-packages/airflow/example_dags/example_short_circuit_operator.py
[2024-11-12T17:23:23.632+0100] {logging_mixin.py:190} INFO - [2024-11-12T17:23:23.631+0100] {dag.py:3239} INFO - Sync 1 DAGs
[2024-11-12T17:23:23.651+0100] {logging_mixin.py:190} INFO - [2024-11-12T17:23:23.651+0100] {dag.py:4180} INFO - Setting next_dagrun for example_short_circuit_operator to None, run_after=None
[2024-11-12T17:23:23.686+0100] {processor.py:208} INFO - Processing /home/sakana/anaconda3/envs/airflow_env/lib/python3.8/site-packages/airflow/example_dags/example_short_circuit_operator.py took 0.121 seconds
[2024-11-12T17:24:36.492+0100] {processor.py:186} INFO - Started process (PID=10135) to work on /home/sakana/anaconda3/envs/airflow_env/lib/python3.8/site-packages/airflow/example_dags/example_short_circuit_operator.py
[2024-11-12T17:24:36.498+0100] {processor.py:914} INFO - Processing file /home/sakana/anaconda3/envs/airflow_env/lib/python3.8/site-packages/airflow/example_dags/example_short_circuit_operator.py for tasks to queue
[2024-11-12T17:24:36.501+0100] {logging_mixin.py:190} INFO - [2024-11-12T17:24:36.501+0100] {dagbag.py:588} INFO - Filling up the DagBag from /home/sakana/anaconda3/envs/airflow_env/lib/python3.8/site-packages/airflow/example_dags/example_short_circuit_operator.py
[2024-11-12T17:24:36.519+0100] {processor.py:925} INFO - DAG(s) 'example_short_circuit_operator' retrieved from /home/sakana/anaconda3/envs/airflow_env/lib/python3.8/site-packages/airflow/example_dags/example_short_circuit_operator.py
[2024-11-12T17:24:36.559+0100] {logging_mixin.py:190} INFO - [2024-11-12T17:24:36.559+0100] {dag.py:3239} INFO - Sync 1 DAGs
[2024-11-12T17:24:36.578+0100] {logging_mixin.py:190} INFO - [2024-11-12T17:24:36.577+0100] {dag.py:4180} INFO - Setting next_dagrun for example_short_circuit_operator to None, run_after=None
[2024-11-12T17:24:36.621+0100] {processor.py:208} INFO - Processing /home/sakana/anaconda3/envs/airflow_env/lib/python3.8/site-packages/airflow/example_dags/example_short_circuit_operator.py took 0.148 seconds
[2024-11-12T17:25:50.417+0100] {processor.py:186} INFO - Started process (PID=10252) to work on /home/sakana/anaconda3/envs/airflow_env/lib/python3.8/site-packages/airflow/example_dags/example_short_circuit_operator.py
[2024-11-12T17:25:50.423+0100] {processor.py:914} INFO - Processing file /home/sakana/anaconda3/envs/airflow_env/lib/python3.8/site-packages/airflow/example_dags/example_short_circuit_operator.py for tasks to queue
[2024-11-12T17:25:50.425+0100] {logging_mixin.py:190} INFO - [2024-11-12T17:25:50.425+0100] {dagbag.py:588} INFO - Filling up the DagBag from /home/sakana/anaconda3/envs/airflow_env/lib/python3.8/site-packages/airflow/example_dags/example_short_circuit_operator.py
[2024-11-12T17:25:50.442+0100] {processor.py:925} INFO - DAG(s) 'example_short_circuit_operator' retrieved from /home/sakana/anaconda3/envs/airflow_env/lib/python3.8/site-packages/airflow/example_dags/example_short_circuit_operator.py
[2024-11-12T17:25:50.469+0100] {logging_mixin.py:190} INFO - [2024-11-12T17:25:50.468+0100] {dag.py:3239} INFO - Sync 1 DAGs
[2024-11-12T17:25:50.499+0100] {logging_mixin.py:190} INFO - [2024-11-12T17:25:50.498+0100] {dag.py:4180} INFO - Setting next_dagrun for example_short_circuit_operator to None, run_after=None
[2024-11-12T17:25:50.543+0100] {processor.py:208} INFO - Processing /home/sakana/anaconda3/envs/airflow_env/lib/python3.8/site-packages/airflow/example_dags/example_short_circuit_operator.py took 0.140 seconds
[2024-11-12T17:27:01.613+0100] {processor.py:186} INFO - Started process (PID=10357) to work on /home/sakana/anaconda3/envs/airflow_env/lib/python3.8/site-packages/airflow/example_dags/example_short_circuit_operator.py
[2024-11-12T17:27:01.618+0100] {processor.py:914} INFO - Processing file /home/sakana/anaconda3/envs/airflow_env/lib/python3.8/site-packages/airflow/example_dags/example_short_circuit_operator.py for tasks to queue
[2024-11-12T17:27:01.622+0100] {logging_mixin.py:190} INFO - [2024-11-12T17:27:01.621+0100] {dagbag.py:588} INFO - Filling up the DagBag from /home/sakana/anaconda3/envs/airflow_env/lib/python3.8/site-packages/airflow/example_dags/example_short_circuit_operator.py
[2024-11-12T17:27:01.639+0100] {processor.py:925} INFO - DAG(s) 'example_short_circuit_operator' retrieved from /home/sakana/anaconda3/envs/airflow_env/lib/python3.8/site-packages/airflow/example_dags/example_short_circuit_operator.py
[2024-11-12T17:27:01.667+0100] {logging_mixin.py:190} INFO - [2024-11-12T17:27:01.667+0100] {dag.py:3239} INFO - Sync 1 DAGs
[2024-11-12T17:27:01.686+0100] {logging_mixin.py:190} INFO - [2024-11-12T17:27:01.686+0100] {dag.py:4180} INFO - Setting next_dagrun for example_short_circuit_operator to None, run_after=None
[2024-11-12T17:27:01.718+0100] {processor.py:208} INFO - Processing /home/sakana/anaconda3/envs/airflow_env/lib/python3.8/site-packages/airflow/example_dags/example_short_circuit_operator.py took 0.119 seconds
[2024-11-12T17:28:13.882+0100] {processor.py:186} INFO - Started process (PID=10456) to work on /home/sakana/anaconda3/envs/airflow_env/lib/python3.8/site-packages/airflow/example_dags/example_short_circuit_operator.py
[2024-11-12T17:28:13.888+0100] {processor.py:914} INFO - Processing file /home/sakana/anaconda3/envs/airflow_env/lib/python3.8/site-packages/airflow/example_dags/example_short_circuit_operator.py for tasks to queue
[2024-11-12T17:28:13.891+0100] {logging_mixin.py:190} INFO - [2024-11-12T17:28:13.890+0100] {dagbag.py:588} INFO - Filling up the DagBag from /home/sakana/anaconda3/envs/airflow_env/lib/python3.8/site-packages/airflow/example_dags/example_short_circuit_operator.py
[2024-11-12T17:28:13.907+0100] {processor.py:925} INFO - DAG(s) 'example_short_circuit_operator' retrieved from /home/sakana/anaconda3/envs/airflow_env/lib/python3.8/site-packages/airflow/example_dags/example_short_circuit_operator.py
[2024-11-12T17:28:13.929+0100] {logging_mixin.py:190} INFO - [2024-11-12T17:28:13.929+0100] {dag.py:3239} INFO - Sync 1 DAGs
[2024-11-12T17:28:13.949+0100] {logging_mixin.py:190} INFO - [2024-11-12T17:28:13.949+0100] {dag.py:4180} INFO - Setting next_dagrun for example_short_circuit_operator to None, run_after=None
[2024-11-12T17:28:13.988+0100] {processor.py:208} INFO - Processing /home/sakana/anaconda3/envs/airflow_env/lib/python3.8/site-packages/airflow/example_dags/example_short_circuit_operator.py took 0.113 seconds
[2024-11-12T17:29:27.558+0100] {processor.py:186} INFO - Started process (PID=10581) to work on /home/sakana/anaconda3/envs/airflow_env/lib/python3.8/site-packages/airflow/example_dags/example_short_circuit_operator.py
[2024-11-12T17:29:27.564+0100] {processor.py:914} INFO - Processing file /home/sakana/anaconda3/envs/airflow_env/lib/python3.8/site-packages/airflow/example_dags/example_short_circuit_operator.py for tasks to queue
[2024-11-12T17:29:27.568+0100] {logging_mixin.py:190} INFO - [2024-11-12T17:29:27.567+0100] {dagbag.py:588} INFO - Filling up the DagBag from /home/sakana/anaconda3/envs/airflow_env/lib/python3.8/site-packages/airflow/example_dags/example_short_circuit_operator.py
[2024-11-12T17:29:27.582+0100] {processor.py:925} INFO - DAG(s) 'example_short_circuit_operator' retrieved from /home/sakana/anaconda3/envs/airflow_env/lib/python3.8/site-packages/airflow/example_dags/example_short_circuit_operator.py
[2024-11-12T17:29:27.613+0100] {logging_mixin.py:190} INFO - [2024-11-12T17:29:27.613+0100] {dag.py:3239} INFO - Sync 1 DAGs
[2024-11-12T17:29:27.631+0100] {logging_mixin.py:190} INFO - [2024-11-12T17:29:27.630+0100] {dag.py:4180} INFO - Setting next_dagrun for example_short_circuit_operator to None, run_after=None
[2024-11-12T17:29:27.687+0100] {processor.py:208} INFO - Processing /home/sakana/anaconda3/envs/airflow_env/lib/python3.8/site-packages/airflow/example_dags/example_short_circuit_operator.py took 0.146 seconds
[2024-11-12T17:30:38.489+0100] {processor.py:186} INFO - Started process (PID=10659) to work on /home/sakana/anaconda3/envs/airflow_env/lib/python3.8/site-packages/airflow/example_dags/example_short_circuit_operator.py
[2024-11-12T17:30:38.495+0100] {processor.py:914} INFO - Processing file /home/sakana/anaconda3/envs/airflow_env/lib/python3.8/site-packages/airflow/example_dags/example_short_circuit_operator.py for tasks to queue
[2024-11-12T17:30:38.499+0100] {logging_mixin.py:190} INFO - [2024-11-12T17:30:38.498+0100] {dagbag.py:588} INFO - Filling up the DagBag from /home/sakana/anaconda3/envs/airflow_env/lib/python3.8/site-packages/airflow/example_dags/example_short_circuit_operator.py
[2024-11-12T17:30:38.511+0100] {processor.py:925} INFO - DAG(s) 'example_short_circuit_operator' retrieved from /home/sakana/anaconda3/envs/airflow_env/lib/python3.8/site-packages/airflow/example_dags/example_short_circuit_operator.py
[2024-11-12T17:30:38.538+0100] {logging_mixin.py:190} INFO - [2024-11-12T17:30:38.538+0100] {dag.py:3239} INFO - Sync 1 DAGs
[2024-11-12T17:30:38.555+0100] {logging_mixin.py:190} INFO - [2024-11-12T17:30:38.554+0100] {dag.py:4180} INFO - Setting next_dagrun for example_short_circuit_operator to None, run_after=None
[2024-11-12T17:30:38.589+0100] {processor.py:208} INFO - Processing /home/sakana/anaconda3/envs/airflow_env/lib/python3.8/site-packages/airflow/example_dags/example_short_circuit_operator.py took 0.111 seconds
[2024-11-12T17:31:50.683+0100] {processor.py:186} INFO - Started process (PID=10750) to work on /home/sakana/anaconda3/envs/airflow_env/lib/python3.8/site-packages/airflow/example_dags/example_short_circuit_operator.py
[2024-11-12T17:31:50.688+0100] {processor.py:914} INFO - Processing file /home/sakana/anaconda3/envs/airflow_env/lib/python3.8/site-packages/airflow/example_dags/example_short_circuit_operator.py for tasks to queue
[2024-11-12T17:31:50.692+0100] {logging_mixin.py:190} INFO - [2024-11-12T17:31:50.691+0100] {dagbag.py:588} INFO - Filling up the DagBag from /home/sakana/anaconda3/envs/airflow_env/lib/python3.8/site-packages/airflow/example_dags/example_short_circuit_operator.py
[2024-11-12T17:31:50.709+0100] {processor.py:925} INFO - DAG(s) 'example_short_circuit_operator' retrieved from /home/sakana/anaconda3/envs/airflow_env/lib/python3.8/site-packages/airflow/example_dags/example_short_circuit_operator.py
[2024-11-12T17:31:50.745+0100] {logging_mixin.py:190} INFO - [2024-11-12T17:31:50.745+0100] {dag.py:3239} INFO - Sync 1 DAGs
[2024-11-12T17:31:50.765+0100] {logging_mixin.py:190} INFO - [2024-11-12T17:31:50.764+0100] {dag.py:4180} INFO - Setting next_dagrun for example_short_circuit_operator to None, run_after=None
[2024-11-12T17:31:50.801+0100] {processor.py:208} INFO - Processing /home/sakana/anaconda3/envs/airflow_env/lib/python3.8/site-packages/airflow/example_dags/example_short_circuit_operator.py took 0.129 seconds
[2024-11-12T17:32:59.239+0100] {processor.py:186} INFO - Started process (PID=10884) to work on /home/sakana/anaconda3/envs/airflow_env/lib/python3.8/site-packages/airflow/example_dags/example_short_circuit_operator.py
[2024-11-12T17:32:59.259+0100] {processor.py:914} INFO - Processing file /home/sakana/anaconda3/envs/airflow_env/lib/python3.8/site-packages/airflow/example_dags/example_short_circuit_operator.py for tasks to queue
[2024-11-12T17:32:59.262+0100] {logging_mixin.py:190} INFO - [2024-11-12T17:32:59.262+0100] {dagbag.py:588} INFO - Filling up the DagBag from /home/sakana/anaconda3/envs/airflow_env/lib/python3.8/site-packages/airflow/example_dags/example_short_circuit_operator.py
[2024-11-12T17:32:59.277+0100] {processor.py:925} INFO - DAG(s) 'example_short_circuit_operator' retrieved from /home/sakana/anaconda3/envs/airflow_env/lib/python3.8/site-packages/airflow/example_dags/example_short_circuit_operator.py
[2024-11-12T17:32:59.302+0100] {logging_mixin.py:190} INFO - [2024-11-12T17:32:59.302+0100] {dag.py:3239} INFO - Sync 1 DAGs
[2024-11-12T17:32:59.316+0100] {logging_mixin.py:190} INFO - [2024-11-12T17:32:59.316+0100] {dag.py:4180} INFO - Setting next_dagrun for example_short_circuit_operator to None, run_after=None
[2024-11-12T17:32:59.342+0100] {processor.py:208} INFO - Processing /home/sakana/anaconda3/envs/airflow_env/lib/python3.8/site-packages/airflow/example_dags/example_short_circuit_operator.py took 0.119 seconds
[2024-11-12T17:34:04.315+0100] {processor.py:186} INFO - Started process (PID=11095) to work on /home/sakana/anaconda3/envs/airflow_env/lib/python3.8/site-packages/airflow/example_dags/example_short_circuit_operator.py
[2024-11-12T17:34:04.320+0100] {processor.py:914} INFO - Processing file /home/sakana/anaconda3/envs/airflow_env/lib/python3.8/site-packages/airflow/example_dags/example_short_circuit_operator.py for tasks to queue
[2024-11-12T17:34:04.323+0100] {logging_mixin.py:190} INFO - [2024-11-12T17:34:04.323+0100] {dagbag.py:588} INFO - Filling up the DagBag from /home/sakana/anaconda3/envs/airflow_env/lib/python3.8/site-packages/airflow/example_dags/example_short_circuit_operator.py
[2024-11-12T17:34:04.334+0100] {processor.py:925} INFO - DAG(s) 'example_short_circuit_operator' retrieved from /home/sakana/anaconda3/envs/airflow_env/lib/python3.8/site-packages/airflow/example_dags/example_short_circuit_operator.py
[2024-11-12T17:34:04.354+0100] {logging_mixin.py:190} INFO - [2024-11-12T17:34:04.354+0100] {dag.py:3239} INFO - Sync 1 DAGs
[2024-11-12T17:34:04.366+0100] {logging_mixin.py:190} INFO - [2024-11-12T17:34:04.366+0100] {dag.py:4180} INFO - Setting next_dagrun for example_short_circuit_operator to None, run_after=None
[2024-11-12T17:34:04.406+0100] {processor.py:208} INFO - Processing /home/sakana/anaconda3/envs/airflow_env/lib/python3.8/site-packages/airflow/example_dags/example_short_circuit_operator.py took 0.099 seconds
[2024-11-12T17:35:06.229+0100] {processor.py:186} INFO - Started process (PID=11170) to work on /home/sakana/anaconda3/envs/airflow_env/lib/python3.8/site-packages/airflow/example_dags/example_short_circuit_operator.py
[2024-11-12T17:35:06.234+0100] {processor.py:914} INFO - Processing file /home/sakana/anaconda3/envs/airflow_env/lib/python3.8/site-packages/airflow/example_dags/example_short_circuit_operator.py for tasks to queue
[2024-11-12T17:35:06.236+0100] {logging_mixin.py:190} INFO - [2024-11-12T17:35:06.235+0100] {dagbag.py:588} INFO - Filling up the DagBag from /home/sakana/anaconda3/envs/airflow_env/lib/python3.8/site-packages/airflow/example_dags/example_short_circuit_operator.py
[2024-11-12T17:35:06.244+0100] {processor.py:925} INFO - DAG(s) 'example_short_circuit_operator' retrieved from /home/sakana/anaconda3/envs/airflow_env/lib/python3.8/site-packages/airflow/example_dags/example_short_circuit_operator.py
[2024-11-12T17:35:06.262+0100] {logging_mixin.py:190} INFO - [2024-11-12T17:35:06.262+0100] {dag.py:3239} INFO - Sync 1 DAGs
[2024-11-12T17:35:06.273+0100] {logging_mixin.py:190} INFO - [2024-11-12T17:35:06.273+0100] {dag.py:4180} INFO - Setting next_dagrun for example_short_circuit_operator to None, run_after=None
[2024-11-12T17:35:06.304+0100] {processor.py:208} INFO - Processing /home/sakana/anaconda3/envs/airflow_env/lib/python3.8/site-packages/airflow/example_dags/example_short_circuit_operator.py took 0.082 seconds
[2024-11-12T17:36:04.788+0100] {processor.py:186} INFO - Started process (PID=11250) to work on /home/sakana/anaconda3/envs/airflow_env/lib/python3.8/site-packages/airflow/example_dags/example_short_circuit_operator.py
[2024-11-12T17:36:04.793+0100] {processor.py:914} INFO - Processing file /home/sakana/anaconda3/envs/airflow_env/lib/python3.8/site-packages/airflow/example_dags/example_short_circuit_operator.py for tasks to queue
[2024-11-12T17:36:04.796+0100] {logging_mixin.py:190} INFO - [2024-11-12T17:36:04.796+0100] {dagbag.py:588} INFO - Filling up the DagBag from /home/sakana/anaconda3/envs/airflow_env/lib/python3.8/site-packages/airflow/example_dags/example_short_circuit_operator.py
[2024-11-12T17:36:04.808+0100] {processor.py:925} INFO - DAG(s) 'example_short_circuit_operator' retrieved from /home/sakana/anaconda3/envs/airflow_env/lib/python3.8/site-packages/airflow/example_dags/example_short_circuit_operator.py
[2024-11-12T17:36:04.827+0100] {logging_mixin.py:190} INFO - [2024-11-12T17:36:04.827+0100] {dag.py:3239} INFO - Sync 1 DAGs
[2024-11-12T17:36:04.838+0100] {logging_mixin.py:190} INFO - [2024-11-12T17:36:04.838+0100] {dag.py:4180} INFO - Setting next_dagrun for example_short_circuit_operator to None, run_after=None
[2024-11-12T17:36:04.865+0100] {processor.py:208} INFO - Processing /home/sakana/anaconda3/envs/airflow_env/lib/python3.8/site-packages/airflow/example_dags/example_short_circuit_operator.py took 0.086 seconds
[2024-11-12T17:37:03.673+0100] {processor.py:186} INFO - Started process (PID=11319) to work on /home/sakana/anaconda3/envs/airflow_env/lib/python3.8/site-packages/airflow/example_dags/example_short_circuit_operator.py
[2024-11-12T17:37:03.678+0100] {processor.py:914} INFO - Processing file /home/sakana/anaconda3/envs/airflow_env/lib/python3.8/site-packages/airflow/example_dags/example_short_circuit_operator.py for tasks to queue
[2024-11-12T17:37:03.681+0100] {logging_mixin.py:190} INFO - [2024-11-12T17:37:03.680+0100] {dagbag.py:588} INFO - Filling up the DagBag from /home/sakana/anaconda3/envs/airflow_env/lib/python3.8/site-packages/airflow/example_dags/example_short_circuit_operator.py
[2024-11-12T17:37:03.691+0100] {processor.py:925} INFO - DAG(s) 'example_short_circuit_operator' retrieved from /home/sakana/anaconda3/envs/airflow_env/lib/python3.8/site-packages/airflow/example_dags/example_short_circuit_operator.py
[2024-11-12T17:37:03.710+0100] {logging_mixin.py:190} INFO - [2024-11-12T17:37:03.709+0100] {dag.py:3239} INFO - Sync 1 DAGs
[2024-11-12T17:37:03.721+0100] {logging_mixin.py:190} INFO - [2024-11-12T17:37:03.721+0100] {dag.py:4180} INFO - Setting next_dagrun for example_short_circuit_operator to None, run_after=None
[2024-11-12T17:37:03.761+0100] {processor.py:208} INFO - Processing /home/sakana/anaconda3/envs/airflow_env/lib/python3.8/site-packages/airflow/example_dags/example_short_circuit_operator.py took 0.095 seconds
