[2024-11-12T01:01:59.921+0100] {processor.py:186} INFO - Started process (PID=31549) to work on /home/sakana/anaconda3/envs/airflow_env/lib/python3.8/site-packages/airflow/example_dags/example_branch_python_dop_operator_3.py
[2024-11-12T01:01:59.923+0100] {processor.py:914} INFO - Processing file /home/sakana/anaconda3/envs/airflow_env/lib/python3.8/site-packages/airflow/example_dags/example_branch_python_dop_operator_3.py for tasks to queue
[2024-11-12T01:01:59.928+0100] {logging_mixin.py:190} INFO - [2024-11-12T01:01:59.927+0100] {dagbag.py:588} INFO - Filling up the DagBag from /home/sakana/anaconda3/envs/airflow_env/lib/python3.8/site-packages/airflow/example_dags/example_branch_python_dop_operator_3.py
[2024-11-12T01:01:59.945+0100] {processor.py:925} INFO - DAG(s) 'example_branch_dop_operator_v3' retrieved from /home/sakana/anaconda3/envs/airflow_env/lib/python3.8/site-packages/airflow/example_dags/example_branch_python_dop_operator_3.py
[2024-11-12T01:01:59.962+0100] {logging_mixin.py:190} INFO - [2024-11-12T01:01:59.962+0100] {dag.py:3239} INFO - Sync 1 DAGs
[2024-11-12T01:01:59.984+0100] {logging_mixin.py:190} INFO - [2024-11-12T01:01:59.984+0100] {dag.py:4180} INFO - Setting next_dagrun for example_branch_dop_operator_v3 to 2024-11-12 00:00:00+00:00, run_after=2024-11-12 00:01:00+00:00
[2024-11-12T01:02:00.016+0100] {processor.py:208} INFO - Processing /home/sakana/anaconda3/envs/airflow_env/lib/python3.8/site-packages/airflow/example_dags/example_branch_python_dop_operator_3.py took 0.109 seconds
[2024-11-12T01:03:05.324+0100] {processor.py:186} INFO - Started process (PID=32042) to work on /home/sakana/anaconda3/envs/airflow_env/lib/python3.8/site-packages/airflow/example_dags/example_branch_python_dop_operator_3.py
[2024-11-12T01:03:05.327+0100] {processor.py:914} INFO - Processing file /home/sakana/anaconda3/envs/airflow_env/lib/python3.8/site-packages/airflow/example_dags/example_branch_python_dop_operator_3.py for tasks to queue
[2024-11-12T01:03:05.329+0100] {logging_mixin.py:190} INFO - [2024-11-12T01:03:05.329+0100] {dagbag.py:588} INFO - Filling up the DagBag from /home/sakana/anaconda3/envs/airflow_env/lib/python3.8/site-packages/airflow/example_dags/example_branch_python_dop_operator_3.py
[2024-11-12T01:03:05.342+0100] {processor.py:925} INFO - DAG(s) 'example_branch_dop_operator_v3' retrieved from /home/sakana/anaconda3/envs/airflow_env/lib/python3.8/site-packages/airflow/example_dags/example_branch_python_dop_operator_3.py
[2024-11-12T01:03:05.358+0100] {logging_mixin.py:190} INFO - [2024-11-12T01:03:05.357+0100] {dag.py:3239} INFO - Sync 1 DAGs
[2024-11-12T01:03:05.385+0100] {logging_mixin.py:190} INFO - [2024-11-12T01:03:05.385+0100] {dag.py:4180} INFO - Setting next_dagrun for example_branch_dop_operator_v3 to 2024-11-12 00:02:00+00:00, run_after=2024-11-12 00:03:00+00:00
[2024-11-12T01:03:05.416+0100] {processor.py:208} INFO - Processing /home/sakana/anaconda3/envs/airflow_env/lib/python3.8/site-packages/airflow/example_dags/example_branch_python_dop_operator_3.py took 0.098 seconds
[2024-11-12T01:04:07.937+0100] {processor.py:186} INFO - Started process (PID=32465) to work on /home/sakana/anaconda3/envs/airflow_env/lib/python3.8/site-packages/airflow/example_dags/example_branch_python_dop_operator_3.py
[2024-11-12T01:04:07.949+0100] {processor.py:914} INFO - Processing file /home/sakana/anaconda3/envs/airflow_env/lib/python3.8/site-packages/airflow/example_dags/example_branch_python_dop_operator_3.py for tasks to queue
[2024-11-12T01:04:07.972+0100] {logging_mixin.py:190} INFO - [2024-11-12T01:04:07.952+0100] {dagbag.py:588} INFO - Filling up the DagBag from /home/sakana/anaconda3/envs/airflow_env/lib/python3.8/site-packages/airflow/example_dags/example_branch_python_dop_operator_3.py
[2024-11-12T01:04:08.009+0100] {processor.py:925} INFO - DAG(s) 'example_branch_dop_operator_v3' retrieved from /home/sakana/anaconda3/envs/airflow_env/lib/python3.8/site-packages/airflow/example_dags/example_branch_python_dop_operator_3.py
[2024-11-12T01:04:08.043+0100] {logging_mixin.py:190} INFO - [2024-11-12T01:04:08.043+0100] {dag.py:3239} INFO - Sync 1 DAGs
[2024-11-12T01:04:08.092+0100] {logging_mixin.py:190} INFO - [2024-11-12T01:04:08.092+0100] {dag.py:4180} INFO - Setting next_dagrun for example_branch_dop_operator_v3 to 2024-11-12 00:03:00+00:00, run_after=2024-11-12 00:04:00+00:00
[2024-11-12T01:04:08.154+0100] {processor.py:208} INFO - Processing /home/sakana/anaconda3/envs/airflow_env/lib/python3.8/site-packages/airflow/example_dags/example_branch_python_dop_operator_3.py took 0.231 seconds
[2024-11-12T01:10:46.423+0100] {processor.py:186} INFO - Started process (PID=4183) to work on /home/sakana/anaconda3/envs/airflow_env/lib/python3.8/site-packages/airflow/example_dags/example_branch_python_dop_operator_3.py
[2024-11-12T01:10:46.428+0100] {processor.py:914} INFO - Processing file /home/sakana/anaconda3/envs/airflow_env/lib/python3.8/site-packages/airflow/example_dags/example_branch_python_dop_operator_3.py for tasks to queue
[2024-11-12T01:10:46.430+0100] {logging_mixin.py:190} INFO - [2024-11-12T01:10:46.430+0100] {dagbag.py:588} INFO - Filling up the DagBag from /home/sakana/anaconda3/envs/airflow_env/lib/python3.8/site-packages/airflow/example_dags/example_branch_python_dop_operator_3.py
[2024-11-12T01:10:46.443+0100] {processor.py:925} INFO - DAG(s) 'example_branch_dop_operator_v3' retrieved from /home/sakana/anaconda3/envs/airflow_env/lib/python3.8/site-packages/airflow/example_dags/example_branch_python_dop_operator_3.py
[2024-11-12T01:10:46.460+0100] {logging_mixin.py:190} INFO - [2024-11-12T01:10:46.460+0100] {dag.py:3239} INFO - Sync 1 DAGs
[2024-11-12T01:10:46.482+0100] {logging_mixin.py:190} INFO - [2024-11-12T01:10:46.482+0100] {dag.py:4180} INFO - Setting next_dagrun for example_branch_dop_operator_v3 to 2024-11-12 00:09:00+00:00, run_after=2024-11-12 00:10:00+00:00
[2024-11-12T01:10:46.506+0100] {processor.py:208} INFO - Processing /home/sakana/anaconda3/envs/airflow_env/lib/python3.8/site-packages/airflow/example_dags/example_branch_python_dop_operator_3.py took 0.090 seconds
[2024-11-12T01:11:48.775+0100] {processor.py:186} INFO - Started process (PID=4244) to work on /home/sakana/anaconda3/envs/airflow_env/lib/python3.8/site-packages/airflow/example_dags/example_branch_python_dop_operator_3.py
[2024-11-12T01:11:48.780+0100] {processor.py:914} INFO - Processing file /home/sakana/anaconda3/envs/airflow_env/lib/python3.8/site-packages/airflow/example_dags/example_branch_python_dop_operator_3.py for tasks to queue
[2024-11-12T01:11:48.782+0100] {logging_mixin.py:190} INFO - [2024-11-12T01:11:48.781+0100] {dagbag.py:588} INFO - Filling up the DagBag from /home/sakana/anaconda3/envs/airflow_env/lib/python3.8/site-packages/airflow/example_dags/example_branch_python_dop_operator_3.py
[2024-11-12T01:11:48.793+0100] {processor.py:925} INFO - DAG(s) 'example_branch_dop_operator_v3' retrieved from /home/sakana/anaconda3/envs/airflow_env/lib/python3.8/site-packages/airflow/example_dags/example_branch_python_dop_operator_3.py
[2024-11-12T01:11:48.807+0100] {logging_mixin.py:190} INFO - [2024-11-12T01:11:48.806+0100] {dag.py:3239} INFO - Sync 1 DAGs
[2024-11-12T01:11:48.828+0100] {logging_mixin.py:190} INFO - [2024-11-12T01:11:48.828+0100] {dag.py:4180} INFO - Setting next_dagrun for example_branch_dop_operator_v3 to 2024-11-12 00:10:00+00:00, run_after=2024-11-12 00:11:00+00:00
[2024-11-12T01:11:48.858+0100] {processor.py:208} INFO - Processing /home/sakana/anaconda3/envs/airflow_env/lib/python3.8/site-packages/airflow/example_dags/example_branch_python_dop_operator_3.py took 0.090 seconds
[2024-11-12T16:40:39.205+0100] {processor.py:186} INFO - Started process (PID=7031) to work on /home/sakana/anaconda3/envs/airflow_env/lib/python3.8/site-packages/airflow/example_dags/example_branch_python_dop_operator_3.py
[2024-11-12T16:40:39.211+0100] {processor.py:914} INFO - Processing file /home/sakana/anaconda3/envs/airflow_env/lib/python3.8/site-packages/airflow/example_dags/example_branch_python_dop_operator_3.py for tasks to queue
[2024-11-12T16:40:39.218+0100] {logging_mixin.py:190} INFO - [2024-11-12T16:40:39.217+0100] {dagbag.py:588} INFO - Filling up the DagBag from /home/sakana/anaconda3/envs/airflow_env/lib/python3.8/site-packages/airflow/example_dags/example_branch_python_dop_operator_3.py
[2024-11-12T16:40:39.241+0100] {processor.py:925} INFO - DAG(s) 'example_branch_dop_operator_v3' retrieved from /home/sakana/anaconda3/envs/airflow_env/lib/python3.8/site-packages/airflow/example_dags/example_branch_python_dop_operator_3.py
[2024-11-12T16:40:39.257+0100] {logging_mixin.py:190} INFO - [2024-11-12T16:40:39.257+0100] {dag.py:3239} INFO - Sync 1 DAGs
[2024-11-12T16:40:39.285+0100] {logging_mixin.py:190} INFO - [2024-11-12T16:40:39.285+0100] {dag.py:4180} INFO - Setting next_dagrun for example_branch_dop_operator_v3 to 2024-11-12 15:39:00+00:00, run_after=2024-11-12 15:40:00+00:00
[2024-11-12T16:40:39.310+0100] {processor.py:208} INFO - Processing /home/sakana/anaconda3/envs/airflow_env/lib/python3.8/site-packages/airflow/example_dags/example_branch_python_dop_operator_3.py took 0.113 seconds
[2024-11-12T16:41:47.275+0100] {processor.py:186} INFO - Started process (PID=7141) to work on /home/sakana/anaconda3/envs/airflow_env/lib/python3.8/site-packages/airflow/example_dags/example_branch_python_dop_operator_3.py
[2024-11-12T16:41:47.280+0100] {processor.py:914} INFO - Processing file /home/sakana/anaconda3/envs/airflow_env/lib/python3.8/site-packages/airflow/example_dags/example_branch_python_dop_operator_3.py for tasks to queue
[2024-11-12T16:41:47.282+0100] {logging_mixin.py:190} INFO - [2024-11-12T16:41:47.282+0100] {dagbag.py:588} INFO - Filling up the DagBag from /home/sakana/anaconda3/envs/airflow_env/lib/python3.8/site-packages/airflow/example_dags/example_branch_python_dop_operator_3.py
[2024-11-12T16:41:47.293+0100] {processor.py:925} INFO - DAG(s) 'example_branch_dop_operator_v3' retrieved from /home/sakana/anaconda3/envs/airflow_env/lib/python3.8/site-packages/airflow/example_dags/example_branch_python_dop_operator_3.py
[2024-11-12T16:41:47.308+0100] {logging_mixin.py:190} INFO - [2024-11-12T16:41:47.308+0100] {dag.py:3239} INFO - Sync 1 DAGs
[2024-11-12T16:41:47.330+0100] {logging_mixin.py:190} INFO - [2024-11-12T16:41:47.330+0100] {dag.py:4180} INFO - Setting next_dagrun for example_branch_dop_operator_v3 to 2024-11-12 15:40:00+00:00, run_after=2024-11-12 15:41:00+00:00
[2024-11-12T16:41:47.370+0100] {processor.py:208} INFO - Processing /home/sakana/anaconda3/envs/airflow_env/lib/python3.8/site-packages/airflow/example_dags/example_branch_python_dop_operator_3.py took 0.102 seconds
[2024-11-12T16:42:45.519+0100] {processor.py:186} INFO - Started process (PID=7283) to work on /home/sakana/anaconda3/envs/airflow_env/lib/python3.8/site-packages/airflow/example_dags/example_branch_python_dop_operator_3.py
[2024-11-12T16:42:45.524+0100] {processor.py:914} INFO - Processing file /home/sakana/anaconda3/envs/airflow_env/lib/python3.8/site-packages/airflow/example_dags/example_branch_python_dop_operator_3.py for tasks to queue
[2024-11-12T16:42:45.526+0100] {logging_mixin.py:190} INFO - [2024-11-12T16:42:45.526+0100] {dagbag.py:588} INFO - Filling up the DagBag from /home/sakana/anaconda3/envs/airflow_env/lib/python3.8/site-packages/airflow/example_dags/example_branch_python_dop_operator_3.py
[2024-11-12T16:42:45.538+0100] {processor.py:925} INFO - DAG(s) 'example_branch_dop_operator_v3' retrieved from /home/sakana/anaconda3/envs/airflow_env/lib/python3.8/site-packages/airflow/example_dags/example_branch_python_dop_operator_3.py
[2024-11-12T16:42:45.556+0100] {logging_mixin.py:190} INFO - [2024-11-12T16:42:45.556+0100] {dag.py:3239} INFO - Sync 1 DAGs
[2024-11-12T16:42:45.583+0100] {logging_mixin.py:190} INFO - [2024-11-12T16:42:45.583+0100] {dag.py:4180} INFO - Setting next_dagrun for example_branch_dop_operator_v3 to 2024-11-12 15:41:00+00:00, run_after=2024-11-12 15:42:00+00:00
[2024-11-12T16:42:45.613+0100] {processor.py:208} INFO - Processing /home/sakana/anaconda3/envs/airflow_env/lib/python3.8/site-packages/airflow/example_dags/example_branch_python_dop_operator_3.py took 0.101 seconds
[2024-11-12T16:43:44.823+0100] {processor.py:186} INFO - Started process (PID=7394) to work on /home/sakana/anaconda3/envs/airflow_env/lib/python3.8/site-packages/airflow/example_dags/example_branch_python_dop_operator_3.py
[2024-11-12T16:43:44.828+0100] {processor.py:914} INFO - Processing file /home/sakana/anaconda3/envs/airflow_env/lib/python3.8/site-packages/airflow/example_dags/example_branch_python_dop_operator_3.py for tasks to queue
[2024-11-12T16:43:44.832+0100] {logging_mixin.py:190} INFO - [2024-11-12T16:43:44.831+0100] {dagbag.py:588} INFO - Filling up the DagBag from /home/sakana/anaconda3/envs/airflow_env/lib/python3.8/site-packages/airflow/example_dags/example_branch_python_dop_operator_3.py
[2024-11-12T16:43:44.849+0100] {processor.py:925} INFO - DAG(s) 'example_branch_dop_operator_v3' retrieved from /home/sakana/anaconda3/envs/airflow_env/lib/python3.8/site-packages/airflow/example_dags/example_branch_python_dop_operator_3.py
[2024-11-12T16:43:44.865+0100] {logging_mixin.py:190} INFO - [2024-11-12T16:43:44.865+0100] {dag.py:3239} INFO - Sync 1 DAGs
[2024-11-12T16:43:44.886+0100] {logging_mixin.py:190} INFO - [2024-11-12T16:43:44.886+0100] {dag.py:4180} INFO - Setting next_dagrun for example_branch_dop_operator_v3 to 2024-11-12 15:42:00+00:00, run_after=2024-11-12 15:43:00+00:00
[2024-11-12T16:43:44.911+0100] {processor.py:208} INFO - Processing /home/sakana/anaconda3/envs/airflow_env/lib/python3.8/site-packages/airflow/example_dags/example_branch_python_dop_operator_3.py took 0.097 seconds
[2024-11-12T16:44:40.865+0100] {processor.py:186} INFO - Started process (PID=7470) to work on /home/sakana/anaconda3/envs/airflow_env/lib/python3.8/site-packages/airflow/example_dags/example_branch_python_dop_operator_3.py
[2024-11-12T16:44:40.870+0100] {processor.py:914} INFO - Processing file /home/sakana/anaconda3/envs/airflow_env/lib/python3.8/site-packages/airflow/example_dags/example_branch_python_dop_operator_3.py for tasks to queue
[2024-11-12T16:44:40.872+0100] {logging_mixin.py:190} INFO - [2024-11-12T16:44:40.872+0100] {dagbag.py:588} INFO - Filling up the DagBag from /home/sakana/anaconda3/envs/airflow_env/lib/python3.8/site-packages/airflow/example_dags/example_branch_python_dop_operator_3.py
[2024-11-12T16:44:40.885+0100] {processor.py:925} INFO - DAG(s) 'example_branch_dop_operator_v3' retrieved from /home/sakana/anaconda3/envs/airflow_env/lib/python3.8/site-packages/airflow/example_dags/example_branch_python_dop_operator_3.py
[2024-11-12T16:44:40.900+0100] {logging_mixin.py:190} INFO - [2024-11-12T16:44:40.900+0100] {dag.py:3239} INFO - Sync 1 DAGs
[2024-11-12T16:44:40.923+0100] {logging_mixin.py:190} INFO - [2024-11-12T16:44:40.923+0100] {dag.py:4180} INFO - Setting next_dagrun for example_branch_dop_operator_v3 to 2024-11-12 15:43:00+00:00, run_after=2024-11-12 15:44:00+00:00
[2024-11-12T16:44:40.952+0100] {processor.py:208} INFO - Processing /home/sakana/anaconda3/envs/airflow_env/lib/python3.8/site-packages/airflow/example_dags/example_branch_python_dop_operator_3.py took 0.096 seconds
[2024-11-12T16:46:02.198+0100] {processor.py:186} INFO - Started process (PID=7569) to work on /home/sakana/anaconda3/envs/airflow_env/lib/python3.8/site-packages/airflow/example_dags/example_branch_python_dop_operator_3.py
[2024-11-12T16:46:02.204+0100] {processor.py:914} INFO - Processing file /home/sakana/anaconda3/envs/airflow_env/lib/python3.8/site-packages/airflow/example_dags/example_branch_python_dop_operator_3.py for tasks to queue
[2024-11-12T16:46:02.207+0100] {logging_mixin.py:190} INFO - [2024-11-12T16:46:02.207+0100] {dagbag.py:588} INFO - Filling up the DagBag from /home/sakana/anaconda3/envs/airflow_env/lib/python3.8/site-packages/airflow/example_dags/example_branch_python_dop_operator_3.py
[2024-11-12T16:46:02.221+0100] {processor.py:925} INFO - DAG(s) 'example_branch_dop_operator_v3' retrieved from /home/sakana/anaconda3/envs/airflow_env/lib/python3.8/site-packages/airflow/example_dags/example_branch_python_dop_operator_3.py
[2024-11-12T16:46:02.236+0100] {logging_mixin.py:190} INFO - [2024-11-12T16:46:02.236+0100] {dag.py:3239} INFO - Sync 1 DAGs
[2024-11-12T16:46:02.260+0100] {logging_mixin.py:190} INFO - [2024-11-12T16:46:02.260+0100] {dag.py:4180} INFO - Setting next_dagrun for example_branch_dop_operator_v3 to 2024-11-12 15:45:00+00:00, run_after=2024-11-12 15:46:00+00:00
[2024-11-12T16:46:02.313+0100] {processor.py:208} INFO - Processing /home/sakana/anaconda3/envs/airflow_env/lib/python3.8/site-packages/airflow/example_dags/example_branch_python_dop_operator_3.py took 0.129 seconds
[2024-11-12T16:47:12.293+0100] {processor.py:186} INFO - Started process (PID=7702) to work on /home/sakana/anaconda3/envs/airflow_env/lib/python3.8/site-packages/airflow/example_dags/example_branch_python_dop_operator_3.py
[2024-11-12T16:47:12.298+0100] {processor.py:914} INFO - Processing file /home/sakana/anaconda3/envs/airflow_env/lib/python3.8/site-packages/airflow/example_dags/example_branch_python_dop_operator_3.py for tasks to queue
[2024-11-12T16:47:12.300+0100] {logging_mixin.py:190} INFO - [2024-11-12T16:47:12.300+0100] {dagbag.py:588} INFO - Filling up the DagBag from /home/sakana/anaconda3/envs/airflow_env/lib/python3.8/site-packages/airflow/example_dags/example_branch_python_dop_operator_3.py
[2024-11-12T16:47:12.311+0100] {processor.py:925} INFO - DAG(s) 'example_branch_dop_operator_v3' retrieved from /home/sakana/anaconda3/envs/airflow_env/lib/python3.8/site-packages/airflow/example_dags/example_branch_python_dop_operator_3.py
[2024-11-12T16:47:12.326+0100] {logging_mixin.py:190} INFO - [2024-11-12T16:47:12.326+0100] {dag.py:3239} INFO - Sync 1 DAGs
[2024-11-12T16:47:12.349+0100] {logging_mixin.py:190} INFO - [2024-11-12T16:47:12.349+0100] {dag.py:4180} INFO - Setting next_dagrun for example_branch_dop_operator_v3 to 2024-11-12 15:46:00+00:00, run_after=2024-11-12 15:47:00+00:00
[2024-11-12T16:47:12.376+0100] {processor.py:208} INFO - Processing /home/sakana/anaconda3/envs/airflow_env/lib/python3.8/site-packages/airflow/example_dags/example_branch_python_dop_operator_3.py took 0.089 seconds
[2024-11-12T16:48:09.765+0100] {processor.py:186} INFO - Started process (PID=7833) to work on /home/sakana/anaconda3/envs/airflow_env/lib/python3.8/site-packages/airflow/example_dags/example_branch_python_dop_operator_3.py
[2024-11-12T16:48:09.770+0100] {processor.py:914} INFO - Processing file /home/sakana/anaconda3/envs/airflow_env/lib/python3.8/site-packages/airflow/example_dags/example_branch_python_dop_operator_3.py for tasks to queue
[2024-11-12T16:48:09.772+0100] {logging_mixin.py:190} INFO - [2024-11-12T16:48:09.771+0100] {dagbag.py:588} INFO - Filling up the DagBag from /home/sakana/anaconda3/envs/airflow_env/lib/python3.8/site-packages/airflow/example_dags/example_branch_python_dop_operator_3.py
[2024-11-12T16:48:09.782+0100] {processor.py:925} INFO - DAG(s) 'example_branch_dop_operator_v3' retrieved from /home/sakana/anaconda3/envs/airflow_env/lib/python3.8/site-packages/airflow/example_dags/example_branch_python_dop_operator_3.py
[2024-11-12T16:48:09.796+0100] {logging_mixin.py:190} INFO - [2024-11-12T16:48:09.796+0100] {dag.py:3239} INFO - Sync 1 DAGs
[2024-11-12T16:48:09.818+0100] {logging_mixin.py:190} INFO - [2024-11-12T16:48:09.818+0100] {dag.py:4180} INFO - Setting next_dagrun for example_branch_dop_operator_v3 to 2024-11-12 15:47:00+00:00, run_after=2024-11-12 15:48:00+00:00
[2024-11-12T16:48:09.852+0100] {processor.py:208} INFO - Processing /home/sakana/anaconda3/envs/airflow_env/lib/python3.8/site-packages/airflow/example_dags/example_branch_python_dop_operator_3.py took 0.093 seconds
[2024-11-12T16:49:08.075+0100] {processor.py:186} INFO - Started process (PID=7929) to work on /home/sakana/anaconda3/envs/airflow_env/lib/python3.8/site-packages/airflow/example_dags/example_branch_python_dop_operator_3.py
[2024-11-12T16:49:08.080+0100] {processor.py:914} INFO - Processing file /home/sakana/anaconda3/envs/airflow_env/lib/python3.8/site-packages/airflow/example_dags/example_branch_python_dop_operator_3.py for tasks to queue
[2024-11-12T16:49:08.082+0100] {logging_mixin.py:190} INFO - [2024-11-12T16:49:08.082+0100] {dagbag.py:588} INFO - Filling up the DagBag from /home/sakana/anaconda3/envs/airflow_env/lib/python3.8/site-packages/airflow/example_dags/example_branch_python_dop_operator_3.py
[2024-11-12T16:49:08.093+0100] {processor.py:925} INFO - DAG(s) 'example_branch_dop_operator_v3' retrieved from /home/sakana/anaconda3/envs/airflow_env/lib/python3.8/site-packages/airflow/example_dags/example_branch_python_dop_operator_3.py
[2024-11-12T16:49:08.108+0100] {logging_mixin.py:190} INFO - [2024-11-12T16:49:08.108+0100] {dag.py:3239} INFO - Sync 1 DAGs
[2024-11-12T16:49:08.135+0100] {logging_mixin.py:190} INFO - [2024-11-12T16:49:08.135+0100] {dag.py:4180} INFO - Setting next_dagrun for example_branch_dop_operator_v3 to 2024-11-12 15:48:00+00:00, run_after=2024-11-12 15:49:00+00:00
[2024-11-12T16:49:08.166+0100] {processor.py:208} INFO - Processing /home/sakana/anaconda3/envs/airflow_env/lib/python3.8/site-packages/airflow/example_dags/example_branch_python_dop_operator_3.py took 0.097 seconds
[2024-11-12T16:50:05.376+0100] {processor.py:186} INFO - Started process (PID=8021) to work on /home/sakana/anaconda3/envs/airflow_env/lib/python3.8/site-packages/airflow/example_dags/example_branch_python_dop_operator_3.py
[2024-11-12T16:50:05.382+0100] {processor.py:914} INFO - Processing file /home/sakana/anaconda3/envs/airflow_env/lib/python3.8/site-packages/airflow/example_dags/example_branch_python_dop_operator_3.py for tasks to queue
[2024-11-12T16:50:05.384+0100] {logging_mixin.py:190} INFO - [2024-11-12T16:50:05.384+0100] {dagbag.py:588} INFO - Filling up the DagBag from /home/sakana/anaconda3/envs/airflow_env/lib/python3.8/site-packages/airflow/example_dags/example_branch_python_dop_operator_3.py
[2024-11-12T16:50:05.396+0100] {processor.py:925} INFO - DAG(s) 'example_branch_dop_operator_v3' retrieved from /home/sakana/anaconda3/envs/airflow_env/lib/python3.8/site-packages/airflow/example_dags/example_branch_python_dop_operator_3.py
[2024-11-12T16:50:05.413+0100] {logging_mixin.py:190} INFO - [2024-11-12T16:50:05.413+0100] {dag.py:3239} INFO - Sync 1 DAGs
[2024-11-12T16:50:05.437+0100] {logging_mixin.py:190} INFO - [2024-11-12T16:50:05.437+0100] {dag.py:4180} INFO - Setting next_dagrun for example_branch_dop_operator_v3 to 2024-11-12 15:49:00+00:00, run_after=2024-11-12 15:50:00+00:00
[2024-11-12T16:50:05.468+0100] {processor.py:208} INFO - Processing /home/sakana/anaconda3/envs/airflow_env/lib/python3.8/site-packages/airflow/example_dags/example_branch_python_dop_operator_3.py took 0.098 seconds
[2024-11-12T16:51:02.732+0100] {processor.py:186} INFO - Started process (PID=8089) to work on /home/sakana/anaconda3/envs/airflow_env/lib/python3.8/site-packages/airflow/example_dags/example_branch_python_dop_operator_3.py
[2024-11-12T16:51:02.738+0100] {processor.py:914} INFO - Processing file /home/sakana/anaconda3/envs/airflow_env/lib/python3.8/site-packages/airflow/example_dags/example_branch_python_dop_operator_3.py for tasks to queue
[2024-11-12T16:51:02.740+0100] {logging_mixin.py:190} INFO - [2024-11-12T16:51:02.739+0100] {dagbag.py:588} INFO - Filling up the DagBag from /home/sakana/anaconda3/envs/airflow_env/lib/python3.8/site-packages/airflow/example_dags/example_branch_python_dop_operator_3.py
[2024-11-12T16:51:02.750+0100] {processor.py:925} INFO - DAG(s) 'example_branch_dop_operator_v3' retrieved from /home/sakana/anaconda3/envs/airflow_env/lib/python3.8/site-packages/airflow/example_dags/example_branch_python_dop_operator_3.py
[2024-11-12T16:51:02.765+0100] {logging_mixin.py:190} INFO - [2024-11-12T16:51:02.765+0100] {dag.py:3239} INFO - Sync 1 DAGs
[2024-11-12T16:51:02.788+0100] {logging_mixin.py:190} INFO - [2024-11-12T16:51:02.788+0100] {dag.py:4180} INFO - Setting next_dagrun for example_branch_dop_operator_v3 to 2024-11-12 15:50:00+00:00, run_after=2024-11-12 15:51:00+00:00
[2024-11-12T16:51:02.815+0100] {processor.py:208} INFO - Processing /home/sakana/anaconda3/envs/airflow_env/lib/python3.8/site-packages/airflow/example_dags/example_branch_python_dop_operator_3.py took 0.091 seconds
[2024-11-12T16:51:59.653+0100] {processor.py:186} INFO - Started process (PID=8182) to work on /home/sakana/anaconda3/envs/airflow_env/lib/python3.8/site-packages/airflow/example_dags/example_branch_python_dop_operator_3.py
[2024-11-12T16:51:59.659+0100] {processor.py:914} INFO - Processing file /home/sakana/anaconda3/envs/airflow_env/lib/python3.8/site-packages/airflow/example_dags/example_branch_python_dop_operator_3.py for tasks to queue
[2024-11-12T16:51:59.661+0100] {logging_mixin.py:190} INFO - [2024-11-12T16:51:59.661+0100] {dagbag.py:588} INFO - Filling up the DagBag from /home/sakana/anaconda3/envs/airflow_env/lib/python3.8/site-packages/airflow/example_dags/example_branch_python_dop_operator_3.py
[2024-11-12T16:51:59.675+0100] {processor.py:925} INFO - DAG(s) 'example_branch_dop_operator_v3' retrieved from /home/sakana/anaconda3/envs/airflow_env/lib/python3.8/site-packages/airflow/example_dags/example_branch_python_dop_operator_3.py
[2024-11-12T16:51:59.690+0100] {logging_mixin.py:190} INFO - [2024-11-12T16:51:59.690+0100] {dag.py:3239} INFO - Sync 1 DAGs
[2024-11-12T16:51:59.718+0100] {logging_mixin.py:190} INFO - [2024-11-12T16:51:59.718+0100] {dag.py:4180} INFO - Setting next_dagrun for example_branch_dop_operator_v3 to 2024-11-12 15:50:00+00:00, run_after=2024-11-12 15:51:00+00:00
[2024-11-12T16:51:59.744+0100] {processor.py:208} INFO - Processing /home/sakana/anaconda3/envs/airflow_env/lib/python3.8/site-packages/airflow/example_dags/example_branch_python_dop_operator_3.py took 0.099 seconds
[2024-11-12T16:52:56.219+0100] {processor.py:186} INFO - Started process (PID=8250) to work on /home/sakana/anaconda3/envs/airflow_env/lib/python3.8/site-packages/airflow/example_dags/example_branch_python_dop_operator_3.py
[2024-11-12T16:52:56.225+0100] {processor.py:914} INFO - Processing file /home/sakana/anaconda3/envs/airflow_env/lib/python3.8/site-packages/airflow/example_dags/example_branch_python_dop_operator_3.py for tasks to queue
[2024-11-12T16:52:56.232+0100] {logging_mixin.py:190} INFO - [2024-11-12T16:52:56.231+0100] {dagbag.py:588} INFO - Filling up the DagBag from /home/sakana/anaconda3/envs/airflow_env/lib/python3.8/site-packages/airflow/example_dags/example_branch_python_dop_operator_3.py
[2024-11-12T16:52:56.257+0100] {processor.py:925} INFO - DAG(s) 'example_branch_dop_operator_v3' retrieved from /home/sakana/anaconda3/envs/airflow_env/lib/python3.8/site-packages/airflow/example_dags/example_branch_python_dop_operator_3.py
[2024-11-12T16:52:56.273+0100] {logging_mixin.py:190} INFO - [2024-11-12T16:52:56.272+0100] {dag.py:3239} INFO - Sync 1 DAGs
[2024-11-12T16:52:56.300+0100] {logging_mixin.py:190} INFO - [2024-11-12T16:52:56.300+0100] {dag.py:4180} INFO - Setting next_dagrun for example_branch_dop_operator_v3 to 2024-11-12 15:51:00+00:00, run_after=2024-11-12 15:52:00+00:00
[2024-11-12T16:52:56.332+0100] {processor.py:208} INFO - Processing /home/sakana/anaconda3/envs/airflow_env/lib/python3.8/site-packages/airflow/example_dags/example_branch_python_dop_operator_3.py took 0.120 seconds
[2024-11-12T16:54:23.492+0100] {processor.py:186} INFO - Started process (PID=8475) to work on /home/sakana/anaconda3/envs/airflow_env/lib/python3.8/site-packages/airflow/example_dags/example_branch_python_dop_operator_3.py
[2024-11-12T16:54:23.497+0100] {processor.py:914} INFO - Processing file /home/sakana/anaconda3/envs/airflow_env/lib/python3.8/site-packages/airflow/example_dags/example_branch_python_dop_operator_3.py for tasks to queue
[2024-11-12T16:54:23.503+0100] {logging_mixin.py:190} INFO - [2024-11-12T16:54:23.502+0100] {dagbag.py:588} INFO - Filling up the DagBag from /home/sakana/anaconda3/envs/airflow_env/lib/python3.8/site-packages/airflow/example_dags/example_branch_python_dop_operator_3.py
[2024-11-12T16:54:23.525+0100] {processor.py:925} INFO - DAG(s) 'example_branch_dop_operator_v3' retrieved from /home/sakana/anaconda3/envs/airflow_env/lib/python3.8/site-packages/airflow/example_dags/example_branch_python_dop_operator_3.py
[2024-11-12T16:54:23.550+0100] {logging_mixin.py:190} INFO - [2024-11-12T16:54:23.550+0100] {dag.py:3239} INFO - Sync 1 DAGs
[2024-11-12T16:54:23.635+0100] {logging_mixin.py:190} INFO - [2024-11-12T16:54:23.635+0100] {dag.py:4180} INFO - Setting next_dagrun for example_branch_dop_operator_v3 to 2024-11-12 15:53:00+00:00, run_after=2024-11-12 15:54:00+00:00
[2024-11-12T16:54:23.676+0100] {processor.py:208} INFO - Processing /home/sakana/anaconda3/envs/airflow_env/lib/python3.8/site-packages/airflow/example_dags/example_branch_python_dop_operator_3.py took 0.195 seconds
[2024-11-12T16:55:24.417+0100] {processor.py:186} INFO - Started process (PID=8576) to work on /home/sakana/anaconda3/envs/airflow_env/lib/python3.8/site-packages/airflow/example_dags/example_branch_python_dop_operator_3.py
[2024-11-12T16:55:24.423+0100] {processor.py:914} INFO - Processing file /home/sakana/anaconda3/envs/airflow_env/lib/python3.8/site-packages/airflow/example_dags/example_branch_python_dop_operator_3.py for tasks to queue
[2024-11-12T16:55:24.425+0100] {logging_mixin.py:190} INFO - [2024-11-12T16:55:24.425+0100] {dagbag.py:588} INFO - Filling up the DagBag from /home/sakana/anaconda3/envs/airflow_env/lib/python3.8/site-packages/airflow/example_dags/example_branch_python_dop_operator_3.py
[2024-11-12T16:55:24.442+0100] {processor.py:925} INFO - DAG(s) 'example_branch_dop_operator_v3' retrieved from /home/sakana/anaconda3/envs/airflow_env/lib/python3.8/site-packages/airflow/example_dags/example_branch_python_dop_operator_3.py
[2024-11-12T16:55:24.465+0100] {logging_mixin.py:190} INFO - [2024-11-12T16:55:24.465+0100] {dag.py:3239} INFO - Sync 1 DAGs
[2024-11-12T16:55:24.511+0100] {logging_mixin.py:190} INFO - [2024-11-12T16:55:24.510+0100] {dag.py:4180} INFO - Setting next_dagrun for example_branch_dop_operator_v3 to 2024-11-12 15:54:00+00:00, run_after=2024-11-12 15:55:00+00:00
[2024-11-12T16:55:24.582+0100] {processor.py:208} INFO - Processing /home/sakana/anaconda3/envs/airflow_env/lib/python3.8/site-packages/airflow/example_dags/example_branch_python_dop_operator_3.py took 0.171 seconds
[2024-11-12T16:56:21.940+0100] {processor.py:186} INFO - Started process (PID=8649) to work on /home/sakana/anaconda3/envs/airflow_env/lib/python3.8/site-packages/airflow/example_dags/example_branch_python_dop_operator_3.py
[2024-11-12T16:56:21.945+0100] {processor.py:914} INFO - Processing file /home/sakana/anaconda3/envs/airflow_env/lib/python3.8/site-packages/airflow/example_dags/example_branch_python_dop_operator_3.py for tasks to queue
[2024-11-12T16:56:21.948+0100] {logging_mixin.py:190} INFO - [2024-11-12T16:56:21.948+0100] {dagbag.py:588} INFO - Filling up the DagBag from /home/sakana/anaconda3/envs/airflow_env/lib/python3.8/site-packages/airflow/example_dags/example_branch_python_dop_operator_3.py
[2024-11-12T16:56:21.961+0100] {processor.py:925} INFO - DAG(s) 'example_branch_dop_operator_v3' retrieved from /home/sakana/anaconda3/envs/airflow_env/lib/python3.8/site-packages/airflow/example_dags/example_branch_python_dop_operator_3.py
[2024-11-12T16:56:21.975+0100] {logging_mixin.py:190} INFO - [2024-11-12T16:56:21.975+0100] {dag.py:3239} INFO - Sync 1 DAGs
[2024-11-12T16:56:21.997+0100] {logging_mixin.py:190} INFO - [2024-11-12T16:56:21.997+0100] {dag.py:4180} INFO - Setting next_dagrun for example_branch_dop_operator_v3 to 2024-11-12 15:55:00+00:00, run_after=2024-11-12 15:56:00+00:00
[2024-11-12T16:56:22.034+0100] {processor.py:208} INFO - Processing /home/sakana/anaconda3/envs/airflow_env/lib/python3.8/site-packages/airflow/example_dags/example_branch_python_dop_operator_3.py took 0.108 seconds
[2024-11-12T16:57:23.276+0100] {processor.py:186} INFO - Started process (PID=8732) to work on /home/sakana/anaconda3/envs/airflow_env/lib/python3.8/site-packages/airflow/example_dags/example_branch_python_dop_operator_3.py
[2024-11-12T16:57:23.278+0100] {processor.py:914} INFO - Processing file /home/sakana/anaconda3/envs/airflow_env/lib/python3.8/site-packages/airflow/example_dags/example_branch_python_dop_operator_3.py for tasks to queue
[2024-11-12T16:57:23.280+0100] {logging_mixin.py:190} INFO - [2024-11-12T16:57:23.280+0100] {dagbag.py:588} INFO - Filling up the DagBag from /home/sakana/anaconda3/envs/airflow_env/lib/python3.8/site-packages/airflow/example_dags/example_branch_python_dop_operator_3.py
[2024-11-12T16:57:23.297+0100] {processor.py:925} INFO - DAG(s) 'example_branch_dop_operator_v3' retrieved from /home/sakana/anaconda3/envs/airflow_env/lib/python3.8/site-packages/airflow/example_dags/example_branch_python_dop_operator_3.py
[2024-11-12T16:57:23.313+0100] {logging_mixin.py:190} INFO - [2024-11-12T16:57:23.312+0100] {dag.py:3239} INFO - Sync 1 DAGs
[2024-11-12T16:57:23.339+0100] {logging_mixin.py:190} INFO - [2024-11-12T16:57:23.339+0100] {dag.py:4180} INFO - Setting next_dagrun for example_branch_dop_operator_v3 to 2024-11-12 15:56:00+00:00, run_after=2024-11-12 15:57:00+00:00
[2024-11-12T16:57:23.374+0100] {processor.py:208} INFO - Processing /home/sakana/anaconda3/envs/airflow_env/lib/python3.8/site-packages/airflow/example_dags/example_branch_python_dop_operator_3.py took 0.107 seconds
[2024-11-12T16:58:26.564+0100] {processor.py:186} INFO - Started process (PID=8829) to work on /home/sakana/anaconda3/envs/airflow_env/lib/python3.8/site-packages/airflow/example_dags/example_branch_python_dop_operator_3.py
[2024-11-12T16:58:26.570+0100] {processor.py:914} INFO - Processing file /home/sakana/anaconda3/envs/airflow_env/lib/python3.8/site-packages/airflow/example_dags/example_branch_python_dop_operator_3.py for tasks to queue
[2024-11-12T16:58:26.573+0100] {logging_mixin.py:190} INFO - [2024-11-12T16:58:26.572+0100] {dagbag.py:588} INFO - Filling up the DagBag from /home/sakana/anaconda3/envs/airflow_env/lib/python3.8/site-packages/airflow/example_dags/example_branch_python_dop_operator_3.py
[2024-11-12T16:58:26.586+0100] {processor.py:925} INFO - DAG(s) 'example_branch_dop_operator_v3' retrieved from /home/sakana/anaconda3/envs/airflow_env/lib/python3.8/site-packages/airflow/example_dags/example_branch_python_dop_operator_3.py
[2024-11-12T16:58:26.600+0100] {logging_mixin.py:190} INFO - [2024-11-12T16:58:26.600+0100] {dag.py:3239} INFO - Sync 1 DAGs
[2024-11-12T16:58:26.622+0100] {logging_mixin.py:190} INFO - [2024-11-12T16:58:26.622+0100] {dag.py:4180} INFO - Setting next_dagrun for example_branch_dop_operator_v3 to 2024-11-12 15:57:00+00:00, run_after=2024-11-12 15:58:00+00:00
[2024-11-12T16:58:26.657+0100] {processor.py:208} INFO - Processing /home/sakana/anaconda3/envs/airflow_env/lib/python3.8/site-packages/airflow/example_dags/example_branch_python_dop_operator_3.py took 0.107 seconds
[2024-11-12T16:59:26.611+0100] {processor.py:186} INFO - Started process (PID=8909) to work on /home/sakana/anaconda3/envs/airflow_env/lib/python3.8/site-packages/airflow/example_dags/example_branch_python_dop_operator_3.py
[2024-11-12T16:59:26.616+0100] {processor.py:914} INFO - Processing file /home/sakana/anaconda3/envs/airflow_env/lib/python3.8/site-packages/airflow/example_dags/example_branch_python_dop_operator_3.py for tasks to queue
[2024-11-12T16:59:26.618+0100] {logging_mixin.py:190} INFO - [2024-11-12T16:59:26.617+0100] {dagbag.py:588} INFO - Filling up the DagBag from /home/sakana/anaconda3/envs/airflow_env/lib/python3.8/site-packages/airflow/example_dags/example_branch_python_dop_operator_3.py
[2024-11-12T16:59:26.628+0100] {processor.py:925} INFO - DAG(s) 'example_branch_dop_operator_v3' retrieved from /home/sakana/anaconda3/envs/airflow_env/lib/python3.8/site-packages/airflow/example_dags/example_branch_python_dop_operator_3.py
[2024-11-12T16:59:26.642+0100] {logging_mixin.py:190} INFO - [2024-11-12T16:59:26.642+0100] {dag.py:3239} INFO - Sync 1 DAGs
[2024-11-12T16:59:26.673+0100] {logging_mixin.py:190} INFO - [2024-11-12T16:59:26.673+0100] {dag.py:4180} INFO - Setting next_dagrun for example_branch_dop_operator_v3 to 2024-11-12 15:58:00+00:00, run_after=2024-11-12 15:59:00+00:00
[2024-11-12T16:59:26.723+0100] {processor.py:208} INFO - Processing /home/sakana/anaconda3/envs/airflow_env/lib/python3.8/site-packages/airflow/example_dags/example_branch_python_dop_operator_3.py took 0.119 seconds
[2024-11-12T17:00:26.147+0100] {processor.py:186} INFO - Started process (PID=8984) to work on /home/sakana/anaconda3/envs/airflow_env/lib/python3.8/site-packages/airflow/example_dags/example_branch_python_dop_operator_3.py
[2024-11-12T17:00:26.152+0100] {processor.py:914} INFO - Processing file /home/sakana/anaconda3/envs/airflow_env/lib/python3.8/site-packages/airflow/example_dags/example_branch_python_dop_operator_3.py for tasks to queue
[2024-11-12T17:00:26.155+0100] {logging_mixin.py:190} INFO - [2024-11-12T17:00:26.154+0100] {dagbag.py:588} INFO - Filling up the DagBag from /home/sakana/anaconda3/envs/airflow_env/lib/python3.8/site-packages/airflow/example_dags/example_branch_python_dop_operator_3.py
[2024-11-12T17:00:26.168+0100] {processor.py:925} INFO - DAG(s) 'example_branch_dop_operator_v3' retrieved from /home/sakana/anaconda3/envs/airflow_env/lib/python3.8/site-packages/airflow/example_dags/example_branch_python_dop_operator_3.py
[2024-11-12T17:00:26.185+0100] {logging_mixin.py:190} INFO - [2024-11-12T17:00:26.185+0100] {dag.py:3239} INFO - Sync 1 DAGs
[2024-11-12T17:00:26.207+0100] {logging_mixin.py:190} INFO - [2024-11-12T17:00:26.207+0100] {dag.py:4180} INFO - Setting next_dagrun for example_branch_dop_operator_v3 to 2024-11-12 15:59:00+00:00, run_after=2024-11-12 16:00:00+00:00
[2024-11-12T17:00:26.244+0100] {processor.py:208} INFO - Processing /home/sakana/anaconda3/envs/airflow_env/lib/python3.8/site-packages/airflow/example_dags/example_branch_python_dop_operator_3.py took 0.103 seconds
[2024-11-12T17:01:28.465+0100] {processor.py:186} INFO - Started process (PID=9070) to work on /home/sakana/anaconda3/envs/airflow_env/lib/python3.8/site-packages/airflow/example_dags/example_branch_python_dop_operator_3.py
[2024-11-12T17:01:28.470+0100] {processor.py:914} INFO - Processing file /home/sakana/anaconda3/envs/airflow_env/lib/python3.8/site-packages/airflow/example_dags/example_branch_python_dop_operator_3.py for tasks to queue
[2024-11-12T17:01:28.472+0100] {logging_mixin.py:190} INFO - [2024-11-12T17:01:28.471+0100] {dagbag.py:588} INFO - Filling up the DagBag from /home/sakana/anaconda3/envs/airflow_env/lib/python3.8/site-packages/airflow/example_dags/example_branch_python_dop_operator_3.py
[2024-11-12T17:01:28.484+0100] {processor.py:925} INFO - DAG(s) 'example_branch_dop_operator_v3' retrieved from /home/sakana/anaconda3/envs/airflow_env/lib/python3.8/site-packages/airflow/example_dags/example_branch_python_dop_operator_3.py
[2024-11-12T17:01:28.501+0100] {logging_mixin.py:190} INFO - [2024-11-12T17:01:28.501+0100] {dag.py:3239} INFO - Sync 1 DAGs
[2024-11-12T17:01:28.522+0100] {logging_mixin.py:190} INFO - [2024-11-12T17:01:28.522+0100] {dag.py:4180} INFO - Setting next_dagrun for example_branch_dop_operator_v3 to 2024-11-12 16:00:00+00:00, run_after=2024-11-12 16:01:00+00:00
[2024-11-12T17:01:28.557+0100] {processor.py:208} INFO - Processing /home/sakana/anaconda3/envs/airflow_env/lib/python3.8/site-packages/airflow/example_dags/example_branch_python_dop_operator_3.py took 0.099 seconds
[2024-11-12T17:19:39.858+0100] {processor.py:186} INFO - Started process (PID=9586) to work on /home/sakana/anaconda3/envs/airflow_env/lib/python3.8/site-packages/airflow/example_dags/example_branch_python_dop_operator_3.py
[2024-11-12T17:19:39.859+0100] {processor.py:914} INFO - Processing file /home/sakana/anaconda3/envs/airflow_env/lib/python3.8/site-packages/airflow/example_dags/example_branch_python_dop_operator_3.py for tasks to queue
[2024-11-12T17:19:39.861+0100] {logging_mixin.py:190} INFO - [2024-11-12T17:19:39.861+0100] {dagbag.py:588} INFO - Filling up the DagBag from /home/sakana/anaconda3/envs/airflow_env/lib/python3.8/site-packages/airflow/example_dags/example_branch_python_dop_operator_3.py
[2024-11-12T17:19:39.876+0100] {processor.py:925} INFO - DAG(s) 'example_branch_dop_operator_v3' retrieved from /home/sakana/anaconda3/envs/airflow_env/lib/python3.8/site-packages/airflow/example_dags/example_branch_python_dop_operator_3.py
[2024-11-12T17:19:39.894+0100] {logging_mixin.py:190} INFO - [2024-11-12T17:19:39.894+0100] {dag.py:3239} INFO - Sync 1 DAGs
[2024-11-12T17:19:39.922+0100] {logging_mixin.py:190} INFO - [2024-11-12T17:19:39.922+0100] {dag.py:4180} INFO - Setting next_dagrun for example_branch_dop_operator_v3 to 2024-11-12 16:18:00+00:00, run_after=2024-11-12 16:19:00+00:00
[2024-11-12T17:19:39.954+0100] {processor.py:208} INFO - Processing /home/sakana/anaconda3/envs/airflow_env/lib/python3.8/site-packages/airflow/example_dags/example_branch_python_dop_operator_3.py took 0.106 seconds
[2024-11-12T17:20:45.460+0100] {processor.py:186} INFO - Started process (PID=9703) to work on /home/sakana/anaconda3/envs/airflow_env/lib/python3.8/site-packages/airflow/example_dags/example_branch_python_dop_operator_3.py
[2024-11-12T17:20:45.466+0100] {processor.py:914} INFO - Processing file /home/sakana/anaconda3/envs/airflow_env/lib/python3.8/site-packages/airflow/example_dags/example_branch_python_dop_operator_3.py for tasks to queue
[2024-11-12T17:20:45.469+0100] {logging_mixin.py:190} INFO - [2024-11-12T17:20:45.468+0100] {dagbag.py:588} INFO - Filling up the DagBag from /home/sakana/anaconda3/envs/airflow_env/lib/python3.8/site-packages/airflow/example_dags/example_branch_python_dop_operator_3.py
[2024-11-12T17:20:45.488+0100] {processor.py:925} INFO - DAG(s) 'example_branch_dop_operator_v3' retrieved from /home/sakana/anaconda3/envs/airflow_env/lib/python3.8/site-packages/airflow/example_dags/example_branch_python_dop_operator_3.py
[2024-11-12T17:20:45.505+0100] {logging_mixin.py:190} INFO - [2024-11-12T17:20:45.505+0100] {dag.py:3239} INFO - Sync 1 DAGs
[2024-11-12T17:20:45.536+0100] {logging_mixin.py:190} INFO - [2024-11-12T17:20:45.536+0100] {dag.py:4180} INFO - Setting next_dagrun for example_branch_dop_operator_v3 to 2024-11-12 16:19:00+00:00, run_after=2024-11-12 16:20:00+00:00
[2024-11-12T17:20:45.568+0100] {processor.py:208} INFO - Processing /home/sakana/anaconda3/envs/airflow_env/lib/python3.8/site-packages/airflow/example_dags/example_branch_python_dop_operator_3.py took 0.116 seconds
[2024-11-12T17:21:54.831+0100] {processor.py:186} INFO - Started process (PID=9810) to work on /home/sakana/anaconda3/envs/airflow_env/lib/python3.8/site-packages/airflow/example_dags/example_branch_python_dop_operator_3.py
[2024-11-12T17:21:54.833+0100] {processor.py:914} INFO - Processing file /home/sakana/anaconda3/envs/airflow_env/lib/python3.8/site-packages/airflow/example_dags/example_branch_python_dop_operator_3.py for tasks to queue
[2024-11-12T17:21:54.837+0100] {logging_mixin.py:190} INFO - [2024-11-12T17:21:54.836+0100] {dagbag.py:588} INFO - Filling up the DagBag from /home/sakana/anaconda3/envs/airflow_env/lib/python3.8/site-packages/airflow/example_dags/example_branch_python_dop_operator_3.py
[2024-11-12T17:21:54.854+0100] {processor.py:925} INFO - DAG(s) 'example_branch_dop_operator_v3' retrieved from /home/sakana/anaconda3/envs/airflow_env/lib/python3.8/site-packages/airflow/example_dags/example_branch_python_dop_operator_3.py
[2024-11-12T17:21:54.876+0100] {logging_mixin.py:190} INFO - [2024-11-12T17:21:54.876+0100] {dag.py:3239} INFO - Sync 1 DAGs
[2024-11-12T17:21:54.912+0100] {logging_mixin.py:190} INFO - [2024-11-12T17:21:54.912+0100] {dag.py:4180} INFO - Setting next_dagrun for example_branch_dop_operator_v3 to 2024-11-12 16:20:00+00:00, run_after=2024-11-12 16:21:00+00:00
[2024-11-12T17:21:54.947+0100] {processor.py:208} INFO - Processing /home/sakana/anaconda3/envs/airflow_env/lib/python3.8/site-packages/airflow/example_dags/example_branch_python_dop_operator_3.py took 0.125 seconds
[2024-11-12T17:23:06.207+0100] {processor.py:186} INFO - Started process (PID=9902) to work on /home/sakana/anaconda3/envs/airflow_env/lib/python3.8/site-packages/airflow/example_dags/example_branch_python_dop_operator_3.py
[2024-11-12T17:23:06.213+0100] {processor.py:914} INFO - Processing file /home/sakana/anaconda3/envs/airflow_env/lib/python3.8/site-packages/airflow/example_dags/example_branch_python_dop_operator_3.py for tasks to queue
[2024-11-12T17:23:06.218+0100] {logging_mixin.py:190} INFO - [2024-11-12T17:23:06.217+0100] {dagbag.py:588} INFO - Filling up the DagBag from /home/sakana/anaconda3/envs/airflow_env/lib/python3.8/site-packages/airflow/example_dags/example_branch_python_dop_operator_3.py
[2024-11-12T17:23:06.238+0100] {processor.py:925} INFO - DAG(s) 'example_branch_dop_operator_v3' retrieved from /home/sakana/anaconda3/envs/airflow_env/lib/python3.8/site-packages/airflow/example_dags/example_branch_python_dop_operator_3.py
[2024-11-12T17:23:06.265+0100] {logging_mixin.py:190} INFO - [2024-11-12T17:23:06.265+0100] {dag.py:3239} INFO - Sync 1 DAGs
[2024-11-12T17:23:06.301+0100] {logging_mixin.py:190} INFO - [2024-11-12T17:23:06.300+0100] {dag.py:4180} INFO - Setting next_dagrun for example_branch_dop_operator_v3 to 2024-11-12 16:22:00+00:00, run_after=2024-11-12 16:23:00+00:00
[2024-11-12T17:23:06.347+0100] {processor.py:208} INFO - Processing /home/sakana/anaconda3/envs/airflow_env/lib/python3.8/site-packages/airflow/example_dags/example_branch_python_dop_operator_3.py took 0.154 seconds
[2024-11-12T17:24:20.054+0100] {processor.py:186} INFO - Started process (PID=10103) to work on /home/sakana/anaconda3/envs/airflow_env/lib/python3.8/site-packages/airflow/example_dags/example_branch_python_dop_operator_3.py
[2024-11-12T17:24:20.055+0100] {processor.py:914} INFO - Processing file /home/sakana/anaconda3/envs/airflow_env/lib/python3.8/site-packages/airflow/example_dags/example_branch_python_dop_operator_3.py for tasks to queue
[2024-11-12T17:24:20.057+0100] {logging_mixin.py:190} INFO - [2024-11-12T17:24:20.057+0100] {dagbag.py:588} INFO - Filling up the DagBag from /home/sakana/anaconda3/envs/airflow_env/lib/python3.8/site-packages/airflow/example_dags/example_branch_python_dop_operator_3.py
[2024-11-12T17:24:20.073+0100] {processor.py:925} INFO - DAG(s) 'example_branch_dop_operator_v3' retrieved from /home/sakana/anaconda3/envs/airflow_env/lib/python3.8/site-packages/airflow/example_dags/example_branch_python_dop_operator_3.py
[2024-11-12T17:24:20.089+0100] {logging_mixin.py:190} INFO - [2024-11-12T17:24:20.089+0100] {dag.py:3239} INFO - Sync 1 DAGs
[2024-11-12T17:24:20.122+0100] {logging_mixin.py:190} INFO - [2024-11-12T17:24:20.122+0100] {dag.py:4180} INFO - Setting next_dagrun for example_branch_dop_operator_v3 to 2024-11-12 16:23:00+00:00, run_after=2024-11-12 16:24:00+00:00
[2024-11-12T17:24:20.154+0100] {processor.py:208} INFO - Processing /home/sakana/anaconda3/envs/airflow_env/lib/python3.8/site-packages/airflow/example_dags/example_branch_python_dop_operator_3.py took 0.109 seconds
[2024-11-12T17:25:34.296+0100] {processor.py:186} INFO - Started process (PID=10236) to work on /home/sakana/anaconda3/envs/airflow_env/lib/python3.8/site-packages/airflow/example_dags/example_branch_python_dop_operator_3.py
[2024-11-12T17:25:34.302+0100] {processor.py:914} INFO - Processing file /home/sakana/anaconda3/envs/airflow_env/lib/python3.8/site-packages/airflow/example_dags/example_branch_python_dop_operator_3.py for tasks to queue
[2024-11-12T17:25:34.308+0100] {logging_mixin.py:190} INFO - [2024-11-12T17:25:34.307+0100] {dagbag.py:588} INFO - Filling up the DagBag from /home/sakana/anaconda3/envs/airflow_env/lib/python3.8/site-packages/airflow/example_dags/example_branch_python_dop_operator_3.py
[2024-11-12T17:25:34.330+0100] {processor.py:925} INFO - DAG(s) 'example_branch_dop_operator_v3' retrieved from /home/sakana/anaconda3/envs/airflow_env/lib/python3.8/site-packages/airflow/example_dags/example_branch_python_dop_operator_3.py
[2024-11-12T17:25:34.361+0100] {logging_mixin.py:190} INFO - [2024-11-12T17:25:34.361+0100] {dag.py:3239} INFO - Sync 1 DAGs
[2024-11-12T17:25:34.422+0100] {logging_mixin.py:190} INFO - [2024-11-12T17:25:34.422+0100] {dag.py:4180} INFO - Setting next_dagrun for example_branch_dop_operator_v3 to 2024-11-12 16:24:00+00:00, run_after=2024-11-12 16:25:00+00:00
[2024-11-12T17:25:34.463+0100] {processor.py:208} INFO - Processing /home/sakana/anaconda3/envs/airflow_env/lib/python3.8/site-packages/airflow/example_dags/example_branch_python_dop_operator_3.py took 0.182 seconds
[2024-11-12T17:26:44.731+0100] {processor.py:186} INFO - Started process (PID=10340) to work on /home/sakana/anaconda3/envs/airflow_env/lib/python3.8/site-packages/airflow/example_dags/example_branch_python_dop_operator_3.py
[2024-11-12T17:26:44.737+0100] {processor.py:914} INFO - Processing file /home/sakana/anaconda3/envs/airflow_env/lib/python3.8/site-packages/airflow/example_dags/example_branch_python_dop_operator_3.py for tasks to queue
[2024-11-12T17:26:44.741+0100] {logging_mixin.py:190} INFO - [2024-11-12T17:26:44.740+0100] {dagbag.py:588} INFO - Filling up the DagBag from /home/sakana/anaconda3/envs/airflow_env/lib/python3.8/site-packages/airflow/example_dags/example_branch_python_dop_operator_3.py
[2024-11-12T17:26:44.758+0100] {processor.py:925} INFO - DAG(s) 'example_branch_dop_operator_v3' retrieved from /home/sakana/anaconda3/envs/airflow_env/lib/python3.8/site-packages/airflow/example_dags/example_branch_python_dop_operator_3.py
[2024-11-12T17:26:44.785+0100] {logging_mixin.py:190} INFO - [2024-11-12T17:26:44.784+0100] {dag.py:3239} INFO - Sync 1 DAGs
[2024-11-12T17:26:44.824+0100] {logging_mixin.py:190} INFO - [2024-11-12T17:26:44.824+0100] {dag.py:4180} INFO - Setting next_dagrun for example_branch_dop_operator_v3 to 2024-11-12 16:25:00+00:00, run_after=2024-11-12 16:26:00+00:00
[2024-11-12T17:26:44.897+0100] {processor.py:208} INFO - Processing /home/sakana/anaconda3/envs/airflow_env/lib/python3.8/site-packages/airflow/example_dags/example_branch_python_dop_operator_3.py took 0.177 seconds
[2024-11-12T17:27:58.633+0100] {processor.py:186} INFO - Started process (PID=10419) to work on /home/sakana/anaconda3/envs/airflow_env/lib/python3.8/site-packages/airflow/example_dags/example_branch_python_dop_operator_3.py
[2024-11-12T17:27:58.635+0100] {processor.py:914} INFO - Processing file /home/sakana/anaconda3/envs/airflow_env/lib/python3.8/site-packages/airflow/example_dags/example_branch_python_dop_operator_3.py for tasks to queue
[2024-11-12T17:27:58.640+0100] {logging_mixin.py:190} INFO - [2024-11-12T17:27:58.638+0100] {dagbag.py:588} INFO - Filling up the DagBag from /home/sakana/anaconda3/envs/airflow_env/lib/python3.8/site-packages/airflow/example_dags/example_branch_python_dop_operator_3.py
[2024-11-12T17:27:58.660+0100] {processor.py:925} INFO - DAG(s) 'example_branch_dop_operator_v3' retrieved from /home/sakana/anaconda3/envs/airflow_env/lib/python3.8/site-packages/airflow/example_dags/example_branch_python_dop_operator_3.py
[2024-11-12T17:27:58.691+0100] {logging_mixin.py:190} INFO - [2024-11-12T17:27:58.690+0100] {dag.py:3239} INFO - Sync 1 DAGs
[2024-11-12T17:27:58.745+0100] {logging_mixin.py:190} INFO - [2024-11-12T17:27:58.745+0100] {dag.py:4180} INFO - Setting next_dagrun for example_branch_dop_operator_v3 to 2024-11-12 16:26:00+00:00, run_after=2024-11-12 16:27:00+00:00
[2024-11-12T17:27:58.812+0100] {processor.py:208} INFO - Processing /home/sakana/anaconda3/envs/airflow_env/lib/python3.8/site-packages/airflow/example_dags/example_branch_python_dop_operator_3.py took 0.191 seconds
[2024-11-12T17:29:10.798+0100] {processor.py:186} INFO - Started process (PID=10556) to work on /home/sakana/anaconda3/envs/airflow_env/lib/python3.8/site-packages/airflow/example_dags/example_branch_python_dop_operator_3.py
[2024-11-12T17:29:10.804+0100] {processor.py:914} INFO - Processing file /home/sakana/anaconda3/envs/airflow_env/lib/python3.8/site-packages/airflow/example_dags/example_branch_python_dop_operator_3.py for tasks to queue
[2024-11-12T17:29:10.808+0100] {logging_mixin.py:190} INFO - [2024-11-12T17:29:10.808+0100] {dagbag.py:588} INFO - Filling up the DagBag from /home/sakana/anaconda3/envs/airflow_env/lib/python3.8/site-packages/airflow/example_dags/example_branch_python_dop_operator_3.py
[2024-11-12T17:29:10.827+0100] {processor.py:925} INFO - DAG(s) 'example_branch_dop_operator_v3' retrieved from /home/sakana/anaconda3/envs/airflow_env/lib/python3.8/site-packages/airflow/example_dags/example_branch_python_dop_operator_3.py
[2024-11-12T17:29:10.855+0100] {logging_mixin.py:190} INFO - [2024-11-12T17:29:10.855+0100] {dag.py:3239} INFO - Sync 1 DAGs
[2024-11-12T17:29:10.899+0100] {logging_mixin.py:190} INFO - [2024-11-12T17:29:10.898+0100] {dag.py:4180} INFO - Setting next_dagrun for example_branch_dop_operator_v3 to 2024-11-12 16:28:00+00:00, run_after=2024-11-12 16:29:00+00:00
[2024-11-12T17:29:10.964+0100] {processor.py:208} INFO - Processing /home/sakana/anaconda3/envs/airflow_env/lib/python3.8/site-packages/airflow/example_dags/example_branch_python_dop_operator_3.py took 0.178 seconds
[2024-11-12T17:30:22.728+0100] {processor.py:186} INFO - Started process (PID=10644) to work on /home/sakana/anaconda3/envs/airflow_env/lib/python3.8/site-packages/airflow/example_dags/example_branch_python_dop_operator_3.py
[2024-11-12T17:30:22.734+0100] {processor.py:914} INFO - Processing file /home/sakana/anaconda3/envs/airflow_env/lib/python3.8/site-packages/airflow/example_dags/example_branch_python_dop_operator_3.py for tasks to queue
[2024-11-12T17:30:22.739+0100] {logging_mixin.py:190} INFO - [2024-11-12T17:30:22.738+0100] {dagbag.py:588} INFO - Filling up the DagBag from /home/sakana/anaconda3/envs/airflow_env/lib/python3.8/site-packages/airflow/example_dags/example_branch_python_dop_operator_3.py
[2024-11-12T17:30:22.757+0100] {processor.py:925} INFO - DAG(s) 'example_branch_dop_operator_v3' retrieved from /home/sakana/anaconda3/envs/airflow_env/lib/python3.8/site-packages/airflow/example_dags/example_branch_python_dop_operator_3.py
[2024-11-12T17:30:22.781+0100] {logging_mixin.py:190} INFO - [2024-11-12T17:30:22.781+0100] {dag.py:3239} INFO - Sync 1 DAGs
[2024-11-12T17:30:22.820+0100] {logging_mixin.py:190} INFO - [2024-11-12T17:30:22.820+0100] {dag.py:4180} INFO - Setting next_dagrun for example_branch_dop_operator_v3 to 2024-11-12 16:29:00+00:00, run_after=2024-11-12 16:30:00+00:00
[2024-11-12T17:30:22.850+0100] {processor.py:208} INFO - Processing /home/sakana/anaconda3/envs/airflow_env/lib/python3.8/site-packages/airflow/example_dags/example_branch_python_dop_operator_3.py took 0.147 seconds
[2024-11-12T17:31:35.888+0100] {processor.py:186} INFO - Started process (PID=10735) to work on /home/sakana/anaconda3/envs/airflow_env/lib/python3.8/site-packages/airflow/example_dags/example_branch_python_dop_operator_3.py
[2024-11-12T17:31:35.893+0100] {processor.py:914} INFO - Processing file /home/sakana/anaconda3/envs/airflow_env/lib/python3.8/site-packages/airflow/example_dags/example_branch_python_dop_operator_3.py for tasks to queue
[2024-11-12T17:31:35.897+0100] {logging_mixin.py:190} INFO - [2024-11-12T17:31:35.897+0100] {dagbag.py:588} INFO - Filling up the DagBag from /home/sakana/anaconda3/envs/airflow_env/lib/python3.8/site-packages/airflow/example_dags/example_branch_python_dop_operator_3.py
[2024-11-12T17:31:35.922+0100] {processor.py:925} INFO - DAG(s) 'example_branch_dop_operator_v3' retrieved from /home/sakana/anaconda3/envs/airflow_env/lib/python3.8/site-packages/airflow/example_dags/example_branch_python_dop_operator_3.py
[2024-11-12T17:31:35.947+0100] {logging_mixin.py:190} INFO - [2024-11-12T17:31:35.947+0100] {dag.py:3239} INFO - Sync 1 DAGs
[2024-11-12T17:31:35.985+0100] {logging_mixin.py:190} INFO - [2024-11-12T17:31:35.985+0100] {dag.py:4180} INFO - Setting next_dagrun for example_branch_dop_operator_v3 to 2024-11-12 16:30:00+00:00, run_after=2024-11-12 16:31:00+00:00
[2024-11-12T17:31:36.049+0100] {processor.py:208} INFO - Processing /home/sakana/anaconda3/envs/airflow_env/lib/python3.8/site-packages/airflow/example_dags/example_branch_python_dop_operator_3.py took 0.172 seconds
[2024-11-12T17:32:46.374+0100] {processor.py:186} INFO - Started process (PID=10870) to work on /home/sakana/anaconda3/envs/airflow_env/lib/python3.8/site-packages/airflow/example_dags/example_branch_python_dop_operator_3.py
[2024-11-12T17:32:46.379+0100] {processor.py:914} INFO - Processing file /home/sakana/anaconda3/envs/airflow_env/lib/python3.8/site-packages/airflow/example_dags/example_branch_python_dop_operator_3.py for tasks to queue
[2024-11-12T17:32:46.382+0100] {logging_mixin.py:190} INFO - [2024-11-12T17:32:46.382+0100] {dagbag.py:588} INFO - Filling up the DagBag from /home/sakana/anaconda3/envs/airflow_env/lib/python3.8/site-packages/airflow/example_dags/example_branch_python_dop_operator_3.py
[2024-11-12T17:32:46.396+0100] {processor.py:925} INFO - DAG(s) 'example_branch_dop_operator_v3' retrieved from /home/sakana/anaconda3/envs/airflow_env/lib/python3.8/site-packages/airflow/example_dags/example_branch_python_dop_operator_3.py
[2024-11-12T17:32:46.414+0100] {logging_mixin.py:190} INFO - [2024-11-12T17:32:46.413+0100] {dag.py:3239} INFO - Sync 1 DAGs
[2024-11-12T17:32:46.441+0100] {logging_mixin.py:190} INFO - [2024-11-12T17:32:46.441+0100] {dag.py:4180} INFO - Setting next_dagrun for example_branch_dop_operator_v3 to 2024-11-12 16:31:00+00:00, run_after=2024-11-12 16:32:00+00:00
[2024-11-12T17:32:46.480+0100] {processor.py:208} INFO - Processing /home/sakana/anaconda3/envs/airflow_env/lib/python3.8/site-packages/airflow/example_dags/example_branch_python_dop_operator_3.py took 0.114 seconds
[2024-11-12T17:33:52.248+0100] {processor.py:186} INFO - Started process (PID=11081) to work on /home/sakana/anaconda3/envs/airflow_env/lib/python3.8/site-packages/airflow/example_dags/example_branch_python_dop_operator_3.py
[2024-11-12T17:33:52.253+0100] {processor.py:914} INFO - Processing file /home/sakana/anaconda3/envs/airflow_env/lib/python3.8/site-packages/airflow/example_dags/example_branch_python_dop_operator_3.py for tasks to queue
[2024-11-12T17:33:52.259+0100] {logging_mixin.py:190} INFO - [2024-11-12T17:33:52.258+0100] {dagbag.py:588} INFO - Filling up the DagBag from /home/sakana/anaconda3/envs/airflow_env/lib/python3.8/site-packages/airflow/example_dags/example_branch_python_dop_operator_3.py
[2024-11-12T17:33:52.283+0100] {processor.py:925} INFO - DAG(s) 'example_branch_dop_operator_v3' retrieved from /home/sakana/anaconda3/envs/airflow_env/lib/python3.8/site-packages/airflow/example_dags/example_branch_python_dop_operator_3.py
[2024-11-12T17:33:52.299+0100] {logging_mixin.py:190} INFO - [2024-11-12T17:33:52.299+0100] {dag.py:3239} INFO - Sync 1 DAGs
[2024-11-12T17:33:52.325+0100] {logging_mixin.py:190} INFO - [2024-11-12T17:33:52.325+0100] {dag.py:4180} INFO - Setting next_dagrun for example_branch_dop_operator_v3 to 2024-11-12 16:32:00+00:00, run_after=2024-11-12 16:33:00+00:00
[2024-11-12T17:33:52.349+0100] {processor.py:208} INFO - Processing /home/sakana/anaconda3/envs/airflow_env/lib/python3.8/site-packages/airflow/example_dags/example_branch_python_dop_operator_3.py took 0.109 seconds
[2024-11-12T17:34:52.772+0100] {processor.py:186} INFO - Started process (PID=11152) to work on /home/sakana/anaconda3/envs/airflow_env/lib/python3.8/site-packages/airflow/example_dags/example_branch_python_dop_operator_3.py
[2024-11-12T17:34:52.777+0100] {processor.py:914} INFO - Processing file /home/sakana/anaconda3/envs/airflow_env/lib/python3.8/site-packages/airflow/example_dags/example_branch_python_dop_operator_3.py for tasks to queue
[2024-11-12T17:34:52.780+0100] {logging_mixin.py:190} INFO - [2024-11-12T17:34:52.779+0100] {dagbag.py:588} INFO - Filling up the DagBag from /home/sakana/anaconda3/envs/airflow_env/lib/python3.8/site-packages/airflow/example_dags/example_branch_python_dop_operator_3.py
[2024-11-12T17:34:52.797+0100] {processor.py:925} INFO - DAG(s) 'example_branch_dop_operator_v3' retrieved from /home/sakana/anaconda3/envs/airflow_env/lib/python3.8/site-packages/airflow/example_dags/example_branch_python_dop_operator_3.py
[2024-11-12T17:34:52.812+0100] {logging_mixin.py:190} INFO - [2024-11-12T17:34:52.812+0100] {dag.py:3239} INFO - Sync 1 DAGs
[2024-11-12T17:34:52.834+0100] {logging_mixin.py:190} INFO - [2024-11-12T17:34:52.834+0100] {dag.py:4180} INFO - Setting next_dagrun for example_branch_dop_operator_v3 to 2024-11-12 16:33:00+00:00, run_after=2024-11-12 16:34:00+00:00
[2024-11-12T17:34:52.859+0100] {processor.py:208} INFO - Processing /home/sakana/anaconda3/envs/airflow_env/lib/python3.8/site-packages/airflow/example_dags/example_branch_python_dop_operator_3.py took 0.096 seconds
[2024-11-12T17:35:53.213+0100] {processor.py:186} INFO - Started process (PID=11237) to work on /home/sakana/anaconda3/envs/airflow_env/lib/python3.8/site-packages/airflow/example_dags/example_branch_python_dop_operator_3.py
[2024-11-12T17:35:53.218+0100] {processor.py:914} INFO - Processing file /home/sakana/anaconda3/envs/airflow_env/lib/python3.8/site-packages/airflow/example_dags/example_branch_python_dop_operator_3.py for tasks to queue
[2024-11-12T17:35:53.220+0100] {logging_mixin.py:190} INFO - [2024-11-12T17:35:53.220+0100] {dagbag.py:588} INFO - Filling up the DagBag from /home/sakana/anaconda3/envs/airflow_env/lib/python3.8/site-packages/airflow/example_dags/example_branch_python_dop_operator_3.py
[2024-11-12T17:35:53.233+0100] {processor.py:925} INFO - DAG(s) 'example_branch_dop_operator_v3' retrieved from /home/sakana/anaconda3/envs/airflow_env/lib/python3.8/site-packages/airflow/example_dags/example_branch_python_dop_operator_3.py
[2024-11-12T17:35:53.248+0100] {logging_mixin.py:190} INFO - [2024-11-12T17:35:53.247+0100] {dag.py:3239} INFO - Sync 1 DAGs
[2024-11-12T17:35:53.270+0100] {logging_mixin.py:190} INFO - [2024-11-12T17:35:53.270+0100] {dag.py:4180} INFO - Setting next_dagrun for example_branch_dop_operator_v3 to 2024-11-12 16:34:00+00:00, run_after=2024-11-12 16:35:00+00:00
[2024-11-12T17:35:53.302+0100] {processor.py:208} INFO - Processing /home/sakana/anaconda3/envs/airflow_env/lib/python3.8/site-packages/airflow/example_dags/example_branch_python_dop_operator_3.py took 0.096 seconds
[2024-11-12T17:36:50.271+0100] {processor.py:186} INFO - Started process (PID=11306) to work on /home/sakana/anaconda3/envs/airflow_env/lib/python3.8/site-packages/airflow/example_dags/example_branch_python_dop_operator_3.py
[2024-11-12T17:36:50.276+0100] {processor.py:914} INFO - Processing file /home/sakana/anaconda3/envs/airflow_env/lib/python3.8/site-packages/airflow/example_dags/example_branch_python_dop_operator_3.py for tasks to queue
[2024-11-12T17:36:50.278+0100] {logging_mixin.py:190} INFO - [2024-11-12T17:36:50.278+0100] {dagbag.py:588} INFO - Filling up the DagBag from /home/sakana/anaconda3/envs/airflow_env/lib/python3.8/site-packages/airflow/example_dags/example_branch_python_dop_operator_3.py
[2024-11-12T17:36:50.288+0100] {processor.py:925} INFO - DAG(s) 'example_branch_dop_operator_v3' retrieved from /home/sakana/anaconda3/envs/airflow_env/lib/python3.8/site-packages/airflow/example_dags/example_branch_python_dop_operator_3.py
[2024-11-12T17:36:50.303+0100] {logging_mixin.py:190} INFO - [2024-11-12T17:36:50.302+0100] {dag.py:3239} INFO - Sync 1 DAGs
[2024-11-12T17:36:50.326+0100] {logging_mixin.py:190} INFO - [2024-11-12T17:36:50.325+0100] {dag.py:4180} INFO - Setting next_dagrun for example_branch_dop_operator_v3 to 2024-11-12 16:35:00+00:00, run_after=2024-11-12 16:36:00+00:00
[2024-11-12T17:36:50.372+0100] {processor.py:208} INFO - Processing /home/sakana/anaconda3/envs/airflow_env/lib/python3.8/site-packages/airflow/example_dags/example_branch_python_dop_operator_3.py took 0.107 seconds
