[2024-11-12T01:01:34.337+0100] {processor.py:186} INFO - Started process (PID=31384) to work on /home/sakana/anaconda3/envs/airflow_env/lib/python3.8/site-packages/airflow/example_dags/example_python_operator.py
[2024-11-12T01:01:34.339+0100] {processor.py:914} INFO - Processing file /home/sakana/anaconda3/envs/airflow_env/lib/python3.8/site-packages/airflow/example_dags/example_python_operator.py for tasks to queue
[2024-11-12T01:01:34.342+0100] {logging_mixin.py:190} INFO - [2024-11-12T01:01:34.342+0100] {dagbag.py:588} INFO - Filling up the DagBag from /home/sakana/anaconda3/envs/airflow_env/lib/python3.8/site-packages/airflow/example_dags/example_python_operator.py
[2024-11-12T01:01:34.357+0100] {logging_mixin.py:190} INFO - [2024-11-12T01:01:34.357+0100] {example_python_operator.py:93} WARNING - The virtalenv_python example task requires virtualenv, please install it.
[2024-11-12T01:01:34.362+0100] {processor.py:925} INFO - DAG(s) 'example_python_operator' retrieved from /home/sakana/anaconda3/envs/airflow_env/lib/python3.8/site-packages/airflow/example_dags/example_python_operator.py
[2024-11-12T01:01:34.399+0100] {logging_mixin.py:190} INFO - [2024-11-12T01:01:34.399+0100] {dag.py:3239} INFO - Sync 1 DAGs
[2024-11-12T01:01:34.429+0100] {logging_mixin.py:190} INFO - [2024-11-12T01:01:34.428+0100] {dag.py:4180} INFO - Setting next_dagrun for example_python_operator to None, run_after=None
[2024-11-12T01:01:34.490+0100] {processor.py:208} INFO - Processing /home/sakana/anaconda3/envs/airflow_env/lib/python3.8/site-packages/airflow/example_dags/example_python_operator.py took 0.164 seconds
[2024-11-12T01:02:36.630+0100] {processor.py:186} INFO - Started process (PID=31828) to work on /home/sakana/anaconda3/envs/airflow_env/lib/python3.8/site-packages/airflow/example_dags/example_python_operator.py
[2024-11-12T01:02:36.640+0100] {processor.py:914} INFO - Processing file /home/sakana/anaconda3/envs/airflow_env/lib/python3.8/site-packages/airflow/example_dags/example_python_operator.py for tasks to queue
[2024-11-12T01:02:36.644+0100] {logging_mixin.py:190} INFO - [2024-11-12T01:02:36.644+0100] {dagbag.py:588} INFO - Filling up the DagBag from /home/sakana/anaconda3/envs/airflow_env/lib/python3.8/site-packages/airflow/example_dags/example_python_operator.py
[2024-11-12T01:02:36.681+0100] {logging_mixin.py:190} INFO - [2024-11-12T01:02:36.680+0100] {example_python_operator.py:93} WARNING - The virtalenv_python example task requires virtualenv, please install it.
[2024-11-12T01:02:36.685+0100] {processor.py:925} INFO - DAG(s) 'example_python_operator' retrieved from /home/sakana/anaconda3/envs/airflow_env/lib/python3.8/site-packages/airflow/example_dags/example_python_operator.py
[2024-11-12T01:02:36.734+0100] {logging_mixin.py:190} INFO - [2024-11-12T01:02:36.734+0100] {dag.py:3239} INFO - Sync 1 DAGs
[2024-11-12T01:02:36.765+0100] {logging_mixin.py:190} INFO - [2024-11-12T01:02:36.765+0100] {dag.py:4180} INFO - Setting next_dagrun for example_python_operator to None, run_after=None
[2024-11-12T01:02:36.845+0100] {processor.py:208} INFO - Processing /home/sakana/anaconda3/envs/airflow_env/lib/python3.8/site-packages/airflow/example_dags/example_python_operator.py took 0.228 seconds
[2024-11-12T01:03:40.841+0100] {processor.py:186} INFO - Started process (PID=32307) to work on /home/sakana/anaconda3/envs/airflow_env/lib/python3.8/site-packages/airflow/example_dags/example_python_operator.py
[2024-11-12T01:03:40.847+0100] {processor.py:914} INFO - Processing file /home/sakana/anaconda3/envs/airflow_env/lib/python3.8/site-packages/airflow/example_dags/example_python_operator.py for tasks to queue
[2024-11-12T01:03:40.849+0100] {logging_mixin.py:190} INFO - [2024-11-12T01:03:40.849+0100] {dagbag.py:588} INFO - Filling up the DagBag from /home/sakana/anaconda3/envs/airflow_env/lib/python3.8/site-packages/airflow/example_dags/example_python_operator.py
[2024-11-12T01:03:40.856+0100] {logging_mixin.py:190} INFO - [2024-11-12T01:03:40.856+0100] {example_python_operator.py:93} WARNING - The virtalenv_python example task requires virtualenv, please install it.
[2024-11-12T01:03:40.859+0100] {processor.py:925} INFO - DAG(s) 'example_python_operator' retrieved from /home/sakana/anaconda3/envs/airflow_env/lib/python3.8/site-packages/airflow/example_dags/example_python_operator.py
[2024-11-12T01:03:40.884+0100] {logging_mixin.py:190} INFO - [2024-11-12T01:03:40.884+0100] {dag.py:3239} INFO - Sync 1 DAGs
[2024-11-12T01:03:40.905+0100] {logging_mixin.py:190} INFO - [2024-11-12T01:03:40.904+0100] {dag.py:4180} INFO - Setting next_dagrun for example_python_operator to None, run_after=None
[2024-11-12T01:03:40.934+0100] {processor.py:208} INFO - Processing /home/sakana/anaconda3/envs/airflow_env/lib/python3.8/site-packages/airflow/example_dags/example_python_operator.py took 0.103 seconds
[2024-11-12T01:10:19.720+0100] {processor.py:186} INFO - Started process (PID=4157) to work on /home/sakana/anaconda3/envs/airflow_env/lib/python3.8/site-packages/airflow/example_dags/example_python_operator.py
[2024-11-12T01:10:19.725+0100] {processor.py:914} INFO - Processing file /home/sakana/anaconda3/envs/airflow_env/lib/python3.8/site-packages/airflow/example_dags/example_python_operator.py for tasks to queue
[2024-11-12T01:10:19.727+0100] {logging_mixin.py:190} INFO - [2024-11-12T01:10:19.726+0100] {dagbag.py:588} INFO - Filling up the DagBag from /home/sakana/anaconda3/envs/airflow_env/lib/python3.8/site-packages/airflow/example_dags/example_python_operator.py
[2024-11-12T01:10:19.733+0100] {logging_mixin.py:190} INFO - [2024-11-12T01:10:19.733+0100] {example_python_operator.py:93} WARNING - The virtalenv_python example task requires virtualenv, please install it.
[2024-11-12T01:10:19.735+0100] {processor.py:925} INFO - DAG(s) 'example_python_operator' retrieved from /home/sakana/anaconda3/envs/airflow_env/lib/python3.8/site-packages/airflow/example_dags/example_python_operator.py
[2024-11-12T01:10:19.751+0100] {logging_mixin.py:190} INFO - [2024-11-12T01:10:19.750+0100] {dag.py:3239} INFO - Sync 1 DAGs
[2024-11-12T01:10:19.763+0100] {logging_mixin.py:190} INFO - [2024-11-12T01:10:19.763+0100] {dag.py:4180} INFO - Setting next_dagrun for example_python_operator to None, run_after=None
[2024-11-12T01:10:19.786+0100] {processor.py:208} INFO - Processing /home/sakana/anaconda3/envs/airflow_env/lib/python3.8/site-packages/airflow/example_dags/example_python_operator.py took 0.072 seconds
[2024-11-12T01:11:20.596+0100] {processor.py:186} INFO - Started process (PID=4218) to work on /home/sakana/anaconda3/envs/airflow_env/lib/python3.8/site-packages/airflow/example_dags/example_python_operator.py
[2024-11-12T01:11:20.597+0100] {processor.py:914} INFO - Processing file /home/sakana/anaconda3/envs/airflow_env/lib/python3.8/site-packages/airflow/example_dags/example_python_operator.py for tasks to queue
[2024-11-12T01:11:20.599+0100] {logging_mixin.py:190} INFO - [2024-11-12T01:11:20.599+0100] {dagbag.py:588} INFO - Filling up the DagBag from /home/sakana/anaconda3/envs/airflow_env/lib/python3.8/site-packages/airflow/example_dags/example_python_operator.py
[2024-11-12T01:11:20.606+0100] {logging_mixin.py:190} INFO - [2024-11-12T01:11:20.606+0100] {example_python_operator.py:93} WARNING - The virtalenv_python example task requires virtualenv, please install it.
[2024-11-12T01:11:20.609+0100] {processor.py:925} INFO - DAG(s) 'example_python_operator' retrieved from /home/sakana/anaconda3/envs/airflow_env/lib/python3.8/site-packages/airflow/example_dags/example_python_operator.py
[2024-11-12T01:11:20.624+0100] {logging_mixin.py:190} INFO - [2024-11-12T01:11:20.624+0100] {dag.py:3239} INFO - Sync 1 DAGs
[2024-11-12T01:11:20.635+0100] {logging_mixin.py:190} INFO - [2024-11-12T01:11:20.635+0100] {dag.py:4180} INFO - Setting next_dagrun for example_python_operator to None, run_after=None
[2024-11-12T01:11:20.667+0100] {processor.py:208} INFO - Processing /home/sakana/anaconda3/envs/airflow_env/lib/python3.8/site-packages/airflow/example_dags/example_python_operator.py took 0.078 seconds
[2024-11-12T01:12:20.601+0100] {processor.py:186} INFO - Started process (PID=4341) to work on /home/sakana/anaconda3/envs/airflow_env/lib/python3.8/site-packages/airflow/example_dags/example_python_operator.py
[2024-11-12T01:12:20.606+0100] {processor.py:914} INFO - Processing file /home/sakana/anaconda3/envs/airflow_env/lib/python3.8/site-packages/airflow/example_dags/example_python_operator.py for tasks to queue
[2024-11-12T01:12:20.612+0100] {logging_mixin.py:190} INFO - [2024-11-12T01:12:20.611+0100] {dagbag.py:588} INFO - Filling up the DagBag from /home/sakana/anaconda3/envs/airflow_env/lib/python3.8/site-packages/airflow/example_dags/example_python_operator.py
[2024-11-12T01:12:20.631+0100] {logging_mixin.py:190} INFO - [2024-11-12T01:12:20.630+0100] {example_python_operator.py:93} WARNING - The virtalenv_python example task requires virtualenv, please install it.
[2024-11-12T01:12:20.635+0100] {processor.py:925} INFO - DAG(s) 'example_python_operator' retrieved from /home/sakana/anaconda3/envs/airflow_env/lib/python3.8/site-packages/airflow/example_dags/example_python_operator.py
[2024-11-12T01:12:20.655+0100] {logging_mixin.py:190} INFO - [2024-11-12T01:12:20.654+0100] {dag.py:3239} INFO - Sync 1 DAGs
[2024-11-12T01:12:20.667+0100] {logging_mixin.py:190} INFO - [2024-11-12T01:12:20.666+0100] {dag.py:4180} INFO - Setting next_dagrun for example_python_operator to None, run_after=None
[2024-11-12T01:12:20.694+0100] {processor.py:208} INFO - Processing /home/sakana/anaconda3/envs/airflow_env/lib/python3.8/site-packages/airflow/example_dags/example_python_operator.py took 0.099 seconds
[2024-11-12T16:37:58.308+0100] {processor.py:186} INFO - Started process (PID=6613) to work on /home/sakana/anaconda3/envs/airflow_env/lib/python3.8/site-packages/airflow/example_dags/example_python_operator.py
[2024-11-12T16:37:58.345+0100] {processor.py:914} INFO - Processing file /home/sakana/anaconda3/envs/airflow_env/lib/python3.8/site-packages/airflow/example_dags/example_python_operator.py for tasks to queue
[2024-11-12T16:37:58.347+0100] {logging_mixin.py:190} INFO - [2024-11-12T16:37:58.346+0100] {dagbag.py:588} INFO - Filling up the DagBag from /home/sakana/anaconda3/envs/airflow_env/lib/python3.8/site-packages/airflow/example_dags/example_python_operator.py
[2024-11-12T16:37:58.354+0100] {logging_mixin.py:190} INFO - [2024-11-12T16:37:58.354+0100] {example_python_operator.py:93} WARNING - The virtalenv_python example task requires virtualenv, please install it.
[2024-11-12T16:37:58.357+0100] {processor.py:925} INFO - DAG(s) 'example_python_operator' retrieved from /home/sakana/anaconda3/envs/airflow_env/lib/python3.8/site-packages/airflow/example_dags/example_python_operator.py
[2024-11-12T16:37:58.375+0100] {logging_mixin.py:190} INFO - [2024-11-12T16:37:58.375+0100] {dag.py:3239} INFO - Sync 1 DAGs
[2024-11-12T16:37:58.388+0100] {logging_mixin.py:190} INFO - [2024-11-12T16:37:58.388+0100] {dag.py:4180} INFO - Setting next_dagrun for example_python_operator to None, run_after=None
[2024-11-12T16:37:58.415+0100] {processor.py:208} INFO - Processing /home/sakana/anaconda3/envs/airflow_env/lib/python3.8/site-packages/airflow/example_dags/example_python_operator.py took 0.125 seconds
[2024-11-12T16:40:02.287+0100] {processor.py:186} INFO - Started process (PID=6959) to work on /home/sakana/anaconda3/envs/airflow_env/lib/python3.8/site-packages/airflow/example_dags/example_python_operator.py
[2024-11-12T16:40:02.294+0100] {processor.py:914} INFO - Processing file /home/sakana/anaconda3/envs/airflow_env/lib/python3.8/site-packages/airflow/example_dags/example_python_operator.py for tasks to queue
[2024-11-12T16:40:02.297+0100] {logging_mixin.py:190} INFO - [2024-11-12T16:40:02.297+0100] {dagbag.py:588} INFO - Filling up the DagBag from /home/sakana/anaconda3/envs/airflow_env/lib/python3.8/site-packages/airflow/example_dags/example_python_operator.py
[2024-11-12T16:40:02.306+0100] {logging_mixin.py:190} INFO - [2024-11-12T16:40:02.305+0100] {example_python_operator.py:93} WARNING - The virtalenv_python example task requires virtualenv, please install it.
[2024-11-12T16:40:02.309+0100] {processor.py:925} INFO - DAG(s) 'example_python_operator' retrieved from /home/sakana/anaconda3/envs/airflow_env/lib/python3.8/site-packages/airflow/example_dags/example_python_operator.py
[2024-11-12T16:40:02.334+0100] {logging_mixin.py:190} INFO - [2024-11-12T16:40:02.334+0100] {dag.py:3239} INFO - Sync 1 DAGs
[2024-11-12T16:40:02.353+0100] {logging_mixin.py:190} INFO - [2024-11-12T16:40:02.353+0100] {dag.py:4180} INFO - Setting next_dagrun for example_python_operator to None, run_after=None
[2024-11-12T16:40:02.387+0100] {processor.py:208} INFO - Processing /home/sakana/anaconda3/envs/airflow_env/lib/python3.8/site-packages/airflow/example_dags/example_python_operator.py took 0.107 seconds
[2024-11-12T16:41:15.914+0100] {processor.py:186} INFO - Started process (PID=7106) to work on /home/sakana/anaconda3/envs/airflow_env/lib/python3.8/site-packages/airflow/example_dags/example_python_operator.py
[2024-11-12T16:41:15.920+0100] {processor.py:914} INFO - Processing file /home/sakana/anaconda3/envs/airflow_env/lib/python3.8/site-packages/airflow/example_dags/example_python_operator.py for tasks to queue
[2024-11-12T16:41:15.923+0100] {logging_mixin.py:190} INFO - [2024-11-12T16:41:15.922+0100] {dagbag.py:588} INFO - Filling up the DagBag from /home/sakana/anaconda3/envs/airflow_env/lib/python3.8/site-packages/airflow/example_dags/example_python_operator.py
[2024-11-12T16:41:15.935+0100] {logging_mixin.py:190} INFO - [2024-11-12T16:41:15.934+0100] {example_python_operator.py:93} WARNING - The virtalenv_python example task requires virtualenv, please install it.
[2024-11-12T16:41:15.939+0100] {processor.py:925} INFO - DAG(s) 'example_python_operator' retrieved from /home/sakana/anaconda3/envs/airflow_env/lib/python3.8/site-packages/airflow/example_dags/example_python_operator.py
[2024-11-12T16:41:15.957+0100] {logging_mixin.py:190} INFO - [2024-11-12T16:41:15.957+0100] {dag.py:3239} INFO - Sync 1 DAGs
[2024-11-12T16:41:15.969+0100] {logging_mixin.py:190} INFO - [2024-11-12T16:41:15.968+0100] {dag.py:4180} INFO - Setting next_dagrun for example_python_operator to None, run_after=None
[2024-11-12T16:41:16.018+0100] {processor.py:208} INFO - Processing /home/sakana/anaconda3/envs/airflow_env/lib/python3.8/site-packages/airflow/example_dags/example_python_operator.py took 0.114 seconds
[2024-11-12T16:42:13.168+0100] {processor.py:186} INFO - Started process (PID=7175) to work on /home/sakana/anaconda3/envs/airflow_env/lib/python3.8/site-packages/airflow/example_dags/example_python_operator.py
[2024-11-12T16:42:13.173+0100] {processor.py:914} INFO - Processing file /home/sakana/anaconda3/envs/airflow_env/lib/python3.8/site-packages/airflow/example_dags/example_python_operator.py for tasks to queue
[2024-11-12T16:42:13.175+0100] {logging_mixin.py:190} INFO - [2024-11-12T16:42:13.174+0100] {dagbag.py:588} INFO - Filling up the DagBag from /home/sakana/anaconda3/envs/airflow_env/lib/python3.8/site-packages/airflow/example_dags/example_python_operator.py
[2024-11-12T16:42:13.181+0100] {logging_mixin.py:190} INFO - [2024-11-12T16:42:13.181+0100] {example_python_operator.py:93} WARNING - The virtalenv_python example task requires virtualenv, please install it.
[2024-11-12T16:42:13.184+0100] {processor.py:925} INFO - DAG(s) 'example_python_operator' retrieved from /home/sakana/anaconda3/envs/airflow_env/lib/python3.8/site-packages/airflow/example_dags/example_python_operator.py
[2024-11-12T16:42:13.200+0100] {logging_mixin.py:190} INFO - [2024-11-12T16:42:13.199+0100] {dag.py:3239} INFO - Sync 1 DAGs
[2024-11-12T16:42:13.212+0100] {logging_mixin.py:190} INFO - [2024-11-12T16:42:13.212+0100] {dag.py:4180} INFO - Setting next_dagrun for example_python_operator to None, run_after=None
[2024-11-12T16:42:13.242+0100] {processor.py:208} INFO - Processing /home/sakana/anaconda3/envs/airflow_env/lib/python3.8/site-packages/airflow/example_dags/example_python_operator.py took 0.083 seconds
[2024-11-12T16:43:10.017+0100] {processor.py:186} INFO - Started process (PID=7338) to work on /home/sakana/anaconda3/envs/airflow_env/lib/python3.8/site-packages/airflow/example_dags/example_python_operator.py
[2024-11-12T16:43:10.022+0100] {processor.py:914} INFO - Processing file /home/sakana/anaconda3/envs/airflow_env/lib/python3.8/site-packages/airflow/example_dags/example_python_operator.py for tasks to queue
[2024-11-12T16:43:10.025+0100] {logging_mixin.py:190} INFO - [2024-11-12T16:43:10.024+0100] {dagbag.py:588} INFO - Filling up the DagBag from /home/sakana/anaconda3/envs/airflow_env/lib/python3.8/site-packages/airflow/example_dags/example_python_operator.py
[2024-11-12T16:43:10.034+0100] {logging_mixin.py:190} INFO - [2024-11-12T16:43:10.034+0100] {example_python_operator.py:93} WARNING - The virtalenv_python example task requires virtualenv, please install it.
[2024-11-12T16:43:10.037+0100] {processor.py:925} INFO - DAG(s) 'example_python_operator' retrieved from /home/sakana/anaconda3/envs/airflow_env/lib/python3.8/site-packages/airflow/example_dags/example_python_operator.py
[2024-11-12T16:43:10.054+0100] {logging_mixin.py:190} INFO - [2024-11-12T16:43:10.054+0100] {dag.py:3239} INFO - Sync 1 DAGs
[2024-11-12T16:43:10.066+0100] {logging_mixin.py:190} INFO - [2024-11-12T16:43:10.065+0100] {dag.py:4180} INFO - Setting next_dagrun for example_python_operator to None, run_after=None
[2024-11-12T16:43:10.090+0100] {processor.py:208} INFO - Processing /home/sakana/anaconda3/envs/airflow_env/lib/python3.8/site-packages/airflow/example_dags/example_python_operator.py took 0.082 seconds
[2024-11-12T16:44:07.833+0100] {processor.py:186} INFO - Started process (PID=7427) to work on /home/sakana/anaconda3/envs/airflow_env/lib/python3.8/site-packages/airflow/example_dags/example_python_operator.py
[2024-11-12T16:44:07.838+0100] {processor.py:914} INFO - Processing file /home/sakana/anaconda3/envs/airflow_env/lib/python3.8/site-packages/airflow/example_dags/example_python_operator.py for tasks to queue
[2024-11-12T16:44:07.840+0100] {logging_mixin.py:190} INFO - [2024-11-12T16:44:07.840+0100] {dagbag.py:588} INFO - Filling up the DagBag from /home/sakana/anaconda3/envs/airflow_env/lib/python3.8/site-packages/airflow/example_dags/example_python_operator.py
[2024-11-12T16:44:07.847+0100] {logging_mixin.py:190} INFO - [2024-11-12T16:44:07.847+0100] {example_python_operator.py:93} WARNING - The virtalenv_python example task requires virtualenv, please install it.
[2024-11-12T16:44:07.849+0100] {processor.py:925} INFO - DAG(s) 'example_python_operator' retrieved from /home/sakana/anaconda3/envs/airflow_env/lib/python3.8/site-packages/airflow/example_dags/example_python_operator.py
[2024-11-12T16:44:07.865+0100] {logging_mixin.py:190} INFO - [2024-11-12T16:44:07.864+0100] {dag.py:3239} INFO - Sync 1 DAGs
[2024-11-12T16:44:07.878+0100] {logging_mixin.py:190} INFO - [2024-11-12T16:44:07.877+0100] {dag.py:4180} INFO - Setting next_dagrun for example_python_operator to None, run_after=None
[2024-11-12T16:44:07.908+0100] {processor.py:208} INFO - Processing /home/sakana/anaconda3/envs/airflow_env/lib/python3.8/site-packages/airflow/example_dags/example_python_operator.py took 0.083 seconds
[2024-11-12T16:45:04.771+0100] {processor.py:186} INFO - Started process (PID=7498) to work on /home/sakana/anaconda3/envs/airflow_env/lib/python3.8/site-packages/airflow/example_dags/example_python_operator.py
[2024-11-12T16:45:04.777+0100] {processor.py:914} INFO - Processing file /home/sakana/anaconda3/envs/airflow_env/lib/python3.8/site-packages/airflow/example_dags/example_python_operator.py for tasks to queue
[2024-11-12T16:45:04.784+0100] {logging_mixin.py:190} INFO - [2024-11-12T16:45:04.782+0100] {dagbag.py:588} INFO - Filling up the DagBag from /home/sakana/anaconda3/envs/airflow_env/lib/python3.8/site-packages/airflow/example_dags/example_python_operator.py
[2024-11-12T16:45:04.805+0100] {logging_mixin.py:190} INFO - [2024-11-12T16:45:04.805+0100] {example_python_operator.py:93} WARNING - The virtalenv_python example task requires virtualenv, please install it.
[2024-11-12T16:45:04.809+0100] {processor.py:925} INFO - DAG(s) 'example_python_operator' retrieved from /home/sakana/anaconda3/envs/airflow_env/lib/python3.8/site-packages/airflow/example_dags/example_python_operator.py
[2024-11-12T16:45:04.827+0100] {logging_mixin.py:190} INFO - [2024-11-12T16:45:04.827+0100] {dag.py:3239} INFO - Sync 1 DAGs
[2024-11-12T16:45:04.840+0100] {logging_mixin.py:190} INFO - [2024-11-12T16:45:04.839+0100] {dag.py:4180} INFO - Setting next_dagrun for example_python_operator to None, run_after=None
[2024-11-12T16:45:04.865+0100] {processor.py:208} INFO - Processing /home/sakana/anaconda3/envs/airflow_env/lib/python3.8/site-packages/airflow/example_dags/example_python_operator.py took 0.102 seconds
[2024-11-12T16:45:59.137+0100] {processor.py:186} INFO - Started process (PID=7565) to work on /home/sakana/anaconda3/envs/airflow_env/lib/python3.8/site-packages/airflow/example_dags/example_python_operator.py
[2024-11-12T16:45:59.175+0100] {processor.py:914} INFO - Processing file /home/sakana/anaconda3/envs/airflow_env/lib/python3.8/site-packages/airflow/example_dags/example_python_operator.py for tasks to queue
[2024-11-12T16:45:59.182+0100] {logging_mixin.py:190} INFO - [2024-11-12T16:45:59.181+0100] {dagbag.py:588} INFO - Filling up the DagBag from /home/sakana/anaconda3/envs/airflow_env/lib/python3.8/site-packages/airflow/example_dags/example_python_operator.py
[2024-11-12T16:45:59.204+0100] {logging_mixin.py:190} INFO - [2024-11-12T16:45:59.204+0100] {example_python_operator.py:93} WARNING - The virtalenv_python example task requires virtualenv, please install it.
[2024-11-12T16:45:59.209+0100] {processor.py:925} INFO - DAG(s) 'example_python_operator' retrieved from /home/sakana/anaconda3/envs/airflow_env/lib/python3.8/site-packages/airflow/example_dags/example_python_operator.py
[2024-11-12T16:45:59.228+0100] {logging_mixin.py:190} INFO - [2024-11-12T16:45:59.228+0100] {dag.py:3239} INFO - Sync 1 DAGs
[2024-11-12T16:45:59.239+0100] {logging_mixin.py:190} INFO - [2024-11-12T16:45:59.239+0100] {dag.py:4180} INFO - Setting next_dagrun for example_python_operator to None, run_after=None
[2024-11-12T16:45:59.276+0100] {processor.py:208} INFO - Processing /home/sakana/anaconda3/envs/airflow_env/lib/python3.8/site-packages/airflow/example_dags/example_python_operator.py took 0.146 seconds
[2024-11-12T16:47:09.286+0100] {processor.py:186} INFO - Started process (PID=7698) to work on /home/sakana/anaconda3/envs/airflow_env/lib/python3.8/site-packages/airflow/example_dags/example_python_operator.py
[2024-11-12T16:47:09.291+0100] {processor.py:914} INFO - Processing file /home/sakana/anaconda3/envs/airflow_env/lib/python3.8/site-packages/airflow/example_dags/example_python_operator.py for tasks to queue
[2024-11-12T16:47:09.297+0100] {logging_mixin.py:190} INFO - [2024-11-12T16:47:09.296+0100] {dagbag.py:588} INFO - Filling up the DagBag from /home/sakana/anaconda3/envs/airflow_env/lib/python3.8/site-packages/airflow/example_dags/example_python_operator.py
[2024-11-12T16:47:09.307+0100] {logging_mixin.py:190} INFO - [2024-11-12T16:47:09.307+0100] {example_python_operator.py:93} WARNING - The virtalenv_python example task requires virtualenv, please install it.
[2024-11-12T16:47:09.310+0100] {processor.py:925} INFO - DAG(s) 'example_python_operator' retrieved from /home/sakana/anaconda3/envs/airflow_env/lib/python3.8/site-packages/airflow/example_dags/example_python_operator.py
[2024-11-12T16:47:09.327+0100] {logging_mixin.py:190} INFO - [2024-11-12T16:47:09.327+0100] {dag.py:3239} INFO - Sync 1 DAGs
[2024-11-12T16:47:09.340+0100] {logging_mixin.py:190} INFO - [2024-11-12T16:47:09.340+0100] {dag.py:4180} INFO - Setting next_dagrun for example_python_operator to None, run_after=None
[2024-11-12T16:47:09.370+0100] {processor.py:208} INFO - Processing /home/sakana/anaconda3/envs/airflow_env/lib/python3.8/site-packages/airflow/example_dags/example_python_operator.py took 0.090 seconds
[2024-11-12T16:48:06.380+0100] {processor.py:186} INFO - Started process (PID=7809) to work on /home/sakana/anaconda3/envs/airflow_env/lib/python3.8/site-packages/airflow/example_dags/example_python_operator.py
[2024-11-12T16:48:06.385+0100] {processor.py:914} INFO - Processing file /home/sakana/anaconda3/envs/airflow_env/lib/python3.8/site-packages/airflow/example_dags/example_python_operator.py for tasks to queue
[2024-11-12T16:48:06.386+0100] {logging_mixin.py:190} INFO - [2024-11-12T16:48:06.386+0100] {dagbag.py:588} INFO - Filling up the DagBag from /home/sakana/anaconda3/envs/airflow_env/lib/python3.8/site-packages/airflow/example_dags/example_python_operator.py
[2024-11-12T16:48:06.393+0100] {logging_mixin.py:190} INFO - [2024-11-12T16:48:06.393+0100] {example_python_operator.py:93} WARNING - The virtalenv_python example task requires virtualenv, please install it.
[2024-11-12T16:48:06.396+0100] {processor.py:925} INFO - DAG(s) 'example_python_operator' retrieved from /home/sakana/anaconda3/envs/airflow_env/lib/python3.8/site-packages/airflow/example_dags/example_python_operator.py
[2024-11-12T16:48:06.416+0100] {logging_mixin.py:190} INFO - [2024-11-12T16:48:06.415+0100] {dag.py:3239} INFO - Sync 1 DAGs
[2024-11-12T16:48:06.436+0100] {logging_mixin.py:190} INFO - [2024-11-12T16:48:06.436+0100] {dag.py:4180} INFO - Setting next_dagrun for example_python_operator to None, run_after=None
[2024-11-12T16:48:06.466+0100] {processor.py:208} INFO - Processing /home/sakana/anaconda3/envs/airflow_env/lib/python3.8/site-packages/airflow/example_dags/example_python_operator.py took 0.091 seconds
[2024-11-12T16:49:04.406+0100] {processor.py:186} INFO - Started process (PID=7924) to work on /home/sakana/anaconda3/envs/airflow_env/lib/python3.8/site-packages/airflow/example_dags/example_python_operator.py
[2024-11-12T16:49:04.411+0100] {processor.py:914} INFO - Processing file /home/sakana/anaconda3/envs/airflow_env/lib/python3.8/site-packages/airflow/example_dags/example_python_operator.py for tasks to queue
[2024-11-12T16:49:04.413+0100] {logging_mixin.py:190} INFO - [2024-11-12T16:49:04.413+0100] {dagbag.py:588} INFO - Filling up the DagBag from /home/sakana/anaconda3/envs/airflow_env/lib/python3.8/site-packages/airflow/example_dags/example_python_operator.py
[2024-11-12T16:49:04.420+0100] {logging_mixin.py:190} INFO - [2024-11-12T16:49:04.420+0100] {example_python_operator.py:93} WARNING - The virtalenv_python example task requires virtualenv, please install it.
[2024-11-12T16:49:04.422+0100] {processor.py:925} INFO - DAG(s) 'example_python_operator' retrieved from /home/sakana/anaconda3/envs/airflow_env/lib/python3.8/site-packages/airflow/example_dags/example_python_operator.py
[2024-11-12T16:49:04.437+0100] {logging_mixin.py:190} INFO - [2024-11-12T16:49:04.437+0100] {dag.py:3239} INFO - Sync 1 DAGs
[2024-11-12T16:49:04.449+0100] {logging_mixin.py:190} INFO - [2024-11-12T16:49:04.448+0100] {dag.py:4180} INFO - Setting next_dagrun for example_python_operator to None, run_after=None
[2024-11-12T16:49:04.481+0100] {processor.py:208} INFO - Processing /home/sakana/anaconda3/envs/airflow_env/lib/python3.8/site-packages/airflow/example_dags/example_python_operator.py took 0.084 seconds
[2024-11-12T16:50:01.353+0100] {processor.py:186} INFO - Started process (PID=8017) to work on /home/sakana/anaconda3/envs/airflow_env/lib/python3.8/site-packages/airflow/example_dags/example_python_operator.py
[2024-11-12T16:50:01.358+0100] {processor.py:914} INFO - Processing file /home/sakana/anaconda3/envs/airflow_env/lib/python3.8/site-packages/airflow/example_dags/example_python_operator.py for tasks to queue
[2024-11-12T16:50:01.360+0100] {logging_mixin.py:190} INFO - [2024-11-12T16:50:01.360+0100] {dagbag.py:588} INFO - Filling up the DagBag from /home/sakana/anaconda3/envs/airflow_env/lib/python3.8/site-packages/airflow/example_dags/example_python_operator.py
[2024-11-12T16:50:01.367+0100] {logging_mixin.py:190} INFO - [2024-11-12T16:50:01.367+0100] {example_python_operator.py:93} WARNING - The virtalenv_python example task requires virtualenv, please install it.
[2024-11-12T16:50:01.370+0100] {processor.py:925} INFO - DAG(s) 'example_python_operator' retrieved from /home/sakana/anaconda3/envs/airflow_env/lib/python3.8/site-packages/airflow/example_dags/example_python_operator.py
[2024-11-12T16:50:01.389+0100] {logging_mixin.py:190} INFO - [2024-11-12T16:50:01.388+0100] {dag.py:3239} INFO - Sync 1 DAGs
[2024-11-12T16:50:01.400+0100] {logging_mixin.py:190} INFO - [2024-11-12T16:50:01.400+0100] {dag.py:4180} INFO - Setting next_dagrun for example_python_operator to None, run_after=None
[2024-11-12T16:50:01.427+0100] {processor.py:208} INFO - Processing /home/sakana/anaconda3/envs/airflow_env/lib/python3.8/site-packages/airflow/example_dags/example_python_operator.py took 0.081 seconds
[2024-11-12T16:50:57.370+0100] {processor.py:186} INFO - Started process (PID=8082) to work on /home/sakana/anaconda3/envs/airflow_env/lib/python3.8/site-packages/airflow/example_dags/example_python_operator.py
[2024-11-12T16:50:57.375+0100] {processor.py:914} INFO - Processing file /home/sakana/anaconda3/envs/airflow_env/lib/python3.8/site-packages/airflow/example_dags/example_python_operator.py for tasks to queue
[2024-11-12T16:50:57.378+0100] {logging_mixin.py:190} INFO - [2024-11-12T16:50:57.377+0100] {dagbag.py:588} INFO - Filling up the DagBag from /home/sakana/anaconda3/envs/airflow_env/lib/python3.8/site-packages/airflow/example_dags/example_python_operator.py
[2024-11-12T16:50:57.387+0100] {logging_mixin.py:190} INFO - [2024-11-12T16:50:57.387+0100] {example_python_operator.py:93} WARNING - The virtalenv_python example task requires virtualenv, please install it.
[2024-11-12T16:50:57.390+0100] {processor.py:925} INFO - DAG(s) 'example_python_operator' retrieved from /home/sakana/anaconda3/envs/airflow_env/lib/python3.8/site-packages/airflow/example_dags/example_python_operator.py
[2024-11-12T16:50:57.411+0100] {logging_mixin.py:190} INFO - [2024-11-12T16:50:57.410+0100] {dag.py:3239} INFO - Sync 1 DAGs
[2024-11-12T16:50:57.423+0100] {logging_mixin.py:190} INFO - [2024-11-12T16:50:57.423+0100] {dag.py:4180} INFO - Setting next_dagrun for example_python_operator to None, run_after=None
[2024-11-12T16:50:57.448+0100] {processor.py:208} INFO - Processing /home/sakana/anaconda3/envs/airflow_env/lib/python3.8/site-packages/airflow/example_dags/example_python_operator.py took 0.086 seconds
[2024-11-12T16:51:54.311+0100] {processor.py:186} INFO - Started process (PID=8155) to work on /home/sakana/anaconda3/envs/airflow_env/lib/python3.8/site-packages/airflow/example_dags/example_python_operator.py
[2024-11-12T16:51:54.316+0100] {processor.py:914} INFO - Processing file /home/sakana/anaconda3/envs/airflow_env/lib/python3.8/site-packages/airflow/example_dags/example_python_operator.py for tasks to queue
[2024-11-12T16:51:54.318+0100] {logging_mixin.py:190} INFO - [2024-11-12T16:51:54.318+0100] {dagbag.py:588} INFO - Filling up the DagBag from /home/sakana/anaconda3/envs/airflow_env/lib/python3.8/site-packages/airflow/example_dags/example_python_operator.py
[2024-11-12T16:51:54.325+0100] {logging_mixin.py:190} INFO - [2024-11-12T16:51:54.325+0100] {example_python_operator.py:93} WARNING - The virtalenv_python example task requires virtualenv, please install it.
[2024-11-12T16:51:54.327+0100] {processor.py:925} INFO - DAG(s) 'example_python_operator' retrieved from /home/sakana/anaconda3/envs/airflow_env/lib/python3.8/site-packages/airflow/example_dags/example_python_operator.py
[2024-11-12T16:51:54.343+0100] {logging_mixin.py:190} INFO - [2024-11-12T16:51:54.343+0100] {dag.py:3239} INFO - Sync 1 DAGs
[2024-11-12T16:51:54.355+0100] {logging_mixin.py:190} INFO - [2024-11-12T16:51:54.354+0100] {dag.py:4180} INFO - Setting next_dagrun for example_python_operator to None, run_after=None
[2024-11-12T16:51:54.383+0100] {processor.py:208} INFO - Processing /home/sakana/anaconda3/envs/airflow_env/lib/python3.8/site-packages/airflow/example_dags/example_python_operator.py took 0.079 seconds
[2024-11-12T16:52:51.697+0100] {processor.py:186} INFO - Started process (PID=8244) to work on /home/sakana/anaconda3/envs/airflow_env/lib/python3.8/site-packages/airflow/example_dags/example_python_operator.py
[2024-11-12T16:52:51.702+0100] {processor.py:914} INFO - Processing file /home/sakana/anaconda3/envs/airflow_env/lib/python3.8/site-packages/airflow/example_dags/example_python_operator.py for tasks to queue
[2024-11-12T16:52:51.704+0100] {logging_mixin.py:190} INFO - [2024-11-12T16:52:51.704+0100] {dagbag.py:588} INFO - Filling up the DagBag from /home/sakana/anaconda3/envs/airflow_env/lib/python3.8/site-packages/airflow/example_dags/example_python_operator.py
[2024-11-12T16:52:51.712+0100] {logging_mixin.py:190} INFO - [2024-11-12T16:52:51.712+0100] {example_python_operator.py:93} WARNING - The virtalenv_python example task requires virtualenv, please install it.
[2024-11-12T16:52:51.715+0100] {processor.py:925} INFO - DAG(s) 'example_python_operator' retrieved from /home/sakana/anaconda3/envs/airflow_env/lib/python3.8/site-packages/airflow/example_dags/example_python_operator.py
[2024-11-12T16:52:51.732+0100] {logging_mixin.py:190} INFO - [2024-11-12T16:52:51.732+0100] {dag.py:3239} INFO - Sync 1 DAGs
[2024-11-12T16:52:51.745+0100] {logging_mixin.py:190} INFO - [2024-11-12T16:52:51.745+0100] {dag.py:4180} INFO - Setting next_dagrun for example_python_operator to None, run_after=None
[2024-11-12T16:52:51.773+0100] {processor.py:208} INFO - Processing /home/sakana/anaconda3/envs/airflow_env/lib/python3.8/site-packages/airflow/example_dags/example_python_operator.py took 0.083 seconds
[2024-11-12T16:53:48.129+0100] {processor.py:186} INFO - Started process (PID=8346) to work on /home/sakana/anaconda3/envs/airflow_env/lib/python3.8/site-packages/airflow/example_dags/example_python_operator.py
[2024-11-12T16:53:48.133+0100] {processor.py:914} INFO - Processing file /home/sakana/anaconda3/envs/airflow_env/lib/python3.8/site-packages/airflow/example_dags/example_python_operator.py for tasks to queue
[2024-11-12T16:53:48.135+0100] {logging_mixin.py:190} INFO - [2024-11-12T16:53:48.135+0100] {dagbag.py:588} INFO - Filling up the DagBag from /home/sakana/anaconda3/envs/airflow_env/lib/python3.8/site-packages/airflow/example_dags/example_python_operator.py
[2024-11-12T16:53:48.142+0100] {logging_mixin.py:190} INFO - [2024-11-12T16:53:48.142+0100] {example_python_operator.py:93} WARNING - The virtalenv_python example task requires virtualenv, please install it.
[2024-11-12T16:53:48.144+0100] {processor.py:925} INFO - DAG(s) 'example_python_operator' retrieved from /home/sakana/anaconda3/envs/airflow_env/lib/python3.8/site-packages/airflow/example_dags/example_python_operator.py
[2024-11-12T16:53:48.161+0100] {logging_mixin.py:190} INFO - [2024-11-12T16:53:48.161+0100] {dag.py:3239} INFO - Sync 1 DAGs
[2024-11-12T16:53:48.173+0100] {logging_mixin.py:190} INFO - [2024-11-12T16:53:48.172+0100] {dag.py:4180} INFO - Setting next_dagrun for example_python_operator to None, run_after=None
[2024-11-12T16:53:48.196+0100] {processor.py:208} INFO - Processing /home/sakana/anaconda3/envs/airflow_env/lib/python3.8/site-packages/airflow/example_dags/example_python_operator.py took 0.075 seconds
[2024-11-12T16:54:49.528+0100] {processor.py:186} INFO - Started process (PID=8518) to work on /home/sakana/anaconda3/envs/airflow_env/lib/python3.8/site-packages/airflow/example_dags/example_python_operator.py
[2024-11-12T16:54:49.534+0100] {processor.py:914} INFO - Processing file /home/sakana/anaconda3/envs/airflow_env/lib/python3.8/site-packages/airflow/example_dags/example_python_operator.py for tasks to queue
[2024-11-12T16:54:49.537+0100] {logging_mixin.py:190} INFO - [2024-11-12T16:54:49.536+0100] {dagbag.py:588} INFO - Filling up the DagBag from /home/sakana/anaconda3/envs/airflow_env/lib/python3.8/site-packages/airflow/example_dags/example_python_operator.py
[2024-11-12T16:54:49.545+0100] {logging_mixin.py:190} INFO - [2024-11-12T16:54:49.544+0100] {example_python_operator.py:93} WARNING - The virtalenv_python example task requires virtualenv, please install it.
[2024-11-12T16:54:49.547+0100] {processor.py:925} INFO - DAG(s) 'example_python_operator' retrieved from /home/sakana/anaconda3/envs/airflow_env/lib/python3.8/site-packages/airflow/example_dags/example_python_operator.py
[2024-11-12T16:54:49.565+0100] {logging_mixin.py:190} INFO - [2024-11-12T16:54:49.564+0100] {dag.py:3239} INFO - Sync 1 DAGs
[2024-11-12T16:54:49.578+0100] {logging_mixin.py:190} INFO - [2024-11-12T16:54:49.578+0100] {dag.py:4180} INFO - Setting next_dagrun for example_python_operator to None, run_after=None
[2024-11-12T16:54:49.617+0100] {processor.py:208} INFO - Processing /home/sakana/anaconda3/envs/airflow_env/lib/python3.8/site-packages/airflow/example_dags/example_python_operator.py took 0.097 seconds
[2024-11-12T16:55:49.178+0100] {processor.py:186} INFO - Started process (PID=8601) to work on /home/sakana/anaconda3/envs/airflow_env/lib/python3.8/site-packages/airflow/example_dags/example_python_operator.py
[2024-11-12T16:55:49.196+0100] {processor.py:914} INFO - Processing file /home/sakana/anaconda3/envs/airflow_env/lib/python3.8/site-packages/airflow/example_dags/example_python_operator.py for tasks to queue
[2024-11-12T16:55:49.203+0100] {logging_mixin.py:190} INFO - [2024-11-12T16:55:49.202+0100] {dagbag.py:588} INFO - Filling up the DagBag from /home/sakana/anaconda3/envs/airflow_env/lib/python3.8/site-packages/airflow/example_dags/example_python_operator.py
[2024-11-12T16:55:49.223+0100] {logging_mixin.py:190} INFO - [2024-11-12T16:55:49.223+0100] {example_python_operator.py:93} WARNING - The virtalenv_python example task requires virtualenv, please install it.
[2024-11-12T16:55:49.227+0100] {processor.py:925} INFO - DAG(s) 'example_python_operator' retrieved from /home/sakana/anaconda3/envs/airflow_env/lib/python3.8/site-packages/airflow/example_dags/example_python_operator.py
[2024-11-12T16:55:49.246+0100] {logging_mixin.py:190} INFO - [2024-11-12T16:55:49.246+0100] {dag.py:3239} INFO - Sync 1 DAGs
[2024-11-12T16:55:49.260+0100] {logging_mixin.py:190} INFO - [2024-11-12T16:55:49.260+0100] {dag.py:4180} INFO - Setting next_dagrun for example_python_operator to None, run_after=None
[2024-11-12T16:55:49.290+0100] {processor.py:208} INFO - Processing /home/sakana/anaconda3/envs/airflow_env/lib/python3.8/site-packages/airflow/example_dags/example_python_operator.py took 0.120 seconds
[2024-11-12T16:56:47.249+0100] {processor.py:186} INFO - Started process (PID=8675) to work on /home/sakana/anaconda3/envs/airflow_env/lib/python3.8/site-packages/airflow/example_dags/example_python_operator.py
[2024-11-12T16:56:47.254+0100] {processor.py:914} INFO - Processing file /home/sakana/anaconda3/envs/airflow_env/lib/python3.8/site-packages/airflow/example_dags/example_python_operator.py for tasks to queue
[2024-11-12T16:56:47.256+0100] {logging_mixin.py:190} INFO - [2024-11-12T16:56:47.256+0100] {dagbag.py:588} INFO - Filling up the DagBag from /home/sakana/anaconda3/envs/airflow_env/lib/python3.8/site-packages/airflow/example_dags/example_python_operator.py
[2024-11-12T16:56:47.264+0100] {logging_mixin.py:190} INFO - [2024-11-12T16:56:47.264+0100] {example_python_operator.py:93} WARNING - The virtalenv_python example task requires virtualenv, please install it.
[2024-11-12T16:56:47.267+0100] {processor.py:925} INFO - DAG(s) 'example_python_operator' retrieved from /home/sakana/anaconda3/envs/airflow_env/lib/python3.8/site-packages/airflow/example_dags/example_python_operator.py
[2024-11-12T16:56:47.287+0100] {logging_mixin.py:190} INFO - [2024-11-12T16:56:47.287+0100] {dag.py:3239} INFO - Sync 1 DAGs
[2024-11-12T16:56:47.301+0100] {logging_mixin.py:190} INFO - [2024-11-12T16:56:47.300+0100] {dag.py:4180} INFO - Setting next_dagrun for example_python_operator to None, run_after=None
[2024-11-12T16:56:47.326+0100] {processor.py:208} INFO - Processing /home/sakana/anaconda3/envs/airflow_env/lib/python3.8/site-packages/airflow/example_dags/example_python_operator.py took 0.084 seconds
[2024-11-12T16:57:48.145+0100] {processor.py:186} INFO - Started process (PID=8758) to work on /home/sakana/anaconda3/envs/airflow_env/lib/python3.8/site-packages/airflow/example_dags/example_python_operator.py
[2024-11-12T16:57:48.150+0100] {processor.py:914} INFO - Processing file /home/sakana/anaconda3/envs/airflow_env/lib/python3.8/site-packages/airflow/example_dags/example_python_operator.py for tasks to queue
[2024-11-12T16:57:48.154+0100] {logging_mixin.py:190} INFO - [2024-11-12T16:57:48.153+0100] {dagbag.py:588} INFO - Filling up the DagBag from /home/sakana/anaconda3/envs/airflow_env/lib/python3.8/site-packages/airflow/example_dags/example_python_operator.py
[2024-11-12T16:57:48.163+0100] {logging_mixin.py:190} INFO - [2024-11-12T16:57:48.163+0100] {example_python_operator.py:93} WARNING - The virtalenv_python example task requires virtualenv, please install it.
[2024-11-12T16:57:48.167+0100] {processor.py:925} INFO - DAG(s) 'example_python_operator' retrieved from /home/sakana/anaconda3/envs/airflow_env/lib/python3.8/site-packages/airflow/example_dags/example_python_operator.py
[2024-11-12T16:57:48.194+0100] {logging_mixin.py:190} INFO - [2024-11-12T16:57:48.193+0100] {dag.py:3239} INFO - Sync 1 DAGs
[2024-11-12T16:57:48.214+0100] {logging_mixin.py:190} INFO - [2024-11-12T16:57:48.213+0100] {dag.py:4180} INFO - Setting next_dagrun for example_python_operator to None, run_after=None
[2024-11-12T16:57:48.259+0100] {processor.py:208} INFO - Processing /home/sakana/anaconda3/envs/airflow_env/lib/python3.8/site-packages/airflow/example_dags/example_python_operator.py took 0.124 seconds
[2024-11-12T16:58:50.231+0100] {processor.py:186} INFO - Started process (PID=8862) to work on /home/sakana/anaconda3/envs/airflow_env/lib/python3.8/site-packages/airflow/example_dags/example_python_operator.py
[2024-11-12T16:58:50.236+0100] {processor.py:914} INFO - Processing file /home/sakana/anaconda3/envs/airflow_env/lib/python3.8/site-packages/airflow/example_dags/example_python_operator.py for tasks to queue
[2024-11-12T16:58:50.239+0100] {logging_mixin.py:190} INFO - [2024-11-12T16:58:50.238+0100] {dagbag.py:588} INFO - Filling up the DagBag from /home/sakana/anaconda3/envs/airflow_env/lib/python3.8/site-packages/airflow/example_dags/example_python_operator.py
[2024-11-12T16:58:50.245+0100] {logging_mixin.py:190} INFO - [2024-11-12T16:58:50.245+0100] {example_python_operator.py:93} WARNING - The virtalenv_python example task requires virtualenv, please install it.
[2024-11-12T16:58:50.248+0100] {processor.py:925} INFO - DAG(s) 'example_python_operator' retrieved from /home/sakana/anaconda3/envs/airflow_env/lib/python3.8/site-packages/airflow/example_dags/example_python_operator.py
[2024-11-12T16:58:50.267+0100] {logging_mixin.py:190} INFO - [2024-11-12T16:58:50.267+0100] {dag.py:3239} INFO - Sync 1 DAGs
[2024-11-12T16:58:50.280+0100] {logging_mixin.py:190} INFO - [2024-11-12T16:58:50.279+0100] {dag.py:4180} INFO - Setting next_dagrun for example_python_operator to None, run_after=None
[2024-11-12T16:58:50.324+0100] {processor.py:208} INFO - Processing /home/sakana/anaconda3/envs/airflow_env/lib/python3.8/site-packages/airflow/example_dags/example_python_operator.py took 0.102 seconds
[2024-11-12T16:59:51.134+0100] {processor.py:186} INFO - Started process (PID=8937) to work on /home/sakana/anaconda3/envs/airflow_env/lib/python3.8/site-packages/airflow/example_dags/example_python_operator.py
[2024-11-12T16:59:51.139+0100] {processor.py:914} INFO - Processing file /home/sakana/anaconda3/envs/airflow_env/lib/python3.8/site-packages/airflow/example_dags/example_python_operator.py for tasks to queue
[2024-11-12T16:59:51.141+0100] {logging_mixin.py:190} INFO - [2024-11-12T16:59:51.140+0100] {dagbag.py:588} INFO - Filling up the DagBag from /home/sakana/anaconda3/envs/airflow_env/lib/python3.8/site-packages/airflow/example_dags/example_python_operator.py
[2024-11-12T16:59:51.148+0100] {logging_mixin.py:190} INFO - [2024-11-12T16:59:51.148+0100] {example_python_operator.py:93} WARNING - The virtalenv_python example task requires virtualenv, please install it.
[2024-11-12T16:59:51.150+0100] {processor.py:925} INFO - DAG(s) 'example_python_operator' retrieved from /home/sakana/anaconda3/envs/airflow_env/lib/python3.8/site-packages/airflow/example_dags/example_python_operator.py
[2024-11-12T16:59:51.166+0100] {logging_mixin.py:190} INFO - [2024-11-12T16:59:51.165+0100] {dag.py:3239} INFO - Sync 1 DAGs
[2024-11-12T16:59:51.177+0100] {logging_mixin.py:190} INFO - [2024-11-12T16:59:51.177+0100] {dag.py:4180} INFO - Setting next_dagrun for example_python_operator to None, run_after=None
[2024-11-12T16:59:51.204+0100] {processor.py:208} INFO - Processing /home/sakana/anaconda3/envs/airflow_env/lib/python3.8/site-packages/airflow/example_dags/example_python_operator.py took 0.078 seconds
[2024-11-12T17:00:51.486+0100] {processor.py:186} INFO - Started process (PID=9009) to work on /home/sakana/anaconda3/envs/airflow_env/lib/python3.8/site-packages/airflow/example_dags/example_python_operator.py
[2024-11-12T17:00:51.492+0100] {processor.py:914} INFO - Processing file /home/sakana/anaconda3/envs/airflow_env/lib/python3.8/site-packages/airflow/example_dags/example_python_operator.py for tasks to queue
[2024-11-12T17:00:51.499+0100] {logging_mixin.py:190} INFO - [2024-11-12T17:00:51.498+0100] {dagbag.py:588} INFO - Filling up the DagBag from /home/sakana/anaconda3/envs/airflow_env/lib/python3.8/site-packages/airflow/example_dags/example_python_operator.py
[2024-11-12T17:00:51.513+0100] {logging_mixin.py:190} INFO - [2024-11-12T17:00:51.513+0100] {example_python_operator.py:93} WARNING - The virtalenv_python example task requires virtualenv, please install it.
[2024-11-12T17:00:51.516+0100] {processor.py:925} INFO - DAG(s) 'example_python_operator' retrieved from /home/sakana/anaconda3/envs/airflow_env/lib/python3.8/site-packages/airflow/example_dags/example_python_operator.py
[2024-11-12T17:00:51.536+0100] {logging_mixin.py:190} INFO - [2024-11-12T17:00:51.536+0100] {dag.py:3239} INFO - Sync 1 DAGs
[2024-11-12T17:00:51.548+0100] {logging_mixin.py:190} INFO - [2024-11-12T17:00:51.548+0100] {dag.py:4180} INFO - Setting next_dagrun for example_python_operator to None, run_after=None
[2024-11-12T17:00:51.582+0100] {processor.py:208} INFO - Processing /home/sakana/anaconda3/envs/airflow_env/lib/python3.8/site-packages/airflow/example_dags/example_python_operator.py took 0.108 seconds
[2024-11-12T17:18:56.632+0100] {processor.py:186} INFO - Started process (PID=9327) to work on /home/sakana/anaconda3/envs/airflow_env/lib/python3.8/site-packages/airflow/example_dags/example_python_operator.py
[2024-11-12T17:18:56.652+0100] {processor.py:914} INFO - Processing file /home/sakana/anaconda3/envs/airflow_env/lib/python3.8/site-packages/airflow/example_dags/example_python_operator.py for tasks to queue
[2024-11-12T17:18:56.653+0100] {logging_mixin.py:190} INFO - [2024-11-12T17:18:56.653+0100] {dagbag.py:588} INFO - Filling up the DagBag from /home/sakana/anaconda3/envs/airflow_env/lib/python3.8/site-packages/airflow/example_dags/example_python_operator.py
[2024-11-12T17:18:56.659+0100] {logging_mixin.py:190} INFO - [2024-11-12T17:18:56.659+0100] {example_python_operator.py:93} WARNING - The virtalenv_python example task requires virtualenv, please install it.
[2024-11-12T17:18:56.661+0100] {processor.py:925} INFO - DAG(s) 'example_python_operator' retrieved from /home/sakana/anaconda3/envs/airflow_env/lib/python3.8/site-packages/airflow/example_dags/example_python_operator.py
[2024-11-12T17:18:56.675+0100] {logging_mixin.py:190} INFO - [2024-11-12T17:18:56.675+0100] {dag.py:3239} INFO - Sync 1 DAGs
[2024-11-12T17:18:56.685+0100] {logging_mixin.py:190} INFO - [2024-11-12T17:18:56.685+0100] {dag.py:4180} INFO - Setting next_dagrun for example_python_operator to None, run_after=None
[2024-11-12T17:18:56.708+0100] {processor.py:208} INFO - Processing /home/sakana/anaconda3/envs/airflow_env/lib/python3.8/site-packages/airflow/example_dags/example_python_operator.py took 0.081 seconds
[2024-11-12T17:20:07.175+0100] {processor.py:186} INFO - Started process (PID=9641) to work on /home/sakana/anaconda3/envs/airflow_env/lib/python3.8/site-packages/airflow/example_dags/example_python_operator.py
[2024-11-12T17:20:07.176+0100] {processor.py:914} INFO - Processing file /home/sakana/anaconda3/envs/airflow_env/lib/python3.8/site-packages/airflow/example_dags/example_python_operator.py for tasks to queue
[2024-11-12T17:20:07.178+0100] {logging_mixin.py:190} INFO - [2024-11-12T17:20:07.177+0100] {dagbag.py:588} INFO - Filling up the DagBag from /home/sakana/anaconda3/envs/airflow_env/lib/python3.8/site-packages/airflow/example_dags/example_python_operator.py
[2024-11-12T17:20:07.185+0100] {logging_mixin.py:190} INFO - [2024-11-12T17:20:07.185+0100] {example_python_operator.py:93} WARNING - The virtalenv_python example task requires virtualenv, please install it.
[2024-11-12T17:20:07.188+0100] {processor.py:925} INFO - DAG(s) 'example_python_operator' retrieved from /home/sakana/anaconda3/envs/airflow_env/lib/python3.8/site-packages/airflow/example_dags/example_python_operator.py
[2024-11-12T17:20:07.206+0100] {logging_mixin.py:190} INFO - [2024-11-12T17:20:07.205+0100] {dag.py:3239} INFO - Sync 1 DAGs
[2024-11-12T17:20:07.219+0100] {logging_mixin.py:190} INFO - [2024-11-12T17:20:07.219+0100] {dag.py:4180} INFO - Setting next_dagrun for example_python_operator to None, run_after=None
[2024-11-12T17:20:07.256+0100] {processor.py:208} INFO - Processing /home/sakana/anaconda3/envs/airflow_env/lib/python3.8/site-packages/airflow/example_dags/example_python_operator.py took 0.087 seconds
[2024-11-12T17:21:15.055+0100] {processor.py:186} INFO - Started process (PID=9736) to work on /home/sakana/anaconda3/envs/airflow_env/lib/python3.8/site-packages/airflow/example_dags/example_python_operator.py
[2024-11-12T17:21:15.061+0100] {processor.py:914} INFO - Processing file /home/sakana/anaconda3/envs/airflow_env/lib/python3.8/site-packages/airflow/example_dags/example_python_operator.py for tasks to queue
[2024-11-12T17:21:15.066+0100] {logging_mixin.py:190} INFO - [2024-11-12T17:21:15.065+0100] {dagbag.py:588} INFO - Filling up the DagBag from /home/sakana/anaconda3/envs/airflow_env/lib/python3.8/site-packages/airflow/example_dags/example_python_operator.py
[2024-11-12T17:21:15.084+0100] {logging_mixin.py:190} INFO - [2024-11-12T17:21:15.083+0100] {example_python_operator.py:93} WARNING - The virtalenv_python example task requires virtualenv, please install it.
[2024-11-12T17:21:15.090+0100] {processor.py:925} INFO - DAG(s) 'example_python_operator' retrieved from /home/sakana/anaconda3/envs/airflow_env/lib/python3.8/site-packages/airflow/example_dags/example_python_operator.py
[2024-11-12T17:21:15.122+0100] {logging_mixin.py:190} INFO - [2024-11-12T17:21:15.122+0100] {dag.py:3239} INFO - Sync 1 DAGs
[2024-11-12T17:21:15.136+0100] {logging_mixin.py:190} INFO - [2024-11-12T17:21:15.136+0100] {dag.py:4180} INFO - Setting next_dagrun for example_python_operator to None, run_after=None
[2024-11-12T17:21:15.177+0100] {processor.py:208} INFO - Processing /home/sakana/anaconda3/envs/airflow_env/lib/python3.8/site-packages/airflow/example_dags/example_python_operator.py took 0.139 seconds
[2024-11-12T17:22:22.802+0100] {processor.py:186} INFO - Started process (PID=9862) to work on /home/sakana/anaconda3/envs/airflow_env/lib/python3.8/site-packages/airflow/example_dags/example_python_operator.py
[2024-11-12T17:22:22.808+0100] {processor.py:914} INFO - Processing file /home/sakana/anaconda3/envs/airflow_env/lib/python3.8/site-packages/airflow/example_dags/example_python_operator.py for tasks to queue
[2024-11-12T17:22:22.811+0100] {logging_mixin.py:190} INFO - [2024-11-12T17:22:22.810+0100] {dagbag.py:588} INFO - Filling up the DagBag from /home/sakana/anaconda3/envs/airflow_env/lib/python3.8/site-packages/airflow/example_dags/example_python_operator.py
[2024-11-12T17:22:22.822+0100] {logging_mixin.py:190} INFO - [2024-11-12T17:22:22.822+0100] {example_python_operator.py:93} WARNING - The virtalenv_python example task requires virtualenv, please install it.
[2024-11-12T17:22:22.825+0100] {processor.py:925} INFO - DAG(s) 'example_python_operator' retrieved from /home/sakana/anaconda3/envs/airflow_env/lib/python3.8/site-packages/airflow/example_dags/example_python_operator.py
[2024-11-12T17:22:22.850+0100] {logging_mixin.py:190} INFO - [2024-11-12T17:22:22.850+0100] {dag.py:3239} INFO - Sync 1 DAGs
[2024-11-12T17:22:22.864+0100] {logging_mixin.py:190} INFO - [2024-11-12T17:22:22.864+0100] {dag.py:4180} INFO - Setting next_dagrun for example_python_operator to None, run_after=None
[2024-11-12T17:22:22.899+0100] {processor.py:208} INFO - Processing /home/sakana/anaconda3/envs/airflow_env/lib/python3.8/site-packages/airflow/example_dags/example_python_operator.py took 0.107 seconds
[2024-11-12T17:23:37.443+0100] {processor.py:186} INFO - Started process (PID=10010) to work on /home/sakana/anaconda3/envs/airflow_env/lib/python3.8/site-packages/airflow/example_dags/example_python_operator.py
[2024-11-12T17:23:37.453+0100] {processor.py:914} INFO - Processing file /home/sakana/anaconda3/envs/airflow_env/lib/python3.8/site-packages/airflow/example_dags/example_python_operator.py for tasks to queue
[2024-11-12T17:23:37.456+0100] {logging_mixin.py:190} INFO - [2024-11-12T17:23:37.456+0100] {dagbag.py:588} INFO - Filling up the DagBag from /home/sakana/anaconda3/envs/airflow_env/lib/python3.8/site-packages/airflow/example_dags/example_python_operator.py
[2024-11-12T17:23:37.468+0100] {logging_mixin.py:190} INFO - [2024-11-12T17:23:37.468+0100] {example_python_operator.py:93} WARNING - The virtalenv_python example task requires virtualenv, please install it.
[2024-11-12T17:23:37.473+0100] {processor.py:925} INFO - DAG(s) 'example_python_operator' retrieved from /home/sakana/anaconda3/envs/airflow_env/lib/python3.8/site-packages/airflow/example_dags/example_python_operator.py
[2024-11-12T17:23:37.500+0100] {logging_mixin.py:190} INFO - [2024-11-12T17:23:37.500+0100] {dag.py:3239} INFO - Sync 1 DAGs
[2024-11-12T17:23:37.524+0100] {logging_mixin.py:190} INFO - [2024-11-12T17:23:37.523+0100] {dag.py:4180} INFO - Setting next_dagrun for example_python_operator to None, run_after=None
[2024-11-12T17:23:37.558+0100] {processor.py:208} INFO - Processing /home/sakana/anaconda3/envs/airflow_env/lib/python3.8/site-packages/airflow/example_dags/example_python_operator.py took 0.128 seconds
[2024-11-12T17:24:49.317+0100] {processor.py:186} INFO - Started process (PID=10156) to work on /home/sakana/anaconda3/envs/airflow_env/lib/python3.8/site-packages/airflow/example_dags/example_python_operator.py
[2024-11-12T17:24:49.322+0100] {processor.py:914} INFO - Processing file /home/sakana/anaconda3/envs/airflow_env/lib/python3.8/site-packages/airflow/example_dags/example_python_operator.py for tasks to queue
[2024-11-12T17:24:49.325+0100] {logging_mixin.py:190} INFO - [2024-11-12T17:24:49.324+0100] {dagbag.py:588} INFO - Filling up the DagBag from /home/sakana/anaconda3/envs/airflow_env/lib/python3.8/site-packages/airflow/example_dags/example_python_operator.py
[2024-11-12T17:24:49.333+0100] {logging_mixin.py:190} INFO - [2024-11-12T17:24:49.333+0100] {example_python_operator.py:93} WARNING - The virtalenv_python example task requires virtualenv, please install it.
[2024-11-12T17:24:49.336+0100] {processor.py:925} INFO - DAG(s) 'example_python_operator' retrieved from /home/sakana/anaconda3/envs/airflow_env/lib/python3.8/site-packages/airflow/example_dags/example_python_operator.py
[2024-11-12T17:24:49.361+0100] {logging_mixin.py:190} INFO - [2024-11-12T17:24:49.361+0100] {dag.py:3239} INFO - Sync 1 DAGs
[2024-11-12T17:24:49.388+0100] {logging_mixin.py:190} INFO - [2024-11-12T17:24:49.388+0100] {dag.py:4180} INFO - Setting next_dagrun for example_python_operator to None, run_after=None
[2024-11-12T17:24:49.459+0100] {processor.py:208} INFO - Processing /home/sakana/anaconda3/envs/airflow_env/lib/python3.8/site-packages/airflow/example_dags/example_python_operator.py took 0.155 seconds
[2024-11-12T17:26:03.916+0100] {processor.py:186} INFO - Started process (PID=10265) to work on /home/sakana/anaconda3/envs/airflow_env/lib/python3.8/site-packages/airflow/example_dags/example_python_operator.py
[2024-11-12T17:26:03.922+0100] {processor.py:914} INFO - Processing file /home/sakana/anaconda3/envs/airflow_env/lib/python3.8/site-packages/airflow/example_dags/example_python_operator.py for tasks to queue
[2024-11-12T17:26:03.926+0100] {logging_mixin.py:190} INFO - [2024-11-12T17:26:03.925+0100] {dagbag.py:588} INFO - Filling up the DagBag from /home/sakana/anaconda3/envs/airflow_env/lib/python3.8/site-packages/airflow/example_dags/example_python_operator.py
[2024-11-12T17:26:03.936+0100] {logging_mixin.py:190} INFO - [2024-11-12T17:26:03.936+0100] {example_python_operator.py:93} WARNING - The virtalenv_python example task requires virtualenv, please install it.
[2024-11-12T17:26:03.941+0100] {processor.py:925} INFO - DAG(s) 'example_python_operator' retrieved from /home/sakana/anaconda3/envs/airflow_env/lib/python3.8/site-packages/airflow/example_dags/example_python_operator.py
[2024-11-12T17:26:03.973+0100] {logging_mixin.py:190} INFO - [2024-11-12T17:26:03.973+0100] {dag.py:3239} INFO - Sync 1 DAGs
[2024-11-12T17:26:03.992+0100] {logging_mixin.py:190} INFO - [2024-11-12T17:26:03.991+0100] {dag.py:4180} INFO - Setting next_dagrun for example_python_operator to None, run_after=None
[2024-11-12T17:26:04.032+0100] {processor.py:208} INFO - Processing /home/sakana/anaconda3/envs/airflow_env/lib/python3.8/site-packages/airflow/example_dags/example_python_operator.py took 0.131 seconds
[2024-11-12T17:27:15.882+0100] {processor.py:186} INFO - Started process (PID=10375) to work on /home/sakana/anaconda3/envs/airflow_env/lib/python3.8/site-packages/airflow/example_dags/example_python_operator.py
[2024-11-12T17:27:15.887+0100] {processor.py:914} INFO - Processing file /home/sakana/anaconda3/envs/airflow_env/lib/python3.8/site-packages/airflow/example_dags/example_python_operator.py for tasks to queue
[2024-11-12T17:27:15.890+0100] {logging_mixin.py:190} INFO - [2024-11-12T17:27:15.889+0100] {dagbag.py:588} INFO - Filling up the DagBag from /home/sakana/anaconda3/envs/airflow_env/lib/python3.8/site-packages/airflow/example_dags/example_python_operator.py
[2024-11-12T17:27:15.903+0100] {logging_mixin.py:190} INFO - [2024-11-12T17:27:15.902+0100] {example_python_operator.py:93} WARNING - The virtalenv_python example task requires virtualenv, please install it.
[2024-11-12T17:27:15.907+0100] {processor.py:925} INFO - DAG(s) 'example_python_operator' retrieved from /home/sakana/anaconda3/envs/airflow_env/lib/python3.8/site-packages/airflow/example_dags/example_python_operator.py
[2024-11-12T17:27:15.931+0100] {logging_mixin.py:190} INFO - [2024-11-12T17:27:15.930+0100] {dag.py:3239} INFO - Sync 1 DAGs
[2024-11-12T17:27:15.953+0100] {logging_mixin.py:190} INFO - [2024-11-12T17:27:15.953+0100] {dag.py:4180} INFO - Setting next_dagrun for example_python_operator to None, run_after=None
[2024-11-12T17:27:15.987+0100] {processor.py:208} INFO - Processing /home/sakana/anaconda3/envs/airflow_env/lib/python3.8/site-packages/airflow/example_dags/example_python_operator.py took 0.113 seconds
[2024-11-12T17:28:27.888+0100] {processor.py:186} INFO - Started process (PID=10480) to work on /home/sakana/anaconda3/envs/airflow_env/lib/python3.8/site-packages/airflow/example_dags/example_python_operator.py
[2024-11-12T17:28:27.893+0100] {processor.py:914} INFO - Processing file /home/sakana/anaconda3/envs/airflow_env/lib/python3.8/site-packages/airflow/example_dags/example_python_operator.py for tasks to queue
[2024-11-12T17:28:27.896+0100] {logging_mixin.py:190} INFO - [2024-11-12T17:28:27.896+0100] {dagbag.py:588} INFO - Filling up the DagBag from /home/sakana/anaconda3/envs/airflow_env/lib/python3.8/site-packages/airflow/example_dags/example_python_operator.py
[2024-11-12T17:28:27.909+0100] {logging_mixin.py:190} INFO - [2024-11-12T17:28:27.908+0100] {example_python_operator.py:93} WARNING - The virtalenv_python example task requires virtualenv, please install it.
[2024-11-12T17:28:27.912+0100] {processor.py:925} INFO - DAG(s) 'example_python_operator' retrieved from /home/sakana/anaconda3/envs/airflow_env/lib/python3.8/site-packages/airflow/example_dags/example_python_operator.py
[2024-11-12T17:28:27.936+0100] {logging_mixin.py:190} INFO - [2024-11-12T17:28:27.936+0100] {dag.py:3239} INFO - Sync 1 DAGs
[2024-11-12T17:28:27.953+0100] {logging_mixin.py:190} INFO - [2024-11-12T17:28:27.952+0100] {dag.py:4180} INFO - Setting next_dagrun for example_python_operator to None, run_after=None
[2024-11-12T17:28:27.987+0100] {processor.py:208} INFO - Processing /home/sakana/anaconda3/envs/airflow_env/lib/python3.8/site-packages/airflow/example_dags/example_python_operator.py took 0.109 seconds
[2024-11-12T17:29:41.835+0100] {processor.py:186} INFO - Started process (PID=10594) to work on /home/sakana/anaconda3/envs/airflow_env/lib/python3.8/site-packages/airflow/example_dags/example_python_operator.py
[2024-11-12T17:29:41.840+0100] {processor.py:914} INFO - Processing file /home/sakana/anaconda3/envs/airflow_env/lib/python3.8/site-packages/airflow/example_dags/example_python_operator.py for tasks to queue
[2024-11-12T17:29:41.843+0100] {logging_mixin.py:190} INFO - [2024-11-12T17:29:41.843+0100] {dagbag.py:588} INFO - Filling up the DagBag from /home/sakana/anaconda3/envs/airflow_env/lib/python3.8/site-packages/airflow/example_dags/example_python_operator.py
[2024-11-12T17:29:41.852+0100] {logging_mixin.py:190} INFO - [2024-11-12T17:29:41.852+0100] {example_python_operator.py:93} WARNING - The virtalenv_python example task requires virtualenv, please install it.
[2024-11-12T17:29:41.856+0100] {processor.py:925} INFO - DAG(s) 'example_python_operator' retrieved from /home/sakana/anaconda3/envs/airflow_env/lib/python3.8/site-packages/airflow/example_dags/example_python_operator.py
[2024-11-12T17:29:41.882+0100] {logging_mixin.py:190} INFO - [2024-11-12T17:29:41.882+0100] {dag.py:3239} INFO - Sync 1 DAGs
[2024-11-12T17:29:41.901+0100] {logging_mixin.py:190} INFO - [2024-11-12T17:29:41.901+0100] {dag.py:4180} INFO - Setting next_dagrun for example_python_operator to None, run_after=None
[2024-11-12T17:29:41.935+0100] {processor.py:208} INFO - Processing /home/sakana/anaconda3/envs/airflow_env/lib/python3.8/site-packages/airflow/example_dags/example_python_operator.py took 0.110 seconds
[2024-11-12T17:30:52.927+0100] {processor.py:186} INFO - Started process (PID=10672) to work on /home/sakana/anaconda3/envs/airflow_env/lib/python3.8/site-packages/airflow/example_dags/example_python_operator.py
[2024-11-12T17:30:52.932+0100] {processor.py:914} INFO - Processing file /home/sakana/anaconda3/envs/airflow_env/lib/python3.8/site-packages/airflow/example_dags/example_python_operator.py for tasks to queue
[2024-11-12T17:30:52.936+0100] {logging_mixin.py:190} INFO - [2024-11-12T17:30:52.936+0100] {dagbag.py:588} INFO - Filling up the DagBag from /home/sakana/anaconda3/envs/airflow_env/lib/python3.8/site-packages/airflow/example_dags/example_python_operator.py
[2024-11-12T17:30:52.946+0100] {logging_mixin.py:190} INFO - [2024-11-12T17:30:52.946+0100] {example_python_operator.py:93} WARNING - The virtalenv_python example task requires virtualenv, please install it.
[2024-11-12T17:30:52.951+0100] {processor.py:925} INFO - DAG(s) 'example_python_operator' retrieved from /home/sakana/anaconda3/envs/airflow_env/lib/python3.8/site-packages/airflow/example_dags/example_python_operator.py
[2024-11-12T17:30:52.978+0100] {logging_mixin.py:190} INFO - [2024-11-12T17:30:52.978+0100] {dag.py:3239} INFO - Sync 1 DAGs
[2024-11-12T17:30:52.998+0100] {logging_mixin.py:190} INFO - [2024-11-12T17:30:52.997+0100] {dag.py:4180} INFO - Setting next_dagrun for example_python_operator to None, run_after=None
[2024-11-12T17:30:53.030+0100] {processor.py:208} INFO - Processing /home/sakana/anaconda3/envs/airflow_env/lib/python3.8/site-packages/airflow/example_dags/example_python_operator.py took 0.114 seconds
[2024-11-12T17:32:04.871+0100] {processor.py:186} INFO - Started process (PID=10763) to work on /home/sakana/anaconda3/envs/airflow_env/lib/python3.8/site-packages/airflow/example_dags/example_python_operator.py
[2024-11-12T17:32:04.877+0100] {processor.py:914} INFO - Processing file /home/sakana/anaconda3/envs/airflow_env/lib/python3.8/site-packages/airflow/example_dags/example_python_operator.py for tasks to queue
[2024-11-12T17:32:04.879+0100] {logging_mixin.py:190} INFO - [2024-11-12T17:32:04.879+0100] {dagbag.py:588} INFO - Filling up the DagBag from /home/sakana/anaconda3/envs/airflow_env/lib/python3.8/site-packages/airflow/example_dags/example_python_operator.py
[2024-11-12T17:32:04.889+0100] {logging_mixin.py:190} INFO - [2024-11-12T17:32:04.889+0100] {example_python_operator.py:93} WARNING - The virtalenv_python example task requires virtualenv, please install it.
[2024-11-12T17:32:04.892+0100] {processor.py:925} INFO - DAG(s) 'example_python_operator' retrieved from /home/sakana/anaconda3/envs/airflow_env/lib/python3.8/site-packages/airflow/example_dags/example_python_operator.py
[2024-11-12T17:32:04.918+0100] {logging_mixin.py:190} INFO - [2024-11-12T17:32:04.918+0100] {dag.py:3239} INFO - Sync 1 DAGs
[2024-11-12T17:32:04.933+0100] {logging_mixin.py:190} INFO - [2024-11-12T17:32:04.932+0100] {dag.py:4180} INFO - Setting next_dagrun for example_python_operator to None, run_after=None
[2024-11-12T17:32:04.963+0100] {processor.py:208} INFO - Processing /home/sakana/anaconda3/envs/airflow_env/lib/python3.8/site-packages/airflow/example_dags/example_python_operator.py took 0.102 seconds
[2024-11-12T17:33:12.666+0100] {processor.py:186} INFO - Started process (PID=10932) to work on /home/sakana/anaconda3/envs/airflow_env/lib/python3.8/site-packages/airflow/example_dags/example_python_operator.py
[2024-11-12T17:33:12.671+0100] {processor.py:914} INFO - Processing file /home/sakana/anaconda3/envs/airflow_env/lib/python3.8/site-packages/airflow/example_dags/example_python_operator.py for tasks to queue
[2024-11-12T17:33:12.673+0100] {logging_mixin.py:190} INFO - [2024-11-12T17:33:12.672+0100] {dagbag.py:588} INFO - Filling up the DagBag from /home/sakana/anaconda3/envs/airflow_env/lib/python3.8/site-packages/airflow/example_dags/example_python_operator.py
[2024-11-12T17:33:12.681+0100] {logging_mixin.py:190} INFO - [2024-11-12T17:33:12.681+0100] {example_python_operator.py:93} WARNING - The virtalenv_python example task requires virtualenv, please install it.
[2024-11-12T17:33:12.684+0100] {processor.py:925} INFO - DAG(s) 'example_python_operator' retrieved from /home/sakana/anaconda3/envs/airflow_env/lib/python3.8/site-packages/airflow/example_dags/example_python_operator.py
[2024-11-12T17:33:12.703+0100] {logging_mixin.py:190} INFO - [2024-11-12T17:33:12.703+0100] {dag.py:3239} INFO - Sync 1 DAGs
[2024-11-12T17:33:12.718+0100] {logging_mixin.py:190} INFO - [2024-11-12T17:33:12.718+0100] {dag.py:4180} INFO - Setting next_dagrun for example_python_operator to None, run_after=None
[2024-11-12T17:33:12.754+0100] {processor.py:208} INFO - Processing /home/sakana/anaconda3/envs/airflow_env/lib/python3.8/site-packages/airflow/example_dags/example_python_operator.py took 0.097 seconds
[2024-11-12T17:34:16.363+0100] {processor.py:186} INFO - Started process (PID=11113) to work on /home/sakana/anaconda3/envs/airflow_env/lib/python3.8/site-packages/airflow/example_dags/example_python_operator.py
[2024-11-12T17:34:16.369+0100] {processor.py:914} INFO - Processing file /home/sakana/anaconda3/envs/airflow_env/lib/python3.8/site-packages/airflow/example_dags/example_python_operator.py for tasks to queue
[2024-11-12T17:34:16.373+0100] {logging_mixin.py:190} INFO - [2024-11-12T17:34:16.373+0100] {dagbag.py:588} INFO - Filling up the DagBag from /home/sakana/anaconda3/envs/airflow_env/lib/python3.8/site-packages/airflow/example_dags/example_python_operator.py
[2024-11-12T17:34:16.383+0100] {logging_mixin.py:190} INFO - [2024-11-12T17:34:16.383+0100] {example_python_operator.py:93} WARNING - The virtalenv_python example task requires virtualenv, please install it.
[2024-11-12T17:34:16.386+0100] {processor.py:925} INFO - DAG(s) 'example_python_operator' retrieved from /home/sakana/anaconda3/envs/airflow_env/lib/python3.8/site-packages/airflow/example_dags/example_python_operator.py
[2024-11-12T17:34:16.403+0100] {logging_mixin.py:190} INFO - [2024-11-12T17:34:16.403+0100] {dag.py:3239} INFO - Sync 1 DAGs
[2024-11-12T17:34:16.414+0100] {logging_mixin.py:190} INFO - [2024-11-12T17:34:16.414+0100] {dag.py:4180} INFO - Setting next_dagrun for example_python_operator to None, run_after=None
[2024-11-12T17:34:16.446+0100] {processor.py:208} INFO - Processing /home/sakana/anaconda3/envs/airflow_env/lib/python3.8/site-packages/airflow/example_dags/example_python_operator.py took 0.097 seconds
[2024-11-12T17:35:18.989+0100] {processor.py:186} INFO - Started process (PID=11201) to work on /home/sakana/anaconda3/envs/airflow_env/lib/python3.8/site-packages/airflow/example_dags/example_python_operator.py
[2024-11-12T17:35:18.994+0100] {processor.py:914} INFO - Processing file /home/sakana/anaconda3/envs/airflow_env/lib/python3.8/site-packages/airflow/example_dags/example_python_operator.py for tasks to queue
[2024-11-12T17:35:18.996+0100] {logging_mixin.py:190} INFO - [2024-11-12T17:35:18.996+0100] {dagbag.py:588} INFO - Filling up the DagBag from /home/sakana/anaconda3/envs/airflow_env/lib/python3.8/site-packages/airflow/example_dags/example_python_operator.py
[2024-11-12T17:35:19.003+0100] {logging_mixin.py:190} INFO - [2024-11-12T17:35:19.002+0100] {example_python_operator.py:93} WARNING - The virtalenv_python example task requires virtualenv, please install it.
[2024-11-12T17:35:19.005+0100] {processor.py:925} INFO - DAG(s) 'example_python_operator' retrieved from /home/sakana/anaconda3/envs/airflow_env/lib/python3.8/site-packages/airflow/example_dags/example_python_operator.py
[2024-11-12T17:35:19.021+0100] {logging_mixin.py:190} INFO - [2024-11-12T17:35:19.020+0100] {dag.py:3239} INFO - Sync 1 DAGs
[2024-11-12T17:35:19.032+0100] {logging_mixin.py:190} INFO - [2024-11-12T17:35:19.032+0100] {dag.py:4180} INFO - Setting next_dagrun for example_python_operator to None, run_after=None
[2024-11-12T17:35:19.057+0100] {processor.py:208} INFO - Processing /home/sakana/anaconda3/envs/airflow_env/lib/python3.8/site-packages/airflow/example_dags/example_python_operator.py took 0.074 seconds
[2024-11-12T17:36:17.386+0100] {processor.py:186} INFO - Started process (PID=11268) to work on /home/sakana/anaconda3/envs/airflow_env/lib/python3.8/site-packages/airflow/example_dags/example_python_operator.py
[2024-11-12T17:36:17.391+0100] {processor.py:914} INFO - Processing file /home/sakana/anaconda3/envs/airflow_env/lib/python3.8/site-packages/airflow/example_dags/example_python_operator.py for tasks to queue
[2024-11-12T17:36:17.394+0100] {logging_mixin.py:190} INFO - [2024-11-12T17:36:17.394+0100] {dagbag.py:588} INFO - Filling up the DagBag from /home/sakana/anaconda3/envs/airflow_env/lib/python3.8/site-packages/airflow/example_dags/example_python_operator.py
[2024-11-12T17:36:17.403+0100] {logging_mixin.py:190} INFO - [2024-11-12T17:36:17.402+0100] {example_python_operator.py:93} WARNING - The virtalenv_python example task requires virtualenv, please install it.
[2024-11-12T17:36:17.406+0100] {processor.py:925} INFO - DAG(s) 'example_python_operator' retrieved from /home/sakana/anaconda3/envs/airflow_env/lib/python3.8/site-packages/airflow/example_dags/example_python_operator.py
[2024-11-12T17:36:17.426+0100] {logging_mixin.py:190} INFO - [2024-11-12T17:36:17.425+0100] {dag.py:3239} INFO - Sync 1 DAGs
[2024-11-12T17:36:17.438+0100] {logging_mixin.py:190} INFO - [2024-11-12T17:36:17.437+0100] {dag.py:4180} INFO - Setting next_dagrun for example_python_operator to None, run_after=None
[2024-11-12T17:36:17.463+0100] {processor.py:208} INFO - Processing /home/sakana/anaconda3/envs/airflow_env/lib/python3.8/site-packages/airflow/example_dags/example_python_operator.py took 0.085 seconds
[2024-11-12T17:37:15.750+0100] {processor.py:186} INFO - Started process (PID=11338) to work on /home/sakana/anaconda3/envs/airflow_env/lib/python3.8/site-packages/airflow/example_dags/example_python_operator.py
[2024-11-12T17:37:15.784+0100] {processor.py:914} INFO - Processing file /home/sakana/anaconda3/envs/airflow_env/lib/python3.8/site-packages/airflow/example_dags/example_python_operator.py for tasks to queue
[2024-11-12T17:37:15.787+0100] {logging_mixin.py:190} INFO - [2024-11-12T17:37:15.787+0100] {dagbag.py:588} INFO - Filling up the DagBag from /home/sakana/anaconda3/envs/airflow_env/lib/python3.8/site-packages/airflow/example_dags/example_python_operator.py
[2024-11-12T17:37:15.800+0100] {logging_mixin.py:190} INFO - [2024-11-12T17:37:15.799+0100] {example_python_operator.py:93} WARNING - The virtalenv_python example task requires virtualenv, please install it.
[2024-11-12T17:37:15.804+0100] {processor.py:925} INFO - DAG(s) 'example_python_operator' retrieved from /home/sakana/anaconda3/envs/airflow_env/lib/python3.8/site-packages/airflow/example_dags/example_python_operator.py
[2024-11-12T17:37:15.826+0100] {logging_mixin.py:190} INFO - [2024-11-12T17:37:15.826+0100] {dag.py:3239} INFO - Sync 1 DAGs
[2024-11-12T17:37:15.838+0100] {logging_mixin.py:190} INFO - [2024-11-12T17:37:15.838+0100] {dag.py:4180} INFO - Setting next_dagrun for example_python_operator to None, run_after=None
[2024-11-12T17:37:15.863+0100] {processor.py:208} INFO - Processing /home/sakana/anaconda3/envs/airflow_env/lib/python3.8/site-packages/airflow/example_dags/example_python_operator.py took 0.120 seconds
