[2024-11-12T01:01:56.686+0100] {processor.py:186} INFO - Started process (PID=31544) to work on /home/sakana/anaconda3/envs/airflow_env/lib/python3.8/site-packages/airflow/example_dags/example_branch_operator.py
[2024-11-12T01:01:56.687+0100] {processor.py:914} INFO - Processing file /home/sakana/anaconda3/envs/airflow_env/lib/python3.8/site-packages/airflow/example_dags/example_branch_operator.py for tasks to queue
[2024-11-12T01:01:56.689+0100] {logging_mixin.py:190} INFO - [2024-11-12T01:01:56.688+0100] {dagbag.py:588} INFO - Filling up the DagBag from /home/sakana/anaconda3/envs/airflow_env/lib/python3.8/site-packages/airflow/example_dags/example_branch_operator.py
[2024-11-12T01:01:56.691+0100] {processor.py:927} WARNING - No viable dags retrieved from /home/sakana/anaconda3/envs/airflow_env/lib/python3.8/site-packages/airflow/example_dags/example_branch_operator.py
[2024-11-12T01:01:56.704+0100] {processor.py:208} INFO - Processing /home/sakana/anaconda3/envs/airflow_env/lib/python3.8/site-packages/airflow/example_dags/example_branch_operator.py took 0.023 seconds
[2024-11-12T01:03:01.095+0100] {processor.py:186} INFO - Started process (PID=32021) to work on /home/sakana/anaconda3/envs/airflow_env/lib/python3.8/site-packages/airflow/example_dags/example_branch_operator.py
[2024-11-12T01:03:01.100+0100] {processor.py:914} INFO - Processing file /home/sakana/anaconda3/envs/airflow_env/lib/python3.8/site-packages/airflow/example_dags/example_branch_operator.py for tasks to queue
[2024-11-12T01:03:01.102+0100] {logging_mixin.py:190} INFO - [2024-11-12T01:03:01.101+0100] {dagbag.py:588} INFO - Filling up the DagBag from /home/sakana/anaconda3/envs/airflow_env/lib/python3.8/site-packages/airflow/example_dags/example_branch_operator.py
[2024-11-12T01:03:01.105+0100] {processor.py:927} WARNING - No viable dags retrieved from /home/sakana/anaconda3/envs/airflow_env/lib/python3.8/site-packages/airflow/example_dags/example_branch_operator.py
[2024-11-12T01:03:01.114+0100] {processor.py:208} INFO - Processing /home/sakana/anaconda3/envs/airflow_env/lib/python3.8/site-packages/airflow/example_dags/example_branch_operator.py took 0.025 seconds
[2024-11-12T01:04:03.666+0100] {processor.py:186} INFO - Started process (PID=32441) to work on /home/sakana/anaconda3/envs/airflow_env/lib/python3.8/site-packages/airflow/example_dags/example_branch_operator.py
[2024-11-12T01:04:03.671+0100] {processor.py:914} INFO - Processing file /home/sakana/anaconda3/envs/airflow_env/lib/python3.8/site-packages/airflow/example_dags/example_branch_operator.py for tasks to queue
[2024-11-12T01:04:03.673+0100] {logging_mixin.py:190} INFO - [2024-11-12T01:04:03.673+0100] {dagbag.py:588} INFO - Filling up the DagBag from /home/sakana/anaconda3/envs/airflow_env/lib/python3.8/site-packages/airflow/example_dags/example_branch_operator.py
[2024-11-12T01:04:03.676+0100] {processor.py:927} WARNING - No viable dags retrieved from /home/sakana/anaconda3/envs/airflow_env/lib/python3.8/site-packages/airflow/example_dags/example_branch_operator.py
[2024-11-12T01:04:03.687+0100] {processor.py:208} INFO - Processing /home/sakana/anaconda3/envs/airflow_env/lib/python3.8/site-packages/airflow/example_dags/example_branch_operator.py took 0.030 seconds
[2024-11-12T01:10:41.654+0100] {processor.py:186} INFO - Started process (PID=4179) to work on /home/sakana/anaconda3/envs/airflow_env/lib/python3.8/site-packages/airflow/example_dags/example_branch_operator.py
[2024-11-12T01:10:41.659+0100] {processor.py:914} INFO - Processing file /home/sakana/anaconda3/envs/airflow_env/lib/python3.8/site-packages/airflow/example_dags/example_branch_operator.py for tasks to queue
[2024-11-12T01:10:41.661+0100] {logging_mixin.py:190} INFO - [2024-11-12T01:10:41.661+0100] {dagbag.py:588} INFO - Filling up the DagBag from /home/sakana/anaconda3/envs/airflow_env/lib/python3.8/site-packages/airflow/example_dags/example_branch_operator.py
[2024-11-12T01:10:41.664+0100] {processor.py:927} WARNING - No viable dags retrieved from /home/sakana/anaconda3/envs/airflow_env/lib/python3.8/site-packages/airflow/example_dags/example_branch_operator.py
[2024-11-12T01:10:41.675+0100] {processor.py:208} INFO - Processing /home/sakana/anaconda3/envs/airflow_env/lib/python3.8/site-packages/airflow/example_dags/example_branch_operator.py took 0.027 seconds
[2024-11-12T01:11:43.981+0100] {processor.py:186} INFO - Started process (PID=4240) to work on /home/sakana/anaconda3/envs/airflow_env/lib/python3.8/site-packages/airflow/example_dags/example_branch_operator.py
[2024-11-12T01:11:43.986+0100] {processor.py:914} INFO - Processing file /home/sakana/anaconda3/envs/airflow_env/lib/python3.8/site-packages/airflow/example_dags/example_branch_operator.py for tasks to queue
[2024-11-12T01:11:43.988+0100] {logging_mixin.py:190} INFO - [2024-11-12T01:11:43.988+0100] {dagbag.py:588} INFO - Filling up the DagBag from /home/sakana/anaconda3/envs/airflow_env/lib/python3.8/site-packages/airflow/example_dags/example_branch_operator.py
[2024-11-12T01:11:43.992+0100] {processor.py:927} WARNING - No viable dags retrieved from /home/sakana/anaconda3/envs/airflow_env/lib/python3.8/site-packages/airflow/example_dags/example_branch_operator.py
[2024-11-12T01:11:44.003+0100] {processor.py:208} INFO - Processing /home/sakana/anaconda3/envs/airflow_env/lib/python3.8/site-packages/airflow/example_dags/example_branch_operator.py took 0.029 seconds
[2024-11-12T16:40:34.928+0100] {processor.py:186} INFO - Started process (PID=7027) to work on /home/sakana/anaconda3/envs/airflow_env/lib/python3.8/site-packages/airflow/example_dags/example_branch_operator.py
[2024-11-12T16:40:34.934+0100] {processor.py:914} INFO - Processing file /home/sakana/anaconda3/envs/airflow_env/lib/python3.8/site-packages/airflow/example_dags/example_branch_operator.py for tasks to queue
[2024-11-12T16:40:34.937+0100] {logging_mixin.py:190} INFO - [2024-11-12T16:40:34.936+0100] {dagbag.py:588} INFO - Filling up the DagBag from /home/sakana/anaconda3/envs/airflow_env/lib/python3.8/site-packages/airflow/example_dags/example_branch_operator.py
[2024-11-12T16:40:34.941+0100] {processor.py:927} WARNING - No viable dags retrieved from /home/sakana/anaconda3/envs/airflow_env/lib/python3.8/site-packages/airflow/example_dags/example_branch_operator.py
[2024-11-12T16:40:34.955+0100] {processor.py:208} INFO - Processing /home/sakana/anaconda3/envs/airflow_env/lib/python3.8/site-packages/airflow/example_dags/example_branch_operator.py took 0.034 seconds
[2024-11-12T16:41:43.377+0100] {processor.py:186} INFO - Started process (PID=7137) to work on /home/sakana/anaconda3/envs/airflow_env/lib/python3.8/site-packages/airflow/example_dags/example_branch_operator.py
[2024-11-12T16:41:43.382+0100] {processor.py:914} INFO - Processing file /home/sakana/anaconda3/envs/airflow_env/lib/python3.8/site-packages/airflow/example_dags/example_branch_operator.py for tasks to queue
[2024-11-12T16:41:43.384+0100] {logging_mixin.py:190} INFO - [2024-11-12T16:41:43.384+0100] {dagbag.py:588} INFO - Filling up the DagBag from /home/sakana/anaconda3/envs/airflow_env/lib/python3.8/site-packages/airflow/example_dags/example_branch_operator.py
[2024-11-12T16:41:43.387+0100] {processor.py:927} WARNING - No viable dags retrieved from /home/sakana/anaconda3/envs/airflow_env/lib/python3.8/site-packages/airflow/example_dags/example_branch_operator.py
[2024-11-12T16:41:43.398+0100] {processor.py:208} INFO - Processing /home/sakana/anaconda3/envs/airflow_env/lib/python3.8/site-packages/airflow/example_dags/example_branch_operator.py took 0.029 seconds
[2024-11-12T16:42:41.478+0100] {processor.py:186} INFO - Started process (PID=7279) to work on /home/sakana/anaconda3/envs/airflow_env/lib/python3.8/site-packages/airflow/example_dags/example_branch_operator.py
[2024-11-12T16:42:41.480+0100] {processor.py:914} INFO - Processing file /home/sakana/anaconda3/envs/airflow_env/lib/python3.8/site-packages/airflow/example_dags/example_branch_operator.py for tasks to queue
[2024-11-12T16:42:41.482+0100] {logging_mixin.py:190} INFO - [2024-11-12T16:42:41.481+0100] {dagbag.py:588} INFO - Filling up the DagBag from /home/sakana/anaconda3/envs/airflow_env/lib/python3.8/site-packages/airflow/example_dags/example_branch_operator.py
[2024-11-12T16:42:41.485+0100] {processor.py:927} WARNING - No viable dags retrieved from /home/sakana/anaconda3/envs/airflow_env/lib/python3.8/site-packages/airflow/example_dags/example_branch_operator.py
[2024-11-12T16:42:41.496+0100] {processor.py:208} INFO - Processing /home/sakana/anaconda3/envs/airflow_env/lib/python3.8/site-packages/airflow/example_dags/example_branch_operator.py took 0.028 seconds
[2024-11-12T16:43:39.994+0100] {processor.py:186} INFO - Started process (PID=7390) to work on /home/sakana/anaconda3/envs/airflow_env/lib/python3.8/site-packages/airflow/example_dags/example_branch_operator.py
[2024-11-12T16:43:40.000+0100] {processor.py:914} INFO - Processing file /home/sakana/anaconda3/envs/airflow_env/lib/python3.8/site-packages/airflow/example_dags/example_branch_operator.py for tasks to queue
[2024-11-12T16:43:40.002+0100] {logging_mixin.py:190} INFO - [2024-11-12T16:43:40.001+0100] {dagbag.py:588} INFO - Filling up the DagBag from /home/sakana/anaconda3/envs/airflow_env/lib/python3.8/site-packages/airflow/example_dags/example_branch_operator.py
[2024-11-12T16:43:40.006+0100] {processor.py:927} WARNING - No viable dags retrieved from /home/sakana/anaconda3/envs/airflow_env/lib/python3.8/site-packages/airflow/example_dags/example_branch_operator.py
[2024-11-12T16:43:40.017+0100] {processor.py:208} INFO - Processing /home/sakana/anaconda3/envs/airflow_env/lib/python3.8/site-packages/airflow/example_dags/example_branch_operator.py took 0.029 seconds
[2024-11-12T16:44:36.742+0100] {processor.py:186} INFO - Started process (PID=7466) to work on /home/sakana/anaconda3/envs/airflow_env/lib/python3.8/site-packages/airflow/example_dags/example_branch_operator.py
[2024-11-12T16:44:36.747+0100] {processor.py:914} INFO - Processing file /home/sakana/anaconda3/envs/airflow_env/lib/python3.8/site-packages/airflow/example_dags/example_branch_operator.py for tasks to queue
[2024-11-12T16:44:36.750+0100] {logging_mixin.py:190} INFO - [2024-11-12T16:44:36.749+0100] {dagbag.py:588} INFO - Filling up the DagBag from /home/sakana/anaconda3/envs/airflow_env/lib/python3.8/site-packages/airflow/example_dags/example_branch_operator.py
[2024-11-12T16:44:36.753+0100] {processor.py:927} WARNING - No viable dags retrieved from /home/sakana/anaconda3/envs/airflow_env/lib/python3.8/site-packages/airflow/example_dags/example_branch_operator.py
[2024-11-12T16:44:36.765+0100] {processor.py:208} INFO - Processing /home/sakana/anaconda3/envs/airflow_env/lib/python3.8/site-packages/airflow/example_dags/example_branch_operator.py took 0.031 seconds
[2024-11-12T16:45:31.862+0100] {processor.py:186} INFO - Started process (PID=7538) to work on /home/sakana/anaconda3/envs/airflow_env/lib/python3.8/site-packages/airflow/example_dags/example_branch_operator.py
[2024-11-12T16:45:31.867+0100] {processor.py:914} INFO - Processing file /home/sakana/anaconda3/envs/airflow_env/lib/python3.8/site-packages/airflow/example_dags/example_branch_operator.py for tasks to queue
[2024-11-12T16:45:31.869+0100] {logging_mixin.py:190} INFO - [2024-11-12T16:45:31.869+0100] {dagbag.py:588} INFO - Filling up the DagBag from /home/sakana/anaconda3/envs/airflow_env/lib/python3.8/site-packages/airflow/example_dags/example_branch_operator.py
[2024-11-12T16:45:31.873+0100] {processor.py:927} WARNING - No viable dags retrieved from /home/sakana/anaconda3/envs/airflow_env/lib/python3.8/site-packages/airflow/example_dags/example_branch_operator.py
[2024-11-12T16:45:31.884+0100] {processor.py:208} INFO - Processing /home/sakana/anaconda3/envs/airflow_env/lib/python3.8/site-packages/airflow/example_dags/example_branch_operator.py took 0.029 seconds
[2024-11-12T16:46:36.806+0100] {processor.py:186} INFO - Started process (PID=7665) to work on /home/sakana/anaconda3/envs/airflow_env/lib/python3.8/site-packages/airflow/example_dags/example_branch_operator.py
[2024-11-12T16:46:36.811+0100] {processor.py:914} INFO - Processing file /home/sakana/anaconda3/envs/airflow_env/lib/python3.8/site-packages/airflow/example_dags/example_branch_operator.py for tasks to queue
[2024-11-12T16:46:36.812+0100] {logging_mixin.py:190} INFO - [2024-11-12T16:46:36.812+0100] {dagbag.py:588} INFO - Filling up the DagBag from /home/sakana/anaconda3/envs/airflow_env/lib/python3.8/site-packages/airflow/example_dags/example_branch_operator.py
[2024-11-12T16:46:36.816+0100] {processor.py:927} WARNING - No viable dags retrieved from /home/sakana/anaconda3/envs/airflow_env/lib/python3.8/site-packages/airflow/example_dags/example_branch_operator.py
[2024-11-12T16:46:36.830+0100] {processor.py:208} INFO - Processing /home/sakana/anaconda3/envs/airflow_env/lib/python3.8/site-packages/airflow/example_dags/example_branch_operator.py took 0.031 seconds
[2024-11-12T16:47:41.041+0100] {processor.py:186} INFO - Started process (PID=7740) to work on /home/sakana/anaconda3/envs/airflow_env/lib/python3.8/site-packages/airflow/example_dags/example_branch_operator.py
[2024-11-12T16:47:41.046+0100] {processor.py:914} INFO - Processing file /home/sakana/anaconda3/envs/airflow_env/lib/python3.8/site-packages/airflow/example_dags/example_branch_operator.py for tasks to queue
[2024-11-12T16:47:41.048+0100] {logging_mixin.py:190} INFO - [2024-11-12T16:47:41.048+0100] {dagbag.py:588} INFO - Filling up the DagBag from /home/sakana/anaconda3/envs/airflow_env/lib/python3.8/site-packages/airflow/example_dags/example_branch_operator.py
[2024-11-12T16:47:41.052+0100] {processor.py:927} WARNING - No viable dags retrieved from /home/sakana/anaconda3/envs/airflow_env/lib/python3.8/site-packages/airflow/example_dags/example_branch_operator.py
[2024-11-12T16:47:41.064+0100] {processor.py:208} INFO - Processing /home/sakana/anaconda3/envs/airflow_env/lib/python3.8/site-packages/airflow/example_dags/example_branch_operator.py took 0.030 seconds
[2024-11-12T16:48:38.454+0100] {processor.py:186} INFO - Started process (PID=7897) to work on /home/sakana/anaconda3/envs/airflow_env/lib/python3.8/site-packages/airflow/example_dags/example_branch_operator.py
[2024-11-12T16:48:38.459+0100] {processor.py:914} INFO - Processing file /home/sakana/anaconda3/envs/airflow_env/lib/python3.8/site-packages/airflow/example_dags/example_branch_operator.py for tasks to queue
[2024-11-12T16:48:38.462+0100] {logging_mixin.py:190} INFO - [2024-11-12T16:48:38.461+0100] {dagbag.py:588} INFO - Filling up the DagBag from /home/sakana/anaconda3/envs/airflow_env/lib/python3.8/site-packages/airflow/example_dags/example_branch_operator.py
[2024-11-12T16:48:38.464+0100] {processor.py:927} WARNING - No viable dags retrieved from /home/sakana/anaconda3/envs/airflow_env/lib/python3.8/site-packages/airflow/example_dags/example_branch_operator.py
[2024-11-12T16:48:38.474+0100] {processor.py:208} INFO - Processing /home/sakana/anaconda3/envs/airflow_env/lib/python3.8/site-packages/airflow/example_dags/example_branch_operator.py took 0.027 seconds
[2024-11-12T16:49:35.714+0100] {processor.py:186} INFO - Started process (PID=7990) to work on /home/sakana/anaconda3/envs/airflow_env/lib/python3.8/site-packages/airflow/example_dags/example_branch_operator.py
[2024-11-12T16:49:35.715+0100] {processor.py:914} INFO - Processing file /home/sakana/anaconda3/envs/airflow_env/lib/python3.8/site-packages/airflow/example_dags/example_branch_operator.py for tasks to queue
[2024-11-12T16:49:35.717+0100] {logging_mixin.py:190} INFO - [2024-11-12T16:49:35.716+0100] {dagbag.py:588} INFO - Filling up the DagBag from /home/sakana/anaconda3/envs/airflow_env/lib/python3.8/site-packages/airflow/example_dags/example_branch_operator.py
[2024-11-12T16:49:35.720+0100] {processor.py:927} WARNING - No viable dags retrieved from /home/sakana/anaconda3/envs/airflow_env/lib/python3.8/site-packages/airflow/example_dags/example_branch_operator.py
[2024-11-12T16:49:35.733+0100] {processor.py:208} INFO - Processing /home/sakana/anaconda3/envs/airflow_env/lib/python3.8/site-packages/airflow/example_dags/example_branch_operator.py took 0.026 seconds
[2024-11-12T16:50:33.108+0100] {processor.py:186} INFO - Started process (PID=8057) to work on /home/sakana/anaconda3/envs/airflow_env/lib/python3.8/site-packages/airflow/example_dags/example_branch_operator.py
[2024-11-12T16:50:33.113+0100] {processor.py:914} INFO - Processing file /home/sakana/anaconda3/envs/airflow_env/lib/python3.8/site-packages/airflow/example_dags/example_branch_operator.py for tasks to queue
[2024-11-12T16:50:33.116+0100] {logging_mixin.py:190} INFO - [2024-11-12T16:50:33.115+0100] {dagbag.py:588} INFO - Filling up the DagBag from /home/sakana/anaconda3/envs/airflow_env/lib/python3.8/site-packages/airflow/example_dags/example_branch_operator.py
[2024-11-12T16:50:33.118+0100] {processor.py:927} WARNING - No viable dags retrieved from /home/sakana/anaconda3/envs/airflow_env/lib/python3.8/site-packages/airflow/example_dags/example_branch_operator.py
[2024-11-12T16:50:33.127+0100] {processor.py:208} INFO - Processing /home/sakana/anaconda3/envs/airflow_env/lib/python3.8/site-packages/airflow/example_dags/example_branch_operator.py took 0.029 seconds
[2024-11-12T16:51:30.727+0100] {processor.py:186} INFO - Started process (PID=8131) to work on /home/sakana/anaconda3/envs/airflow_env/lib/python3.8/site-packages/airflow/example_dags/example_branch_operator.py
[2024-11-12T16:51:30.733+0100] {processor.py:914} INFO - Processing file /home/sakana/anaconda3/envs/airflow_env/lib/python3.8/site-packages/airflow/example_dags/example_branch_operator.py for tasks to queue
[2024-11-12T16:51:30.735+0100] {logging_mixin.py:190} INFO - [2024-11-12T16:51:30.735+0100] {dagbag.py:588} INFO - Filling up the DagBag from /home/sakana/anaconda3/envs/airflow_env/lib/python3.8/site-packages/airflow/example_dags/example_branch_operator.py
[2024-11-12T16:51:30.739+0100] {processor.py:927} WARNING - No viable dags retrieved from /home/sakana/anaconda3/envs/airflow_env/lib/python3.8/site-packages/airflow/example_dags/example_branch_operator.py
[2024-11-12T16:51:30.751+0100] {processor.py:208} INFO - Processing /home/sakana/anaconda3/envs/airflow_env/lib/python3.8/site-packages/airflow/example_dags/example_branch_operator.py took 0.034 seconds
[2024-11-12T16:52:27.431+0100] {processor.py:186} INFO - Started process (PID=8219) to work on /home/sakana/anaconda3/envs/airflow_env/lib/python3.8/site-packages/airflow/example_dags/example_branch_operator.py
[2024-11-12T16:52:27.436+0100] {processor.py:914} INFO - Processing file /home/sakana/anaconda3/envs/airflow_env/lib/python3.8/site-packages/airflow/example_dags/example_branch_operator.py for tasks to queue
[2024-11-12T16:52:27.439+0100] {logging_mixin.py:190} INFO - [2024-11-12T16:52:27.438+0100] {dagbag.py:588} INFO - Filling up the DagBag from /home/sakana/anaconda3/envs/airflow_env/lib/python3.8/site-packages/airflow/example_dags/example_branch_operator.py
[2024-11-12T16:52:27.442+0100] {processor.py:927} WARNING - No viable dags retrieved from /home/sakana/anaconda3/envs/airflow_env/lib/python3.8/site-packages/airflow/example_dags/example_branch_operator.py
[2024-11-12T16:52:27.453+0100] {processor.py:208} INFO - Processing /home/sakana/anaconda3/envs/airflow_env/lib/python3.8/site-packages/airflow/example_dags/example_branch_operator.py took 0.029 seconds
[2024-11-12T16:53:23.436+0100] {processor.py:186} INFO - Started process (PID=8310) to work on /home/sakana/anaconda3/envs/airflow_env/lib/python3.8/site-packages/airflow/example_dags/example_branch_operator.py
[2024-11-12T16:53:23.442+0100] {processor.py:914} INFO - Processing file /home/sakana/anaconda3/envs/airflow_env/lib/python3.8/site-packages/airflow/example_dags/example_branch_operator.py for tasks to queue
[2024-11-12T16:53:23.444+0100] {logging_mixin.py:190} INFO - [2024-11-12T16:53:23.444+0100] {dagbag.py:588} INFO - Filling up the DagBag from /home/sakana/anaconda3/envs/airflow_env/lib/python3.8/site-packages/airflow/example_dags/example_branch_operator.py
[2024-11-12T16:53:23.448+0100] {processor.py:927} WARNING - No viable dags retrieved from /home/sakana/anaconda3/envs/airflow_env/lib/python3.8/site-packages/airflow/example_dags/example_branch_operator.py
[2024-11-12T16:53:23.461+0100] {processor.py:208} INFO - Processing /home/sakana/anaconda3/envs/airflow_env/lib/python3.8/site-packages/airflow/example_dags/example_branch_operator.py took 0.033 seconds
[2024-11-12T16:54:21.938+0100] {processor.py:186} INFO - Started process (PID=8473) to work on /home/sakana/anaconda3/envs/airflow_env/lib/python3.8/site-packages/airflow/example_dags/example_branch_operator.py
[2024-11-12T16:54:21.944+0100] {processor.py:914} INFO - Processing file /home/sakana/anaconda3/envs/airflow_env/lib/python3.8/site-packages/airflow/example_dags/example_branch_operator.py for tasks to queue
[2024-11-12T16:54:21.947+0100] {logging_mixin.py:190} INFO - [2024-11-12T16:54:21.947+0100] {dagbag.py:588} INFO - Filling up the DagBag from /home/sakana/anaconda3/envs/airflow_env/lib/python3.8/site-packages/airflow/example_dags/example_branch_operator.py
[2024-11-12T16:54:21.953+0100] {processor.py:927} WARNING - No viable dags retrieved from /home/sakana/anaconda3/envs/airflow_env/lib/python3.8/site-packages/airflow/example_dags/example_branch_operator.py
[2024-11-12T16:54:21.968+0100] {processor.py:208} INFO - Processing /home/sakana/anaconda3/envs/airflow_env/lib/python3.8/site-packages/airflow/example_dags/example_branch_operator.py took 0.042 seconds
[2024-11-12T16:55:21.990+0100] {processor.py:186} INFO - Started process (PID=8574) to work on /home/sakana/anaconda3/envs/airflow_env/lib/python3.8/site-packages/airflow/example_dags/example_branch_operator.py
[2024-11-12T16:55:21.995+0100] {processor.py:914} INFO - Processing file /home/sakana/anaconda3/envs/airflow_env/lib/python3.8/site-packages/airflow/example_dags/example_branch_operator.py for tasks to queue
[2024-11-12T16:55:21.998+0100] {logging_mixin.py:190} INFO - [2024-11-12T16:55:21.997+0100] {dagbag.py:588} INFO - Filling up the DagBag from /home/sakana/anaconda3/envs/airflow_env/lib/python3.8/site-packages/airflow/example_dags/example_branch_operator.py
[2024-11-12T16:55:22.001+0100] {processor.py:927} WARNING - No viable dags retrieved from /home/sakana/anaconda3/envs/airflow_env/lib/python3.8/site-packages/airflow/example_dags/example_branch_operator.py
[2024-11-12T16:55:22.014+0100] {processor.py:208} INFO - Processing /home/sakana/anaconda3/envs/airflow_env/lib/python3.8/site-packages/airflow/example_dags/example_branch_operator.py took 0.031 seconds
[2024-11-12T16:56:20.324+0100] {processor.py:186} INFO - Started process (PID=8647) to work on /home/sakana/anaconda3/envs/airflow_env/lib/python3.8/site-packages/airflow/example_dags/example_branch_operator.py
[2024-11-12T16:56:20.329+0100] {processor.py:914} INFO - Processing file /home/sakana/anaconda3/envs/airflow_env/lib/python3.8/site-packages/airflow/example_dags/example_branch_operator.py for tasks to queue
[2024-11-12T16:56:20.331+0100] {logging_mixin.py:190} INFO - [2024-11-12T16:56:20.331+0100] {dagbag.py:588} INFO - Filling up the DagBag from /home/sakana/anaconda3/envs/airflow_env/lib/python3.8/site-packages/airflow/example_dags/example_branch_operator.py
[2024-11-12T16:56:20.334+0100] {processor.py:927} WARNING - No viable dags retrieved from /home/sakana/anaconda3/envs/airflow_env/lib/python3.8/site-packages/airflow/example_dags/example_branch_operator.py
[2024-11-12T16:56:20.344+0100] {processor.py:208} INFO - Processing /home/sakana/anaconda3/envs/airflow_env/lib/python3.8/site-packages/airflow/example_dags/example_branch_operator.py took 0.028 seconds
[2024-11-12T16:57:20.860+0100] {processor.py:186} INFO - Started process (PID=8730) to work on /home/sakana/anaconda3/envs/airflow_env/lib/python3.8/site-packages/airflow/example_dags/example_branch_operator.py
[2024-11-12T16:57:20.865+0100] {processor.py:914} INFO - Processing file /home/sakana/anaconda3/envs/airflow_env/lib/python3.8/site-packages/airflow/example_dags/example_branch_operator.py for tasks to queue
[2024-11-12T16:57:20.867+0100] {logging_mixin.py:190} INFO - [2024-11-12T16:57:20.867+0100] {dagbag.py:588} INFO - Filling up the DagBag from /home/sakana/anaconda3/envs/airflow_env/lib/python3.8/site-packages/airflow/example_dags/example_branch_operator.py
[2024-11-12T16:57:20.870+0100] {processor.py:927} WARNING - No viable dags retrieved from /home/sakana/anaconda3/envs/airflow_env/lib/python3.8/site-packages/airflow/example_dags/example_branch_operator.py
[2024-11-12T16:57:20.881+0100] {processor.py:208} INFO - Processing /home/sakana/anaconda3/envs/airflow_env/lib/python3.8/site-packages/airflow/example_dags/example_branch_operator.py took 0.026 seconds
[2024-11-12T16:58:24.195+0100] {processor.py:186} INFO - Started process (PID=8827) to work on /home/sakana/anaconda3/envs/airflow_env/lib/python3.8/site-packages/airflow/example_dags/example_branch_operator.py
[2024-11-12T16:58:24.201+0100] {processor.py:914} INFO - Processing file /home/sakana/anaconda3/envs/airflow_env/lib/python3.8/site-packages/airflow/example_dags/example_branch_operator.py for tasks to queue
[2024-11-12T16:58:24.204+0100] {logging_mixin.py:190} INFO - [2024-11-12T16:58:24.203+0100] {dagbag.py:588} INFO - Filling up the DagBag from /home/sakana/anaconda3/envs/airflow_env/lib/python3.8/site-packages/airflow/example_dags/example_branch_operator.py
[2024-11-12T16:58:24.209+0100] {processor.py:927} WARNING - No viable dags retrieved from /home/sakana/anaconda3/envs/airflow_env/lib/python3.8/site-packages/airflow/example_dags/example_branch_operator.py
[2024-11-12T16:58:24.224+0100] {processor.py:208} INFO - Processing /home/sakana/anaconda3/envs/airflow_env/lib/python3.8/site-packages/airflow/example_dags/example_branch_operator.py took 0.039 seconds
[2024-11-12T16:59:24.113+0100] {processor.py:186} INFO - Started process (PID=8907) to work on /home/sakana/anaconda3/envs/airflow_env/lib/python3.8/site-packages/airflow/example_dags/example_branch_operator.py
[2024-11-12T16:59:24.118+0100] {processor.py:914} INFO - Processing file /home/sakana/anaconda3/envs/airflow_env/lib/python3.8/site-packages/airflow/example_dags/example_branch_operator.py for tasks to queue
[2024-11-12T16:59:24.121+0100] {logging_mixin.py:190} INFO - [2024-11-12T16:59:24.121+0100] {dagbag.py:588} INFO - Filling up the DagBag from /home/sakana/anaconda3/envs/airflow_env/lib/python3.8/site-packages/airflow/example_dags/example_branch_operator.py
[2024-11-12T16:59:24.125+0100] {processor.py:927} WARNING - No viable dags retrieved from /home/sakana/anaconda3/envs/airflow_env/lib/python3.8/site-packages/airflow/example_dags/example_branch_operator.py
[2024-11-12T16:59:24.139+0100] {processor.py:208} INFO - Processing /home/sakana/anaconda3/envs/airflow_env/lib/python3.8/site-packages/airflow/example_dags/example_branch_operator.py took 0.034 seconds
[2024-11-12T17:00:23.697+0100] {processor.py:186} INFO - Started process (PID=8982) to work on /home/sakana/anaconda3/envs/airflow_env/lib/python3.8/site-packages/airflow/example_dags/example_branch_operator.py
[2024-11-12T17:00:23.702+0100] {processor.py:914} INFO - Processing file /home/sakana/anaconda3/envs/airflow_env/lib/python3.8/site-packages/airflow/example_dags/example_branch_operator.py for tasks to queue
[2024-11-12T17:00:23.704+0100] {logging_mixin.py:190} INFO - [2024-11-12T17:00:23.704+0100] {dagbag.py:588} INFO - Filling up the DagBag from /home/sakana/anaconda3/envs/airflow_env/lib/python3.8/site-packages/airflow/example_dags/example_branch_operator.py
[2024-11-12T17:00:23.707+0100] {processor.py:927} WARNING - No viable dags retrieved from /home/sakana/anaconda3/envs/airflow_env/lib/python3.8/site-packages/airflow/example_dags/example_branch_operator.py
[2024-11-12T17:00:23.718+0100] {processor.py:208} INFO - Processing /home/sakana/anaconda3/envs/airflow_env/lib/python3.8/site-packages/airflow/example_dags/example_branch_operator.py took 0.026 seconds
[2024-11-12T17:01:26.881+0100] {processor.py:186} INFO - Started process (PID=9068) to work on /home/sakana/anaconda3/envs/airflow_env/lib/python3.8/site-packages/airflow/example_dags/example_branch_operator.py
[2024-11-12T17:01:26.886+0100] {processor.py:914} INFO - Processing file /home/sakana/anaconda3/envs/airflow_env/lib/python3.8/site-packages/airflow/example_dags/example_branch_operator.py for tasks to queue
[2024-11-12T17:01:26.888+0100] {logging_mixin.py:190} INFO - [2024-11-12T17:01:26.888+0100] {dagbag.py:588} INFO - Filling up the DagBag from /home/sakana/anaconda3/envs/airflow_env/lib/python3.8/site-packages/airflow/example_dags/example_branch_operator.py
[2024-11-12T17:01:26.892+0100] {processor.py:927} WARNING - No viable dags retrieved from /home/sakana/anaconda3/envs/airflow_env/lib/python3.8/site-packages/airflow/example_dags/example_branch_operator.py
[2024-11-12T17:01:26.903+0100] {processor.py:208} INFO - Processing /home/sakana/anaconda3/envs/airflow_env/lib/python3.8/site-packages/airflow/example_dags/example_branch_operator.py took 0.030 seconds
[2024-11-12T17:19:37.485+0100] {processor.py:186} INFO - Started process (PID=9583) to work on /home/sakana/anaconda3/envs/airflow_env/lib/python3.8/site-packages/airflow/example_dags/example_branch_operator.py
[2024-11-12T17:19:37.487+0100] {processor.py:914} INFO - Processing file /home/sakana/anaconda3/envs/airflow_env/lib/python3.8/site-packages/airflow/example_dags/example_branch_operator.py for tasks to queue
[2024-11-12T17:19:37.489+0100] {logging_mixin.py:190} INFO - [2024-11-12T17:19:37.489+0100] {dagbag.py:588} INFO - Filling up the DagBag from /home/sakana/anaconda3/envs/airflow_env/lib/python3.8/site-packages/airflow/example_dags/example_branch_operator.py
[2024-11-12T17:19:37.493+0100] {processor.py:927} WARNING - No viable dags retrieved from /home/sakana/anaconda3/envs/airflow_env/lib/python3.8/site-packages/airflow/example_dags/example_branch_operator.py
[2024-11-12T17:19:37.505+0100] {processor.py:208} INFO - Processing /home/sakana/anaconda3/envs/airflow_env/lib/python3.8/site-packages/airflow/example_dags/example_branch_operator.py took 0.029 seconds
[2024-11-12T17:20:43.787+0100] {processor.py:186} INFO - Started process (PID=9701) to work on /home/sakana/anaconda3/envs/airflow_env/lib/python3.8/site-packages/airflow/example_dags/example_branch_operator.py
[2024-11-12T17:20:43.793+0100] {processor.py:914} INFO - Processing file /home/sakana/anaconda3/envs/airflow_env/lib/python3.8/site-packages/airflow/example_dags/example_branch_operator.py for tasks to queue
[2024-11-12T17:20:43.798+0100] {logging_mixin.py:190} INFO - [2024-11-12T17:20:43.798+0100] {dagbag.py:588} INFO - Filling up the DagBag from /home/sakana/anaconda3/envs/airflow_env/lib/python3.8/site-packages/airflow/example_dags/example_branch_operator.py
[2024-11-12T17:20:43.805+0100] {processor.py:927} WARNING - No viable dags retrieved from /home/sakana/anaconda3/envs/airflow_env/lib/python3.8/site-packages/airflow/example_dags/example_branch_operator.py
[2024-11-12T17:20:43.829+0100] {processor.py:208} INFO - Processing /home/sakana/anaconda3/envs/airflow_env/lib/python3.8/site-packages/airflow/example_dags/example_branch_operator.py took 0.062 seconds
[2024-11-12T17:21:52.467+0100] {processor.py:186} INFO - Started process (PID=9807) to work on /home/sakana/anaconda3/envs/airflow_env/lib/python3.8/site-packages/airflow/example_dags/example_branch_operator.py
[2024-11-12T17:21:52.473+0100] {processor.py:914} INFO - Processing file /home/sakana/anaconda3/envs/airflow_env/lib/python3.8/site-packages/airflow/example_dags/example_branch_operator.py for tasks to queue
[2024-11-12T17:21:52.477+0100] {logging_mixin.py:190} INFO - [2024-11-12T17:21:52.476+0100] {dagbag.py:588} INFO - Filling up the DagBag from /home/sakana/anaconda3/envs/airflow_env/lib/python3.8/site-packages/airflow/example_dags/example_branch_operator.py
[2024-11-12T17:21:52.483+0100] {processor.py:927} WARNING - No viable dags retrieved from /home/sakana/anaconda3/envs/airflow_env/lib/python3.8/site-packages/airflow/example_dags/example_branch_operator.py
[2024-11-12T17:21:52.503+0100] {processor.py:208} INFO - Processing /home/sakana/anaconda3/envs/airflow_env/lib/python3.8/site-packages/airflow/example_dags/example_branch_operator.py took 0.045 seconds
[2024-11-12T17:23:03.768+0100] {processor.py:186} INFO - Started process (PID=9900) to work on /home/sakana/anaconda3/envs/airflow_env/lib/python3.8/site-packages/airflow/example_dags/example_branch_operator.py
[2024-11-12T17:23:03.774+0100] {processor.py:914} INFO - Processing file /home/sakana/anaconda3/envs/airflow_env/lib/python3.8/site-packages/airflow/example_dags/example_branch_operator.py for tasks to queue
[2024-11-12T17:23:03.778+0100] {logging_mixin.py:190} INFO - [2024-11-12T17:23:03.777+0100] {dagbag.py:588} INFO - Filling up the DagBag from /home/sakana/anaconda3/envs/airflow_env/lib/python3.8/site-packages/airflow/example_dags/example_branch_operator.py
[2024-11-12T17:23:03.783+0100] {processor.py:927} WARNING - No viable dags retrieved from /home/sakana/anaconda3/envs/airflow_env/lib/python3.8/site-packages/airflow/example_dags/example_branch_operator.py
[2024-11-12T17:23:03.800+0100] {processor.py:208} INFO - Processing /home/sakana/anaconda3/envs/airflow_env/lib/python3.8/site-packages/airflow/example_dags/example_branch_operator.py took 0.040 seconds
[2024-11-12T17:24:17.496+0100] {processor.py:186} INFO - Started process (PID=10083) to work on /home/sakana/anaconda3/envs/airflow_env/lib/python3.8/site-packages/airflow/example_dags/example_branch_operator.py
[2024-11-12T17:24:17.498+0100] {processor.py:914} INFO - Processing file /home/sakana/anaconda3/envs/airflow_env/lib/python3.8/site-packages/airflow/example_dags/example_branch_operator.py for tasks to queue
[2024-11-12T17:24:17.502+0100] {logging_mixin.py:190} INFO - [2024-11-12T17:24:17.501+0100] {dagbag.py:588} INFO - Filling up the DagBag from /home/sakana/anaconda3/envs/airflow_env/lib/python3.8/site-packages/airflow/example_dags/example_branch_operator.py
[2024-11-12T17:24:17.507+0100] {processor.py:927} WARNING - No viable dags retrieved from /home/sakana/anaconda3/envs/airflow_env/lib/python3.8/site-packages/airflow/example_dags/example_branch_operator.py
[2024-11-12T17:24:17.526+0100] {processor.py:208} INFO - Processing /home/sakana/anaconda3/envs/airflow_env/lib/python3.8/site-packages/airflow/example_dags/example_branch_operator.py took 0.045 seconds
[2024-11-12T17:25:31.833+0100] {processor.py:186} INFO - Started process (PID=10234) to work on /home/sakana/anaconda3/envs/airflow_env/lib/python3.8/site-packages/airflow/example_dags/example_branch_operator.py
[2024-11-12T17:25:31.838+0100] {processor.py:914} INFO - Processing file /home/sakana/anaconda3/envs/airflow_env/lib/python3.8/site-packages/airflow/example_dags/example_branch_operator.py for tasks to queue
[2024-11-12T17:25:31.842+0100] {logging_mixin.py:190} INFO - [2024-11-12T17:25:31.841+0100] {dagbag.py:588} INFO - Filling up the DagBag from /home/sakana/anaconda3/envs/airflow_env/lib/python3.8/site-packages/airflow/example_dags/example_branch_operator.py
[2024-11-12T17:25:31.849+0100] {processor.py:927} WARNING - No viable dags retrieved from /home/sakana/anaconda3/envs/airflow_env/lib/python3.8/site-packages/airflow/example_dags/example_branch_operator.py
[2024-11-12T17:25:31.867+0100] {processor.py:208} INFO - Processing /home/sakana/anaconda3/envs/airflow_env/lib/python3.8/site-packages/airflow/example_dags/example_branch_operator.py took 0.043 seconds
[2024-11-12T17:26:42.277+0100] {processor.py:186} INFO - Started process (PID=10337) to work on /home/sakana/anaconda3/envs/airflow_env/lib/python3.8/site-packages/airflow/example_dags/example_branch_operator.py
[2024-11-12T17:26:42.283+0100] {processor.py:914} INFO - Processing file /home/sakana/anaconda3/envs/airflow_env/lib/python3.8/site-packages/airflow/example_dags/example_branch_operator.py for tasks to queue
[2024-11-12T17:26:42.286+0100] {logging_mixin.py:190} INFO - [2024-11-12T17:26:42.286+0100] {dagbag.py:588} INFO - Filling up the DagBag from /home/sakana/anaconda3/envs/airflow_env/lib/python3.8/site-packages/airflow/example_dags/example_branch_operator.py
[2024-11-12T17:26:42.291+0100] {processor.py:927} WARNING - No viable dags retrieved from /home/sakana/anaconda3/envs/airflow_env/lib/python3.8/site-packages/airflow/example_dags/example_branch_operator.py
[2024-11-12T17:26:42.310+0100] {processor.py:208} INFO - Processing /home/sakana/anaconda3/envs/airflow_env/lib/python3.8/site-packages/airflow/example_dags/example_branch_operator.py took 0.045 seconds
[2024-11-12T17:27:56.412+0100] {processor.py:186} INFO - Started process (PID=10417) to work on /home/sakana/anaconda3/envs/airflow_env/lib/python3.8/site-packages/airflow/example_dags/example_branch_operator.py
[2024-11-12T17:27:56.417+0100] {processor.py:914} INFO - Processing file /home/sakana/anaconda3/envs/airflow_env/lib/python3.8/site-packages/airflow/example_dags/example_branch_operator.py for tasks to queue
[2024-11-12T17:27:56.420+0100] {logging_mixin.py:190} INFO - [2024-11-12T17:27:56.420+0100] {dagbag.py:588} INFO - Filling up the DagBag from /home/sakana/anaconda3/envs/airflow_env/lib/python3.8/site-packages/airflow/example_dags/example_branch_operator.py
[2024-11-12T17:27:56.425+0100] {processor.py:927} WARNING - No viable dags retrieved from /home/sakana/anaconda3/envs/airflow_env/lib/python3.8/site-packages/airflow/example_dags/example_branch_operator.py
[2024-11-12T17:27:56.442+0100] {processor.py:208} INFO - Processing /home/sakana/anaconda3/envs/airflow_env/lib/python3.8/site-packages/airflow/example_dags/example_branch_operator.py took 0.042 seconds
[2024-11-12T17:29:08.293+0100] {processor.py:186} INFO - Started process (PID=10554) to work on /home/sakana/anaconda3/envs/airflow_env/lib/python3.8/site-packages/airflow/example_dags/example_branch_operator.py
[2024-11-12T17:29:08.299+0100] {processor.py:914} INFO - Processing file /home/sakana/anaconda3/envs/airflow_env/lib/python3.8/site-packages/airflow/example_dags/example_branch_operator.py for tasks to queue
[2024-11-12T17:29:08.302+0100] {logging_mixin.py:190} INFO - [2024-11-12T17:29:08.301+0100] {dagbag.py:588} INFO - Filling up the DagBag from /home/sakana/anaconda3/envs/airflow_env/lib/python3.8/site-packages/airflow/example_dags/example_branch_operator.py
[2024-11-12T17:29:08.306+0100] {processor.py:927} WARNING - No viable dags retrieved from /home/sakana/anaconda3/envs/airflow_env/lib/python3.8/site-packages/airflow/example_dags/example_branch_operator.py
[2024-11-12T17:29:08.319+0100] {processor.py:208} INFO - Processing /home/sakana/anaconda3/envs/airflow_env/lib/python3.8/site-packages/airflow/example_dags/example_branch_operator.py took 0.034 seconds
[2024-11-12T17:30:20.245+0100] {processor.py:186} INFO - Started process (PID=10641) to work on /home/sakana/anaconda3/envs/airflow_env/lib/python3.8/site-packages/airflow/example_dags/example_branch_operator.py
[2024-11-12T17:30:20.250+0100] {processor.py:914} INFO - Processing file /home/sakana/anaconda3/envs/airflow_env/lib/python3.8/site-packages/airflow/example_dags/example_branch_operator.py for tasks to queue
[2024-11-12T17:30:20.255+0100] {logging_mixin.py:190} INFO - [2024-11-12T17:30:20.254+0100] {dagbag.py:588} INFO - Filling up the DagBag from /home/sakana/anaconda3/envs/airflow_env/lib/python3.8/site-packages/airflow/example_dags/example_branch_operator.py
[2024-11-12T17:30:20.260+0100] {processor.py:927} WARNING - No viable dags retrieved from /home/sakana/anaconda3/envs/airflow_env/lib/python3.8/site-packages/airflow/example_dags/example_branch_operator.py
[2024-11-12T17:30:20.281+0100] {processor.py:208} INFO - Processing /home/sakana/anaconda3/envs/airflow_env/lib/python3.8/site-packages/airflow/example_dags/example_branch_operator.py took 0.052 seconds
[2024-11-12T17:31:33.364+0100] {processor.py:186} INFO - Started process (PID=10733) to work on /home/sakana/anaconda3/envs/airflow_env/lib/python3.8/site-packages/airflow/example_dags/example_branch_operator.py
[2024-11-12T17:31:33.370+0100] {processor.py:914} INFO - Processing file /home/sakana/anaconda3/envs/airflow_env/lib/python3.8/site-packages/airflow/example_dags/example_branch_operator.py for tasks to queue
[2024-11-12T17:31:33.375+0100] {logging_mixin.py:190} INFO - [2024-11-12T17:31:33.374+0100] {dagbag.py:588} INFO - Filling up the DagBag from /home/sakana/anaconda3/envs/airflow_env/lib/python3.8/site-packages/airflow/example_dags/example_branch_operator.py
[2024-11-12T17:31:33.381+0100] {processor.py:927} WARNING - No viable dags retrieved from /home/sakana/anaconda3/envs/airflow_env/lib/python3.8/site-packages/airflow/example_dags/example_branch_operator.py
[2024-11-12T17:31:33.405+0100] {processor.py:208} INFO - Processing /home/sakana/anaconda3/envs/airflow_env/lib/python3.8/site-packages/airflow/example_dags/example_branch_operator.py took 0.054 seconds
[2024-11-12T17:32:43.912+0100] {processor.py:186} INFO - Started process (PID=10868) to work on /home/sakana/anaconda3/envs/airflow_env/lib/python3.8/site-packages/airflow/example_dags/example_branch_operator.py
[2024-11-12T17:32:43.913+0100] {processor.py:914} INFO - Processing file /home/sakana/anaconda3/envs/airflow_env/lib/python3.8/site-packages/airflow/example_dags/example_branch_operator.py for tasks to queue
[2024-11-12T17:32:43.917+0100] {logging_mixin.py:190} INFO - [2024-11-12T17:32:43.917+0100] {dagbag.py:588} INFO - Filling up the DagBag from /home/sakana/anaconda3/envs/airflow_env/lib/python3.8/site-packages/airflow/example_dags/example_branch_operator.py
[2024-11-12T17:32:43.922+0100] {processor.py:927} WARNING - No viable dags retrieved from /home/sakana/anaconda3/envs/airflow_env/lib/python3.8/site-packages/airflow/example_dags/example_branch_operator.py
[2024-11-12T17:32:43.937+0100] {processor.py:208} INFO - Processing /home/sakana/anaconda3/envs/airflow_env/lib/python3.8/site-packages/airflow/example_dags/example_branch_operator.py took 0.035 seconds
[2024-11-12T17:33:50.305+0100] {processor.py:186} INFO - Started process (PID=11073) to work on /home/sakana/anaconda3/envs/airflow_env/lib/python3.8/site-packages/airflow/example_dags/example_branch_operator.py
[2024-11-12T17:33:50.310+0100] {processor.py:914} INFO - Processing file /home/sakana/anaconda3/envs/airflow_env/lib/python3.8/site-packages/airflow/example_dags/example_branch_operator.py for tasks to queue
[2024-11-12T17:33:50.315+0100] {logging_mixin.py:190} INFO - [2024-11-12T17:33:50.314+0100] {dagbag.py:588} INFO - Filling up the DagBag from /home/sakana/anaconda3/envs/airflow_env/lib/python3.8/site-packages/airflow/example_dags/example_branch_operator.py
[2024-11-12T17:33:50.320+0100] {processor.py:927} WARNING - No viable dags retrieved from /home/sakana/anaconda3/envs/airflow_env/lib/python3.8/site-packages/airflow/example_dags/example_branch_operator.py
[2024-11-12T17:33:50.333+0100] {processor.py:208} INFO - Processing /home/sakana/anaconda3/envs/airflow_env/lib/python3.8/site-packages/airflow/example_dags/example_branch_operator.py took 0.035 seconds
[2024-11-12T17:34:50.442+0100] {processor.py:186} INFO - Started process (PID=11150) to work on /home/sakana/anaconda3/envs/airflow_env/lib/python3.8/site-packages/airflow/example_dags/example_branch_operator.py
[2024-11-12T17:34:50.447+0100] {processor.py:914} INFO - Processing file /home/sakana/anaconda3/envs/airflow_env/lib/python3.8/site-packages/airflow/example_dags/example_branch_operator.py for tasks to queue
[2024-11-12T17:34:50.450+0100] {logging_mixin.py:190} INFO - [2024-11-12T17:34:50.449+0100] {dagbag.py:588} INFO - Filling up the DagBag from /home/sakana/anaconda3/envs/airflow_env/lib/python3.8/site-packages/airflow/example_dags/example_branch_operator.py
[2024-11-12T17:34:50.454+0100] {processor.py:927} WARNING - No viable dags retrieved from /home/sakana/anaconda3/envs/airflow_env/lib/python3.8/site-packages/airflow/example_dags/example_branch_operator.py
[2024-11-12T17:34:50.466+0100] {processor.py:208} INFO - Processing /home/sakana/anaconda3/envs/airflow_env/lib/python3.8/site-packages/airflow/example_dags/example_branch_operator.py took 0.032 seconds
[2024-11-12T17:35:50.878+0100] {processor.py:186} INFO - Started process (PID=11235) to work on /home/sakana/anaconda3/envs/airflow_env/lib/python3.8/site-packages/airflow/example_dags/example_branch_operator.py
[2024-11-12T17:35:50.883+0100] {processor.py:914} INFO - Processing file /home/sakana/anaconda3/envs/airflow_env/lib/python3.8/site-packages/airflow/example_dags/example_branch_operator.py for tasks to queue
[2024-11-12T17:35:50.885+0100] {logging_mixin.py:190} INFO - [2024-11-12T17:35:50.884+0100] {dagbag.py:588} INFO - Filling up the DagBag from /home/sakana/anaconda3/envs/airflow_env/lib/python3.8/site-packages/airflow/example_dags/example_branch_operator.py
[2024-11-12T17:35:50.888+0100] {processor.py:927} WARNING - No viable dags retrieved from /home/sakana/anaconda3/envs/airflow_env/lib/python3.8/site-packages/airflow/example_dags/example_branch_operator.py
[2024-11-12T17:35:50.899+0100] {processor.py:208} INFO - Processing /home/sakana/anaconda3/envs/airflow_env/lib/python3.8/site-packages/airflow/example_dags/example_branch_operator.py took 0.030 seconds
[2024-11-12T17:36:49.339+0100] {processor.py:186} INFO - Started process (PID=11304) to work on /home/sakana/anaconda3/envs/airflow_env/lib/python3.8/site-packages/airflow/example_dags/example_branch_operator.py
[2024-11-12T17:36:49.345+0100] {processor.py:914} INFO - Processing file /home/sakana/anaconda3/envs/airflow_env/lib/python3.8/site-packages/airflow/example_dags/example_branch_operator.py for tasks to queue
[2024-11-12T17:36:49.347+0100] {logging_mixin.py:190} INFO - [2024-11-12T17:36:49.347+0100] {dagbag.py:588} INFO - Filling up the DagBag from /home/sakana/anaconda3/envs/airflow_env/lib/python3.8/site-packages/airflow/example_dags/example_branch_operator.py
[2024-11-12T17:36:49.351+0100] {processor.py:927} WARNING - No viable dags retrieved from /home/sakana/anaconda3/envs/airflow_env/lib/python3.8/site-packages/airflow/example_dags/example_branch_operator.py
[2024-11-12T17:36:49.363+0100] {processor.py:208} INFO - Processing /home/sakana/anaconda3/envs/airflow_env/lib/python3.8/site-packages/airflow/example_dags/example_branch_operator.py took 0.033 seconds
