[2024-11-12T01:01:58.358+0100] {processor.py:186} INFO - Started process (PID=31546) to work on /home/sakana/anaconda3/envs/airflow_env/lib/python3.8/site-packages/airflow/example_dags/example_bash_decorator.py
[2024-11-12T01:01:58.359+0100] {processor.py:914} INFO - Processing file /home/sakana/anaconda3/envs/airflow_env/lib/python3.8/site-packages/airflow/example_dags/example_bash_decorator.py for tasks to queue
[2024-11-12T01:01:58.362+0100] {logging_mixin.py:190} INFO - [2024-11-12T01:01:58.361+0100] {dagbag.py:588} INFO - Filling up the DagBag from /home/sakana/anaconda3/envs/airflow_env/lib/python3.8/site-packages/airflow/example_dags/example_bash_decorator.py
[2024-11-12T01:01:58.380+0100] {processor.py:925} INFO - DAG(s) 'example_bash_decorator' retrieved from /home/sakana/anaconda3/envs/airflow_env/lib/python3.8/site-packages/airflow/example_dags/example_bash_decorator.py
[2024-11-12T01:01:58.496+0100] {logging_mixin.py:190} INFO - [2024-11-12T01:01:58.496+0100] {dag.py:3239} INFO - Sync 1 DAGs
[2024-11-12T01:01:58.506+0100] {logging_mixin.py:190} INFO - [2024-11-12T01:01:58.506+0100] {dag.py:4180} INFO - Setting next_dagrun for example_bash_decorator to None, run_after=None
[2024-11-12T01:01:58.532+0100] {processor.py:208} INFO - Processing /home/sakana/anaconda3/envs/airflow_env/lib/python3.8/site-packages/airflow/example_dags/example_bash_decorator.py took 0.182 seconds
[2024-11-12T01:03:02.882+0100] {processor.py:186} INFO - Started process (PID=32023) to work on /home/sakana/anaconda3/envs/airflow_env/lib/python3.8/site-packages/airflow/example_dags/example_bash_decorator.py
[2024-11-12T01:03:02.882+0100] {processor.py:914} INFO - Processing file /home/sakana/anaconda3/envs/airflow_env/lib/python3.8/site-packages/airflow/example_dags/example_bash_decorator.py for tasks to queue
[2024-11-12T01:03:02.884+0100] {logging_mixin.py:190} INFO - [2024-11-12T01:03:02.884+0100] {dagbag.py:588} INFO - Filling up the DagBag from /home/sakana/anaconda3/envs/airflow_env/lib/python3.8/site-packages/airflow/example_dags/example_bash_decorator.py
[2024-11-12T01:03:02.900+0100] {processor.py:925} INFO - DAG(s) 'example_bash_decorator' retrieved from /home/sakana/anaconda3/envs/airflow_env/lib/python3.8/site-packages/airflow/example_dags/example_bash_decorator.py
[2024-11-12T01:03:02.923+0100] {logging_mixin.py:190} INFO - [2024-11-12T01:03:02.922+0100] {dag.py:3239} INFO - Sync 1 DAGs
[2024-11-12T01:03:02.938+0100] {logging_mixin.py:190} INFO - [2024-11-12T01:03:02.937+0100] {dag.py:4180} INFO - Setting next_dagrun for example_bash_decorator to None, run_after=None
[2024-11-12T01:03:02.968+0100] {processor.py:208} INFO - Processing /home/sakana/anaconda3/envs/airflow_env/lib/python3.8/site-packages/airflow/example_dags/example_bash_decorator.py took 0.093 seconds
[2024-11-12T01:04:05.327+0100] {processor.py:186} INFO - Started process (PID=32461) to work on /home/sakana/anaconda3/envs/airflow_env/lib/python3.8/site-packages/airflow/example_dags/example_bash_decorator.py
[2024-11-12T01:04:05.332+0100] {processor.py:914} INFO - Processing file /home/sakana/anaconda3/envs/airflow_env/lib/python3.8/site-packages/airflow/example_dags/example_bash_decorator.py for tasks to queue
[2024-11-12T01:04:05.335+0100] {logging_mixin.py:190} INFO - [2024-11-12T01:04:05.334+0100] {dagbag.py:588} INFO - Filling up the DagBag from /home/sakana/anaconda3/envs/airflow_env/lib/python3.8/site-packages/airflow/example_dags/example_bash_decorator.py
[2024-11-12T01:04:05.354+0100] {processor.py:925} INFO - DAG(s) 'example_bash_decorator' retrieved from /home/sakana/anaconda3/envs/airflow_env/lib/python3.8/site-packages/airflow/example_dags/example_bash_decorator.py
[2024-11-12T01:04:05.375+0100] {logging_mixin.py:190} INFO - [2024-11-12T01:04:05.375+0100] {dag.py:3239} INFO - Sync 1 DAGs
[2024-11-12T01:04:05.387+0100] {logging_mixin.py:190} INFO - [2024-11-12T01:04:05.387+0100] {dag.py:4180} INFO - Setting next_dagrun for example_bash_decorator to None, run_after=None
[2024-11-12T01:04:05.437+0100] {processor.py:208} INFO - Processing /home/sakana/anaconda3/envs/airflow_env/lib/python3.8/site-packages/airflow/example_dags/example_bash_decorator.py took 0.117 seconds
[2024-11-12T01:10:44.032+0100] {processor.py:186} INFO - Started process (PID=4181) to work on /home/sakana/anaconda3/envs/airflow_env/lib/python3.8/site-packages/airflow/example_dags/example_bash_decorator.py
[2024-11-12T01:10:44.039+0100] {processor.py:914} INFO - Processing file /home/sakana/anaconda3/envs/airflow_env/lib/python3.8/site-packages/airflow/example_dags/example_bash_decorator.py for tasks to queue
[2024-11-12T01:10:44.044+0100] {logging_mixin.py:190} INFO - [2024-11-12T01:10:44.043+0100] {dagbag.py:588} INFO - Filling up the DagBag from /home/sakana/anaconda3/envs/airflow_env/lib/python3.8/site-packages/airflow/example_dags/example_bash_decorator.py
[2024-11-12T01:10:44.066+0100] {processor.py:925} INFO - DAG(s) 'example_bash_decorator' retrieved from /home/sakana/anaconda3/envs/airflow_env/lib/python3.8/site-packages/airflow/example_dags/example_bash_decorator.py
[2024-11-12T01:10:44.155+0100] {logging_mixin.py:190} INFO - [2024-11-12T01:10:44.155+0100] {dag.py:3239} INFO - Sync 1 DAGs
[2024-11-12T01:10:44.165+0100] {logging_mixin.py:190} INFO - [2024-11-12T01:10:44.165+0100] {dag.py:4180} INFO - Setting next_dagrun for example_bash_decorator to None, run_after=None
[2024-11-12T01:10:44.193+0100] {processor.py:208} INFO - Processing /home/sakana/anaconda3/envs/airflow_env/lib/python3.8/site-packages/airflow/example_dags/example_bash_decorator.py took 0.177 seconds
[2024-11-12T01:11:46.332+0100] {processor.py:186} INFO - Started process (PID=4242) to work on /home/sakana/anaconda3/envs/airflow_env/lib/python3.8/site-packages/airflow/example_dags/example_bash_decorator.py
[2024-11-12T01:11:46.337+0100] {processor.py:914} INFO - Processing file /home/sakana/anaconda3/envs/airflow_env/lib/python3.8/site-packages/airflow/example_dags/example_bash_decorator.py for tasks to queue
[2024-11-12T01:11:46.339+0100] {logging_mixin.py:190} INFO - [2024-11-12T01:11:46.339+0100] {dagbag.py:588} INFO - Filling up the DagBag from /home/sakana/anaconda3/envs/airflow_env/lib/python3.8/site-packages/airflow/example_dags/example_bash_decorator.py
[2024-11-12T01:11:46.357+0100] {processor.py:925} INFO - DAG(s) 'example_bash_decorator' retrieved from /home/sakana/anaconda3/envs/airflow_env/lib/python3.8/site-packages/airflow/example_dags/example_bash_decorator.py
[2024-11-12T01:11:46.376+0100] {logging_mixin.py:190} INFO - [2024-11-12T01:11:46.375+0100] {dag.py:3239} INFO - Sync 1 DAGs
[2024-11-12T01:11:46.386+0100] {logging_mixin.py:190} INFO - [2024-11-12T01:11:46.386+0100] {dag.py:4180} INFO - Setting next_dagrun for example_bash_decorator to None, run_after=None
[2024-11-12T01:11:46.429+0100] {processor.py:208} INFO - Processing /home/sakana/anaconda3/envs/airflow_env/lib/python3.8/site-packages/airflow/example_dags/example_bash_decorator.py took 0.104 seconds
[2024-11-12T16:40:37.247+0100] {processor.py:186} INFO - Started process (PID=7029) to work on /home/sakana/anaconda3/envs/airflow_env/lib/python3.8/site-packages/airflow/example_dags/example_bash_decorator.py
[2024-11-12T16:40:37.252+0100] {processor.py:914} INFO - Processing file /home/sakana/anaconda3/envs/airflow_env/lib/python3.8/site-packages/airflow/example_dags/example_bash_decorator.py for tasks to queue
[2024-11-12T16:40:37.259+0100] {logging_mixin.py:190} INFO - [2024-11-12T16:40:37.258+0100] {dagbag.py:588} INFO - Filling up the DagBag from /home/sakana/anaconda3/envs/airflow_env/lib/python3.8/site-packages/airflow/example_dags/example_bash_decorator.py
[2024-11-12T16:40:37.289+0100] {processor.py:925} INFO - DAG(s) 'example_bash_decorator' retrieved from /home/sakana/anaconda3/envs/airflow_env/lib/python3.8/site-packages/airflow/example_dags/example_bash_decorator.py
[2024-11-12T16:40:37.442+0100] {logging_mixin.py:190} INFO - [2024-11-12T16:40:37.441+0100] {dag.py:3239} INFO - Sync 1 DAGs
[2024-11-12T16:40:37.462+0100] {logging_mixin.py:190} INFO - [2024-11-12T16:40:37.462+0100] {dag.py:4180} INFO - Setting next_dagrun for example_bash_decorator to None, run_after=None
[2024-11-12T16:40:37.497+0100] {processor.py:208} INFO - Processing /home/sakana/anaconda3/envs/airflow_env/lib/python3.8/site-packages/airflow/example_dags/example_bash_decorator.py took 0.258 seconds
[2024-11-12T16:41:44.939+0100] {processor.py:186} INFO - Started process (PID=7139) to work on /home/sakana/anaconda3/envs/airflow_env/lib/python3.8/site-packages/airflow/example_dags/example_bash_decorator.py
[2024-11-12T16:41:44.944+0100] {processor.py:914} INFO - Processing file /home/sakana/anaconda3/envs/airflow_env/lib/python3.8/site-packages/airflow/example_dags/example_bash_decorator.py for tasks to queue
[2024-11-12T16:41:44.947+0100] {logging_mixin.py:190} INFO - [2024-11-12T16:41:44.947+0100] {dagbag.py:588} INFO - Filling up the DagBag from /home/sakana/anaconda3/envs/airflow_env/lib/python3.8/site-packages/airflow/example_dags/example_bash_decorator.py
[2024-11-12T16:41:44.969+0100] {processor.py:925} INFO - DAG(s) 'example_bash_decorator' retrieved from /home/sakana/anaconda3/envs/airflow_env/lib/python3.8/site-packages/airflow/example_dags/example_bash_decorator.py
[2024-11-12T16:41:44.986+0100] {logging_mixin.py:190} INFO - [2024-11-12T16:41:44.986+0100] {dag.py:3239} INFO - Sync 1 DAGs
[2024-11-12T16:41:44.997+0100] {logging_mixin.py:190} INFO - [2024-11-12T16:41:44.997+0100] {dag.py:4180} INFO - Setting next_dagrun for example_bash_decorator to None, run_after=None
[2024-11-12T16:41:45.021+0100] {processor.py:208} INFO - Processing /home/sakana/anaconda3/envs/airflow_env/lib/python3.8/site-packages/airflow/example_dags/example_bash_decorator.py took 0.092 seconds
[2024-11-12T16:42:43.077+0100] {processor.py:186} INFO - Started process (PID=7281) to work on /home/sakana/anaconda3/envs/airflow_env/lib/python3.8/site-packages/airflow/example_dags/example_bash_decorator.py
[2024-11-12T16:42:43.082+0100] {processor.py:914} INFO - Processing file /home/sakana/anaconda3/envs/airflow_env/lib/python3.8/site-packages/airflow/example_dags/example_bash_decorator.py for tasks to queue
[2024-11-12T16:42:43.084+0100] {logging_mixin.py:190} INFO - [2024-11-12T16:42:43.083+0100] {dagbag.py:588} INFO - Filling up the DagBag from /home/sakana/anaconda3/envs/airflow_env/lib/python3.8/site-packages/airflow/example_dags/example_bash_decorator.py
[2024-11-12T16:42:43.098+0100] {processor.py:925} INFO - DAG(s) 'example_bash_decorator' retrieved from /home/sakana/anaconda3/envs/airflow_env/lib/python3.8/site-packages/airflow/example_dags/example_bash_decorator.py
[2024-11-12T16:42:43.115+0100] {logging_mixin.py:190} INFO - [2024-11-12T16:42:43.115+0100] {dag.py:3239} INFO - Sync 1 DAGs
[2024-11-12T16:42:43.128+0100] {logging_mixin.py:190} INFO - [2024-11-12T16:42:43.127+0100] {dag.py:4180} INFO - Setting next_dagrun for example_bash_decorator to None, run_after=None
[2024-11-12T16:42:43.155+0100] {processor.py:208} INFO - Processing /home/sakana/anaconda3/envs/airflow_env/lib/python3.8/site-packages/airflow/example_dags/example_bash_decorator.py took 0.085 seconds
[2024-11-12T16:43:42.407+0100] {processor.py:186} INFO - Started process (PID=7392) to work on /home/sakana/anaconda3/envs/airflow_env/lib/python3.8/site-packages/airflow/example_dags/example_bash_decorator.py
[2024-11-12T16:43:42.408+0100] {processor.py:914} INFO - Processing file /home/sakana/anaconda3/envs/airflow_env/lib/python3.8/site-packages/airflow/example_dags/example_bash_decorator.py for tasks to queue
[2024-11-12T16:43:42.411+0100] {logging_mixin.py:190} INFO - [2024-11-12T16:43:42.410+0100] {dagbag.py:588} INFO - Filling up the DagBag from /home/sakana/anaconda3/envs/airflow_env/lib/python3.8/site-packages/airflow/example_dags/example_bash_decorator.py
[2024-11-12T16:43:42.429+0100] {processor.py:925} INFO - DAG(s) 'example_bash_decorator' retrieved from /home/sakana/anaconda3/envs/airflow_env/lib/python3.8/site-packages/airflow/example_dags/example_bash_decorator.py
[2024-11-12T16:43:42.450+0100] {logging_mixin.py:190} INFO - [2024-11-12T16:43:42.450+0100] {dag.py:3239} INFO - Sync 1 DAGs
[2024-11-12T16:43:42.462+0100] {logging_mixin.py:190} INFO - [2024-11-12T16:43:42.462+0100] {dag.py:4180} INFO - Setting next_dagrun for example_bash_decorator to None, run_after=None
[2024-11-12T16:43:42.487+0100] {processor.py:208} INFO - Processing /home/sakana/anaconda3/envs/airflow_env/lib/python3.8/site-packages/airflow/example_dags/example_bash_decorator.py took 0.085 seconds
[2024-11-12T16:44:38.324+0100] {processor.py:186} INFO - Started process (PID=7468) to work on /home/sakana/anaconda3/envs/airflow_env/lib/python3.8/site-packages/airflow/example_dags/example_bash_decorator.py
[2024-11-12T16:44:38.329+0100] {processor.py:914} INFO - Processing file /home/sakana/anaconda3/envs/airflow_env/lib/python3.8/site-packages/airflow/example_dags/example_bash_decorator.py for tasks to queue
[2024-11-12T16:44:38.333+0100] {logging_mixin.py:190} INFO - [2024-11-12T16:44:38.332+0100] {dagbag.py:588} INFO - Filling up the DagBag from /home/sakana/anaconda3/envs/airflow_env/lib/python3.8/site-packages/airflow/example_dags/example_bash_decorator.py
[2024-11-12T16:44:38.353+0100] {processor.py:925} INFO - DAG(s) 'example_bash_decorator' retrieved from /home/sakana/anaconda3/envs/airflow_env/lib/python3.8/site-packages/airflow/example_dags/example_bash_decorator.py
[2024-11-12T16:44:38.371+0100] {logging_mixin.py:190} INFO - [2024-11-12T16:44:38.371+0100] {dag.py:3239} INFO - Sync 1 DAGs
[2024-11-12T16:44:38.383+0100] {logging_mixin.py:190} INFO - [2024-11-12T16:44:38.382+0100] {dag.py:4180} INFO - Setting next_dagrun for example_bash_decorator to None, run_after=None
[2024-11-12T16:44:38.409+0100] {processor.py:208} INFO - Processing /home/sakana/anaconda3/envs/airflow_env/lib/python3.8/site-packages/airflow/example_dags/example_bash_decorator.py took 0.096 seconds
[2024-11-12T16:45:34.167+0100] {processor.py:186} INFO - Started process (PID=7540) to work on /home/sakana/anaconda3/envs/airflow_env/lib/python3.8/site-packages/airflow/example_dags/example_bash_decorator.py
[2024-11-12T16:45:34.172+0100] {processor.py:914} INFO - Processing file /home/sakana/anaconda3/envs/airflow_env/lib/python3.8/site-packages/airflow/example_dags/example_bash_decorator.py for tasks to queue
[2024-11-12T16:45:34.174+0100] {logging_mixin.py:190} INFO - [2024-11-12T16:45:34.174+0100] {dagbag.py:588} INFO - Filling up the DagBag from /home/sakana/anaconda3/envs/airflow_env/lib/python3.8/site-packages/airflow/example_dags/example_bash_decorator.py
[2024-11-12T16:45:34.191+0100] {processor.py:925} INFO - DAG(s) 'example_bash_decorator' retrieved from /home/sakana/anaconda3/envs/airflow_env/lib/python3.8/site-packages/airflow/example_dags/example_bash_decorator.py
[2024-11-12T16:45:34.214+0100] {logging_mixin.py:190} INFO - [2024-11-12T16:45:34.214+0100] {dag.py:3239} INFO - Sync 1 DAGs
[2024-11-12T16:45:34.226+0100] {logging_mixin.py:190} INFO - [2024-11-12T16:45:34.226+0100] {dag.py:4180} INFO - Setting next_dagrun for example_bash_decorator to None, run_after=None
[2024-11-12T16:45:34.252+0100] {processor.py:208} INFO - Processing /home/sakana/anaconda3/envs/airflow_env/lib/python3.8/site-packages/airflow/example_dags/example_bash_decorator.py took 0.092 seconds
[2024-11-12T16:46:38.443+0100] {processor.py:186} INFO - Started process (PID=7667) to work on /home/sakana/anaconda3/envs/airflow_env/lib/python3.8/site-packages/airflow/example_dags/example_bash_decorator.py
[2024-11-12T16:46:38.449+0100] {processor.py:914} INFO - Processing file /home/sakana/anaconda3/envs/airflow_env/lib/python3.8/site-packages/airflow/example_dags/example_bash_decorator.py for tasks to queue
[2024-11-12T16:46:38.454+0100] {logging_mixin.py:190} INFO - [2024-11-12T16:46:38.453+0100] {dagbag.py:588} INFO - Filling up the DagBag from /home/sakana/anaconda3/envs/airflow_env/lib/python3.8/site-packages/airflow/example_dags/example_bash_decorator.py
[2024-11-12T16:46:38.476+0100] {processor.py:925} INFO - DAG(s) 'example_bash_decorator' retrieved from /home/sakana/anaconda3/envs/airflow_env/lib/python3.8/site-packages/airflow/example_dags/example_bash_decorator.py
[2024-11-12T16:46:38.494+0100] {logging_mixin.py:190} INFO - [2024-11-12T16:46:38.494+0100] {dag.py:3239} INFO - Sync 1 DAGs
[2024-11-12T16:46:38.505+0100] {logging_mixin.py:190} INFO - [2024-11-12T16:46:38.505+0100] {dag.py:4180} INFO - Setting next_dagrun for example_bash_decorator to None, run_after=None
[2024-11-12T16:46:38.531+0100] {processor.py:208} INFO - Processing /home/sakana/anaconda3/envs/airflow_env/lib/python3.8/site-packages/airflow/example_dags/example_bash_decorator.py took 0.103 seconds
[2024-11-12T16:47:43.359+0100] {processor.py:186} INFO - Started process (PID=7742) to work on /home/sakana/anaconda3/envs/airflow_env/lib/python3.8/site-packages/airflow/example_dags/example_bash_decorator.py
[2024-11-12T16:47:43.364+0100] {processor.py:914} INFO - Processing file /home/sakana/anaconda3/envs/airflow_env/lib/python3.8/site-packages/airflow/example_dags/example_bash_decorator.py for tasks to queue
[2024-11-12T16:47:43.367+0100] {logging_mixin.py:190} INFO - [2024-11-12T16:47:43.366+0100] {dagbag.py:588} INFO - Filling up the DagBag from /home/sakana/anaconda3/envs/airflow_env/lib/python3.8/site-packages/airflow/example_dags/example_bash_decorator.py
[2024-11-12T16:47:43.383+0100] {processor.py:925} INFO - DAG(s) 'example_bash_decorator' retrieved from /home/sakana/anaconda3/envs/airflow_env/lib/python3.8/site-packages/airflow/example_dags/example_bash_decorator.py
[2024-11-12T16:47:43.400+0100] {logging_mixin.py:190} INFO - [2024-11-12T16:47:43.400+0100] {dag.py:3239} INFO - Sync 1 DAGs
[2024-11-12T16:47:43.416+0100] {logging_mixin.py:190} INFO - [2024-11-12T16:47:43.416+0100] {dag.py:4180} INFO - Setting next_dagrun for example_bash_decorator to None, run_after=None
[2024-11-12T16:47:43.442+0100] {processor.py:208} INFO - Processing /home/sakana/anaconda3/envs/airflow_env/lib/python3.8/site-packages/airflow/example_dags/example_bash_decorator.py took 0.090 seconds
[2024-11-12T16:49:06.388+0100] {processor.py:186} INFO - Started process (PID=7927) to work on /home/sakana/anaconda3/envs/airflow_env/lib/python3.8/site-packages/airflow/example_dags/example_bash_decorator.py
[2024-11-12T16:49:06.393+0100] {processor.py:914} INFO - Processing file /home/sakana/anaconda3/envs/airflow_env/lib/python3.8/site-packages/airflow/example_dags/example_bash_decorator.py for tasks to queue
[2024-11-12T16:49:06.395+0100] {logging_mixin.py:190} INFO - [2024-11-12T16:49:06.395+0100] {dagbag.py:588} INFO - Filling up the DagBag from /home/sakana/anaconda3/envs/airflow_env/lib/python3.8/site-packages/airflow/example_dags/example_bash_decorator.py
[2024-11-12T16:49:06.419+0100] {processor.py:925} INFO - DAG(s) 'example_bash_decorator' retrieved from /home/sakana/anaconda3/envs/airflow_env/lib/python3.8/site-packages/airflow/example_dags/example_bash_decorator.py
[2024-11-12T16:49:06.441+0100] {logging_mixin.py:190} INFO - [2024-11-12T16:49:06.441+0100] {dag.py:3239} INFO - Sync 1 DAGs
[2024-11-12T16:49:06.455+0100] {logging_mixin.py:190} INFO - [2024-11-12T16:49:06.455+0100] {dag.py:4180} INFO - Setting next_dagrun for example_bash_decorator to None, run_after=None
[2024-11-12T16:49:06.483+0100] {processor.py:208} INFO - Processing /home/sakana/anaconda3/envs/airflow_env/lib/python3.8/site-packages/airflow/example_dags/example_bash_decorator.py took 0.103 seconds
[2024-11-12T16:50:02.972+0100] {processor.py:186} INFO - Started process (PID=8019) to work on /home/sakana/anaconda3/envs/airflow_env/lib/python3.8/site-packages/airflow/example_dags/example_bash_decorator.py
[2024-11-12T16:50:02.977+0100] {processor.py:914} INFO - Processing file /home/sakana/anaconda3/envs/airflow_env/lib/python3.8/site-packages/airflow/example_dags/example_bash_decorator.py for tasks to queue
[2024-11-12T16:50:02.980+0100] {logging_mixin.py:190} INFO - [2024-11-12T16:50:02.979+0100] {dagbag.py:588} INFO - Filling up the DagBag from /home/sakana/anaconda3/envs/airflow_env/lib/python3.8/site-packages/airflow/example_dags/example_bash_decorator.py
[2024-11-12T16:50:02.998+0100] {processor.py:925} INFO - DAG(s) 'example_bash_decorator' retrieved from /home/sakana/anaconda3/envs/airflow_env/lib/python3.8/site-packages/airflow/example_dags/example_bash_decorator.py
[2024-11-12T16:50:03.017+0100] {logging_mixin.py:190} INFO - [2024-11-12T16:50:03.017+0100] {dag.py:3239} INFO - Sync 1 DAGs
[2024-11-12T16:50:03.028+0100] {logging_mixin.py:190} INFO - [2024-11-12T16:50:03.028+0100] {dag.py:4180} INFO - Setting next_dagrun for example_bash_decorator to None, run_after=None
[2024-11-12T16:50:03.054+0100] {processor.py:208} INFO - Processing /home/sakana/anaconda3/envs/airflow_env/lib/python3.8/site-packages/airflow/example_dags/example_bash_decorator.py took 0.089 seconds
[2024-11-12T16:51:00.331+0100] {processor.py:186} INFO - Started process (PID=8086) to work on /home/sakana/anaconda3/envs/airflow_env/lib/python3.8/site-packages/airflow/example_dags/example_bash_decorator.py
[2024-11-12T16:51:00.336+0100] {processor.py:914} INFO - Processing file /home/sakana/anaconda3/envs/airflow_env/lib/python3.8/site-packages/airflow/example_dags/example_bash_decorator.py for tasks to queue
[2024-11-12T16:51:00.338+0100] {logging_mixin.py:190} INFO - [2024-11-12T16:51:00.338+0100] {dagbag.py:588} INFO - Filling up the DagBag from /home/sakana/anaconda3/envs/airflow_env/lib/python3.8/site-packages/airflow/example_dags/example_bash_decorator.py
[2024-11-12T16:51:00.354+0100] {processor.py:925} INFO - DAG(s) 'example_bash_decorator' retrieved from /home/sakana/anaconda3/envs/airflow_env/lib/python3.8/site-packages/airflow/example_dags/example_bash_decorator.py
[2024-11-12T16:51:00.372+0100] {logging_mixin.py:190} INFO - [2024-11-12T16:51:00.372+0100] {dag.py:3239} INFO - Sync 1 DAGs
[2024-11-12T16:51:00.384+0100] {logging_mixin.py:190} INFO - [2024-11-12T16:51:00.383+0100] {dag.py:4180} INFO - Setting next_dagrun for example_bash_decorator to None, run_after=None
[2024-11-12T16:51:00.416+0100] {processor.py:208} INFO - Processing /home/sakana/anaconda3/envs/airflow_env/lib/python3.8/site-packages/airflow/example_dags/example_bash_decorator.py took 0.099 seconds
[2024-11-12T16:51:57.437+0100] {processor.py:186} INFO - Started process (PID=8180) to work on /home/sakana/anaconda3/envs/airflow_env/lib/python3.8/site-packages/airflow/example_dags/example_bash_decorator.py
[2024-11-12T16:51:57.445+0100] {processor.py:914} INFO - Processing file /home/sakana/anaconda3/envs/airflow_env/lib/python3.8/site-packages/airflow/example_dags/example_bash_decorator.py for tasks to queue
[2024-11-12T16:51:57.453+0100] {logging_mixin.py:190} INFO - [2024-11-12T16:51:57.452+0100] {dagbag.py:588} INFO - Filling up the DagBag from /home/sakana/anaconda3/envs/airflow_env/lib/python3.8/site-packages/airflow/example_dags/example_bash_decorator.py
[2024-11-12T16:51:57.491+0100] {processor.py:925} INFO - DAG(s) 'example_bash_decorator' retrieved from /home/sakana/anaconda3/envs/airflow_env/lib/python3.8/site-packages/airflow/example_dags/example_bash_decorator.py
[2024-11-12T16:51:57.530+0100] {logging_mixin.py:190} INFO - [2024-11-12T16:51:57.529+0100] {dag.py:3239} INFO - Sync 1 DAGs
[2024-11-12T16:51:57.556+0100] {logging_mixin.py:190} INFO - [2024-11-12T16:51:57.556+0100] {dag.py:4180} INFO - Setting next_dagrun for example_bash_decorator to None, run_after=None
[2024-11-12T16:51:57.626+0100] {processor.py:208} INFO - Processing /home/sakana/anaconda3/envs/airflow_env/lib/python3.8/site-packages/airflow/example_dags/example_bash_decorator.py took 0.217 seconds
[2024-11-12T16:52:54.689+0100] {processor.py:186} INFO - Started process (PID=8247) to work on /home/sakana/anaconda3/envs/airflow_env/lib/python3.8/site-packages/airflow/example_dags/example_bash_decorator.py
[2024-11-12T16:52:54.694+0100] {processor.py:914} INFO - Processing file /home/sakana/anaconda3/envs/airflow_env/lib/python3.8/site-packages/airflow/example_dags/example_bash_decorator.py for tasks to queue
[2024-11-12T16:52:54.696+0100] {logging_mixin.py:190} INFO - [2024-11-12T16:52:54.696+0100] {dagbag.py:588} INFO - Filling up the DagBag from /home/sakana/anaconda3/envs/airflow_env/lib/python3.8/site-packages/airflow/example_dags/example_bash_decorator.py
[2024-11-12T16:52:54.711+0100] {processor.py:925} INFO - DAG(s) 'example_bash_decorator' retrieved from /home/sakana/anaconda3/envs/airflow_env/lib/python3.8/site-packages/airflow/example_dags/example_bash_decorator.py
[2024-11-12T16:52:54.730+0100] {logging_mixin.py:190} INFO - [2024-11-12T16:52:54.730+0100] {dag.py:3239} INFO - Sync 1 DAGs
[2024-11-12T16:52:54.745+0100] {logging_mixin.py:190} INFO - [2024-11-12T16:52:54.744+0100] {dag.py:4180} INFO - Setting next_dagrun for example_bash_decorator to None, run_after=None
[2024-11-12T16:52:54.771+0100] {processor.py:208} INFO - Processing /home/sakana/anaconda3/envs/airflow_env/lib/python3.8/site-packages/airflow/example_dags/example_bash_decorator.py took 0.089 seconds
[2024-11-12T16:53:50.985+0100] {processor.py:186} INFO - Started process (PID=8349) to work on /home/sakana/anaconda3/envs/airflow_env/lib/python3.8/site-packages/airflow/example_dags/example_bash_decorator.py
[2024-11-12T16:53:50.990+0100] {processor.py:914} INFO - Processing file /home/sakana/anaconda3/envs/airflow_env/lib/python3.8/site-packages/airflow/example_dags/example_bash_decorator.py for tasks to queue
[2024-11-12T16:53:50.993+0100] {logging_mixin.py:190} INFO - [2024-11-12T16:53:50.992+0100] {dagbag.py:588} INFO - Filling up the DagBag from /home/sakana/anaconda3/envs/airflow_env/lib/python3.8/site-packages/airflow/example_dags/example_bash_decorator.py
[2024-11-12T16:53:51.012+0100] {processor.py:925} INFO - DAG(s) 'example_bash_decorator' retrieved from /home/sakana/anaconda3/envs/airflow_env/lib/python3.8/site-packages/airflow/example_dags/example_bash_decorator.py
[2024-11-12T16:53:51.032+0100] {logging_mixin.py:190} INFO - [2024-11-12T16:53:51.031+0100] {dag.py:3239} INFO - Sync 1 DAGs
[2024-11-12T16:53:51.048+0100] {logging_mixin.py:190} INFO - [2024-11-12T16:53:51.048+0100] {dag.py:4180} INFO - Setting next_dagrun for example_bash_decorator to None, run_after=None
[2024-11-12T16:53:51.080+0100] {processor.py:208} INFO - Processing /home/sakana/anaconda3/envs/airflow_env/lib/python3.8/site-packages/airflow/example_dags/example_bash_decorator.py took 0.104 seconds
[2024-11-12T16:54:52.584+0100] {processor.py:186} INFO - Started process (PID=8533) to work on /home/sakana/anaconda3/envs/airflow_env/lib/python3.8/site-packages/airflow/example_dags/example_bash_decorator.py
[2024-11-12T16:54:52.589+0100] {processor.py:914} INFO - Processing file /home/sakana/anaconda3/envs/airflow_env/lib/python3.8/site-packages/airflow/example_dags/example_bash_decorator.py for tasks to queue
[2024-11-12T16:54:52.592+0100] {logging_mixin.py:190} INFO - [2024-11-12T16:54:52.591+0100] {dagbag.py:588} INFO - Filling up the DagBag from /home/sakana/anaconda3/envs/airflow_env/lib/python3.8/site-packages/airflow/example_dags/example_bash_decorator.py
[2024-11-12T16:54:52.613+0100] {processor.py:925} INFO - DAG(s) 'example_bash_decorator' retrieved from /home/sakana/anaconda3/envs/airflow_env/lib/python3.8/site-packages/airflow/example_dags/example_bash_decorator.py
[2024-11-12T16:54:52.641+0100] {logging_mixin.py:190} INFO - [2024-11-12T16:54:52.641+0100] {dag.py:3239} INFO - Sync 1 DAGs
[2024-11-12T16:54:52.662+0100] {logging_mixin.py:190} INFO - [2024-11-12T16:54:52.661+0100] {dag.py:4180} INFO - Setting next_dagrun for example_bash_decorator to None, run_after=None
[2024-11-12T16:54:52.704+0100] {processor.py:208} INFO - Processing /home/sakana/anaconda3/envs/airflow_env/lib/python3.8/site-packages/airflow/example_dags/example_bash_decorator.py took 0.129 seconds
[2024-11-12T16:55:52.050+0100] {processor.py:186} INFO - Started process (PID=8604) to work on /home/sakana/anaconda3/envs/airflow_env/lib/python3.8/site-packages/airflow/example_dags/example_bash_decorator.py
[2024-11-12T16:55:52.056+0100] {processor.py:914} INFO - Processing file /home/sakana/anaconda3/envs/airflow_env/lib/python3.8/site-packages/airflow/example_dags/example_bash_decorator.py for tasks to queue
[2024-11-12T16:55:52.062+0100] {logging_mixin.py:190} INFO - [2024-11-12T16:55:52.061+0100] {dagbag.py:588} INFO - Filling up the DagBag from /home/sakana/anaconda3/envs/airflow_env/lib/python3.8/site-packages/airflow/example_dags/example_bash_decorator.py
[2024-11-12T16:55:52.088+0100] {processor.py:925} INFO - DAG(s) 'example_bash_decorator' retrieved from /home/sakana/anaconda3/envs/airflow_env/lib/python3.8/site-packages/airflow/example_dags/example_bash_decorator.py
[2024-11-12T16:55:52.108+0100] {logging_mixin.py:190} INFO - [2024-11-12T16:55:52.108+0100] {dag.py:3239} INFO - Sync 1 DAGs
[2024-11-12T16:55:52.124+0100] {logging_mixin.py:190} INFO - [2024-11-12T16:55:52.123+0100] {dag.py:4180} INFO - Setting next_dagrun for example_bash_decorator to None, run_after=None
[2024-11-12T16:55:52.160+0100] {processor.py:208} INFO - Processing /home/sakana/anaconda3/envs/airflow_env/lib/python3.8/site-packages/airflow/example_dags/example_bash_decorator.py took 0.119 seconds
[2024-11-12T16:56:50.807+0100] {processor.py:186} INFO - Started process (PID=8678) to work on /home/sakana/anaconda3/envs/airflow_env/lib/python3.8/site-packages/airflow/example_dags/example_bash_decorator.py
[2024-11-12T16:56:50.813+0100] {processor.py:914} INFO - Processing file /home/sakana/anaconda3/envs/airflow_env/lib/python3.8/site-packages/airflow/example_dags/example_bash_decorator.py for tasks to queue
[2024-11-12T16:56:50.816+0100] {logging_mixin.py:190} INFO - [2024-11-12T16:56:50.816+0100] {dagbag.py:588} INFO - Filling up the DagBag from /home/sakana/anaconda3/envs/airflow_env/lib/python3.8/site-packages/airflow/example_dags/example_bash_decorator.py
[2024-11-12T16:56:50.837+0100] {processor.py:925} INFO - DAG(s) 'example_bash_decorator' retrieved from /home/sakana/anaconda3/envs/airflow_env/lib/python3.8/site-packages/airflow/example_dags/example_bash_decorator.py
[2024-11-12T16:56:50.855+0100] {logging_mixin.py:190} INFO - [2024-11-12T16:56:50.855+0100] {dag.py:3239} INFO - Sync 1 DAGs
[2024-11-12T16:56:50.865+0100] {logging_mixin.py:190} INFO - [2024-11-12T16:56:50.865+0100] {dag.py:4180} INFO - Setting next_dagrun for example_bash_decorator to None, run_after=None
[2024-11-12T16:56:50.897+0100] {processor.py:208} INFO - Processing /home/sakana/anaconda3/envs/airflow_env/lib/python3.8/site-packages/airflow/example_dags/example_bash_decorator.py took 0.102 seconds
[2024-11-12T16:57:51.979+0100] {processor.py:186} INFO - Started process (PID=8761) to work on /home/sakana/anaconda3/envs/airflow_env/lib/python3.8/site-packages/airflow/example_dags/example_bash_decorator.py
[2024-11-12T16:57:51.984+0100] {processor.py:914} INFO - Processing file /home/sakana/anaconda3/envs/airflow_env/lib/python3.8/site-packages/airflow/example_dags/example_bash_decorator.py for tasks to queue
[2024-11-12T16:57:51.986+0100] {logging_mixin.py:190} INFO - [2024-11-12T16:57:51.986+0100] {dagbag.py:588} INFO - Filling up the DagBag from /home/sakana/anaconda3/envs/airflow_env/lib/python3.8/site-packages/airflow/example_dags/example_bash_decorator.py
[2024-11-12T16:57:52.004+0100] {processor.py:925} INFO - DAG(s) 'example_bash_decorator' retrieved from /home/sakana/anaconda3/envs/airflow_env/lib/python3.8/site-packages/airflow/example_dags/example_bash_decorator.py
[2024-11-12T16:57:52.026+0100] {logging_mixin.py:190} INFO - [2024-11-12T16:57:52.026+0100] {dag.py:3239} INFO - Sync 1 DAGs
[2024-11-12T16:57:52.039+0100] {logging_mixin.py:190} INFO - [2024-11-12T16:57:52.039+0100] {dag.py:4180} INFO - Setting next_dagrun for example_bash_decorator to None, run_after=None
[2024-11-12T16:57:52.073+0100] {processor.py:208} INFO - Processing /home/sakana/anaconda3/envs/airflow_env/lib/python3.8/site-packages/airflow/example_dags/example_bash_decorator.py took 0.101 seconds
[2024-11-12T16:58:53.028+0100] {processor.py:186} INFO - Started process (PID=8865) to work on /home/sakana/anaconda3/envs/airflow_env/lib/python3.8/site-packages/airflow/example_dags/example_bash_decorator.py
[2024-11-12T16:58:53.033+0100] {processor.py:914} INFO - Processing file /home/sakana/anaconda3/envs/airflow_env/lib/python3.8/site-packages/airflow/example_dags/example_bash_decorator.py for tasks to queue
[2024-11-12T16:58:53.035+0100] {logging_mixin.py:190} INFO - [2024-11-12T16:58:53.035+0100] {dagbag.py:588} INFO - Filling up the DagBag from /home/sakana/anaconda3/envs/airflow_env/lib/python3.8/site-packages/airflow/example_dags/example_bash_decorator.py
[2024-11-12T16:58:53.051+0100] {processor.py:925} INFO - DAG(s) 'example_bash_decorator' retrieved from /home/sakana/anaconda3/envs/airflow_env/lib/python3.8/site-packages/airflow/example_dags/example_bash_decorator.py
[2024-11-12T16:58:53.069+0100] {logging_mixin.py:190} INFO - [2024-11-12T16:58:53.069+0100] {dag.py:3239} INFO - Sync 1 DAGs
[2024-11-12T16:58:53.079+0100] {logging_mixin.py:190} INFO - [2024-11-12T16:58:53.079+0100] {dag.py:4180} INFO - Setting next_dagrun for example_bash_decorator to None, run_after=None
[2024-11-12T16:58:53.108+0100] {processor.py:208} INFO - Processing /home/sakana/anaconda3/envs/airflow_env/lib/python3.8/site-packages/airflow/example_dags/example_bash_decorator.py took 0.088 seconds
[2024-11-12T16:59:54.806+0100] {processor.py:186} INFO - Started process (PID=8940) to work on /home/sakana/anaconda3/envs/airflow_env/lib/python3.8/site-packages/airflow/example_dags/example_bash_decorator.py
[2024-11-12T16:59:54.811+0100] {processor.py:914} INFO - Processing file /home/sakana/anaconda3/envs/airflow_env/lib/python3.8/site-packages/airflow/example_dags/example_bash_decorator.py for tasks to queue
[2024-11-12T16:59:54.812+0100] {logging_mixin.py:190} INFO - [2024-11-12T16:59:54.812+0100] {dagbag.py:588} INFO - Filling up the DagBag from /home/sakana/anaconda3/envs/airflow_env/lib/python3.8/site-packages/airflow/example_dags/example_bash_decorator.py
[2024-11-12T16:59:54.828+0100] {processor.py:925} INFO - DAG(s) 'example_bash_decorator' retrieved from /home/sakana/anaconda3/envs/airflow_env/lib/python3.8/site-packages/airflow/example_dags/example_bash_decorator.py
[2024-11-12T16:59:54.848+0100] {logging_mixin.py:190} INFO - [2024-11-12T16:59:54.847+0100] {dag.py:3239} INFO - Sync 1 DAGs
[2024-11-12T16:59:54.863+0100] {logging_mixin.py:190} INFO - [2024-11-12T16:59:54.863+0100] {dag.py:4180} INFO - Setting next_dagrun for example_bash_decorator to None, run_after=None
[2024-11-12T16:59:54.898+0100] {processor.py:208} INFO - Processing /home/sakana/anaconda3/envs/airflow_env/lib/python3.8/site-packages/airflow/example_dags/example_bash_decorator.py took 0.098 seconds
[2024-11-12T17:00:55.055+0100] {processor.py:186} INFO - Started process (PID=9012) to work on /home/sakana/anaconda3/envs/airflow_env/lib/python3.8/site-packages/airflow/example_dags/example_bash_decorator.py
[2024-11-12T17:00:55.056+0100] {processor.py:914} INFO - Processing file /home/sakana/anaconda3/envs/airflow_env/lib/python3.8/site-packages/airflow/example_dags/example_bash_decorator.py for tasks to queue
[2024-11-12T17:00:55.059+0100] {logging_mixin.py:190} INFO - [2024-11-12T17:00:55.059+0100] {dagbag.py:588} INFO - Filling up the DagBag from /home/sakana/anaconda3/envs/airflow_env/lib/python3.8/site-packages/airflow/example_dags/example_bash_decorator.py
[2024-11-12T17:00:55.077+0100] {processor.py:925} INFO - DAG(s) 'example_bash_decorator' retrieved from /home/sakana/anaconda3/envs/airflow_env/lib/python3.8/site-packages/airflow/example_dags/example_bash_decorator.py
[2024-11-12T17:00:55.095+0100] {logging_mixin.py:190} INFO - [2024-11-12T17:00:55.095+0100] {dag.py:3239} INFO - Sync 1 DAGs
[2024-11-12T17:00:55.106+0100] {logging_mixin.py:190} INFO - [2024-11-12T17:00:55.106+0100] {dag.py:4180} INFO - Setting next_dagrun for example_bash_decorator to None, run_after=None
[2024-11-12T17:00:55.131+0100] {processor.py:208} INFO - Processing /home/sakana/anaconda3/envs/airflow_env/lib/python3.8/site-packages/airflow/example_dags/example_bash_decorator.py took 0.083 seconds
[2024-11-12T17:19:00.358+0100] {processor.py:186} INFO - Started process (PID=9330) to work on /home/sakana/anaconda3/envs/airflow_env/lib/python3.8/site-packages/airflow/example_dags/example_bash_decorator.py
[2024-11-12T17:19:00.363+0100] {processor.py:914} INFO - Processing file /home/sakana/anaconda3/envs/airflow_env/lib/python3.8/site-packages/airflow/example_dags/example_bash_decorator.py for tasks to queue
[2024-11-12T17:19:00.366+0100] {logging_mixin.py:190} INFO - [2024-11-12T17:19:00.365+0100] {dagbag.py:588} INFO - Filling up the DagBag from /home/sakana/anaconda3/envs/airflow_env/lib/python3.8/site-packages/airflow/example_dags/example_bash_decorator.py
[2024-11-12T17:19:00.380+0100] {processor.py:925} INFO - DAG(s) 'example_bash_decorator' retrieved from /home/sakana/anaconda3/envs/airflow_env/lib/python3.8/site-packages/airflow/example_dags/example_bash_decorator.py
[2024-11-12T17:19:00.396+0100] {logging_mixin.py:190} INFO - [2024-11-12T17:19:00.396+0100] {dag.py:3239} INFO - Sync 1 DAGs
[2024-11-12T17:19:00.406+0100] {logging_mixin.py:190} INFO - [2024-11-12T17:19:00.406+0100] {dag.py:4180} INFO - Setting next_dagrun for example_bash_decorator to None, run_after=None
[2024-11-12T17:19:00.440+0100] {processor.py:208} INFO - Processing /home/sakana/anaconda3/envs/airflow_env/lib/python3.8/site-packages/airflow/example_dags/example_bash_decorator.py took 0.094 seconds
[2024-11-12T17:20:11.011+0100] {processor.py:186} INFO - Started process (PID=9644) to work on /home/sakana/anaconda3/envs/airflow_env/lib/python3.8/site-packages/airflow/example_dags/example_bash_decorator.py
[2024-11-12T17:20:11.013+0100] {processor.py:914} INFO - Processing file /home/sakana/anaconda3/envs/airflow_env/lib/python3.8/site-packages/airflow/example_dags/example_bash_decorator.py for tasks to queue
[2024-11-12T17:20:11.017+0100] {logging_mixin.py:190} INFO - [2024-11-12T17:20:11.016+0100] {dagbag.py:588} INFO - Filling up the DagBag from /home/sakana/anaconda3/envs/airflow_env/lib/python3.8/site-packages/airflow/example_dags/example_bash_decorator.py
[2024-11-12T17:20:11.050+0100] {processor.py:925} INFO - DAG(s) 'example_bash_decorator' retrieved from /home/sakana/anaconda3/envs/airflow_env/lib/python3.8/site-packages/airflow/example_dags/example_bash_decorator.py
[2024-11-12T17:20:11.083+0100] {logging_mixin.py:190} INFO - [2024-11-12T17:20:11.083+0100] {dag.py:3239} INFO - Sync 1 DAGs
[2024-11-12T17:20:11.099+0100] {logging_mixin.py:190} INFO - [2024-11-12T17:20:11.098+0100] {dag.py:4180} INFO - Setting next_dagrun for example_bash_decorator to None, run_after=None
[2024-11-12T17:20:11.133+0100] {processor.py:208} INFO - Processing /home/sakana/anaconda3/envs/airflow_env/lib/python3.8/site-packages/airflow/example_dags/example_bash_decorator.py took 0.140 seconds
[2024-11-12T17:21:18.954+0100] {processor.py:186} INFO - Started process (PID=9742) to work on /home/sakana/anaconda3/envs/airflow_env/lib/python3.8/site-packages/airflow/example_dags/example_bash_decorator.py
[2024-11-12T17:21:18.959+0100] {processor.py:914} INFO - Processing file /home/sakana/anaconda3/envs/airflow_env/lib/python3.8/site-packages/airflow/example_dags/example_bash_decorator.py for tasks to queue
[2024-11-12T17:21:18.963+0100] {logging_mixin.py:190} INFO - [2024-11-12T17:21:18.963+0100] {dagbag.py:588} INFO - Filling up the DagBag from /home/sakana/anaconda3/envs/airflow_env/lib/python3.8/site-packages/airflow/example_dags/example_bash_decorator.py
[2024-11-12T17:21:18.998+0100] {processor.py:925} INFO - DAG(s) 'example_bash_decorator' retrieved from /home/sakana/anaconda3/envs/airflow_env/lib/python3.8/site-packages/airflow/example_dags/example_bash_decorator.py
[2024-11-12T17:21:19.035+0100] {logging_mixin.py:190} INFO - [2024-11-12T17:21:19.034+0100] {dag.py:3239} INFO - Sync 1 DAGs
[2024-11-12T17:21:19.051+0100] {logging_mixin.py:190} INFO - [2024-11-12T17:21:19.051+0100] {dag.py:4180} INFO - Setting next_dagrun for example_bash_decorator to None, run_after=None
[2024-11-12T17:21:19.120+0100] {processor.py:208} INFO - Processing /home/sakana/anaconda3/envs/airflow_env/lib/python3.8/site-packages/airflow/example_dags/example_bash_decorator.py took 0.181 seconds
[2024-11-12T17:22:26.302+0100] {processor.py:186} INFO - Started process (PID=9865) to work on /home/sakana/anaconda3/envs/airflow_env/lib/python3.8/site-packages/airflow/example_dags/example_bash_decorator.py
[2024-11-12T17:22:26.309+0100] {processor.py:914} INFO - Processing file /home/sakana/anaconda3/envs/airflow_env/lib/python3.8/site-packages/airflow/example_dags/example_bash_decorator.py for tasks to queue
[2024-11-12T17:22:26.315+0100] {logging_mixin.py:190} INFO - [2024-11-12T17:22:26.314+0100] {dagbag.py:588} INFO - Filling up the DagBag from /home/sakana/anaconda3/envs/airflow_env/lib/python3.8/site-packages/airflow/example_dags/example_bash_decorator.py
[2024-11-12T17:22:26.364+0100] {processor.py:925} INFO - DAG(s) 'example_bash_decorator' retrieved from /home/sakana/anaconda3/envs/airflow_env/lib/python3.8/site-packages/airflow/example_dags/example_bash_decorator.py
[2024-11-12T17:22:26.392+0100] {logging_mixin.py:190} INFO - [2024-11-12T17:22:26.392+0100] {dag.py:3239} INFO - Sync 1 DAGs
[2024-11-12T17:22:26.407+0100] {logging_mixin.py:190} INFO - [2024-11-12T17:22:26.407+0100] {dag.py:4180} INFO - Setting next_dagrun for example_bash_decorator to None, run_after=None
[2024-11-12T17:22:26.443+0100] {processor.py:208} INFO - Processing /home/sakana/anaconda3/envs/airflow_env/lib/python3.8/site-packages/airflow/example_dags/example_bash_decorator.py took 0.163 seconds
[2024-11-12T17:23:40.681+0100] {processor.py:186} INFO - Started process (PID=10013) to work on /home/sakana/anaconda3/envs/airflow_env/lib/python3.8/site-packages/airflow/example_dags/example_bash_decorator.py
[2024-11-12T17:23:40.683+0100] {processor.py:914} INFO - Processing file /home/sakana/anaconda3/envs/airflow_env/lib/python3.8/site-packages/airflow/example_dags/example_bash_decorator.py for tasks to queue
[2024-11-12T17:23:40.688+0100] {logging_mixin.py:190} INFO - [2024-11-12T17:23:40.687+0100] {dagbag.py:588} INFO - Filling up the DagBag from /home/sakana/anaconda3/envs/airflow_env/lib/python3.8/site-packages/airflow/example_dags/example_bash_decorator.py
[2024-11-12T17:23:40.730+0100] {processor.py:925} INFO - DAG(s) 'example_bash_decorator' retrieved from /home/sakana/anaconda3/envs/airflow_env/lib/python3.8/site-packages/airflow/example_dags/example_bash_decorator.py
[2024-11-12T17:23:40.762+0100] {logging_mixin.py:190} INFO - [2024-11-12T17:23:40.762+0100] {dag.py:3239} INFO - Sync 1 DAGs
[2024-11-12T17:23:40.783+0100] {logging_mixin.py:190} INFO - [2024-11-12T17:23:40.783+0100] {dag.py:4180} INFO - Setting next_dagrun for example_bash_decorator to None, run_after=None
[2024-11-12T17:23:40.835+0100] {processor.py:208} INFO - Processing /home/sakana/anaconda3/envs/airflow_env/lib/python3.8/site-packages/airflow/example_dags/example_bash_decorator.py took 0.169 seconds
[2024-11-12T17:24:52.859+0100] {processor.py:186} INFO - Started process (PID=10168) to work on /home/sakana/anaconda3/envs/airflow_env/lib/python3.8/site-packages/airflow/example_dags/example_bash_decorator.py
[2024-11-12T17:24:52.865+0100] {processor.py:914} INFO - Processing file /home/sakana/anaconda3/envs/airflow_env/lib/python3.8/site-packages/airflow/example_dags/example_bash_decorator.py for tasks to queue
[2024-11-12T17:24:52.870+0100] {logging_mixin.py:190} INFO - [2024-11-12T17:24:52.869+0100] {dagbag.py:588} INFO - Filling up the DagBag from /home/sakana/anaconda3/envs/airflow_env/lib/python3.8/site-packages/airflow/example_dags/example_bash_decorator.py
[2024-11-12T17:24:52.917+0100] {processor.py:925} INFO - DAG(s) 'example_bash_decorator' retrieved from /home/sakana/anaconda3/envs/airflow_env/lib/python3.8/site-packages/airflow/example_dags/example_bash_decorator.py
[2024-11-12T17:24:52.962+0100] {logging_mixin.py:190} INFO - [2024-11-12T17:24:52.962+0100] {dag.py:3239} INFO - Sync 1 DAGs
[2024-11-12T17:24:52.997+0100] {logging_mixin.py:190} INFO - [2024-11-12T17:24:52.996+0100] {dag.py:4180} INFO - Setting next_dagrun for example_bash_decorator to None, run_after=None
[2024-11-12T17:24:53.114+0100] {processor.py:208} INFO - Processing /home/sakana/anaconda3/envs/airflow_env/lib/python3.8/site-packages/airflow/example_dags/example_bash_decorator.py took 0.268 seconds
[2024-11-12T17:26:07.434+0100] {processor.py:186} INFO - Started process (PID=10268) to work on /home/sakana/anaconda3/envs/airflow_env/lib/python3.8/site-packages/airflow/example_dags/example_bash_decorator.py
[2024-11-12T17:26:07.440+0100] {processor.py:914} INFO - Processing file /home/sakana/anaconda3/envs/airflow_env/lib/python3.8/site-packages/airflow/example_dags/example_bash_decorator.py for tasks to queue
[2024-11-12T17:26:07.446+0100] {logging_mixin.py:190} INFO - [2024-11-12T17:26:07.445+0100] {dagbag.py:588} INFO - Filling up the DagBag from /home/sakana/anaconda3/envs/airflow_env/lib/python3.8/site-packages/airflow/example_dags/example_bash_decorator.py
[2024-11-12T17:26:07.483+0100] {processor.py:925} INFO - DAG(s) 'example_bash_decorator' retrieved from /home/sakana/anaconda3/envs/airflow_env/lib/python3.8/site-packages/airflow/example_dags/example_bash_decorator.py
[2024-11-12T17:26:07.524+0100] {logging_mixin.py:190} INFO - [2024-11-12T17:26:07.524+0100] {dag.py:3239} INFO - Sync 1 DAGs
[2024-11-12T17:26:07.554+0100] {logging_mixin.py:190} INFO - [2024-11-12T17:26:07.554+0100] {dag.py:4180} INFO - Setting next_dagrun for example_bash_decorator to None, run_after=None
[2024-11-12T17:26:07.605+0100] {processor.py:208} INFO - Processing /home/sakana/anaconda3/envs/airflow_env/lib/python3.8/site-packages/airflow/example_dags/example_bash_decorator.py took 0.182 seconds
[2024-11-12T17:27:19.677+0100] {processor.py:186} INFO - Started process (PID=10381) to work on /home/sakana/anaconda3/envs/airflow_env/lib/python3.8/site-packages/airflow/example_dags/example_bash_decorator.py
[2024-11-12T17:27:19.683+0100] {processor.py:914} INFO - Processing file /home/sakana/anaconda3/envs/airflow_env/lib/python3.8/site-packages/airflow/example_dags/example_bash_decorator.py for tasks to queue
[2024-11-12T17:27:19.687+0100] {logging_mixin.py:190} INFO - [2024-11-12T17:27:19.686+0100] {dagbag.py:588} INFO - Filling up the DagBag from /home/sakana/anaconda3/envs/airflow_env/lib/python3.8/site-packages/airflow/example_dags/example_bash_decorator.py
[2024-11-12T17:27:19.725+0100] {processor.py:925} INFO - DAG(s) 'example_bash_decorator' retrieved from /home/sakana/anaconda3/envs/airflow_env/lib/python3.8/site-packages/airflow/example_dags/example_bash_decorator.py
[2024-11-12T17:27:19.755+0100] {logging_mixin.py:190} INFO - [2024-11-12T17:27:19.754+0100] {dag.py:3239} INFO - Sync 1 DAGs
[2024-11-12T17:27:19.772+0100] {logging_mixin.py:190} INFO - [2024-11-12T17:27:19.771+0100] {dag.py:4180} INFO - Setting next_dagrun for example_bash_decorator to None, run_after=None
[2024-11-12T17:27:19.846+0100] {processor.py:208} INFO - Processing /home/sakana/anaconda3/envs/airflow_env/lib/python3.8/site-packages/airflow/example_dags/example_bash_decorator.py took 0.184 seconds
[2024-11-12T17:28:31.896+0100] {processor.py:186} INFO - Started process (PID=10484) to work on /home/sakana/anaconda3/envs/airflow_env/lib/python3.8/site-packages/airflow/example_dags/example_bash_decorator.py
[2024-11-12T17:28:31.901+0100] {processor.py:914} INFO - Processing file /home/sakana/anaconda3/envs/airflow_env/lib/python3.8/site-packages/airflow/example_dags/example_bash_decorator.py for tasks to queue
[2024-11-12T17:28:31.904+0100] {logging_mixin.py:190} INFO - [2024-11-12T17:28:31.904+0100] {dagbag.py:588} INFO - Filling up the DagBag from /home/sakana/anaconda3/envs/airflow_env/lib/python3.8/site-packages/airflow/example_dags/example_bash_decorator.py
[2024-11-12T17:28:31.924+0100] {processor.py:925} INFO - DAG(s) 'example_bash_decorator' retrieved from /home/sakana/anaconda3/envs/airflow_env/lib/python3.8/site-packages/airflow/example_dags/example_bash_decorator.py
[2024-11-12T17:28:31.950+0100] {logging_mixin.py:190} INFO - [2024-11-12T17:28:31.950+0100] {dag.py:3239} INFO - Sync 1 DAGs
[2024-11-12T17:28:31.965+0100] {logging_mixin.py:190} INFO - [2024-11-12T17:28:31.965+0100] {dag.py:4180} INFO - Setting next_dagrun for example_bash_decorator to None, run_after=None
[2024-11-12T17:28:32.003+0100] {processor.py:208} INFO - Processing /home/sakana/anaconda3/envs/airflow_env/lib/python3.8/site-packages/airflow/example_dags/example_bash_decorator.py took 0.117 seconds
[2024-11-12T17:29:45.474+0100] {processor.py:186} INFO - Started process (PID=10597) to work on /home/sakana/anaconda3/envs/airflow_env/lib/python3.8/site-packages/airflow/example_dags/example_bash_decorator.py
[2024-11-12T17:29:45.479+0100] {processor.py:914} INFO - Processing file /home/sakana/anaconda3/envs/airflow_env/lib/python3.8/site-packages/airflow/example_dags/example_bash_decorator.py for tasks to queue
[2024-11-12T17:29:45.482+0100] {logging_mixin.py:190} INFO - [2024-11-12T17:29:45.481+0100] {dagbag.py:588} INFO - Filling up the DagBag from /home/sakana/anaconda3/envs/airflow_env/lib/python3.8/site-packages/airflow/example_dags/example_bash_decorator.py
[2024-11-12T17:29:45.509+0100] {processor.py:925} INFO - DAG(s) 'example_bash_decorator' retrieved from /home/sakana/anaconda3/envs/airflow_env/lib/python3.8/site-packages/airflow/example_dags/example_bash_decorator.py
[2024-11-12T17:29:45.549+0100] {logging_mixin.py:190} INFO - [2024-11-12T17:29:45.549+0100] {dag.py:3239} INFO - Sync 1 DAGs
[2024-11-12T17:29:45.576+0100] {logging_mixin.py:190} INFO - [2024-11-12T17:29:45.576+0100] {dag.py:4180} INFO - Setting next_dagrun for example_bash_decorator to None, run_after=None
[2024-11-12T17:29:45.642+0100] {processor.py:208} INFO - Processing /home/sakana/anaconda3/envs/airflow_env/lib/python3.8/site-packages/airflow/example_dags/example_bash_decorator.py took 0.184 seconds
[2024-11-12T17:30:56.767+0100] {processor.py:186} INFO - Started process (PID=10675) to work on /home/sakana/anaconda3/envs/airflow_env/lib/python3.8/site-packages/airflow/example_dags/example_bash_decorator.py
[2024-11-12T17:30:56.773+0100] {processor.py:914} INFO - Processing file /home/sakana/anaconda3/envs/airflow_env/lib/python3.8/site-packages/airflow/example_dags/example_bash_decorator.py for tasks to queue
[2024-11-12T17:30:56.776+0100] {logging_mixin.py:190} INFO - [2024-11-12T17:30:56.775+0100] {dagbag.py:588} INFO - Filling up the DagBag from /home/sakana/anaconda3/envs/airflow_env/lib/python3.8/site-packages/airflow/example_dags/example_bash_decorator.py
[2024-11-12T17:30:56.802+0100] {processor.py:925} INFO - DAG(s) 'example_bash_decorator' retrieved from /home/sakana/anaconda3/envs/airflow_env/lib/python3.8/site-packages/airflow/example_dags/example_bash_decorator.py
[2024-11-12T17:30:56.830+0100] {logging_mixin.py:190} INFO - [2024-11-12T17:30:56.830+0100] {dag.py:3239} INFO - Sync 1 DAGs
[2024-11-12T17:30:56.853+0100] {logging_mixin.py:190} INFO - [2024-11-12T17:30:56.853+0100] {dag.py:4180} INFO - Setting next_dagrun for example_bash_decorator to None, run_after=None
[2024-11-12T17:30:56.891+0100] {processor.py:208} INFO - Processing /home/sakana/anaconda3/envs/airflow_env/lib/python3.8/site-packages/airflow/example_dags/example_bash_decorator.py took 0.135 seconds
[2024-11-12T17:32:08.735+0100] {processor.py:186} INFO - Started process (PID=10766) to work on /home/sakana/anaconda3/envs/airflow_env/lib/python3.8/site-packages/airflow/example_dags/example_bash_decorator.py
[2024-11-12T17:32:08.740+0100] {processor.py:914} INFO - Processing file /home/sakana/anaconda3/envs/airflow_env/lib/python3.8/site-packages/airflow/example_dags/example_bash_decorator.py for tasks to queue
[2024-11-12T17:32:08.746+0100] {logging_mixin.py:190} INFO - [2024-11-12T17:32:08.745+0100] {dagbag.py:588} INFO - Filling up the DagBag from /home/sakana/anaconda3/envs/airflow_env/lib/python3.8/site-packages/airflow/example_dags/example_bash_decorator.py
[2024-11-12T17:32:08.777+0100] {processor.py:925} INFO - DAG(s) 'example_bash_decorator' retrieved from /home/sakana/anaconda3/envs/airflow_env/lib/python3.8/site-packages/airflow/example_dags/example_bash_decorator.py
[2024-11-12T17:32:08.811+0100] {logging_mixin.py:190} INFO - [2024-11-12T17:32:08.810+0100] {dag.py:3239} INFO - Sync 1 DAGs
[2024-11-12T17:32:08.829+0100] {logging_mixin.py:190} INFO - [2024-11-12T17:32:08.828+0100] {dag.py:4180} INFO - Setting next_dagrun for example_bash_decorator to None, run_after=None
[2024-11-12T17:32:08.895+0100] {processor.py:208} INFO - Processing /home/sakana/anaconda3/envs/airflow_env/lib/python3.8/site-packages/airflow/example_dags/example_bash_decorator.py took 0.171 seconds
[2024-11-12T17:33:16.051+0100] {processor.py:186} INFO - Started process (PID=10940) to work on /home/sakana/anaconda3/envs/airflow_env/lib/python3.8/site-packages/airflow/example_dags/example_bash_decorator.py
[2024-11-12T17:33:16.056+0100] {processor.py:914} INFO - Processing file /home/sakana/anaconda3/envs/airflow_env/lib/python3.8/site-packages/airflow/example_dags/example_bash_decorator.py for tasks to queue
[2024-11-12T17:33:16.060+0100] {logging_mixin.py:190} INFO - [2024-11-12T17:33:16.059+0100] {dagbag.py:588} INFO - Filling up the DagBag from /home/sakana/anaconda3/envs/airflow_env/lib/python3.8/site-packages/airflow/example_dags/example_bash_decorator.py
[2024-11-12T17:33:16.081+0100] {processor.py:925} INFO - DAG(s) 'example_bash_decorator' retrieved from /home/sakana/anaconda3/envs/airflow_env/lib/python3.8/site-packages/airflow/example_dags/example_bash_decorator.py
[2024-11-12T17:33:16.102+0100] {logging_mixin.py:190} INFO - [2024-11-12T17:33:16.102+0100] {dag.py:3239} INFO - Sync 1 DAGs
[2024-11-12T17:33:16.115+0100] {logging_mixin.py:190} INFO - [2024-11-12T17:33:16.115+0100] {dag.py:4180} INFO - Setting next_dagrun for example_bash_decorator to None, run_after=None
[2024-11-12T17:33:16.140+0100] {processor.py:208} INFO - Processing /home/sakana/anaconda3/envs/airflow_env/lib/python3.8/site-packages/airflow/example_dags/example_bash_decorator.py took 0.097 seconds
[2024-11-12T17:34:19.455+0100] {processor.py:186} INFO - Started process (PID=11119) to work on /home/sakana/anaconda3/envs/airflow_env/lib/python3.8/site-packages/airflow/example_dags/example_bash_decorator.py
[2024-11-12T17:34:19.460+0100] {processor.py:914} INFO - Processing file /home/sakana/anaconda3/envs/airflow_env/lib/python3.8/site-packages/airflow/example_dags/example_bash_decorator.py for tasks to queue
[2024-11-12T17:34:19.462+0100] {logging_mixin.py:190} INFO - [2024-11-12T17:34:19.462+0100] {dagbag.py:588} INFO - Filling up the DagBag from /home/sakana/anaconda3/envs/airflow_env/lib/python3.8/site-packages/airflow/example_dags/example_bash_decorator.py
[2024-11-12T17:34:19.481+0100] {processor.py:925} INFO - DAG(s) 'example_bash_decorator' retrieved from /home/sakana/anaconda3/envs/airflow_env/lib/python3.8/site-packages/airflow/example_dags/example_bash_decorator.py
[2024-11-12T17:34:19.499+0100] {logging_mixin.py:190} INFO - [2024-11-12T17:34:19.499+0100] {dag.py:3239} INFO - Sync 1 DAGs
[2024-11-12T17:34:19.511+0100] {logging_mixin.py:190} INFO - [2024-11-12T17:34:19.510+0100] {dag.py:4180} INFO - Setting next_dagrun for example_bash_decorator to None, run_after=None
[2024-11-12T17:34:19.534+0100] {processor.py:208} INFO - Processing /home/sakana/anaconda3/envs/airflow_env/lib/python3.8/site-packages/airflow/example_dags/example_bash_decorator.py took 0.086 seconds
[2024-11-12T17:35:21.717+0100] {processor.py:186} INFO - Started process (PID=11206) to work on /home/sakana/anaconda3/envs/airflow_env/lib/python3.8/site-packages/airflow/example_dags/example_bash_decorator.py
[2024-11-12T17:35:21.723+0100] {processor.py:914} INFO - Processing file /home/sakana/anaconda3/envs/airflow_env/lib/python3.8/site-packages/airflow/example_dags/example_bash_decorator.py for tasks to queue
[2024-11-12T17:35:21.729+0100] {logging_mixin.py:190} INFO - [2024-11-12T17:35:21.728+0100] {dagbag.py:588} INFO - Filling up the DagBag from /home/sakana/anaconda3/envs/airflow_env/lib/python3.8/site-packages/airflow/example_dags/example_bash_decorator.py
[2024-11-12T17:35:21.758+0100] {processor.py:925} INFO - DAG(s) 'example_bash_decorator' retrieved from /home/sakana/anaconda3/envs/airflow_env/lib/python3.8/site-packages/airflow/example_dags/example_bash_decorator.py
[2024-11-12T17:35:21.778+0100] {logging_mixin.py:190} INFO - [2024-11-12T17:35:21.778+0100] {dag.py:3239} INFO - Sync 1 DAGs
[2024-11-12T17:35:21.790+0100] {logging_mixin.py:190} INFO - [2024-11-12T17:35:21.789+0100] {dag.py:4180} INFO - Setting next_dagrun for example_bash_decorator to None, run_after=None
[2024-11-12T17:35:21.814+0100] {processor.py:208} INFO - Processing /home/sakana/anaconda3/envs/airflow_env/lib/python3.8/site-packages/airflow/example_dags/example_bash_decorator.py took 0.104 seconds
[2024-11-12T17:36:19.945+0100] {processor.py:186} INFO - Started process (PID=11275) to work on /home/sakana/anaconda3/envs/airflow_env/lib/python3.8/site-packages/airflow/example_dags/example_bash_decorator.py
[2024-11-12T17:36:19.951+0100] {processor.py:914} INFO - Processing file /home/sakana/anaconda3/envs/airflow_env/lib/python3.8/site-packages/airflow/example_dags/example_bash_decorator.py for tasks to queue
[2024-11-12T17:36:19.953+0100] {logging_mixin.py:190} INFO - [2024-11-12T17:36:19.953+0100] {dagbag.py:588} INFO - Filling up the DagBag from /home/sakana/anaconda3/envs/airflow_env/lib/python3.8/site-packages/airflow/example_dags/example_bash_decorator.py
[2024-11-12T17:36:19.973+0100] {processor.py:925} INFO - DAG(s) 'example_bash_decorator' retrieved from /home/sakana/anaconda3/envs/airflow_env/lib/python3.8/site-packages/airflow/example_dags/example_bash_decorator.py
[2024-11-12T17:36:19.992+0100] {logging_mixin.py:190} INFO - [2024-11-12T17:36:19.992+0100] {dag.py:3239} INFO - Sync 1 DAGs
[2024-11-12T17:36:20.003+0100] {logging_mixin.py:190} INFO - [2024-11-12T17:36:20.003+0100] {dag.py:4180} INFO - Setting next_dagrun for example_bash_decorator to None, run_after=None
[2024-11-12T17:36:20.029+0100] {processor.py:208} INFO - Processing /home/sakana/anaconda3/envs/airflow_env/lib/python3.8/site-packages/airflow/example_dags/example_bash_decorator.py took 0.093 seconds
[2024-11-12T17:37:18.758+0100] {processor.py:186} INFO - Started process (PID=11360) to work on /home/sakana/anaconda3/envs/airflow_env/lib/python3.8/site-packages/airflow/example_dags/example_bash_decorator.py
[2024-11-12T17:37:18.769+0100] {processor.py:914} INFO - Processing file /home/sakana/anaconda3/envs/airflow_env/lib/python3.8/site-packages/airflow/example_dags/example_bash_decorator.py for tasks to queue
[2024-11-12T17:37:18.771+0100] {logging_mixin.py:190} INFO - [2024-11-12T17:37:18.771+0100] {dagbag.py:588} INFO - Filling up the DagBag from /home/sakana/anaconda3/envs/airflow_env/lib/python3.8/site-packages/airflow/example_dags/example_bash_decorator.py
[2024-11-12T17:37:18.785+0100] {processor.py:925} INFO - DAG(s) 'example_bash_decorator' retrieved from /home/sakana/anaconda3/envs/airflow_env/lib/python3.8/site-packages/airflow/example_dags/example_bash_decorator.py
[2024-11-12T17:37:18.802+0100] {logging_mixin.py:190} INFO - [2024-11-12T17:37:18.802+0100] {dag.py:3239} INFO - Sync 1 DAGs
[2024-11-12T17:37:18.813+0100] {logging_mixin.py:190} INFO - [2024-11-12T17:37:18.813+0100] {dag.py:4180} INFO - Setting next_dagrun for example_bash_decorator to None, run_after=None
[2024-11-12T17:37:18.838+0100] {processor.py:208} INFO - Processing /home/sakana/anaconda3/envs/airflow_env/lib/python3.8/site-packages/airflow/example_dags/example_bash_decorator.py took 0.085 seconds
