[2024-11-12T01:01:17.552+0100] {processor.py:186} INFO - Started process (PID=31220) to work on /home/sakana/anaconda3/envs/airflow_env/lib/python3.8/site-packages/airflow/example_dags/tutorial_taskflow_templates.py
[2024-11-12T01:01:17.553+0100] {processor.py:914} INFO - Processing file /home/sakana/anaconda3/envs/airflow_env/lib/python3.8/site-packages/airflow/example_dags/tutorial_taskflow_templates.py for tasks to queue
[2024-11-12T01:01:17.556+0100] {logging_mixin.py:190} INFO - [2024-11-12T01:01:17.556+0100] {dagbag.py:588} INFO - Filling up the DagBag from /home/sakana/anaconda3/envs/airflow_env/lib/python3.8/site-packages/airflow/example_dags/tutorial_taskflow_templates.py
[2024-11-12T01:01:17.574+0100] {processor.py:925} INFO - DAG(s) 'tutorial_taskflow_templates' retrieved from /home/sakana/anaconda3/envs/airflow_env/lib/python3.8/site-packages/airflow/example_dags/tutorial_taskflow_templates.py
[2024-11-12T01:01:17.596+0100] {logging_mixin.py:190} INFO - [2024-11-12T01:01:17.596+0100] {dag.py:3239} INFO - Sync 1 DAGs
[2024-11-12T01:01:17.619+0100] {logging_mixin.py:190} INFO - [2024-11-12T01:01:17.618+0100] {dag.py:4180} INFO - Setting next_dagrun for tutorial_taskflow_templates to 2024-11-11 00:00:00+00:00, run_after=2024-11-12 00:00:00+00:00
[2024-11-12T01:01:17.655+0100] {processor.py:208} INFO - Processing /home/sakana/anaconda3/envs/airflow_env/lib/python3.8/site-packages/airflow/example_dags/tutorial_taskflow_templates.py took 0.112 seconds
[2024-11-12T01:02:20.338+0100] {processor.py:186} INFO - Started process (PID=31682) to work on /home/sakana/anaconda3/envs/airflow_env/lib/python3.8/site-packages/airflow/example_dags/tutorial_taskflow_templates.py
[2024-11-12T01:02:20.339+0100] {processor.py:914} INFO - Processing file /home/sakana/anaconda3/envs/airflow_env/lib/python3.8/site-packages/airflow/example_dags/tutorial_taskflow_templates.py for tasks to queue
[2024-11-12T01:02:20.341+0100] {logging_mixin.py:190} INFO - [2024-11-12T01:02:20.341+0100] {dagbag.py:588} INFO - Filling up the DagBag from /home/sakana/anaconda3/envs/airflow_env/lib/python3.8/site-packages/airflow/example_dags/tutorial_taskflow_templates.py
[2024-11-12T01:02:20.356+0100] {processor.py:925} INFO - DAG(s) 'tutorial_taskflow_templates' retrieved from /home/sakana/anaconda3/envs/airflow_env/lib/python3.8/site-packages/airflow/example_dags/tutorial_taskflow_templates.py
[2024-11-12T01:02:20.374+0100] {logging_mixin.py:190} INFO - [2024-11-12T01:02:20.374+0100] {dag.py:3239} INFO - Sync 1 DAGs
[2024-11-12T01:02:20.396+0100] {logging_mixin.py:190} INFO - [2024-11-12T01:02:20.395+0100] {dag.py:4180} INFO - Setting next_dagrun for tutorial_taskflow_templates to 2024-11-11 00:00:00+00:00, run_after=2024-11-12 00:00:00+00:00
[2024-11-12T01:02:20.419+0100] {processor.py:208} INFO - Processing /home/sakana/anaconda3/envs/airflow_env/lib/python3.8/site-packages/airflow/example_dags/tutorial_taskflow_templates.py took 0.087 seconds
[2024-11-12T01:03:24.829+0100] {processor.py:186} INFO - Started process (PID=32227) to work on /home/sakana/anaconda3/envs/airflow_env/lib/python3.8/site-packages/airflow/example_dags/tutorial_taskflow_templates.py
[2024-11-12T01:03:24.835+0100] {processor.py:914} INFO - Processing file /home/sakana/anaconda3/envs/airflow_env/lib/python3.8/site-packages/airflow/example_dags/tutorial_taskflow_templates.py for tasks to queue
[2024-11-12T01:03:24.837+0100] {logging_mixin.py:190} INFO - [2024-11-12T01:03:24.836+0100] {dagbag.py:588} INFO - Filling up the DagBag from /home/sakana/anaconda3/envs/airflow_env/lib/python3.8/site-packages/airflow/example_dags/tutorial_taskflow_templates.py
[2024-11-12T01:03:24.854+0100] {processor.py:925} INFO - DAG(s) 'tutorial_taskflow_templates' retrieved from /home/sakana/anaconda3/envs/airflow_env/lib/python3.8/site-packages/airflow/example_dags/tutorial_taskflow_templates.py
[2024-11-12T01:03:24.874+0100] {logging_mixin.py:190} INFO - [2024-11-12T01:03:24.874+0100] {dag.py:3239} INFO - Sync 1 DAGs
[2024-11-12T01:03:24.902+0100] {logging_mixin.py:190} INFO - [2024-11-12T01:03:24.902+0100] {dag.py:4180} INFO - Setting next_dagrun for tutorial_taskflow_templates to 2024-11-11 00:00:00+00:00, run_after=2024-11-12 00:00:00+00:00
[2024-11-12T01:03:24.930+0100] {processor.py:208} INFO - Processing /home/sakana/anaconda3/envs/airflow_env/lib/python3.8/site-packages/airflow/example_dags/tutorial_taskflow_templates.py took 0.109 seconds
[2024-11-12T01:06:49.747+0100] {processor.py:186} INFO - Started process (PID=34200) to work on /home/sakana/anaconda3/envs/airflow_env/lib/python3.8/site-packages/airflow/example_dags/tutorial_taskflow_templates.py
[2024-11-12T01:06:49.752+0100] {processor.py:914} INFO - Processing file /home/sakana/anaconda3/envs/airflow_env/lib/python3.8/site-packages/airflow/example_dags/tutorial_taskflow_templates.py for tasks to queue
[2024-11-12T01:06:49.755+0100] {logging_mixin.py:190} INFO - [2024-11-12T01:06:49.755+0100] {dagbag.py:588} INFO - Filling up the DagBag from /home/sakana/anaconda3/envs/airflow_env/lib/python3.8/site-packages/airflow/example_dags/tutorial_taskflow_templates.py
[2024-11-12T01:06:49.772+0100] {processor.py:925} INFO - DAG(s) 'tutorial_taskflow_templates' retrieved from /home/sakana/anaconda3/envs/airflow_env/lib/python3.8/site-packages/airflow/example_dags/tutorial_taskflow_templates.py
[2024-11-12T01:06:49.789+0100] {logging_mixin.py:190} INFO - [2024-11-12T01:06:49.789+0100] {dag.py:3239} INFO - Sync 1 DAGs
[2024-11-12T01:06:49.820+0100] {logging_mixin.py:190} INFO - [2024-11-12T01:06:49.820+0100] {dag.py:4180} INFO - Setting next_dagrun for tutorial_taskflow_templates to 2024-11-11 00:00:00+00:00, run_after=2024-11-12 00:00:00+00:00
[2024-11-12T01:06:49.857+0100] {processor.py:208} INFO - Processing /home/sakana/anaconda3/envs/airflow_env/lib/python3.8/site-packages/airflow/example_dags/tutorial_taskflow_templates.py took 0.117 seconds
[2024-11-12T01:10:04.454+0100] {processor.py:186} INFO - Started process (PID=4074) to work on /home/sakana/anaconda3/envs/airflow_env/lib/python3.8/site-packages/airflow/example_dags/tutorial_taskflow_templates.py
[2024-11-12T01:10:04.459+0100] {processor.py:914} INFO - Processing file /home/sakana/anaconda3/envs/airflow_env/lib/python3.8/site-packages/airflow/example_dags/tutorial_taskflow_templates.py for tasks to queue
[2024-11-12T01:10:04.462+0100] {logging_mixin.py:190} INFO - [2024-11-12T01:10:04.461+0100] {dagbag.py:588} INFO - Filling up the DagBag from /home/sakana/anaconda3/envs/airflow_env/lib/python3.8/site-packages/airflow/example_dags/tutorial_taskflow_templates.py
[2024-11-12T01:10:04.475+0100] {processor.py:925} INFO - DAG(s) 'tutorial_taskflow_templates' retrieved from /home/sakana/anaconda3/envs/airflow_env/lib/python3.8/site-packages/airflow/example_dags/tutorial_taskflow_templates.py
[2024-11-12T01:10:04.491+0100] {logging_mixin.py:190} INFO - [2024-11-12T01:10:04.491+0100] {dag.py:3239} INFO - Sync 1 DAGs
[2024-11-12T01:10:04.512+0100] {logging_mixin.py:190} INFO - [2024-11-12T01:10:04.512+0100] {dag.py:4180} INFO - Setting next_dagrun for tutorial_taskflow_templates to 2024-11-11 00:00:00+00:00, run_after=2024-11-12 00:00:00+00:00
[2024-11-12T01:10:04.539+0100] {processor.py:208} INFO - Processing /home/sakana/anaconda3/envs/airflow_env/lib/python3.8/site-packages/airflow/example_dags/tutorial_taskflow_templates.py took 0.093 seconds
[2024-11-12T01:11:05.322+0100] {processor.py:186} INFO - Started process (PID=4203) to work on /home/sakana/anaconda3/envs/airflow_env/lib/python3.8/site-packages/airflow/example_dags/tutorial_taskflow_templates.py
[2024-11-12T01:11:05.329+0100] {processor.py:914} INFO - Processing file /home/sakana/anaconda3/envs/airflow_env/lib/python3.8/site-packages/airflow/example_dags/tutorial_taskflow_templates.py for tasks to queue
[2024-11-12T01:11:05.335+0100] {logging_mixin.py:190} INFO - [2024-11-12T01:11:05.334+0100] {dagbag.py:588} INFO - Filling up the DagBag from /home/sakana/anaconda3/envs/airflow_env/lib/python3.8/site-packages/airflow/example_dags/tutorial_taskflow_templates.py
[2024-11-12T01:11:05.354+0100] {processor.py:925} INFO - DAG(s) 'tutorial_taskflow_templates' retrieved from /home/sakana/anaconda3/envs/airflow_env/lib/python3.8/site-packages/airflow/example_dags/tutorial_taskflow_templates.py
[2024-11-12T01:11:05.369+0100] {logging_mixin.py:190} INFO - [2024-11-12T01:11:05.368+0100] {dag.py:3239} INFO - Sync 1 DAGs
[2024-11-12T01:11:05.388+0100] {logging_mixin.py:190} INFO - [2024-11-12T01:11:05.388+0100] {dag.py:4180} INFO - Setting next_dagrun for tutorial_taskflow_templates to 2024-11-11 00:00:00+00:00, run_after=2024-11-12 00:00:00+00:00
[2024-11-12T01:11:05.420+0100] {processor.py:208} INFO - Processing /home/sakana/anaconda3/envs/airflow_env/lib/python3.8/site-packages/airflow/example_dags/tutorial_taskflow_templates.py took 0.116 seconds
[2024-11-12T01:12:04.798+0100] {processor.py:186} INFO - Started process (PID=4317) to work on /home/sakana/anaconda3/envs/airflow_env/lib/python3.8/site-packages/airflow/example_dags/tutorial_taskflow_templates.py
[2024-11-12T01:12:04.804+0100] {processor.py:914} INFO - Processing file /home/sakana/anaconda3/envs/airflow_env/lib/python3.8/site-packages/airflow/example_dags/tutorial_taskflow_templates.py for tasks to queue
[2024-11-12T01:12:04.806+0100] {logging_mixin.py:190} INFO - [2024-11-12T01:12:04.805+0100] {dagbag.py:588} INFO - Filling up the DagBag from /home/sakana/anaconda3/envs/airflow_env/lib/python3.8/site-packages/airflow/example_dags/tutorial_taskflow_templates.py
[2024-11-12T01:12:04.824+0100] {processor.py:925} INFO - DAG(s) 'tutorial_taskflow_templates' retrieved from /home/sakana/anaconda3/envs/airflow_env/lib/python3.8/site-packages/airflow/example_dags/tutorial_taskflow_templates.py
[2024-11-12T01:12:04.840+0100] {logging_mixin.py:190} INFO - [2024-11-12T01:12:04.840+0100] {dag.py:3239} INFO - Sync 1 DAGs
[2024-11-12T01:12:04.859+0100] {logging_mixin.py:190} INFO - [2024-11-12T01:12:04.859+0100] {dag.py:4180} INFO - Setting next_dagrun for tutorial_taskflow_templates to 2024-11-11 00:00:00+00:00, run_after=2024-11-12 00:00:00+00:00
[2024-11-12T01:12:04.892+0100] {processor.py:208} INFO - Processing /home/sakana/anaconda3/envs/airflow_env/lib/python3.8/site-packages/airflow/example_dags/tutorial_taskflow_templates.py took 0.101 seconds
[2024-11-12T16:37:43.131+0100] {processor.py:186} INFO - Started process (PID=6597) to work on /home/sakana/anaconda3/envs/airflow_env/lib/python3.8/site-packages/airflow/example_dags/tutorial_taskflow_templates.py
[2024-11-12T16:37:43.159+0100] {processor.py:914} INFO - Processing file /home/sakana/anaconda3/envs/airflow_env/lib/python3.8/site-packages/airflow/example_dags/tutorial_taskflow_templates.py for tasks to queue
[2024-11-12T16:37:43.161+0100] {logging_mixin.py:190} INFO - [2024-11-12T16:37:43.161+0100] {dagbag.py:588} INFO - Filling up the DagBag from /home/sakana/anaconda3/envs/airflow_env/lib/python3.8/site-packages/airflow/example_dags/tutorial_taskflow_templates.py
[2024-11-12T16:37:43.175+0100] {processor.py:925} INFO - DAG(s) 'tutorial_taskflow_templates' retrieved from /home/sakana/anaconda3/envs/airflow_env/lib/python3.8/site-packages/airflow/example_dags/tutorial_taskflow_templates.py
[2024-11-12T16:37:43.195+0100] {logging_mixin.py:190} INFO - [2024-11-12T16:37:43.195+0100] {dag.py:3239} INFO - Sync 1 DAGs
[2024-11-12T16:37:43.217+0100] {logging_mixin.py:190} INFO - [2024-11-12T16:37:43.217+0100] {dag.py:4180} INFO - Setting next_dagrun for tutorial_taskflow_templates to 2024-11-11 00:00:00+00:00, run_after=2024-11-12 00:00:00+00:00
[2024-11-12T16:37:43.252+0100] {processor.py:208} INFO - Processing /home/sakana/anaconda3/envs/airflow_env/lib/python3.8/site-packages/airflow/example_dags/tutorial_taskflow_templates.py took 0.128 seconds
[2024-11-12T16:39:45.269+0100] {processor.py:186} INFO - Started process (PID=6916) to work on /home/sakana/anaconda3/envs/airflow_env/lib/python3.8/site-packages/airflow/example_dags/tutorial_taskflow_templates.py
[2024-11-12T16:39:45.274+0100] {processor.py:914} INFO - Processing file /home/sakana/anaconda3/envs/airflow_env/lib/python3.8/site-packages/airflow/example_dags/tutorial_taskflow_templates.py for tasks to queue
[2024-11-12T16:39:45.285+0100] {logging_mixin.py:190} INFO - [2024-11-12T16:39:45.283+0100] {dagbag.py:588} INFO - Filling up the DagBag from /home/sakana/anaconda3/envs/airflow_env/lib/python3.8/site-packages/airflow/example_dags/tutorial_taskflow_templates.py
[2024-11-12T16:39:45.309+0100] {processor.py:925} INFO - DAG(s) 'tutorial_taskflow_templates' retrieved from /home/sakana/anaconda3/envs/airflow_env/lib/python3.8/site-packages/airflow/example_dags/tutorial_taskflow_templates.py
[2024-11-12T16:39:45.336+0100] {logging_mixin.py:190} INFO - [2024-11-12T16:39:45.336+0100] {dag.py:3239} INFO - Sync 1 DAGs
[2024-11-12T16:39:45.373+0100] {logging_mixin.py:190} INFO - [2024-11-12T16:39:45.372+0100] {dag.py:4180} INFO - Setting next_dagrun for tutorial_taskflow_templates to 2024-11-11 00:00:00+00:00, run_after=2024-11-12 00:00:00+00:00
[2024-11-12T16:39:45.430+0100] {processor.py:208} INFO - Processing /home/sakana/anaconda3/envs/airflow_env/lib/python3.8/site-packages/airflow/example_dags/tutorial_taskflow_templates.py took 0.170 seconds
[2024-11-12T16:41:00.127+0100] {processor.py:186} INFO - Started process (PID=7058) to work on /home/sakana/anaconda3/envs/airflow_env/lib/python3.8/site-packages/airflow/example_dags/tutorial_taskflow_templates.py
[2024-11-12T16:41:00.136+0100] {processor.py:914} INFO - Processing file /home/sakana/anaconda3/envs/airflow_env/lib/python3.8/site-packages/airflow/example_dags/tutorial_taskflow_templates.py for tasks to queue
[2024-11-12T16:41:00.141+0100] {logging_mixin.py:190} INFO - [2024-11-12T16:41:00.140+0100] {dagbag.py:588} INFO - Filling up the DagBag from /home/sakana/anaconda3/envs/airflow_env/lib/python3.8/site-packages/airflow/example_dags/tutorial_taskflow_templates.py
[2024-11-12T16:41:00.186+0100] {processor.py:925} INFO - DAG(s) 'tutorial_taskflow_templates' retrieved from /home/sakana/anaconda3/envs/airflow_env/lib/python3.8/site-packages/airflow/example_dags/tutorial_taskflow_templates.py
[2024-11-12T16:41:00.223+0100] {logging_mixin.py:190} INFO - [2024-11-12T16:41:00.223+0100] {dag.py:3239} INFO - Sync 1 DAGs
[2024-11-12T16:41:00.268+0100] {logging_mixin.py:190} INFO - [2024-11-12T16:41:00.268+0100] {dag.py:4180} INFO - Setting next_dagrun for tutorial_taskflow_templates to 2024-11-11 00:00:00+00:00, run_after=2024-11-12 00:00:00+00:00
[2024-11-12T16:41:00.326+0100] {processor.py:208} INFO - Processing /home/sakana/anaconda3/envs/airflow_env/lib/python3.8/site-packages/airflow/example_dags/tutorial_taskflow_templates.py took 0.223 seconds
[2024-11-12T16:41:59.016+0100] {processor.py:186} INFO - Started process (PID=7154) to work on /home/sakana/anaconda3/envs/airflow_env/lib/python3.8/site-packages/airflow/example_dags/tutorial_taskflow_templates.py
[2024-11-12T16:41:59.021+0100] {processor.py:914} INFO - Processing file /home/sakana/anaconda3/envs/airflow_env/lib/python3.8/site-packages/airflow/example_dags/tutorial_taskflow_templates.py for tasks to queue
[2024-11-12T16:41:59.024+0100] {logging_mixin.py:190} INFO - [2024-11-12T16:41:59.023+0100] {dagbag.py:588} INFO - Filling up the DagBag from /home/sakana/anaconda3/envs/airflow_env/lib/python3.8/site-packages/airflow/example_dags/tutorial_taskflow_templates.py
[2024-11-12T16:41:59.040+0100] {processor.py:925} INFO - DAG(s) 'tutorial_taskflow_templates' retrieved from /home/sakana/anaconda3/envs/airflow_env/lib/python3.8/site-packages/airflow/example_dags/tutorial_taskflow_templates.py
[2024-11-12T16:41:59.057+0100] {logging_mixin.py:190} INFO - [2024-11-12T16:41:59.057+0100] {dag.py:3239} INFO - Sync 1 DAGs
[2024-11-12T16:41:59.077+0100] {logging_mixin.py:190} INFO - [2024-11-12T16:41:59.077+0100] {dag.py:4180} INFO - Setting next_dagrun for tutorial_taskflow_templates to 2024-11-11 00:00:00+00:00, run_after=2024-11-12 00:00:00+00:00
[2024-11-12T16:41:59.105+0100] {processor.py:208} INFO - Processing /home/sakana/anaconda3/envs/airflow_env/lib/python3.8/site-packages/airflow/example_dags/tutorial_taskflow_templates.py took 0.094 seconds
[2024-11-12T16:42:54.623+0100] {processor.py:186} INFO - Started process (PID=7292) to work on /home/sakana/anaconda3/envs/airflow_env/lib/python3.8/site-packages/airflow/example_dags/tutorial_taskflow_templates.py
[2024-11-12T16:42:54.628+0100] {processor.py:914} INFO - Processing file /home/sakana/anaconda3/envs/airflow_env/lib/python3.8/site-packages/airflow/example_dags/tutorial_taskflow_templates.py for tasks to queue
[2024-11-12T16:42:54.631+0100] {logging_mixin.py:190} INFO - [2024-11-12T16:42:54.631+0100] {dagbag.py:588} INFO - Filling up the DagBag from /home/sakana/anaconda3/envs/airflow_env/lib/python3.8/site-packages/airflow/example_dags/tutorial_taskflow_templates.py
[2024-11-12T16:42:54.647+0100] {processor.py:925} INFO - DAG(s) 'tutorial_taskflow_templates' retrieved from /home/sakana/anaconda3/envs/airflow_env/lib/python3.8/site-packages/airflow/example_dags/tutorial_taskflow_templates.py
[2024-11-12T16:42:54.664+0100] {logging_mixin.py:190} INFO - [2024-11-12T16:42:54.663+0100] {dag.py:3239} INFO - Sync 1 DAGs
[2024-11-12T16:42:54.685+0100] {logging_mixin.py:190} INFO - [2024-11-12T16:42:54.685+0100] {dag.py:4180} INFO - Setting next_dagrun for tutorial_taskflow_templates to 2024-11-11 00:00:00+00:00, run_after=2024-11-12 00:00:00+00:00
[2024-11-12T16:42:54.718+0100] {processor.py:208} INFO - Processing /home/sakana/anaconda3/envs/airflow_env/lib/python3.8/site-packages/airflow/example_dags/tutorial_taskflow_templates.py took 0.104 seconds
[2024-11-12T16:43:52.772+0100] {processor.py:186} INFO - Started process (PID=7403) to work on /home/sakana/anaconda3/envs/airflow_env/lib/python3.8/site-packages/airflow/example_dags/tutorial_taskflow_templates.py
[2024-11-12T16:43:52.777+0100] {processor.py:914} INFO - Processing file /home/sakana/anaconda3/envs/airflow_env/lib/python3.8/site-packages/airflow/example_dags/tutorial_taskflow_templates.py for tasks to queue
[2024-11-12T16:43:52.780+0100] {logging_mixin.py:190} INFO - [2024-11-12T16:43:52.779+0100] {dagbag.py:588} INFO - Filling up the DagBag from /home/sakana/anaconda3/envs/airflow_env/lib/python3.8/site-packages/airflow/example_dags/tutorial_taskflow_templates.py
[2024-11-12T16:43:52.797+0100] {processor.py:925} INFO - DAG(s) 'tutorial_taskflow_templates' retrieved from /home/sakana/anaconda3/envs/airflow_env/lib/python3.8/site-packages/airflow/example_dags/tutorial_taskflow_templates.py
[2024-11-12T16:43:52.813+0100] {logging_mixin.py:190} INFO - [2024-11-12T16:43:52.812+0100] {dag.py:3239} INFO - Sync 1 DAGs
[2024-11-12T16:43:52.833+0100] {logging_mixin.py:190} INFO - [2024-11-12T16:43:52.833+0100] {dag.py:4180} INFO - Setting next_dagrun for tutorial_taskflow_templates to 2024-11-11 00:00:00+00:00, run_after=2024-11-12 00:00:00+00:00
[2024-11-12T16:43:52.856+0100] {processor.py:208} INFO - Processing /home/sakana/anaconda3/envs/airflow_env/lib/python3.8/site-packages/airflow/example_dags/tutorial_taskflow_templates.py took 0.090 seconds
[2024-11-12T16:44:49.864+0100] {processor.py:186} INFO - Started process (PID=7479) to work on /home/sakana/anaconda3/envs/airflow_env/lib/python3.8/site-packages/airflow/example_dags/tutorial_taskflow_templates.py
[2024-11-12T16:44:49.869+0100] {processor.py:914} INFO - Processing file /home/sakana/anaconda3/envs/airflow_env/lib/python3.8/site-packages/airflow/example_dags/tutorial_taskflow_templates.py for tasks to queue
[2024-11-12T16:44:49.872+0100] {logging_mixin.py:190} INFO - [2024-11-12T16:44:49.871+0100] {dagbag.py:588} INFO - Filling up the DagBag from /home/sakana/anaconda3/envs/airflow_env/lib/python3.8/site-packages/airflow/example_dags/tutorial_taskflow_templates.py
[2024-11-12T16:44:49.888+0100] {processor.py:925} INFO - DAG(s) 'tutorial_taskflow_templates' retrieved from /home/sakana/anaconda3/envs/airflow_env/lib/python3.8/site-packages/airflow/example_dags/tutorial_taskflow_templates.py
[2024-11-12T16:44:49.905+0100] {logging_mixin.py:190} INFO - [2024-11-12T16:44:49.905+0100] {dag.py:3239} INFO - Sync 1 DAGs
[2024-11-12T16:44:49.924+0100] {logging_mixin.py:190} INFO - [2024-11-12T16:44:49.924+0100] {dag.py:4180} INFO - Setting next_dagrun for tutorial_taskflow_templates to 2024-11-11 00:00:00+00:00, run_after=2024-11-12 00:00:00+00:00
[2024-11-12T16:44:49.949+0100] {processor.py:208} INFO - Processing /home/sakana/anaconda3/envs/airflow_env/lib/python3.8/site-packages/airflow/example_dags/tutorial_taskflow_templates.py took 0.092 seconds
[2024-11-12T16:45:43.703+0100] {processor.py:186} INFO - Started process (PID=7550) to work on /home/sakana/anaconda3/envs/airflow_env/lib/python3.8/site-packages/airflow/example_dags/tutorial_taskflow_templates.py
[2024-11-12T16:45:43.705+0100] {processor.py:914} INFO - Processing file /home/sakana/anaconda3/envs/airflow_env/lib/python3.8/site-packages/airflow/example_dags/tutorial_taskflow_templates.py for tasks to queue
[2024-11-12T16:45:43.707+0100] {logging_mixin.py:190} INFO - [2024-11-12T16:45:43.706+0100] {dagbag.py:588} INFO - Filling up the DagBag from /home/sakana/anaconda3/envs/airflow_env/lib/python3.8/site-packages/airflow/example_dags/tutorial_taskflow_templates.py
[2024-11-12T16:45:43.724+0100] {processor.py:925} INFO - DAG(s) 'tutorial_taskflow_templates' retrieved from /home/sakana/anaconda3/envs/airflow_env/lib/python3.8/site-packages/airflow/example_dags/tutorial_taskflow_templates.py
[2024-11-12T16:45:43.740+0100] {logging_mixin.py:190} INFO - [2024-11-12T16:45:43.739+0100] {dag.py:3239} INFO - Sync 1 DAGs
[2024-11-12T16:45:43.759+0100] {logging_mixin.py:190} INFO - [2024-11-12T16:45:43.759+0100] {dag.py:4180} INFO - Setting next_dagrun for tutorial_taskflow_templates to 2024-11-11 00:00:00+00:00, run_after=2024-11-12 00:00:00+00:00
[2024-11-12T16:45:43.785+0100] {processor.py:208} INFO - Processing /home/sakana/anaconda3/envs/airflow_env/lib/python3.8/site-packages/airflow/example_dags/tutorial_taskflow_templates.py took 0.092 seconds
[2024-11-12T16:46:53.716+0100] {processor.py:186} INFO - Started process (PID=7682) to work on /home/sakana/anaconda3/envs/airflow_env/lib/python3.8/site-packages/airflow/example_dags/tutorial_taskflow_templates.py
[2024-11-12T16:46:53.721+0100] {processor.py:914} INFO - Processing file /home/sakana/anaconda3/envs/airflow_env/lib/python3.8/site-packages/airflow/example_dags/tutorial_taskflow_templates.py for tasks to queue
[2024-11-12T16:46:53.723+0100] {logging_mixin.py:190} INFO - [2024-11-12T16:46:53.723+0100] {dagbag.py:588} INFO - Filling up the DagBag from /home/sakana/anaconda3/envs/airflow_env/lib/python3.8/site-packages/airflow/example_dags/tutorial_taskflow_templates.py
[2024-11-12T16:46:53.738+0100] {processor.py:925} INFO - DAG(s) 'tutorial_taskflow_templates' retrieved from /home/sakana/anaconda3/envs/airflow_env/lib/python3.8/site-packages/airflow/example_dags/tutorial_taskflow_templates.py
[2024-11-12T16:46:53.756+0100] {logging_mixin.py:190} INFO - [2024-11-12T16:46:53.755+0100] {dag.py:3239} INFO - Sync 1 DAGs
[2024-11-12T16:46:53.775+0100] {logging_mixin.py:190} INFO - [2024-11-12T16:46:53.774+0100] {dag.py:4180} INFO - Setting next_dagrun for tutorial_taskflow_templates to 2024-11-11 00:00:00+00:00, run_after=2024-11-12 00:00:00+00:00
[2024-11-12T16:46:53.807+0100] {processor.py:208} INFO - Processing /home/sakana/anaconda3/envs/airflow_env/lib/python3.8/site-packages/airflow/example_dags/tutorial_taskflow_templates.py took 0.098 seconds
[2024-11-12T16:47:51.370+0100] {processor.py:186} INFO - Started process (PID=7751) to work on /home/sakana/anaconda3/envs/airflow_env/lib/python3.8/site-packages/airflow/example_dags/tutorial_taskflow_templates.py
[2024-11-12T16:47:51.375+0100] {processor.py:914} INFO - Processing file /home/sakana/anaconda3/envs/airflow_env/lib/python3.8/site-packages/airflow/example_dags/tutorial_taskflow_templates.py for tasks to queue
[2024-11-12T16:47:51.378+0100] {logging_mixin.py:190} INFO - [2024-11-12T16:47:51.378+0100] {dagbag.py:588} INFO - Filling up the DagBag from /home/sakana/anaconda3/envs/airflow_env/lib/python3.8/site-packages/airflow/example_dags/tutorial_taskflow_templates.py
[2024-11-12T16:47:51.394+0100] {processor.py:925} INFO - DAG(s) 'tutorial_taskflow_templates' retrieved from /home/sakana/anaconda3/envs/airflow_env/lib/python3.8/site-packages/airflow/example_dags/tutorial_taskflow_templates.py
[2024-11-12T16:47:51.411+0100] {logging_mixin.py:190} INFO - [2024-11-12T16:47:51.411+0100] {dag.py:3239} INFO - Sync 1 DAGs
[2024-11-12T16:47:51.435+0100] {logging_mixin.py:190} INFO - [2024-11-12T16:47:51.435+0100] {dag.py:4180} INFO - Setting next_dagrun for tutorial_taskflow_templates to 2024-11-11 00:00:00+00:00, run_after=2024-11-12 00:00:00+00:00
[2024-11-12T16:47:51.471+0100] {processor.py:208} INFO - Processing /home/sakana/anaconda3/envs/airflow_env/lib/python3.8/site-packages/airflow/example_dags/tutorial_taskflow_templates.py took 0.109 seconds
[2024-11-12T16:48:48.940+0100] {processor.py:186} INFO - Started process (PID=7908) to work on /home/sakana/anaconda3/envs/airflow_env/lib/python3.8/site-packages/airflow/example_dags/tutorial_taskflow_templates.py
[2024-11-12T16:48:48.945+0100] {processor.py:914} INFO - Processing file /home/sakana/anaconda3/envs/airflow_env/lib/python3.8/site-packages/airflow/example_dags/tutorial_taskflow_templates.py for tasks to queue
[2024-11-12T16:48:48.948+0100] {logging_mixin.py:190} INFO - [2024-11-12T16:48:48.947+0100] {dagbag.py:588} INFO - Filling up the DagBag from /home/sakana/anaconda3/envs/airflow_env/lib/python3.8/site-packages/airflow/example_dags/tutorial_taskflow_templates.py
[2024-11-12T16:48:48.964+0100] {processor.py:925} INFO - DAG(s) 'tutorial_taskflow_templates' retrieved from /home/sakana/anaconda3/envs/airflow_env/lib/python3.8/site-packages/airflow/example_dags/tutorial_taskflow_templates.py
[2024-11-12T16:48:48.979+0100] {logging_mixin.py:190} INFO - [2024-11-12T16:48:48.979+0100] {dag.py:3239} INFO - Sync 1 DAGs
[2024-11-12T16:48:49.002+0100] {logging_mixin.py:190} INFO - [2024-11-12T16:48:49.002+0100] {dag.py:4180} INFO - Setting next_dagrun for tutorial_taskflow_templates to 2024-11-11 00:00:00+00:00, run_after=2024-11-12 00:00:00+00:00
[2024-11-12T16:48:49.033+0100] {processor.py:208} INFO - Processing /home/sakana/anaconda3/envs/airflow_env/lib/python3.8/site-packages/airflow/example_dags/tutorial_taskflow_templates.py took 0.100 seconds
[2024-11-12T16:49:45.908+0100] {processor.py:186} INFO - Started process (PID=8000) to work on /home/sakana/anaconda3/envs/airflow_env/lib/python3.8/site-packages/airflow/example_dags/tutorial_taskflow_templates.py
[2024-11-12T16:49:45.913+0100] {processor.py:914} INFO - Processing file /home/sakana/anaconda3/envs/airflow_env/lib/python3.8/site-packages/airflow/example_dags/tutorial_taskflow_templates.py for tasks to queue
[2024-11-12T16:49:45.915+0100] {logging_mixin.py:190} INFO - [2024-11-12T16:49:45.915+0100] {dagbag.py:588} INFO - Filling up the DagBag from /home/sakana/anaconda3/envs/airflow_env/lib/python3.8/site-packages/airflow/example_dags/tutorial_taskflow_templates.py
[2024-11-12T16:49:45.930+0100] {processor.py:925} INFO - DAG(s) 'tutorial_taskflow_templates' retrieved from /home/sakana/anaconda3/envs/airflow_env/lib/python3.8/site-packages/airflow/example_dags/tutorial_taskflow_templates.py
[2024-11-12T16:49:45.946+0100] {logging_mixin.py:190} INFO - [2024-11-12T16:49:45.946+0100] {dag.py:3239} INFO - Sync 1 DAGs
[2024-11-12T16:49:45.967+0100] {logging_mixin.py:190} INFO - [2024-11-12T16:49:45.967+0100] {dag.py:4180} INFO - Setting next_dagrun for tutorial_taskflow_templates to 2024-11-11 00:00:00+00:00, run_after=2024-11-12 00:00:00+00:00
[2024-11-12T16:49:45.999+0100] {processor.py:208} INFO - Processing /home/sakana/anaconda3/envs/airflow_env/lib/python3.8/site-packages/airflow/example_dags/tutorial_taskflow_templates.py took 0.098 seconds
[2024-11-12T16:50:43.414+0100] {processor.py:186} INFO - Started process (PID=8067) to work on /home/sakana/anaconda3/envs/airflow_env/lib/python3.8/site-packages/airflow/example_dags/tutorial_taskflow_templates.py
[2024-11-12T16:50:43.419+0100] {processor.py:914} INFO - Processing file /home/sakana/anaconda3/envs/airflow_env/lib/python3.8/site-packages/airflow/example_dags/tutorial_taskflow_templates.py for tasks to queue
[2024-11-12T16:50:43.422+0100] {logging_mixin.py:190} INFO - [2024-11-12T16:50:43.422+0100] {dagbag.py:588} INFO - Filling up the DagBag from /home/sakana/anaconda3/envs/airflow_env/lib/python3.8/site-packages/airflow/example_dags/tutorial_taskflow_templates.py
[2024-11-12T16:50:43.441+0100] {processor.py:925} INFO - DAG(s) 'tutorial_taskflow_templates' retrieved from /home/sakana/anaconda3/envs/airflow_env/lib/python3.8/site-packages/airflow/example_dags/tutorial_taskflow_templates.py
[2024-11-12T16:50:43.456+0100] {logging_mixin.py:190} INFO - [2024-11-12T16:50:43.456+0100] {dag.py:3239} INFO - Sync 1 DAGs
[2024-11-12T16:50:43.478+0100] {logging_mixin.py:190} INFO - [2024-11-12T16:50:43.478+0100] {dag.py:4180} INFO - Setting next_dagrun for tutorial_taskflow_templates to 2024-11-11 00:00:00+00:00, run_after=2024-11-12 00:00:00+00:00
[2024-11-12T16:50:43.509+0100] {processor.py:208} INFO - Processing /home/sakana/anaconda3/envs/airflow_env/lib/python3.8/site-packages/airflow/example_dags/tutorial_taskflow_templates.py took 0.104 seconds
[2024-11-12T16:51:39.964+0100] {processor.py:186} INFO - Started process (PID=8140) to work on /home/sakana/anaconda3/envs/airflow_env/lib/python3.8/site-packages/airflow/example_dags/tutorial_taskflow_templates.py
[2024-11-12T16:51:39.969+0100] {processor.py:914} INFO - Processing file /home/sakana/anaconda3/envs/airflow_env/lib/python3.8/site-packages/airflow/example_dags/tutorial_taskflow_templates.py for tasks to queue
[2024-11-12T16:51:39.971+0100] {logging_mixin.py:190} INFO - [2024-11-12T16:51:39.971+0100] {dagbag.py:588} INFO - Filling up the DagBag from /home/sakana/anaconda3/envs/airflow_env/lib/python3.8/site-packages/airflow/example_dags/tutorial_taskflow_templates.py
[2024-11-12T16:51:39.990+0100] {processor.py:925} INFO - DAG(s) 'tutorial_taskflow_templates' retrieved from /home/sakana/anaconda3/envs/airflow_env/lib/python3.8/site-packages/airflow/example_dags/tutorial_taskflow_templates.py
[2024-11-12T16:51:40.005+0100] {logging_mixin.py:190} INFO - [2024-11-12T16:51:40.005+0100] {dag.py:3239} INFO - Sync 1 DAGs
[2024-11-12T16:51:40.024+0100] {logging_mixin.py:190} INFO - [2024-11-12T16:51:40.023+0100] {dag.py:4180} INFO - Setting next_dagrun for tutorial_taskflow_templates to 2024-11-11 00:00:00+00:00, run_after=2024-11-12 00:00:00+00:00
[2024-11-12T16:51:40.056+0100] {processor.py:208} INFO - Processing /home/sakana/anaconda3/envs/airflow_env/lib/python3.8/site-packages/airflow/example_dags/tutorial_taskflow_templates.py took 0.098 seconds
[2024-11-12T16:52:37.241+0100] {processor.py:186} INFO - Started process (PID=8229) to work on /home/sakana/anaconda3/envs/airflow_env/lib/python3.8/site-packages/airflow/example_dags/tutorial_taskflow_templates.py
[2024-11-12T16:52:37.246+0100] {processor.py:914} INFO - Processing file /home/sakana/anaconda3/envs/airflow_env/lib/python3.8/site-packages/airflow/example_dags/tutorial_taskflow_templates.py for tasks to queue
[2024-11-12T16:52:37.250+0100] {logging_mixin.py:190} INFO - [2024-11-12T16:52:37.249+0100] {dagbag.py:588} INFO - Filling up the DagBag from /home/sakana/anaconda3/envs/airflow_env/lib/python3.8/site-packages/airflow/example_dags/tutorial_taskflow_templates.py
[2024-11-12T16:52:37.266+0100] {processor.py:925} INFO - DAG(s) 'tutorial_taskflow_templates' retrieved from /home/sakana/anaconda3/envs/airflow_env/lib/python3.8/site-packages/airflow/example_dags/tutorial_taskflow_templates.py
[2024-11-12T16:52:37.282+0100] {logging_mixin.py:190} INFO - [2024-11-12T16:52:37.282+0100] {dag.py:3239} INFO - Sync 1 DAGs
[2024-11-12T16:52:37.300+0100] {logging_mixin.py:190} INFO - [2024-11-12T16:52:37.300+0100] {dag.py:4180} INFO - Setting next_dagrun for tutorial_taskflow_templates to 2024-11-11 00:00:00+00:00, run_after=2024-11-12 00:00:00+00:00
[2024-11-12T16:52:37.329+0100] {processor.py:208} INFO - Processing /home/sakana/anaconda3/envs/airflow_env/lib/python3.8/site-packages/airflow/example_dags/tutorial_taskflow_templates.py took 0.093 seconds
[2024-11-12T16:53:32.241+0100] {processor.py:186} INFO - Started process (PID=8320) to work on /home/sakana/anaconda3/envs/airflow_env/lib/python3.8/site-packages/airflow/example_dags/tutorial_taskflow_templates.py
[2024-11-12T16:53:32.259+0100] {processor.py:914} INFO - Processing file /home/sakana/anaconda3/envs/airflow_env/lib/python3.8/site-packages/airflow/example_dags/tutorial_taskflow_templates.py for tasks to queue
[2024-11-12T16:53:32.265+0100] {logging_mixin.py:190} INFO - [2024-11-12T16:53:32.264+0100] {dagbag.py:588} INFO - Filling up the DagBag from /home/sakana/anaconda3/envs/airflow_env/lib/python3.8/site-packages/airflow/example_dags/tutorial_taskflow_templates.py
[2024-11-12T16:53:32.290+0100] {processor.py:925} INFO - DAG(s) 'tutorial_taskflow_templates' retrieved from /home/sakana/anaconda3/envs/airflow_env/lib/python3.8/site-packages/airflow/example_dags/tutorial_taskflow_templates.py
[2024-11-12T16:53:32.305+0100] {logging_mixin.py:190} INFO - [2024-11-12T16:53:32.305+0100] {dag.py:3239} INFO - Sync 1 DAGs
[2024-11-12T16:53:32.323+0100] {logging_mixin.py:190} INFO - [2024-11-12T16:53:32.323+0100] {dag.py:4180} INFO - Setting next_dagrun for tutorial_taskflow_templates to 2024-11-11 00:00:00+00:00, run_after=2024-11-12 00:00:00+00:00
[2024-11-12T16:53:32.351+0100] {processor.py:208} INFO - Processing /home/sakana/anaconda3/envs/airflow_env/lib/python3.8/site-packages/airflow/example_dags/tutorial_taskflow_templates.py took 0.126 seconds
[2024-11-12T16:54:33.804+0100] {processor.py:186} INFO - Started process (PID=8492) to work on /home/sakana/anaconda3/envs/airflow_env/lib/python3.8/site-packages/airflow/example_dags/tutorial_taskflow_templates.py
[2024-11-12T16:54:33.809+0100] {processor.py:914} INFO - Processing file /home/sakana/anaconda3/envs/airflow_env/lib/python3.8/site-packages/airflow/example_dags/tutorial_taskflow_templates.py for tasks to queue
[2024-11-12T16:54:33.812+0100] {logging_mixin.py:190} INFO - [2024-11-12T16:54:33.811+0100] {dagbag.py:588} INFO - Filling up the DagBag from /home/sakana/anaconda3/envs/airflow_env/lib/python3.8/site-packages/airflow/example_dags/tutorial_taskflow_templates.py
[2024-11-12T16:54:33.834+0100] {processor.py:925} INFO - DAG(s) 'tutorial_taskflow_templates' retrieved from /home/sakana/anaconda3/envs/airflow_env/lib/python3.8/site-packages/airflow/example_dags/tutorial_taskflow_templates.py
[2024-11-12T16:54:33.859+0100] {logging_mixin.py:190} INFO - [2024-11-12T16:54:33.859+0100] {dag.py:3239} INFO - Sync 1 DAGs
[2024-11-12T16:54:33.893+0100] {logging_mixin.py:190} INFO - [2024-11-12T16:54:33.893+0100] {dag.py:4180} INFO - Setting next_dagrun for tutorial_taskflow_templates to 2024-11-11 00:00:00+00:00, run_after=2024-11-12 00:00:00+00:00
[2024-11-12T16:54:33.930+0100] {processor.py:208} INFO - Processing /home/sakana/anaconda3/envs/airflow_env/lib/python3.8/site-packages/airflow/example_dags/tutorial_taskflow_templates.py took 0.134 seconds
[2024-11-12T16:55:33.972+0100] {processor.py:186} INFO - Started process (PID=8586) to work on /home/sakana/anaconda3/envs/airflow_env/lib/python3.8/site-packages/airflow/example_dags/tutorial_taskflow_templates.py
[2024-11-12T16:55:33.973+0100] {processor.py:914} INFO - Processing file /home/sakana/anaconda3/envs/airflow_env/lib/python3.8/site-packages/airflow/example_dags/tutorial_taskflow_templates.py for tasks to queue
[2024-11-12T16:55:33.977+0100] {logging_mixin.py:190} INFO - [2024-11-12T16:55:33.977+0100] {dagbag.py:588} INFO - Filling up the DagBag from /home/sakana/anaconda3/envs/airflow_env/lib/python3.8/site-packages/airflow/example_dags/tutorial_taskflow_templates.py
[2024-11-12T16:55:33.994+0100] {processor.py:925} INFO - DAG(s) 'tutorial_taskflow_templates' retrieved from /home/sakana/anaconda3/envs/airflow_env/lib/python3.8/site-packages/airflow/example_dags/tutorial_taskflow_templates.py
[2024-11-12T16:55:34.016+0100] {logging_mixin.py:190} INFO - [2024-11-12T16:55:34.015+0100] {dag.py:3239} INFO - Sync 1 DAGs
[2024-11-12T16:55:34.040+0100] {logging_mixin.py:190} INFO - [2024-11-12T16:55:34.040+0100] {dag.py:4180} INFO - Setting next_dagrun for tutorial_taskflow_templates to 2024-11-11 00:00:00+00:00, run_after=2024-11-12 00:00:00+00:00
[2024-11-12T16:55:34.068+0100] {processor.py:208} INFO - Processing /home/sakana/anaconda3/envs/airflow_env/lib/python3.8/site-packages/airflow/example_dags/tutorial_taskflow_templates.py took 0.104 seconds
[2024-11-12T16:56:32.427+0100] {processor.py:186} INFO - Started process (PID=8659) to work on /home/sakana/anaconda3/envs/airflow_env/lib/python3.8/site-packages/airflow/example_dags/tutorial_taskflow_templates.py
[2024-11-12T16:56:32.432+0100] {processor.py:914} INFO - Processing file /home/sakana/anaconda3/envs/airflow_env/lib/python3.8/site-packages/airflow/example_dags/tutorial_taskflow_templates.py for tasks to queue
[2024-11-12T16:56:32.435+0100] {logging_mixin.py:190} INFO - [2024-11-12T16:56:32.434+0100] {dagbag.py:588} INFO - Filling up the DagBag from /home/sakana/anaconda3/envs/airflow_env/lib/python3.8/site-packages/airflow/example_dags/tutorial_taskflow_templates.py
[2024-11-12T16:56:32.451+0100] {processor.py:925} INFO - DAG(s) 'tutorial_taskflow_templates' retrieved from /home/sakana/anaconda3/envs/airflow_env/lib/python3.8/site-packages/airflow/example_dags/tutorial_taskflow_templates.py
[2024-11-12T16:56:32.467+0100] {logging_mixin.py:190} INFO - [2024-11-12T16:56:32.466+0100] {dag.py:3239} INFO - Sync 1 DAGs
[2024-11-12T16:56:32.487+0100] {logging_mixin.py:190} INFO - [2024-11-12T16:56:32.486+0100] {dag.py:4180} INFO - Setting next_dagrun for tutorial_taskflow_templates to 2024-11-11 00:00:00+00:00, run_after=2024-11-12 00:00:00+00:00
[2024-11-12T16:56:32.515+0100] {processor.py:208} INFO - Processing /home/sakana/anaconda3/envs/airflow_env/lib/python3.8/site-packages/airflow/example_dags/tutorial_taskflow_templates.py took 0.096 seconds
[2024-11-12T16:57:32.334+0100] {processor.py:186} INFO - Started process (PID=8741) to work on /home/sakana/anaconda3/envs/airflow_env/lib/python3.8/site-packages/airflow/example_dags/tutorial_taskflow_templates.py
[2024-11-12T16:57:32.339+0100] {processor.py:914} INFO - Processing file /home/sakana/anaconda3/envs/airflow_env/lib/python3.8/site-packages/airflow/example_dags/tutorial_taskflow_templates.py for tasks to queue
[2024-11-12T16:57:32.341+0100] {logging_mixin.py:190} INFO - [2024-11-12T16:57:32.341+0100] {dagbag.py:588} INFO - Filling up the DagBag from /home/sakana/anaconda3/envs/airflow_env/lib/python3.8/site-packages/airflow/example_dags/tutorial_taskflow_templates.py
[2024-11-12T16:57:32.355+0100] {processor.py:925} INFO - DAG(s) 'tutorial_taskflow_templates' retrieved from /home/sakana/anaconda3/envs/airflow_env/lib/python3.8/site-packages/airflow/example_dags/tutorial_taskflow_templates.py
[2024-11-12T16:57:32.371+0100] {logging_mixin.py:190} INFO - [2024-11-12T16:57:32.371+0100] {dag.py:3239} INFO - Sync 1 DAGs
[2024-11-12T16:57:32.391+0100] {logging_mixin.py:190} INFO - [2024-11-12T16:57:32.391+0100] {dag.py:4180} INFO - Setting next_dagrun for tutorial_taskflow_templates to 2024-11-11 00:00:00+00:00, run_after=2024-11-12 00:00:00+00:00
[2024-11-12T16:57:32.440+0100] {processor.py:208} INFO - Processing /home/sakana/anaconda3/envs/airflow_env/lib/python3.8/site-packages/airflow/example_dags/tutorial_taskflow_templates.py took 0.112 seconds
[2024-11-12T16:58:34.547+0100] {processor.py:186} INFO - Started process (PID=8838) to work on /home/sakana/anaconda3/envs/airflow_env/lib/python3.8/site-packages/airflow/example_dags/tutorial_taskflow_templates.py
[2024-11-12T16:58:34.548+0100] {processor.py:914} INFO - Processing file /home/sakana/anaconda3/envs/airflow_env/lib/python3.8/site-packages/airflow/example_dags/tutorial_taskflow_templates.py for tasks to queue
[2024-11-12T16:58:34.550+0100] {logging_mixin.py:190} INFO - [2024-11-12T16:58:34.550+0100] {dagbag.py:588} INFO - Filling up the DagBag from /home/sakana/anaconda3/envs/airflow_env/lib/python3.8/site-packages/airflow/example_dags/tutorial_taskflow_templates.py
[2024-11-12T16:58:34.563+0100] {processor.py:925} INFO - DAG(s) 'tutorial_taskflow_templates' retrieved from /home/sakana/anaconda3/envs/airflow_env/lib/python3.8/site-packages/airflow/example_dags/tutorial_taskflow_templates.py
[2024-11-12T16:58:34.578+0100] {logging_mixin.py:190} INFO - [2024-11-12T16:58:34.578+0100] {dag.py:3239} INFO - Sync 1 DAGs
[2024-11-12T16:58:34.598+0100] {logging_mixin.py:190} INFO - [2024-11-12T16:58:34.598+0100] {dag.py:4180} INFO - Setting next_dagrun for tutorial_taskflow_templates to 2024-11-11 00:00:00+00:00, run_after=2024-11-12 00:00:00+00:00
[2024-11-12T16:58:34.626+0100] {processor.py:208} INFO - Processing /home/sakana/anaconda3/envs/airflow_env/lib/python3.8/site-packages/airflow/example_dags/tutorial_taskflow_templates.py took 0.084 seconds
[2024-11-12T16:59:35.637+0100] {processor.py:186} INFO - Started process (PID=8920) to work on /home/sakana/anaconda3/envs/airflow_env/lib/python3.8/site-packages/airflow/example_dags/tutorial_taskflow_templates.py
[2024-11-12T16:59:35.639+0100] {processor.py:914} INFO - Processing file /home/sakana/anaconda3/envs/airflow_env/lib/python3.8/site-packages/airflow/example_dags/tutorial_taskflow_templates.py for tasks to queue
[2024-11-12T16:59:35.642+0100] {logging_mixin.py:190} INFO - [2024-11-12T16:59:35.641+0100] {dagbag.py:588} INFO - Filling up the DagBag from /home/sakana/anaconda3/envs/airflow_env/lib/python3.8/site-packages/airflow/example_dags/tutorial_taskflow_templates.py
[2024-11-12T16:59:35.672+0100] {processor.py:925} INFO - DAG(s) 'tutorial_taskflow_templates' retrieved from /home/sakana/anaconda3/envs/airflow_env/lib/python3.8/site-packages/airflow/example_dags/tutorial_taskflow_templates.py
[2024-11-12T16:59:35.698+0100] {logging_mixin.py:190} INFO - [2024-11-12T16:59:35.697+0100] {dag.py:3239} INFO - Sync 1 DAGs
[2024-11-12T16:59:35.721+0100] {logging_mixin.py:190} INFO - [2024-11-12T16:59:35.720+0100] {dag.py:4180} INFO - Setting next_dagrun for tutorial_taskflow_templates to 2024-11-11 00:00:00+00:00, run_after=2024-11-12 00:00:00+00:00
[2024-11-12T16:59:35.748+0100] {processor.py:208} INFO - Processing /home/sakana/anaconda3/envs/airflow_env/lib/python3.8/site-packages/airflow/example_dags/tutorial_taskflow_templates.py took 0.117 seconds
[2024-11-12T17:00:36.166+0100] {processor.py:186} INFO - Started process (PID=8994) to work on /home/sakana/anaconda3/envs/airflow_env/lib/python3.8/site-packages/airflow/example_dags/tutorial_taskflow_templates.py
[2024-11-12T17:00:36.171+0100] {processor.py:914} INFO - Processing file /home/sakana/anaconda3/envs/airflow_env/lib/python3.8/site-packages/airflow/example_dags/tutorial_taskflow_templates.py for tasks to queue
[2024-11-12T17:00:36.173+0100] {logging_mixin.py:190} INFO - [2024-11-12T17:00:36.173+0100] {dagbag.py:588} INFO - Filling up the DagBag from /home/sakana/anaconda3/envs/airflow_env/lib/python3.8/site-packages/airflow/example_dags/tutorial_taskflow_templates.py
[2024-11-12T17:00:36.190+0100] {processor.py:925} INFO - DAG(s) 'tutorial_taskflow_templates' retrieved from /home/sakana/anaconda3/envs/airflow_env/lib/python3.8/site-packages/airflow/example_dags/tutorial_taskflow_templates.py
[2024-11-12T17:00:36.206+0100] {logging_mixin.py:190} INFO - [2024-11-12T17:00:36.205+0100] {dag.py:3239} INFO - Sync 1 DAGs
[2024-11-12T17:00:36.226+0100] {logging_mixin.py:190} INFO - [2024-11-12T17:00:36.226+0100] {dag.py:4180} INFO - Setting next_dagrun for tutorial_taskflow_templates to 2024-11-11 00:00:00+00:00, run_after=2024-11-12 00:00:00+00:00
[2024-11-12T17:00:36.264+0100] {processor.py:208} INFO - Processing /home/sakana/anaconda3/envs/airflow_env/lib/python3.8/site-packages/airflow/example_dags/tutorial_taskflow_templates.py took 0.107 seconds
[2024-11-12T17:18:42.201+0100] {processor.py:186} INFO - Started process (PID=9243) to work on /home/sakana/anaconda3/envs/airflow_env/lib/python3.8/site-packages/airflow/example_dags/tutorial_taskflow_templates.py
[2024-11-12T17:18:42.206+0100] {processor.py:914} INFO - Processing file /home/sakana/anaconda3/envs/airflow_env/lib/python3.8/site-packages/airflow/example_dags/tutorial_taskflow_templates.py for tasks to queue
[2024-11-12T17:18:42.210+0100] {logging_mixin.py:190} INFO - [2024-11-12T17:18:42.209+0100] {dagbag.py:588} INFO - Filling up the DagBag from /home/sakana/anaconda3/envs/airflow_env/lib/python3.8/site-packages/airflow/example_dags/tutorial_taskflow_templates.py
[2024-11-12T17:18:42.231+0100] {processor.py:925} INFO - DAG(s) 'tutorial_taskflow_templates' retrieved from /home/sakana/anaconda3/envs/airflow_env/lib/python3.8/site-packages/airflow/example_dags/tutorial_taskflow_templates.py
[2024-11-12T17:18:42.244+0100] {logging_mixin.py:190} INFO - [2024-11-12T17:18:42.244+0100] {dag.py:3239} INFO - Sync 1 DAGs
[2024-11-12T17:18:42.261+0100] {logging_mixin.py:190} INFO - [2024-11-12T17:18:42.261+0100] {dag.py:4180} INFO - Setting next_dagrun for tutorial_taskflow_templates to 2024-11-11 00:00:00+00:00, run_after=2024-11-12 00:00:00+00:00
[2024-11-12T17:18:42.286+0100] {processor.py:208} INFO - Processing /home/sakana/anaconda3/envs/airflow_env/lib/python3.8/site-packages/airflow/example_dags/tutorial_taskflow_templates.py took 0.096 seconds
[2024-11-12T17:19:51.566+0100] {processor.py:186} INFO - Started process (PID=9616) to work on /home/sakana/anaconda3/envs/airflow_env/lib/python3.8/site-packages/airflow/example_dags/tutorial_taskflow_templates.py
[2024-11-12T17:19:51.567+0100] {processor.py:914} INFO - Processing file /home/sakana/anaconda3/envs/airflow_env/lib/python3.8/site-packages/airflow/example_dags/tutorial_taskflow_templates.py for tasks to queue
[2024-11-12T17:19:51.570+0100] {logging_mixin.py:190} INFO - [2024-11-12T17:19:51.570+0100] {dagbag.py:588} INFO - Filling up the DagBag from /home/sakana/anaconda3/envs/airflow_env/lib/python3.8/site-packages/airflow/example_dags/tutorial_taskflow_templates.py
[2024-11-12T17:19:51.586+0100] {processor.py:925} INFO - DAG(s) 'tutorial_taskflow_templates' retrieved from /home/sakana/anaconda3/envs/airflow_env/lib/python3.8/site-packages/airflow/example_dags/tutorial_taskflow_templates.py
[2024-11-12T17:19:51.602+0100] {logging_mixin.py:190} INFO - [2024-11-12T17:19:51.602+0100] {dag.py:3239} INFO - Sync 1 DAGs
[2024-11-12T17:19:51.629+0100] {logging_mixin.py:190} INFO - [2024-11-12T17:19:51.629+0100] {dag.py:4180} INFO - Setting next_dagrun for tutorial_taskflow_templates to 2024-11-11 00:00:00+00:00, run_after=2024-11-12 00:00:00+00:00
[2024-11-12T17:19:51.675+0100] {processor.py:208} INFO - Processing /home/sakana/anaconda3/envs/airflow_env/lib/python3.8/site-packages/airflow/example_dags/tutorial_taskflow_templates.py took 0.120 seconds
[2024-11-12T17:20:56.928+0100] {processor.py:186} INFO - Started process (PID=9715) to work on /home/sakana/anaconda3/envs/airflow_env/lib/python3.8/site-packages/airflow/example_dags/tutorial_taskflow_templates.py
[2024-11-12T17:20:56.934+0100] {processor.py:914} INFO - Processing file /home/sakana/anaconda3/envs/airflow_env/lib/python3.8/site-packages/airflow/example_dags/tutorial_taskflow_templates.py for tasks to queue
[2024-11-12T17:20:56.939+0100] {logging_mixin.py:190} INFO - [2024-11-12T17:20:56.938+0100] {dagbag.py:588} INFO - Filling up the DagBag from /home/sakana/anaconda3/envs/airflow_env/lib/python3.8/site-packages/airflow/example_dags/tutorial_taskflow_templates.py
[2024-11-12T17:20:56.979+0100] {processor.py:925} INFO - DAG(s) 'tutorial_taskflow_templates' retrieved from /home/sakana/anaconda3/envs/airflow_env/lib/python3.8/site-packages/airflow/example_dags/tutorial_taskflow_templates.py
[2024-11-12T17:20:57.009+0100] {logging_mixin.py:190} INFO - [2024-11-12T17:20:57.009+0100] {dag.py:3239} INFO - Sync 1 DAGs
[2024-11-12T17:20:57.036+0100] {logging_mixin.py:190} INFO - [2024-11-12T17:20:57.036+0100] {dag.py:4180} INFO - Setting next_dagrun for tutorial_taskflow_templates to 2024-11-11 00:00:00+00:00, run_after=2024-11-12 00:00:00+00:00
[2024-11-12T17:20:57.093+0100] {processor.py:208} INFO - Processing /home/sakana/anaconda3/envs/airflow_env/lib/python3.8/site-packages/airflow/example_dags/tutorial_taskflow_templates.py took 0.178 seconds
[2024-11-12T17:22:06.252+0100] {processor.py:186} INFO - Started process (PID=9822) to work on /home/sakana/anaconda3/envs/airflow_env/lib/python3.8/site-packages/airflow/example_dags/tutorial_taskflow_templates.py
[2024-11-12T17:22:06.258+0100] {processor.py:914} INFO - Processing file /home/sakana/anaconda3/envs/airflow_env/lib/python3.8/site-packages/airflow/example_dags/tutorial_taskflow_templates.py for tasks to queue
[2024-11-12T17:22:06.260+0100] {logging_mixin.py:190} INFO - [2024-11-12T17:22:06.259+0100] {dagbag.py:588} INFO - Filling up the DagBag from /home/sakana/anaconda3/envs/airflow_env/lib/python3.8/site-packages/airflow/example_dags/tutorial_taskflow_templates.py
[2024-11-12T17:22:06.281+0100] {processor.py:925} INFO - DAG(s) 'tutorial_taskflow_templates' retrieved from /home/sakana/anaconda3/envs/airflow_env/lib/python3.8/site-packages/airflow/example_dags/tutorial_taskflow_templates.py
[2024-11-12T17:22:06.306+0100] {logging_mixin.py:190} INFO - [2024-11-12T17:22:06.305+0100] {dag.py:3239} INFO - Sync 1 DAGs
[2024-11-12T17:22:06.337+0100] {logging_mixin.py:190} INFO - [2024-11-12T17:22:06.336+0100] {dag.py:4180} INFO - Setting next_dagrun for tutorial_taskflow_templates to 2024-11-11 00:00:00+00:00, run_after=2024-11-12 00:00:00+00:00
[2024-11-12T17:22:06.368+0100] {processor.py:208} INFO - Processing /home/sakana/anaconda3/envs/airflow_env/lib/python3.8/site-packages/airflow/example_dags/tutorial_taskflow_templates.py took 0.123 seconds
[2024-11-12T17:23:20.963+0100] {processor.py:186} INFO - Started process (PID=9964) to work on /home/sakana/anaconda3/envs/airflow_env/lib/python3.8/site-packages/airflow/example_dags/tutorial_taskflow_templates.py
[2024-11-12T17:23:20.965+0100] {processor.py:914} INFO - Processing file /home/sakana/anaconda3/envs/airflow_env/lib/python3.8/site-packages/airflow/example_dags/tutorial_taskflow_templates.py for tasks to queue
[2024-11-12T17:23:20.971+0100] {logging_mixin.py:190} INFO - [2024-11-12T17:23:20.970+0100] {dagbag.py:588} INFO - Filling up the DagBag from /home/sakana/anaconda3/envs/airflow_env/lib/python3.8/site-packages/airflow/example_dags/tutorial_taskflow_templates.py
[2024-11-12T17:23:20.995+0100] {processor.py:925} INFO - DAG(s) 'tutorial_taskflow_templates' retrieved from /home/sakana/anaconda3/envs/airflow_env/lib/python3.8/site-packages/airflow/example_dags/tutorial_taskflow_templates.py
[2024-11-12T17:23:21.026+0100] {logging_mixin.py:190} INFO - [2024-11-12T17:23:21.026+0100] {dag.py:3239} INFO - Sync 1 DAGs
[2024-11-12T17:23:21.056+0100] {logging_mixin.py:190} INFO - [2024-11-12T17:23:21.055+0100] {dag.py:4180} INFO - Setting next_dagrun for tutorial_taskflow_templates to 2024-11-11 00:00:00+00:00, run_after=2024-11-12 00:00:00+00:00
[2024-11-12T17:23:21.119+0100] {processor.py:208} INFO - Processing /home/sakana/anaconda3/envs/airflow_env/lib/python3.8/site-packages/airflow/example_dags/tutorial_taskflow_templates.py took 0.173 seconds
[2024-11-12T17:24:33.158+0100] {processor.py:186} INFO - Started process (PID=10132) to work on /home/sakana/anaconda3/envs/airflow_env/lib/python3.8/site-packages/airflow/example_dags/tutorial_taskflow_templates.py
[2024-11-12T17:24:33.178+0100] {processor.py:914} INFO - Processing file /home/sakana/anaconda3/envs/airflow_env/lib/python3.8/site-packages/airflow/example_dags/tutorial_taskflow_templates.py for tasks to queue
[2024-11-12T17:24:33.182+0100] {logging_mixin.py:190} INFO - [2024-11-12T17:24:33.182+0100] {dagbag.py:588} INFO - Filling up the DagBag from /home/sakana/anaconda3/envs/airflow_env/lib/python3.8/site-packages/airflow/example_dags/tutorial_taskflow_templates.py
[2024-11-12T17:24:33.211+0100] {processor.py:925} INFO - DAG(s) 'tutorial_taskflow_templates' retrieved from /home/sakana/anaconda3/envs/airflow_env/lib/python3.8/site-packages/airflow/example_dags/tutorial_taskflow_templates.py
[2024-11-12T17:24:33.244+0100] {logging_mixin.py:190} INFO - [2024-11-12T17:24:33.244+0100] {dag.py:3239} INFO - Sync 1 DAGs
[2024-11-12T17:24:33.284+0100] {logging_mixin.py:190} INFO - [2024-11-12T17:24:33.284+0100] {dag.py:4180} INFO - Setting next_dagrun for tutorial_taskflow_templates to 2024-11-11 00:00:00+00:00, run_after=2024-11-12 00:00:00+00:00
[2024-11-12T17:24:33.328+0100] {processor.py:208} INFO - Processing /home/sakana/anaconda3/envs/airflow_env/lib/python3.8/site-packages/airflow/example_dags/tutorial_taskflow_templates.py took 0.181 seconds
[2024-11-12T17:25:46.619+0100] {processor.py:186} INFO - Started process (PID=10249) to work on /home/sakana/anaconda3/envs/airflow_env/lib/python3.8/site-packages/airflow/example_dags/tutorial_taskflow_templates.py
[2024-11-12T17:25:46.638+0100] {processor.py:914} INFO - Processing file /home/sakana/anaconda3/envs/airflow_env/lib/python3.8/site-packages/airflow/example_dags/tutorial_taskflow_templates.py for tasks to queue
[2024-11-12T17:25:46.643+0100] {logging_mixin.py:190} INFO - [2024-11-12T17:25:46.643+0100] {dagbag.py:588} INFO - Filling up the DagBag from /home/sakana/anaconda3/envs/airflow_env/lib/python3.8/site-packages/airflow/example_dags/tutorial_taskflow_templates.py
[2024-11-12T17:25:46.670+0100] {processor.py:925} INFO - DAG(s) 'tutorial_taskflow_templates' retrieved from /home/sakana/anaconda3/envs/airflow_env/lib/python3.8/site-packages/airflow/example_dags/tutorial_taskflow_templates.py
[2024-11-12T17:25:46.706+0100] {logging_mixin.py:190} INFO - [2024-11-12T17:25:46.706+0100] {dag.py:3239} INFO - Sync 1 DAGs
[2024-11-12T17:25:46.753+0100] {logging_mixin.py:190} INFO - [2024-11-12T17:25:46.753+0100] {dag.py:4180} INFO - Setting next_dagrun for tutorial_taskflow_templates to 2024-11-11 00:00:00+00:00, run_after=2024-11-12 00:00:00+00:00
[2024-11-12T17:25:46.798+0100] {processor.py:208} INFO - Processing /home/sakana/anaconda3/envs/airflow_env/lib/python3.8/site-packages/airflow/example_dags/tutorial_taskflow_templates.py took 0.188 seconds
[2024-11-12T17:26:57.734+0100] {processor.py:186} INFO - Started process (PID=10354) to work on /home/sakana/anaconda3/envs/airflow_env/lib/python3.8/site-packages/airflow/example_dags/tutorial_taskflow_templates.py
[2024-11-12T17:26:57.739+0100] {processor.py:914} INFO - Processing file /home/sakana/anaconda3/envs/airflow_env/lib/python3.8/site-packages/airflow/example_dags/tutorial_taskflow_templates.py for tasks to queue
[2024-11-12T17:26:57.743+0100] {logging_mixin.py:190} INFO - [2024-11-12T17:26:57.742+0100] {dagbag.py:588} INFO - Filling up the DagBag from /home/sakana/anaconda3/envs/airflow_env/lib/python3.8/site-packages/airflow/example_dags/tutorial_taskflow_templates.py
[2024-11-12T17:26:57.764+0100] {processor.py:925} INFO - DAG(s) 'tutorial_taskflow_templates' retrieved from /home/sakana/anaconda3/envs/airflow_env/lib/python3.8/site-packages/airflow/example_dags/tutorial_taskflow_templates.py
[2024-11-12T17:26:57.788+0100] {logging_mixin.py:190} INFO - [2024-11-12T17:26:57.788+0100] {dag.py:3239} INFO - Sync 1 DAGs
[2024-11-12T17:26:57.819+0100] {logging_mixin.py:190} INFO - [2024-11-12T17:26:57.818+0100] {dag.py:4180} INFO - Setting next_dagrun for tutorial_taskflow_templates to 2024-11-11 00:00:00+00:00, run_after=2024-11-12 00:00:00+00:00
[2024-11-12T17:26:57.850+0100] {processor.py:208} INFO - Processing /home/sakana/anaconda3/envs/airflow_env/lib/python3.8/site-packages/airflow/example_dags/tutorial_taskflow_templates.py took 0.127 seconds
[2024-11-12T17:28:10.778+0100] {processor.py:186} INFO - Started process (PID=10453) to work on /home/sakana/anaconda3/envs/airflow_env/lib/python3.8/site-packages/airflow/example_dags/tutorial_taskflow_templates.py
[2024-11-12T17:28:10.784+0100] {processor.py:914} INFO - Processing file /home/sakana/anaconda3/envs/airflow_env/lib/python3.8/site-packages/airflow/example_dags/tutorial_taskflow_templates.py for tasks to queue
[2024-11-12T17:28:10.790+0100] {logging_mixin.py:190} INFO - [2024-11-12T17:28:10.789+0100] {dagbag.py:588} INFO - Filling up the DagBag from /home/sakana/anaconda3/envs/airflow_env/lib/python3.8/site-packages/airflow/example_dags/tutorial_taskflow_templates.py
[2024-11-12T17:28:10.818+0100] {processor.py:925} INFO - DAG(s) 'tutorial_taskflow_templates' retrieved from /home/sakana/anaconda3/envs/airflow_env/lib/python3.8/site-packages/airflow/example_dags/tutorial_taskflow_templates.py
[2024-11-12T17:28:10.846+0100] {logging_mixin.py:190} INFO - [2024-11-12T17:28:10.845+0100] {dag.py:3239} INFO - Sync 1 DAGs
[2024-11-12T17:28:10.875+0100] {logging_mixin.py:190} INFO - [2024-11-12T17:28:10.874+0100] {dag.py:4180} INFO - Setting next_dagrun for tutorial_taskflow_templates to 2024-11-11 00:00:00+00:00, run_after=2024-11-12 00:00:00+00:00
[2024-11-12T17:28:10.944+0100] {processor.py:208} INFO - Processing /home/sakana/anaconda3/envs/airflow_env/lib/python3.8/site-packages/airflow/example_dags/tutorial_taskflow_templates.py took 0.180 seconds
[2024-11-12T17:29:23.814+0100] {processor.py:186} INFO - Started process (PID=10578) to work on /home/sakana/anaconda3/envs/airflow_env/lib/python3.8/site-packages/airflow/example_dags/tutorial_taskflow_templates.py
[2024-11-12T17:29:23.815+0100] {processor.py:914} INFO - Processing file /home/sakana/anaconda3/envs/airflow_env/lib/python3.8/site-packages/airflow/example_dags/tutorial_taskflow_templates.py for tasks to queue
[2024-11-12T17:29:23.818+0100] {logging_mixin.py:190} INFO - [2024-11-12T17:29:23.817+0100] {dagbag.py:588} INFO - Filling up the DagBag from /home/sakana/anaconda3/envs/airflow_env/lib/python3.8/site-packages/airflow/example_dags/tutorial_taskflow_templates.py
[2024-11-12T17:29:23.838+0100] {processor.py:925} INFO - DAG(s) 'tutorial_taskflow_templates' retrieved from /home/sakana/anaconda3/envs/airflow_env/lib/python3.8/site-packages/airflow/example_dags/tutorial_taskflow_templates.py
[2024-11-12T17:29:23.861+0100] {logging_mixin.py:190} INFO - [2024-11-12T17:29:23.860+0100] {dag.py:3239} INFO - Sync 1 DAGs
[2024-11-12T17:29:23.892+0100] {logging_mixin.py:190} INFO - [2024-11-12T17:29:23.892+0100] {dag.py:4180} INFO - Setting next_dagrun for tutorial_taskflow_templates to 2024-11-11 00:00:00+00:00, run_after=2024-11-12 00:00:00+00:00
[2024-11-12T17:29:23.923+0100] {processor.py:208} INFO - Processing /home/sakana/anaconda3/envs/airflow_env/lib/python3.8/site-packages/airflow/example_dags/tutorial_taskflow_templates.py took 0.117 seconds
[2024-11-12T17:30:35.248+0100] {processor.py:186} INFO - Started process (PID=10656) to work on /home/sakana/anaconda3/envs/airflow_env/lib/python3.8/site-packages/airflow/example_dags/tutorial_taskflow_templates.py
[2024-11-12T17:30:35.253+0100] {processor.py:914} INFO - Processing file /home/sakana/anaconda3/envs/airflow_env/lib/python3.8/site-packages/airflow/example_dags/tutorial_taskflow_templates.py for tasks to queue
[2024-11-12T17:30:35.256+0100] {logging_mixin.py:190} INFO - [2024-11-12T17:30:35.256+0100] {dagbag.py:588} INFO - Filling up the DagBag from /home/sakana/anaconda3/envs/airflow_env/lib/python3.8/site-packages/airflow/example_dags/tutorial_taskflow_templates.py
[2024-11-12T17:30:35.278+0100] {processor.py:925} INFO - DAG(s) 'tutorial_taskflow_templates' retrieved from /home/sakana/anaconda3/envs/airflow_env/lib/python3.8/site-packages/airflow/example_dags/tutorial_taskflow_templates.py
[2024-11-12T17:30:35.303+0100] {logging_mixin.py:190} INFO - [2024-11-12T17:30:35.303+0100] {dag.py:3239} INFO - Sync 1 DAGs
[2024-11-12T17:30:35.331+0100] {logging_mixin.py:190} INFO - [2024-11-12T17:30:35.330+0100] {dag.py:4180} INFO - Setting next_dagrun for tutorial_taskflow_templates to 2024-11-11 00:00:00+00:00, run_after=2024-11-12 00:00:00+00:00
[2024-11-12T17:30:35.363+0100] {processor.py:208} INFO - Processing /home/sakana/anaconda3/envs/airflow_env/lib/python3.8/site-packages/airflow/example_dags/tutorial_taskflow_templates.py took 0.126 seconds
[2024-11-12T17:31:47.722+0100] {processor.py:186} INFO - Started process (PID=10747) to work on /home/sakana/anaconda3/envs/airflow_env/lib/python3.8/site-packages/airflow/example_dags/tutorial_taskflow_templates.py
[2024-11-12T17:31:47.725+0100] {processor.py:914} INFO - Processing file /home/sakana/anaconda3/envs/airflow_env/lib/python3.8/site-packages/airflow/example_dags/tutorial_taskflow_templates.py for tasks to queue
[2024-11-12T17:31:47.729+0100] {logging_mixin.py:190} INFO - [2024-11-12T17:31:47.728+0100] {dagbag.py:588} INFO - Filling up the DagBag from /home/sakana/anaconda3/envs/airflow_env/lib/python3.8/site-packages/airflow/example_dags/tutorial_taskflow_templates.py
[2024-11-12T17:31:47.755+0100] {processor.py:925} INFO - DAG(s) 'tutorial_taskflow_templates' retrieved from /home/sakana/anaconda3/envs/airflow_env/lib/python3.8/site-packages/airflow/example_dags/tutorial_taskflow_templates.py
[2024-11-12T17:31:47.783+0100] {logging_mixin.py:190} INFO - [2024-11-12T17:31:47.783+0100] {dag.py:3239} INFO - Sync 1 DAGs
[2024-11-12T17:31:47.818+0100] {logging_mixin.py:190} INFO - [2024-11-12T17:31:47.817+0100] {dag.py:4180} INFO - Setting next_dagrun for tutorial_taskflow_templates to 2024-11-11 00:00:00+00:00, run_after=2024-11-12 00:00:00+00:00
[2024-11-12T17:31:47.881+0100] {processor.py:208} INFO - Processing /home/sakana/anaconda3/envs/airflow_env/lib/python3.8/site-packages/airflow/example_dags/tutorial_taskflow_templates.py took 0.169 seconds
[2024-11-12T17:32:55.481+0100] {processor.py:186} INFO - Started process (PID=10881) to work on /home/sakana/anaconda3/envs/airflow_env/lib/python3.8/site-packages/airflow/example_dags/tutorial_taskflow_templates.py
[2024-11-12T17:32:55.486+0100] {processor.py:914} INFO - Processing file /home/sakana/anaconda3/envs/airflow_env/lib/python3.8/site-packages/airflow/example_dags/tutorial_taskflow_templates.py for tasks to queue
[2024-11-12T17:32:55.488+0100] {logging_mixin.py:190} INFO - [2024-11-12T17:32:55.488+0100] {dagbag.py:588} INFO - Filling up the DagBag from /home/sakana/anaconda3/envs/airflow_env/lib/python3.8/site-packages/airflow/example_dags/tutorial_taskflow_templates.py
[2024-11-12T17:32:55.505+0100] {processor.py:925} INFO - DAG(s) 'tutorial_taskflow_templates' retrieved from /home/sakana/anaconda3/envs/airflow_env/lib/python3.8/site-packages/airflow/example_dags/tutorial_taskflow_templates.py
[2024-11-12T17:32:55.524+0100] {logging_mixin.py:190} INFO - [2024-11-12T17:32:55.523+0100] {dag.py:3239} INFO - Sync 1 DAGs
[2024-11-12T17:32:55.548+0100] {logging_mixin.py:190} INFO - [2024-11-12T17:32:55.548+0100] {dag.py:4180} INFO - Setting next_dagrun for tutorial_taskflow_templates to 2024-11-11 00:00:00+00:00, run_after=2024-11-12 00:00:00+00:00
[2024-11-12T17:32:55.574+0100] {processor.py:208} INFO - Processing /home/sakana/anaconda3/envs/airflow_env/lib/python3.8/site-packages/airflow/example_dags/tutorial_taskflow_templates.py took 0.101 seconds
[2024-11-12T17:34:01.910+0100] {processor.py:186} INFO - Started process (PID=11090) to work on /home/sakana/anaconda3/envs/airflow_env/lib/python3.8/site-packages/airflow/example_dags/tutorial_taskflow_templates.py
[2024-11-12T17:34:01.916+0100] {processor.py:914} INFO - Processing file /home/sakana/anaconda3/envs/airflow_env/lib/python3.8/site-packages/airflow/example_dags/tutorial_taskflow_templates.py for tasks to queue
[2024-11-12T17:34:01.917+0100] {logging_mixin.py:190} INFO - [2024-11-12T17:34:01.917+0100] {dagbag.py:588} INFO - Filling up the DagBag from /home/sakana/anaconda3/envs/airflow_env/lib/python3.8/site-packages/airflow/example_dags/tutorial_taskflow_templates.py
[2024-11-12T17:34:01.932+0100] {processor.py:925} INFO - DAG(s) 'tutorial_taskflow_templates' retrieved from /home/sakana/anaconda3/envs/airflow_env/lib/python3.8/site-packages/airflow/example_dags/tutorial_taskflow_templates.py
[2024-11-12T17:34:01.948+0100] {logging_mixin.py:190} INFO - [2024-11-12T17:34:01.948+0100] {dag.py:3239} INFO - Sync 1 DAGs
[2024-11-12T17:34:01.969+0100] {logging_mixin.py:190} INFO - [2024-11-12T17:34:01.969+0100] {dag.py:4180} INFO - Setting next_dagrun for tutorial_taskflow_templates to 2024-11-11 00:00:00+00:00, run_after=2024-11-12 00:00:00+00:00
[2024-11-12T17:34:01.995+0100] {processor.py:208} INFO - Processing /home/sakana/anaconda3/envs/airflow_env/lib/python3.8/site-packages/airflow/example_dags/tutorial_taskflow_templates.py took 0.091 seconds
[2024-11-12T17:35:03.380+0100] {processor.py:186} INFO - Started process (PID=11167) to work on /home/sakana/anaconda3/envs/airflow_env/lib/python3.8/site-packages/airflow/example_dags/tutorial_taskflow_templates.py
[2024-11-12T17:35:03.386+0100] {processor.py:914} INFO - Processing file /home/sakana/anaconda3/envs/airflow_env/lib/python3.8/site-packages/airflow/example_dags/tutorial_taskflow_templates.py for tasks to queue
[2024-11-12T17:35:03.393+0100] {logging_mixin.py:190} INFO - [2024-11-12T17:35:03.392+0100] {dagbag.py:588} INFO - Filling up the DagBag from /home/sakana/anaconda3/envs/airflow_env/lib/python3.8/site-packages/airflow/example_dags/tutorial_taskflow_templates.py
[2024-11-12T17:35:03.420+0100] {processor.py:925} INFO - DAG(s) 'tutorial_taskflow_templates' retrieved from /home/sakana/anaconda3/envs/airflow_env/lib/python3.8/site-packages/airflow/example_dags/tutorial_taskflow_templates.py
[2024-11-12T17:35:03.437+0100] {logging_mixin.py:190} INFO - [2024-11-12T17:35:03.437+0100] {dag.py:3239} INFO - Sync 1 DAGs
[2024-11-12T17:35:03.457+0100] {logging_mixin.py:190} INFO - [2024-11-12T17:35:03.457+0100] {dag.py:4180} INFO - Setting next_dagrun for tutorial_taskflow_templates to 2024-11-11 00:00:00+00:00, run_after=2024-11-12 00:00:00+00:00
[2024-11-12T17:35:03.482+0100] {processor.py:208} INFO - Processing /home/sakana/anaconda3/envs/airflow_env/lib/python3.8/site-packages/airflow/example_dags/tutorial_taskflow_templates.py took 0.110 seconds
[2024-11-12T17:36:02.159+0100] {processor.py:186} INFO - Started process (PID=11246) to work on /home/sakana/anaconda3/envs/airflow_env/lib/python3.8/site-packages/airflow/example_dags/tutorial_taskflow_templates.py
[2024-11-12T17:36:02.164+0100] {processor.py:914} INFO - Processing file /home/sakana/anaconda3/envs/airflow_env/lib/python3.8/site-packages/airflow/example_dags/tutorial_taskflow_templates.py for tasks to queue
[2024-11-12T17:36:02.166+0100] {logging_mixin.py:190} INFO - [2024-11-12T17:36:02.166+0100] {dagbag.py:588} INFO - Filling up the DagBag from /home/sakana/anaconda3/envs/airflow_env/lib/python3.8/site-packages/airflow/example_dags/tutorial_taskflow_templates.py
[2024-11-12T17:36:02.181+0100] {processor.py:925} INFO - DAG(s) 'tutorial_taskflow_templates' retrieved from /home/sakana/anaconda3/envs/airflow_env/lib/python3.8/site-packages/airflow/example_dags/tutorial_taskflow_templates.py
[2024-11-12T17:36:02.197+0100] {logging_mixin.py:190} INFO - [2024-11-12T17:36:02.197+0100] {dag.py:3239} INFO - Sync 1 DAGs
[2024-11-12T17:36:02.215+0100] {logging_mixin.py:190} INFO - [2024-11-12T17:36:02.215+0100] {dag.py:4180} INFO - Setting next_dagrun for tutorial_taskflow_templates to 2024-11-11 00:00:00+00:00, run_after=2024-11-12 00:00:00+00:00
[2024-11-12T17:36:02.245+0100] {processor.py:208} INFO - Processing /home/sakana/anaconda3/envs/airflow_env/lib/python3.8/site-packages/airflow/example_dags/tutorial_taskflow_templates.py took 0.093 seconds
[2024-11-12T17:36:59.951+0100] {processor.py:186} INFO - Started process (PID=11315) to work on /home/sakana/anaconda3/envs/airflow_env/lib/python3.8/site-packages/airflow/example_dags/tutorial_taskflow_templates.py
[2024-11-12T17:36:59.956+0100] {processor.py:914} INFO - Processing file /home/sakana/anaconda3/envs/airflow_env/lib/python3.8/site-packages/airflow/example_dags/tutorial_taskflow_templates.py for tasks to queue
[2024-11-12T17:36:59.958+0100] {logging_mixin.py:190} INFO - [2024-11-12T17:36:59.957+0100] {dagbag.py:588} INFO - Filling up the DagBag from /home/sakana/anaconda3/envs/airflow_env/lib/python3.8/site-packages/airflow/example_dags/tutorial_taskflow_templates.py
[2024-11-12T17:36:59.970+0100] {processor.py:925} INFO - DAG(s) 'tutorial_taskflow_templates' retrieved from /home/sakana/anaconda3/envs/airflow_env/lib/python3.8/site-packages/airflow/example_dags/tutorial_taskflow_templates.py
[2024-11-12T17:36:59.984+0100] {logging_mixin.py:190} INFO - [2024-11-12T17:36:59.984+0100] {dag.py:3239} INFO - Sync 1 DAGs
[2024-11-12T17:37:00.003+0100] {logging_mixin.py:190} INFO - [2024-11-12T17:37:00.003+0100] {dag.py:4180} INFO - Setting next_dagrun for tutorial_taskflow_templates to 2024-11-11 00:00:00+00:00, run_after=2024-11-12 00:00:00+00:00
[2024-11-12T17:37:00.044+0100] {processor.py:208} INFO - Processing /home/sakana/anaconda3/envs/airflow_env/lib/python3.8/site-packages/airflow/example_dags/tutorial_taskflow_templates.py took 0.099 seconds
