[2024-11-12T01:01:15.043+0100] {processor.py:186} INFO - Started process (PID=31189) to work on /home/sakana/anaconda3/envs/airflow_env/lib/python3.8/site-packages/airflow/example_dags/tutorial_taskflow_api.py
[2024-11-12T01:01:15.044+0100] {processor.py:914} INFO - Processing file /home/sakana/anaconda3/envs/airflow_env/lib/python3.8/site-packages/airflow/example_dags/tutorial_taskflow_api.py for tasks to queue
[2024-11-12T01:01:15.047+0100] {logging_mixin.py:190} INFO - [2024-11-12T01:01:15.046+0100] {dagbag.py:588} INFO - Filling up the DagBag from /home/sakana/anaconda3/envs/airflow_env/lib/python3.8/site-packages/airflow/example_dags/tutorial_taskflow_api.py
[2024-11-12T01:01:15.056+0100] {processor.py:925} INFO - DAG(s) 'tutorial_taskflow_api' retrieved from /home/sakana/anaconda3/envs/airflow_env/lib/python3.8/site-packages/airflow/example_dags/tutorial_taskflow_api.py
[2024-11-12T01:01:15.083+0100] {logging_mixin.py:190} INFO - [2024-11-12T01:01:15.083+0100] {dag.py:3239} INFO - Sync 1 DAGs
[2024-11-12T01:01:15.102+0100] {logging_mixin.py:190} INFO - [2024-11-12T01:01:15.102+0100] {dag.py:4180} INFO - Setting next_dagrun for tutorial_taskflow_api to None, run_after=None
[2024-11-12T01:01:15.190+0100] {processor.py:208} INFO - Processing /home/sakana/anaconda3/envs/airflow_env/lib/python3.8/site-packages/airflow/example_dags/tutorial_taskflow_api.py took 0.158 seconds
[2024-11-12T01:02:18.466+0100] {processor.py:186} INFO - Started process (PID=31679) to work on /home/sakana/anaconda3/envs/airflow_env/lib/python3.8/site-packages/airflow/example_dags/tutorial_taskflow_api.py
[2024-11-12T01:02:18.471+0100] {processor.py:914} INFO - Processing file /home/sakana/anaconda3/envs/airflow_env/lib/python3.8/site-packages/airflow/example_dags/tutorial_taskflow_api.py for tasks to queue
[2024-11-12T01:02:18.475+0100] {logging_mixin.py:190} INFO - [2024-11-12T01:02:18.474+0100] {dagbag.py:588} INFO - Filling up the DagBag from /home/sakana/anaconda3/envs/airflow_env/lib/python3.8/site-packages/airflow/example_dags/tutorial_taskflow_api.py
[2024-11-12T01:02:18.488+0100] {processor.py:925} INFO - DAG(s) 'tutorial_taskflow_api' retrieved from /home/sakana/anaconda3/envs/airflow_env/lib/python3.8/site-packages/airflow/example_dags/tutorial_taskflow_api.py
[2024-11-12T01:02:18.511+0100] {logging_mixin.py:190} INFO - [2024-11-12T01:02:18.510+0100] {dag.py:3239} INFO - Sync 1 DAGs
[2024-11-12T01:02:18.527+0100] {logging_mixin.py:190} INFO - [2024-11-12T01:02:18.527+0100] {dag.py:4180} INFO - Setting next_dagrun for tutorial_taskflow_api to None, run_after=None
[2024-11-12T01:02:18.563+0100] {processor.py:208} INFO - Processing /home/sakana/anaconda3/envs/airflow_env/lib/python3.8/site-packages/airflow/example_dags/tutorial_taskflow_api.py took 0.108 seconds
[2024-11-12T01:03:22.712+0100] {processor.py:186} INFO - Started process (PID=32203) to work on /home/sakana/anaconda3/envs/airflow_env/lib/python3.8/site-packages/airflow/example_dags/tutorial_taskflow_api.py
[2024-11-12T01:03:22.713+0100] {processor.py:914} INFO - Processing file /home/sakana/anaconda3/envs/airflow_env/lib/python3.8/site-packages/airflow/example_dags/tutorial_taskflow_api.py for tasks to queue
[2024-11-12T01:03:22.716+0100] {logging_mixin.py:190} INFO - [2024-11-12T01:03:22.715+0100] {dagbag.py:588} INFO - Filling up the DagBag from /home/sakana/anaconda3/envs/airflow_env/lib/python3.8/site-packages/airflow/example_dags/tutorial_taskflow_api.py
[2024-11-12T01:03:22.728+0100] {processor.py:925} INFO - DAG(s) 'tutorial_taskflow_api' retrieved from /home/sakana/anaconda3/envs/airflow_env/lib/python3.8/site-packages/airflow/example_dags/tutorial_taskflow_api.py
[2024-11-12T01:03:22.752+0100] {logging_mixin.py:190} INFO - [2024-11-12T01:03:22.751+0100] {dag.py:3239} INFO - Sync 1 DAGs
[2024-11-12T01:03:22.773+0100] {logging_mixin.py:190} INFO - [2024-11-12T01:03:22.773+0100] {dag.py:4180} INFO - Setting next_dagrun for tutorial_taskflow_api to None, run_after=None
[2024-11-12T01:03:22.824+0100] {processor.py:208} INFO - Processing /home/sakana/anaconda3/envs/airflow_env/lib/python3.8/site-packages/airflow/example_dags/tutorial_taskflow_api.py took 0.125 seconds
[2024-11-12T01:06:47.429+0100] {processor.py:186} INFO - Started process (PID=34161) to work on /home/sakana/anaconda3/envs/airflow_env/lib/python3.8/site-packages/airflow/example_dags/tutorial_taskflow_api.py
[2024-11-12T01:06:47.453+0100] {processor.py:914} INFO - Processing file /home/sakana/anaconda3/envs/airflow_env/lib/python3.8/site-packages/airflow/example_dags/tutorial_taskflow_api.py for tasks to queue
[2024-11-12T01:06:47.456+0100] {logging_mixin.py:190} INFO - [2024-11-12T01:06:47.456+0100] {dagbag.py:588} INFO - Filling up the DagBag from /home/sakana/anaconda3/envs/airflow_env/lib/python3.8/site-packages/airflow/example_dags/tutorial_taskflow_api.py
[2024-11-12T01:06:47.468+0100] {processor.py:925} INFO - DAG(s) 'tutorial_taskflow_api' retrieved from /home/sakana/anaconda3/envs/airflow_env/lib/python3.8/site-packages/airflow/example_dags/tutorial_taskflow_api.py
[2024-11-12T01:06:47.503+0100] {logging_mixin.py:190} INFO - [2024-11-12T01:06:47.502+0100] {dag.py:3239} INFO - Sync 1 DAGs
[2024-11-12T01:06:47.520+0100] {logging_mixin.py:190} INFO - [2024-11-12T01:06:47.520+0100] {dag.py:4180} INFO - Setting next_dagrun for tutorial_taskflow_api to None, run_after=None
[2024-11-12T01:06:47.551+0100] {processor.py:208} INFO - Processing /home/sakana/anaconda3/envs/airflow_env/lib/python3.8/site-packages/airflow/example_dags/tutorial_taskflow_api.py took 0.129 seconds
[2024-11-12T01:10:01.976+0100] {processor.py:186} INFO - Started process (PID=4066) to work on /home/sakana/anaconda3/envs/airflow_env/lib/python3.8/site-packages/airflow/example_dags/tutorial_taskflow_api.py
[2024-11-12T01:10:01.981+0100] {processor.py:914} INFO - Processing file /home/sakana/anaconda3/envs/airflow_env/lib/python3.8/site-packages/airflow/example_dags/tutorial_taskflow_api.py for tasks to queue
[2024-11-12T01:10:01.983+0100] {logging_mixin.py:190} INFO - [2024-11-12T01:10:01.982+0100] {dagbag.py:588} INFO - Filling up the DagBag from /home/sakana/anaconda3/envs/airflow_env/lib/python3.8/site-packages/airflow/example_dags/tutorial_taskflow_api.py
[2024-11-12T01:10:01.990+0100] {processor.py:925} INFO - DAG(s) 'tutorial_taskflow_api' retrieved from /home/sakana/anaconda3/envs/airflow_env/lib/python3.8/site-packages/airflow/example_dags/tutorial_taskflow_api.py
[2024-11-12T01:10:02.010+0100] {logging_mixin.py:190} INFO - [2024-11-12T01:10:02.010+0100] {dag.py:3239} INFO - Sync 1 DAGs
[2024-11-12T01:10:02.023+0100] {logging_mixin.py:190} INFO - [2024-11-12T01:10:02.022+0100] {dag.py:4180} INFO - Setting next_dagrun for tutorial_taskflow_api to None, run_after=None
[2024-11-12T01:10:02.047+0100] {processor.py:208} INFO - Processing /home/sakana/anaconda3/envs/airflow_env/lib/python3.8/site-packages/airflow/example_dags/tutorial_taskflow_api.py took 0.078 seconds
[2024-11-12T01:11:03.747+0100] {processor.py:186} INFO - Started process (PID=4200) to work on /home/sakana/anaconda3/envs/airflow_env/lib/python3.8/site-packages/airflow/example_dags/tutorial_taskflow_api.py
[2024-11-12T01:11:03.752+0100] {processor.py:914} INFO - Processing file /home/sakana/anaconda3/envs/airflow_env/lib/python3.8/site-packages/airflow/example_dags/tutorial_taskflow_api.py for tasks to queue
[2024-11-12T01:11:03.755+0100] {logging_mixin.py:190} INFO - [2024-11-12T01:11:03.754+0100] {dagbag.py:588} INFO - Filling up the DagBag from /home/sakana/anaconda3/envs/airflow_env/lib/python3.8/site-packages/airflow/example_dags/tutorial_taskflow_api.py
[2024-11-12T01:11:03.764+0100] {processor.py:925} INFO - DAG(s) 'tutorial_taskflow_api' retrieved from /home/sakana/anaconda3/envs/airflow_env/lib/python3.8/site-packages/airflow/example_dags/tutorial_taskflow_api.py
[2024-11-12T01:11:03.779+0100] {logging_mixin.py:190} INFO - [2024-11-12T01:11:03.778+0100] {dag.py:3239} INFO - Sync 1 DAGs
[2024-11-12T01:11:03.791+0100] {logging_mixin.py:190} INFO - [2024-11-12T01:11:03.790+0100] {dag.py:4180} INFO - Setting next_dagrun for tutorial_taskflow_api to None, run_after=None
[2024-11-12T01:11:03.829+0100] {processor.py:208} INFO - Processing /home/sakana/anaconda3/envs/airflow_env/lib/python3.8/site-packages/airflow/example_dags/tutorial_taskflow_api.py took 0.089 seconds
[2024-11-12T01:12:02.326+0100] {processor.py:186} INFO - Started process (PID=4314) to work on /home/sakana/anaconda3/envs/airflow_env/lib/python3.8/site-packages/airflow/example_dags/tutorial_taskflow_api.py
[2024-11-12T01:12:02.333+0100] {processor.py:914} INFO - Processing file /home/sakana/anaconda3/envs/airflow_env/lib/python3.8/site-packages/airflow/example_dags/tutorial_taskflow_api.py for tasks to queue
[2024-11-12T01:12:02.340+0100] {logging_mixin.py:190} INFO - [2024-11-12T01:12:02.339+0100] {dagbag.py:588} INFO - Filling up the DagBag from /home/sakana/anaconda3/envs/airflow_env/lib/python3.8/site-packages/airflow/example_dags/tutorial_taskflow_api.py
[2024-11-12T01:12:02.357+0100] {processor.py:925} INFO - DAG(s) 'tutorial_taskflow_api' retrieved from /home/sakana/anaconda3/envs/airflow_env/lib/python3.8/site-packages/airflow/example_dags/tutorial_taskflow_api.py
[2024-11-12T01:12:02.372+0100] {logging_mixin.py:190} INFO - [2024-11-12T01:12:02.372+0100] {dag.py:3239} INFO - Sync 1 DAGs
[2024-11-12T01:12:02.385+0100] {logging_mixin.py:190} INFO - [2024-11-12T01:12:02.384+0100] {dag.py:4180} INFO - Setting next_dagrun for tutorial_taskflow_api to None, run_after=None
[2024-11-12T01:12:02.409+0100] {processor.py:208} INFO - Processing /home/sakana/anaconda3/envs/airflow_env/lib/python3.8/site-packages/airflow/example_dags/tutorial_taskflow_api.py took 0.097 seconds
[2024-11-12T16:37:41.672+0100] {processor.py:186} INFO - Started process (PID=6595) to work on /home/sakana/anaconda3/envs/airflow_env/lib/python3.8/site-packages/airflow/example_dags/tutorial_taskflow_api.py
[2024-11-12T16:37:41.677+0100] {processor.py:914} INFO - Processing file /home/sakana/anaconda3/envs/airflow_env/lib/python3.8/site-packages/airflow/example_dags/tutorial_taskflow_api.py for tasks to queue
[2024-11-12T16:37:41.681+0100] {logging_mixin.py:190} INFO - [2024-11-12T16:37:41.680+0100] {dagbag.py:588} INFO - Filling up the DagBag from /home/sakana/anaconda3/envs/airflow_env/lib/python3.8/site-packages/airflow/example_dags/tutorial_taskflow_api.py
[2024-11-12T16:37:41.693+0100] {processor.py:925} INFO - DAG(s) 'tutorial_taskflow_api' retrieved from /home/sakana/anaconda3/envs/airflow_env/lib/python3.8/site-packages/airflow/example_dags/tutorial_taskflow_api.py
[2024-11-12T16:37:41.717+0100] {logging_mixin.py:190} INFO - [2024-11-12T16:37:41.717+0100] {dag.py:3239} INFO - Sync 1 DAGs
[2024-11-12T16:37:41.731+0100] {logging_mixin.py:190} INFO - [2024-11-12T16:37:41.731+0100] {dag.py:4180} INFO - Setting next_dagrun for tutorial_taskflow_api to None, run_after=None
[2024-11-12T16:37:41.771+0100] {processor.py:208} INFO - Processing /home/sakana/anaconda3/envs/airflow_env/lib/python3.8/site-packages/airflow/example_dags/tutorial_taskflow_api.py took 0.108 seconds
[2024-11-12T16:39:43.691+0100] {processor.py:186} INFO - Started process (PID=6914) to work on /home/sakana/anaconda3/envs/airflow_env/lib/python3.8/site-packages/airflow/example_dags/tutorial_taskflow_api.py
[2024-11-12T16:39:43.696+0100] {processor.py:914} INFO - Processing file /home/sakana/anaconda3/envs/airflow_env/lib/python3.8/site-packages/airflow/example_dags/tutorial_taskflow_api.py for tasks to queue
[2024-11-12T16:39:43.700+0100] {logging_mixin.py:190} INFO - [2024-11-12T16:39:43.700+0100] {dagbag.py:588} INFO - Filling up the DagBag from /home/sakana/anaconda3/envs/airflow_env/lib/python3.8/site-packages/airflow/example_dags/tutorial_taskflow_api.py
[2024-11-12T16:39:43.715+0100] {processor.py:925} INFO - DAG(s) 'tutorial_taskflow_api' retrieved from /home/sakana/anaconda3/envs/airflow_env/lib/python3.8/site-packages/airflow/example_dags/tutorial_taskflow_api.py
[2024-11-12T16:39:43.749+0100] {logging_mixin.py:190} INFO - [2024-11-12T16:39:43.748+0100] {dag.py:3239} INFO - Sync 1 DAGs
[2024-11-12T16:39:43.773+0100] {logging_mixin.py:190} INFO - [2024-11-12T16:39:43.773+0100] {dag.py:4180} INFO - Setting next_dagrun for tutorial_taskflow_api to None, run_after=None
[2024-11-12T16:39:43.809+0100] {processor.py:208} INFO - Processing /home/sakana/anaconda3/envs/airflow_env/lib/python3.8/site-packages/airflow/example_dags/tutorial_taskflow_api.py took 0.130 seconds
[2024-11-12T16:40:57.702+0100] {processor.py:186} INFO - Started process (PID=7056) to work on /home/sakana/anaconda3/envs/airflow_env/lib/python3.8/site-packages/airflow/example_dags/tutorial_taskflow_api.py
[2024-11-12T16:40:57.708+0100] {processor.py:914} INFO - Processing file /home/sakana/anaconda3/envs/airflow_env/lib/python3.8/site-packages/airflow/example_dags/tutorial_taskflow_api.py for tasks to queue
[2024-11-12T16:40:57.710+0100] {logging_mixin.py:190} INFO - [2024-11-12T16:40:57.710+0100] {dagbag.py:588} INFO - Filling up the DagBag from /home/sakana/anaconda3/envs/airflow_env/lib/python3.8/site-packages/airflow/example_dags/tutorial_taskflow_api.py
[2024-11-12T16:40:57.722+0100] {processor.py:925} INFO - DAG(s) 'tutorial_taskflow_api' retrieved from /home/sakana/anaconda3/envs/airflow_env/lib/python3.8/site-packages/airflow/example_dags/tutorial_taskflow_api.py
[2024-11-12T16:40:57.739+0100] {logging_mixin.py:190} INFO - [2024-11-12T16:40:57.739+0100] {dag.py:3239} INFO - Sync 1 DAGs
[2024-11-12T16:40:57.752+0100] {logging_mixin.py:190} INFO - [2024-11-12T16:40:57.752+0100] {dag.py:4180} INFO - Setting next_dagrun for tutorial_taskflow_api to None, run_after=None
[2024-11-12T16:40:57.779+0100] {processor.py:208} INFO - Processing /home/sakana/anaconda3/envs/airflow_env/lib/python3.8/site-packages/airflow/example_dags/tutorial_taskflow_api.py took 0.087 seconds
[2024-11-12T16:41:56.460+0100] {processor.py:186} INFO - Started process (PID=7151) to work on /home/sakana/anaconda3/envs/airflow_env/lib/python3.8/site-packages/airflow/example_dags/tutorial_taskflow_api.py
[2024-11-12T16:41:56.465+0100] {processor.py:914} INFO - Processing file /home/sakana/anaconda3/envs/airflow_env/lib/python3.8/site-packages/airflow/example_dags/tutorial_taskflow_api.py for tasks to queue
[2024-11-12T16:41:56.468+0100] {logging_mixin.py:190} INFO - [2024-11-12T16:41:56.467+0100] {dagbag.py:588} INFO - Filling up the DagBag from /home/sakana/anaconda3/envs/airflow_env/lib/python3.8/site-packages/airflow/example_dags/tutorial_taskflow_api.py
[2024-11-12T16:41:56.477+0100] {processor.py:925} INFO - DAG(s) 'tutorial_taskflow_api' retrieved from /home/sakana/anaconda3/envs/airflow_env/lib/python3.8/site-packages/airflow/example_dags/tutorial_taskflow_api.py
[2024-11-12T16:41:56.494+0100] {logging_mixin.py:190} INFO - [2024-11-12T16:41:56.494+0100] {dag.py:3239} INFO - Sync 1 DAGs
[2024-11-12T16:41:56.507+0100] {logging_mixin.py:190} INFO - [2024-11-12T16:41:56.507+0100] {dag.py:4180} INFO - Setting next_dagrun for tutorial_taskflow_api to None, run_after=None
[2024-11-12T16:41:56.548+0100] {processor.py:208} INFO - Processing /home/sakana/anaconda3/envs/airflow_env/lib/python3.8/site-packages/airflow/example_dags/tutorial_taskflow_api.py took 0.094 seconds
[2024-11-12T16:42:52.822+0100] {processor.py:186} INFO - Started process (PID=7290) to work on /home/sakana/anaconda3/envs/airflow_env/lib/python3.8/site-packages/airflow/example_dags/tutorial_taskflow_api.py
[2024-11-12T16:42:52.827+0100] {processor.py:914} INFO - Processing file /home/sakana/anaconda3/envs/airflow_env/lib/python3.8/site-packages/airflow/example_dags/tutorial_taskflow_api.py for tasks to queue
[2024-11-12T16:42:52.830+0100] {logging_mixin.py:190} INFO - [2024-11-12T16:42:52.830+0100] {dagbag.py:588} INFO - Filling up the DagBag from /home/sakana/anaconda3/envs/airflow_env/lib/python3.8/site-packages/airflow/example_dags/tutorial_taskflow_api.py
[2024-11-12T16:42:52.839+0100] {processor.py:925} INFO - DAG(s) 'tutorial_taskflow_api' retrieved from /home/sakana/anaconda3/envs/airflow_env/lib/python3.8/site-packages/airflow/example_dags/tutorial_taskflow_api.py
[2024-11-12T16:42:52.855+0100] {logging_mixin.py:190} INFO - [2024-11-12T16:42:52.855+0100] {dag.py:3239} INFO - Sync 1 DAGs
[2024-11-12T16:42:52.871+0100] {logging_mixin.py:190} INFO - [2024-11-12T16:42:52.871+0100] {dag.py:4180} INFO - Setting next_dagrun for tutorial_taskflow_api to None, run_after=None
[2024-11-12T16:42:52.901+0100] {processor.py:208} INFO - Processing /home/sakana/anaconda3/envs/airflow_env/lib/python3.8/site-packages/airflow/example_dags/tutorial_taskflow_api.py took 0.092 seconds
[2024-11-12T16:43:50.476+0100] {processor.py:186} INFO - Started process (PID=7401) to work on /home/sakana/anaconda3/envs/airflow_env/lib/python3.8/site-packages/airflow/example_dags/tutorial_taskflow_api.py
[2024-11-12T16:43:50.481+0100] {processor.py:914} INFO - Processing file /home/sakana/anaconda3/envs/airflow_env/lib/python3.8/site-packages/airflow/example_dags/tutorial_taskflow_api.py for tasks to queue
[2024-11-12T16:43:50.484+0100] {logging_mixin.py:190} INFO - [2024-11-12T16:43:50.484+0100] {dagbag.py:588} INFO - Filling up the DagBag from /home/sakana/anaconda3/envs/airflow_env/lib/python3.8/site-packages/airflow/example_dags/tutorial_taskflow_api.py
[2024-11-12T16:43:50.492+0100] {processor.py:925} INFO - DAG(s) 'tutorial_taskflow_api' retrieved from /home/sakana/anaconda3/envs/airflow_env/lib/python3.8/site-packages/airflow/example_dags/tutorial_taskflow_api.py
[2024-11-12T16:43:50.506+0100] {logging_mixin.py:190} INFO - [2024-11-12T16:43:50.505+0100] {dag.py:3239} INFO - Sync 1 DAGs
[2024-11-12T16:43:50.517+0100] {logging_mixin.py:190} INFO - [2024-11-12T16:43:50.516+0100] {dag.py:4180} INFO - Setting next_dagrun for tutorial_taskflow_api to None, run_after=None
[2024-11-12T16:43:50.541+0100] {processor.py:208} INFO - Processing /home/sakana/anaconda3/envs/airflow_env/lib/python3.8/site-packages/airflow/example_dags/tutorial_taskflow_api.py took 0.073 seconds
[2024-11-12T16:44:48.088+0100] {processor.py:186} INFO - Started process (PID=7477) to work on /home/sakana/anaconda3/envs/airflow_env/lib/python3.8/site-packages/airflow/example_dags/tutorial_taskflow_api.py
[2024-11-12T16:44:48.093+0100] {processor.py:914} INFO - Processing file /home/sakana/anaconda3/envs/airflow_env/lib/python3.8/site-packages/airflow/example_dags/tutorial_taskflow_api.py for tasks to queue
[2024-11-12T16:44:48.096+0100] {logging_mixin.py:190} INFO - [2024-11-12T16:44:48.095+0100] {dagbag.py:588} INFO - Filling up the DagBag from /home/sakana/anaconda3/envs/airflow_env/lib/python3.8/site-packages/airflow/example_dags/tutorial_taskflow_api.py
[2024-11-12T16:44:48.104+0100] {processor.py:925} INFO - DAG(s) 'tutorial_taskflow_api' retrieved from /home/sakana/anaconda3/envs/airflow_env/lib/python3.8/site-packages/airflow/example_dags/tutorial_taskflow_api.py
[2024-11-12T16:44:48.119+0100] {logging_mixin.py:190} INFO - [2024-11-12T16:44:48.119+0100] {dag.py:3239} INFO - Sync 1 DAGs
[2024-11-12T16:44:48.131+0100] {logging_mixin.py:190} INFO - [2024-11-12T16:44:48.131+0100] {dag.py:4180} INFO - Setting next_dagrun for tutorial_taskflow_api to None, run_after=None
[2024-11-12T16:44:48.170+0100] {processor.py:208} INFO - Processing /home/sakana/anaconda3/envs/airflow_env/lib/python3.8/site-packages/airflow/example_dags/tutorial_taskflow_api.py took 0.090 seconds
[2024-11-12T16:45:41.393+0100] {processor.py:186} INFO - Started process (PID=7548) to work on /home/sakana/anaconda3/envs/airflow_env/lib/python3.8/site-packages/airflow/example_dags/tutorial_taskflow_api.py
[2024-11-12T16:45:41.398+0100] {processor.py:914} INFO - Processing file /home/sakana/anaconda3/envs/airflow_env/lib/python3.8/site-packages/airflow/example_dags/tutorial_taskflow_api.py for tasks to queue
[2024-11-12T16:45:41.401+0100] {logging_mixin.py:190} INFO - [2024-11-12T16:45:41.401+0100] {dagbag.py:588} INFO - Filling up the DagBag from /home/sakana/anaconda3/envs/airflow_env/lib/python3.8/site-packages/airflow/example_dags/tutorial_taskflow_api.py
[2024-11-12T16:45:41.412+0100] {processor.py:925} INFO - DAG(s) 'tutorial_taskflow_api' retrieved from /home/sakana/anaconda3/envs/airflow_env/lib/python3.8/site-packages/airflow/example_dags/tutorial_taskflow_api.py
[2024-11-12T16:45:41.428+0100] {logging_mixin.py:190} INFO - [2024-11-12T16:45:41.428+0100] {dag.py:3239} INFO - Sync 1 DAGs
[2024-11-12T16:45:41.440+0100] {logging_mixin.py:190} INFO - [2024-11-12T16:45:41.440+0100] {dag.py:4180} INFO - Setting next_dagrun for tutorial_taskflow_api to None, run_after=None
[2024-11-12T16:45:41.467+0100] {processor.py:208} INFO - Processing /home/sakana/anaconda3/envs/airflow_env/lib/python3.8/site-packages/airflow/example_dags/tutorial_taskflow_api.py took 0.083 seconds
[2024-11-12T16:46:51.970+0100] {processor.py:186} INFO - Started process (PID=7680) to work on /home/sakana/anaconda3/envs/airflow_env/lib/python3.8/site-packages/airflow/example_dags/tutorial_taskflow_api.py
[2024-11-12T16:46:51.975+0100] {processor.py:914} INFO - Processing file /home/sakana/anaconda3/envs/airflow_env/lib/python3.8/site-packages/airflow/example_dags/tutorial_taskflow_api.py for tasks to queue
[2024-11-12T16:46:51.978+0100] {logging_mixin.py:190} INFO - [2024-11-12T16:46:51.977+0100] {dagbag.py:588} INFO - Filling up the DagBag from /home/sakana/anaconda3/envs/airflow_env/lib/python3.8/site-packages/airflow/example_dags/tutorial_taskflow_api.py
[2024-11-12T16:46:51.987+0100] {processor.py:925} INFO - DAG(s) 'tutorial_taskflow_api' retrieved from /home/sakana/anaconda3/envs/airflow_env/lib/python3.8/site-packages/airflow/example_dags/tutorial_taskflow_api.py
[2024-11-12T16:46:52.002+0100] {logging_mixin.py:190} INFO - [2024-11-12T16:46:52.001+0100] {dag.py:3239} INFO - Sync 1 DAGs
[2024-11-12T16:46:52.013+0100] {logging_mixin.py:190} INFO - [2024-11-12T16:46:52.013+0100] {dag.py:4180} INFO - Setting next_dagrun for tutorial_taskflow_api to None, run_after=None
[2024-11-12T16:46:52.046+0100] {processor.py:208} INFO - Processing /home/sakana/anaconda3/envs/airflow_env/lib/python3.8/site-packages/airflow/example_dags/tutorial_taskflow_api.py took 0.083 seconds
[2024-11-12T16:47:49.668+0100] {processor.py:186} INFO - Started process (PID=7749) to work on /home/sakana/anaconda3/envs/airflow_env/lib/python3.8/site-packages/airflow/example_dags/tutorial_taskflow_api.py
[2024-11-12T16:47:49.673+0100] {processor.py:914} INFO - Processing file /home/sakana/anaconda3/envs/airflow_env/lib/python3.8/site-packages/airflow/example_dags/tutorial_taskflow_api.py for tasks to queue
[2024-11-12T16:47:49.680+0100] {logging_mixin.py:190} INFO - [2024-11-12T16:47:49.679+0100] {dagbag.py:588} INFO - Filling up the DagBag from /home/sakana/anaconda3/envs/airflow_env/lib/python3.8/site-packages/airflow/example_dags/tutorial_taskflow_api.py
[2024-11-12T16:47:49.703+0100] {processor.py:925} INFO - DAG(s) 'tutorial_taskflow_api' retrieved from /home/sakana/anaconda3/envs/airflow_env/lib/python3.8/site-packages/airflow/example_dags/tutorial_taskflow_api.py
[2024-11-12T16:47:49.721+0100] {logging_mixin.py:190} INFO - [2024-11-12T16:47:49.721+0100] {dag.py:3239} INFO - Sync 1 DAGs
[2024-11-12T16:47:49.733+0100] {logging_mixin.py:190} INFO - [2024-11-12T16:47:49.733+0100] {dag.py:4180} INFO - Setting next_dagrun for tutorial_taskflow_api to None, run_after=None
[2024-11-12T16:47:49.770+0100] {processor.py:208} INFO - Processing /home/sakana/anaconda3/envs/airflow_env/lib/python3.8/site-packages/airflow/example_dags/tutorial_taskflow_api.py took 0.108 seconds
[2024-11-12T16:48:47.013+0100] {processor.py:186} INFO - Started process (PID=7905) to work on /home/sakana/anaconda3/envs/airflow_env/lib/python3.8/site-packages/airflow/example_dags/tutorial_taskflow_api.py
[2024-11-12T16:48:47.019+0100] {processor.py:914} INFO - Processing file /home/sakana/anaconda3/envs/airflow_env/lib/python3.8/site-packages/airflow/example_dags/tutorial_taskflow_api.py for tasks to queue
[2024-11-12T16:48:47.022+0100] {logging_mixin.py:190} INFO - [2024-11-12T16:48:47.022+0100] {dagbag.py:588} INFO - Filling up the DagBag from /home/sakana/anaconda3/envs/airflow_env/lib/python3.8/site-packages/airflow/example_dags/tutorial_taskflow_api.py
[2024-11-12T16:48:47.036+0100] {processor.py:925} INFO - DAG(s) 'tutorial_taskflow_api' retrieved from /home/sakana/anaconda3/envs/airflow_env/lib/python3.8/site-packages/airflow/example_dags/tutorial_taskflow_api.py
[2024-11-12T16:48:47.059+0100] {logging_mixin.py:190} INFO - [2024-11-12T16:48:47.059+0100] {dag.py:3239} INFO - Sync 1 DAGs
[2024-11-12T16:48:47.087+0100] {logging_mixin.py:190} INFO - [2024-11-12T16:48:47.086+0100] {dag.py:4180} INFO - Setting next_dagrun for tutorial_taskflow_api to None, run_after=None
[2024-11-12T16:48:47.141+0100] {processor.py:208} INFO - Processing /home/sakana/anaconda3/envs/airflow_env/lib/python3.8/site-packages/airflow/example_dags/tutorial_taskflow_api.py took 0.137 seconds
[2024-11-12T16:49:44.305+0100] {processor.py:186} INFO - Started process (PID=7998) to work on /home/sakana/anaconda3/envs/airflow_env/lib/python3.8/site-packages/airflow/example_dags/tutorial_taskflow_api.py
[2024-11-12T16:49:44.307+0100] {processor.py:914} INFO - Processing file /home/sakana/anaconda3/envs/airflow_env/lib/python3.8/site-packages/airflow/example_dags/tutorial_taskflow_api.py for tasks to queue
[2024-11-12T16:49:44.311+0100] {logging_mixin.py:190} INFO - [2024-11-12T16:49:44.310+0100] {dagbag.py:588} INFO - Filling up the DagBag from /home/sakana/anaconda3/envs/airflow_env/lib/python3.8/site-packages/airflow/example_dags/tutorial_taskflow_api.py
[2024-11-12T16:49:44.320+0100] {processor.py:925} INFO - DAG(s) 'tutorial_taskflow_api' retrieved from /home/sakana/anaconda3/envs/airflow_env/lib/python3.8/site-packages/airflow/example_dags/tutorial_taskflow_api.py
[2024-11-12T16:49:44.337+0100] {logging_mixin.py:190} INFO - [2024-11-12T16:49:44.337+0100] {dag.py:3239} INFO - Sync 1 DAGs
[2024-11-12T16:49:44.354+0100] {logging_mixin.py:190} INFO - [2024-11-12T16:49:44.354+0100] {dag.py:4180} INFO - Setting next_dagrun for tutorial_taskflow_api to None, run_after=None
[2024-11-12T16:49:44.387+0100] {processor.py:208} INFO - Processing /home/sakana/anaconda3/envs/airflow_env/lib/python3.8/site-packages/airflow/example_dags/tutorial_taskflow_api.py took 0.091 seconds
[2024-11-12T16:50:41.468+0100] {processor.py:186} INFO - Started process (PID=8065) to work on /home/sakana/anaconda3/envs/airflow_env/lib/python3.8/site-packages/airflow/example_dags/tutorial_taskflow_api.py
[2024-11-12T16:50:41.474+0100] {processor.py:914} INFO - Processing file /home/sakana/anaconda3/envs/airflow_env/lib/python3.8/site-packages/airflow/example_dags/tutorial_taskflow_api.py for tasks to queue
[2024-11-12T16:50:41.482+0100] {logging_mixin.py:190} INFO - [2024-11-12T16:50:41.481+0100] {dagbag.py:588} INFO - Filling up the DagBag from /home/sakana/anaconda3/envs/airflow_env/lib/python3.8/site-packages/airflow/example_dags/tutorial_taskflow_api.py
[2024-11-12T16:50:41.503+0100] {processor.py:925} INFO - DAG(s) 'tutorial_taskflow_api' retrieved from /home/sakana/anaconda3/envs/airflow_env/lib/python3.8/site-packages/airflow/example_dags/tutorial_taskflow_api.py
[2024-11-12T16:50:41.521+0100] {logging_mixin.py:190} INFO - [2024-11-12T16:50:41.520+0100] {dag.py:3239} INFO - Sync 1 DAGs
[2024-11-12T16:50:41.532+0100] {logging_mixin.py:190} INFO - [2024-11-12T16:50:41.532+0100] {dag.py:4180} INFO - Setting next_dagrun for tutorial_taskflow_api to None, run_after=None
[2024-11-12T16:50:41.560+0100] {processor.py:208} INFO - Processing /home/sakana/anaconda3/envs/airflow_env/lib/python3.8/site-packages/airflow/example_dags/tutorial_taskflow_api.py took 0.099 seconds
[2024-11-12T16:51:38.103+0100] {processor.py:186} INFO - Started process (PID=8138) to work on /home/sakana/anaconda3/envs/airflow_env/lib/python3.8/site-packages/airflow/example_dags/tutorial_taskflow_api.py
[2024-11-12T16:51:38.109+0100] {processor.py:914} INFO - Processing file /home/sakana/anaconda3/envs/airflow_env/lib/python3.8/site-packages/airflow/example_dags/tutorial_taskflow_api.py for tasks to queue
[2024-11-12T16:51:38.111+0100] {logging_mixin.py:190} INFO - [2024-11-12T16:51:38.111+0100] {dagbag.py:588} INFO - Filling up the DagBag from /home/sakana/anaconda3/envs/airflow_env/lib/python3.8/site-packages/airflow/example_dags/tutorial_taskflow_api.py
[2024-11-12T16:51:38.121+0100] {processor.py:925} INFO - DAG(s) 'tutorial_taskflow_api' retrieved from /home/sakana/anaconda3/envs/airflow_env/lib/python3.8/site-packages/airflow/example_dags/tutorial_taskflow_api.py
[2024-11-12T16:51:38.137+0100] {logging_mixin.py:190} INFO - [2024-11-12T16:51:38.137+0100] {dag.py:3239} INFO - Sync 1 DAGs
[2024-11-12T16:51:38.151+0100] {logging_mixin.py:190} INFO - [2024-11-12T16:51:38.151+0100] {dag.py:4180} INFO - Setting next_dagrun for tutorial_taskflow_api to None, run_after=None
[2024-11-12T16:51:38.183+0100] {processor.py:208} INFO - Processing /home/sakana/anaconda3/envs/airflow_env/lib/python3.8/site-packages/airflow/example_dags/tutorial_taskflow_api.py took 0.087 seconds
[2024-11-12T16:52:34.967+0100] {processor.py:186} INFO - Started process (PID=8227) to work on /home/sakana/anaconda3/envs/airflow_env/lib/python3.8/site-packages/airflow/example_dags/tutorial_taskflow_api.py
[2024-11-12T16:52:34.972+0100] {processor.py:914} INFO - Processing file /home/sakana/anaconda3/envs/airflow_env/lib/python3.8/site-packages/airflow/example_dags/tutorial_taskflow_api.py for tasks to queue
[2024-11-12T16:52:34.974+0100] {logging_mixin.py:190} INFO - [2024-11-12T16:52:34.974+0100] {dagbag.py:588} INFO - Filling up the DagBag from /home/sakana/anaconda3/envs/airflow_env/lib/python3.8/site-packages/airflow/example_dags/tutorial_taskflow_api.py
[2024-11-12T16:52:34.984+0100] {processor.py:925} INFO - DAG(s) 'tutorial_taskflow_api' retrieved from /home/sakana/anaconda3/envs/airflow_env/lib/python3.8/site-packages/airflow/example_dags/tutorial_taskflow_api.py
[2024-11-12T16:52:34.999+0100] {logging_mixin.py:190} INFO - [2024-11-12T16:52:34.999+0100] {dag.py:3239} INFO - Sync 1 DAGs
[2024-11-12T16:52:35.011+0100] {logging_mixin.py:190} INFO - [2024-11-12T16:52:35.011+0100] {dag.py:4180} INFO - Setting next_dagrun for tutorial_taskflow_api to None, run_after=None
[2024-11-12T16:52:35.039+0100] {processor.py:208} INFO - Processing /home/sakana/anaconda3/envs/airflow_env/lib/python3.8/site-packages/airflow/example_dags/tutorial_taskflow_api.py took 0.081 seconds
[2024-11-12T16:53:30.876+0100] {processor.py:186} INFO - Started process (PID=8318) to work on /home/sakana/anaconda3/envs/airflow_env/lib/python3.8/site-packages/airflow/example_dags/tutorial_taskflow_api.py
[2024-11-12T16:53:30.881+0100] {processor.py:914} INFO - Processing file /home/sakana/anaconda3/envs/airflow_env/lib/python3.8/site-packages/airflow/example_dags/tutorial_taskflow_api.py for tasks to queue
[2024-11-12T16:53:30.883+0100] {logging_mixin.py:190} INFO - [2024-11-12T16:53:30.883+0100] {dagbag.py:588} INFO - Filling up the DagBag from /home/sakana/anaconda3/envs/airflow_env/lib/python3.8/site-packages/airflow/example_dags/tutorial_taskflow_api.py
[2024-11-12T16:53:30.891+0100] {processor.py:925} INFO - DAG(s) 'tutorial_taskflow_api' retrieved from /home/sakana/anaconda3/envs/airflow_env/lib/python3.8/site-packages/airflow/example_dags/tutorial_taskflow_api.py
[2024-11-12T16:53:30.906+0100] {logging_mixin.py:190} INFO - [2024-11-12T16:53:30.906+0100] {dag.py:3239} INFO - Sync 1 DAGs
[2024-11-12T16:53:30.918+0100] {logging_mixin.py:190} INFO - [2024-11-12T16:53:30.918+0100] {dag.py:4180} INFO - Setting next_dagrun for tutorial_taskflow_api to None, run_after=None
[2024-11-12T16:53:30.944+0100] {processor.py:208} INFO - Processing /home/sakana/anaconda3/envs/airflow_env/lib/python3.8/site-packages/airflow/example_dags/tutorial_taskflow_api.py took 0.074 seconds
[2024-11-12T16:54:32.150+0100] {processor.py:186} INFO - Started process (PID=8490) to work on /home/sakana/anaconda3/envs/airflow_env/lib/python3.8/site-packages/airflow/example_dags/tutorial_taskflow_api.py
[2024-11-12T16:54:32.155+0100] {processor.py:914} INFO - Processing file /home/sakana/anaconda3/envs/airflow_env/lib/python3.8/site-packages/airflow/example_dags/tutorial_taskflow_api.py for tasks to queue
[2024-11-12T16:54:32.159+0100] {logging_mixin.py:190} INFO - [2024-11-12T16:54:32.158+0100] {dagbag.py:588} INFO - Filling up the DagBag from /home/sakana/anaconda3/envs/airflow_env/lib/python3.8/site-packages/airflow/example_dags/tutorial_taskflow_api.py
[2024-11-12T16:54:32.170+0100] {processor.py:925} INFO - DAG(s) 'tutorial_taskflow_api' retrieved from /home/sakana/anaconda3/envs/airflow_env/lib/python3.8/site-packages/airflow/example_dags/tutorial_taskflow_api.py
[2024-11-12T16:54:32.191+0100] {logging_mixin.py:190} INFO - [2024-11-12T16:54:32.191+0100] {dag.py:3239} INFO - Sync 1 DAGs
[2024-11-12T16:54:32.208+0100] {logging_mixin.py:190} INFO - [2024-11-12T16:54:32.208+0100] {dag.py:4180} INFO - Setting next_dagrun for tutorial_taskflow_api to None, run_after=None
[2024-11-12T16:54:32.245+0100] {processor.py:208} INFO - Processing /home/sakana/anaconda3/envs/airflow_env/lib/python3.8/site-packages/airflow/example_dags/tutorial_taskflow_api.py took 0.102 seconds
[2024-11-12T16:55:32.151+0100] {processor.py:186} INFO - Started process (PID=8584) to work on /home/sakana/anaconda3/envs/airflow_env/lib/python3.8/site-packages/airflow/example_dags/tutorial_taskflow_api.py
[2024-11-12T16:55:32.156+0100] {processor.py:914} INFO - Processing file /home/sakana/anaconda3/envs/airflow_env/lib/python3.8/site-packages/airflow/example_dags/tutorial_taskflow_api.py for tasks to queue
[2024-11-12T16:55:32.158+0100] {logging_mixin.py:190} INFO - [2024-11-12T16:55:32.158+0100] {dagbag.py:588} INFO - Filling up the DagBag from /home/sakana/anaconda3/envs/airflow_env/lib/python3.8/site-packages/airflow/example_dags/tutorial_taskflow_api.py
[2024-11-12T16:55:32.167+0100] {processor.py:925} INFO - DAG(s) 'tutorial_taskflow_api' retrieved from /home/sakana/anaconda3/envs/airflow_env/lib/python3.8/site-packages/airflow/example_dags/tutorial_taskflow_api.py
[2024-11-12T16:55:32.183+0100] {logging_mixin.py:190} INFO - [2024-11-12T16:55:32.183+0100] {dag.py:3239} INFO - Sync 1 DAGs
[2024-11-12T16:55:32.201+0100] {logging_mixin.py:190} INFO - [2024-11-12T16:55:32.200+0100] {dag.py:4180} INFO - Setting next_dagrun for tutorial_taskflow_api to None, run_after=None
[2024-11-12T16:55:32.230+0100] {processor.py:208} INFO - Processing /home/sakana/anaconda3/envs/airflow_env/lib/python3.8/site-packages/airflow/example_dags/tutorial_taskflow_api.py took 0.086 seconds
[2024-11-12T16:56:30.823+0100] {processor.py:186} INFO - Started process (PID=8657) to work on /home/sakana/anaconda3/envs/airflow_env/lib/python3.8/site-packages/airflow/example_dags/tutorial_taskflow_api.py
[2024-11-12T16:56:30.828+0100] {processor.py:914} INFO - Processing file /home/sakana/anaconda3/envs/airflow_env/lib/python3.8/site-packages/airflow/example_dags/tutorial_taskflow_api.py for tasks to queue
[2024-11-12T16:56:30.830+0100] {logging_mixin.py:190} INFO - [2024-11-12T16:56:30.829+0100] {dagbag.py:588} INFO - Filling up the DagBag from /home/sakana/anaconda3/envs/airflow_env/lib/python3.8/site-packages/airflow/example_dags/tutorial_taskflow_api.py
[2024-11-12T16:56:30.839+0100] {processor.py:925} INFO - DAG(s) 'tutorial_taskflow_api' retrieved from /home/sakana/anaconda3/envs/airflow_env/lib/python3.8/site-packages/airflow/example_dags/tutorial_taskflow_api.py
[2024-11-12T16:56:30.855+0100] {logging_mixin.py:190} INFO - [2024-11-12T16:56:30.855+0100] {dag.py:3239} INFO - Sync 1 DAGs
[2024-11-12T16:56:30.866+0100] {logging_mixin.py:190} INFO - [2024-11-12T16:56:30.866+0100] {dag.py:4180} INFO - Setting next_dagrun for tutorial_taskflow_api to None, run_after=None
[2024-11-12T16:56:30.893+0100] {processor.py:208} INFO - Processing /home/sakana/anaconda3/envs/airflow_env/lib/python3.8/site-packages/airflow/example_dags/tutorial_taskflow_api.py took 0.077 seconds
[2024-11-12T16:57:30.031+0100] {processor.py:186} INFO - Started process (PID=8739) to work on /home/sakana/anaconda3/envs/airflow_env/lib/python3.8/site-packages/airflow/example_dags/tutorial_taskflow_api.py
[2024-11-12T16:57:30.036+0100] {processor.py:914} INFO - Processing file /home/sakana/anaconda3/envs/airflow_env/lib/python3.8/site-packages/airflow/example_dags/tutorial_taskflow_api.py for tasks to queue
[2024-11-12T16:57:30.039+0100] {logging_mixin.py:190} INFO - [2024-11-12T16:57:30.038+0100] {dagbag.py:588} INFO - Filling up the DagBag from /home/sakana/anaconda3/envs/airflow_env/lib/python3.8/site-packages/airflow/example_dags/tutorial_taskflow_api.py
[2024-11-12T16:57:30.048+0100] {processor.py:925} INFO - DAG(s) 'tutorial_taskflow_api' retrieved from /home/sakana/anaconda3/envs/airflow_env/lib/python3.8/site-packages/airflow/example_dags/tutorial_taskflow_api.py
[2024-11-12T16:57:30.065+0100] {logging_mixin.py:190} INFO - [2024-11-12T16:57:30.064+0100] {dag.py:3239} INFO - Sync 1 DAGs
[2024-11-12T16:57:30.079+0100] {logging_mixin.py:190} INFO - [2024-11-12T16:57:30.079+0100] {dag.py:4180} INFO - Setting next_dagrun for tutorial_taskflow_api to None, run_after=None
[2024-11-12T16:57:30.104+0100] {processor.py:208} INFO - Processing /home/sakana/anaconda3/envs/airflow_env/lib/python3.8/site-packages/airflow/example_dags/tutorial_taskflow_api.py took 0.079 seconds
[2024-11-12T16:58:32.270+0100] {processor.py:186} INFO - Started process (PID=8836) to work on /home/sakana/anaconda3/envs/airflow_env/lib/python3.8/site-packages/airflow/example_dags/tutorial_taskflow_api.py
[2024-11-12T16:58:32.276+0100] {processor.py:914} INFO - Processing file /home/sakana/anaconda3/envs/airflow_env/lib/python3.8/site-packages/airflow/example_dags/tutorial_taskflow_api.py for tasks to queue
[2024-11-12T16:58:32.280+0100] {logging_mixin.py:190} INFO - [2024-11-12T16:58:32.279+0100] {dagbag.py:588} INFO - Filling up the DagBag from /home/sakana/anaconda3/envs/airflow_env/lib/python3.8/site-packages/airflow/example_dags/tutorial_taskflow_api.py
[2024-11-12T16:58:32.291+0100] {processor.py:925} INFO - DAG(s) 'tutorial_taskflow_api' retrieved from /home/sakana/anaconda3/envs/airflow_env/lib/python3.8/site-packages/airflow/example_dags/tutorial_taskflow_api.py
[2024-11-12T16:58:32.307+0100] {logging_mixin.py:190} INFO - [2024-11-12T16:58:32.307+0100] {dag.py:3239} INFO - Sync 1 DAGs
[2024-11-12T16:58:32.318+0100] {logging_mixin.py:190} INFO - [2024-11-12T16:58:32.318+0100] {dag.py:4180} INFO - Setting next_dagrun for tutorial_taskflow_api to None, run_after=None
[2024-11-12T16:58:32.343+0100] {processor.py:208} INFO - Processing /home/sakana/anaconda3/envs/airflow_env/lib/python3.8/site-packages/airflow/example_dags/tutorial_taskflow_api.py took 0.087 seconds
[2024-11-12T16:59:33.555+0100] {processor.py:186} INFO - Started process (PID=8918) to work on /home/sakana/anaconda3/envs/airflow_env/lib/python3.8/site-packages/airflow/example_dags/tutorial_taskflow_api.py
[2024-11-12T16:59:33.560+0100] {processor.py:914} INFO - Processing file /home/sakana/anaconda3/envs/airflow_env/lib/python3.8/site-packages/airflow/example_dags/tutorial_taskflow_api.py for tasks to queue
[2024-11-12T16:59:33.563+0100] {logging_mixin.py:190} INFO - [2024-11-12T16:59:33.563+0100] {dagbag.py:588} INFO - Filling up the DagBag from /home/sakana/anaconda3/envs/airflow_env/lib/python3.8/site-packages/airflow/example_dags/tutorial_taskflow_api.py
[2024-11-12T16:59:33.574+0100] {processor.py:925} INFO - DAG(s) 'tutorial_taskflow_api' retrieved from /home/sakana/anaconda3/envs/airflow_env/lib/python3.8/site-packages/airflow/example_dags/tutorial_taskflow_api.py
[2024-11-12T16:59:33.590+0100] {logging_mixin.py:190} INFO - [2024-11-12T16:59:33.590+0100] {dag.py:3239} INFO - Sync 1 DAGs
[2024-11-12T16:59:33.602+0100] {logging_mixin.py:190} INFO - [2024-11-12T16:59:33.602+0100] {dag.py:4180} INFO - Setting next_dagrun for tutorial_taskflow_api to None, run_after=None
[2024-11-12T16:59:33.637+0100] {processor.py:208} INFO - Processing /home/sakana/anaconda3/envs/airflow_env/lib/python3.8/site-packages/airflow/example_dags/tutorial_taskflow_api.py took 0.090 seconds
[2024-11-12T17:00:33.723+0100] {processor.py:186} INFO - Started process (PID=8992) to work on /home/sakana/anaconda3/envs/airflow_env/lib/python3.8/site-packages/airflow/example_dags/tutorial_taskflow_api.py
[2024-11-12T17:00:33.729+0100] {processor.py:914} INFO - Processing file /home/sakana/anaconda3/envs/airflow_env/lib/python3.8/site-packages/airflow/example_dags/tutorial_taskflow_api.py for tasks to queue
[2024-11-12T17:00:33.732+0100] {logging_mixin.py:190} INFO - [2024-11-12T17:00:33.732+0100] {dagbag.py:588} INFO - Filling up the DagBag from /home/sakana/anaconda3/envs/airflow_env/lib/python3.8/site-packages/airflow/example_dags/tutorial_taskflow_api.py
[2024-11-12T17:00:33.745+0100] {processor.py:925} INFO - DAG(s) 'tutorial_taskflow_api' retrieved from /home/sakana/anaconda3/envs/airflow_env/lib/python3.8/site-packages/airflow/example_dags/tutorial_taskflow_api.py
[2024-11-12T17:00:33.760+0100] {logging_mixin.py:190} INFO - [2024-11-12T17:00:33.760+0100] {dag.py:3239} INFO - Sync 1 DAGs
[2024-11-12T17:00:33.772+0100] {logging_mixin.py:190} INFO - [2024-11-12T17:00:33.772+0100] {dag.py:4180} INFO - Setting next_dagrun for tutorial_taskflow_api to None, run_after=None
[2024-11-12T17:00:33.810+0100] {processor.py:208} INFO - Processing /home/sakana/anaconda3/envs/airflow_env/lib/python3.8/site-packages/airflow/example_dags/tutorial_taskflow_api.py took 0.098 seconds
[2024-11-12T17:01:36.218+0100] {processor.py:186} INFO - Started process (PID=9098) to work on /home/sakana/anaconda3/envs/airflow_env/lib/python3.8/site-packages/airflow/example_dags/tutorial_taskflow_api.py
[2024-11-12T17:01:36.218+0100] {processor.py:914} INFO - Processing file /home/sakana/anaconda3/envs/airflow_env/lib/python3.8/site-packages/airflow/example_dags/tutorial_taskflow_api.py for tasks to queue
[2024-11-12T17:01:36.220+0100] {logging_mixin.py:190} INFO - [2024-11-12T17:01:36.220+0100] {dagbag.py:588} INFO - Filling up the DagBag from /home/sakana/anaconda3/envs/airflow_env/lib/python3.8/site-packages/airflow/example_dags/tutorial_taskflow_api.py
[2024-11-12T17:01:36.227+0100] {processor.py:925} INFO - DAG(s) 'tutorial_taskflow_api' retrieved from /home/sakana/anaconda3/envs/airflow_env/lib/python3.8/site-packages/airflow/example_dags/tutorial_taskflow_api.py
[2024-11-12T17:01:36.241+0100] {logging_mixin.py:190} INFO - [2024-11-12T17:01:36.241+0100] {dag.py:3239} INFO - Sync 1 DAGs
[2024-11-12T17:01:36.253+0100] {logging_mixin.py:190} INFO - [2024-11-12T17:01:36.253+0100] {dag.py:4180} INFO - Setting next_dagrun for tutorial_taskflow_api to None, run_after=None
[2024-11-12T17:01:36.285+0100] {processor.py:208} INFO - Processing /home/sakana/anaconda3/envs/airflow_env/lib/python3.8/site-packages/airflow/example_dags/tutorial_taskflow_api.py took 0.072 seconds
[2024-11-12T17:19:17.021+0100] {processor.py:186} INFO - Started process (PID=9406) to work on /home/sakana/anaconda3/envs/airflow_env/lib/python3.8/site-packages/airflow/example_dags/tutorial_taskflow_api.py
[2024-11-12T17:19:17.022+0100] {processor.py:914} INFO - Processing file /home/sakana/anaconda3/envs/airflow_env/lib/python3.8/site-packages/airflow/example_dags/tutorial_taskflow_api.py for tasks to queue
[2024-11-12T17:19:17.025+0100] {logging_mixin.py:190} INFO - [2024-11-12T17:19:17.024+0100] {dagbag.py:588} INFO - Filling up the DagBag from /home/sakana/anaconda3/envs/airflow_env/lib/python3.8/site-packages/airflow/example_dags/tutorial_taskflow_api.py
[2024-11-12T17:19:17.035+0100] {processor.py:925} INFO - DAG(s) 'tutorial_taskflow_api' retrieved from /home/sakana/anaconda3/envs/airflow_env/lib/python3.8/site-packages/airflow/example_dags/tutorial_taskflow_api.py
[2024-11-12T17:19:17.052+0100] {logging_mixin.py:190} INFO - [2024-11-12T17:19:17.052+0100] {dag.py:3239} INFO - Sync 1 DAGs
[2024-11-12T17:19:17.065+0100] {logging_mixin.py:190} INFO - [2024-11-12T17:19:17.064+0100] {dag.py:4180} INFO - Setting next_dagrun for tutorial_taskflow_api to None, run_after=None
[2024-11-12T17:19:17.100+0100] {processor.py:208} INFO - Processing /home/sakana/anaconda3/envs/airflow_env/lib/python3.8/site-packages/airflow/example_dags/tutorial_taskflow_api.py took 0.085 seconds
[2024-11-12T17:20:22.797+0100] {processor.py:186} INFO - Started process (PID=9676) to work on /home/sakana/anaconda3/envs/airflow_env/lib/python3.8/site-packages/airflow/example_dags/tutorial_taskflow_api.py
[2024-11-12T17:20:22.799+0100] {processor.py:914} INFO - Processing file /home/sakana/anaconda3/envs/airflow_env/lib/python3.8/site-packages/airflow/example_dags/tutorial_taskflow_api.py for tasks to queue
[2024-11-12T17:20:22.801+0100] {logging_mixin.py:190} INFO - [2024-11-12T17:20:22.801+0100] {dagbag.py:588} INFO - Filling up the DagBag from /home/sakana/anaconda3/envs/airflow_env/lib/python3.8/site-packages/airflow/example_dags/tutorial_taskflow_api.py
[2024-11-12T17:20:22.812+0100] {processor.py:925} INFO - DAG(s) 'tutorial_taskflow_api' retrieved from /home/sakana/anaconda3/envs/airflow_env/lib/python3.8/site-packages/airflow/example_dags/tutorial_taskflow_api.py
[2024-11-12T17:20:22.832+0100] {logging_mixin.py:190} INFO - [2024-11-12T17:20:22.832+0100] {dag.py:3239} INFO - Sync 1 DAGs
[2024-11-12T17:20:22.850+0100] {logging_mixin.py:190} INFO - [2024-11-12T17:20:22.849+0100] {dag.py:4180} INFO - Setting next_dagrun for tutorial_taskflow_api to None, run_after=None
[2024-11-12T17:20:22.904+0100] {processor.py:208} INFO - Processing /home/sakana/anaconda3/envs/airflow_env/lib/python3.8/site-packages/airflow/example_dags/tutorial_taskflow_api.py took 0.114 seconds
[2024-11-12T17:21:32.796+0100] {processor.py:186} INFO - Started process (PID=9763) to work on /home/sakana/anaconda3/envs/airflow_env/lib/python3.8/site-packages/airflow/example_dags/tutorial_taskflow_api.py
[2024-11-12T17:21:32.797+0100] {processor.py:914} INFO - Processing file /home/sakana/anaconda3/envs/airflow_env/lib/python3.8/site-packages/airflow/example_dags/tutorial_taskflow_api.py for tasks to queue
[2024-11-12T17:21:32.800+0100] {logging_mixin.py:190} INFO - [2024-11-12T17:21:32.799+0100] {dagbag.py:588} INFO - Filling up the DagBag from /home/sakana/anaconda3/envs/airflow_env/lib/python3.8/site-packages/airflow/example_dags/tutorial_taskflow_api.py
[2024-11-12T17:21:32.815+0100] {processor.py:925} INFO - DAG(s) 'tutorial_taskflow_api' retrieved from /home/sakana/anaconda3/envs/airflow_env/lib/python3.8/site-packages/airflow/example_dags/tutorial_taskflow_api.py
[2024-11-12T17:21:32.834+0100] {logging_mixin.py:190} INFO - [2024-11-12T17:21:32.834+0100] {dag.py:3239} INFO - Sync 1 DAGs
[2024-11-12T17:21:32.854+0100] {logging_mixin.py:190} INFO - [2024-11-12T17:21:32.854+0100] {dag.py:4180} INFO - Setting next_dagrun for tutorial_taskflow_api to None, run_after=None
[2024-11-12T17:21:32.889+0100] {processor.py:208} INFO - Processing /home/sakana/anaconda3/envs/airflow_env/lib/python3.8/site-packages/airflow/example_dags/tutorial_taskflow_api.py took 0.102 seconds
[2024-11-12T17:22:39.305+0100] {processor.py:186} INFO - Started process (PID=9879) to work on /home/sakana/anaconda3/envs/airflow_env/lib/python3.8/site-packages/airflow/example_dags/tutorial_taskflow_api.py
[2024-11-12T17:22:39.310+0100] {processor.py:914} INFO - Processing file /home/sakana/anaconda3/envs/airflow_env/lib/python3.8/site-packages/airflow/example_dags/tutorial_taskflow_api.py for tasks to queue
[2024-11-12T17:22:39.314+0100] {logging_mixin.py:190} INFO - [2024-11-12T17:22:39.314+0100] {dagbag.py:588} INFO - Filling up the DagBag from /home/sakana/anaconda3/envs/airflow_env/lib/python3.8/site-packages/airflow/example_dags/tutorial_taskflow_api.py
[2024-11-12T17:22:39.325+0100] {processor.py:925} INFO - DAG(s) 'tutorial_taskflow_api' retrieved from /home/sakana/anaconda3/envs/airflow_env/lib/python3.8/site-packages/airflow/example_dags/tutorial_taskflow_api.py
[2024-11-12T17:22:39.347+0100] {logging_mixin.py:190} INFO - [2024-11-12T17:22:39.347+0100] {dag.py:3239} INFO - Sync 1 DAGs
[2024-11-12T17:22:39.364+0100] {logging_mixin.py:190} INFO - [2024-11-12T17:22:39.363+0100] {dag.py:4180} INFO - Setting next_dagrun for tutorial_taskflow_api to None, run_after=None
[2024-11-12T17:22:39.397+0100] {processor.py:208} INFO - Processing /home/sakana/anaconda3/envs/airflow_env/lib/python3.8/site-packages/airflow/example_dags/tutorial_taskflow_api.py took 0.104 seconds
[2024-11-12T17:23:55.152+0100] {processor.py:186} INFO - Started process (PID=10027) to work on /home/sakana/anaconda3/envs/airflow_env/lib/python3.8/site-packages/airflow/example_dags/tutorial_taskflow_api.py
[2024-11-12T17:23:55.154+0100] {processor.py:914} INFO - Processing file /home/sakana/anaconda3/envs/airflow_env/lib/python3.8/site-packages/airflow/example_dags/tutorial_taskflow_api.py for tasks to queue
[2024-11-12T17:23:55.159+0100] {logging_mixin.py:190} INFO - [2024-11-12T17:23:55.158+0100] {dagbag.py:588} INFO - Filling up the DagBag from /home/sakana/anaconda3/envs/airflow_env/lib/python3.8/site-packages/airflow/example_dags/tutorial_taskflow_api.py
[2024-11-12T17:23:55.178+0100] {processor.py:925} INFO - DAG(s) 'tutorial_taskflow_api' retrieved from /home/sakana/anaconda3/envs/airflow_env/lib/python3.8/site-packages/airflow/example_dags/tutorial_taskflow_api.py
[2024-11-12T17:23:55.207+0100] {logging_mixin.py:190} INFO - [2024-11-12T17:23:55.206+0100] {dag.py:3239} INFO - Sync 1 DAGs
[2024-11-12T17:23:55.230+0100] {logging_mixin.py:190} INFO - [2024-11-12T17:23:55.230+0100] {dag.py:4180} INFO - Setting next_dagrun for tutorial_taskflow_api to None, run_after=None
[2024-11-12T17:23:55.263+0100] {processor.py:208} INFO - Processing /home/sakana/anaconda3/envs/airflow_env/lib/python3.8/site-packages/airflow/example_dags/tutorial_taskflow_api.py took 0.126 seconds
[2024-11-12T17:25:08.516+0100] {processor.py:186} INFO - Started process (PID=10205) to work on /home/sakana/anaconda3/envs/airflow_env/lib/python3.8/site-packages/airflow/example_dags/tutorial_taskflow_api.py
[2024-11-12T17:25:08.521+0100] {processor.py:914} INFO - Processing file /home/sakana/anaconda3/envs/airflow_env/lib/python3.8/site-packages/airflow/example_dags/tutorial_taskflow_api.py for tasks to queue
[2024-11-12T17:25:08.524+0100] {logging_mixin.py:190} INFO - [2024-11-12T17:25:08.523+0100] {dagbag.py:588} INFO - Filling up the DagBag from /home/sakana/anaconda3/envs/airflow_env/lib/python3.8/site-packages/airflow/example_dags/tutorial_taskflow_api.py
[2024-11-12T17:25:08.545+0100] {processor.py:925} INFO - DAG(s) 'tutorial_taskflow_api' retrieved from /home/sakana/anaconda3/envs/airflow_env/lib/python3.8/site-packages/airflow/example_dags/tutorial_taskflow_api.py
[2024-11-12T17:25:08.566+0100] {logging_mixin.py:190} INFO - [2024-11-12T17:25:08.566+0100] {dag.py:3239} INFO - Sync 1 DAGs
[2024-11-12T17:25:08.591+0100] {logging_mixin.py:190} INFO - [2024-11-12T17:25:08.591+0100] {dag.py:4180} INFO - Setting next_dagrun for tutorial_taskflow_api to None, run_after=None
[2024-11-12T17:25:08.621+0100] {processor.py:208} INFO - Processing /home/sakana/anaconda3/envs/airflow_env/lib/python3.8/site-packages/airflow/example_dags/tutorial_taskflow_api.py took 0.113 seconds
[2024-11-12T17:26:21.767+0100] {processor.py:186} INFO - Started process (PID=10291) to work on /home/sakana/anaconda3/envs/airflow_env/lib/python3.8/site-packages/airflow/example_dags/tutorial_taskflow_api.py
[2024-11-12T17:26:21.774+0100] {processor.py:914} INFO - Processing file /home/sakana/anaconda3/envs/airflow_env/lib/python3.8/site-packages/airflow/example_dags/tutorial_taskflow_api.py for tasks to queue
[2024-11-12T17:26:21.777+0100] {logging_mixin.py:190} INFO - [2024-11-12T17:26:21.776+0100] {dagbag.py:588} INFO - Filling up the DagBag from /home/sakana/anaconda3/envs/airflow_env/lib/python3.8/site-packages/airflow/example_dags/tutorial_taskflow_api.py
[2024-11-12T17:26:21.794+0100] {processor.py:925} INFO - DAG(s) 'tutorial_taskflow_api' retrieved from /home/sakana/anaconda3/envs/airflow_env/lib/python3.8/site-packages/airflow/example_dags/tutorial_taskflow_api.py
[2024-11-12T17:26:21.817+0100] {logging_mixin.py:190} INFO - [2024-11-12T17:26:21.817+0100] {dag.py:3239} INFO - Sync 1 DAGs
[2024-11-12T17:26:21.841+0100] {logging_mixin.py:190} INFO - [2024-11-12T17:26:21.841+0100] {dag.py:4180} INFO - Setting next_dagrun for tutorial_taskflow_api to None, run_after=None
[2024-11-12T17:26:21.885+0100] {processor.py:208} INFO - Processing /home/sakana/anaconda3/envs/airflow_env/lib/python3.8/site-packages/airflow/example_dags/tutorial_taskflow_api.py took 0.130 seconds
[2024-11-12T17:27:35.449+0100] {processor.py:186} INFO - Started process (PID=10397) to work on /home/sakana/anaconda3/envs/airflow_env/lib/python3.8/site-packages/airflow/example_dags/tutorial_taskflow_api.py
[2024-11-12T17:27:35.454+0100] {processor.py:914} INFO - Processing file /home/sakana/anaconda3/envs/airflow_env/lib/python3.8/site-packages/airflow/example_dags/tutorial_taskflow_api.py for tasks to queue
[2024-11-12T17:27:35.458+0100] {logging_mixin.py:190} INFO - [2024-11-12T17:27:35.458+0100] {dagbag.py:588} INFO - Filling up the DagBag from /home/sakana/anaconda3/envs/airflow_env/lib/python3.8/site-packages/airflow/example_dags/tutorial_taskflow_api.py
[2024-11-12T17:27:35.469+0100] {processor.py:925} INFO - DAG(s) 'tutorial_taskflow_api' retrieved from /home/sakana/anaconda3/envs/airflow_env/lib/python3.8/site-packages/airflow/example_dags/tutorial_taskflow_api.py
[2024-11-12T17:27:35.489+0100] {logging_mixin.py:190} INFO - [2024-11-12T17:27:35.489+0100] {dag.py:3239} INFO - Sync 1 DAGs
[2024-11-12T17:27:35.509+0100] {logging_mixin.py:190} INFO - [2024-11-12T17:27:35.509+0100] {dag.py:4180} INFO - Setting next_dagrun for tutorial_taskflow_api to None, run_after=None
[2024-11-12T17:27:35.543+0100] {processor.py:208} INFO - Processing /home/sakana/anaconda3/envs/airflow_env/lib/python3.8/site-packages/airflow/example_dags/tutorial_taskflow_api.py took 0.102 seconds
[2024-11-12T17:28:46.420+0100] {processor.py:186} INFO - Started process (PID=10532) to work on /home/sakana/anaconda3/envs/airflow_env/lib/python3.8/site-packages/airflow/example_dags/tutorial_taskflow_api.py
[2024-11-12T17:28:46.426+0100] {processor.py:914} INFO - Processing file /home/sakana/anaconda3/envs/airflow_env/lib/python3.8/site-packages/airflow/example_dags/tutorial_taskflow_api.py for tasks to queue
[2024-11-12T17:28:46.431+0100] {logging_mixin.py:190} INFO - [2024-11-12T17:28:46.430+0100] {dagbag.py:588} INFO - Filling up the DagBag from /home/sakana/anaconda3/envs/airflow_env/lib/python3.8/site-packages/airflow/example_dags/tutorial_taskflow_api.py
[2024-11-12T17:28:46.447+0100] {processor.py:925} INFO - DAG(s) 'tutorial_taskflow_api' retrieved from /home/sakana/anaconda3/envs/airflow_env/lib/python3.8/site-packages/airflow/example_dags/tutorial_taskflow_api.py
[2024-11-12T17:28:46.477+0100] {logging_mixin.py:190} INFO - [2024-11-12T17:28:46.477+0100] {dag.py:3239} INFO - Sync 1 DAGs
[2024-11-12T17:28:46.500+0100] {logging_mixin.py:190} INFO - [2024-11-12T17:28:46.500+0100] {dag.py:4180} INFO - Setting next_dagrun for tutorial_taskflow_api to None, run_after=None
[2024-11-12T17:28:46.555+0100] {processor.py:208} INFO - Processing /home/sakana/anaconda3/envs/airflow_env/lib/python3.8/site-packages/airflow/example_dags/tutorial_taskflow_api.py took 0.149 seconds
[2024-11-12T17:29:58.223+0100] {processor.py:186} INFO - Started process (PID=10610) to work on /home/sakana/anaconda3/envs/airflow_env/lib/python3.8/site-packages/airflow/example_dags/tutorial_taskflow_api.py
[2024-11-12T17:29:58.228+0100] {processor.py:914} INFO - Processing file /home/sakana/anaconda3/envs/airflow_env/lib/python3.8/site-packages/airflow/example_dags/tutorial_taskflow_api.py for tasks to queue
[2024-11-12T17:29:58.232+0100] {logging_mixin.py:190} INFO - [2024-11-12T17:29:58.232+0100] {dagbag.py:588} INFO - Filling up the DagBag from /home/sakana/anaconda3/envs/airflow_env/lib/python3.8/site-packages/airflow/example_dags/tutorial_taskflow_api.py
[2024-11-12T17:29:58.244+0100] {processor.py:925} INFO - DAG(s) 'tutorial_taskflow_api' retrieved from /home/sakana/anaconda3/envs/airflow_env/lib/python3.8/site-packages/airflow/example_dags/tutorial_taskflow_api.py
[2024-11-12T17:29:58.265+0100] {logging_mixin.py:190} INFO - [2024-11-12T17:29:58.264+0100] {dag.py:3239} INFO - Sync 1 DAGs
[2024-11-12T17:29:58.283+0100] {logging_mixin.py:190} INFO - [2024-11-12T17:29:58.282+0100] {dag.py:4180} INFO - Setting next_dagrun for tutorial_taskflow_api to None, run_after=None
[2024-11-12T17:29:58.317+0100] {processor.py:208} INFO - Processing /home/sakana/anaconda3/envs/airflow_env/lib/python3.8/site-packages/airflow/example_dags/tutorial_taskflow_api.py took 0.103 seconds
[2024-11-12T17:31:12.303+0100] {processor.py:186} INFO - Started process (PID=10692) to work on /home/sakana/anaconda3/envs/airflow_env/lib/python3.8/site-packages/airflow/example_dags/tutorial_taskflow_api.py
[2024-11-12T17:31:12.308+0100] {processor.py:914} INFO - Processing file /home/sakana/anaconda3/envs/airflow_env/lib/python3.8/site-packages/airflow/example_dags/tutorial_taskflow_api.py for tasks to queue
[2024-11-12T17:31:12.314+0100] {logging_mixin.py:190} INFO - [2024-11-12T17:31:12.313+0100] {dagbag.py:588} INFO - Filling up the DagBag from /home/sakana/anaconda3/envs/airflow_env/lib/python3.8/site-packages/airflow/example_dags/tutorial_taskflow_api.py
[2024-11-12T17:31:12.327+0100] {processor.py:925} INFO - DAG(s) 'tutorial_taskflow_api' retrieved from /home/sakana/anaconda3/envs/airflow_env/lib/python3.8/site-packages/airflow/example_dags/tutorial_taskflow_api.py
[2024-11-12T17:31:12.349+0100] {logging_mixin.py:190} INFO - [2024-11-12T17:31:12.349+0100] {dag.py:3239} INFO - Sync 1 DAGs
[2024-11-12T17:31:12.365+0100] {logging_mixin.py:190} INFO - [2024-11-12T17:31:12.364+0100] {dag.py:4180} INFO - Setting next_dagrun for tutorial_taskflow_api to None, run_after=None
[2024-11-12T17:31:12.411+0100] {processor.py:208} INFO - Processing /home/sakana/anaconda3/envs/airflow_env/lib/python3.8/site-packages/airflow/example_dags/tutorial_taskflow_api.py took 0.117 seconds
[2024-11-12T17:32:24.374+0100] {processor.py:186} INFO - Started process (PID=10819) to work on /home/sakana/anaconda3/envs/airflow_env/lib/python3.8/site-packages/airflow/example_dags/tutorial_taskflow_api.py
[2024-11-12T17:32:24.380+0100] {processor.py:914} INFO - Processing file /home/sakana/anaconda3/envs/airflow_env/lib/python3.8/site-packages/airflow/example_dags/tutorial_taskflow_api.py for tasks to queue
[2024-11-12T17:32:24.383+0100] {logging_mixin.py:190} INFO - [2024-11-12T17:32:24.382+0100] {dagbag.py:588} INFO - Filling up the DagBag from /home/sakana/anaconda3/envs/airflow_env/lib/python3.8/site-packages/airflow/example_dags/tutorial_taskflow_api.py
[2024-11-12T17:32:24.393+0100] {processor.py:925} INFO - DAG(s) 'tutorial_taskflow_api' retrieved from /home/sakana/anaconda3/envs/airflow_env/lib/python3.8/site-packages/airflow/example_dags/tutorial_taskflow_api.py
[2024-11-12T17:32:24.410+0100] {logging_mixin.py:190} INFO - [2024-11-12T17:32:24.410+0100] {dag.py:3239} INFO - Sync 1 DAGs
[2024-11-12T17:32:24.424+0100] {logging_mixin.py:190} INFO - [2024-11-12T17:32:24.424+0100] {dag.py:4180} INFO - Setting next_dagrun for tutorial_taskflow_api to None, run_after=None
[2024-11-12T17:32:24.461+0100] {processor.py:208} INFO - Processing /home/sakana/anaconda3/envs/airflow_env/lib/python3.8/site-packages/airflow/example_dags/tutorial_taskflow_api.py took 0.095 seconds
[2024-11-12T17:33:31.532+0100] {processor.py:186} INFO - Started process (PID=11047) to work on /home/sakana/anaconda3/envs/airflow_env/lib/python3.8/site-packages/airflow/example_dags/tutorial_taskflow_api.py
[2024-11-12T17:33:31.537+0100] {processor.py:914} INFO - Processing file /home/sakana/anaconda3/envs/airflow_env/lib/python3.8/site-packages/airflow/example_dags/tutorial_taskflow_api.py for tasks to queue
[2024-11-12T17:33:31.541+0100] {logging_mixin.py:190} INFO - [2024-11-12T17:33:31.540+0100] {dagbag.py:588} INFO - Filling up the DagBag from /home/sakana/anaconda3/envs/airflow_env/lib/python3.8/site-packages/airflow/example_dags/tutorial_taskflow_api.py
[2024-11-12T17:33:31.552+0100] {processor.py:925} INFO - DAG(s) 'tutorial_taskflow_api' retrieved from /home/sakana/anaconda3/envs/airflow_env/lib/python3.8/site-packages/airflow/example_dags/tutorial_taskflow_api.py
[2024-11-12T17:33:31.569+0100] {logging_mixin.py:190} INFO - [2024-11-12T17:33:31.569+0100] {dag.py:3239} INFO - Sync 1 DAGs
[2024-11-12T17:33:31.582+0100] {logging_mixin.py:190} INFO - [2024-11-12T17:33:31.581+0100] {dag.py:4180} INFO - Setting next_dagrun for tutorial_taskflow_api to None, run_after=None
[2024-11-12T17:33:31.606+0100] {processor.py:208} INFO - Processing /home/sakana/anaconda3/envs/airflow_env/lib/python3.8/site-packages/airflow/example_dags/tutorial_taskflow_api.py took 0.082 seconds
[2024-11-12T17:34:30.504+0100] {processor.py:186} INFO - Started process (PID=11131) to work on /home/sakana/anaconda3/envs/airflow_env/lib/python3.8/site-packages/airflow/example_dags/tutorial_taskflow_api.py
[2024-11-12T17:34:30.516+0100] {processor.py:914} INFO - Processing file /home/sakana/anaconda3/envs/airflow_env/lib/python3.8/site-packages/airflow/example_dags/tutorial_taskflow_api.py for tasks to queue
[2024-11-12T17:34:30.518+0100] {logging_mixin.py:190} INFO - [2024-11-12T17:34:30.518+0100] {dagbag.py:588} INFO - Filling up the DagBag from /home/sakana/anaconda3/envs/airflow_env/lib/python3.8/site-packages/airflow/example_dags/tutorial_taskflow_api.py
[2024-11-12T17:34:30.529+0100] {processor.py:925} INFO - DAG(s) 'tutorial_taskflow_api' retrieved from /home/sakana/anaconda3/envs/airflow_env/lib/python3.8/site-packages/airflow/example_dags/tutorial_taskflow_api.py
[2024-11-12T17:34:30.546+0100] {logging_mixin.py:190} INFO - [2024-11-12T17:34:30.545+0100] {dag.py:3239} INFO - Sync 1 DAGs
[2024-11-12T17:34:30.559+0100] {logging_mixin.py:190} INFO - [2024-11-12T17:34:30.559+0100] {dag.py:4180} INFO - Setting next_dagrun for tutorial_taskflow_api to None, run_after=None
[2024-11-12T17:34:30.593+0100] {processor.py:208} INFO - Processing /home/sakana/anaconda3/envs/airflow_env/lib/python3.8/site-packages/airflow/example_dags/tutorial_taskflow_api.py took 0.094 seconds
[2024-11-12T17:35:32.116+0100] {processor.py:186} INFO - Started process (PID=11216) to work on /home/sakana/anaconda3/envs/airflow_env/lib/python3.8/site-packages/airflow/example_dags/tutorial_taskflow_api.py
[2024-11-12T17:35:32.121+0100] {processor.py:914} INFO - Processing file /home/sakana/anaconda3/envs/airflow_env/lib/python3.8/site-packages/airflow/example_dags/tutorial_taskflow_api.py for tasks to queue
[2024-11-12T17:35:32.123+0100] {logging_mixin.py:190} INFO - [2024-11-12T17:35:32.123+0100] {dagbag.py:588} INFO - Filling up the DagBag from /home/sakana/anaconda3/envs/airflow_env/lib/python3.8/site-packages/airflow/example_dags/tutorial_taskflow_api.py
[2024-11-12T17:35:32.134+0100] {processor.py:925} INFO - DAG(s) 'tutorial_taskflow_api' retrieved from /home/sakana/anaconda3/envs/airflow_env/lib/python3.8/site-packages/airflow/example_dags/tutorial_taskflow_api.py
[2024-11-12T17:35:32.151+0100] {logging_mixin.py:190} INFO - [2024-11-12T17:35:32.151+0100] {dag.py:3239} INFO - Sync 1 DAGs
[2024-11-12T17:35:32.163+0100] {logging_mixin.py:190} INFO - [2024-11-12T17:35:32.163+0100] {dag.py:4180} INFO - Setting next_dagrun for tutorial_taskflow_api to None, run_after=None
[2024-11-12T17:35:32.194+0100] {processor.py:208} INFO - Processing /home/sakana/anaconda3/envs/airflow_env/lib/python3.8/site-packages/airflow/example_dags/tutorial_taskflow_api.py took 0.087 seconds
[2024-11-12T17:36:29.952+0100] {processor.py:186} INFO - Started process (PID=11285) to work on /home/sakana/anaconda3/envs/airflow_env/lib/python3.8/site-packages/airflow/example_dags/tutorial_taskflow_api.py
[2024-11-12T17:36:29.957+0100] {processor.py:914} INFO - Processing file /home/sakana/anaconda3/envs/airflow_env/lib/python3.8/site-packages/airflow/example_dags/tutorial_taskflow_api.py for tasks to queue
[2024-11-12T17:36:29.960+0100] {logging_mixin.py:190} INFO - [2024-11-12T17:36:29.959+0100] {dagbag.py:588} INFO - Filling up the DagBag from /home/sakana/anaconda3/envs/airflow_env/lib/python3.8/site-packages/airflow/example_dags/tutorial_taskflow_api.py
[2024-11-12T17:36:29.971+0100] {processor.py:925} INFO - DAG(s) 'tutorial_taskflow_api' retrieved from /home/sakana/anaconda3/envs/airflow_env/lib/python3.8/site-packages/airflow/example_dags/tutorial_taskflow_api.py
[2024-11-12T17:36:29.986+0100] {logging_mixin.py:190} INFO - [2024-11-12T17:36:29.986+0100] {dag.py:3239} INFO - Sync 1 DAGs
[2024-11-12T17:36:29.998+0100] {logging_mixin.py:190} INFO - [2024-11-12T17:36:29.998+0100] {dag.py:4180} INFO - Setting next_dagrun for tutorial_taskflow_api to None, run_after=None
[2024-11-12T17:36:30.023+0100] {processor.py:208} INFO - Processing /home/sakana/anaconda3/envs/airflow_env/lib/python3.8/site-packages/airflow/example_dags/tutorial_taskflow_api.py took 0.079 seconds
