[2024-11-12T01:01:07.603+0100] {processor.py:186} INFO - Started process (PID=30922) to work on /home/sakana/anaconda3/envs/airflow_env/lib/python3.8/site-packages/airflow/example_dags/subdags/subdag.py
[2024-11-12T01:01:07.604+0100] {processor.py:914} INFO - Processing file /home/sakana/anaconda3/envs/airflow_env/lib/python3.8/site-packages/airflow/example_dags/subdags/subdag.py for tasks to queue
[2024-11-12T01:01:07.609+0100] {logging_mixin.py:190} INFO - [2024-11-12T01:01:07.608+0100] {dagbag.py:588} INFO - Filling up the DagBag from /home/sakana/anaconda3/envs/airflow_env/lib/python3.8/site-packages/airflow/example_dags/subdags/subdag.py
[2024-11-12T01:01:07.612+0100] {processor.py:927} WARNING - No viable dags retrieved from /home/sakana/anaconda3/envs/airflow_env/lib/python3.8/site-packages/airflow/example_dags/subdags/subdag.py
[2024-11-12T01:01:07.626+0100] {processor.py:208} INFO - Processing /home/sakana/anaconda3/envs/airflow_env/lib/python3.8/site-packages/airflow/example_dags/subdags/subdag.py took 0.033 seconds
[2024-11-12T01:02:11.062+0100] {processor.py:186} INFO - Started process (PID=31636) to work on /home/sakana/anaconda3/envs/airflow_env/lib/python3.8/site-packages/airflow/example_dags/subdags/subdag.py
[2024-11-12T01:02:11.063+0100] {processor.py:914} INFO - Processing file /home/sakana/anaconda3/envs/airflow_env/lib/python3.8/site-packages/airflow/example_dags/subdags/subdag.py for tasks to queue
[2024-11-12T01:02:11.065+0100] {logging_mixin.py:190} INFO - [2024-11-12T01:02:11.064+0100] {dagbag.py:588} INFO - Filling up the DagBag from /home/sakana/anaconda3/envs/airflow_env/lib/python3.8/site-packages/airflow/example_dags/subdags/subdag.py
[2024-11-12T01:02:11.067+0100] {processor.py:927} WARNING - No viable dags retrieved from /home/sakana/anaconda3/envs/airflow_env/lib/python3.8/site-packages/airflow/example_dags/subdags/subdag.py
[2024-11-12T01:02:11.077+0100] {processor.py:208} INFO - Processing /home/sakana/anaconda3/envs/airflow_env/lib/python3.8/site-packages/airflow/example_dags/subdags/subdag.py took 0.021 seconds
[2024-11-12T01:03:15.872+0100] {processor.py:186} INFO - Started process (PID=32176) to work on /home/sakana/anaconda3/envs/airflow_env/lib/python3.8/site-packages/airflow/example_dags/subdags/subdag.py
[2024-11-12T01:03:15.878+0100] {processor.py:914} INFO - Processing file /home/sakana/anaconda3/envs/airflow_env/lib/python3.8/site-packages/airflow/example_dags/subdags/subdag.py for tasks to queue
[2024-11-12T01:03:15.882+0100] {logging_mixin.py:190} INFO - [2024-11-12T01:03:15.881+0100] {dagbag.py:588} INFO - Filling up the DagBag from /home/sakana/anaconda3/envs/airflow_env/lib/python3.8/site-packages/airflow/example_dags/subdags/subdag.py
[2024-11-12T01:03:15.886+0100] {processor.py:927} WARNING - No viable dags retrieved from /home/sakana/anaconda3/envs/airflow_env/lib/python3.8/site-packages/airflow/example_dags/subdags/subdag.py
[2024-11-12T01:03:15.906+0100] {processor.py:208} INFO - Processing /home/sakana/anaconda3/envs/airflow_env/lib/python3.8/site-packages/airflow/example_dags/subdags/subdag.py took 0.060 seconds
[2024-11-12T01:06:40.964+0100] {processor.py:186} INFO - Started process (PID=34154) to work on /home/sakana/anaconda3/envs/airflow_env/lib/python3.8/site-packages/airflow/example_dags/subdags/subdag.py
[2024-11-12T01:06:40.970+0100] {processor.py:914} INFO - Processing file /home/sakana/anaconda3/envs/airflow_env/lib/python3.8/site-packages/airflow/example_dags/subdags/subdag.py for tasks to queue
[2024-11-12T01:06:40.972+0100] {logging_mixin.py:190} INFO - [2024-11-12T01:06:40.972+0100] {dagbag.py:588} INFO - Filling up the DagBag from /home/sakana/anaconda3/envs/airflow_env/lib/python3.8/site-packages/airflow/example_dags/subdags/subdag.py
[2024-11-12T01:06:40.975+0100] {processor.py:927} WARNING - No viable dags retrieved from /home/sakana/anaconda3/envs/airflow_env/lib/python3.8/site-packages/airflow/example_dags/subdags/subdag.py
[2024-11-12T01:06:40.985+0100] {processor.py:208} INFO - Processing /home/sakana/anaconda3/envs/airflow_env/lib/python3.8/site-packages/airflow/example_dags/subdags/subdag.py took 0.030 seconds
[2024-11-12T01:09:55.640+0100] {processor.py:186} INFO - Started process (PID=4040) to work on /home/sakana/anaconda3/envs/airflow_env/lib/python3.8/site-packages/airflow/example_dags/subdags/subdag.py
[2024-11-12T01:09:55.641+0100] {processor.py:914} INFO - Processing file /home/sakana/anaconda3/envs/airflow_env/lib/python3.8/site-packages/airflow/example_dags/subdags/subdag.py for tasks to queue
[2024-11-12T01:09:55.643+0100] {logging_mixin.py:190} INFO - [2024-11-12T01:09:55.642+0100] {dagbag.py:588} INFO - Filling up the DagBag from /home/sakana/anaconda3/envs/airflow_env/lib/python3.8/site-packages/airflow/example_dags/subdags/subdag.py
[2024-11-12T01:09:55.645+0100] {processor.py:927} WARNING - No viable dags retrieved from /home/sakana/anaconda3/envs/airflow_env/lib/python3.8/site-packages/airflow/example_dags/subdags/subdag.py
[2024-11-12T01:09:55.654+0100] {processor.py:208} INFO - Processing /home/sakana/anaconda3/envs/airflow_env/lib/python3.8/site-packages/airflow/example_dags/subdags/subdag.py took 0.020 seconds
[2024-11-12T01:10:56.870+0100] {processor.py:186} INFO - Started process (PID=4193) to work on /home/sakana/anaconda3/envs/airflow_env/lib/python3.8/site-packages/airflow/example_dags/subdags/subdag.py
[2024-11-12T01:10:56.875+0100] {processor.py:914} INFO - Processing file /home/sakana/anaconda3/envs/airflow_env/lib/python3.8/site-packages/airflow/example_dags/subdags/subdag.py for tasks to queue
[2024-11-12T01:10:56.877+0100] {logging_mixin.py:190} INFO - [2024-11-12T01:10:56.877+0100] {dagbag.py:588} INFO - Filling up the DagBag from /home/sakana/anaconda3/envs/airflow_env/lib/python3.8/site-packages/airflow/example_dags/subdags/subdag.py
[2024-11-12T01:10:56.880+0100] {processor.py:927} WARNING - No viable dags retrieved from /home/sakana/anaconda3/envs/airflow_env/lib/python3.8/site-packages/airflow/example_dags/subdags/subdag.py
[2024-11-12T01:10:56.892+0100] {processor.py:208} INFO - Processing /home/sakana/anaconda3/envs/airflow_env/lib/python3.8/site-packages/airflow/example_dags/subdags/subdag.py took 0.030 seconds
[2024-11-12T01:11:55.640+0100] {processor.py:186} INFO - Started process (PID=4267) to work on /home/sakana/anaconda3/envs/airflow_env/lib/python3.8/site-packages/airflow/example_dags/subdags/subdag.py
[2024-11-12T01:11:55.641+0100] {processor.py:914} INFO - Processing file /home/sakana/anaconda3/envs/airflow_env/lib/python3.8/site-packages/airflow/example_dags/subdags/subdag.py for tasks to queue
[2024-11-12T01:11:55.643+0100] {logging_mixin.py:190} INFO - [2024-11-12T01:11:55.642+0100] {dagbag.py:588} INFO - Filling up the DagBag from /home/sakana/anaconda3/envs/airflow_env/lib/python3.8/site-packages/airflow/example_dags/subdags/subdag.py
[2024-11-12T01:11:55.646+0100] {processor.py:927} WARNING - No viable dags retrieved from /home/sakana/anaconda3/envs/airflow_env/lib/python3.8/site-packages/airflow/example_dags/subdags/subdag.py
[2024-11-12T01:11:55.658+0100] {processor.py:208} INFO - Processing /home/sakana/anaconda3/envs/airflow_env/lib/python3.8/site-packages/airflow/example_dags/subdags/subdag.py took 0.026 seconds
[2024-11-12T16:29:06.024+0100] {processor.py:186} INFO - Started process (PID=6083) to work on /home/sakana/anaconda3/envs/airflow_env/lib/python3.8/site-packages/airflow/example_dags/subdags/subdag.py
[2024-11-12T16:29:06.026+0100] {processor.py:914} INFO - Processing file /home/sakana/anaconda3/envs/airflow_env/lib/python3.8/site-packages/airflow/example_dags/subdags/subdag.py for tasks to queue
[2024-11-12T16:29:06.029+0100] {logging_mixin.py:190} INFO - [2024-11-12T16:29:06.029+0100] {dagbag.py:588} INFO - Filling up the DagBag from /home/sakana/anaconda3/envs/airflow_env/lib/python3.8/site-packages/airflow/example_dags/subdags/subdag.py
[2024-11-12T16:29:06.032+0100] {processor.py:927} WARNING - No viable dags retrieved from /home/sakana/anaconda3/envs/airflow_env/lib/python3.8/site-packages/airflow/example_dags/subdags/subdag.py
[2024-11-12T16:29:06.044+0100] {processor.py:208} INFO - Processing /home/sakana/anaconda3/envs/airflow_env/lib/python3.8/site-packages/airflow/example_dags/subdags/subdag.py took 0.028 seconds
[2024-11-12T16:37:34.115+0100] {processor.py:186} INFO - Started process (PID=6568) to work on /home/sakana/anaconda3/envs/airflow_env/lib/python3.8/site-packages/airflow/example_dags/subdags/subdag.py
[2024-11-12T16:37:34.120+0100] {processor.py:914} INFO - Processing file /home/sakana/anaconda3/envs/airflow_env/lib/python3.8/site-packages/airflow/example_dags/subdags/subdag.py for tasks to queue
[2024-11-12T16:37:34.124+0100] {logging_mixin.py:190} INFO - [2024-11-12T16:37:34.123+0100] {dagbag.py:588} INFO - Filling up the DagBag from /home/sakana/anaconda3/envs/airflow_env/lib/python3.8/site-packages/airflow/example_dags/subdags/subdag.py
[2024-11-12T16:37:34.127+0100] {processor.py:927} WARNING - No viable dags retrieved from /home/sakana/anaconda3/envs/airflow_env/lib/python3.8/site-packages/airflow/example_dags/subdags/subdag.py
[2024-11-12T16:37:34.141+0100] {processor.py:208} INFO - Processing /home/sakana/anaconda3/envs/airflow_env/lib/python3.8/site-packages/airflow/example_dags/subdags/subdag.py took 0.035 seconds
[2024-11-12T16:39:36.077+0100] {processor.py:186} INFO - Started process (PID=6887) to work on /home/sakana/anaconda3/envs/airflow_env/lib/python3.8/site-packages/airflow/example_dags/subdags/subdag.py
[2024-11-12T16:39:36.081+0100] {processor.py:914} INFO - Processing file /home/sakana/anaconda3/envs/airflow_env/lib/python3.8/site-packages/airflow/example_dags/subdags/subdag.py for tasks to queue
[2024-11-12T16:39:36.085+0100] {logging_mixin.py:190} INFO - [2024-11-12T16:39:36.084+0100] {dagbag.py:588} INFO - Filling up the DagBag from /home/sakana/anaconda3/envs/airflow_env/lib/python3.8/site-packages/airflow/example_dags/subdags/subdag.py
[2024-11-12T16:39:36.091+0100] {processor.py:927} WARNING - No viable dags retrieved from /home/sakana/anaconda3/envs/airflow_env/lib/python3.8/site-packages/airflow/example_dags/subdags/subdag.py
[2024-11-12T16:39:36.110+0100] {processor.py:208} INFO - Processing /home/sakana/anaconda3/envs/airflow_env/lib/python3.8/site-packages/airflow/example_dags/subdags/subdag.py took 0.049 seconds
[2024-11-12T16:40:50.655+0100] {processor.py:186} INFO - Started process (PID=7049) to work on /home/sakana/anaconda3/envs/airflow_env/lib/python3.8/site-packages/airflow/example_dags/subdags/subdag.py
[2024-11-12T16:40:50.661+0100] {processor.py:914} INFO - Processing file /home/sakana/anaconda3/envs/airflow_env/lib/python3.8/site-packages/airflow/example_dags/subdags/subdag.py for tasks to queue
[2024-11-12T16:40:50.664+0100] {logging_mixin.py:190} INFO - [2024-11-12T16:40:50.663+0100] {dagbag.py:588} INFO - Filling up the DagBag from /home/sakana/anaconda3/envs/airflow_env/lib/python3.8/site-packages/airflow/example_dags/subdags/subdag.py
[2024-11-12T16:40:50.667+0100] {processor.py:927} WARNING - No viable dags retrieved from /home/sakana/anaconda3/envs/airflow_env/lib/python3.8/site-packages/airflow/example_dags/subdags/subdag.py
[2024-11-12T16:40:50.682+0100] {processor.py:208} INFO - Processing /home/sakana/anaconda3/envs/airflow_env/lib/python3.8/site-packages/airflow/example_dags/subdags/subdag.py took 0.035 seconds
[2024-11-12T16:41:27.591+0100] {processor.py:186} INFO - Started process (PID=7121) to work on /home/sakana/anaconda3/envs/airflow_env/lib/python3.8/site-packages/airflow/example_dags/subdags/subdag.py
[2024-11-12T16:41:27.592+0100] {processor.py:914} INFO - Processing file /home/sakana/anaconda3/envs/airflow_env/lib/python3.8/site-packages/airflow/example_dags/subdags/subdag.py for tasks to queue
[2024-11-12T16:41:27.594+0100] {logging_mixin.py:190} INFO - [2024-11-12T16:41:27.594+0100] {dagbag.py:588} INFO - Filling up the DagBag from /home/sakana/anaconda3/envs/airflow_env/lib/python3.8/site-packages/airflow/example_dags/subdags/subdag.py
[2024-11-12T16:41:27.598+0100] {processor.py:927} WARNING - No viable dags retrieved from /home/sakana/anaconda3/envs/airflow_env/lib/python3.8/site-packages/airflow/example_dags/subdags/subdag.py
[2024-11-12T16:41:27.612+0100] {processor.py:208} INFO - Processing /home/sakana/anaconda3/envs/airflow_env/lib/python3.8/site-packages/airflow/example_dags/subdags/subdag.py took 0.027 seconds
[2024-11-12T16:42:24.710+0100] {processor.py:186} INFO - Started process (PID=7226) to work on /home/sakana/anaconda3/envs/airflow_env/lib/python3.8/site-packages/airflow/example_dags/subdags/subdag.py
[2024-11-12T16:42:24.716+0100] {processor.py:914} INFO - Processing file /home/sakana/anaconda3/envs/airflow_env/lib/python3.8/site-packages/airflow/example_dags/subdags/subdag.py for tasks to queue
[2024-11-12T16:42:24.719+0100] {logging_mixin.py:190} INFO - [2024-11-12T16:42:24.718+0100] {dagbag.py:588} INFO - Filling up the DagBag from /home/sakana/anaconda3/envs/airflow_env/lib/python3.8/site-packages/airflow/example_dags/subdags/subdag.py
[2024-11-12T16:42:24.722+0100] {processor.py:927} WARNING - No viable dags retrieved from /home/sakana/anaconda3/envs/airflow_env/lib/python3.8/site-packages/airflow/example_dags/subdags/subdag.py
[2024-11-12T16:42:24.735+0100] {processor.py:208} INFO - Processing /home/sakana/anaconda3/envs/airflow_env/lib/python3.8/site-packages/airflow/example_dags/subdags/subdag.py took 0.032 seconds
[2024-11-12T16:43:20.798+0100] {processor.py:186} INFO - Started process (PID=7362) to work on /home/sakana/anaconda3/envs/airflow_env/lib/python3.8/site-packages/airflow/example_dags/subdags/subdag.py
[2024-11-12T16:43:20.803+0100] {processor.py:914} INFO - Processing file /home/sakana/anaconda3/envs/airflow_env/lib/python3.8/site-packages/airflow/example_dags/subdags/subdag.py for tasks to queue
[2024-11-12T16:43:20.805+0100] {logging_mixin.py:190} INFO - [2024-11-12T16:43:20.805+0100] {dagbag.py:588} INFO - Filling up the DagBag from /home/sakana/anaconda3/envs/airflow_env/lib/python3.8/site-packages/airflow/example_dags/subdags/subdag.py
[2024-11-12T16:43:20.808+0100] {processor.py:927} WARNING - No viable dags retrieved from /home/sakana/anaconda3/envs/airflow_env/lib/python3.8/site-packages/airflow/example_dags/subdags/subdag.py
[2024-11-12T16:43:20.819+0100] {processor.py:208} INFO - Processing /home/sakana/anaconda3/envs/airflow_env/lib/python3.8/site-packages/airflow/example_dags/subdags/subdag.py took 0.027 seconds
[2024-11-12T16:44:20.176+0100] {processor.py:186} INFO - Started process (PID=7448) to work on /home/sakana/anaconda3/envs/airflow_env/lib/python3.8/site-packages/airflow/example_dags/subdags/subdag.py
[2024-11-12T16:44:20.181+0100] {processor.py:914} INFO - Processing file /home/sakana/anaconda3/envs/airflow_env/lib/python3.8/site-packages/airflow/example_dags/subdags/subdag.py for tasks to queue
[2024-11-12T16:44:20.183+0100] {logging_mixin.py:190} INFO - [2024-11-12T16:44:20.183+0100] {dagbag.py:588} INFO - Filling up the DagBag from /home/sakana/anaconda3/envs/airflow_env/lib/python3.8/site-packages/airflow/example_dags/subdags/subdag.py
[2024-11-12T16:44:20.186+0100] {processor.py:927} WARNING - No viable dags retrieved from /home/sakana/anaconda3/envs/airflow_env/lib/python3.8/site-packages/airflow/example_dags/subdags/subdag.py
[2024-11-12T16:44:20.200+0100] {processor.py:208} INFO - Processing /home/sakana/anaconda3/envs/airflow_env/lib/python3.8/site-packages/airflow/example_dags/subdags/subdag.py took 0.029 seconds
[2024-11-12T16:45:14.022+0100] {processor.py:186} INFO - Started process (PID=7513) to work on /home/sakana/anaconda3/envs/airflow_env/lib/python3.8/site-packages/airflow/example_dags/subdags/subdag.py
[2024-11-12T16:45:14.027+0100] {processor.py:914} INFO - Processing file /home/sakana/anaconda3/envs/airflow_env/lib/python3.8/site-packages/airflow/example_dags/subdags/subdag.py for tasks to queue
[2024-11-12T16:45:14.029+0100] {logging_mixin.py:190} INFO - [2024-11-12T16:45:14.029+0100] {dagbag.py:588} INFO - Filling up the DagBag from /home/sakana/anaconda3/envs/airflow_env/lib/python3.8/site-packages/airflow/example_dags/subdags/subdag.py
[2024-11-12T16:45:14.032+0100] {processor.py:927} WARNING - No viable dags retrieved from /home/sakana/anaconda3/envs/airflow_env/lib/python3.8/site-packages/airflow/example_dags/subdags/subdag.py
[2024-11-12T16:45:14.042+0100] {processor.py:208} INFO - Processing /home/sakana/anaconda3/envs/airflow_env/lib/python3.8/site-packages/airflow/example_dags/subdags/subdag.py took 0.026 seconds
[2024-11-12T16:46:08.908+0100] {processor.py:186} INFO - Started process (PID=7579) to work on /home/sakana/anaconda3/envs/airflow_env/lib/python3.8/site-packages/airflow/example_dags/subdags/subdag.py
[2024-11-12T16:46:08.913+0100] {processor.py:914} INFO - Processing file /home/sakana/anaconda3/envs/airflow_env/lib/python3.8/site-packages/airflow/example_dags/subdags/subdag.py for tasks to queue
[2024-11-12T16:46:08.915+0100] {logging_mixin.py:190} INFO - [2024-11-12T16:46:08.915+0100] {dagbag.py:588} INFO - Filling up the DagBag from /home/sakana/anaconda3/envs/airflow_env/lib/python3.8/site-packages/airflow/example_dags/subdags/subdag.py
[2024-11-12T16:46:08.918+0100] {processor.py:927} WARNING - No viable dags retrieved from /home/sakana/anaconda3/envs/airflow_env/lib/python3.8/site-packages/airflow/example_dags/subdags/subdag.py
[2024-11-12T16:46:08.930+0100] {processor.py:208} INFO - Processing /home/sakana/anaconda3/envs/airflow_env/lib/python3.8/site-packages/airflow/example_dags/subdags/subdag.py took 0.027 seconds
[2024-11-12T16:46:46.108+0100] {processor.py:186} INFO - Started process (PID=7674) to work on /home/sakana/anaconda3/envs/airflow_env/lib/python3.8/site-packages/airflow/example_dags/subdags/subdag.py
[2024-11-12T16:46:46.113+0100] {processor.py:914} INFO - Processing file /home/sakana/anaconda3/envs/airflow_env/lib/python3.8/site-packages/airflow/example_dags/subdags/subdag.py for tasks to queue
[2024-11-12T16:46:46.116+0100] {logging_mixin.py:190} INFO - [2024-11-12T16:46:46.115+0100] {dagbag.py:588} INFO - Filling up the DagBag from /home/sakana/anaconda3/envs/airflow_env/lib/python3.8/site-packages/airflow/example_dags/subdags/subdag.py
[2024-11-12T16:46:46.119+0100] {processor.py:927} WARNING - No viable dags retrieved from /home/sakana/anaconda3/envs/airflow_env/lib/python3.8/site-packages/airflow/example_dags/subdags/subdag.py
[2024-11-12T16:46:46.132+0100] {processor.py:208} INFO - Processing /home/sakana/anaconda3/envs/airflow_env/lib/python3.8/site-packages/airflow/example_dags/subdags/subdag.py took 0.035 seconds
[2024-11-12T16:47:21.521+0100] {processor.py:186} INFO - Started process (PID=7720) to work on /home/sakana/anaconda3/envs/airflow_env/lib/python3.8/site-packages/airflow/example_dags/subdags/subdag.py
[2024-11-12T16:47:21.526+0100] {processor.py:914} INFO - Processing file /home/sakana/anaconda3/envs/airflow_env/lib/python3.8/site-packages/airflow/example_dags/subdags/subdag.py for tasks to queue
[2024-11-12T16:47:21.529+0100] {logging_mixin.py:190} INFO - [2024-11-12T16:47:21.528+0100] {dagbag.py:588} INFO - Filling up the DagBag from /home/sakana/anaconda3/envs/airflow_env/lib/python3.8/site-packages/airflow/example_dags/subdags/subdag.py
[2024-11-12T16:47:21.531+0100] {processor.py:927} WARNING - No viable dags retrieved from /home/sakana/anaconda3/envs/airflow_env/lib/python3.8/site-packages/airflow/example_dags/subdags/subdag.py
[2024-11-12T16:47:21.541+0100] {processor.py:208} INFO - Processing /home/sakana/anaconda3/envs/airflow_env/lib/python3.8/site-packages/airflow/example_dags/subdags/subdag.py took 0.027 seconds
[2024-11-12T16:48:17.713+0100] {processor.py:186} INFO - Started process (PID=7865) to work on /home/sakana/anaconda3/envs/airflow_env/lib/python3.8/site-packages/airflow/example_dags/subdags/subdag.py
[2024-11-12T16:48:17.718+0100] {processor.py:914} INFO - Processing file /home/sakana/anaconda3/envs/airflow_env/lib/python3.8/site-packages/airflow/example_dags/subdags/subdag.py for tasks to queue
[2024-11-12T16:48:17.720+0100] {logging_mixin.py:190} INFO - [2024-11-12T16:48:17.720+0100] {dagbag.py:588} INFO - Filling up the DagBag from /home/sakana/anaconda3/envs/airflow_env/lib/python3.8/site-packages/airflow/example_dags/subdags/subdag.py
[2024-11-12T16:48:17.723+0100] {processor.py:927} WARNING - No viable dags retrieved from /home/sakana/anaconda3/envs/airflow_env/lib/python3.8/site-packages/airflow/example_dags/subdags/subdag.py
[2024-11-12T16:48:17.733+0100] {processor.py:208} INFO - Processing /home/sakana/anaconda3/envs/airflow_env/lib/python3.8/site-packages/airflow/example_dags/subdags/subdag.py took 0.026 seconds
[2024-11-12T16:49:15.384+0100] {processor.py:186} INFO - Started process (PID=7945) to work on /home/sakana/anaconda3/envs/airflow_env/lib/python3.8/site-packages/airflow/example_dags/subdags/subdag.py
[2024-11-12T16:49:15.389+0100] {processor.py:914} INFO - Processing file /home/sakana/anaconda3/envs/airflow_env/lib/python3.8/site-packages/airflow/example_dags/subdags/subdag.py for tasks to queue
[2024-11-12T16:49:15.391+0100] {logging_mixin.py:190} INFO - [2024-11-12T16:49:15.391+0100] {dagbag.py:588} INFO - Filling up the DagBag from /home/sakana/anaconda3/envs/airflow_env/lib/python3.8/site-packages/airflow/example_dags/subdags/subdag.py
[2024-11-12T16:49:15.393+0100] {processor.py:927} WARNING - No viable dags retrieved from /home/sakana/anaconda3/envs/airflow_env/lib/python3.8/site-packages/airflow/example_dags/subdags/subdag.py
[2024-11-12T16:49:15.402+0100] {processor.py:208} INFO - Processing /home/sakana/anaconda3/envs/airflow_env/lib/python3.8/site-packages/airflow/example_dags/subdags/subdag.py took 0.024 seconds
[2024-11-12T16:50:12.210+0100] {processor.py:186} INFO - Started process (PID=8030) to work on /home/sakana/anaconda3/envs/airflow_env/lib/python3.8/site-packages/airflow/example_dags/subdags/subdag.py
[2024-11-12T16:50:12.215+0100] {processor.py:914} INFO - Processing file /home/sakana/anaconda3/envs/airflow_env/lib/python3.8/site-packages/airflow/example_dags/subdags/subdag.py for tasks to queue
[2024-11-12T16:50:12.217+0100] {logging_mixin.py:190} INFO - [2024-11-12T16:50:12.216+0100] {dagbag.py:588} INFO - Filling up the DagBag from /home/sakana/anaconda3/envs/airflow_env/lib/python3.8/site-packages/airflow/example_dags/subdags/subdag.py
[2024-11-12T16:50:12.219+0100] {processor.py:927} WARNING - No viable dags retrieved from /home/sakana/anaconda3/envs/airflow_env/lib/python3.8/site-packages/airflow/example_dags/subdags/subdag.py
[2024-11-12T16:50:12.230+0100] {processor.py:208} INFO - Processing /home/sakana/anaconda3/envs/airflow_env/lib/python3.8/site-packages/airflow/example_dags/subdags/subdag.py took 0.025 seconds
[2024-11-12T16:51:10.721+0100] {processor.py:186} INFO - Started process (PID=8097) to work on /home/sakana/anaconda3/envs/airflow_env/lib/python3.8/site-packages/airflow/example_dags/subdags/subdag.py
[2024-11-12T16:51:10.727+0100] {processor.py:914} INFO - Processing file /home/sakana/anaconda3/envs/airflow_env/lib/python3.8/site-packages/airflow/example_dags/subdags/subdag.py for tasks to queue
[2024-11-12T16:51:10.730+0100] {logging_mixin.py:190} INFO - [2024-11-12T16:51:10.729+0100] {dagbag.py:588} INFO - Filling up the DagBag from /home/sakana/anaconda3/envs/airflow_env/lib/python3.8/site-packages/airflow/example_dags/subdags/subdag.py
[2024-11-12T16:51:10.733+0100] {processor.py:927} WARNING - No viable dags retrieved from /home/sakana/anaconda3/envs/airflow_env/lib/python3.8/site-packages/airflow/example_dags/subdags/subdag.py
[2024-11-12T16:51:10.745+0100] {processor.py:208} INFO - Processing /home/sakana/anaconda3/envs/airflow_env/lib/python3.8/site-packages/airflow/example_dags/subdags/subdag.py took 0.033 seconds
[2024-11-12T16:52:06.698+0100] {processor.py:186} INFO - Started process (PID=8190) to work on /home/sakana/anaconda3/envs/airflow_env/lib/python3.8/site-packages/airflow/example_dags/subdags/subdag.py
[2024-11-12T16:52:06.703+0100] {processor.py:914} INFO - Processing file /home/sakana/anaconda3/envs/airflow_env/lib/python3.8/site-packages/airflow/example_dags/subdags/subdag.py for tasks to queue
[2024-11-12T16:52:06.705+0100] {logging_mixin.py:190} INFO - [2024-11-12T16:52:06.704+0100] {dagbag.py:588} INFO - Filling up the DagBag from /home/sakana/anaconda3/envs/airflow_env/lib/python3.8/site-packages/airflow/example_dags/subdags/subdag.py
[2024-11-12T16:52:06.707+0100] {processor.py:927} WARNING - No viable dags retrieved from /home/sakana/anaconda3/envs/airflow_env/lib/python3.8/site-packages/airflow/example_dags/subdags/subdag.py
[2024-11-12T16:52:06.718+0100] {processor.py:208} INFO - Processing /home/sakana/anaconda3/envs/airflow_env/lib/python3.8/site-packages/airflow/example_dags/subdags/subdag.py took 0.027 seconds
[2024-11-12T16:53:03.827+0100] {processor.py:186} INFO - Started process (PID=8260) to work on /home/sakana/anaconda3/envs/airflow_env/lib/python3.8/site-packages/airflow/example_dags/subdags/subdag.py
[2024-11-12T16:53:03.832+0100] {processor.py:914} INFO - Processing file /home/sakana/anaconda3/envs/airflow_env/lib/python3.8/site-packages/airflow/example_dags/subdags/subdag.py for tasks to queue
[2024-11-12T16:53:03.834+0100] {logging_mixin.py:190} INFO - [2024-11-12T16:53:03.834+0100] {dagbag.py:588} INFO - Filling up the DagBag from /home/sakana/anaconda3/envs/airflow_env/lib/python3.8/site-packages/airflow/example_dags/subdags/subdag.py
[2024-11-12T16:53:03.837+0100] {processor.py:927} WARNING - No viable dags retrieved from /home/sakana/anaconda3/envs/airflow_env/lib/python3.8/site-packages/airflow/example_dags/subdags/subdag.py
[2024-11-12T16:53:03.851+0100] {processor.py:208} INFO - Processing /home/sakana/anaconda3/envs/airflow_env/lib/python3.8/site-packages/airflow/example_dags/subdags/subdag.py took 0.031 seconds
[2024-11-12T16:53:59.276+0100] {processor.py:186} INFO - Started process (PID=8387) to work on /home/sakana/anaconda3/envs/airflow_env/lib/python3.8/site-packages/airflow/example_dags/subdags/subdag.py
[2024-11-12T16:53:59.281+0100] {processor.py:914} INFO - Processing file /home/sakana/anaconda3/envs/airflow_env/lib/python3.8/site-packages/airflow/example_dags/subdags/subdag.py for tasks to queue
[2024-11-12T16:53:59.283+0100] {logging_mixin.py:190} INFO - [2024-11-12T16:53:59.283+0100] {dagbag.py:588} INFO - Filling up the DagBag from /home/sakana/anaconda3/envs/airflow_env/lib/python3.8/site-packages/airflow/example_dags/subdags/subdag.py
[2024-11-12T16:53:59.287+0100] {processor.py:927} WARNING - No viable dags retrieved from /home/sakana/anaconda3/envs/airflow_env/lib/python3.8/site-packages/airflow/example_dags/subdags/subdag.py
[2024-11-12T16:53:59.300+0100] {processor.py:208} INFO - Processing /home/sakana/anaconda3/envs/airflow_env/lib/python3.8/site-packages/airflow/example_dags/subdags/subdag.py took 0.032 seconds
[2024-11-12T16:55:01.224+0100] {processor.py:186} INFO - Started process (PID=8542) to work on /home/sakana/anaconda3/envs/airflow_env/lib/python3.8/site-packages/airflow/example_dags/subdags/subdag.py
[2024-11-12T16:55:01.229+0100] {processor.py:914} INFO - Processing file /home/sakana/anaconda3/envs/airflow_env/lib/python3.8/site-packages/airflow/example_dags/subdags/subdag.py for tasks to queue
[2024-11-12T16:55:01.231+0100] {logging_mixin.py:190} INFO - [2024-11-12T16:55:01.231+0100] {dagbag.py:588} INFO - Filling up the DagBag from /home/sakana/anaconda3/envs/airflow_env/lib/python3.8/site-packages/airflow/example_dags/subdags/subdag.py
[2024-11-12T16:55:01.233+0100] {processor.py:927} WARNING - No viable dags retrieved from /home/sakana/anaconda3/envs/airflow_env/lib/python3.8/site-packages/airflow/example_dags/subdags/subdag.py
[2024-11-12T16:55:01.244+0100] {processor.py:208} INFO - Processing /home/sakana/anaconda3/envs/airflow_env/lib/python3.8/site-packages/airflow/example_dags/subdags/subdag.py took 0.029 seconds
[2024-11-12T16:55:59.218+0100] {processor.py:186} INFO - Started process (PID=8611) to work on /home/sakana/anaconda3/envs/airflow_env/lib/python3.8/site-packages/airflow/example_dags/subdags/subdag.py
[2024-11-12T16:55:59.223+0100] {processor.py:914} INFO - Processing file /home/sakana/anaconda3/envs/airflow_env/lib/python3.8/site-packages/airflow/example_dags/subdags/subdag.py for tasks to queue
[2024-11-12T16:55:59.225+0100] {logging_mixin.py:190} INFO - [2024-11-12T16:55:59.224+0100] {dagbag.py:588} INFO - Filling up the DagBag from /home/sakana/anaconda3/envs/airflow_env/lib/python3.8/site-packages/airflow/example_dags/subdags/subdag.py
[2024-11-12T16:55:59.227+0100] {processor.py:927} WARNING - No viable dags retrieved from /home/sakana/anaconda3/envs/airflow_env/lib/python3.8/site-packages/airflow/example_dags/subdags/subdag.py
[2024-11-12T16:55:59.238+0100] {processor.py:208} INFO - Processing /home/sakana/anaconda3/envs/airflow_env/lib/python3.8/site-packages/airflow/example_dags/subdags/subdag.py took 0.027 seconds
[2024-11-12T16:57:00.969+0100] {processor.py:186} INFO - Started process (PID=8687) to work on /home/sakana/anaconda3/envs/airflow_env/lib/python3.8/site-packages/airflow/example_dags/subdags/subdag.py
[2024-11-12T16:57:00.974+0100] {processor.py:914} INFO - Processing file /home/sakana/anaconda3/envs/airflow_env/lib/python3.8/site-packages/airflow/example_dags/subdags/subdag.py for tasks to queue
[2024-11-12T16:57:00.976+0100] {logging_mixin.py:190} INFO - [2024-11-12T16:57:00.975+0100] {dagbag.py:588} INFO - Filling up the DagBag from /home/sakana/anaconda3/envs/airflow_env/lib/python3.8/site-packages/airflow/example_dags/subdags/subdag.py
[2024-11-12T16:57:00.978+0100] {processor.py:927} WARNING - No viable dags retrieved from /home/sakana/anaconda3/envs/airflow_env/lib/python3.8/site-packages/airflow/example_dags/subdags/subdag.py
[2024-11-12T16:57:00.991+0100] {processor.py:208} INFO - Processing /home/sakana/anaconda3/envs/airflow_env/lib/python3.8/site-packages/airflow/example_dags/subdags/subdag.py took 0.028 seconds
[2024-11-12T16:58:02.292+0100] {processor.py:186} INFO - Started process (PID=8772) to work on /home/sakana/anaconda3/envs/airflow_env/lib/python3.8/site-packages/airflow/example_dags/subdags/subdag.py
[2024-11-12T16:58:02.298+0100] {processor.py:914} INFO - Processing file /home/sakana/anaconda3/envs/airflow_env/lib/python3.8/site-packages/airflow/example_dags/subdags/subdag.py for tasks to queue
[2024-11-12T16:58:02.302+0100] {logging_mixin.py:190} INFO - [2024-11-12T16:58:02.301+0100] {dagbag.py:588} INFO - Filling up the DagBag from /home/sakana/anaconda3/envs/airflow_env/lib/python3.8/site-packages/airflow/example_dags/subdags/subdag.py
[2024-11-12T16:58:02.306+0100] {processor.py:927} WARNING - No viable dags retrieved from /home/sakana/anaconda3/envs/airflow_env/lib/python3.8/site-packages/airflow/example_dags/subdags/subdag.py
[2024-11-12T16:58:02.322+0100] {processor.py:208} INFO - Processing /home/sakana/anaconda3/envs/airflow_env/lib/python3.8/site-packages/airflow/example_dags/subdags/subdag.py took 0.041 seconds
[2024-11-12T16:59:01.496+0100] {processor.py:186} INFO - Started process (PID=8875) to work on /home/sakana/anaconda3/envs/airflow_env/lib/python3.8/site-packages/airflow/example_dags/subdags/subdag.py
[2024-11-12T16:59:01.501+0100] {processor.py:914} INFO - Processing file /home/sakana/anaconda3/envs/airflow_env/lib/python3.8/site-packages/airflow/example_dags/subdags/subdag.py for tasks to queue
[2024-11-12T16:59:01.503+0100] {logging_mixin.py:190} INFO - [2024-11-12T16:59:01.502+0100] {dagbag.py:588} INFO - Filling up the DagBag from /home/sakana/anaconda3/envs/airflow_env/lib/python3.8/site-packages/airflow/example_dags/subdags/subdag.py
[2024-11-12T16:59:01.505+0100] {processor.py:927} WARNING - No viable dags retrieved from /home/sakana/anaconda3/envs/airflow_env/lib/python3.8/site-packages/airflow/example_dags/subdags/subdag.py
[2024-11-12T16:59:01.515+0100] {processor.py:208} INFO - Processing /home/sakana/anaconda3/envs/airflow_env/lib/python3.8/site-packages/airflow/example_dags/subdags/subdag.py took 0.027 seconds
[2024-11-12T17:00:00.407+0100] {processor.py:186} INFO - Started process (PID=8946) to work on /home/sakana/anaconda3/envs/airflow_env/lib/python3.8/site-packages/airflow/example_dags/subdags/subdag.py
[2024-11-12T17:00:00.408+0100] {processor.py:914} INFO - Processing file /home/sakana/anaconda3/envs/airflow_env/lib/python3.8/site-packages/airflow/example_dags/subdags/subdag.py for tasks to queue
[2024-11-12T17:00:00.410+0100] {logging_mixin.py:190} INFO - [2024-11-12T17:00:00.410+0100] {dagbag.py:588} INFO - Filling up the DagBag from /home/sakana/anaconda3/envs/airflow_env/lib/python3.8/site-packages/airflow/example_dags/subdags/subdag.py
[2024-11-12T17:00:00.412+0100] {processor.py:927} WARNING - No viable dags retrieved from /home/sakana/anaconda3/envs/airflow_env/lib/python3.8/site-packages/airflow/example_dags/subdags/subdag.py
[2024-11-12T17:00:00.422+0100] {processor.py:208} INFO - Processing /home/sakana/anaconda3/envs/airflow_env/lib/python3.8/site-packages/airflow/example_dags/subdags/subdag.py took 0.021 seconds
[2024-11-12T17:01:03.995+0100] {processor.py:186} INFO - Started process (PID=9021) to work on /home/sakana/anaconda3/envs/airflow_env/lib/python3.8/site-packages/airflow/example_dags/subdags/subdag.py
[2024-11-12T17:01:04.001+0100] {processor.py:914} INFO - Processing file /home/sakana/anaconda3/envs/airflow_env/lib/python3.8/site-packages/airflow/example_dags/subdags/subdag.py for tasks to queue
[2024-11-12T17:01:04.003+0100] {logging_mixin.py:190} INFO - [2024-11-12T17:01:04.003+0100] {dagbag.py:588} INFO - Filling up the DagBag from /home/sakana/anaconda3/envs/airflow_env/lib/python3.8/site-packages/airflow/example_dags/subdags/subdag.py
[2024-11-12T17:01:04.006+0100] {processor.py:927} WARNING - No viable dags retrieved from /home/sakana/anaconda3/envs/airflow_env/lib/python3.8/site-packages/airflow/example_dags/subdags/subdag.py
[2024-11-12T17:01:04.020+0100] {processor.py:208} INFO - Processing /home/sakana/anaconda3/envs/airflow_env/lib/python3.8/site-packages/airflow/example_dags/subdags/subdag.py took 0.032 seconds
[2024-11-12T17:19:09.425+0100] {processor.py:186} INFO - Started process (PID=9341) to work on /home/sakana/anaconda3/envs/airflow_env/lib/python3.8/site-packages/airflow/example_dags/subdags/subdag.py
[2024-11-12T17:19:09.431+0100] {processor.py:914} INFO - Processing file /home/sakana/anaconda3/envs/airflow_env/lib/python3.8/site-packages/airflow/example_dags/subdags/subdag.py for tasks to queue
[2024-11-12T17:19:09.434+0100] {logging_mixin.py:190} INFO - [2024-11-12T17:19:09.434+0100] {dagbag.py:588} INFO - Filling up the DagBag from /home/sakana/anaconda3/envs/airflow_env/lib/python3.8/site-packages/airflow/example_dags/subdags/subdag.py
[2024-11-12T17:19:09.438+0100] {processor.py:927} WARNING - No viable dags retrieved from /home/sakana/anaconda3/envs/airflow_env/lib/python3.8/site-packages/airflow/example_dags/subdags/subdag.py
[2024-11-12T17:19:09.451+0100] {processor.py:208} INFO - Processing /home/sakana/anaconda3/envs/airflow_env/lib/python3.8/site-packages/airflow/example_dags/subdags/subdag.py took 0.036 seconds
[2024-11-12T17:19:47.359+0100] {processor.py:186} INFO - Started process (PID=9599) to work on /home/sakana/anaconda3/envs/airflow_env/lib/python3.8/site-packages/airflow/example_dags/subdags/subdag.py
[2024-11-12T17:19:47.360+0100] {processor.py:914} INFO - Processing file /home/sakana/anaconda3/envs/airflow_env/lib/python3.8/site-packages/airflow/example_dags/subdags/subdag.py for tasks to queue
[2024-11-12T17:19:47.362+0100] {logging_mixin.py:190} INFO - [2024-11-12T17:19:47.362+0100] {dagbag.py:588} INFO - Filling up the DagBag from /home/sakana/anaconda3/envs/airflow_env/lib/python3.8/site-packages/airflow/example_dags/subdags/subdag.py
[2024-11-12T17:19:47.365+0100] {processor.py:927} WARNING - No viable dags retrieved from /home/sakana/anaconda3/envs/airflow_env/lib/python3.8/site-packages/airflow/example_dags/subdags/subdag.py
[2024-11-12T17:19:47.379+0100] {processor.py:208} INFO - Processing /home/sakana/anaconda3/envs/airflow_env/lib/python3.8/site-packages/airflow/example_dags/subdags/subdag.py took 0.028 seconds
[2024-11-12T17:20:52.967+0100] {processor.py:186} INFO - Started process (PID=9711) to work on /home/sakana/anaconda3/envs/airflow_env/lib/python3.8/site-packages/airflow/example_dags/subdags/subdag.py
[2024-11-12T17:20:52.973+0100] {processor.py:914} INFO - Processing file /home/sakana/anaconda3/envs/airflow_env/lib/python3.8/site-packages/airflow/example_dags/subdags/subdag.py for tasks to queue
[2024-11-12T17:20:52.978+0100] {logging_mixin.py:190} INFO - [2024-11-12T17:20:52.977+0100] {dagbag.py:588} INFO - Filling up the DagBag from /home/sakana/anaconda3/envs/airflow_env/lib/python3.8/site-packages/airflow/example_dags/subdags/subdag.py
[2024-11-12T17:20:52.982+0100] {processor.py:927} WARNING - No viable dags retrieved from /home/sakana/anaconda3/envs/airflow_env/lib/python3.8/site-packages/airflow/example_dags/subdags/subdag.py
[2024-11-12T17:20:52.996+0100] {processor.py:208} INFO - Processing /home/sakana/anaconda3/envs/airflow_env/lib/python3.8/site-packages/airflow/example_dags/subdags/subdag.py took 0.045 seconds
[2024-11-12T17:22:01.490+0100] {processor.py:186} INFO - Started process (PID=9816) to work on /home/sakana/anaconda3/envs/airflow_env/lib/python3.8/site-packages/airflow/example_dags/subdags/subdag.py
[2024-11-12T17:22:01.496+0100] {processor.py:914} INFO - Processing file /home/sakana/anaconda3/envs/airflow_env/lib/python3.8/site-packages/airflow/example_dags/subdags/subdag.py for tasks to queue
[2024-11-12T17:22:01.504+0100] {logging_mixin.py:190} INFO - [2024-11-12T17:22:01.499+0100] {dagbag.py:588} INFO - Filling up the DagBag from /home/sakana/anaconda3/envs/airflow_env/lib/python3.8/site-packages/airflow/example_dags/subdags/subdag.py
[2024-11-12T17:22:01.509+0100] {processor.py:927} WARNING - No viable dags retrieved from /home/sakana/anaconda3/envs/airflow_env/lib/python3.8/site-packages/airflow/example_dags/subdags/subdag.py
[2024-11-12T17:22:01.528+0100] {processor.py:208} INFO - Processing /home/sakana/anaconda3/envs/airflow_env/lib/python3.8/site-packages/airflow/example_dags/subdags/subdag.py took 0.064 seconds
[2024-11-12T17:23:13.050+0100] {processor.py:186} INFO - Started process (PID=9940) to work on /home/sakana/anaconda3/envs/airflow_env/lib/python3.8/site-packages/airflow/example_dags/subdags/subdag.py
[2024-11-12T17:23:13.055+0100] {processor.py:914} INFO - Processing file /home/sakana/anaconda3/envs/airflow_env/lib/python3.8/site-packages/airflow/example_dags/subdags/subdag.py for tasks to queue
[2024-11-12T17:23:13.059+0100] {logging_mixin.py:190} INFO - [2024-11-12T17:23:13.058+0100] {dagbag.py:588} INFO - Filling up the DagBag from /home/sakana/anaconda3/envs/airflow_env/lib/python3.8/site-packages/airflow/example_dags/subdags/subdag.py
[2024-11-12T17:23:13.062+0100] {processor.py:927} WARNING - No viable dags retrieved from /home/sakana/anaconda3/envs/airflow_env/lib/python3.8/site-packages/airflow/example_dags/subdags/subdag.py
[2024-11-12T17:23:13.079+0100] {processor.py:208} INFO - Processing /home/sakana/anaconda3/envs/airflow_env/lib/python3.8/site-packages/airflow/example_dags/subdags/subdag.py took 0.038 seconds
[2024-11-12T17:23:51.148+0100] {processor.py:186} INFO - Started process (PID=10022) to work on /home/sakana/anaconda3/envs/airflow_env/lib/python3.8/site-packages/airflow/example_dags/subdags/subdag.py
[2024-11-12T17:23:51.154+0100] {processor.py:914} INFO - Processing file /home/sakana/anaconda3/envs/airflow_env/lib/python3.8/site-packages/airflow/example_dags/subdags/subdag.py for tasks to queue
[2024-11-12T17:23:51.159+0100] {logging_mixin.py:190} INFO - [2024-11-12T17:23:51.158+0100] {dagbag.py:588} INFO - Filling up the DagBag from /home/sakana/anaconda3/envs/airflow_env/lib/python3.8/site-packages/airflow/example_dags/subdags/subdag.py
[2024-11-12T17:23:51.162+0100] {processor.py:927} WARNING - No viable dags retrieved from /home/sakana/anaconda3/envs/airflow_env/lib/python3.8/site-packages/airflow/example_dags/subdags/subdag.py
[2024-11-12T17:23:51.182+0100] {processor.py:208} INFO - Processing /home/sakana/anaconda3/envs/airflow_env/lib/python3.8/site-packages/airflow/example_dags/subdags/subdag.py took 0.048 seconds
[2024-11-12T17:24:27.771+0100] {processor.py:186} INFO - Started process (PID=10115) to work on /home/sakana/anaconda3/envs/airflow_env/lib/python3.8/site-packages/airflow/example_dags/subdags/subdag.py
[2024-11-12T17:24:27.774+0100] {processor.py:914} INFO - Processing file /home/sakana/anaconda3/envs/airflow_env/lib/python3.8/site-packages/airflow/example_dags/subdags/subdag.py for tasks to queue
[2024-11-12T17:24:27.778+0100] {logging_mixin.py:190} INFO - [2024-11-12T17:24:27.777+0100] {dagbag.py:588} INFO - Filling up the DagBag from /home/sakana/anaconda3/envs/airflow_env/lib/python3.8/site-packages/airflow/example_dags/subdags/subdag.py
[2024-11-12T17:24:27.781+0100] {processor.py:927} WARNING - No viable dags retrieved from /home/sakana/anaconda3/envs/airflow_env/lib/python3.8/site-packages/airflow/example_dags/subdags/subdag.py
[2024-11-12T17:24:27.799+0100] {processor.py:208} INFO - Processing /home/sakana/anaconda3/envs/airflow_env/lib/python3.8/site-packages/airflow/example_dags/subdags/subdag.py took 0.040 seconds
[2024-11-12T17:25:03.599+0100] {processor.py:186} INFO - Started process (PID=10195) to work on /home/sakana/anaconda3/envs/airflow_env/lib/python3.8/site-packages/airflow/example_dags/subdags/subdag.py
[2024-11-12T17:25:03.610+0100] {processor.py:914} INFO - Processing file /home/sakana/anaconda3/envs/airflow_env/lib/python3.8/site-packages/airflow/example_dags/subdags/subdag.py for tasks to queue
[2024-11-12T17:25:03.613+0100] {logging_mixin.py:190} INFO - [2024-11-12T17:25:03.612+0100] {dagbag.py:588} INFO - Filling up the DagBag from /home/sakana/anaconda3/envs/airflow_env/lib/python3.8/site-packages/airflow/example_dags/subdags/subdag.py
[2024-11-12T17:25:03.618+0100] {processor.py:927} WARNING - No viable dags retrieved from /home/sakana/anaconda3/envs/airflow_env/lib/python3.8/site-packages/airflow/example_dags/subdags/subdag.py
[2024-11-12T17:25:03.642+0100] {processor.py:208} INFO - Processing /home/sakana/anaconda3/envs/airflow_env/lib/python3.8/site-packages/airflow/example_dags/subdags/subdag.py took 0.057 seconds
[2024-11-12T17:25:40.348+0100] {processor.py:186} INFO - Started process (PID=10243) to work on /home/sakana/anaconda3/envs/airflow_env/lib/python3.8/site-packages/airflow/example_dags/subdags/subdag.py
[2024-11-12T17:25:40.349+0100] {processor.py:914} INFO - Processing file /home/sakana/anaconda3/envs/airflow_env/lib/python3.8/site-packages/airflow/example_dags/subdags/subdag.py for tasks to queue
[2024-11-12T17:25:40.352+0100] {logging_mixin.py:190} INFO - [2024-11-12T17:25:40.351+0100] {dagbag.py:588} INFO - Filling up the DagBag from /home/sakana/anaconda3/envs/airflow_env/lib/python3.8/site-packages/airflow/example_dags/subdags/subdag.py
[2024-11-12T17:25:40.355+0100] {processor.py:927} WARNING - No viable dags retrieved from /home/sakana/anaconda3/envs/airflow_env/lib/python3.8/site-packages/airflow/example_dags/subdags/subdag.py
[2024-11-12T17:25:40.372+0100] {processor.py:208} INFO - Processing /home/sakana/anaconda3/envs/airflow_env/lib/python3.8/site-packages/airflow/example_dags/subdags/subdag.py took 0.033 seconds
[2024-11-12T17:26:16.719+0100] {processor.py:186} INFO - Started process (PID=10283) to work on /home/sakana/anaconda3/envs/airflow_env/lib/python3.8/site-packages/airflow/example_dags/subdags/subdag.py
[2024-11-12T17:26:16.724+0100] {processor.py:914} INFO - Processing file /home/sakana/anaconda3/envs/airflow_env/lib/python3.8/site-packages/airflow/example_dags/subdags/subdag.py for tasks to queue
[2024-11-12T17:26:16.726+0100] {logging_mixin.py:190} INFO - [2024-11-12T17:26:16.726+0100] {dagbag.py:588} INFO - Filling up the DagBag from /home/sakana/anaconda3/envs/airflow_env/lib/python3.8/site-packages/airflow/example_dags/subdags/subdag.py
[2024-11-12T17:26:16.729+0100] {processor.py:927} WARNING - No viable dags retrieved from /home/sakana/anaconda3/envs/airflow_env/lib/python3.8/site-packages/airflow/example_dags/subdags/subdag.py
[2024-11-12T17:26:16.746+0100] {processor.py:208} INFO - Processing /home/sakana/anaconda3/envs/airflow_env/lib/python3.8/site-packages/airflow/example_dags/subdags/subdag.py took 0.037 seconds
[2024-11-12T17:26:52.298+0100] {processor.py:186} INFO - Started process (PID=10349) to work on /home/sakana/anaconda3/envs/airflow_env/lib/python3.8/site-packages/airflow/example_dags/subdags/subdag.py
[2024-11-12T17:26:52.305+0100] {processor.py:914} INFO - Processing file /home/sakana/anaconda3/envs/airflow_env/lib/python3.8/site-packages/airflow/example_dags/subdags/subdag.py for tasks to queue
[2024-11-12T17:26:52.310+0100] {logging_mixin.py:190} INFO - [2024-11-12T17:26:52.308+0100] {dagbag.py:588} INFO - Filling up the DagBag from /home/sakana/anaconda3/envs/airflow_env/lib/python3.8/site-packages/airflow/example_dags/subdags/subdag.py
[2024-11-12T17:26:52.315+0100] {processor.py:927} WARNING - No viable dags retrieved from /home/sakana/anaconda3/envs/airflow_env/lib/python3.8/site-packages/airflow/example_dags/subdags/subdag.py
[2024-11-12T17:26:52.336+0100] {processor.py:208} INFO - Processing /home/sakana/anaconda3/envs/airflow_env/lib/python3.8/site-packages/airflow/example_dags/subdags/subdag.py took 0.050 seconds
[2024-11-12T17:27:29.356+0100] {processor.py:186} INFO - Started process (PID=10391) to work on /home/sakana/anaconda3/envs/airflow_env/lib/python3.8/site-packages/airflow/example_dags/subdags/subdag.py
[2024-11-12T17:27:29.376+0100] {processor.py:914} INFO - Processing file /home/sakana/anaconda3/envs/airflow_env/lib/python3.8/site-packages/airflow/example_dags/subdags/subdag.py for tasks to queue
[2024-11-12T17:27:29.379+0100] {logging_mixin.py:190} INFO - [2024-11-12T17:27:29.379+0100] {dagbag.py:588} INFO - Filling up the DagBag from /home/sakana/anaconda3/envs/airflow_env/lib/python3.8/site-packages/airflow/example_dags/subdags/subdag.py
[2024-11-12T17:27:29.383+0100] {processor.py:927} WARNING - No viable dags retrieved from /home/sakana/anaconda3/envs/airflow_env/lib/python3.8/site-packages/airflow/example_dags/subdags/subdag.py
[2024-11-12T17:27:29.401+0100] {processor.py:208} INFO - Processing /home/sakana/anaconda3/envs/airflow_env/lib/python3.8/site-packages/airflow/example_dags/subdags/subdag.py took 0.055 seconds
[2024-11-12T17:28:05.579+0100] {processor.py:186} INFO - Started process (PID=10428) to work on /home/sakana/anaconda3/envs/airflow_env/lib/python3.8/site-packages/airflow/example_dags/subdags/subdag.py
[2024-11-12T17:28:05.585+0100] {processor.py:914} INFO - Processing file /home/sakana/anaconda3/envs/airflow_env/lib/python3.8/site-packages/airflow/example_dags/subdags/subdag.py for tasks to queue
[2024-11-12T17:28:05.588+0100] {logging_mixin.py:190} INFO - [2024-11-12T17:28:05.587+0100] {dagbag.py:588} INFO - Filling up the DagBag from /home/sakana/anaconda3/envs/airflow_env/lib/python3.8/site-packages/airflow/example_dags/subdags/subdag.py
[2024-11-12T17:28:05.591+0100] {processor.py:927} WARNING - No viable dags retrieved from /home/sakana/anaconda3/envs/airflow_env/lib/python3.8/site-packages/airflow/example_dags/subdags/subdag.py
[2024-11-12T17:28:05.606+0100] {processor.py:208} INFO - Processing /home/sakana/anaconda3/envs/airflow_env/lib/python3.8/site-packages/airflow/example_dags/subdags/subdag.py took 0.035 seconds
[2024-11-12T17:28:41.697+0100] {processor.py:186} INFO - Started process (PID=10527) to work on /home/sakana/anaconda3/envs/airflow_env/lib/python3.8/site-packages/airflow/example_dags/subdags/subdag.py
[2024-11-12T17:28:41.703+0100] {processor.py:914} INFO - Processing file /home/sakana/anaconda3/envs/airflow_env/lib/python3.8/site-packages/airflow/example_dags/subdags/subdag.py for tasks to queue
[2024-11-12T17:28:41.705+0100] {logging_mixin.py:190} INFO - [2024-11-12T17:28:41.705+0100] {dagbag.py:588} INFO - Filling up the DagBag from /home/sakana/anaconda3/envs/airflow_env/lib/python3.8/site-packages/airflow/example_dags/subdags/subdag.py
[2024-11-12T17:28:41.708+0100] {processor.py:927} WARNING - No viable dags retrieved from /home/sakana/anaconda3/envs/airflow_env/lib/python3.8/site-packages/airflow/example_dags/subdags/subdag.py
[2024-11-12T17:28:41.721+0100] {processor.py:208} INFO - Processing /home/sakana/anaconda3/envs/airflow_env/lib/python3.8/site-packages/airflow/example_dags/subdags/subdag.py took 0.033 seconds
[2024-11-12T17:29:18.308+0100] {processor.py:186} INFO - Started process (PID=10570) to work on /home/sakana/anaconda3/envs/airflow_env/lib/python3.8/site-packages/airflow/example_dags/subdags/subdag.py
[2024-11-12T17:29:18.313+0100] {processor.py:914} INFO - Processing file /home/sakana/anaconda3/envs/airflow_env/lib/python3.8/site-packages/airflow/example_dags/subdags/subdag.py for tasks to queue
[2024-11-12T17:29:18.315+0100] {logging_mixin.py:190} INFO - [2024-11-12T17:29:18.314+0100] {dagbag.py:588} INFO - Filling up the DagBag from /home/sakana/anaconda3/envs/airflow_env/lib/python3.8/site-packages/airflow/example_dags/subdags/subdag.py
[2024-11-12T17:29:18.317+0100] {processor.py:927} WARNING - No viable dags retrieved from /home/sakana/anaconda3/envs/airflow_env/lib/python3.8/site-packages/airflow/example_dags/subdags/subdag.py
[2024-11-12T17:29:18.334+0100] {processor.py:208} INFO - Processing /home/sakana/anaconda3/envs/airflow_env/lib/python3.8/site-packages/airflow/example_dags/subdags/subdag.py took 0.037 seconds
[2024-11-12T17:29:54.671+0100] {processor.py:186} INFO - Started process (PID=10606) to work on /home/sakana/anaconda3/envs/airflow_env/lib/python3.8/site-packages/airflow/example_dags/subdags/subdag.py
[2024-11-12T17:29:54.677+0100] {processor.py:914} INFO - Processing file /home/sakana/anaconda3/envs/airflow_env/lib/python3.8/site-packages/airflow/example_dags/subdags/subdag.py for tasks to queue
[2024-11-12T17:29:54.680+0100] {logging_mixin.py:190} INFO - [2024-11-12T17:29:54.679+0100] {dagbag.py:588} INFO - Filling up the DagBag from /home/sakana/anaconda3/envs/airflow_env/lib/python3.8/site-packages/airflow/example_dags/subdags/subdag.py
[2024-11-12T17:29:54.685+0100] {processor.py:927} WARNING - No viable dags retrieved from /home/sakana/anaconda3/envs/airflow_env/lib/python3.8/site-packages/airflow/example_dags/subdags/subdag.py
[2024-11-12T17:29:54.706+0100] {processor.py:208} INFO - Processing /home/sakana/anaconda3/envs/airflow_env/lib/python3.8/site-packages/airflow/example_dags/subdags/subdag.py took 0.048 seconds
[2024-11-12T17:30:29.862+0100] {processor.py:186} INFO - Started process (PID=10651) to work on /home/sakana/anaconda3/envs/airflow_env/lib/python3.8/site-packages/airflow/example_dags/subdags/subdag.py
[2024-11-12T17:30:29.867+0100] {processor.py:914} INFO - Processing file /home/sakana/anaconda3/envs/airflow_env/lib/python3.8/site-packages/airflow/example_dags/subdags/subdag.py for tasks to queue
[2024-11-12T17:30:29.871+0100] {logging_mixin.py:190} INFO - [2024-11-12T17:30:29.870+0100] {dagbag.py:588} INFO - Filling up the DagBag from /home/sakana/anaconda3/envs/airflow_env/lib/python3.8/site-packages/airflow/example_dags/subdags/subdag.py
[2024-11-12T17:30:29.874+0100] {processor.py:927} WARNING - No viable dags retrieved from /home/sakana/anaconda3/envs/airflow_env/lib/python3.8/site-packages/airflow/example_dags/subdags/subdag.py
[2024-11-12T17:30:29.888+0100] {processor.py:208} INFO - Processing /home/sakana/anaconda3/envs/airflow_env/lib/python3.8/site-packages/airflow/example_dags/subdags/subdag.py took 0.034 seconds
[2024-11-12T17:31:06.960+0100] {processor.py:186} INFO - Started process (PID=10686) to work on /home/sakana/anaconda3/envs/airflow_env/lib/python3.8/site-packages/airflow/example_dags/subdags/subdag.py
[2024-11-12T17:31:06.966+0100] {processor.py:914} INFO - Processing file /home/sakana/anaconda3/envs/airflow_env/lib/python3.8/site-packages/airflow/example_dags/subdags/subdag.py for tasks to queue
[2024-11-12T17:31:06.969+0100] {logging_mixin.py:190} INFO - [2024-11-12T17:31:06.968+0100] {dagbag.py:588} INFO - Filling up the DagBag from /home/sakana/anaconda3/envs/airflow_env/lib/python3.8/site-packages/airflow/example_dags/subdags/subdag.py
[2024-11-12T17:31:06.973+0100] {processor.py:927} WARNING - No viable dags retrieved from /home/sakana/anaconda3/envs/airflow_env/lib/python3.8/site-packages/airflow/example_dags/subdags/subdag.py
[2024-11-12T17:31:06.995+0100] {processor.py:208} INFO - Processing /home/sakana/anaconda3/envs/airflow_env/lib/python3.8/site-packages/airflow/example_dags/subdags/subdag.py took 0.052 seconds
[2024-11-12T17:31:43.562+0100] {processor.py:186} INFO - Started process (PID=10743) to work on /home/sakana/anaconda3/envs/airflow_env/lib/python3.8/site-packages/airflow/example_dags/subdags/subdag.py
[2024-11-12T17:31:43.568+0100] {processor.py:914} INFO - Processing file /home/sakana/anaconda3/envs/airflow_env/lib/python3.8/site-packages/airflow/example_dags/subdags/subdag.py for tasks to queue
[2024-11-12T17:31:43.570+0100] {logging_mixin.py:190} INFO - [2024-11-12T17:31:43.570+0100] {dagbag.py:588} INFO - Filling up the DagBag from /home/sakana/anaconda3/envs/airflow_env/lib/python3.8/site-packages/airflow/example_dags/subdags/subdag.py
[2024-11-12T17:31:43.574+0100] {processor.py:927} WARNING - No viable dags retrieved from /home/sakana/anaconda3/envs/airflow_env/lib/python3.8/site-packages/airflow/example_dags/subdags/subdag.py
[2024-11-12T17:31:43.589+0100] {processor.py:208} INFO - Processing /home/sakana/anaconda3/envs/airflow_env/lib/python3.8/site-packages/airflow/example_dags/subdags/subdag.py took 0.035 seconds
[2024-11-12T17:32:19.180+0100] {processor.py:186} INFO - Started process (PID=10797) to work on /home/sakana/anaconda3/envs/airflow_env/lib/python3.8/site-packages/airflow/example_dags/subdags/subdag.py
[2024-11-12T17:32:19.181+0100] {processor.py:914} INFO - Processing file /home/sakana/anaconda3/envs/airflow_env/lib/python3.8/site-packages/airflow/example_dags/subdags/subdag.py for tasks to queue
[2024-11-12T17:32:19.185+0100] {logging_mixin.py:190} INFO - [2024-11-12T17:32:19.184+0100] {dagbag.py:588} INFO - Filling up the DagBag from /home/sakana/anaconda3/envs/airflow_env/lib/python3.8/site-packages/airflow/example_dags/subdags/subdag.py
[2024-11-12T17:32:19.189+0100] {processor.py:927} WARNING - No viable dags retrieved from /home/sakana/anaconda3/envs/airflow_env/lib/python3.8/site-packages/airflow/example_dags/subdags/subdag.py
[2024-11-12T17:32:19.207+0100] {processor.py:208} INFO - Processing /home/sakana/anaconda3/envs/airflow_env/lib/python3.8/site-packages/airflow/example_dags/subdags/subdag.py took 0.037 seconds
[2024-11-12T17:33:26.358+0100] {processor.py:186} INFO - Started process (PID=11041) to work on /home/sakana/anaconda3/envs/airflow_env/lib/python3.8/site-packages/airflow/example_dags/subdags/subdag.py
[2024-11-12T17:33:26.364+0100] {processor.py:914} INFO - Processing file /home/sakana/anaconda3/envs/airflow_env/lib/python3.8/site-packages/airflow/example_dags/subdags/subdag.py for tasks to queue
[2024-11-12T17:33:26.370+0100] {logging_mixin.py:190} INFO - [2024-11-12T17:33:26.369+0100] {dagbag.py:588} INFO - Filling up the DagBag from /home/sakana/anaconda3/envs/airflow_env/lib/python3.8/site-packages/airflow/example_dags/subdags/subdag.py
[2024-11-12T17:33:26.377+0100] {processor.py:927} WARNING - No viable dags retrieved from /home/sakana/anaconda3/envs/airflow_env/lib/python3.8/site-packages/airflow/example_dags/subdags/subdag.py
[2024-11-12T17:33:26.391+0100] {processor.py:208} INFO - Processing /home/sakana/anaconda3/envs/airflow_env/lib/python3.8/site-packages/airflow/example_dags/subdags/subdag.py took 0.042 seconds
[2024-11-12T17:34:25.355+0100] {processor.py:186} INFO - Started process (PID=11126) to work on /home/sakana/anaconda3/envs/airflow_env/lib/python3.8/site-packages/airflow/example_dags/subdags/subdag.py
[2024-11-12T17:34:25.360+0100] {processor.py:914} INFO - Processing file /home/sakana/anaconda3/envs/airflow_env/lib/python3.8/site-packages/airflow/example_dags/subdags/subdag.py for tasks to queue
[2024-11-12T17:34:25.362+0100] {logging_mixin.py:190} INFO - [2024-11-12T17:34:25.362+0100] {dagbag.py:588} INFO - Filling up the DagBag from /home/sakana/anaconda3/envs/airflow_env/lib/python3.8/site-packages/airflow/example_dags/subdags/subdag.py
[2024-11-12T17:34:25.364+0100] {processor.py:927} WARNING - No viable dags retrieved from /home/sakana/anaconda3/envs/airflow_env/lib/python3.8/site-packages/airflow/example_dags/subdags/subdag.py
[2024-11-12T17:34:25.374+0100] {processor.py:208} INFO - Processing /home/sakana/anaconda3/envs/airflow_env/lib/python3.8/site-packages/airflow/example_dags/subdags/subdag.py took 0.025 seconds
[2024-11-12T17:35:26.930+0100] {processor.py:186} INFO - Started process (PID=11211) to work on /home/sakana/anaconda3/envs/airflow_env/lib/python3.8/site-packages/airflow/example_dags/subdags/subdag.py
[2024-11-12T17:35:26.936+0100] {processor.py:914} INFO - Processing file /home/sakana/anaconda3/envs/airflow_env/lib/python3.8/site-packages/airflow/example_dags/subdags/subdag.py for tasks to queue
[2024-11-12T17:35:26.939+0100] {logging_mixin.py:190} INFO - [2024-11-12T17:35:26.938+0100] {dagbag.py:588} INFO - Filling up the DagBag from /home/sakana/anaconda3/envs/airflow_env/lib/python3.8/site-packages/airflow/example_dags/subdags/subdag.py
[2024-11-12T17:35:26.943+0100] {processor.py:927} WARNING - No viable dags retrieved from /home/sakana/anaconda3/envs/airflow_env/lib/python3.8/site-packages/airflow/example_dags/subdags/subdag.py
[2024-11-12T17:35:26.957+0100] {processor.py:208} INFO - Processing /home/sakana/anaconda3/envs/airflow_env/lib/python3.8/site-packages/airflow/example_dags/subdags/subdag.py took 0.038 seconds
[2024-11-12T17:36:24.761+0100] {processor.py:186} INFO - Started process (PID=11280) to work on /home/sakana/anaconda3/envs/airflow_env/lib/python3.8/site-packages/airflow/example_dags/subdags/subdag.py
[2024-11-12T17:36:24.766+0100] {processor.py:914} INFO - Processing file /home/sakana/anaconda3/envs/airflow_env/lib/python3.8/site-packages/airflow/example_dags/subdags/subdag.py for tasks to queue
[2024-11-12T17:36:24.769+0100] {logging_mixin.py:190} INFO - [2024-11-12T17:36:24.768+0100] {dagbag.py:588} INFO - Filling up the DagBag from /home/sakana/anaconda3/envs/airflow_env/lib/python3.8/site-packages/airflow/example_dags/subdags/subdag.py
[2024-11-12T17:36:24.772+0100] {processor.py:927} WARNING - No viable dags retrieved from /home/sakana/anaconda3/envs/airflow_env/lib/python3.8/site-packages/airflow/example_dags/subdags/subdag.py
[2024-11-12T17:36:24.783+0100] {processor.py:208} INFO - Processing /home/sakana/anaconda3/envs/airflow_env/lib/python3.8/site-packages/airflow/example_dags/subdags/subdag.py took 0.030 seconds
