[2024-11-11T00:25:34.328+0100] {processor.py:186} INFO - Started process (PID=6639) to work on /home/sakana/anaconda3/envs/airflow_env/lib/python3.8/site-packages/airflow/example_dags/example_trigger_controller_dag.py
[2024-11-11T00:25:34.329+0100] {processor.py:914} INFO - Processing file /home/sakana/anaconda3/envs/airflow_env/lib/python3.8/site-packages/airflow/example_dags/example_trigger_controller_dag.py for tasks to queue
[2024-11-11T00:25:34.331+0100] {logging_mixin.py:190} INFO - [2024-11-11T00:25:34.331+0100] {dagbag.py:588} INFO - Filling up the DagBag from /home/sakana/anaconda3/envs/airflow_env/lib/python3.8/site-packages/airflow/example_dags/example_trigger_controller_dag.py
[2024-11-11T00:25:34.337+0100] {processor.py:925} INFO - DAG(s) 'example_trigger_controller_dag' retrieved from /home/sakana/anaconda3/envs/airflow_env/lib/python3.8/site-packages/airflow/example_dags/example_trigger_controller_dag.py
[2024-11-11T00:25:34.456+0100] {logging_mixin.py:190} INFO - [2024-11-11T00:25:34.455+0100] {override.py:1901} INFO - Created Permission View: can edit on DAG:example_trigger_controller_dag
[2024-11-11T00:25:34.478+0100] {logging_mixin.py:190} INFO - [2024-11-11T00:25:34.476+0100] {override.py:1901} INFO - Created Permission View: can read on DAG:example_trigger_controller_dag
[2024-11-11T00:25:34.500+0100] {logging_mixin.py:190} INFO - [2024-11-11T00:25:34.500+0100] {override.py:1901} INFO - Created Permission View: can delete on DAG:example_trigger_controller_dag
[2024-11-11T00:25:34.527+0100] {logging_mixin.py:190} INFO - [2024-11-11T00:25:34.526+0100] {override.py:1901} INFO - Created Permission View: can create on DAG Run:example_trigger_controller_dag
[2024-11-11T00:25:34.545+0100] {logging_mixin.py:190} INFO - [2024-11-11T00:25:34.545+0100] {override.py:1901} INFO - Created Permission View: can read on DAG Run:example_trigger_controller_dag
[2024-11-11T00:25:34.562+0100] {logging_mixin.py:190} INFO - [2024-11-11T00:25:34.562+0100] {override.py:1901} INFO - Created Permission View: can delete on DAG Run:example_trigger_controller_dag
[2024-11-11T00:25:34.579+0100] {logging_mixin.py:190} INFO - [2024-11-11T00:25:34.578+0100] {override.py:1901} INFO - Created Permission View: menu access on DAG Run:example_trigger_controller_dag
[2024-11-11T00:25:34.580+0100] {logging_mixin.py:190} INFO - [2024-11-11T00:25:34.580+0100] {dag.py:3239} INFO - Sync 1 DAGs
[2024-11-11T00:25:34.607+0100] {logging_mixin.py:190} INFO - [2024-11-11T00:25:34.606+0100] {dag.py:3262} INFO - Creating ORM DAG for example_trigger_controller_dag
[2024-11-11T00:25:34.617+0100] {logging_mixin.py:190} INFO - [2024-11-11T00:25:34.617+0100] {dag.py:4180} INFO - Setting next_dagrun for example_trigger_controller_dag to 2021-01-01 00:00:00+00:00, run_after=2021-01-01 00:00:00+00:00
[2024-11-11T00:25:34.647+0100] {processor.py:208} INFO - Processing /home/sakana/anaconda3/envs/airflow_env/lib/python3.8/site-packages/airflow/example_dags/example_trigger_controller_dag.py took 0.325 seconds
[2024-11-11T00:26:45.854+0100] {processor.py:186} INFO - Started process (PID=6884) to work on /home/sakana/anaconda3/envs/airflow_env/lib/python3.8/site-packages/airflow/example_dags/example_trigger_controller_dag.py
[2024-11-11T00:26:45.860+0100] {processor.py:914} INFO - Processing file /home/sakana/anaconda3/envs/airflow_env/lib/python3.8/site-packages/airflow/example_dags/example_trigger_controller_dag.py for tasks to queue
[2024-11-11T00:26:45.863+0100] {logging_mixin.py:190} INFO - [2024-11-11T00:26:45.863+0100] {dagbag.py:588} INFO - Filling up the DagBag from /home/sakana/anaconda3/envs/airflow_env/lib/python3.8/site-packages/airflow/example_dags/example_trigger_controller_dag.py
[2024-11-11T00:26:45.876+0100] {processor.py:925} INFO - DAG(s) 'example_trigger_controller_dag' retrieved from /home/sakana/anaconda3/envs/airflow_env/lib/python3.8/site-packages/airflow/example_dags/example_trigger_controller_dag.py
[2024-11-11T00:26:45.892+0100] {logging_mixin.py:190} INFO - [2024-11-11T00:26:45.892+0100] {dag.py:3239} INFO - Sync 1 DAGs
[2024-11-11T00:26:45.910+0100] {logging_mixin.py:190} INFO - [2024-11-11T00:26:45.910+0100] {dag.py:4180} INFO - Setting next_dagrun for example_trigger_controller_dag to 2021-01-01 00:00:00+00:00, run_after=2021-01-01 00:00:00+00:00
[2024-11-11T00:26:45.936+0100] {processor.py:208} INFO - Processing /home/sakana/anaconda3/envs/airflow_env/lib/python3.8/site-packages/airflow/example_dags/example_trigger_controller_dag.py took 0.093 seconds
[2024-11-11T00:27:41.910+0100] {processor.py:186} INFO - Started process (PID=6961) to work on /home/sakana/anaconda3/envs/airflow_env/lib/python3.8/site-packages/airflow/example_dags/example_trigger_controller_dag.py
[2024-11-11T00:27:41.912+0100] {processor.py:914} INFO - Processing file /home/sakana/anaconda3/envs/airflow_env/lib/python3.8/site-packages/airflow/example_dags/example_trigger_controller_dag.py for tasks to queue
[2024-11-11T00:27:41.915+0100] {logging_mixin.py:190} INFO - [2024-11-11T00:27:41.914+0100] {dagbag.py:588} INFO - Filling up the DagBag from /home/sakana/anaconda3/envs/airflow_env/lib/python3.8/site-packages/airflow/example_dags/example_trigger_controller_dag.py
[2024-11-11T00:27:41.923+0100] {processor.py:925} INFO - DAG(s) 'example_trigger_controller_dag' retrieved from /home/sakana/anaconda3/envs/airflow_env/lib/python3.8/site-packages/airflow/example_dags/example_trigger_controller_dag.py
[2024-11-11T00:27:41.940+0100] {logging_mixin.py:190} INFO - [2024-11-11T00:27:41.939+0100] {dag.py:3239} INFO - Sync 1 DAGs
[2024-11-11T00:27:41.960+0100] {logging_mixin.py:190} INFO - [2024-11-11T00:27:41.959+0100] {dag.py:4180} INFO - Setting next_dagrun for example_trigger_controller_dag to 2021-01-01 00:00:00+00:00, run_after=2021-01-01 00:00:00+00:00
[2024-11-11T00:27:41.982+0100] {processor.py:208} INFO - Processing /home/sakana/anaconda3/envs/airflow_env/lib/python3.8/site-packages/airflow/example_dags/example_trigger_controller_dag.py took 0.078 seconds
[2024-11-11T00:28:36.036+0100] {processor.py:186} INFO - Started process (PID=7058) to work on /home/sakana/anaconda3/envs/airflow_env/lib/python3.8/site-packages/airflow/example_dags/example_trigger_controller_dag.py
[2024-11-11T00:28:36.042+0100] {processor.py:914} INFO - Processing file /home/sakana/anaconda3/envs/airflow_env/lib/python3.8/site-packages/airflow/example_dags/example_trigger_controller_dag.py for tasks to queue
[2024-11-11T00:28:36.047+0100] {logging_mixin.py:190} INFO - [2024-11-11T00:28:36.046+0100] {dagbag.py:588} INFO - Filling up the DagBag from /home/sakana/anaconda3/envs/airflow_env/lib/python3.8/site-packages/airflow/example_dags/example_trigger_controller_dag.py
[2024-11-11T00:28:36.059+0100] {processor.py:925} INFO - DAG(s) 'example_trigger_controller_dag' retrieved from /home/sakana/anaconda3/envs/airflow_env/lib/python3.8/site-packages/airflow/example_dags/example_trigger_controller_dag.py
[2024-11-11T00:28:36.080+0100] {logging_mixin.py:190} INFO - [2024-11-11T00:28:36.079+0100] {dag.py:3239} INFO - Sync 1 DAGs
[2024-11-11T00:28:36.102+0100] {logging_mixin.py:190} INFO - [2024-11-11T00:28:36.102+0100] {dag.py:4180} INFO - Setting next_dagrun for example_trigger_controller_dag to 2021-01-01 00:00:00+00:00, run_after=2021-01-01 00:00:00+00:00
[2024-11-11T00:28:36.128+0100] {processor.py:208} INFO - Processing /home/sakana/anaconda3/envs/airflow_env/lib/python3.8/site-packages/airflow/example_dags/example_trigger_controller_dag.py took 0.104 seconds
[2024-11-11T00:29:31.644+0100] {processor.py:186} INFO - Started process (PID=7142) to work on /home/sakana/anaconda3/envs/airflow_env/lib/python3.8/site-packages/airflow/example_dags/example_trigger_controller_dag.py
[2024-11-11T00:29:31.650+0100] {processor.py:914} INFO - Processing file /home/sakana/anaconda3/envs/airflow_env/lib/python3.8/site-packages/airflow/example_dags/example_trigger_controller_dag.py for tasks to queue
[2024-11-11T00:29:31.653+0100] {logging_mixin.py:190} INFO - [2024-11-11T00:29:31.653+0100] {dagbag.py:588} INFO - Filling up the DagBag from /home/sakana/anaconda3/envs/airflow_env/lib/python3.8/site-packages/airflow/example_dags/example_trigger_controller_dag.py
[2024-11-11T00:29:31.664+0100] {processor.py:925} INFO - DAG(s) 'example_trigger_controller_dag' retrieved from /home/sakana/anaconda3/envs/airflow_env/lib/python3.8/site-packages/airflow/example_dags/example_trigger_controller_dag.py
[2024-11-11T00:29:31.679+0100] {logging_mixin.py:190} INFO - [2024-11-11T00:29:31.679+0100] {dag.py:3239} INFO - Sync 1 DAGs
[2024-11-11T00:29:31.697+0100] {logging_mixin.py:190} INFO - [2024-11-11T00:29:31.697+0100] {dag.py:4180} INFO - Setting next_dagrun for example_trigger_controller_dag to 2021-01-01 00:00:00+00:00, run_after=2021-01-01 00:00:00+00:00
[2024-11-11T00:29:31.714+0100] {processor.py:208} INFO - Processing /home/sakana/anaconda3/envs/airflow_env/lib/python3.8/site-packages/airflow/example_dags/example_trigger_controller_dag.py took 0.084 seconds
[2024-11-11T00:30:26.471+0100] {processor.py:186} INFO - Started process (PID=7222) to work on /home/sakana/anaconda3/envs/airflow_env/lib/python3.8/site-packages/airflow/example_dags/example_trigger_controller_dag.py
[2024-11-11T00:30:26.476+0100] {processor.py:914} INFO - Processing file /home/sakana/anaconda3/envs/airflow_env/lib/python3.8/site-packages/airflow/example_dags/example_trigger_controller_dag.py for tasks to queue
[2024-11-11T00:30:26.483+0100] {logging_mixin.py:190} INFO - [2024-11-11T00:30:26.481+0100] {dagbag.py:588} INFO - Filling up the DagBag from /home/sakana/anaconda3/envs/airflow_env/lib/python3.8/site-packages/airflow/example_dags/example_trigger_controller_dag.py
[2024-11-11T00:30:26.502+0100] {processor.py:925} INFO - DAG(s) 'example_trigger_controller_dag' retrieved from /home/sakana/anaconda3/envs/airflow_env/lib/python3.8/site-packages/airflow/example_dags/example_trigger_controller_dag.py
[2024-11-11T00:30:26.519+0100] {logging_mixin.py:190} INFO - [2024-11-11T00:30:26.519+0100] {dag.py:3239} INFO - Sync 1 DAGs
[2024-11-11T00:30:26.548+0100] {logging_mixin.py:190} INFO - [2024-11-11T00:30:26.548+0100] {dag.py:4180} INFO - Setting next_dagrun for example_trigger_controller_dag to 2021-01-01 00:00:00+00:00, run_after=2021-01-01 00:00:00+00:00
[2024-11-11T00:30:26.567+0100] {processor.py:208} INFO - Processing /home/sakana/anaconda3/envs/airflow_env/lib/python3.8/site-packages/airflow/example_dags/example_trigger_controller_dag.py took 0.102 seconds
[2024-11-11T00:31:22.998+0100] {processor.py:186} INFO - Started process (PID=7298) to work on /home/sakana/anaconda3/envs/airflow_env/lib/python3.8/site-packages/airflow/example_dags/example_trigger_controller_dag.py
[2024-11-11T00:31:22.999+0100] {processor.py:914} INFO - Processing file /home/sakana/anaconda3/envs/airflow_env/lib/python3.8/site-packages/airflow/example_dags/example_trigger_controller_dag.py for tasks to queue
[2024-11-11T00:31:23.002+0100] {logging_mixin.py:190} INFO - [2024-11-11T00:31:23.001+0100] {dagbag.py:588} INFO - Filling up the DagBag from /home/sakana/anaconda3/envs/airflow_env/lib/python3.8/site-packages/airflow/example_dags/example_trigger_controller_dag.py
[2024-11-11T00:31:23.010+0100] {processor.py:925} INFO - DAG(s) 'example_trigger_controller_dag' retrieved from /home/sakana/anaconda3/envs/airflow_env/lib/python3.8/site-packages/airflow/example_dags/example_trigger_controller_dag.py
[2024-11-11T00:31:23.025+0100] {logging_mixin.py:190} INFO - [2024-11-11T00:31:23.025+0100] {dag.py:3239} INFO - Sync 1 DAGs
[2024-11-11T00:31:23.046+0100] {logging_mixin.py:190} INFO - [2024-11-11T00:31:23.045+0100] {dag.py:4180} INFO - Setting next_dagrun for example_trigger_controller_dag to 2021-01-01 00:00:00+00:00, run_after=2021-01-01 00:00:00+00:00
[2024-11-11T00:31:23.065+0100] {processor.py:208} INFO - Processing /home/sakana/anaconda3/envs/airflow_env/lib/python3.8/site-packages/airflow/example_dags/example_trigger_controller_dag.py took 0.075 seconds
[2024-11-11T00:32:17.359+0100] {processor.py:186} INFO - Started process (PID=7370) to work on /home/sakana/anaconda3/envs/airflow_env/lib/python3.8/site-packages/airflow/example_dags/example_trigger_controller_dag.py
[2024-11-11T00:32:17.363+0100] {processor.py:914} INFO - Processing file /home/sakana/anaconda3/envs/airflow_env/lib/python3.8/site-packages/airflow/example_dags/example_trigger_controller_dag.py for tasks to queue
[2024-11-11T00:32:17.366+0100] {logging_mixin.py:190} INFO - [2024-11-11T00:32:17.366+0100] {dagbag.py:588} INFO - Filling up the DagBag from /home/sakana/anaconda3/envs/airflow_env/lib/python3.8/site-packages/airflow/example_dags/example_trigger_controller_dag.py
[2024-11-11T00:32:17.373+0100] {processor.py:925} INFO - DAG(s) 'example_trigger_controller_dag' retrieved from /home/sakana/anaconda3/envs/airflow_env/lib/python3.8/site-packages/airflow/example_dags/example_trigger_controller_dag.py
[2024-11-11T00:32:17.387+0100] {logging_mixin.py:190} INFO - [2024-11-11T00:32:17.387+0100] {dag.py:3239} INFO - Sync 1 DAGs
[2024-11-11T00:32:17.404+0100] {logging_mixin.py:190} INFO - [2024-11-11T00:32:17.404+0100] {dag.py:4180} INFO - Setting next_dagrun for example_trigger_controller_dag to 2021-01-01 00:00:00+00:00, run_after=2021-01-01 00:00:00+00:00
[2024-11-11T00:32:17.422+0100] {processor.py:208} INFO - Processing /home/sakana/anaconda3/envs/airflow_env/lib/python3.8/site-packages/airflow/example_dags/example_trigger_controller_dag.py took 0.072 seconds
[2024-11-11T00:33:13.376+0100] {processor.py:186} INFO - Started process (PID=7458) to work on /home/sakana/anaconda3/envs/airflow_env/lib/python3.8/site-packages/airflow/example_dags/example_trigger_controller_dag.py
[2024-11-11T00:33:13.381+0100] {processor.py:914} INFO - Processing file /home/sakana/anaconda3/envs/airflow_env/lib/python3.8/site-packages/airflow/example_dags/example_trigger_controller_dag.py for tasks to queue
[2024-11-11T00:33:13.383+0100] {logging_mixin.py:190} INFO - [2024-11-11T00:33:13.382+0100] {dagbag.py:588} INFO - Filling up the DagBag from /home/sakana/anaconda3/envs/airflow_env/lib/python3.8/site-packages/airflow/example_dags/example_trigger_controller_dag.py
[2024-11-11T00:33:13.391+0100] {processor.py:925} INFO - DAG(s) 'example_trigger_controller_dag' retrieved from /home/sakana/anaconda3/envs/airflow_env/lib/python3.8/site-packages/airflow/example_dags/example_trigger_controller_dag.py
[2024-11-11T00:33:13.409+0100] {logging_mixin.py:190} INFO - [2024-11-11T00:33:13.409+0100] {dag.py:3239} INFO - Sync 1 DAGs
[2024-11-11T00:33:13.430+0100] {logging_mixin.py:190} INFO - [2024-11-11T00:33:13.430+0100] {dag.py:4180} INFO - Setting next_dagrun for example_trigger_controller_dag to 2021-01-01 00:00:00+00:00, run_after=2021-01-01 00:00:00+00:00
[2024-11-11T00:33:13.448+0100] {processor.py:208} INFO - Processing /home/sakana/anaconda3/envs/airflow_env/lib/python3.8/site-packages/airflow/example_dags/example_trigger_controller_dag.py took 0.077 seconds
[2024-11-11T00:34:09.585+0100] {processor.py:186} INFO - Started process (PID=7547) to work on /home/sakana/anaconda3/envs/airflow_env/lib/python3.8/site-packages/airflow/example_dags/example_trigger_controller_dag.py
[2024-11-11T00:34:09.591+0100] {processor.py:914} INFO - Processing file /home/sakana/anaconda3/envs/airflow_env/lib/python3.8/site-packages/airflow/example_dags/example_trigger_controller_dag.py for tasks to queue
[2024-11-11T00:34:09.598+0100] {logging_mixin.py:190} INFO - [2024-11-11T00:34:09.597+0100] {dagbag.py:588} INFO - Filling up the DagBag from /home/sakana/anaconda3/envs/airflow_env/lib/python3.8/site-packages/airflow/example_dags/example_trigger_controller_dag.py
[2024-11-11T00:34:09.614+0100] {processor.py:925} INFO - DAG(s) 'example_trigger_controller_dag' retrieved from /home/sakana/anaconda3/envs/airflow_env/lib/python3.8/site-packages/airflow/example_dags/example_trigger_controller_dag.py
[2024-11-11T00:34:09.632+0100] {logging_mixin.py:190} INFO - [2024-11-11T00:34:09.632+0100] {dag.py:3239} INFO - Sync 1 DAGs
[2024-11-11T00:34:09.650+0100] {logging_mixin.py:190} INFO - [2024-11-11T00:34:09.649+0100] {dag.py:4180} INFO - Setting next_dagrun for example_trigger_controller_dag to 2021-01-01 00:00:00+00:00, run_after=2021-01-01 00:00:00+00:00
[2024-11-11T00:34:09.666+0100] {processor.py:208} INFO - Processing /home/sakana/anaconda3/envs/airflow_env/lib/python3.8/site-packages/airflow/example_dags/example_trigger_controller_dag.py took 0.089 seconds
[2024-11-11T00:35:06.865+0100] {processor.py:186} INFO - Started process (PID=7624) to work on /home/sakana/anaconda3/envs/airflow_env/lib/python3.8/site-packages/airflow/example_dags/example_trigger_controller_dag.py
[2024-11-11T00:35:06.871+0100] {processor.py:914} INFO - Processing file /home/sakana/anaconda3/envs/airflow_env/lib/python3.8/site-packages/airflow/example_dags/example_trigger_controller_dag.py for tasks to queue
[2024-11-11T00:35:06.878+0100] {logging_mixin.py:190} INFO - [2024-11-11T00:35:06.877+0100] {dagbag.py:588} INFO - Filling up the DagBag from /home/sakana/anaconda3/envs/airflow_env/lib/python3.8/site-packages/airflow/example_dags/example_trigger_controller_dag.py
[2024-11-11T00:35:06.894+0100] {processor.py:925} INFO - DAG(s) 'example_trigger_controller_dag' retrieved from /home/sakana/anaconda3/envs/airflow_env/lib/python3.8/site-packages/airflow/example_dags/example_trigger_controller_dag.py
[2024-11-11T00:35:06.912+0100] {logging_mixin.py:190} INFO - [2024-11-11T00:35:06.911+0100] {dag.py:3239} INFO - Sync 1 DAGs
[2024-11-11T00:35:06.931+0100] {logging_mixin.py:190} INFO - [2024-11-11T00:35:06.931+0100] {dag.py:4180} INFO - Setting next_dagrun for example_trigger_controller_dag to 2021-01-01 00:00:00+00:00, run_after=2021-01-01 00:00:00+00:00
[2024-11-11T00:35:06.948+0100] {processor.py:208} INFO - Processing /home/sakana/anaconda3/envs/airflow_env/lib/python3.8/site-packages/airflow/example_dags/example_trigger_controller_dag.py took 0.091 seconds
[2024-11-11T00:35:59.530+0100] {processor.py:186} INFO - Started process (PID=7696) to work on /home/sakana/anaconda3/envs/airflow_env/lib/python3.8/site-packages/airflow/example_dags/example_trigger_controller_dag.py
[2024-11-11T00:35:59.535+0100] {processor.py:914} INFO - Processing file /home/sakana/anaconda3/envs/airflow_env/lib/python3.8/site-packages/airflow/example_dags/example_trigger_controller_dag.py for tasks to queue
[2024-11-11T00:35:59.537+0100] {logging_mixin.py:190} INFO - [2024-11-11T00:35:59.537+0100] {dagbag.py:588} INFO - Filling up the DagBag from /home/sakana/anaconda3/envs/airflow_env/lib/python3.8/site-packages/airflow/example_dags/example_trigger_controller_dag.py
[2024-11-11T00:35:59.547+0100] {processor.py:925} INFO - DAG(s) 'example_trigger_controller_dag' retrieved from /home/sakana/anaconda3/envs/airflow_env/lib/python3.8/site-packages/airflow/example_dags/example_trigger_controller_dag.py
[2024-11-11T00:35:59.563+0100] {logging_mixin.py:190} INFO - [2024-11-11T00:35:59.563+0100] {dag.py:3239} INFO - Sync 1 DAGs
[2024-11-11T00:35:59.584+0100] {logging_mixin.py:190} INFO - [2024-11-11T00:35:59.583+0100] {dag.py:4180} INFO - Setting next_dagrun for example_trigger_controller_dag to 2021-01-01 00:00:00+00:00, run_after=2021-01-01 00:00:00+00:00
[2024-11-11T00:35:59.615+0100] {processor.py:208} INFO - Processing /home/sakana/anaconda3/envs/airflow_env/lib/python3.8/site-packages/airflow/example_dags/example_trigger_controller_dag.py took 0.093 seconds
[2024-11-11T00:36:56.430+0100] {processor.py:186} INFO - Started process (PID=7767) to work on /home/sakana/anaconda3/envs/airflow_env/lib/python3.8/site-packages/airflow/example_dags/example_trigger_controller_dag.py
[2024-11-11T00:36:56.435+0100] {processor.py:914} INFO - Processing file /home/sakana/anaconda3/envs/airflow_env/lib/python3.8/site-packages/airflow/example_dags/example_trigger_controller_dag.py for tasks to queue
[2024-11-11T00:36:56.437+0100] {logging_mixin.py:190} INFO - [2024-11-11T00:36:56.437+0100] {dagbag.py:588} INFO - Filling up the DagBag from /home/sakana/anaconda3/envs/airflow_env/lib/python3.8/site-packages/airflow/example_dags/example_trigger_controller_dag.py
[2024-11-11T00:36:56.443+0100] {processor.py:925} INFO - DAG(s) 'example_trigger_controller_dag' retrieved from /home/sakana/anaconda3/envs/airflow_env/lib/python3.8/site-packages/airflow/example_dags/example_trigger_controller_dag.py
[2024-11-11T00:36:56.457+0100] {logging_mixin.py:190} INFO - [2024-11-11T00:36:56.457+0100] {dag.py:3239} INFO - Sync 1 DAGs
[2024-11-11T00:36:56.475+0100] {logging_mixin.py:190} INFO - [2024-11-11T00:36:56.474+0100] {dag.py:4180} INFO - Setting next_dagrun for example_trigger_controller_dag to 2021-01-01 00:00:00+00:00, run_after=2021-01-01 00:00:00+00:00
[2024-11-11T00:36:56.503+0100] {processor.py:208} INFO - Processing /home/sakana/anaconda3/envs/airflow_env/lib/python3.8/site-packages/airflow/example_dags/example_trigger_controller_dag.py took 0.079 seconds
[2024-11-11T00:37:53.139+0100] {processor.py:186} INFO - Started process (PID=7841) to work on /home/sakana/anaconda3/envs/airflow_env/lib/python3.8/site-packages/airflow/example_dags/example_trigger_controller_dag.py
[2024-11-11T00:37:53.143+0100] {processor.py:914} INFO - Processing file /home/sakana/anaconda3/envs/airflow_env/lib/python3.8/site-packages/airflow/example_dags/example_trigger_controller_dag.py for tasks to queue
[2024-11-11T00:37:53.146+0100] {logging_mixin.py:190} INFO - [2024-11-11T00:37:53.146+0100] {dagbag.py:588} INFO - Filling up the DagBag from /home/sakana/anaconda3/envs/airflow_env/lib/python3.8/site-packages/airflow/example_dags/example_trigger_controller_dag.py
[2024-11-11T00:37:53.153+0100] {processor.py:925} INFO - DAG(s) 'example_trigger_controller_dag' retrieved from /home/sakana/anaconda3/envs/airflow_env/lib/python3.8/site-packages/airflow/example_dags/example_trigger_controller_dag.py
[2024-11-11T00:37:53.167+0100] {logging_mixin.py:190} INFO - [2024-11-11T00:37:53.167+0100] {dag.py:3239} INFO - Sync 1 DAGs
[2024-11-11T00:37:53.185+0100] {logging_mixin.py:190} INFO - [2024-11-11T00:37:53.185+0100] {dag.py:4180} INFO - Setting next_dagrun for example_trigger_controller_dag to 2021-01-01 00:00:00+00:00, run_after=2021-01-01 00:00:00+00:00
[2024-11-11T00:37:53.212+0100] {processor.py:208} INFO - Processing /home/sakana/anaconda3/envs/airflow_env/lib/python3.8/site-packages/airflow/example_dags/example_trigger_controller_dag.py took 0.081 seconds
[2024-11-11T00:38:47.337+0100] {processor.py:186} INFO - Started process (PID=7947) to work on /home/sakana/anaconda3/envs/airflow_env/lib/python3.8/site-packages/airflow/example_dags/example_trigger_controller_dag.py
[2024-11-11T00:38:47.343+0100] {processor.py:914} INFO - Processing file /home/sakana/anaconda3/envs/airflow_env/lib/python3.8/site-packages/airflow/example_dags/example_trigger_controller_dag.py for tasks to queue
[2024-11-11T00:38:47.349+0100] {logging_mixin.py:190} INFO - [2024-11-11T00:38:47.348+0100] {dagbag.py:588} INFO - Filling up the DagBag from /home/sakana/anaconda3/envs/airflow_env/lib/python3.8/site-packages/airflow/example_dags/example_trigger_controller_dag.py
[2024-11-11T00:38:47.370+0100] {processor.py:925} INFO - DAG(s) 'example_trigger_controller_dag' retrieved from /home/sakana/anaconda3/envs/airflow_env/lib/python3.8/site-packages/airflow/example_dags/example_trigger_controller_dag.py
[2024-11-11T00:38:47.388+0100] {logging_mixin.py:190} INFO - [2024-11-11T00:38:47.388+0100] {dag.py:3239} INFO - Sync 1 DAGs
[2024-11-11T00:38:47.407+0100] {logging_mixin.py:190} INFO - [2024-11-11T00:38:47.407+0100] {dag.py:4180} INFO - Setting next_dagrun for example_trigger_controller_dag to 2021-01-01 00:00:00+00:00, run_after=2021-01-01 00:00:00+00:00
[2024-11-11T00:38:47.431+0100] {processor.py:208} INFO - Processing /home/sakana/anaconda3/envs/airflow_env/lib/python3.8/site-packages/airflow/example_dags/example_trigger_controller_dag.py took 0.100 seconds
[2024-11-11T00:39:43.711+0100] {processor.py:186} INFO - Started process (PID=8084) to work on /home/sakana/anaconda3/envs/airflow_env/lib/python3.8/site-packages/airflow/example_dags/example_trigger_controller_dag.py
[2024-11-11T00:39:43.713+0100] {processor.py:914} INFO - Processing file /home/sakana/anaconda3/envs/airflow_env/lib/python3.8/site-packages/airflow/example_dags/example_trigger_controller_dag.py for tasks to queue
[2024-11-11T00:39:43.716+0100] {logging_mixin.py:190} INFO - [2024-11-11T00:39:43.715+0100] {dagbag.py:588} INFO - Filling up the DagBag from /home/sakana/anaconda3/envs/airflow_env/lib/python3.8/site-packages/airflow/example_dags/example_trigger_controller_dag.py
[2024-11-11T00:39:43.726+0100] {processor.py:925} INFO - DAG(s) 'example_trigger_controller_dag' retrieved from /home/sakana/anaconda3/envs/airflow_env/lib/python3.8/site-packages/airflow/example_dags/example_trigger_controller_dag.py
[2024-11-11T00:39:43.744+0100] {logging_mixin.py:190} INFO - [2024-11-11T00:39:43.743+0100] {dag.py:3239} INFO - Sync 1 DAGs
[2024-11-11T00:39:43.765+0100] {logging_mixin.py:190} INFO - [2024-11-11T00:39:43.764+0100] {dag.py:4180} INFO - Setting next_dagrun for example_trigger_controller_dag to 2021-01-01 00:00:00+00:00, run_after=2021-01-01 00:00:00+00:00
[2024-11-11T00:39:43.792+0100] {processor.py:208} INFO - Processing /home/sakana/anaconda3/envs/airflow_env/lib/python3.8/site-packages/airflow/example_dags/example_trigger_controller_dag.py took 0.091 seconds
[2024-11-11T00:43:00.150+0100] {processor.py:186} INFO - Started process (PID=8439) to work on /home/sakana/anaconda3/envs/airflow_env/lib/python3.8/site-packages/airflow/example_dags/example_trigger_controller_dag.py
[2024-11-11T00:43:00.155+0100] {processor.py:914} INFO - Processing file /home/sakana/anaconda3/envs/airflow_env/lib/python3.8/site-packages/airflow/example_dags/example_trigger_controller_dag.py for tasks to queue
[2024-11-11T00:43:00.159+0100] {logging_mixin.py:190} INFO - [2024-11-11T00:43:00.158+0100] {dagbag.py:588} INFO - Filling up the DagBag from /home/sakana/anaconda3/envs/airflow_env/lib/python3.8/site-packages/airflow/example_dags/example_trigger_controller_dag.py
[2024-11-11T00:43:00.166+0100] {processor.py:925} INFO - DAG(s) 'example_trigger_controller_dag' retrieved from /home/sakana/anaconda3/envs/airflow_env/lib/python3.8/site-packages/airflow/example_dags/example_trigger_controller_dag.py
[2024-11-11T00:43:00.188+0100] {logging_mixin.py:190} INFO - [2024-11-11T00:43:00.188+0100] {dag.py:3239} INFO - Sync 1 DAGs
[2024-11-11T00:43:00.220+0100] {logging_mixin.py:190} INFO - [2024-11-11T00:43:00.220+0100] {dag.py:4180} INFO - Setting next_dagrun for example_trigger_controller_dag to 2021-01-01 00:00:00+00:00, run_after=2021-01-01 00:00:00+00:00
[2024-11-11T00:43:00.241+0100] {processor.py:208} INFO - Processing /home/sakana/anaconda3/envs/airflow_env/lib/python3.8/site-packages/airflow/example_dags/example_trigger_controller_dag.py took 0.098 seconds
[2024-11-11T00:45:25.585+0100] {processor.py:186} INFO - Started process (PID=8734) to work on /home/sakana/anaconda3/envs/airflow_env/lib/python3.8/site-packages/airflow/example_dags/example_trigger_controller_dag.py
[2024-11-11T00:45:25.587+0100] {processor.py:914} INFO - Processing file /home/sakana/anaconda3/envs/airflow_env/lib/python3.8/site-packages/airflow/example_dags/example_trigger_controller_dag.py for tasks to queue
[2024-11-11T00:45:25.591+0100] {logging_mixin.py:190} INFO - [2024-11-11T00:45:25.590+0100] {dagbag.py:588} INFO - Filling up the DagBag from /home/sakana/anaconda3/envs/airflow_env/lib/python3.8/site-packages/airflow/example_dags/example_trigger_controller_dag.py
[2024-11-11T00:45:25.599+0100] {processor.py:925} INFO - DAG(s) 'example_trigger_controller_dag' retrieved from /home/sakana/anaconda3/envs/airflow_env/lib/python3.8/site-packages/airflow/example_dags/example_trigger_controller_dag.py
[2024-11-11T00:45:25.619+0100] {logging_mixin.py:190} INFO - [2024-11-11T00:45:25.619+0100] {dag.py:3239} INFO - Sync 1 DAGs
[2024-11-11T00:45:25.660+0100] {logging_mixin.py:190} INFO - [2024-11-11T00:45:25.659+0100] {dag.py:4180} INFO - Setting next_dagrun for example_trigger_controller_dag to 2021-01-01 00:00:00+00:00, run_after=2021-01-01 00:00:00+00:00
[2024-11-11T00:45:25.691+0100] {processor.py:208} INFO - Processing /home/sakana/anaconda3/envs/airflow_env/lib/python3.8/site-packages/airflow/example_dags/example_trigger_controller_dag.py took 0.112 seconds
[2024-11-11T00:46:23.060+0100] {processor.py:186} INFO - Started process (PID=8840) to work on /home/sakana/anaconda3/envs/airflow_env/lib/python3.8/site-packages/airflow/example_dags/example_trigger_controller_dag.py
[2024-11-11T00:46:23.066+0100] {processor.py:914} INFO - Processing file /home/sakana/anaconda3/envs/airflow_env/lib/python3.8/site-packages/airflow/example_dags/example_trigger_controller_dag.py for tasks to queue
[2024-11-11T00:46:23.072+0100] {logging_mixin.py:190} INFO - [2024-11-11T00:46:23.071+0100] {dagbag.py:588} INFO - Filling up the DagBag from /home/sakana/anaconda3/envs/airflow_env/lib/python3.8/site-packages/airflow/example_dags/example_trigger_controller_dag.py
[2024-11-11T00:46:23.092+0100] {processor.py:925} INFO - DAG(s) 'example_trigger_controller_dag' retrieved from /home/sakana/anaconda3/envs/airflow_env/lib/python3.8/site-packages/airflow/example_dags/example_trigger_controller_dag.py
[2024-11-11T00:46:23.111+0100] {logging_mixin.py:190} INFO - [2024-11-11T00:46:23.111+0100] {dag.py:3239} INFO - Sync 1 DAGs
[2024-11-11T00:46:23.133+0100] {logging_mixin.py:190} INFO - [2024-11-11T00:46:23.132+0100] {dag.py:4180} INFO - Setting next_dagrun for example_trigger_controller_dag to 2021-01-01 00:00:00+00:00, run_after=2021-01-01 00:00:00+00:00
[2024-11-11T00:46:23.152+0100] {processor.py:208} INFO - Processing /home/sakana/anaconda3/envs/airflow_env/lib/python3.8/site-packages/airflow/example_dags/example_trigger_controller_dag.py took 0.098 seconds
[2024-11-11T00:47:17.919+0100] {processor.py:186} INFO - Started process (PID=8924) to work on /home/sakana/anaconda3/envs/airflow_env/lib/python3.8/site-packages/airflow/example_dags/example_trigger_controller_dag.py
[2024-11-11T00:47:17.924+0100] {processor.py:914} INFO - Processing file /home/sakana/anaconda3/envs/airflow_env/lib/python3.8/site-packages/airflow/example_dags/example_trigger_controller_dag.py for tasks to queue
[2024-11-11T00:47:17.926+0100] {logging_mixin.py:190} INFO - [2024-11-11T00:47:17.926+0100] {dagbag.py:588} INFO - Filling up the DagBag from /home/sakana/anaconda3/envs/airflow_env/lib/python3.8/site-packages/airflow/example_dags/example_trigger_controller_dag.py
[2024-11-11T00:47:17.933+0100] {processor.py:925} INFO - DAG(s) 'example_trigger_controller_dag' retrieved from /home/sakana/anaconda3/envs/airflow_env/lib/python3.8/site-packages/airflow/example_dags/example_trigger_controller_dag.py
[2024-11-11T00:47:17.947+0100] {logging_mixin.py:190} INFO - [2024-11-11T00:47:17.946+0100] {dag.py:3239} INFO - Sync 1 DAGs
[2024-11-11T00:47:17.964+0100] {logging_mixin.py:190} INFO - [2024-11-11T00:47:17.964+0100] {dag.py:4180} INFO - Setting next_dagrun for example_trigger_controller_dag to 2021-01-01 00:00:00+00:00, run_after=2021-01-01 00:00:00+00:00
[2024-11-11T00:47:17.981+0100] {processor.py:208} INFO - Processing /home/sakana/anaconda3/envs/airflow_env/lib/python3.8/site-packages/airflow/example_dags/example_trigger_controller_dag.py took 0.069 seconds
[2024-11-11T00:48:14.451+0100] {processor.py:186} INFO - Started process (PID=9011) to work on /home/sakana/anaconda3/envs/airflow_env/lib/python3.8/site-packages/airflow/example_dags/example_trigger_controller_dag.py
[2024-11-11T00:48:14.456+0100] {processor.py:914} INFO - Processing file /home/sakana/anaconda3/envs/airflow_env/lib/python3.8/site-packages/airflow/example_dags/example_trigger_controller_dag.py for tasks to queue
[2024-11-11T00:48:14.458+0100] {logging_mixin.py:190} INFO - [2024-11-11T00:48:14.457+0100] {dagbag.py:588} INFO - Filling up the DagBag from /home/sakana/anaconda3/envs/airflow_env/lib/python3.8/site-packages/airflow/example_dags/example_trigger_controller_dag.py
[2024-11-11T00:48:14.464+0100] {processor.py:925} INFO - DAG(s) 'example_trigger_controller_dag' retrieved from /home/sakana/anaconda3/envs/airflow_env/lib/python3.8/site-packages/airflow/example_dags/example_trigger_controller_dag.py
[2024-11-11T00:48:14.478+0100] {logging_mixin.py:190} INFO - [2024-11-11T00:48:14.478+0100] {dag.py:3239} INFO - Sync 1 DAGs
[2024-11-11T00:48:14.498+0100] {logging_mixin.py:190} INFO - [2024-11-11T00:48:14.497+0100] {dag.py:4180} INFO - Setting next_dagrun for example_trigger_controller_dag to 2021-01-01 00:00:00+00:00, run_after=2021-01-01 00:00:00+00:00
[2024-11-11T00:48:14.529+0100] {processor.py:208} INFO - Processing /home/sakana/anaconda3/envs/airflow_env/lib/python3.8/site-packages/airflow/example_dags/example_trigger_controller_dag.py took 0.084 seconds
[2024-11-11T00:49:12.164+0100] {processor.py:186} INFO - Started process (PID=9153) to work on /home/sakana/anaconda3/envs/airflow_env/lib/python3.8/site-packages/airflow/example_dags/example_trigger_controller_dag.py
[2024-11-11T00:49:12.165+0100] {processor.py:914} INFO - Processing file /home/sakana/anaconda3/envs/airflow_env/lib/python3.8/site-packages/airflow/example_dags/example_trigger_controller_dag.py for tasks to queue
[2024-11-11T00:49:12.167+0100] {logging_mixin.py:190} INFO - [2024-11-11T00:49:12.166+0100] {dagbag.py:588} INFO - Filling up the DagBag from /home/sakana/anaconda3/envs/airflow_env/lib/python3.8/site-packages/airflow/example_dags/example_trigger_controller_dag.py
[2024-11-11T00:49:12.177+0100] {processor.py:925} INFO - DAG(s) 'example_trigger_controller_dag' retrieved from /home/sakana/anaconda3/envs/airflow_env/lib/python3.8/site-packages/airflow/example_dags/example_trigger_controller_dag.py
[2024-11-11T00:49:12.197+0100] {logging_mixin.py:190} INFO - [2024-11-11T00:49:12.197+0100] {dag.py:3239} INFO - Sync 1 DAGs
[2024-11-11T00:49:12.221+0100] {logging_mixin.py:190} INFO - [2024-11-11T00:49:12.221+0100] {dag.py:4180} INFO - Setting next_dagrun for example_trigger_controller_dag to 2021-01-01 00:00:00+00:00, run_after=2021-01-01 00:00:00+00:00
[2024-11-11T00:49:12.243+0100] {processor.py:208} INFO - Processing /home/sakana/anaconda3/envs/airflow_env/lib/python3.8/site-packages/airflow/example_dags/example_trigger_controller_dag.py took 0.087 seconds
[2024-11-11T00:50:11.335+0100] {processor.py:186} INFO - Started process (PID=9470) to work on /home/sakana/anaconda3/envs/airflow_env/lib/python3.8/site-packages/airflow/example_dags/example_trigger_controller_dag.py
[2024-11-11T00:50:11.339+0100] {processor.py:914} INFO - Processing file /home/sakana/anaconda3/envs/airflow_env/lib/python3.8/site-packages/airflow/example_dags/example_trigger_controller_dag.py for tasks to queue
[2024-11-11T00:50:11.342+0100] {logging_mixin.py:190} INFO - [2024-11-11T00:50:11.341+0100] {dagbag.py:588} INFO - Filling up the DagBag from /home/sakana/anaconda3/envs/airflow_env/lib/python3.8/site-packages/airflow/example_dags/example_trigger_controller_dag.py
[2024-11-11T00:50:11.349+0100] {processor.py:925} INFO - DAG(s) 'example_trigger_controller_dag' retrieved from /home/sakana/anaconda3/envs/airflow_env/lib/python3.8/site-packages/airflow/example_dags/example_trigger_controller_dag.py
[2024-11-11T00:50:11.365+0100] {logging_mixin.py:190} INFO - [2024-11-11T00:50:11.365+0100] {dag.py:3239} INFO - Sync 1 DAGs
[2024-11-11T00:50:11.391+0100] {logging_mixin.py:190} INFO - [2024-11-11T00:50:11.391+0100] {dag.py:4180} INFO - Setting next_dagrun for example_trigger_controller_dag to 2021-01-01 00:00:00+00:00, run_after=2021-01-01 00:00:00+00:00
[2024-11-11T00:50:11.414+0100] {processor.py:208} INFO - Processing /home/sakana/anaconda3/envs/airflow_env/lib/python3.8/site-packages/airflow/example_dags/example_trigger_controller_dag.py took 0.087 seconds
[2024-11-11T00:51:11.638+0100] {processor.py:186} INFO - Started process (PID=9545) to work on /home/sakana/anaconda3/envs/airflow_env/lib/python3.8/site-packages/airflow/example_dags/example_trigger_controller_dag.py
[2024-11-11T00:51:11.643+0100] {processor.py:914} INFO - Processing file /home/sakana/anaconda3/envs/airflow_env/lib/python3.8/site-packages/airflow/example_dags/example_trigger_controller_dag.py for tasks to queue
[2024-11-11T00:51:11.645+0100] {logging_mixin.py:190} INFO - [2024-11-11T00:51:11.645+0100] {dagbag.py:588} INFO - Filling up the DagBag from /home/sakana/anaconda3/envs/airflow_env/lib/python3.8/site-packages/airflow/example_dags/example_trigger_controller_dag.py
[2024-11-11T00:51:11.653+0100] {processor.py:925} INFO - DAG(s) 'example_trigger_controller_dag' retrieved from /home/sakana/anaconda3/envs/airflow_env/lib/python3.8/site-packages/airflow/example_dags/example_trigger_controller_dag.py
[2024-11-11T00:51:11.670+0100] {logging_mixin.py:190} INFO - [2024-11-11T00:51:11.669+0100] {dag.py:3239} INFO - Sync 1 DAGs
[2024-11-11T00:51:11.694+0100] {logging_mixin.py:190} INFO - [2024-11-11T00:51:11.693+0100] {dag.py:4180} INFO - Setting next_dagrun for example_trigger_controller_dag to 2021-01-01 00:00:00+00:00, run_after=2021-01-01 00:00:00+00:00
[2024-11-11T00:51:11.718+0100] {processor.py:208} INFO - Processing /home/sakana/anaconda3/envs/airflow_env/lib/python3.8/site-packages/airflow/example_dags/example_trigger_controller_dag.py took 0.089 seconds
[2024-11-11T00:52:08.279+0100] {processor.py:186} INFO - Started process (PID=9645) to work on /home/sakana/anaconda3/envs/airflow_env/lib/python3.8/site-packages/airflow/example_dags/example_trigger_controller_dag.py
[2024-11-11T00:52:08.281+0100] {processor.py:914} INFO - Processing file /home/sakana/anaconda3/envs/airflow_env/lib/python3.8/site-packages/airflow/example_dags/example_trigger_controller_dag.py for tasks to queue
[2024-11-11T00:52:08.285+0100] {logging_mixin.py:190} INFO - [2024-11-11T00:52:08.285+0100] {dagbag.py:588} INFO - Filling up the DagBag from /home/sakana/anaconda3/envs/airflow_env/lib/python3.8/site-packages/airflow/example_dags/example_trigger_controller_dag.py
[2024-11-11T00:52:08.297+0100] {processor.py:925} INFO - DAG(s) 'example_trigger_controller_dag' retrieved from /home/sakana/anaconda3/envs/airflow_env/lib/python3.8/site-packages/airflow/example_dags/example_trigger_controller_dag.py
[2024-11-11T00:52:08.314+0100] {logging_mixin.py:190} INFO - [2024-11-11T00:52:08.314+0100] {dag.py:3239} INFO - Sync 1 DAGs
[2024-11-11T00:52:08.335+0100] {logging_mixin.py:190} INFO - [2024-11-11T00:52:08.335+0100] {dag.py:4180} INFO - Setting next_dagrun for example_trigger_controller_dag to 2021-01-01 00:00:00+00:00, run_after=2021-01-01 00:00:00+00:00
[2024-11-11T00:52:08.358+0100] {processor.py:208} INFO - Processing /home/sakana/anaconda3/envs/airflow_env/lib/python3.8/site-packages/airflow/example_dags/example_trigger_controller_dag.py took 0.091 seconds
[2024-11-11T00:53:06.415+0100] {processor.py:186} INFO - Started process (PID=9846) to work on /home/sakana/anaconda3/envs/airflow_env/lib/python3.8/site-packages/airflow/example_dags/example_trigger_controller_dag.py
[2024-11-11T00:53:06.416+0100] {processor.py:914} INFO - Processing file /home/sakana/anaconda3/envs/airflow_env/lib/python3.8/site-packages/airflow/example_dags/example_trigger_controller_dag.py for tasks to queue
[2024-11-11T00:53:06.418+0100] {logging_mixin.py:190} INFO - [2024-11-11T00:53:06.417+0100] {dagbag.py:588} INFO - Filling up the DagBag from /home/sakana/anaconda3/envs/airflow_env/lib/python3.8/site-packages/airflow/example_dags/example_trigger_controller_dag.py
[2024-11-11T00:53:06.425+0100] {processor.py:925} INFO - DAG(s) 'example_trigger_controller_dag' retrieved from /home/sakana/anaconda3/envs/airflow_env/lib/python3.8/site-packages/airflow/example_dags/example_trigger_controller_dag.py
[2024-11-11T00:53:06.444+0100] {logging_mixin.py:190} INFO - [2024-11-11T00:53:06.444+0100] {dag.py:3239} INFO - Sync 1 DAGs
[2024-11-11T00:53:06.476+0100] {logging_mixin.py:190} INFO - [2024-11-11T00:53:06.475+0100] {dag.py:4180} INFO - Setting next_dagrun for example_trigger_controller_dag to 2021-01-01 00:00:00+00:00, run_after=2021-01-01 00:00:00+00:00
[2024-11-11T00:53:06.516+0100] {processor.py:208} INFO - Processing /home/sakana/anaconda3/envs/airflow_env/lib/python3.8/site-packages/airflow/example_dags/example_trigger_controller_dag.py took 0.109 seconds
[2024-11-11T00:54:04.139+0100] {processor.py:186} INFO - Started process (PID=9922) to work on /home/sakana/anaconda3/envs/airflow_env/lib/python3.8/site-packages/airflow/example_dags/example_trigger_controller_dag.py
[2024-11-11T00:54:04.145+0100] {processor.py:914} INFO - Processing file /home/sakana/anaconda3/envs/airflow_env/lib/python3.8/site-packages/airflow/example_dags/example_trigger_controller_dag.py for tasks to queue
[2024-11-11T00:54:04.151+0100] {logging_mixin.py:190} INFO - [2024-11-11T00:54:04.150+0100] {dagbag.py:588} INFO - Filling up the DagBag from /home/sakana/anaconda3/envs/airflow_env/lib/python3.8/site-packages/airflow/example_dags/example_trigger_controller_dag.py
[2024-11-11T00:54:04.164+0100] {processor.py:925} INFO - DAG(s) 'example_trigger_controller_dag' retrieved from /home/sakana/anaconda3/envs/airflow_env/lib/python3.8/site-packages/airflow/example_dags/example_trigger_controller_dag.py
[2024-11-11T00:54:04.180+0100] {logging_mixin.py:190} INFO - [2024-11-11T00:54:04.180+0100] {dag.py:3239} INFO - Sync 1 DAGs
[2024-11-11T00:54:04.197+0100] {logging_mixin.py:190} INFO - [2024-11-11T00:54:04.197+0100] {dag.py:4180} INFO - Setting next_dagrun for example_trigger_controller_dag to 2021-01-01 00:00:00+00:00, run_after=2021-01-01 00:00:00+00:00
[2024-11-11T00:54:04.222+0100] {processor.py:208} INFO - Processing /home/sakana/anaconda3/envs/airflow_env/lib/python3.8/site-packages/airflow/example_dags/example_trigger_controller_dag.py took 0.097 seconds
