[2024-11-11T00:25:49.029+0100] {processor.py:186} INFO - Started process (PID=6703) to work on /home/sakana/anaconda3/envs/airflow_env/lib/python3.8/site-packages/airflow/example_dags/example_subdag_operator.py
[2024-11-11T00:25:49.030+0100] {processor.py:914} INFO - Processing file /home/sakana/anaconda3/envs/airflow_env/lib/python3.8/site-packages/airflow/example_dags/example_subdag_operator.py for tasks to queue
[2024-11-11T00:25:49.032+0100] {logging_mixin.py:190} INFO - [2024-11-11T00:25:49.031+0100] {dagbag.py:588} INFO - Filling up the DagBag from /home/sakana/anaconda3/envs/airflow_env/lib/python3.8/site-packages/airflow/example_dags/example_subdag_operator.py
[2024-11-11T00:25:49.054+0100] {processor.py:925} INFO - DAG(s) 'example_subdag_operator.section-1', 'example_subdag_operator.section-2', 'example_subdag_operator' retrieved from /home/sakana/anaconda3/envs/airflow_env/lib/python3.8/site-packages/airflow/example_dags/example_subdag_operator.py
[2024-11-11T00:25:49.172+0100] {logging_mixin.py:190} INFO - [2024-11-11T00:25:49.172+0100] {override.py:1901} INFO - Created Permission View: can edit on DAG:example_subdag_operator
[2024-11-11T00:25:49.190+0100] {logging_mixin.py:190} INFO - [2024-11-11T00:25:49.190+0100] {override.py:1901} INFO - Created Permission View: can read on DAG:example_subdag_operator
[2024-11-11T00:25:49.205+0100] {logging_mixin.py:190} INFO - [2024-11-11T00:25:49.205+0100] {override.py:1901} INFO - Created Permission View: can delete on DAG:example_subdag_operator
[2024-11-11T00:25:49.231+0100] {logging_mixin.py:190} INFO - [2024-11-11T00:25:49.230+0100] {override.py:1901} INFO - Created Permission View: can create on DAG Run:example_subdag_operator
[2024-11-11T00:25:49.263+0100] {logging_mixin.py:190} INFO - [2024-11-11T00:25:49.262+0100] {override.py:1901} INFO - Created Permission View: can read on DAG Run:example_subdag_operator
[2024-11-11T00:25:49.278+0100] {logging_mixin.py:190} INFO - [2024-11-11T00:25:49.278+0100] {override.py:1901} INFO - Created Permission View: can delete on DAG Run:example_subdag_operator
[2024-11-11T00:25:49.295+0100] {logging_mixin.py:190} INFO - [2024-11-11T00:25:49.295+0100] {override.py:1901} INFO - Created Permission View: menu access on DAG Run:example_subdag_operator
[2024-11-11T00:25:49.296+0100] {logging_mixin.py:190} INFO - [2024-11-11T00:25:49.296+0100] {dag.py:3239} INFO - Sync 3 DAGs
[2024-11-11T00:25:49.309+0100] {logging_mixin.py:190} INFO - [2024-11-11T00:25:49.309+0100] {dag.py:3262} INFO - Creating ORM DAG for example_subdag_operator.section-1
[2024-11-11T00:25:49.310+0100] {logging_mixin.py:190} INFO - [2024-11-11T00:25:49.309+0100] {dag.py:3262} INFO - Creating ORM DAG for example_subdag_operator.section-2
[2024-11-11T00:25:49.310+0100] {logging_mixin.py:190} INFO - [2024-11-11T00:25:49.310+0100] {dag.py:3262} INFO - Creating ORM DAG for example_subdag_operator
[2024-11-11T00:25:49.319+0100] {logging_mixin.py:190} INFO - [2024-11-11T00:25:49.319+0100] {dag.py:4180} INFO - Setting next_dagrun for example_subdag_operator to 2022-01-01 00:00:00+00:00, run_after=2022-01-01 00:00:00+00:00
[2024-11-11T00:25:49.320+0100] {logging_mixin.py:190} INFO - [2024-11-11T00:25:49.319+0100] {dag.py:4180} INFO - Setting next_dagrun for example_subdag_operator.section-1 to None, run_after=None
[2024-11-11T00:25:49.320+0100] {logging_mixin.py:190} INFO - [2024-11-11T00:25:49.320+0100] {dag.py:4180} INFO - Setting next_dagrun for example_subdag_operator.section-2 to None, run_after=None
[2024-11-11T00:25:49.326+0100] {logging_mixin.py:190} INFO - [2024-11-11T00:25:49.326+0100] {dag.py:3239} INFO - Sync 2 DAGs
[2024-11-11T00:25:49.330+0100] {logging_mixin.py:190} INFO - [2024-11-11T00:25:49.329+0100] {dag.py:4180} INFO - Setting next_dagrun for example_subdag_operator.section-1 to None, run_after=None
[2024-11-11T00:25:49.331+0100] {logging_mixin.py:190} INFO - [2024-11-11T00:25:49.331+0100] {dag.py:4180} INFO - Setting next_dagrun for example_subdag_operator.section-2 to None, run_after=None
[2024-11-11T00:25:49.354+0100] {processor.py:208} INFO - Processing /home/sakana/anaconda3/envs/airflow_env/lib/python3.8/site-packages/airflow/example_dags/example_subdag_operator.py took 0.334 seconds
[2024-11-11T00:26:57.384+0100] {processor.py:186} INFO - Started process (PID=6899) to work on /home/sakana/anaconda3/envs/airflow_env/lib/python3.8/site-packages/airflow/example_dags/example_subdag_operator.py
[2024-11-11T00:26:57.389+0100] {processor.py:914} INFO - Processing file /home/sakana/anaconda3/envs/airflow_env/lib/python3.8/site-packages/airflow/example_dags/example_subdag_operator.py for tasks to queue
[2024-11-11T00:26:57.391+0100] {logging_mixin.py:190} INFO - [2024-11-11T00:26:57.391+0100] {dagbag.py:588} INFO - Filling up the DagBag from /home/sakana/anaconda3/envs/airflow_env/lib/python3.8/site-packages/airflow/example_dags/example_subdag_operator.py
[2024-11-11T00:26:57.413+0100] {processor.py:925} INFO - DAG(s) 'example_subdag_operator.section-1', 'example_subdag_operator.section-2', 'example_subdag_operator' retrieved from /home/sakana/anaconda3/envs/airflow_env/lib/python3.8/site-packages/airflow/example_dags/example_subdag_operator.py
[2024-11-11T00:26:57.427+0100] {logging_mixin.py:190} INFO - [2024-11-11T00:26:57.427+0100] {dag.py:3239} INFO - Sync 3 DAGs
[2024-11-11T00:26:57.444+0100] {logging_mixin.py:190} INFO - [2024-11-11T00:26:57.443+0100] {dag.py:4180} INFO - Setting next_dagrun for example_subdag_operator to 2022-01-01 00:00:00+00:00, run_after=2022-01-01 00:00:00+00:00
[2024-11-11T00:26:57.447+0100] {logging_mixin.py:190} INFO - [2024-11-11T00:26:57.447+0100] {dag.py:4180} INFO - Setting next_dagrun for example_subdag_operator.section-1 to None, run_after=None
[2024-11-11T00:26:57.448+0100] {logging_mixin.py:190} INFO - [2024-11-11T00:26:57.448+0100] {dag.py:4180} INFO - Setting next_dagrun for example_subdag_operator.section-2 to None, run_after=None
[2024-11-11T00:26:57.455+0100] {logging_mixin.py:190} INFO - [2024-11-11T00:26:57.455+0100] {dag.py:3239} INFO - Sync 2 DAGs
[2024-11-11T00:26:57.460+0100] {logging_mixin.py:190} INFO - [2024-11-11T00:26:57.460+0100] {dag.py:4180} INFO - Setting next_dagrun for example_subdag_operator.section-1 to None, run_after=None
[2024-11-11T00:26:57.461+0100] {logging_mixin.py:190} INFO - [2024-11-11T00:26:57.461+0100] {dag.py:4180} INFO - Setting next_dagrun for example_subdag_operator.section-2 to None, run_after=None
[2024-11-11T00:26:57.484+0100] {processor.py:208} INFO - Processing /home/sakana/anaconda3/envs/airflow_env/lib/python3.8/site-packages/airflow/example_dags/example_subdag_operator.py took 0.107 seconds
[2024-11-11T00:27:52.461+0100] {processor.py:186} INFO - Started process (PID=6979) to work on /home/sakana/anaconda3/envs/airflow_env/lib/python3.8/site-packages/airflow/example_dags/example_subdag_operator.py
[2024-11-11T00:27:52.463+0100] {processor.py:914} INFO - Processing file /home/sakana/anaconda3/envs/airflow_env/lib/python3.8/site-packages/airflow/example_dags/example_subdag_operator.py for tasks to queue
[2024-11-11T00:27:52.466+0100] {logging_mixin.py:190} INFO - [2024-11-11T00:27:52.466+0100] {dagbag.py:588} INFO - Filling up the DagBag from /home/sakana/anaconda3/envs/airflow_env/lib/python3.8/site-packages/airflow/example_dags/example_subdag_operator.py
[2024-11-11T00:27:52.490+0100] {processor.py:925} INFO - DAG(s) 'example_subdag_operator.section-1', 'example_subdag_operator.section-2', 'example_subdag_operator' retrieved from /home/sakana/anaconda3/envs/airflow_env/lib/python3.8/site-packages/airflow/example_dags/example_subdag_operator.py
[2024-11-11T00:27:52.508+0100] {logging_mixin.py:190} INFO - [2024-11-11T00:27:52.507+0100] {dag.py:3239} INFO - Sync 3 DAGs
[2024-11-11T00:27:52.526+0100] {logging_mixin.py:190} INFO - [2024-11-11T00:27:52.526+0100] {dag.py:4180} INFO - Setting next_dagrun for example_subdag_operator to 2022-01-01 00:00:00+00:00, run_after=2022-01-01 00:00:00+00:00
[2024-11-11T00:27:52.530+0100] {logging_mixin.py:190} INFO - [2024-11-11T00:27:52.530+0100] {dag.py:4180} INFO - Setting next_dagrun for example_subdag_operator.section-1 to None, run_after=None
[2024-11-11T00:27:52.531+0100] {logging_mixin.py:190} INFO - [2024-11-11T00:27:52.531+0100] {dag.py:4180} INFO - Setting next_dagrun for example_subdag_operator.section-2 to None, run_after=None
[2024-11-11T00:27:52.538+0100] {logging_mixin.py:190} INFO - [2024-11-11T00:27:52.538+0100] {dag.py:3239} INFO - Sync 2 DAGs
[2024-11-11T00:27:52.543+0100] {logging_mixin.py:190} INFO - [2024-11-11T00:27:52.543+0100] {dag.py:4180} INFO - Setting next_dagrun for example_subdag_operator.section-1 to None, run_after=None
[2024-11-11T00:27:52.543+0100] {logging_mixin.py:190} INFO - [2024-11-11T00:27:52.543+0100] {dag.py:4180} INFO - Setting next_dagrun for example_subdag_operator.section-2 to None, run_after=None
[2024-11-11T00:27:52.555+0100] {processor.py:208} INFO - Processing /home/sakana/anaconda3/envs/airflow_env/lib/python3.8/site-packages/airflow/example_dags/example_subdag_operator.py took 0.108 seconds
[2024-11-11T00:28:48.790+0100] {processor.py:186} INFO - Started process (PID=7079) to work on /home/sakana/anaconda3/envs/airflow_env/lib/python3.8/site-packages/airflow/example_dags/example_subdag_operator.py
[2024-11-11T00:28:48.796+0100] {processor.py:914} INFO - Processing file /home/sakana/anaconda3/envs/airflow_env/lib/python3.8/site-packages/airflow/example_dags/example_subdag_operator.py for tasks to queue
[2024-11-11T00:28:48.803+0100] {logging_mixin.py:190} INFO - [2024-11-11T00:28:48.801+0100] {dagbag.py:588} INFO - Filling up the DagBag from /home/sakana/anaconda3/envs/airflow_env/lib/python3.8/site-packages/airflow/example_dags/example_subdag_operator.py
[2024-11-11T00:28:48.839+0100] {processor.py:925} INFO - DAG(s) 'example_subdag_operator.section-1', 'example_subdag_operator.section-2', 'example_subdag_operator' retrieved from /home/sakana/anaconda3/envs/airflow_env/lib/python3.8/site-packages/airflow/example_dags/example_subdag_operator.py
[2024-11-11T00:28:48.854+0100] {logging_mixin.py:190} INFO - [2024-11-11T00:28:48.854+0100] {dag.py:3239} INFO - Sync 3 DAGs
[2024-11-11T00:28:48.871+0100] {logging_mixin.py:190} INFO - [2024-11-11T00:28:48.871+0100] {dag.py:4180} INFO - Setting next_dagrun for example_subdag_operator to 2022-01-01 00:00:00+00:00, run_after=2022-01-01 00:00:00+00:00
[2024-11-11T00:28:48.874+0100] {logging_mixin.py:190} INFO - [2024-11-11T00:28:48.874+0100] {dag.py:4180} INFO - Setting next_dagrun for example_subdag_operator.section-1 to None, run_after=None
[2024-11-11T00:28:48.875+0100] {logging_mixin.py:190} INFO - [2024-11-11T00:28:48.874+0100] {dag.py:4180} INFO - Setting next_dagrun for example_subdag_operator.section-2 to None, run_after=None
[2024-11-11T00:28:48.880+0100] {logging_mixin.py:190} INFO - [2024-11-11T00:28:48.879+0100] {dag.py:3239} INFO - Sync 2 DAGs
[2024-11-11T00:28:48.883+0100] {logging_mixin.py:190} INFO - [2024-11-11T00:28:48.883+0100] {dag.py:4180} INFO - Setting next_dagrun for example_subdag_operator.section-1 to None, run_after=None
[2024-11-11T00:28:48.883+0100] {logging_mixin.py:190} INFO - [2024-11-11T00:28:48.883+0100] {dag.py:4180} INFO - Setting next_dagrun for example_subdag_operator.section-2 to None, run_after=None
[2024-11-11T00:28:48.895+0100] {processor.py:208} INFO - Processing /home/sakana/anaconda3/envs/airflow_env/lib/python3.8/site-packages/airflow/example_dags/example_subdag_operator.py took 0.115 seconds
[2024-11-11T00:29:44.239+0100] {processor.py:186} INFO - Started process (PID=7159) to work on /home/sakana/anaconda3/envs/airflow_env/lib/python3.8/site-packages/airflow/example_dags/example_subdag_operator.py
[2024-11-11T00:29:44.245+0100] {processor.py:914} INFO - Processing file /home/sakana/anaconda3/envs/airflow_env/lib/python3.8/site-packages/airflow/example_dags/example_subdag_operator.py for tasks to queue
[2024-11-11T00:29:44.250+0100] {logging_mixin.py:190} INFO - [2024-11-11T00:29:44.248+0100] {dagbag.py:588} INFO - Filling up the DagBag from /home/sakana/anaconda3/envs/airflow_env/lib/python3.8/site-packages/airflow/example_dags/example_subdag_operator.py
[2024-11-11T00:29:44.278+0100] {processor.py:925} INFO - DAG(s) 'example_subdag_operator.section-1', 'example_subdag_operator.section-2', 'example_subdag_operator' retrieved from /home/sakana/anaconda3/envs/airflow_env/lib/python3.8/site-packages/airflow/example_dags/example_subdag_operator.py
[2024-11-11T00:29:44.292+0100] {logging_mixin.py:190} INFO - [2024-11-11T00:29:44.291+0100] {dag.py:3239} INFO - Sync 3 DAGs
[2024-11-11T00:29:44.309+0100] {logging_mixin.py:190} INFO - [2024-11-11T00:29:44.309+0100] {dag.py:4180} INFO - Setting next_dagrun for example_subdag_operator to 2022-01-01 00:00:00+00:00, run_after=2022-01-01 00:00:00+00:00
[2024-11-11T00:29:44.313+0100] {logging_mixin.py:190} INFO - [2024-11-11T00:29:44.312+0100] {dag.py:4180} INFO - Setting next_dagrun for example_subdag_operator.section-1 to None, run_after=None
[2024-11-11T00:29:44.314+0100] {logging_mixin.py:190} INFO - [2024-11-11T00:29:44.314+0100] {dag.py:4180} INFO - Setting next_dagrun for example_subdag_operator.section-2 to None, run_after=None
[2024-11-11T00:29:44.321+0100] {logging_mixin.py:190} INFO - [2024-11-11T00:29:44.321+0100] {dag.py:3239} INFO - Sync 2 DAGs
[2024-11-11T00:29:44.326+0100] {logging_mixin.py:190} INFO - [2024-11-11T00:29:44.326+0100] {dag.py:4180} INFO - Setting next_dagrun for example_subdag_operator.section-1 to None, run_after=None
[2024-11-11T00:29:44.326+0100] {logging_mixin.py:190} INFO - [2024-11-11T00:29:44.326+0100] {dag.py:4180} INFO - Setting next_dagrun for example_subdag_operator.section-2 to None, run_after=None
[2024-11-11T00:29:44.337+0100] {processor.py:208} INFO - Processing /home/sakana/anaconda3/envs/airflow_env/lib/python3.8/site-packages/airflow/example_dags/example_subdag_operator.py took 0.112 seconds
[2024-11-11T00:30:37.873+0100] {processor.py:186} INFO - Started process (PID=7238) to work on /home/sakana/anaconda3/envs/airflow_env/lib/python3.8/site-packages/airflow/example_dags/example_subdag_operator.py
[2024-11-11T00:30:37.879+0100] {processor.py:914} INFO - Processing file /home/sakana/anaconda3/envs/airflow_env/lib/python3.8/site-packages/airflow/example_dags/example_subdag_operator.py for tasks to queue
[2024-11-11T00:30:37.883+0100] {logging_mixin.py:190} INFO - [2024-11-11T00:30:37.882+0100] {dagbag.py:588} INFO - Filling up the DagBag from /home/sakana/anaconda3/envs/airflow_env/lib/python3.8/site-packages/airflow/example_dags/example_subdag_operator.py
[2024-11-11T00:30:37.915+0100] {processor.py:925} INFO - DAG(s) 'example_subdag_operator.section-1', 'example_subdag_operator.section-2', 'example_subdag_operator' retrieved from /home/sakana/anaconda3/envs/airflow_env/lib/python3.8/site-packages/airflow/example_dags/example_subdag_operator.py
[2024-11-11T00:30:37.928+0100] {logging_mixin.py:190} INFO - [2024-11-11T00:30:37.928+0100] {dag.py:3239} INFO - Sync 3 DAGs
[2024-11-11T00:30:37.946+0100] {logging_mixin.py:190} INFO - [2024-11-11T00:30:37.946+0100] {dag.py:4180} INFO - Setting next_dagrun for example_subdag_operator to 2022-01-01 00:00:00+00:00, run_after=2022-01-01 00:00:00+00:00
[2024-11-11T00:30:37.949+0100] {logging_mixin.py:190} INFO - [2024-11-11T00:30:37.948+0100] {dag.py:4180} INFO - Setting next_dagrun for example_subdag_operator.section-1 to None, run_after=None
[2024-11-11T00:30:37.949+0100] {logging_mixin.py:190} INFO - [2024-11-11T00:30:37.949+0100] {dag.py:4180} INFO - Setting next_dagrun for example_subdag_operator.section-2 to None, run_after=None
[2024-11-11T00:30:37.954+0100] {logging_mixin.py:190} INFO - [2024-11-11T00:30:37.954+0100] {dag.py:3239} INFO - Sync 2 DAGs
[2024-11-11T00:30:37.958+0100] {logging_mixin.py:190} INFO - [2024-11-11T00:30:37.957+0100] {dag.py:4180} INFO - Setting next_dagrun for example_subdag_operator.section-1 to None, run_after=None
[2024-11-11T00:30:37.958+0100] {logging_mixin.py:190} INFO - [2024-11-11T00:30:37.958+0100] {dag.py:4180} INFO - Setting next_dagrun for example_subdag_operator.section-2 to None, run_after=None
[2024-11-11T00:30:37.968+0100] {processor.py:208} INFO - Processing /home/sakana/anaconda3/envs/airflow_env/lib/python3.8/site-packages/airflow/example_dags/example_subdag_operator.py took 0.105 seconds
[2024-11-11T00:31:34.663+0100] {processor.py:186} INFO - Started process (PID=7314) to work on /home/sakana/anaconda3/envs/airflow_env/lib/python3.8/site-packages/airflow/example_dags/example_subdag_operator.py
[2024-11-11T00:31:34.669+0100] {processor.py:914} INFO - Processing file /home/sakana/anaconda3/envs/airflow_env/lib/python3.8/site-packages/airflow/example_dags/example_subdag_operator.py for tasks to queue
[2024-11-11T00:31:34.675+0100] {logging_mixin.py:190} INFO - [2024-11-11T00:31:34.674+0100] {dagbag.py:588} INFO - Filling up the DagBag from /home/sakana/anaconda3/envs/airflow_env/lib/python3.8/site-packages/airflow/example_dags/example_subdag_operator.py
[2024-11-11T00:31:34.712+0100] {processor.py:925} INFO - DAG(s) 'example_subdag_operator.section-1', 'example_subdag_operator.section-2', 'example_subdag_operator' retrieved from /home/sakana/anaconda3/envs/airflow_env/lib/python3.8/site-packages/airflow/example_dags/example_subdag_operator.py
[2024-11-11T00:31:34.729+0100] {logging_mixin.py:190} INFO - [2024-11-11T00:31:34.728+0100] {dag.py:3239} INFO - Sync 3 DAGs
[2024-11-11T00:31:34.746+0100] {logging_mixin.py:190} INFO - [2024-11-11T00:31:34.746+0100] {dag.py:4180} INFO - Setting next_dagrun for example_subdag_operator to 2022-01-01 00:00:00+00:00, run_after=2022-01-01 00:00:00+00:00
[2024-11-11T00:31:34.749+0100] {logging_mixin.py:190} INFO - [2024-11-11T00:31:34.749+0100] {dag.py:4180} INFO - Setting next_dagrun for example_subdag_operator.section-1 to None, run_after=None
[2024-11-11T00:31:34.750+0100] {logging_mixin.py:190} INFO - [2024-11-11T00:31:34.750+0100] {dag.py:4180} INFO - Setting next_dagrun for example_subdag_operator.section-2 to None, run_after=None
[2024-11-11T00:31:34.755+0100] {logging_mixin.py:190} INFO - [2024-11-11T00:31:34.754+0100] {dag.py:3239} INFO - Sync 2 DAGs
[2024-11-11T00:31:34.758+0100] {logging_mixin.py:190} INFO - [2024-11-11T00:31:34.758+0100] {dag.py:4180} INFO - Setting next_dagrun for example_subdag_operator.section-1 to None, run_after=None
[2024-11-11T00:31:34.759+0100] {logging_mixin.py:190} INFO - [2024-11-11T00:31:34.759+0100] {dag.py:4180} INFO - Setting next_dagrun for example_subdag_operator.section-2 to None, run_after=None
[2024-11-11T00:31:34.778+0100] {processor.py:208} INFO - Processing /home/sakana/anaconda3/envs/airflow_env/lib/python3.8/site-packages/airflow/example_dags/example_subdag_operator.py took 0.122 seconds
[2024-11-11T00:32:29.831+0100] {processor.py:186} INFO - Started process (PID=7387) to work on /home/sakana/anaconda3/envs/airflow_env/lib/python3.8/site-packages/airflow/example_dags/example_subdag_operator.py
[2024-11-11T00:32:29.836+0100] {processor.py:914} INFO - Processing file /home/sakana/anaconda3/envs/airflow_env/lib/python3.8/site-packages/airflow/example_dags/example_subdag_operator.py for tasks to queue
[2024-11-11T00:32:29.838+0100] {logging_mixin.py:190} INFO - [2024-11-11T00:32:29.838+0100] {dagbag.py:588} INFO - Filling up the DagBag from /home/sakana/anaconda3/envs/airflow_env/lib/python3.8/site-packages/airflow/example_dags/example_subdag_operator.py
[2024-11-11T00:32:29.861+0100] {processor.py:925} INFO - DAG(s) 'example_subdag_operator.section-1', 'example_subdag_operator.section-2', 'example_subdag_operator' retrieved from /home/sakana/anaconda3/envs/airflow_env/lib/python3.8/site-packages/airflow/example_dags/example_subdag_operator.py
[2024-11-11T00:32:29.876+0100] {logging_mixin.py:190} INFO - [2024-11-11T00:32:29.876+0100] {dag.py:3239} INFO - Sync 3 DAGs
[2024-11-11T00:32:29.894+0100] {logging_mixin.py:190} INFO - [2024-11-11T00:32:29.893+0100] {dag.py:4180} INFO - Setting next_dagrun for example_subdag_operator to 2022-01-01 00:00:00+00:00, run_after=2022-01-01 00:00:00+00:00
[2024-11-11T00:32:29.896+0100] {logging_mixin.py:190} INFO - [2024-11-11T00:32:29.896+0100] {dag.py:4180} INFO - Setting next_dagrun for example_subdag_operator.section-1 to None, run_after=None
[2024-11-11T00:32:29.897+0100] {logging_mixin.py:190} INFO - [2024-11-11T00:32:29.897+0100] {dag.py:4180} INFO - Setting next_dagrun for example_subdag_operator.section-2 to None, run_after=None
[2024-11-11T00:32:29.902+0100] {logging_mixin.py:190} INFO - [2024-11-11T00:32:29.901+0100] {dag.py:3239} INFO - Sync 2 DAGs
[2024-11-11T00:32:29.905+0100] {logging_mixin.py:190} INFO - [2024-11-11T00:32:29.905+0100] {dag.py:4180} INFO - Setting next_dagrun for example_subdag_operator.section-1 to None, run_after=None
[2024-11-11T00:32:29.905+0100] {logging_mixin.py:190} INFO - [2024-11-11T00:32:29.905+0100] {dag.py:4180} INFO - Setting next_dagrun for example_subdag_operator.section-2 to None, run_after=None
[2024-11-11T00:32:29.919+0100] {processor.py:208} INFO - Processing /home/sakana/anaconda3/envs/airflow_env/lib/python3.8/site-packages/airflow/example_dags/example_subdag_operator.py took 0.094 seconds
[2024-11-11T00:33:25.449+0100] {processor.py:186} INFO - Started process (PID=7476) to work on /home/sakana/anaconda3/envs/airflow_env/lib/python3.8/site-packages/airflow/example_dags/example_subdag_operator.py
[2024-11-11T00:33:25.454+0100] {processor.py:914} INFO - Processing file /home/sakana/anaconda3/envs/airflow_env/lib/python3.8/site-packages/airflow/example_dags/example_subdag_operator.py for tasks to queue
[2024-11-11T00:33:25.462+0100] {logging_mixin.py:190} INFO - [2024-11-11T00:33:25.461+0100] {dagbag.py:588} INFO - Filling up the DagBag from /home/sakana/anaconda3/envs/airflow_env/lib/python3.8/site-packages/airflow/example_dags/example_subdag_operator.py
[2024-11-11T00:33:25.500+0100] {processor.py:925} INFO - DAG(s) 'example_subdag_operator.section-1', 'example_subdag_operator.section-2', 'example_subdag_operator' retrieved from /home/sakana/anaconda3/envs/airflow_env/lib/python3.8/site-packages/airflow/example_dags/example_subdag_operator.py
[2024-11-11T00:33:25.516+0100] {logging_mixin.py:190} INFO - [2024-11-11T00:33:25.516+0100] {dag.py:3239} INFO - Sync 3 DAGs
[2024-11-11T00:33:25.534+0100] {logging_mixin.py:190} INFO - [2024-11-11T00:33:25.534+0100] {dag.py:4180} INFO - Setting next_dagrun for example_subdag_operator to 2022-01-01 00:00:00+00:00, run_after=2022-01-01 00:00:00+00:00
[2024-11-11T00:33:25.537+0100] {logging_mixin.py:190} INFO - [2024-11-11T00:33:25.537+0100] {dag.py:4180} INFO - Setting next_dagrun for example_subdag_operator.section-1 to None, run_after=None
[2024-11-11T00:33:25.538+0100] {logging_mixin.py:190} INFO - [2024-11-11T00:33:25.538+0100] {dag.py:4180} INFO - Setting next_dagrun for example_subdag_operator.section-2 to None, run_after=None
[2024-11-11T00:33:25.542+0100] {logging_mixin.py:190} INFO - [2024-11-11T00:33:25.542+0100] {dag.py:3239} INFO - Sync 2 DAGs
[2024-11-11T00:33:25.546+0100] {logging_mixin.py:190} INFO - [2024-11-11T00:33:25.546+0100] {dag.py:4180} INFO - Setting next_dagrun for example_subdag_operator.section-1 to None, run_after=None
[2024-11-11T00:33:25.546+0100] {logging_mixin.py:190} INFO - [2024-11-11T00:33:25.546+0100] {dag.py:4180} INFO - Setting next_dagrun for example_subdag_operator.section-2 to None, run_after=None
[2024-11-11T00:33:25.559+0100] {processor.py:208} INFO - Processing /home/sakana/anaconda3/envs/airflow_env/lib/python3.8/site-packages/airflow/example_dags/example_subdag_operator.py took 0.117 seconds
[2024-11-11T00:34:21.721+0100] {processor.py:186} INFO - Started process (PID=7562) to work on /home/sakana/anaconda3/envs/airflow_env/lib/python3.8/site-packages/airflow/example_dags/example_subdag_operator.py
[2024-11-11T00:34:21.727+0100] {processor.py:914} INFO - Processing file /home/sakana/anaconda3/envs/airflow_env/lib/python3.8/site-packages/airflow/example_dags/example_subdag_operator.py for tasks to queue
[2024-11-11T00:34:21.733+0100] {logging_mixin.py:190} INFO - [2024-11-11T00:34:21.732+0100] {dagbag.py:588} INFO - Filling up the DagBag from /home/sakana/anaconda3/envs/airflow_env/lib/python3.8/site-packages/airflow/example_dags/example_subdag_operator.py
[2024-11-11T00:34:21.769+0100] {processor.py:925} INFO - DAG(s) 'example_subdag_operator.section-1', 'example_subdag_operator.section-2', 'example_subdag_operator' retrieved from /home/sakana/anaconda3/envs/airflow_env/lib/python3.8/site-packages/airflow/example_dags/example_subdag_operator.py
[2024-11-11T00:34:21.783+0100] {logging_mixin.py:190} INFO - [2024-11-11T00:34:21.783+0100] {dag.py:3239} INFO - Sync 3 DAGs
[2024-11-11T00:34:21.801+0100] {logging_mixin.py:190} INFO - [2024-11-11T00:34:21.801+0100] {dag.py:4180} INFO - Setting next_dagrun for example_subdag_operator to 2022-01-01 00:00:00+00:00, run_after=2022-01-01 00:00:00+00:00
[2024-11-11T00:34:21.806+0100] {logging_mixin.py:190} INFO - [2024-11-11T00:34:21.806+0100] {dag.py:4180} INFO - Setting next_dagrun for example_subdag_operator.section-1 to None, run_after=None
[2024-11-11T00:34:21.807+0100] {logging_mixin.py:190} INFO - [2024-11-11T00:34:21.807+0100] {dag.py:4180} INFO - Setting next_dagrun for example_subdag_operator.section-2 to None, run_after=None
[2024-11-11T00:34:21.814+0100] {logging_mixin.py:190} INFO - [2024-11-11T00:34:21.813+0100] {dag.py:3239} INFO - Sync 2 DAGs
[2024-11-11T00:34:21.818+0100] {logging_mixin.py:190} INFO - [2024-11-11T00:34:21.817+0100] {dag.py:4180} INFO - Setting next_dagrun for example_subdag_operator.section-1 to None, run_after=None
[2024-11-11T00:34:21.818+0100] {logging_mixin.py:190} INFO - [2024-11-11T00:34:21.818+0100] {dag.py:4180} INFO - Setting next_dagrun for example_subdag_operator.section-2 to None, run_after=None
[2024-11-11T00:34:21.829+0100] {processor.py:208} INFO - Processing /home/sakana/anaconda3/envs/airflow_env/lib/python3.8/site-packages/airflow/example_dags/example_subdag_operator.py took 0.116 seconds
[2024-11-11T00:35:18.115+0100] {processor.py:186} INFO - Started process (PID=7640) to work on /home/sakana/anaconda3/envs/airflow_env/lib/python3.8/site-packages/airflow/example_dags/example_subdag_operator.py
[2024-11-11T00:35:18.120+0100] {processor.py:914} INFO - Processing file /home/sakana/anaconda3/envs/airflow_env/lib/python3.8/site-packages/airflow/example_dags/example_subdag_operator.py for tasks to queue
[2024-11-11T00:35:18.127+0100] {logging_mixin.py:190} INFO - [2024-11-11T00:35:18.125+0100] {dagbag.py:588} INFO - Filling up the DagBag from /home/sakana/anaconda3/envs/airflow_env/lib/python3.8/site-packages/airflow/example_dags/example_subdag_operator.py
[2024-11-11T00:35:18.163+0100] {processor.py:925} INFO - DAG(s) 'example_subdag_operator.section-1', 'example_subdag_operator.section-2', 'example_subdag_operator' retrieved from /home/sakana/anaconda3/envs/airflow_env/lib/python3.8/site-packages/airflow/example_dags/example_subdag_operator.py
[2024-11-11T00:35:18.179+0100] {logging_mixin.py:190} INFO - [2024-11-11T00:35:18.179+0100] {dag.py:3239} INFO - Sync 3 DAGs
[2024-11-11T00:35:18.201+0100] {logging_mixin.py:190} INFO - [2024-11-11T00:35:18.201+0100] {dag.py:4180} INFO - Setting next_dagrun for example_subdag_operator to 2022-01-01 00:00:00+00:00, run_after=2022-01-01 00:00:00+00:00
[2024-11-11T00:35:18.205+0100] {logging_mixin.py:190} INFO - [2024-11-11T00:35:18.205+0100] {dag.py:4180} INFO - Setting next_dagrun for example_subdag_operator.section-1 to None, run_after=None
[2024-11-11T00:35:18.206+0100] {logging_mixin.py:190} INFO - [2024-11-11T00:35:18.206+0100] {dag.py:4180} INFO - Setting next_dagrun for example_subdag_operator.section-2 to None, run_after=None
[2024-11-11T00:35:18.211+0100] {logging_mixin.py:190} INFO - [2024-11-11T00:35:18.211+0100] {dag.py:3239} INFO - Sync 2 DAGs
[2024-11-11T00:35:18.214+0100] {logging_mixin.py:190} INFO - [2024-11-11T00:35:18.214+0100] {dag.py:4180} INFO - Setting next_dagrun for example_subdag_operator.section-1 to None, run_after=None
[2024-11-11T00:35:18.215+0100] {logging_mixin.py:190} INFO - [2024-11-11T00:35:18.215+0100] {dag.py:4180} INFO - Setting next_dagrun for example_subdag_operator.section-2 to None, run_after=None
[2024-11-11T00:35:18.227+0100] {processor.py:208} INFO - Processing /home/sakana/anaconda3/envs/airflow_env/lib/python3.8/site-packages/airflow/example_dags/example_subdag_operator.py took 0.121 seconds
[2024-11-11T00:36:11.306+0100] {processor.py:186} INFO - Started process (PID=7712) to work on /home/sakana/anaconda3/envs/airflow_env/lib/python3.8/site-packages/airflow/example_dags/example_subdag_operator.py
[2024-11-11T00:36:11.312+0100] {processor.py:914} INFO - Processing file /home/sakana/anaconda3/envs/airflow_env/lib/python3.8/site-packages/airflow/example_dags/example_subdag_operator.py for tasks to queue
[2024-11-11T00:36:11.315+0100] {logging_mixin.py:190} INFO - [2024-11-11T00:36:11.314+0100] {dagbag.py:588} INFO - Filling up the DagBag from /home/sakana/anaconda3/envs/airflow_env/lib/python3.8/site-packages/airflow/example_dags/example_subdag_operator.py
[2024-11-11T00:36:11.342+0100] {processor.py:925} INFO - DAG(s) 'example_subdag_operator.section-1', 'example_subdag_operator.section-2', 'example_subdag_operator' retrieved from /home/sakana/anaconda3/envs/airflow_env/lib/python3.8/site-packages/airflow/example_dags/example_subdag_operator.py
[2024-11-11T00:36:11.358+0100] {logging_mixin.py:190} INFO - [2024-11-11T00:36:11.357+0100] {dag.py:3239} INFO - Sync 3 DAGs
[2024-11-11T00:36:11.378+0100] {logging_mixin.py:190} INFO - [2024-11-11T00:36:11.377+0100] {dag.py:4180} INFO - Setting next_dagrun for example_subdag_operator to 2022-01-01 00:00:00+00:00, run_after=2022-01-01 00:00:00+00:00
[2024-11-11T00:36:11.380+0100] {logging_mixin.py:190} INFO - [2024-11-11T00:36:11.380+0100] {dag.py:4180} INFO - Setting next_dagrun for example_subdag_operator.section-1 to None, run_after=None
[2024-11-11T00:36:11.381+0100] {logging_mixin.py:190} INFO - [2024-11-11T00:36:11.381+0100] {dag.py:4180} INFO - Setting next_dagrun for example_subdag_operator.section-2 to None, run_after=None
[2024-11-11T00:36:11.387+0100] {logging_mixin.py:190} INFO - [2024-11-11T00:36:11.387+0100] {dag.py:3239} INFO - Sync 2 DAGs
[2024-11-11T00:36:11.391+0100] {logging_mixin.py:190} INFO - [2024-11-11T00:36:11.391+0100] {dag.py:4180} INFO - Setting next_dagrun for example_subdag_operator.section-1 to None, run_after=None
[2024-11-11T00:36:11.391+0100] {logging_mixin.py:190} INFO - [2024-11-11T00:36:11.391+0100] {dag.py:4180} INFO - Setting next_dagrun for example_subdag_operator.section-2 to None, run_after=None
[2024-11-11T00:36:11.409+0100] {processor.py:208} INFO - Processing /home/sakana/anaconda3/envs/airflow_env/lib/python3.8/site-packages/airflow/example_dags/example_subdag_operator.py took 0.111 seconds
[2024-11-11T00:37:08.963+0100] {processor.py:186} INFO - Started process (PID=7783) to work on /home/sakana/anaconda3/envs/airflow_env/lib/python3.8/site-packages/airflow/example_dags/example_subdag_operator.py
[2024-11-11T00:37:08.969+0100] {processor.py:914} INFO - Processing file /home/sakana/anaconda3/envs/airflow_env/lib/python3.8/site-packages/airflow/example_dags/example_subdag_operator.py for tasks to queue
[2024-11-11T00:37:08.973+0100] {logging_mixin.py:190} INFO - [2024-11-11T00:37:08.972+0100] {dagbag.py:588} INFO - Filling up the DagBag from /home/sakana/anaconda3/envs/airflow_env/lib/python3.8/site-packages/airflow/example_dags/example_subdag_operator.py
[2024-11-11T00:37:09.005+0100] {processor.py:925} INFO - DAG(s) 'example_subdag_operator.section-1', 'example_subdag_operator.section-2', 'example_subdag_operator' retrieved from /home/sakana/anaconda3/envs/airflow_env/lib/python3.8/site-packages/airflow/example_dags/example_subdag_operator.py
[2024-11-11T00:37:09.019+0100] {logging_mixin.py:190} INFO - [2024-11-11T00:37:09.018+0100] {dag.py:3239} INFO - Sync 3 DAGs
[2024-11-11T00:37:09.038+0100] {logging_mixin.py:190} INFO - [2024-11-11T00:37:09.037+0100] {dag.py:4180} INFO - Setting next_dagrun for example_subdag_operator to 2022-01-01 00:00:00+00:00, run_after=2022-01-01 00:00:00+00:00
[2024-11-11T00:37:09.040+0100] {logging_mixin.py:190} INFO - [2024-11-11T00:37:09.040+0100] {dag.py:4180} INFO - Setting next_dagrun for example_subdag_operator.section-1 to None, run_after=None
[2024-11-11T00:37:09.041+0100] {logging_mixin.py:190} INFO - [2024-11-11T00:37:09.041+0100] {dag.py:4180} INFO - Setting next_dagrun for example_subdag_operator.section-2 to None, run_after=None
[2024-11-11T00:37:09.046+0100] {logging_mixin.py:190} INFO - [2024-11-11T00:37:09.045+0100] {dag.py:3239} INFO - Sync 2 DAGs
[2024-11-11T00:37:09.049+0100] {logging_mixin.py:190} INFO - [2024-11-11T00:37:09.049+0100] {dag.py:4180} INFO - Setting next_dagrun for example_subdag_operator.section-1 to None, run_after=None
[2024-11-11T00:37:09.049+0100] {logging_mixin.py:190} INFO - [2024-11-11T00:37:09.049+0100] {dag.py:4180} INFO - Setting next_dagrun for example_subdag_operator.section-2 to None, run_after=None
[2024-11-11T00:37:09.068+0100] {processor.py:208} INFO - Processing /home/sakana/anaconda3/envs/airflow_env/lib/python3.8/site-packages/airflow/example_dags/example_subdag_operator.py took 0.116 seconds
[2024-11-11T00:38:05.811+0100] {processor.py:186} INFO - Started process (PID=7861) to work on /home/sakana/anaconda3/envs/airflow_env/lib/python3.8/site-packages/airflow/example_dags/example_subdag_operator.py
[2024-11-11T00:38:05.817+0100] {processor.py:914} INFO - Processing file /home/sakana/anaconda3/envs/airflow_env/lib/python3.8/site-packages/airflow/example_dags/example_subdag_operator.py for tasks to queue
[2024-11-11T00:38:05.820+0100] {logging_mixin.py:190} INFO - [2024-11-11T00:38:05.820+0100] {dagbag.py:588} INFO - Filling up the DagBag from /home/sakana/anaconda3/envs/airflow_env/lib/python3.8/site-packages/airflow/example_dags/example_subdag_operator.py
[2024-11-11T00:38:05.846+0100] {processor.py:925} INFO - DAG(s) 'example_subdag_operator.section-1', 'example_subdag_operator.section-2', 'example_subdag_operator' retrieved from /home/sakana/anaconda3/envs/airflow_env/lib/python3.8/site-packages/airflow/example_dags/example_subdag_operator.py
[2024-11-11T00:38:05.860+0100] {logging_mixin.py:190} INFO - [2024-11-11T00:38:05.860+0100] {dag.py:3239} INFO - Sync 3 DAGs
[2024-11-11T00:38:05.877+0100] {logging_mixin.py:190} INFO - [2024-11-11T00:38:05.877+0100] {dag.py:4180} INFO - Setting next_dagrun for example_subdag_operator to 2022-01-01 00:00:00+00:00, run_after=2022-01-01 00:00:00+00:00
[2024-11-11T00:38:05.882+0100] {logging_mixin.py:190} INFO - [2024-11-11T00:38:05.882+0100] {dag.py:4180} INFO - Setting next_dagrun for example_subdag_operator.section-1 to None, run_after=None
[2024-11-11T00:38:05.883+0100] {logging_mixin.py:190} INFO - [2024-11-11T00:38:05.883+0100] {dag.py:4180} INFO - Setting next_dagrun for example_subdag_operator.section-2 to None, run_after=None
[2024-11-11T00:38:05.890+0100] {logging_mixin.py:190} INFO - [2024-11-11T00:38:05.889+0100] {dag.py:3239} INFO - Sync 2 DAGs
[2024-11-11T00:38:05.894+0100] {logging_mixin.py:190} INFO - [2024-11-11T00:38:05.893+0100] {dag.py:4180} INFO - Setting next_dagrun for example_subdag_operator.section-1 to None, run_after=None
[2024-11-11T00:38:05.894+0100] {logging_mixin.py:190} INFO - [2024-11-11T00:38:05.894+0100] {dag.py:4180} INFO - Setting next_dagrun for example_subdag_operator.section-2 to None, run_after=None
[2024-11-11T00:38:05.911+0100] {processor.py:208} INFO - Processing /home/sakana/anaconda3/envs/airflow_env/lib/python3.8/site-packages/airflow/example_dags/example_subdag_operator.py took 0.111 seconds
[2024-11-11T00:38:59.262+0100] {processor.py:186} INFO - Started process (PID=7962) to work on /home/sakana/anaconda3/envs/airflow_env/lib/python3.8/site-packages/airflow/example_dags/example_subdag_operator.py
[2024-11-11T00:38:59.267+0100] {processor.py:914} INFO - Processing file /home/sakana/anaconda3/envs/airflow_env/lib/python3.8/site-packages/airflow/example_dags/example_subdag_operator.py for tasks to queue
[2024-11-11T00:38:59.270+0100] {logging_mixin.py:190} INFO - [2024-11-11T00:38:59.270+0100] {dagbag.py:588} INFO - Filling up the DagBag from /home/sakana/anaconda3/envs/airflow_env/lib/python3.8/site-packages/airflow/example_dags/example_subdag_operator.py
[2024-11-11T00:38:59.295+0100] {processor.py:925} INFO - DAG(s) 'example_subdag_operator.section-1', 'example_subdag_operator.section-2', 'example_subdag_operator' retrieved from /home/sakana/anaconda3/envs/airflow_env/lib/python3.8/site-packages/airflow/example_dags/example_subdag_operator.py
[2024-11-11T00:38:59.310+0100] {logging_mixin.py:190} INFO - [2024-11-11T00:38:59.309+0100] {dag.py:3239} INFO - Sync 3 DAGs
[2024-11-11T00:38:59.326+0100] {logging_mixin.py:190} INFO - [2024-11-11T00:38:59.326+0100] {dag.py:4180} INFO - Setting next_dagrun for example_subdag_operator to 2022-01-01 00:00:00+00:00, run_after=2022-01-01 00:00:00+00:00
[2024-11-11T00:38:59.329+0100] {logging_mixin.py:190} INFO - [2024-11-11T00:38:59.329+0100] {dag.py:4180} INFO - Setting next_dagrun for example_subdag_operator.section-1 to None, run_after=None
[2024-11-11T00:38:59.330+0100] {logging_mixin.py:190} INFO - [2024-11-11T00:38:59.330+0100] {dag.py:4180} INFO - Setting next_dagrun for example_subdag_operator.section-2 to None, run_after=None
[2024-11-11T00:38:59.335+0100] {logging_mixin.py:190} INFO - [2024-11-11T00:38:59.334+0100] {dag.py:3239} INFO - Sync 2 DAGs
[2024-11-11T00:38:59.338+0100] {logging_mixin.py:190} INFO - [2024-11-11T00:38:59.338+0100] {dag.py:4180} INFO - Setting next_dagrun for example_subdag_operator.section-1 to None, run_after=None
[2024-11-11T00:38:59.339+0100] {logging_mixin.py:190} INFO - [2024-11-11T00:38:59.339+0100] {dag.py:4180} INFO - Setting next_dagrun for example_subdag_operator.section-2 to None, run_after=None
[2024-11-11T00:38:59.358+0100] {processor.py:208} INFO - Processing /home/sakana/anaconda3/envs/airflow_env/lib/python3.8/site-packages/airflow/example_dags/example_subdag_operator.py took 0.102 seconds
[2024-11-11T00:39:55.272+0100] {processor.py:186} INFO - Started process (PID=8117) to work on /home/sakana/anaconda3/envs/airflow_env/lib/python3.8/site-packages/airflow/example_dags/example_subdag_operator.py
[2024-11-11T00:39:55.273+0100] {processor.py:914} INFO - Processing file /home/sakana/anaconda3/envs/airflow_env/lib/python3.8/site-packages/airflow/example_dags/example_subdag_operator.py for tasks to queue
[2024-11-11T00:39:55.275+0100] {logging_mixin.py:190} INFO - [2024-11-11T00:39:55.274+0100] {dagbag.py:588} INFO - Filling up the DagBag from /home/sakana/anaconda3/envs/airflow_env/lib/python3.8/site-packages/airflow/example_dags/example_subdag_operator.py
[2024-11-11T00:39:55.300+0100] {processor.py:925} INFO - DAG(s) 'example_subdag_operator.section-1', 'example_subdag_operator.section-2', 'example_subdag_operator' retrieved from /home/sakana/anaconda3/envs/airflow_env/lib/python3.8/site-packages/airflow/example_dags/example_subdag_operator.py
[2024-11-11T00:39:55.316+0100] {logging_mixin.py:190} INFO - [2024-11-11T00:39:55.315+0100] {dag.py:3239} INFO - Sync 3 DAGs
[2024-11-11T00:39:55.348+0100] {logging_mixin.py:190} INFO - [2024-11-11T00:39:55.348+0100] {dag.py:4180} INFO - Setting next_dagrun for example_subdag_operator to 2022-01-01 00:00:00+00:00, run_after=2022-01-01 00:00:00+00:00
[2024-11-11T00:39:55.352+0100] {logging_mixin.py:190} INFO - [2024-11-11T00:39:55.352+0100] {dag.py:4180} INFO - Setting next_dagrun for example_subdag_operator.section-1 to None, run_after=None
[2024-11-11T00:39:55.354+0100] {logging_mixin.py:190} INFO - [2024-11-11T00:39:55.354+0100] {dag.py:4180} INFO - Setting next_dagrun for example_subdag_operator.section-2 to None, run_after=None
[2024-11-11T00:39:55.361+0100] {logging_mixin.py:190} INFO - [2024-11-11T00:39:55.361+0100] {dag.py:3239} INFO - Sync 2 DAGs
[2024-11-11T00:39:55.365+0100] {logging_mixin.py:190} INFO - [2024-11-11T00:39:55.365+0100] {dag.py:4180} INFO - Setting next_dagrun for example_subdag_operator.section-1 to None, run_after=None
[2024-11-11T00:39:55.365+0100] {logging_mixin.py:190} INFO - [2024-11-11T00:39:55.365+0100] {dag.py:4180} INFO - Setting next_dagrun for example_subdag_operator.section-2 to None, run_after=None
[2024-11-11T00:39:55.392+0100] {processor.py:208} INFO - Processing /home/sakana/anaconda3/envs/airflow_env/lib/python3.8/site-packages/airflow/example_dags/example_subdag_operator.py took 0.127 seconds
[2024-11-11T00:43:11.959+0100] {processor.py:186} INFO - Started process (PID=8504) to work on /home/sakana/anaconda3/envs/airflow_env/lib/python3.8/site-packages/airflow/example_dags/example_subdag_operator.py
[2024-11-11T00:43:11.964+0100] {processor.py:914} INFO - Processing file /home/sakana/anaconda3/envs/airflow_env/lib/python3.8/site-packages/airflow/example_dags/example_subdag_operator.py for tasks to queue
[2024-11-11T00:43:11.967+0100] {logging_mixin.py:190} INFO - [2024-11-11T00:43:11.966+0100] {dagbag.py:588} INFO - Filling up the DagBag from /home/sakana/anaconda3/envs/airflow_env/lib/python3.8/site-packages/airflow/example_dags/example_subdag_operator.py
[2024-11-11T00:43:11.993+0100] {processor.py:925} INFO - DAG(s) 'example_subdag_operator.section-1', 'example_subdag_operator.section-2', 'example_subdag_operator' retrieved from /home/sakana/anaconda3/envs/airflow_env/lib/python3.8/site-packages/airflow/example_dags/example_subdag_operator.py
[2024-11-11T00:43:12.015+0100] {logging_mixin.py:190} INFO - [2024-11-11T00:43:12.014+0100] {dag.py:3239} INFO - Sync 3 DAGs
[2024-11-11T00:43:12.033+0100] {logging_mixin.py:190} INFO - [2024-11-11T00:43:12.033+0100] {dag.py:4180} INFO - Setting next_dagrun for example_subdag_operator to 2022-01-01 00:00:00+00:00, run_after=2022-01-01 00:00:00+00:00
[2024-11-11T00:43:12.036+0100] {logging_mixin.py:190} INFO - [2024-11-11T00:43:12.036+0100] {dag.py:4180} INFO - Setting next_dagrun for example_subdag_operator.section-1 to None, run_after=None
[2024-11-11T00:43:12.037+0100] {logging_mixin.py:190} INFO - [2024-11-11T00:43:12.037+0100] {dag.py:4180} INFO - Setting next_dagrun for example_subdag_operator.section-2 to None, run_after=None
[2024-11-11T00:43:12.042+0100] {logging_mixin.py:190} INFO - [2024-11-11T00:43:12.042+0100] {dag.py:3239} INFO - Sync 2 DAGs
[2024-11-11T00:43:12.045+0100] {logging_mixin.py:190} INFO - [2024-11-11T00:43:12.045+0100] {dag.py:4180} INFO - Setting next_dagrun for example_subdag_operator.section-1 to None, run_after=None
[2024-11-11T00:43:12.046+0100] {logging_mixin.py:190} INFO - [2024-11-11T00:43:12.046+0100] {dag.py:4180} INFO - Setting next_dagrun for example_subdag_operator.section-2 to None, run_after=None
[2024-11-11T00:43:12.056+0100] {processor.py:208} INFO - Processing /home/sakana/anaconda3/envs/airflow_env/lib/python3.8/site-packages/airflow/example_dags/example_subdag_operator.py took 0.105 seconds
[2024-11-11T00:45:37.503+0100] {processor.py:186} INFO - Started process (PID=8764) to work on /home/sakana/anaconda3/envs/airflow_env/lib/python3.8/site-packages/airflow/example_dags/example_subdag_operator.py
[2024-11-11T00:45:37.505+0100] {processor.py:914} INFO - Processing file /home/sakana/anaconda3/envs/airflow_env/lib/python3.8/site-packages/airflow/example_dags/example_subdag_operator.py for tasks to queue
[2024-11-11T00:45:37.508+0100] {logging_mixin.py:190} INFO - [2024-11-11T00:45:37.508+0100] {dagbag.py:588} INFO - Filling up the DagBag from /home/sakana/anaconda3/envs/airflow_env/lib/python3.8/site-packages/airflow/example_dags/example_subdag_operator.py
[2024-11-11T00:45:37.539+0100] {processor.py:925} INFO - DAG(s) 'example_subdag_operator.section-1', 'example_subdag_operator.section-2', 'example_subdag_operator' retrieved from /home/sakana/anaconda3/envs/airflow_env/lib/python3.8/site-packages/airflow/example_dags/example_subdag_operator.py
[2024-11-11T00:45:37.566+0100] {logging_mixin.py:190} INFO - [2024-11-11T00:45:37.566+0100] {dag.py:3239} INFO - Sync 3 DAGs
[2024-11-11T00:45:37.600+0100] {logging_mixin.py:190} INFO - [2024-11-11T00:45:37.600+0100] {dag.py:4180} INFO - Setting next_dagrun for example_subdag_operator to 2022-01-01 00:00:00+00:00, run_after=2022-01-01 00:00:00+00:00
[2024-11-11T00:45:37.607+0100] {logging_mixin.py:190} INFO - [2024-11-11T00:45:37.607+0100] {dag.py:4180} INFO - Setting next_dagrun for example_subdag_operator.section-1 to None, run_after=None
[2024-11-11T00:45:37.611+0100] {logging_mixin.py:190} INFO - [2024-11-11T00:45:37.610+0100] {dag.py:4180} INFO - Setting next_dagrun for example_subdag_operator.section-2 to None, run_after=None
[2024-11-11T00:45:37.619+0100] {logging_mixin.py:190} INFO - [2024-11-11T00:45:37.619+0100] {dag.py:3239} INFO - Sync 2 DAGs
[2024-11-11T00:45:37.624+0100] {logging_mixin.py:190} INFO - [2024-11-11T00:45:37.624+0100] {dag.py:4180} INFO - Setting next_dagrun for example_subdag_operator.section-1 to None, run_after=None
[2024-11-11T00:45:37.625+0100] {logging_mixin.py:190} INFO - [2024-11-11T00:45:37.625+0100] {dag.py:4180} INFO - Setting next_dagrun for example_subdag_operator.section-2 to None, run_after=None
[2024-11-11T00:45:37.647+0100] {processor.py:208} INFO - Processing /home/sakana/anaconda3/envs/airflow_env/lib/python3.8/site-packages/airflow/example_dags/example_subdag_operator.py took 0.152 seconds
[2024-11-11T00:46:35.953+0100] {processor.py:186} INFO - Started process (PID=8859) to work on /home/sakana/anaconda3/envs/airflow_env/lib/python3.8/site-packages/airflow/example_dags/example_subdag_operator.py
[2024-11-11T00:46:35.957+0100] {processor.py:914} INFO - Processing file /home/sakana/anaconda3/envs/airflow_env/lib/python3.8/site-packages/airflow/example_dags/example_subdag_operator.py for tasks to queue
[2024-11-11T00:46:35.960+0100] {logging_mixin.py:190} INFO - [2024-11-11T00:46:35.960+0100] {dagbag.py:588} INFO - Filling up the DagBag from /home/sakana/anaconda3/envs/airflow_env/lib/python3.8/site-packages/airflow/example_dags/example_subdag_operator.py
[2024-11-11T00:46:35.983+0100] {processor.py:925} INFO - DAG(s) 'example_subdag_operator.section-1', 'example_subdag_operator.section-2', 'example_subdag_operator' retrieved from /home/sakana/anaconda3/envs/airflow_env/lib/python3.8/site-packages/airflow/example_dags/example_subdag_operator.py
[2024-11-11T00:46:35.997+0100] {logging_mixin.py:190} INFO - [2024-11-11T00:46:35.997+0100] {dag.py:3239} INFO - Sync 3 DAGs
[2024-11-11T00:46:36.018+0100] {logging_mixin.py:190} INFO - [2024-11-11T00:46:36.017+0100] {dag.py:4180} INFO - Setting next_dagrun for example_subdag_operator to 2022-01-01 00:00:00+00:00, run_after=2022-01-01 00:00:00+00:00
[2024-11-11T00:46:36.022+0100] {logging_mixin.py:190} INFO - [2024-11-11T00:46:36.021+0100] {dag.py:4180} INFO - Setting next_dagrun for example_subdag_operator.section-1 to None, run_after=None
[2024-11-11T00:46:36.023+0100] {logging_mixin.py:190} INFO - [2024-11-11T00:46:36.023+0100] {dag.py:4180} INFO - Setting next_dagrun for example_subdag_operator.section-2 to None, run_after=None
[2024-11-11T00:46:36.028+0100] {logging_mixin.py:190} INFO - [2024-11-11T00:46:36.028+0100] {dag.py:3239} INFO - Sync 2 DAGs
[2024-11-11T00:46:36.032+0100] {logging_mixin.py:190} INFO - [2024-11-11T00:46:36.032+0100] {dag.py:4180} INFO - Setting next_dagrun for example_subdag_operator.section-1 to None, run_after=None
[2024-11-11T00:46:36.032+0100] {logging_mixin.py:190} INFO - [2024-11-11T00:46:36.032+0100] {dag.py:4180} INFO - Setting next_dagrun for example_subdag_operator.section-2 to None, run_after=None
[2024-11-11T00:46:36.043+0100] {processor.py:208} INFO - Processing /home/sakana/anaconda3/envs/airflow_env/lib/python3.8/site-packages/airflow/example_dags/example_subdag_operator.py took 0.098 seconds
[2024-11-11T00:47:30.620+0100] {processor.py:186} INFO - Started process (PID=8938) to work on /home/sakana/anaconda3/envs/airflow_env/lib/python3.8/site-packages/airflow/example_dags/example_subdag_operator.py
[2024-11-11T00:47:30.626+0100] {processor.py:914} INFO - Processing file /home/sakana/anaconda3/envs/airflow_env/lib/python3.8/site-packages/airflow/example_dags/example_subdag_operator.py for tasks to queue
[2024-11-11T00:47:30.629+0100] {logging_mixin.py:190} INFO - [2024-11-11T00:47:30.628+0100] {dagbag.py:588} INFO - Filling up the DagBag from /home/sakana/anaconda3/envs/airflow_env/lib/python3.8/site-packages/airflow/example_dags/example_subdag_operator.py
[2024-11-11T00:47:30.657+0100] {processor.py:925} INFO - DAG(s) 'example_subdag_operator.section-1', 'example_subdag_operator.section-2', 'example_subdag_operator' retrieved from /home/sakana/anaconda3/envs/airflow_env/lib/python3.8/site-packages/airflow/example_dags/example_subdag_operator.py
[2024-11-11T00:47:30.675+0100] {logging_mixin.py:190} INFO - [2024-11-11T00:47:30.675+0100] {dag.py:3239} INFO - Sync 3 DAGs
[2024-11-11T00:47:30.699+0100] {logging_mixin.py:190} INFO - [2024-11-11T00:47:30.699+0100] {dag.py:4180} INFO - Setting next_dagrun for example_subdag_operator to 2022-01-01 00:00:00+00:00, run_after=2022-01-01 00:00:00+00:00
[2024-11-11T00:47:30.703+0100] {logging_mixin.py:190} INFO - [2024-11-11T00:47:30.703+0100] {dag.py:4180} INFO - Setting next_dagrun for example_subdag_operator.section-1 to None, run_after=None
[2024-11-11T00:47:30.705+0100] {logging_mixin.py:190} INFO - [2024-11-11T00:47:30.704+0100] {dag.py:4180} INFO - Setting next_dagrun for example_subdag_operator.section-2 to None, run_after=None
[2024-11-11T00:47:30.712+0100] {logging_mixin.py:190} INFO - [2024-11-11T00:47:30.712+0100] {dag.py:3239} INFO - Sync 2 DAGs
[2024-11-11T00:47:30.717+0100] {logging_mixin.py:190} INFO - [2024-11-11T00:47:30.717+0100] {dag.py:4180} INFO - Setting next_dagrun for example_subdag_operator.section-1 to None, run_after=None
[2024-11-11T00:47:30.717+0100] {logging_mixin.py:190} INFO - [2024-11-11T00:47:30.717+0100] {dag.py:4180} INFO - Setting next_dagrun for example_subdag_operator.section-2 to None, run_after=None
[2024-11-11T00:47:30.737+0100] {processor.py:208} INFO - Processing /home/sakana/anaconda3/envs/airflow_env/lib/python3.8/site-packages/airflow/example_dags/example_subdag_operator.py took 0.125 seconds
[2024-11-11T00:48:26.502+0100] {processor.py:186} INFO - Started process (PID=9031) to work on /home/sakana/anaconda3/envs/airflow_env/lib/python3.8/site-packages/airflow/example_dags/example_subdag_operator.py
[2024-11-11T00:48:26.503+0100] {processor.py:914} INFO - Processing file /home/sakana/anaconda3/envs/airflow_env/lib/python3.8/site-packages/airflow/example_dags/example_subdag_operator.py for tasks to queue
[2024-11-11T00:48:26.505+0100] {logging_mixin.py:190} INFO - [2024-11-11T00:48:26.505+0100] {dagbag.py:588} INFO - Filling up the DagBag from /home/sakana/anaconda3/envs/airflow_env/lib/python3.8/site-packages/airflow/example_dags/example_subdag_operator.py
[2024-11-11T00:48:26.531+0100] {processor.py:925} INFO - DAG(s) 'example_subdag_operator.section-1', 'example_subdag_operator.section-2', 'example_subdag_operator' retrieved from /home/sakana/anaconda3/envs/airflow_env/lib/python3.8/site-packages/airflow/example_dags/example_subdag_operator.py
[2024-11-11T00:48:26.545+0100] {logging_mixin.py:190} INFO - [2024-11-11T00:48:26.545+0100] {dag.py:3239} INFO - Sync 3 DAGs
[2024-11-11T00:48:26.561+0100] {logging_mixin.py:190} INFO - [2024-11-11T00:48:26.561+0100] {dag.py:4180} INFO - Setting next_dagrun for example_subdag_operator to 2022-01-01 00:00:00+00:00, run_after=2022-01-01 00:00:00+00:00
[2024-11-11T00:48:26.564+0100] {logging_mixin.py:190} INFO - [2024-11-11T00:48:26.564+0100] {dag.py:4180} INFO - Setting next_dagrun for example_subdag_operator.section-1 to None, run_after=None
[2024-11-11T00:48:26.565+0100] {logging_mixin.py:190} INFO - [2024-11-11T00:48:26.565+0100] {dag.py:4180} INFO - Setting next_dagrun for example_subdag_operator.section-2 to None, run_after=None
[2024-11-11T00:48:26.571+0100] {logging_mixin.py:190} INFO - [2024-11-11T00:48:26.571+0100] {dag.py:3239} INFO - Sync 2 DAGs
[2024-11-11T00:48:26.575+0100] {logging_mixin.py:190} INFO - [2024-11-11T00:48:26.575+0100] {dag.py:4180} INFO - Setting next_dagrun for example_subdag_operator.section-1 to None, run_after=None
[2024-11-11T00:48:26.576+0100] {logging_mixin.py:190} INFO - [2024-11-11T00:48:26.575+0100] {dag.py:4180} INFO - Setting next_dagrun for example_subdag_operator.section-2 to None, run_after=None
[2024-11-11T00:48:26.590+0100] {processor.py:208} INFO - Processing /home/sakana/anaconda3/envs/airflow_env/lib/python3.8/site-packages/airflow/example_dags/example_subdag_operator.py took 0.098 seconds
[2024-11-11T00:49:24.331+0100] {processor.py:186} INFO - Started process (PID=9191) to work on /home/sakana/anaconda3/envs/airflow_env/lib/python3.8/site-packages/airflow/example_dags/example_subdag_operator.py
[2024-11-11T00:49:24.336+0100] {processor.py:914} INFO - Processing file /home/sakana/anaconda3/envs/airflow_env/lib/python3.8/site-packages/airflow/example_dags/example_subdag_operator.py for tasks to queue
[2024-11-11T00:49:24.338+0100] {logging_mixin.py:190} INFO - [2024-11-11T00:49:24.337+0100] {dagbag.py:588} INFO - Filling up the DagBag from /home/sakana/anaconda3/envs/airflow_env/lib/python3.8/site-packages/airflow/example_dags/example_subdag_operator.py
[2024-11-11T00:49:24.362+0100] {processor.py:925} INFO - DAG(s) 'example_subdag_operator.section-1', 'example_subdag_operator.section-2', 'example_subdag_operator' retrieved from /home/sakana/anaconda3/envs/airflow_env/lib/python3.8/site-packages/airflow/example_dags/example_subdag_operator.py
[2024-11-11T00:49:24.377+0100] {logging_mixin.py:190} INFO - [2024-11-11T00:49:24.377+0100] {dag.py:3239} INFO - Sync 3 DAGs
[2024-11-11T00:49:24.398+0100] {logging_mixin.py:190} INFO - [2024-11-11T00:49:24.397+0100] {dag.py:4180} INFO - Setting next_dagrun for example_subdag_operator to 2022-01-01 00:00:00+00:00, run_after=2022-01-01 00:00:00+00:00
[2024-11-11T00:49:24.402+0100] {logging_mixin.py:190} INFO - [2024-11-11T00:49:24.402+0100] {dag.py:4180} INFO - Setting next_dagrun for example_subdag_operator.section-1 to None, run_after=None
[2024-11-11T00:49:24.403+0100] {logging_mixin.py:190} INFO - [2024-11-11T00:49:24.403+0100] {dag.py:4180} INFO - Setting next_dagrun for example_subdag_operator.section-2 to None, run_after=None
[2024-11-11T00:49:24.409+0100] {logging_mixin.py:190} INFO - [2024-11-11T00:49:24.409+0100] {dag.py:3239} INFO - Sync 2 DAGs
[2024-11-11T00:49:24.415+0100] {logging_mixin.py:190} INFO - [2024-11-11T00:49:24.415+0100] {dag.py:4180} INFO - Setting next_dagrun for example_subdag_operator.section-1 to None, run_after=None
[2024-11-11T00:49:24.416+0100] {logging_mixin.py:190} INFO - [2024-11-11T00:49:24.416+0100] {dag.py:4180} INFO - Setting next_dagrun for example_subdag_operator.section-2 to None, run_after=None
[2024-11-11T00:49:24.430+0100] {processor.py:208} INFO - Processing /home/sakana/anaconda3/envs/airflow_env/lib/python3.8/site-packages/airflow/example_dags/example_subdag_operator.py took 0.106 seconds
[2024-11-11T00:50:24.044+0100] {processor.py:186} INFO - Started process (PID=9487) to work on /home/sakana/anaconda3/envs/airflow_env/lib/python3.8/site-packages/airflow/example_dags/example_subdag_operator.py
[2024-11-11T00:50:24.046+0100] {processor.py:914} INFO - Processing file /home/sakana/anaconda3/envs/airflow_env/lib/python3.8/site-packages/airflow/example_dags/example_subdag_operator.py for tasks to queue
[2024-11-11T00:50:24.050+0100] {logging_mixin.py:190} INFO - [2024-11-11T00:50:24.050+0100] {dagbag.py:588} INFO - Filling up the DagBag from /home/sakana/anaconda3/envs/airflow_env/lib/python3.8/site-packages/airflow/example_dags/example_subdag_operator.py
[2024-11-11T00:50:24.091+0100] {processor.py:925} INFO - DAG(s) 'example_subdag_operator.section-1', 'example_subdag_operator.section-2', 'example_subdag_operator' retrieved from /home/sakana/anaconda3/envs/airflow_env/lib/python3.8/site-packages/airflow/example_dags/example_subdag_operator.py
[2024-11-11T00:50:24.120+0100] {logging_mixin.py:190} INFO - [2024-11-11T00:50:24.120+0100] {dag.py:3239} INFO - Sync 3 DAGs
[2024-11-11T00:50:24.146+0100] {logging_mixin.py:190} INFO - [2024-11-11T00:50:24.146+0100] {dag.py:4180} INFO - Setting next_dagrun for example_subdag_operator to 2022-01-01 00:00:00+00:00, run_after=2022-01-01 00:00:00+00:00
[2024-11-11T00:50:24.149+0100] {logging_mixin.py:190} INFO - [2024-11-11T00:50:24.149+0100] {dag.py:4180} INFO - Setting next_dagrun for example_subdag_operator.section-1 to None, run_after=None
[2024-11-11T00:50:24.152+0100] {logging_mixin.py:190} INFO - [2024-11-11T00:50:24.151+0100] {dag.py:4180} INFO - Setting next_dagrun for example_subdag_operator.section-2 to None, run_after=None
[2024-11-11T00:50:24.159+0100] {logging_mixin.py:190} INFO - [2024-11-11T00:50:24.159+0100] {dag.py:3239} INFO - Sync 2 DAGs
[2024-11-11T00:50:24.164+0100] {logging_mixin.py:190} INFO - [2024-11-11T00:50:24.163+0100] {dag.py:4180} INFO - Setting next_dagrun for example_subdag_operator.section-1 to None, run_after=None
[2024-11-11T00:50:24.164+0100] {logging_mixin.py:190} INFO - [2024-11-11T00:50:24.164+0100] {dag.py:4180} INFO - Setting next_dagrun for example_subdag_operator.section-2 to None, run_after=None
[2024-11-11T00:50:24.181+0100] {processor.py:208} INFO - Processing /home/sakana/anaconda3/envs/airflow_env/lib/python3.8/site-packages/airflow/example_dags/example_subdag_operator.py took 0.148 seconds
[2024-11-11T00:51:23.105+0100] {processor.py:186} INFO - Started process (PID=9560) to work on /home/sakana/anaconda3/envs/airflow_env/lib/python3.8/site-packages/airflow/example_dags/example_subdag_operator.py
[2024-11-11T00:51:23.110+0100] {processor.py:914} INFO - Processing file /home/sakana/anaconda3/envs/airflow_env/lib/python3.8/site-packages/airflow/example_dags/example_subdag_operator.py for tasks to queue
[2024-11-11T00:51:23.112+0100] {logging_mixin.py:190} INFO - [2024-11-11T00:51:23.112+0100] {dagbag.py:588} INFO - Filling up the DagBag from /home/sakana/anaconda3/envs/airflow_env/lib/python3.8/site-packages/airflow/example_dags/example_subdag_operator.py
[2024-11-11T00:51:23.138+0100] {processor.py:925} INFO - DAG(s) 'example_subdag_operator.section-1', 'example_subdag_operator.section-2', 'example_subdag_operator' retrieved from /home/sakana/anaconda3/envs/airflow_env/lib/python3.8/site-packages/airflow/example_dags/example_subdag_operator.py
[2024-11-11T00:51:23.153+0100] {logging_mixin.py:190} INFO - [2024-11-11T00:51:23.153+0100] {dag.py:3239} INFO - Sync 3 DAGs
[2024-11-11T00:51:23.184+0100] {logging_mixin.py:190} INFO - [2024-11-11T00:51:23.183+0100] {dag.py:4180} INFO - Setting next_dagrun for example_subdag_operator to 2022-01-01 00:00:00+00:00, run_after=2022-01-01 00:00:00+00:00
[2024-11-11T00:51:23.188+0100] {logging_mixin.py:190} INFO - [2024-11-11T00:51:23.188+0100] {dag.py:4180} INFO - Setting next_dagrun for example_subdag_operator.section-1 to None, run_after=None
[2024-11-11T00:51:23.189+0100] {logging_mixin.py:190} INFO - [2024-11-11T00:51:23.189+0100] {dag.py:4180} INFO - Setting next_dagrun for example_subdag_operator.section-2 to None, run_after=None
[2024-11-11T00:51:23.196+0100] {logging_mixin.py:190} INFO - [2024-11-11T00:51:23.196+0100] {dag.py:3239} INFO - Sync 2 DAGs
[2024-11-11T00:51:23.201+0100] {logging_mixin.py:190} INFO - [2024-11-11T00:51:23.201+0100] {dag.py:4180} INFO - Setting next_dagrun for example_subdag_operator.section-1 to None, run_after=None
[2024-11-11T00:51:23.202+0100] {logging_mixin.py:190} INFO - [2024-11-11T00:51:23.202+0100] {dag.py:4180} INFO - Setting next_dagrun for example_subdag_operator.section-2 to None, run_after=None
[2024-11-11T00:51:23.216+0100] {processor.py:208} INFO - Processing /home/sakana/anaconda3/envs/airflow_env/lib/python3.8/site-packages/airflow/example_dags/example_subdag_operator.py took 0.118 seconds
[2024-11-11T00:52:19.241+0100] {processor.py:186} INFO - Started process (PID=9668) to work on /home/sakana/anaconda3/envs/airflow_env/lib/python3.8/site-packages/airflow/example_dags/example_subdag_operator.py
[2024-11-11T00:52:19.242+0100] {processor.py:914} INFO - Processing file /home/sakana/anaconda3/envs/airflow_env/lib/python3.8/site-packages/airflow/example_dags/example_subdag_operator.py for tasks to queue
[2024-11-11T00:52:19.245+0100] {logging_mixin.py:190} INFO - [2024-11-11T00:52:19.244+0100] {dagbag.py:588} INFO - Filling up the DagBag from /home/sakana/anaconda3/envs/airflow_env/lib/python3.8/site-packages/airflow/example_dags/example_subdag_operator.py
[2024-11-11T00:52:19.280+0100] {processor.py:925} INFO - DAG(s) 'example_subdag_operator.section-1', 'example_subdag_operator.section-2', 'example_subdag_operator' retrieved from /home/sakana/anaconda3/envs/airflow_env/lib/python3.8/site-packages/airflow/example_dags/example_subdag_operator.py
[2024-11-11T00:52:19.309+0100] {logging_mixin.py:190} INFO - [2024-11-11T00:52:19.308+0100] {dag.py:3239} INFO - Sync 3 DAGs
[2024-11-11T00:52:19.339+0100] {logging_mixin.py:190} INFO - [2024-11-11T00:52:19.338+0100] {dag.py:4180} INFO - Setting next_dagrun for example_subdag_operator to 2022-01-01 00:00:00+00:00, run_after=2022-01-01 00:00:00+00:00
[2024-11-11T00:52:19.346+0100] {logging_mixin.py:190} INFO - [2024-11-11T00:52:19.345+0100] {dag.py:4180} INFO - Setting next_dagrun for example_subdag_operator.section-1 to None, run_after=None
[2024-11-11T00:52:19.347+0100] {logging_mixin.py:190} INFO - [2024-11-11T00:52:19.347+0100] {dag.py:4180} INFO - Setting next_dagrun for example_subdag_operator.section-2 to None, run_after=None
[2024-11-11T00:52:19.357+0100] {logging_mixin.py:190} INFO - [2024-11-11T00:52:19.356+0100] {dag.py:3239} INFO - Sync 2 DAGs
[2024-11-11T00:52:19.363+0100] {logging_mixin.py:190} INFO - [2024-11-11T00:52:19.363+0100] {dag.py:4180} INFO - Setting next_dagrun for example_subdag_operator.section-1 to None, run_after=None
[2024-11-11T00:52:19.364+0100] {logging_mixin.py:190} INFO - [2024-11-11T00:52:19.364+0100] {dag.py:4180} INFO - Setting next_dagrun for example_subdag_operator.section-2 to None, run_after=None
[2024-11-11T00:52:19.383+0100] {processor.py:208} INFO - Processing /home/sakana/anaconda3/envs/airflow_env/lib/python3.8/site-packages/airflow/example_dags/example_subdag_operator.py took 0.154 seconds
[2024-11-11T00:53:18.091+0100] {processor.py:186} INFO - Started process (PID=9862) to work on /home/sakana/anaconda3/envs/airflow_env/lib/python3.8/site-packages/airflow/example_dags/example_subdag_operator.py
[2024-11-11T00:53:18.093+0100] {processor.py:914} INFO - Processing file /home/sakana/anaconda3/envs/airflow_env/lib/python3.8/site-packages/airflow/example_dags/example_subdag_operator.py for tasks to queue
[2024-11-11T00:53:18.095+0100] {logging_mixin.py:190} INFO - [2024-11-11T00:53:18.094+0100] {dagbag.py:588} INFO - Filling up the DagBag from /home/sakana/anaconda3/envs/airflow_env/lib/python3.8/site-packages/airflow/example_dags/example_subdag_operator.py
[2024-11-11T00:53:18.133+0100] {processor.py:925} INFO - DAG(s) 'example_subdag_operator.section-1', 'example_subdag_operator.section-2', 'example_subdag_operator' retrieved from /home/sakana/anaconda3/envs/airflow_env/lib/python3.8/site-packages/airflow/example_dags/example_subdag_operator.py
[2024-11-11T00:53:18.165+0100] {logging_mixin.py:190} INFO - [2024-11-11T00:53:18.165+0100] {dag.py:3239} INFO - Sync 3 DAGs
[2024-11-11T00:53:18.198+0100] {logging_mixin.py:190} INFO - [2024-11-11T00:53:18.197+0100] {dag.py:4180} INFO - Setting next_dagrun for example_subdag_operator to 2022-01-01 00:00:00+00:00, run_after=2022-01-01 00:00:00+00:00
[2024-11-11T00:53:18.203+0100] {logging_mixin.py:190} INFO - [2024-11-11T00:53:18.203+0100] {dag.py:4180} INFO - Setting next_dagrun for example_subdag_operator.section-1 to None, run_after=None
[2024-11-11T00:53:18.206+0100] {logging_mixin.py:190} INFO - [2024-11-11T00:53:18.205+0100] {dag.py:4180} INFO - Setting next_dagrun for example_subdag_operator.section-2 to None, run_after=None
[2024-11-11T00:53:18.217+0100] {logging_mixin.py:190} INFO - [2024-11-11T00:53:18.216+0100] {dag.py:3239} INFO - Sync 2 DAGs
[2024-11-11T00:53:18.227+0100] {logging_mixin.py:190} INFO - [2024-11-11T00:53:18.226+0100] {dag.py:4180} INFO - Setting next_dagrun for example_subdag_operator.section-1 to None, run_after=None
[2024-11-11T00:53:18.228+0100] {logging_mixin.py:190} INFO - [2024-11-11T00:53:18.227+0100] {dag.py:4180} INFO - Setting next_dagrun for example_subdag_operator.section-2 to None, run_after=None
[2024-11-11T00:53:18.261+0100] {processor.py:208} INFO - Processing /home/sakana/anaconda3/envs/airflow_env/lib/python3.8/site-packages/airflow/example_dags/example_subdag_operator.py took 0.177 seconds
[2024-11-11T00:54:16.907+0100] {processor.py:186} INFO - Started process (PID=9936) to work on /home/sakana/anaconda3/envs/airflow_env/lib/python3.8/site-packages/airflow/example_dags/example_subdag_operator.py
[2024-11-11T00:54:16.913+0100] {processor.py:914} INFO - Processing file /home/sakana/anaconda3/envs/airflow_env/lib/python3.8/site-packages/airflow/example_dags/example_subdag_operator.py for tasks to queue
[2024-11-11T00:54:16.915+0100] {logging_mixin.py:190} INFO - [2024-11-11T00:54:16.914+0100] {dagbag.py:588} INFO - Filling up the DagBag from /home/sakana/anaconda3/envs/airflow_env/lib/python3.8/site-packages/airflow/example_dags/example_subdag_operator.py
[2024-11-11T00:54:16.941+0100] {processor.py:925} INFO - DAG(s) 'example_subdag_operator.section-1', 'example_subdag_operator.section-2', 'example_subdag_operator' retrieved from /home/sakana/anaconda3/envs/airflow_env/lib/python3.8/site-packages/airflow/example_dags/example_subdag_operator.py
[2024-11-11T00:54:16.956+0100] {logging_mixin.py:190} INFO - [2024-11-11T00:54:16.955+0100] {dag.py:3239} INFO - Sync 3 DAGs
[2024-11-11T00:54:16.972+0100] {logging_mixin.py:190} INFO - [2024-11-11T00:54:16.972+0100] {dag.py:4180} INFO - Setting next_dagrun for example_subdag_operator to 2022-01-01 00:00:00+00:00, run_after=2022-01-01 00:00:00+00:00
[2024-11-11T00:54:16.976+0100] {logging_mixin.py:190} INFO - [2024-11-11T00:54:16.976+0100] {dag.py:4180} INFO - Setting next_dagrun for example_subdag_operator.section-1 to None, run_after=None
[2024-11-11T00:54:16.977+0100] {logging_mixin.py:190} INFO - [2024-11-11T00:54:16.977+0100] {dag.py:4180} INFO - Setting next_dagrun for example_subdag_operator.section-2 to None, run_after=None
[2024-11-11T00:54:16.983+0100] {logging_mixin.py:190} INFO - [2024-11-11T00:54:16.983+0100] {dag.py:3239} INFO - Sync 2 DAGs
[2024-11-11T00:54:16.986+0100] {logging_mixin.py:190} INFO - [2024-11-11T00:54:16.986+0100] {dag.py:4180} INFO - Setting next_dagrun for example_subdag_operator.section-1 to None, run_after=None
[2024-11-11T00:54:16.987+0100] {logging_mixin.py:190} INFO - [2024-11-11T00:54:16.987+0100] {dag.py:4180} INFO - Setting next_dagrun for example_subdag_operator.section-2 to None, run_after=None
[2024-11-11T00:54:17.005+0100] {processor.py:208} INFO - Processing /home/sakana/anaconda3/envs/airflow_env/lib/python3.8/site-packages/airflow/example_dags/example_subdag_operator.py took 0.104 seconds
