[2024-11-11T00:26:15.651+0100] {processor.py:186} INFO - Started process (PID=6805) to work on /home/sakana/anaconda3/envs/airflow_env/lib/python3.8/site-packages/airflow/example_dags/example_kubernetes_executor.py
[2024-11-11T00:26:15.652+0100] {processor.py:914} INFO - Processing file /home/sakana/anaconda3/envs/airflow_env/lib/python3.8/site-packages/airflow/example_dags/example_kubernetes_executor.py for tasks to queue
[2024-11-11T00:26:15.654+0100] {logging_mixin.py:190} INFO - [2024-11-11T00:26:15.654+0100] {dagbag.py:588} INFO - Filling up the DagBag from /home/sakana/anaconda3/envs/airflow_env/lib/python3.8/site-packages/airflow/example_dags/example_kubernetes_executor.py
[2024-11-11T00:26:15.658+0100] {logging_mixin.py:190} INFO - [2024-11-11T00:26:15.658+0100] {example_kubernetes_executor.py:39} WARNING - The example_kubernetes_executor example DAG requires the kubernetes provider. Please install it with: pip install apache-airflow[cncf.kubernetes]
[2024-11-11T00:26:15.658+0100] {processor.py:927} WARNING - No viable dags retrieved from /home/sakana/anaconda3/envs/airflow_env/lib/python3.8/site-packages/airflow/example_dags/example_kubernetes_executor.py
[2024-11-11T00:26:15.670+0100] {processor.py:208} INFO - Processing /home/sakana/anaconda3/envs/airflow_env/lib/python3.8/site-packages/airflow/example_dags/example_kubernetes_executor.py took 0.026 seconds
[2024-11-11T00:27:21.851+0100] {processor.py:186} INFO - Started process (PID=6932) to work on /home/sakana/anaconda3/envs/airflow_env/lib/python3.8/site-packages/airflow/example_dags/example_kubernetes_executor.py
[2024-11-11T00:27:21.856+0100] {processor.py:914} INFO - Processing file /home/sakana/anaconda3/envs/airflow_env/lib/python3.8/site-packages/airflow/example_dags/example_kubernetes_executor.py for tasks to queue
[2024-11-11T00:27:21.857+0100] {logging_mixin.py:190} INFO - [2024-11-11T00:27:21.857+0100] {dagbag.py:588} INFO - Filling up the DagBag from /home/sakana/anaconda3/envs/airflow_env/lib/python3.8/site-packages/airflow/example_dags/example_kubernetes_executor.py
[2024-11-11T00:27:21.860+0100] {logging_mixin.py:190} INFO - [2024-11-11T00:27:21.860+0100] {example_kubernetes_executor.py:39} WARNING - The example_kubernetes_executor example DAG requires the kubernetes provider. Please install it with: pip install apache-airflow[cncf.kubernetes]
[2024-11-11T00:27:21.861+0100] {processor.py:927} WARNING - No viable dags retrieved from /home/sakana/anaconda3/envs/airflow_env/lib/python3.8/site-packages/airflow/example_dags/example_kubernetes_executor.py
[2024-11-11T00:27:21.870+0100] {processor.py:208} INFO - Processing /home/sakana/anaconda3/envs/airflow_env/lib/python3.8/site-packages/airflow/example_dags/example_kubernetes_executor.py took 0.028 seconds
[2024-11-11T00:28:18.631+0100] {processor.py:186} INFO - Started process (PID=7036) to work on /home/sakana/anaconda3/envs/airflow_env/lib/python3.8/site-packages/airflow/example_dags/example_kubernetes_executor.py
[2024-11-11T00:28:18.636+0100] {processor.py:914} INFO - Processing file /home/sakana/anaconda3/envs/airflow_env/lib/python3.8/site-packages/airflow/example_dags/example_kubernetes_executor.py for tasks to queue
[2024-11-11T00:28:18.639+0100] {logging_mixin.py:190} INFO - [2024-11-11T00:28:18.639+0100] {dagbag.py:588} INFO - Filling up the DagBag from /home/sakana/anaconda3/envs/airflow_env/lib/python3.8/site-packages/airflow/example_dags/example_kubernetes_executor.py
[2024-11-11T00:28:18.644+0100] {logging_mixin.py:190} INFO - [2024-11-11T00:28:18.644+0100] {example_kubernetes_executor.py:39} WARNING - The example_kubernetes_executor example DAG requires the kubernetes provider. Please install it with: pip install apache-airflow[cncf.kubernetes]
[2024-11-11T00:28:18.644+0100] {processor.py:927} WARNING - No viable dags retrieved from /home/sakana/anaconda3/envs/airflow_env/lib/python3.8/site-packages/airflow/example_dags/example_kubernetes_executor.py
[2024-11-11T00:28:18.658+0100] {processor.py:208} INFO - Processing /home/sakana/anaconda3/envs/airflow_env/lib/python3.8/site-packages/airflow/example_dags/example_kubernetes_executor.py took 0.038 seconds
[2024-11-11T00:29:17.417+0100] {processor.py:186} INFO - Started process (PID=7116) to work on /home/sakana/anaconda3/envs/airflow_env/lib/python3.8/site-packages/airflow/example_dags/example_kubernetes_executor.py
[2024-11-11T00:29:17.422+0100] {processor.py:914} INFO - Processing file /home/sakana/anaconda3/envs/airflow_env/lib/python3.8/site-packages/airflow/example_dags/example_kubernetes_executor.py for tasks to queue
[2024-11-11T00:29:17.425+0100] {logging_mixin.py:190} INFO - [2024-11-11T00:29:17.424+0100] {dagbag.py:588} INFO - Filling up the DagBag from /home/sakana/anaconda3/envs/airflow_env/lib/python3.8/site-packages/airflow/example_dags/example_kubernetes_executor.py
[2024-11-11T00:29:17.430+0100] {logging_mixin.py:190} INFO - [2024-11-11T00:29:17.430+0100] {example_kubernetes_executor.py:39} WARNING - The example_kubernetes_executor example DAG requires the kubernetes provider. Please install it with: pip install apache-airflow[cncf.kubernetes]
[2024-11-11T00:29:17.431+0100] {processor.py:927} WARNING - No viable dags retrieved from /home/sakana/anaconda3/envs/airflow_env/lib/python3.8/site-packages/airflow/example_dags/example_kubernetes_executor.py
[2024-11-11T00:29:17.446+0100] {processor.py:208} INFO - Processing /home/sakana/anaconda3/envs/airflow_env/lib/python3.8/site-packages/airflow/example_dags/example_kubernetes_executor.py took 0.039 seconds
[2024-11-11T00:30:09.481+0100] {processor.py:186} INFO - Started process (PID=7198) to work on /home/sakana/anaconda3/envs/airflow_env/lib/python3.8/site-packages/airflow/example_dags/example_kubernetes_executor.py
[2024-11-11T00:30:09.486+0100] {processor.py:914} INFO - Processing file /home/sakana/anaconda3/envs/airflow_env/lib/python3.8/site-packages/airflow/example_dags/example_kubernetes_executor.py for tasks to queue
[2024-11-11T00:30:09.488+0100] {logging_mixin.py:190} INFO - [2024-11-11T00:30:09.488+0100] {dagbag.py:588} INFO - Filling up the DagBag from /home/sakana/anaconda3/envs/airflow_env/lib/python3.8/site-packages/airflow/example_dags/example_kubernetes_executor.py
[2024-11-11T00:30:09.493+0100] {logging_mixin.py:190} INFO - [2024-11-11T00:30:09.492+0100] {example_kubernetes_executor.py:39} WARNING - The example_kubernetes_executor example DAG requires the kubernetes provider. Please install it with: pip install apache-airflow[cncf.kubernetes]
[2024-11-11T00:30:09.493+0100] {processor.py:927} WARNING - No viable dags retrieved from /home/sakana/anaconda3/envs/airflow_env/lib/python3.8/site-packages/airflow/example_dags/example_kubernetes_executor.py
[2024-11-11T00:30:09.507+0100] {processor.py:208} INFO - Processing /home/sakana/anaconda3/envs/airflow_env/lib/python3.8/site-packages/airflow/example_dags/example_kubernetes_executor.py took 0.034 seconds
[2024-11-11T00:31:07.454+0100] {processor.py:186} INFO - Started process (PID=7276) to work on /home/sakana/anaconda3/envs/airflow_env/lib/python3.8/site-packages/airflow/example_dags/example_kubernetes_executor.py
[2024-11-11T00:31:07.459+0100] {processor.py:914} INFO - Processing file /home/sakana/anaconda3/envs/airflow_env/lib/python3.8/site-packages/airflow/example_dags/example_kubernetes_executor.py for tasks to queue
[2024-11-11T00:31:07.461+0100] {logging_mixin.py:190} INFO - [2024-11-11T00:31:07.460+0100] {dagbag.py:588} INFO - Filling up the DagBag from /home/sakana/anaconda3/envs/airflow_env/lib/python3.8/site-packages/airflow/example_dags/example_kubernetes_executor.py
[2024-11-11T00:31:07.464+0100] {logging_mixin.py:190} INFO - [2024-11-11T00:31:07.464+0100] {example_kubernetes_executor.py:39} WARNING - The example_kubernetes_executor example DAG requires the kubernetes provider. Please install it with: pip install apache-airflow[cncf.kubernetes]
[2024-11-11T00:31:07.464+0100] {processor.py:927} WARNING - No viable dags retrieved from /home/sakana/anaconda3/envs/airflow_env/lib/python3.8/site-packages/airflow/example_dags/example_kubernetes_executor.py
[2024-11-11T00:31:07.476+0100] {processor.py:208} INFO - Processing /home/sakana/anaconda3/envs/airflow_env/lib/python3.8/site-packages/airflow/example_dags/example_kubernetes_executor.py took 0.030 seconds
[2024-11-11T00:32:04.280+0100] {processor.py:186} INFO - Started process (PID=7353) to work on /home/sakana/anaconda3/envs/airflow_env/lib/python3.8/site-packages/airflow/example_dags/example_kubernetes_executor.py
[2024-11-11T00:32:04.285+0100] {processor.py:914} INFO - Processing file /home/sakana/anaconda3/envs/airflow_env/lib/python3.8/site-packages/airflow/example_dags/example_kubernetes_executor.py for tasks to queue
[2024-11-11T00:32:04.287+0100] {logging_mixin.py:190} INFO - [2024-11-11T00:32:04.287+0100] {dagbag.py:588} INFO - Filling up the DagBag from /home/sakana/anaconda3/envs/airflow_env/lib/python3.8/site-packages/airflow/example_dags/example_kubernetes_executor.py
[2024-11-11T00:32:04.291+0100] {logging_mixin.py:190} INFO - [2024-11-11T00:32:04.291+0100] {example_kubernetes_executor.py:39} WARNING - The example_kubernetes_executor example DAG requires the kubernetes provider. Please install it with: pip install apache-airflow[cncf.kubernetes]
[2024-11-11T00:32:04.291+0100] {processor.py:927} WARNING - No viable dags retrieved from /home/sakana/anaconda3/envs/airflow_env/lib/python3.8/site-packages/airflow/example_dags/example_kubernetes_executor.py
[2024-11-11T00:32:04.304+0100] {processor.py:208} INFO - Processing /home/sakana/anaconda3/envs/airflow_env/lib/python3.8/site-packages/airflow/example_dags/example_kubernetes_executor.py took 0.033 seconds
[2024-11-11T00:32:57.865+0100] {processor.py:186} INFO - Started process (PID=7420) to work on /home/sakana/anaconda3/envs/airflow_env/lib/python3.8/site-packages/airflow/example_dags/example_kubernetes_executor.py
[2024-11-11T00:32:57.870+0100] {processor.py:914} INFO - Processing file /home/sakana/anaconda3/envs/airflow_env/lib/python3.8/site-packages/airflow/example_dags/example_kubernetes_executor.py for tasks to queue
[2024-11-11T00:32:57.873+0100] {logging_mixin.py:190} INFO - [2024-11-11T00:32:57.872+0100] {dagbag.py:588} INFO - Filling up the DagBag from /home/sakana/anaconda3/envs/airflow_env/lib/python3.8/site-packages/airflow/example_dags/example_kubernetes_executor.py
[2024-11-11T00:32:57.877+0100] {logging_mixin.py:190} INFO - [2024-11-11T00:32:57.876+0100] {example_kubernetes_executor.py:39} WARNING - The example_kubernetes_executor example DAG requires the kubernetes provider. Please install it with: pip install apache-airflow[cncf.kubernetes]
[2024-11-11T00:32:57.877+0100] {processor.py:927} WARNING - No viable dags retrieved from /home/sakana/anaconda3/envs/airflow_env/lib/python3.8/site-packages/airflow/example_dags/example_kubernetes_executor.py
[2024-11-11T00:32:57.890+0100] {processor.py:208} INFO - Processing /home/sakana/anaconda3/envs/airflow_env/lib/python3.8/site-packages/airflow/example_dags/example_kubernetes_executor.py took 0.033 seconds
[2024-11-11T00:33:55.932+0100] {processor.py:186} INFO - Started process (PID=7526) to work on /home/sakana/anaconda3/envs/airflow_env/lib/python3.8/site-packages/airflow/example_dags/example_kubernetes_executor.py
[2024-11-11T00:33:55.937+0100] {processor.py:914} INFO - Processing file /home/sakana/anaconda3/envs/airflow_env/lib/python3.8/site-packages/airflow/example_dags/example_kubernetes_executor.py for tasks to queue
[2024-11-11T00:33:55.939+0100] {logging_mixin.py:190} INFO - [2024-11-11T00:33:55.939+0100] {dagbag.py:588} INFO - Filling up the DagBag from /home/sakana/anaconda3/envs/airflow_env/lib/python3.8/site-packages/airflow/example_dags/example_kubernetes_executor.py
[2024-11-11T00:33:55.942+0100] {logging_mixin.py:190} INFO - [2024-11-11T00:33:55.942+0100] {example_kubernetes_executor.py:39} WARNING - The example_kubernetes_executor example DAG requires the kubernetes provider. Please install it with: pip install apache-airflow[cncf.kubernetes]
[2024-11-11T00:33:55.943+0100] {processor.py:927} WARNING - No viable dags retrieved from /home/sakana/anaconda3/envs/airflow_env/lib/python3.8/site-packages/airflow/example_dags/example_kubernetes_executor.py
[2024-11-11T00:33:55.953+0100] {processor.py:208} INFO - Processing /home/sakana/anaconda3/envs/airflow_env/lib/python3.8/site-packages/airflow/example_dags/example_kubernetes_executor.py took 0.028 seconds
[2024-11-11T00:34:52.941+0100] {processor.py:186} INFO - Started process (PID=7603) to work on /home/sakana/anaconda3/envs/airflow_env/lib/python3.8/site-packages/airflow/example_dags/example_kubernetes_executor.py
[2024-11-11T00:34:52.945+0100] {processor.py:914} INFO - Processing file /home/sakana/anaconda3/envs/airflow_env/lib/python3.8/site-packages/airflow/example_dags/example_kubernetes_executor.py for tasks to queue
[2024-11-11T00:34:52.947+0100] {logging_mixin.py:190} INFO - [2024-11-11T00:34:52.947+0100] {dagbag.py:588} INFO - Filling up the DagBag from /home/sakana/anaconda3/envs/airflow_env/lib/python3.8/site-packages/airflow/example_dags/example_kubernetes_executor.py
[2024-11-11T00:34:52.950+0100] {logging_mixin.py:190} INFO - [2024-11-11T00:34:52.950+0100] {example_kubernetes_executor.py:39} WARNING - The example_kubernetes_executor example DAG requires the kubernetes provider. Please install it with: pip install apache-airflow[cncf.kubernetes]
[2024-11-11T00:34:52.950+0100] {processor.py:927} WARNING - No viable dags retrieved from /home/sakana/anaconda3/envs/airflow_env/lib/python3.8/site-packages/airflow/example_dags/example_kubernetes_executor.py
[2024-11-11T00:34:52.960+0100] {processor.py:208} INFO - Processing /home/sakana/anaconda3/envs/airflow_env/lib/python3.8/site-packages/airflow/example_dags/example_kubernetes_executor.py took 0.025 seconds
[2024-11-11T00:35:46.340+0100] {processor.py:186} INFO - Started process (PID=7680) to work on /home/sakana/anaconda3/envs/airflow_env/lib/python3.8/site-packages/airflow/example_dags/example_kubernetes_executor.py
[2024-11-11T00:35:46.345+0100] {processor.py:914} INFO - Processing file /home/sakana/anaconda3/envs/airflow_env/lib/python3.8/site-packages/airflow/example_dags/example_kubernetes_executor.py for tasks to queue
[2024-11-11T00:35:46.347+0100] {logging_mixin.py:190} INFO - [2024-11-11T00:35:46.346+0100] {dagbag.py:588} INFO - Filling up the DagBag from /home/sakana/anaconda3/envs/airflow_env/lib/python3.8/site-packages/airflow/example_dags/example_kubernetes_executor.py
[2024-11-11T00:35:46.350+0100] {logging_mixin.py:190} INFO - [2024-11-11T00:35:46.349+0100] {example_kubernetes_executor.py:39} WARNING - The example_kubernetes_executor example DAG requires the kubernetes provider. Please install it with: pip install apache-airflow[cncf.kubernetes]
[2024-11-11T00:35:46.350+0100] {processor.py:927} WARNING - No viable dags retrieved from /home/sakana/anaconda3/envs/airflow_env/lib/python3.8/site-packages/airflow/example_dags/example_kubernetes_executor.py
[2024-11-11T00:35:46.359+0100] {processor.py:208} INFO - Processing /home/sakana/anaconda3/envs/airflow_env/lib/python3.8/site-packages/airflow/example_dags/example_kubernetes_executor.py took 0.025 seconds
[2024-11-11T00:36:40.943+0100] {processor.py:186} INFO - Started process (PID=7747) to work on /home/sakana/anaconda3/envs/airflow_env/lib/python3.8/site-packages/airflow/example_dags/example_kubernetes_executor.py
[2024-11-11T00:36:40.948+0100] {processor.py:914} INFO - Processing file /home/sakana/anaconda3/envs/airflow_env/lib/python3.8/site-packages/airflow/example_dags/example_kubernetes_executor.py for tasks to queue
[2024-11-11T00:36:40.952+0100] {logging_mixin.py:190} INFO - [2024-11-11T00:36:40.952+0100] {dagbag.py:588} INFO - Filling up the DagBag from /home/sakana/anaconda3/envs/airflow_env/lib/python3.8/site-packages/airflow/example_dags/example_kubernetes_executor.py
[2024-11-11T00:36:40.958+0100] {logging_mixin.py:190} INFO - [2024-11-11T00:36:40.958+0100] {example_kubernetes_executor.py:39} WARNING - The example_kubernetes_executor example DAG requires the kubernetes provider. Please install it with: pip install apache-airflow[cncf.kubernetes]
[2024-11-11T00:36:40.959+0100] {processor.py:927} WARNING - No viable dags retrieved from /home/sakana/anaconda3/envs/airflow_env/lib/python3.8/site-packages/airflow/example_dags/example_kubernetes_executor.py
[2024-11-11T00:36:40.973+0100] {processor.py:208} INFO - Processing /home/sakana/anaconda3/envs/airflow_env/lib/python3.8/site-packages/airflow/example_dags/example_kubernetes_executor.py took 0.043 seconds
[2024-11-11T00:37:40.067+0100] {processor.py:186} INFO - Started process (PID=7821) to work on /home/sakana/anaconda3/envs/airflow_env/lib/python3.8/site-packages/airflow/example_dags/example_kubernetes_executor.py
[2024-11-11T00:37:40.068+0100] {processor.py:914} INFO - Processing file /home/sakana/anaconda3/envs/airflow_env/lib/python3.8/site-packages/airflow/example_dags/example_kubernetes_executor.py for tasks to queue
[2024-11-11T00:37:40.070+0100] {logging_mixin.py:190} INFO - [2024-11-11T00:37:40.070+0100] {dagbag.py:588} INFO - Filling up the DagBag from /home/sakana/anaconda3/envs/airflow_env/lib/python3.8/site-packages/airflow/example_dags/example_kubernetes_executor.py
[2024-11-11T00:37:40.074+0100] {logging_mixin.py:190} INFO - [2024-11-11T00:37:40.074+0100] {example_kubernetes_executor.py:39} WARNING - The example_kubernetes_executor example DAG requires the kubernetes provider. Please install it with: pip install apache-airflow[cncf.kubernetes]
[2024-11-11T00:37:40.075+0100] {processor.py:927} WARNING - No viable dags retrieved from /home/sakana/anaconda3/envs/airflow_env/lib/python3.8/site-packages/airflow/example_dags/example_kubernetes_executor.py
[2024-11-11T00:37:40.088+0100] {processor.py:208} INFO - Processing /home/sakana/anaconda3/envs/airflow_env/lib/python3.8/site-packages/airflow/example_dags/example_kubernetes_executor.py took 0.029 seconds
[2024-11-11T00:38:33.529+0100] {processor.py:186} INFO - Started process (PID=7921) to work on /home/sakana/anaconda3/envs/airflow_env/lib/python3.8/site-packages/airflow/example_dags/example_kubernetes_executor.py
[2024-11-11T00:38:33.534+0100] {processor.py:914} INFO - Processing file /home/sakana/anaconda3/envs/airflow_env/lib/python3.8/site-packages/airflow/example_dags/example_kubernetes_executor.py for tasks to queue
[2024-11-11T00:38:33.537+0100] {logging_mixin.py:190} INFO - [2024-11-11T00:38:33.537+0100] {dagbag.py:588} INFO - Filling up the DagBag from /home/sakana/anaconda3/envs/airflow_env/lib/python3.8/site-packages/airflow/example_dags/example_kubernetes_executor.py
[2024-11-11T00:38:33.541+0100] {logging_mixin.py:190} INFO - [2024-11-11T00:38:33.541+0100] {example_kubernetes_executor.py:39} WARNING - The example_kubernetes_executor example DAG requires the kubernetes provider. Please install it with: pip install apache-airflow[cncf.kubernetes]
[2024-11-11T00:38:33.541+0100] {processor.py:927} WARNING - No viable dags retrieved from /home/sakana/anaconda3/envs/airflow_env/lib/python3.8/site-packages/airflow/example_dags/example_kubernetes_executor.py
[2024-11-11T00:38:33.554+0100] {processor.py:208} INFO - Processing /home/sakana/anaconda3/envs/airflow_env/lib/python3.8/site-packages/airflow/example_dags/example_kubernetes_executor.py took 0.033 seconds
[2024-11-11T00:39:29.721+0100] {processor.py:186} INFO - Started process (PID=8064) to work on /home/sakana/anaconda3/envs/airflow_env/lib/python3.8/site-packages/airflow/example_dags/example_kubernetes_executor.py
[2024-11-11T00:39:29.726+0100] {processor.py:914} INFO - Processing file /home/sakana/anaconda3/envs/airflow_env/lib/python3.8/site-packages/airflow/example_dags/example_kubernetes_executor.py for tasks to queue
[2024-11-11T00:39:29.728+0100] {logging_mixin.py:190} INFO - [2024-11-11T00:39:29.727+0100] {dagbag.py:588} INFO - Filling up the DagBag from /home/sakana/anaconda3/envs/airflow_env/lib/python3.8/site-packages/airflow/example_dags/example_kubernetes_executor.py
[2024-11-11T00:39:29.731+0100] {logging_mixin.py:190} INFO - [2024-11-11T00:39:29.731+0100] {example_kubernetes_executor.py:39} WARNING - The example_kubernetes_executor example DAG requires the kubernetes provider. Please install it with: pip install apache-airflow[cncf.kubernetes]
[2024-11-11T00:39:29.731+0100] {processor.py:927} WARNING - No viable dags retrieved from /home/sakana/anaconda3/envs/airflow_env/lib/python3.8/site-packages/airflow/example_dags/example_kubernetes_executor.py
[2024-11-11T00:39:29.743+0100] {processor.py:208} INFO - Processing /home/sakana/anaconda3/envs/airflow_env/lib/python3.8/site-packages/airflow/example_dags/example_kubernetes_executor.py took 0.030 seconds
[2024-11-11T00:45:57.445+0100] {processor.py:186} INFO - Started process (PID=8807) to work on /home/sakana/anaconda3/envs/airflow_env/lib/python3.8/site-packages/airflow/example_dags/example_kubernetes_executor.py
[2024-11-11T00:45:57.450+0100] {processor.py:914} INFO - Processing file /home/sakana/anaconda3/envs/airflow_env/lib/python3.8/site-packages/airflow/example_dags/example_kubernetes_executor.py for tasks to queue
[2024-11-11T00:45:57.453+0100] {logging_mixin.py:190} INFO - [2024-11-11T00:45:57.452+0100] {dagbag.py:588} INFO - Filling up the DagBag from /home/sakana/anaconda3/envs/airflow_env/lib/python3.8/site-packages/airflow/example_dags/example_kubernetes_executor.py
[2024-11-11T00:45:57.456+0100] {logging_mixin.py:190} INFO - [2024-11-11T00:45:57.456+0100] {example_kubernetes_executor.py:39} WARNING - The example_kubernetes_executor example DAG requires the kubernetes provider. Please install it with: pip install apache-airflow[cncf.kubernetes]
[2024-11-11T00:45:57.456+0100] {processor.py:927} WARNING - No viable dags retrieved from /home/sakana/anaconda3/envs/airflow_env/lib/python3.8/site-packages/airflow/example_dags/example_kubernetes_executor.py
[2024-11-11T00:45:57.466+0100] {processor.py:208} INFO - Processing /home/sakana/anaconda3/envs/airflow_env/lib/python3.8/site-packages/airflow/example_dags/example_kubernetes_executor.py took 0.029 seconds
[2024-11-11T00:46:54.926+0100] {processor.py:186} INFO - Started process (PID=8889) to work on /home/sakana/anaconda3/envs/airflow_env/lib/python3.8/site-packages/airflow/example_dags/example_kubernetes_executor.py
[2024-11-11T00:46:54.931+0100] {processor.py:914} INFO - Processing file /home/sakana/anaconda3/envs/airflow_env/lib/python3.8/site-packages/airflow/example_dags/example_kubernetes_executor.py for tasks to queue
[2024-11-11T00:46:54.934+0100] {logging_mixin.py:190} INFO - [2024-11-11T00:46:54.933+0100] {dagbag.py:588} INFO - Filling up the DagBag from /home/sakana/anaconda3/envs/airflow_env/lib/python3.8/site-packages/airflow/example_dags/example_kubernetes_executor.py
[2024-11-11T00:46:54.937+0100] {logging_mixin.py:190} INFO - [2024-11-11T00:46:54.937+0100] {example_kubernetes_executor.py:39} WARNING - The example_kubernetes_executor example DAG requires the kubernetes provider. Please install it with: pip install apache-airflow[cncf.kubernetes]
[2024-11-11T00:46:54.937+0100] {processor.py:927} WARNING - No viable dags retrieved from /home/sakana/anaconda3/envs/airflow_env/lib/python3.8/site-packages/airflow/example_dags/example_kubernetes_executor.py
[2024-11-11T00:46:54.950+0100] {processor.py:208} INFO - Processing /home/sakana/anaconda3/envs/airflow_env/lib/python3.8/site-packages/airflow/example_dags/example_kubernetes_executor.py took 0.031 seconds
[2024-11-11T00:47:53.025+0100] {processor.py:186} INFO - Started process (PID=8962) to work on /home/sakana/anaconda3/envs/airflow_env/lib/python3.8/site-packages/airflow/example_dags/example_kubernetes_executor.py
[2024-11-11T00:47:53.029+0100] {processor.py:914} INFO - Processing file /home/sakana/anaconda3/envs/airflow_env/lib/python3.8/site-packages/airflow/example_dags/example_kubernetes_executor.py for tasks to queue
[2024-11-11T00:47:53.031+0100] {logging_mixin.py:190} INFO - [2024-11-11T00:47:53.031+0100] {dagbag.py:588} INFO - Filling up the DagBag from /home/sakana/anaconda3/envs/airflow_env/lib/python3.8/site-packages/airflow/example_dags/example_kubernetes_executor.py
[2024-11-11T00:47:53.034+0100] {logging_mixin.py:190} INFO - [2024-11-11T00:47:53.034+0100] {example_kubernetes_executor.py:39} WARNING - The example_kubernetes_executor example DAG requires the kubernetes provider. Please install it with: pip install apache-airflow[cncf.kubernetes]
[2024-11-11T00:47:53.034+0100] {processor.py:927} WARNING - No viable dags retrieved from /home/sakana/anaconda3/envs/airflow_env/lib/python3.8/site-packages/airflow/example_dags/example_kubernetes_executor.py
[2024-11-11T00:47:53.044+0100] {processor.py:208} INFO - Processing /home/sakana/anaconda3/envs/airflow_env/lib/python3.8/site-packages/airflow/example_dags/example_kubernetes_executor.py took 0.026 seconds
[2024-11-11T00:48:50.474+0100] {processor.py:186} INFO - Started process (PID=9068) to work on /home/sakana/anaconda3/envs/airflow_env/lib/python3.8/site-packages/airflow/example_dags/example_kubernetes_executor.py
[2024-11-11T00:48:50.479+0100] {processor.py:914} INFO - Processing file /home/sakana/anaconda3/envs/airflow_env/lib/python3.8/site-packages/airflow/example_dags/example_kubernetes_executor.py for tasks to queue
[2024-11-11T00:48:50.483+0100] {logging_mixin.py:190} INFO - [2024-11-11T00:48:50.482+0100] {dagbag.py:588} INFO - Filling up the DagBag from /home/sakana/anaconda3/envs/airflow_env/lib/python3.8/site-packages/airflow/example_dags/example_kubernetes_executor.py
[2024-11-11T00:48:50.486+0100] {logging_mixin.py:190} INFO - [2024-11-11T00:48:50.486+0100] {example_kubernetes_executor.py:39} WARNING - The example_kubernetes_executor example DAG requires the kubernetes provider. Please install it with: pip install apache-airflow[cncf.kubernetes]
[2024-11-11T00:48:50.487+0100] {processor.py:927} WARNING - No viable dags retrieved from /home/sakana/anaconda3/envs/airflow_env/lib/python3.8/site-packages/airflow/example_dags/example_kubernetes_executor.py
[2024-11-11T00:48:50.500+0100] {processor.py:208} INFO - Processing /home/sakana/anaconda3/envs/airflow_env/lib/python3.8/site-packages/airflow/example_dags/example_kubernetes_executor.py took 0.036 seconds
[2024-11-11T00:49:47.598+0100] {processor.py:186} INFO - Started process (PID=9429) to work on /home/sakana/anaconda3/envs/airflow_env/lib/python3.8/site-packages/airflow/example_dags/example_kubernetes_executor.py
[2024-11-11T00:49:47.599+0100] {processor.py:914} INFO - Processing file /home/sakana/anaconda3/envs/airflow_env/lib/python3.8/site-packages/airflow/example_dags/example_kubernetes_executor.py for tasks to queue
[2024-11-11T00:49:47.601+0100] {logging_mixin.py:190} INFO - [2024-11-11T00:49:47.601+0100] {dagbag.py:588} INFO - Filling up the DagBag from /home/sakana/anaconda3/envs/airflow_env/lib/python3.8/site-packages/airflow/example_dags/example_kubernetes_executor.py
[2024-11-11T00:49:47.604+0100] {logging_mixin.py:190} INFO - [2024-11-11T00:49:47.604+0100] {example_kubernetes_executor.py:39} WARNING - The example_kubernetes_executor example DAG requires the kubernetes provider. Please install it with: pip install apache-airflow[cncf.kubernetes]
[2024-11-11T00:49:47.605+0100] {processor.py:927} WARNING - No viable dags retrieved from /home/sakana/anaconda3/envs/airflow_env/lib/python3.8/site-packages/airflow/example_dags/example_kubernetes_executor.py
[2024-11-11T00:49:47.618+0100] {processor.py:208} INFO - Processing /home/sakana/anaconda3/envs/airflow_env/lib/python3.8/site-packages/airflow/example_dags/example_kubernetes_executor.py took 0.027 seconds
[2024-11-11T00:50:47.276+0100] {processor.py:186} INFO - Started process (PID=9516) to work on /home/sakana/anaconda3/envs/airflow_env/lib/python3.8/site-packages/airflow/example_dags/example_kubernetes_executor.py
[2024-11-11T00:50:47.281+0100] {processor.py:914} INFO - Processing file /home/sakana/anaconda3/envs/airflow_env/lib/python3.8/site-packages/airflow/example_dags/example_kubernetes_executor.py for tasks to queue
[2024-11-11T00:50:47.289+0100] {logging_mixin.py:190} INFO - [2024-11-11T00:50:47.288+0100] {dagbag.py:588} INFO - Filling up the DagBag from /home/sakana/anaconda3/envs/airflow_env/lib/python3.8/site-packages/airflow/example_dags/example_kubernetes_executor.py
[2024-11-11T00:50:47.297+0100] {logging_mixin.py:190} INFO - [2024-11-11T00:50:47.296+0100] {example_kubernetes_executor.py:39} WARNING - The example_kubernetes_executor example DAG requires the kubernetes provider. Please install it with: pip install apache-airflow[cncf.kubernetes]
[2024-11-11T00:50:47.298+0100] {processor.py:927} WARNING - No viable dags retrieved from /home/sakana/anaconda3/envs/airflow_env/lib/python3.8/site-packages/airflow/example_dags/example_kubernetes_executor.py
[2024-11-11T00:50:47.313+0100] {processor.py:208} INFO - Processing /home/sakana/anaconda3/envs/airflow_env/lib/python3.8/site-packages/airflow/example_dags/example_kubernetes_executor.py took 0.044 seconds
[2024-11-11T00:51:46.569+0100] {processor.py:186} INFO - Started process (PID=9617) to work on /home/sakana/anaconda3/envs/airflow_env/lib/python3.8/site-packages/airflow/example_dags/example_kubernetes_executor.py
[2024-11-11T00:51:46.573+0100] {processor.py:914} INFO - Processing file /home/sakana/anaconda3/envs/airflow_env/lib/python3.8/site-packages/airflow/example_dags/example_kubernetes_executor.py for tasks to queue
[2024-11-11T00:51:46.576+0100] {logging_mixin.py:190} INFO - [2024-11-11T00:51:46.576+0100] {dagbag.py:588} INFO - Filling up the DagBag from /home/sakana/anaconda3/envs/airflow_env/lib/python3.8/site-packages/airflow/example_dags/example_kubernetes_executor.py
[2024-11-11T00:51:46.581+0100] {logging_mixin.py:190} INFO - [2024-11-11T00:51:46.581+0100] {example_kubernetes_executor.py:39} WARNING - The example_kubernetes_executor example DAG requires the kubernetes provider. Please install it with: pip install apache-airflow[cncf.kubernetes]
[2024-11-11T00:51:46.581+0100] {processor.py:927} WARNING - No viable dags retrieved from /home/sakana/anaconda3/envs/airflow_env/lib/python3.8/site-packages/airflow/example_dags/example_kubernetes_executor.py
[2024-11-11T00:51:46.595+0100] {processor.py:208} INFO - Processing /home/sakana/anaconda3/envs/airflow_env/lib/python3.8/site-packages/airflow/example_dags/example_kubernetes_executor.py took 0.034 seconds
[2024-11-11T00:52:41.914+0100] {processor.py:186} INFO - Started process (PID=9807) to work on /home/sakana/anaconda3/envs/airflow_env/lib/python3.8/site-packages/airflow/example_dags/example_kubernetes_executor.py
[2024-11-11T00:52:41.915+0100] {processor.py:914} INFO - Processing file /home/sakana/anaconda3/envs/airflow_env/lib/python3.8/site-packages/airflow/example_dags/example_kubernetes_executor.py for tasks to queue
[2024-11-11T00:52:41.918+0100] {logging_mixin.py:190} INFO - [2024-11-11T00:52:41.918+0100] {dagbag.py:588} INFO - Filling up the DagBag from /home/sakana/anaconda3/envs/airflow_env/lib/python3.8/site-packages/airflow/example_dags/example_kubernetes_executor.py
[2024-11-11T00:52:41.923+0100] {logging_mixin.py:190} INFO - [2024-11-11T00:52:41.923+0100] {example_kubernetes_executor.py:39} WARNING - The example_kubernetes_executor example DAG requires the kubernetes provider. Please install it with: pip install apache-airflow[cncf.kubernetes]
[2024-11-11T00:52:41.924+0100] {processor.py:927} WARNING - No viable dags retrieved from /home/sakana/anaconda3/envs/airflow_env/lib/python3.8/site-packages/airflow/example_dags/example_kubernetes_executor.py
[2024-11-11T00:52:41.940+0100] {processor.py:208} INFO - Processing /home/sakana/anaconda3/envs/airflow_env/lib/python3.8/site-packages/airflow/example_dags/example_kubernetes_executor.py took 0.037 seconds
[2024-11-11T00:53:43.328+0100] {processor.py:186} INFO - Started process (PID=9897) to work on /home/sakana/anaconda3/envs/airflow_env/lib/python3.8/site-packages/airflow/example_dags/example_kubernetes_executor.py
[2024-11-11T00:53:43.329+0100] {processor.py:914} INFO - Processing file /home/sakana/anaconda3/envs/airflow_env/lib/python3.8/site-packages/airflow/example_dags/example_kubernetes_executor.py for tasks to queue
[2024-11-11T00:53:43.331+0100] {logging_mixin.py:190} INFO - [2024-11-11T00:53:43.330+0100] {dagbag.py:588} INFO - Filling up the DagBag from /home/sakana/anaconda3/envs/airflow_env/lib/python3.8/site-packages/airflow/example_dags/example_kubernetes_executor.py
[2024-11-11T00:53:43.334+0100] {logging_mixin.py:190} INFO - [2024-11-11T00:53:43.334+0100] {example_kubernetes_executor.py:39} WARNING - The example_kubernetes_executor example DAG requires the kubernetes provider. Please install it with: pip install apache-airflow[cncf.kubernetes]
[2024-11-11T00:53:43.334+0100] {processor.py:927} WARNING - No viable dags retrieved from /home/sakana/anaconda3/envs/airflow_env/lib/python3.8/site-packages/airflow/example_dags/example_kubernetes_executor.py
[2024-11-11T00:53:43.353+0100] {processor.py:208} INFO - Processing /home/sakana/anaconda3/envs/airflow_env/lib/python3.8/site-packages/airflow/example_dags/example_kubernetes_executor.py took 0.034 seconds
