[2024-11-11T00:25:48.298+0100] {processor.py:186} INFO - Started process (PID=6700) to work on /home/sakana/anaconda3/envs/airflow_env/lib/python3.8/site-packages/airflow/example_dags/example_setup_teardown_taskflow.py
[2024-11-11T00:25:48.298+0100] {processor.py:914} INFO - Processing file /home/sakana/anaconda3/envs/airflow_env/lib/python3.8/site-packages/airflow/example_dags/example_setup_teardown_taskflow.py for tasks to queue
[2024-11-11T00:25:48.301+0100] {logging_mixin.py:190} INFO - [2024-11-11T00:25:48.300+0100] {dagbag.py:588} INFO - Filling up the DagBag from /home/sakana/anaconda3/envs/airflow_env/lib/python3.8/site-packages/airflow/example_dags/example_setup_teardown_taskflow.py
[2024-11-11T00:25:48.312+0100] {processor.py:925} INFO - DAG(s) 'example_setup_teardown_taskflow' retrieved from /home/sakana/anaconda3/envs/airflow_env/lib/python3.8/site-packages/airflow/example_dags/example_setup_teardown_taskflow.py
[2024-11-11T00:25:48.441+0100] {logging_mixin.py:190} INFO - [2024-11-11T00:25:48.441+0100] {override.py:1901} INFO - Created Permission View: can edit on DAG:example_setup_teardown_taskflow
[2024-11-11T00:25:48.459+0100] {logging_mixin.py:190} INFO - [2024-11-11T00:25:48.459+0100] {override.py:1901} INFO - Created Permission View: can read on DAG:example_setup_teardown_taskflow
[2024-11-11T00:25:48.475+0100] {logging_mixin.py:190} INFO - [2024-11-11T00:25:48.474+0100] {override.py:1901} INFO - Created Permission View: can delete on DAG:example_setup_teardown_taskflow
[2024-11-11T00:25:48.502+0100] {logging_mixin.py:190} INFO - [2024-11-11T00:25:48.502+0100] {override.py:1901} INFO - Created Permission View: can create on DAG Run:example_setup_teardown_taskflow
[2024-11-11T00:25:48.516+0100] {logging_mixin.py:190} INFO - [2024-11-11T00:25:48.516+0100] {override.py:1901} INFO - Created Permission View: can read on DAG Run:example_setup_teardown_taskflow
[2024-11-11T00:25:48.531+0100] {logging_mixin.py:190} INFO - [2024-11-11T00:25:48.530+0100] {override.py:1901} INFO - Created Permission View: can delete on DAG Run:example_setup_teardown_taskflow
[2024-11-11T00:25:48.550+0100] {logging_mixin.py:190} INFO - [2024-11-11T00:25:48.550+0100] {override.py:1901} INFO - Created Permission View: menu access on DAG Run:example_setup_teardown_taskflow
[2024-11-11T00:25:48.550+0100] {logging_mixin.py:190} INFO - [2024-11-11T00:25:48.550+0100] {dag.py:3239} INFO - Sync 1 DAGs
[2024-11-11T00:25:48.566+0100] {logging_mixin.py:190} INFO - [2024-11-11T00:25:48.565+0100] {dag.py:3262} INFO - Creating ORM DAG for example_setup_teardown_taskflow
[2024-11-11T00:25:48.567+0100] {logging_mixin.py:190} INFO - [2024-11-11T00:25:48.566+0100] {dag.py:4180} INFO - Setting next_dagrun for example_setup_teardown_taskflow to None, run_after=None
[2024-11-11T00:25:48.603+0100] {processor.py:208} INFO - Processing /home/sakana/anaconda3/envs/airflow_env/lib/python3.8/site-packages/airflow/example_dags/example_setup_teardown_taskflow.py took 0.312 seconds
[2024-11-11T00:26:56.215+0100] {processor.py:186} INFO - Started process (PID=6898) to work on /home/sakana/anaconda3/envs/airflow_env/lib/python3.8/site-packages/airflow/example_dags/example_setup_teardown_taskflow.py
[2024-11-11T00:26:56.220+0100] {processor.py:914} INFO - Processing file /home/sakana/anaconda3/envs/airflow_env/lib/python3.8/site-packages/airflow/example_dags/example_setup_teardown_taskflow.py for tasks to queue
[2024-11-11T00:26:56.222+0100] {logging_mixin.py:190} INFO - [2024-11-11T00:26:56.222+0100] {dagbag.py:588} INFO - Filling up the DagBag from /home/sakana/anaconda3/envs/airflow_env/lib/python3.8/site-packages/airflow/example_dags/example_setup_teardown_taskflow.py
[2024-11-11T00:26:56.235+0100] {processor.py:925} INFO - DAG(s) 'example_setup_teardown_taskflow' retrieved from /home/sakana/anaconda3/envs/airflow_env/lib/python3.8/site-packages/airflow/example_dags/example_setup_teardown_taskflow.py
[2024-11-11T00:26:56.255+0100] {logging_mixin.py:190} INFO - [2024-11-11T00:26:56.254+0100] {dag.py:3239} INFO - Sync 1 DAGs
[2024-11-11T00:26:56.266+0100] {logging_mixin.py:190} INFO - [2024-11-11T00:26:56.266+0100] {dag.py:4180} INFO - Setting next_dagrun for example_setup_teardown_taskflow to None, run_after=None
[2024-11-11T00:26:56.290+0100] {processor.py:208} INFO - Processing /home/sakana/anaconda3/envs/airflow_env/lib/python3.8/site-packages/airflow/example_dags/example_setup_teardown_taskflow.py took 0.082 seconds
[2024-11-11T00:27:52.229+0100] {processor.py:186} INFO - Started process (PID=6977) to work on /home/sakana/anaconda3/envs/airflow_env/lib/python3.8/site-packages/airflow/example_dags/example_setup_teardown_taskflow.py
[2024-11-11T00:27:52.234+0100] {processor.py:914} INFO - Processing file /home/sakana/anaconda3/envs/airflow_env/lib/python3.8/site-packages/airflow/example_dags/example_setup_teardown_taskflow.py for tasks to queue
[2024-11-11T00:27:52.237+0100] {logging_mixin.py:190} INFO - [2024-11-11T00:27:52.237+0100] {dagbag.py:588} INFO - Filling up the DagBag from /home/sakana/anaconda3/envs/airflow_env/lib/python3.8/site-packages/airflow/example_dags/example_setup_teardown_taskflow.py
[2024-11-11T00:27:52.249+0100] {processor.py:925} INFO - DAG(s) 'example_setup_teardown_taskflow' retrieved from /home/sakana/anaconda3/envs/airflow_env/lib/python3.8/site-packages/airflow/example_dags/example_setup_teardown_taskflow.py
[2024-11-11T00:27:52.266+0100] {logging_mixin.py:190} INFO - [2024-11-11T00:27:52.266+0100] {dag.py:3239} INFO - Sync 1 DAGs
[2024-11-11T00:27:52.277+0100] {logging_mixin.py:190} INFO - [2024-11-11T00:27:52.277+0100] {dag.py:4180} INFO - Setting next_dagrun for example_setup_teardown_taskflow to None, run_after=None
[2024-11-11T00:27:52.305+0100] {processor.py:208} INFO - Processing /home/sakana/anaconda3/envs/airflow_env/lib/python3.8/site-packages/airflow/example_dags/example_setup_teardown_taskflow.py took 0.083 seconds
[2024-11-11T00:28:48.250+0100] {processor.py:186} INFO - Started process (PID=7077) to work on /home/sakana/anaconda3/envs/airflow_env/lib/python3.8/site-packages/airflow/example_dags/example_setup_teardown_taskflow.py
[2024-11-11T00:28:48.255+0100] {processor.py:914} INFO - Processing file /home/sakana/anaconda3/envs/airflow_env/lib/python3.8/site-packages/airflow/example_dags/example_setup_teardown_taskflow.py for tasks to queue
[2024-11-11T00:28:48.257+0100] {logging_mixin.py:190} INFO - [2024-11-11T00:28:48.256+0100] {dagbag.py:588} INFO - Filling up the DagBag from /home/sakana/anaconda3/envs/airflow_env/lib/python3.8/site-packages/airflow/example_dags/example_setup_teardown_taskflow.py
[2024-11-11T00:28:48.269+0100] {processor.py:925} INFO - DAG(s) 'example_setup_teardown_taskflow' retrieved from /home/sakana/anaconda3/envs/airflow_env/lib/python3.8/site-packages/airflow/example_dags/example_setup_teardown_taskflow.py
[2024-11-11T00:28:48.286+0100] {logging_mixin.py:190} INFO - [2024-11-11T00:28:48.286+0100] {dag.py:3239} INFO - Sync 1 DAGs
[2024-11-11T00:28:48.297+0100] {logging_mixin.py:190} INFO - [2024-11-11T00:28:48.297+0100] {dag.py:4180} INFO - Setting next_dagrun for example_setup_teardown_taskflow to None, run_after=None
[2024-11-11T00:28:48.314+0100] {processor.py:208} INFO - Processing /home/sakana/anaconda3/envs/airflow_env/lib/python3.8/site-packages/airflow/example_dags/example_setup_teardown_taskflow.py took 0.071 seconds
[2024-11-11T00:29:43.068+0100] {processor.py:186} INFO - Started process (PID=7158) to work on /home/sakana/anaconda3/envs/airflow_env/lib/python3.8/site-packages/airflow/example_dags/example_setup_teardown_taskflow.py
[2024-11-11T00:29:43.074+0100] {processor.py:914} INFO - Processing file /home/sakana/anaconda3/envs/airflow_env/lib/python3.8/site-packages/airflow/example_dags/example_setup_teardown_taskflow.py for tasks to queue
[2024-11-11T00:29:43.082+0100] {logging_mixin.py:190} INFO - [2024-11-11T00:29:43.080+0100] {dagbag.py:588} INFO - Filling up the DagBag from /home/sakana/anaconda3/envs/airflow_env/lib/python3.8/site-packages/airflow/example_dags/example_setup_teardown_taskflow.py
[2024-11-11T00:29:43.105+0100] {processor.py:925} INFO - DAG(s) 'example_setup_teardown_taskflow' retrieved from /home/sakana/anaconda3/envs/airflow_env/lib/python3.8/site-packages/airflow/example_dags/example_setup_teardown_taskflow.py
[2024-11-11T00:29:43.124+0100] {logging_mixin.py:190} INFO - [2024-11-11T00:29:43.124+0100] {dag.py:3239} INFO - Sync 1 DAGs
[2024-11-11T00:29:43.137+0100] {logging_mixin.py:190} INFO - [2024-11-11T00:29:43.137+0100] {dag.py:4180} INFO - Setting next_dagrun for example_setup_teardown_taskflow to None, run_after=None
[2024-11-11T00:29:43.153+0100] {processor.py:208} INFO - Processing /home/sakana/anaconda3/envs/airflow_env/lib/python3.8/site-packages/airflow/example_dags/example_setup_teardown_taskflow.py took 0.093 seconds
[2024-11-11T00:30:37.418+0100] {processor.py:186} INFO - Started process (PID=7237) to work on /home/sakana/anaconda3/envs/airflow_env/lib/python3.8/site-packages/airflow/example_dags/example_setup_teardown_taskflow.py
[2024-11-11T00:30:37.423+0100] {processor.py:914} INFO - Processing file /home/sakana/anaconda3/envs/airflow_env/lib/python3.8/site-packages/airflow/example_dags/example_setup_teardown_taskflow.py for tasks to queue
[2024-11-11T00:30:37.426+0100] {logging_mixin.py:190} INFO - [2024-11-11T00:30:37.425+0100] {dagbag.py:588} INFO - Filling up the DagBag from /home/sakana/anaconda3/envs/airflow_env/lib/python3.8/site-packages/airflow/example_dags/example_setup_teardown_taskflow.py
[2024-11-11T00:30:37.436+0100] {processor.py:925} INFO - DAG(s) 'example_setup_teardown_taskflow' retrieved from /home/sakana/anaconda3/envs/airflow_env/lib/python3.8/site-packages/airflow/example_dags/example_setup_teardown_taskflow.py
[2024-11-11T00:30:37.453+0100] {logging_mixin.py:190} INFO - [2024-11-11T00:30:37.452+0100] {dag.py:3239} INFO - Sync 1 DAGs
[2024-11-11T00:30:37.465+0100] {logging_mixin.py:190} INFO - [2024-11-11T00:30:37.464+0100] {dag.py:4180} INFO - Setting next_dagrun for example_setup_teardown_taskflow to None, run_after=None
[2024-11-11T00:30:37.481+0100] {processor.py:208} INFO - Processing /home/sakana/anaconda3/envs/airflow_env/lib/python3.8/site-packages/airflow/example_dags/example_setup_teardown_taskflow.py took 0.070 seconds
[2024-11-11T00:31:34.095+0100] {processor.py:186} INFO - Started process (PID=7313) to work on /home/sakana/anaconda3/envs/airflow_env/lib/python3.8/site-packages/airflow/example_dags/example_setup_teardown_taskflow.py
[2024-11-11T00:31:34.100+0100] {processor.py:914} INFO - Processing file /home/sakana/anaconda3/envs/airflow_env/lib/python3.8/site-packages/airflow/example_dags/example_setup_teardown_taskflow.py for tasks to queue
[2024-11-11T00:31:34.102+0100] {logging_mixin.py:190} INFO - [2024-11-11T00:31:34.101+0100] {dagbag.py:588} INFO - Filling up the DagBag from /home/sakana/anaconda3/envs/airflow_env/lib/python3.8/site-packages/airflow/example_dags/example_setup_teardown_taskflow.py
[2024-11-11T00:31:34.114+0100] {processor.py:925} INFO - DAG(s) 'example_setup_teardown_taskflow' retrieved from /home/sakana/anaconda3/envs/airflow_env/lib/python3.8/site-packages/airflow/example_dags/example_setup_teardown_taskflow.py
[2024-11-11T00:31:34.133+0100] {logging_mixin.py:190} INFO - [2024-11-11T00:31:34.133+0100] {dag.py:3239} INFO - Sync 1 DAGs
[2024-11-11T00:31:34.143+0100] {logging_mixin.py:190} INFO - [2024-11-11T00:31:34.143+0100] {dag.py:4180} INFO - Setting next_dagrun for example_setup_teardown_taskflow to None, run_after=None
[2024-11-11T00:31:34.161+0100] {processor.py:208} INFO - Processing /home/sakana/anaconda3/envs/airflow_env/lib/python3.8/site-packages/airflow/example_dags/example_setup_teardown_taskflow.py took 0.072 seconds
[2024-11-11T00:32:28.694+0100] {processor.py:186} INFO - Started process (PID=7386) to work on /home/sakana/anaconda3/envs/airflow_env/lib/python3.8/site-packages/airflow/example_dags/example_setup_teardown_taskflow.py
[2024-11-11T00:32:28.699+0100] {processor.py:914} INFO - Processing file /home/sakana/anaconda3/envs/airflow_env/lib/python3.8/site-packages/airflow/example_dags/example_setup_teardown_taskflow.py for tasks to queue
[2024-11-11T00:32:28.704+0100] {logging_mixin.py:190} INFO - [2024-11-11T00:32:28.703+0100] {dagbag.py:588} INFO - Filling up the DagBag from /home/sakana/anaconda3/envs/airflow_env/lib/python3.8/site-packages/airflow/example_dags/example_setup_teardown_taskflow.py
[2024-11-11T00:32:28.717+0100] {processor.py:925} INFO - DAG(s) 'example_setup_teardown_taskflow' retrieved from /home/sakana/anaconda3/envs/airflow_env/lib/python3.8/site-packages/airflow/example_dags/example_setup_teardown_taskflow.py
[2024-11-11T00:32:28.734+0100] {logging_mixin.py:190} INFO - [2024-11-11T00:32:28.733+0100] {dag.py:3239} INFO - Sync 1 DAGs
[2024-11-11T00:32:28.744+0100] {logging_mixin.py:190} INFO - [2024-11-11T00:32:28.744+0100] {dag.py:4180} INFO - Setting next_dagrun for example_setup_teardown_taskflow to None, run_after=None
[2024-11-11T00:32:28.762+0100] {processor.py:208} INFO - Processing /home/sakana/anaconda3/envs/airflow_env/lib/python3.8/site-packages/airflow/example_dags/example_setup_teardown_taskflow.py took 0.081 seconds
[2024-11-11T00:33:24.300+0100] {processor.py:186} INFO - Started process (PID=7475) to work on /home/sakana/anaconda3/envs/airflow_env/lib/python3.8/site-packages/airflow/example_dags/example_setup_teardown_taskflow.py
[2024-11-11T00:33:24.305+0100] {processor.py:914} INFO - Processing file /home/sakana/anaconda3/envs/airflow_env/lib/python3.8/site-packages/airflow/example_dags/example_setup_teardown_taskflow.py for tasks to queue
[2024-11-11T00:33:24.310+0100] {logging_mixin.py:190} INFO - [2024-11-11T00:33:24.309+0100] {dagbag.py:588} INFO - Filling up the DagBag from /home/sakana/anaconda3/envs/airflow_env/lib/python3.8/site-packages/airflow/example_dags/example_setup_teardown_taskflow.py
[2024-11-11T00:33:24.324+0100] {processor.py:925} INFO - DAG(s) 'example_setup_teardown_taskflow' retrieved from /home/sakana/anaconda3/envs/airflow_env/lib/python3.8/site-packages/airflow/example_dags/example_setup_teardown_taskflow.py
[2024-11-11T00:33:24.340+0100] {logging_mixin.py:190} INFO - [2024-11-11T00:33:24.340+0100] {dag.py:3239} INFO - Sync 1 DAGs
[2024-11-11T00:33:24.351+0100] {logging_mixin.py:190} INFO - [2024-11-11T00:33:24.351+0100] {dag.py:4180} INFO - Setting next_dagrun for example_setup_teardown_taskflow to None, run_after=None
[2024-11-11T00:33:24.369+0100] {processor.py:208} INFO - Processing /home/sakana/anaconda3/envs/airflow_env/lib/python3.8/site-packages/airflow/example_dags/example_setup_teardown_taskflow.py took 0.085 seconds
[2024-11-11T00:34:20.544+0100] {processor.py:186} INFO - Started process (PID=7560) to work on /home/sakana/anaconda3/envs/airflow_env/lib/python3.8/site-packages/airflow/example_dags/example_setup_teardown_taskflow.py
[2024-11-11T00:34:20.549+0100] {processor.py:914} INFO - Processing file /home/sakana/anaconda3/envs/airflow_env/lib/python3.8/site-packages/airflow/example_dags/example_setup_teardown_taskflow.py for tasks to queue
[2024-11-11T00:34:20.551+0100] {logging_mixin.py:190} INFO - [2024-11-11T00:34:20.550+0100] {dagbag.py:588} INFO - Filling up the DagBag from /home/sakana/anaconda3/envs/airflow_env/lib/python3.8/site-packages/airflow/example_dags/example_setup_teardown_taskflow.py
[2024-11-11T00:34:20.563+0100] {processor.py:925} INFO - DAG(s) 'example_setup_teardown_taskflow' retrieved from /home/sakana/anaconda3/envs/airflow_env/lib/python3.8/site-packages/airflow/example_dags/example_setup_teardown_taskflow.py
[2024-11-11T00:34:20.579+0100] {logging_mixin.py:190} INFO - [2024-11-11T00:34:20.578+0100] {dag.py:3239} INFO - Sync 1 DAGs
[2024-11-11T00:34:20.590+0100] {logging_mixin.py:190} INFO - [2024-11-11T00:34:20.590+0100] {dag.py:4180} INFO - Setting next_dagrun for example_setup_teardown_taskflow to None, run_after=None
[2024-11-11T00:34:20.610+0100] {processor.py:208} INFO - Processing /home/sakana/anaconda3/envs/airflow_env/lib/python3.8/site-packages/airflow/example_dags/example_setup_teardown_taskflow.py took 0.074 seconds
[2024-11-11T00:35:17.829+0100] {processor.py:186} INFO - Started process (PID=7638) to work on /home/sakana/anaconda3/envs/airflow_env/lib/python3.8/site-packages/airflow/example_dags/example_setup_teardown_taskflow.py
[2024-11-11T00:35:17.835+0100] {processor.py:914} INFO - Processing file /home/sakana/anaconda3/envs/airflow_env/lib/python3.8/site-packages/airflow/example_dags/example_setup_teardown_taskflow.py for tasks to queue
[2024-11-11T00:35:17.839+0100] {logging_mixin.py:190} INFO - [2024-11-11T00:35:17.838+0100] {dagbag.py:588} INFO - Filling up the DagBag from /home/sakana/anaconda3/envs/airflow_env/lib/python3.8/site-packages/airflow/example_dags/example_setup_teardown_taskflow.py
[2024-11-11T00:35:17.858+0100] {processor.py:925} INFO - DAG(s) 'example_setup_teardown_taskflow' retrieved from /home/sakana/anaconda3/envs/airflow_env/lib/python3.8/site-packages/airflow/example_dags/example_setup_teardown_taskflow.py
[2024-11-11T00:35:17.876+0100] {logging_mixin.py:190} INFO - [2024-11-11T00:35:17.875+0100] {dag.py:3239} INFO - Sync 1 DAGs
[2024-11-11T00:35:17.888+0100] {logging_mixin.py:190} INFO - [2024-11-11T00:35:17.887+0100] {dag.py:4180} INFO - Setting next_dagrun for example_setup_teardown_taskflow to None, run_after=None
[2024-11-11T00:35:17.908+0100] {processor.py:208} INFO - Processing /home/sakana/anaconda3/envs/airflow_env/lib/python3.8/site-packages/airflow/example_dags/example_setup_teardown_taskflow.py took 0.091 seconds
[2024-11-11T00:36:10.901+0100] {processor.py:186} INFO - Started process (PID=7711) to work on /home/sakana/anaconda3/envs/airflow_env/lib/python3.8/site-packages/airflow/example_dags/example_setup_teardown_taskflow.py
[2024-11-11T00:36:10.907+0100] {processor.py:914} INFO - Processing file /home/sakana/anaconda3/envs/airflow_env/lib/python3.8/site-packages/airflow/example_dags/example_setup_teardown_taskflow.py for tasks to queue
[2024-11-11T00:36:10.913+0100] {logging_mixin.py:190} INFO - [2024-11-11T00:36:10.912+0100] {dagbag.py:588} INFO - Filling up the DagBag from /home/sakana/anaconda3/envs/airflow_env/lib/python3.8/site-packages/airflow/example_dags/example_setup_teardown_taskflow.py
[2024-11-11T00:36:10.941+0100] {processor.py:925} INFO - DAG(s) 'example_setup_teardown_taskflow' retrieved from /home/sakana/anaconda3/envs/airflow_env/lib/python3.8/site-packages/airflow/example_dags/example_setup_teardown_taskflow.py
[2024-11-11T00:36:10.961+0100] {logging_mixin.py:190} INFO - [2024-11-11T00:36:10.960+0100] {dag.py:3239} INFO - Sync 1 DAGs
[2024-11-11T00:36:10.972+0100] {logging_mixin.py:190} INFO - [2024-11-11T00:36:10.972+0100] {dag.py:4180} INFO - Setting next_dagrun for example_setup_teardown_taskflow to None, run_after=None
[2024-11-11T00:36:11.003+0100] {processor.py:208} INFO - Processing /home/sakana/anaconda3/envs/airflow_env/lib/python3.8/site-packages/airflow/example_dags/example_setup_teardown_taskflow.py took 0.109 seconds
[2024-11-11T00:37:07.811+0100] {processor.py:186} INFO - Started process (PID=7782) to work on /home/sakana/anaconda3/envs/airflow_env/lib/python3.8/site-packages/airflow/example_dags/example_setup_teardown_taskflow.py
[2024-11-11T00:37:07.816+0100] {processor.py:914} INFO - Processing file /home/sakana/anaconda3/envs/airflow_env/lib/python3.8/site-packages/airflow/example_dags/example_setup_teardown_taskflow.py for tasks to queue
[2024-11-11T00:37:07.818+0100] {logging_mixin.py:190} INFO - [2024-11-11T00:37:07.818+0100] {dagbag.py:588} INFO - Filling up the DagBag from /home/sakana/anaconda3/envs/airflow_env/lib/python3.8/site-packages/airflow/example_dags/example_setup_teardown_taskflow.py
[2024-11-11T00:37:07.829+0100] {processor.py:925} INFO - DAG(s) 'example_setup_teardown_taskflow' retrieved from /home/sakana/anaconda3/envs/airflow_env/lib/python3.8/site-packages/airflow/example_dags/example_setup_teardown_taskflow.py
[2024-11-11T00:37:07.846+0100] {logging_mixin.py:190} INFO - [2024-11-11T00:37:07.846+0100] {dag.py:3239} INFO - Sync 1 DAGs
[2024-11-11T00:37:07.857+0100] {logging_mixin.py:190} INFO - [2024-11-11T00:37:07.857+0100] {dag.py:4180} INFO - Setting next_dagrun for example_setup_teardown_taskflow to None, run_after=None
[2024-11-11T00:37:07.891+0100] {processor.py:208} INFO - Processing /home/sakana/anaconda3/envs/airflow_env/lib/python3.8/site-packages/airflow/example_dags/example_setup_teardown_taskflow.py took 0.086 seconds
[2024-11-11T00:38:04.643+0100] {processor.py:186} INFO - Started process (PID=7860) to work on /home/sakana/anaconda3/envs/airflow_env/lib/python3.8/site-packages/airflow/example_dags/example_setup_teardown_taskflow.py
[2024-11-11T00:38:04.648+0100] {processor.py:914} INFO - Processing file /home/sakana/anaconda3/envs/airflow_env/lib/python3.8/site-packages/airflow/example_dags/example_setup_teardown_taskflow.py for tasks to queue
[2024-11-11T00:38:04.650+0100] {logging_mixin.py:190} INFO - [2024-11-11T00:38:04.649+0100] {dagbag.py:588} INFO - Filling up the DagBag from /home/sakana/anaconda3/envs/airflow_env/lib/python3.8/site-packages/airflow/example_dags/example_setup_teardown_taskflow.py
[2024-11-11T00:38:04.662+0100] {processor.py:925} INFO - DAG(s) 'example_setup_teardown_taskflow' retrieved from /home/sakana/anaconda3/envs/airflow_env/lib/python3.8/site-packages/airflow/example_dags/example_setup_teardown_taskflow.py
[2024-11-11T00:38:04.682+0100] {logging_mixin.py:190} INFO - [2024-11-11T00:38:04.681+0100] {dag.py:3239} INFO - Sync 1 DAGs
[2024-11-11T00:38:04.693+0100] {logging_mixin.py:190} INFO - [2024-11-11T00:38:04.693+0100] {dag.py:4180} INFO - Setting next_dagrun for example_setup_teardown_taskflow to None, run_after=None
[2024-11-11T00:38:04.717+0100] {processor.py:208} INFO - Processing /home/sakana/anaconda3/envs/airflow_env/lib/python3.8/site-packages/airflow/example_dags/example_setup_teardown_taskflow.py took 0.080 seconds
[2024-11-11T00:38:58.101+0100] {processor.py:186} INFO - Started process (PID=7961) to work on /home/sakana/anaconda3/envs/airflow_env/lib/python3.8/site-packages/airflow/example_dags/example_setup_teardown_taskflow.py
[2024-11-11T00:38:58.106+0100] {processor.py:914} INFO - Processing file /home/sakana/anaconda3/envs/airflow_env/lib/python3.8/site-packages/airflow/example_dags/example_setup_teardown_taskflow.py for tasks to queue
[2024-11-11T00:38:58.109+0100] {logging_mixin.py:190} INFO - [2024-11-11T00:38:58.108+0100] {dagbag.py:588} INFO - Filling up the DagBag from /home/sakana/anaconda3/envs/airflow_env/lib/python3.8/site-packages/airflow/example_dags/example_setup_teardown_taskflow.py
[2024-11-11T00:38:58.124+0100] {processor.py:925} INFO - DAG(s) 'example_setup_teardown_taskflow' retrieved from /home/sakana/anaconda3/envs/airflow_env/lib/python3.8/site-packages/airflow/example_dags/example_setup_teardown_taskflow.py
[2024-11-11T00:38:58.140+0100] {logging_mixin.py:190} INFO - [2024-11-11T00:38:58.140+0100] {dag.py:3239} INFO - Sync 1 DAGs
[2024-11-11T00:38:58.153+0100] {logging_mixin.py:190} INFO - [2024-11-11T00:38:58.152+0100] {dag.py:4180} INFO - Setting next_dagrun for example_setup_teardown_taskflow to None, run_after=None
[2024-11-11T00:38:58.189+0100] {processor.py:208} INFO - Processing /home/sakana/anaconda3/envs/airflow_env/lib/python3.8/site-packages/airflow/example_dags/example_setup_teardown_taskflow.py took 0.095 seconds
[2024-11-11T00:39:55.115+0100] {processor.py:186} INFO - Started process (PID=8116) to work on /home/sakana/anaconda3/envs/airflow_env/lib/python3.8/site-packages/airflow/example_dags/example_setup_teardown_taskflow.py
[2024-11-11T00:39:55.120+0100] {processor.py:914} INFO - Processing file /home/sakana/anaconda3/envs/airflow_env/lib/python3.8/site-packages/airflow/example_dags/example_setup_teardown_taskflow.py for tasks to queue
[2024-11-11T00:39:55.122+0100] {logging_mixin.py:190} INFO - [2024-11-11T00:39:55.122+0100] {dagbag.py:588} INFO - Filling up the DagBag from /home/sakana/anaconda3/envs/airflow_env/lib/python3.8/site-packages/airflow/example_dags/example_setup_teardown_taskflow.py
[2024-11-11T00:39:55.134+0100] {processor.py:925} INFO - DAG(s) 'example_setup_teardown_taskflow' retrieved from /home/sakana/anaconda3/envs/airflow_env/lib/python3.8/site-packages/airflow/example_dags/example_setup_teardown_taskflow.py
[2024-11-11T00:39:55.153+0100] {logging_mixin.py:190} INFO - [2024-11-11T00:39:55.153+0100] {dag.py:3239} INFO - Sync 1 DAGs
[2024-11-11T00:39:55.165+0100] {logging_mixin.py:190} INFO - [2024-11-11T00:39:55.164+0100] {dag.py:4180} INFO - Setting next_dagrun for example_setup_teardown_taskflow to None, run_after=None
[2024-11-11T00:39:55.188+0100] {processor.py:208} INFO - Processing /home/sakana/anaconda3/envs/airflow_env/lib/python3.8/site-packages/airflow/example_dags/example_setup_teardown_taskflow.py took 0.080 seconds
[2024-11-11T00:43:11.423+0100] {processor.py:186} INFO - Started process (PID=8502) to work on /home/sakana/anaconda3/envs/airflow_env/lib/python3.8/site-packages/airflow/example_dags/example_setup_teardown_taskflow.py
[2024-11-11T00:43:11.425+0100] {processor.py:914} INFO - Processing file /home/sakana/anaconda3/envs/airflow_env/lib/python3.8/site-packages/airflow/example_dags/example_setup_teardown_taskflow.py for tasks to queue
[2024-11-11T00:43:11.429+0100] {logging_mixin.py:190} INFO - [2024-11-11T00:43:11.429+0100] {dagbag.py:588} INFO - Filling up the DagBag from /home/sakana/anaconda3/envs/airflow_env/lib/python3.8/site-packages/airflow/example_dags/example_setup_teardown_taskflow.py
[2024-11-11T00:43:11.454+0100] {processor.py:925} INFO - DAG(s) 'example_setup_teardown_taskflow' retrieved from /home/sakana/anaconda3/envs/airflow_env/lib/python3.8/site-packages/airflow/example_dags/example_setup_teardown_taskflow.py
[2024-11-11T00:43:11.500+0100] {logging_mixin.py:190} INFO - [2024-11-11T00:43:11.500+0100] {dag.py:3239} INFO - Sync 1 DAGs
[2024-11-11T00:43:11.521+0100] {logging_mixin.py:190} INFO - [2024-11-11T00:43:11.521+0100] {dag.py:4180} INFO - Setting next_dagrun for example_setup_teardown_taskflow to None, run_after=None
[2024-11-11T00:43:11.551+0100] {processor.py:208} INFO - Processing /home/sakana/anaconda3/envs/airflow_env/lib/python3.8/site-packages/airflow/example_dags/example_setup_teardown_taskflow.py took 0.140 seconds
[2024-11-11T00:45:37.096+0100] {processor.py:186} INFO - Started process (PID=8762) to work on /home/sakana/anaconda3/envs/airflow_env/lib/python3.8/site-packages/airflow/example_dags/example_setup_teardown_taskflow.py
[2024-11-11T00:45:37.101+0100] {processor.py:914} INFO - Processing file /home/sakana/anaconda3/envs/airflow_env/lib/python3.8/site-packages/airflow/example_dags/example_setup_teardown_taskflow.py for tasks to queue
[2024-11-11T00:45:37.104+0100] {logging_mixin.py:190} INFO - [2024-11-11T00:45:37.104+0100] {dagbag.py:588} INFO - Filling up the DagBag from /home/sakana/anaconda3/envs/airflow_env/lib/python3.8/site-packages/airflow/example_dags/example_setup_teardown_taskflow.py
[2024-11-11T00:45:37.119+0100] {processor.py:925} INFO - DAG(s) 'example_setup_teardown_taskflow' retrieved from /home/sakana/anaconda3/envs/airflow_env/lib/python3.8/site-packages/airflow/example_dags/example_setup_teardown_taskflow.py
[2024-11-11T00:45:37.147+0100] {logging_mixin.py:190} INFO - [2024-11-11T00:45:37.146+0100] {dag.py:3239} INFO - Sync 1 DAGs
[2024-11-11T00:45:37.163+0100] {logging_mixin.py:190} INFO - [2024-11-11T00:45:37.162+0100] {dag.py:4180} INFO - Setting next_dagrun for example_setup_teardown_taskflow to None, run_after=None
[2024-11-11T00:45:37.185+0100] {processor.py:208} INFO - Processing /home/sakana/anaconda3/envs/airflow_env/lib/python3.8/site-packages/airflow/example_dags/example_setup_teardown_taskflow.py took 0.097 seconds
[2024-11-11T00:46:34.776+0100] {processor.py:186} INFO - Started process (PID=8856) to work on /home/sakana/anaconda3/envs/airflow_env/lib/python3.8/site-packages/airflow/example_dags/example_setup_teardown_taskflow.py
[2024-11-11T00:46:34.782+0100] {processor.py:914} INFO - Processing file /home/sakana/anaconda3/envs/airflow_env/lib/python3.8/site-packages/airflow/example_dags/example_setup_teardown_taskflow.py for tasks to queue
[2024-11-11T00:46:34.788+0100] {logging_mixin.py:190} INFO - [2024-11-11T00:46:34.787+0100] {dagbag.py:588} INFO - Filling up the DagBag from /home/sakana/anaconda3/envs/airflow_env/lib/python3.8/site-packages/airflow/example_dags/example_setup_teardown_taskflow.py
[2024-11-11T00:46:34.816+0100] {processor.py:925} INFO - DAG(s) 'example_setup_teardown_taskflow' retrieved from /home/sakana/anaconda3/envs/airflow_env/lib/python3.8/site-packages/airflow/example_dags/example_setup_teardown_taskflow.py
[2024-11-11T00:46:34.836+0100] {logging_mixin.py:190} INFO - [2024-11-11T00:46:34.836+0100] {dag.py:3239} INFO - Sync 1 DAGs
[2024-11-11T00:46:34.848+0100] {logging_mixin.py:190} INFO - [2024-11-11T00:46:34.848+0100] {dag.py:4180} INFO - Setting next_dagrun for example_setup_teardown_taskflow to None, run_after=None
[2024-11-11T00:46:34.866+0100] {processor.py:208} INFO - Processing /home/sakana/anaconda3/envs/airflow_env/lib/python3.8/site-packages/airflow/example_dags/example_setup_teardown_taskflow.py took 0.097 seconds
[2024-11-11T00:47:29.474+0100] {processor.py:186} INFO - Started process (PID=8937) to work on /home/sakana/anaconda3/envs/airflow_env/lib/python3.8/site-packages/airflow/example_dags/example_setup_teardown_taskflow.py
[2024-11-11T00:47:29.479+0100] {processor.py:914} INFO - Processing file /home/sakana/anaconda3/envs/airflow_env/lib/python3.8/site-packages/airflow/example_dags/example_setup_teardown_taskflow.py for tasks to queue
[2024-11-11T00:47:29.482+0100] {logging_mixin.py:190} INFO - [2024-11-11T00:47:29.481+0100] {dagbag.py:588} INFO - Filling up the DagBag from /home/sakana/anaconda3/envs/airflow_env/lib/python3.8/site-packages/airflow/example_dags/example_setup_teardown_taskflow.py
[2024-11-11T00:47:29.501+0100] {processor.py:925} INFO - DAG(s) 'example_setup_teardown_taskflow' retrieved from /home/sakana/anaconda3/envs/airflow_env/lib/python3.8/site-packages/airflow/example_dags/example_setup_teardown_taskflow.py
[2024-11-11T00:47:29.519+0100] {logging_mixin.py:190} INFO - [2024-11-11T00:47:29.519+0100] {dag.py:3239} INFO - Sync 1 DAGs
[2024-11-11T00:47:29.530+0100] {logging_mixin.py:190} INFO - [2024-11-11T00:47:29.530+0100] {dag.py:4180} INFO - Setting next_dagrun for example_setup_teardown_taskflow to None, run_after=None
[2024-11-11T00:47:29.547+0100] {processor.py:208} INFO - Processing /home/sakana/anaconda3/envs/airflow_env/lib/python3.8/site-packages/airflow/example_dags/example_setup_teardown_taskflow.py took 0.079 seconds
[2024-11-11T00:48:25.319+0100] {processor.py:186} INFO - Started process (PID=9030) to work on /home/sakana/anaconda3/envs/airflow_env/lib/python3.8/site-packages/airflow/example_dags/example_setup_teardown_taskflow.py
[2024-11-11T00:48:25.324+0100] {processor.py:914} INFO - Processing file /home/sakana/anaconda3/envs/airflow_env/lib/python3.8/site-packages/airflow/example_dags/example_setup_teardown_taskflow.py for tasks to queue
[2024-11-11T00:48:25.326+0100] {logging_mixin.py:190} INFO - [2024-11-11T00:48:25.326+0100] {dagbag.py:588} INFO - Filling up the DagBag from /home/sakana/anaconda3/envs/airflow_env/lib/python3.8/site-packages/airflow/example_dags/example_setup_teardown_taskflow.py
[2024-11-11T00:48:25.340+0100] {processor.py:925} INFO - DAG(s) 'example_setup_teardown_taskflow' retrieved from /home/sakana/anaconda3/envs/airflow_env/lib/python3.8/site-packages/airflow/example_dags/example_setup_teardown_taskflow.py
[2024-11-11T00:48:25.361+0100] {logging_mixin.py:190} INFO - [2024-11-11T00:48:25.360+0100] {dag.py:3239} INFO - Sync 1 DAGs
[2024-11-11T00:48:25.377+0100] {logging_mixin.py:190} INFO - [2024-11-11T00:48:25.377+0100] {dag.py:4180} INFO - Setting next_dagrun for example_setup_teardown_taskflow to None, run_after=None
[2024-11-11T00:48:25.401+0100] {processor.py:208} INFO - Processing /home/sakana/anaconda3/envs/airflow_env/lib/python3.8/site-packages/airflow/example_dags/example_setup_teardown_taskflow.py took 0.089 seconds
[2024-11-11T00:49:23.194+0100] {processor.py:186} INFO - Started process (PID=9189) to work on /home/sakana/anaconda3/envs/airflow_env/lib/python3.8/site-packages/airflow/example_dags/example_setup_teardown_taskflow.py
[2024-11-11T00:49:23.200+0100] {processor.py:914} INFO - Processing file /home/sakana/anaconda3/envs/airflow_env/lib/python3.8/site-packages/airflow/example_dags/example_setup_teardown_taskflow.py for tasks to queue
[2024-11-11T00:49:23.205+0100] {logging_mixin.py:190} INFO - [2024-11-11T00:49:23.204+0100] {dagbag.py:588} INFO - Filling up the DagBag from /home/sakana/anaconda3/envs/airflow_env/lib/python3.8/site-packages/airflow/example_dags/example_setup_teardown_taskflow.py
[2024-11-11T00:49:23.221+0100] {processor.py:925} INFO - DAG(s) 'example_setup_teardown_taskflow' retrieved from /home/sakana/anaconda3/envs/airflow_env/lib/python3.8/site-packages/airflow/example_dags/example_setup_teardown_taskflow.py
[2024-11-11T00:49:23.238+0100] {logging_mixin.py:190} INFO - [2024-11-11T00:49:23.237+0100] {dag.py:3239} INFO - Sync 1 DAGs
[2024-11-11T00:49:23.249+0100] {logging_mixin.py:190} INFO - [2024-11-11T00:49:23.249+0100] {dag.py:4180} INFO - Setting next_dagrun for example_setup_teardown_taskflow to None, run_after=None
[2024-11-11T00:49:23.270+0100] {processor.py:208} INFO - Processing /home/sakana/anaconda3/envs/airflow_env/lib/python3.8/site-packages/airflow/example_dags/example_setup_teardown_taskflow.py took 0.084 seconds
[2024-11-11T00:50:22.779+0100] {processor.py:186} INFO - Started process (PID=9485) to work on /home/sakana/anaconda3/envs/airflow_env/lib/python3.8/site-packages/airflow/example_dags/example_setup_teardown_taskflow.py
[2024-11-11T00:50:22.784+0100] {processor.py:914} INFO - Processing file /home/sakana/anaconda3/envs/airflow_env/lib/python3.8/site-packages/airflow/example_dags/example_setup_teardown_taskflow.py for tasks to queue
[2024-11-11T00:50:22.788+0100] {logging_mixin.py:190} INFO - [2024-11-11T00:50:22.788+0100] {dagbag.py:588} INFO - Filling up the DagBag from /home/sakana/anaconda3/envs/airflow_env/lib/python3.8/site-packages/airflow/example_dags/example_setup_teardown_taskflow.py
[2024-11-11T00:50:22.808+0100] {processor.py:925} INFO - DAG(s) 'example_setup_teardown_taskflow' retrieved from /home/sakana/anaconda3/envs/airflow_env/lib/python3.8/site-packages/airflow/example_dags/example_setup_teardown_taskflow.py
[2024-11-11T00:50:22.841+0100] {logging_mixin.py:190} INFO - [2024-11-11T00:50:22.841+0100] {dag.py:3239} INFO - Sync 1 DAGs
[2024-11-11T00:50:22.861+0100] {logging_mixin.py:190} INFO - [2024-11-11T00:50:22.861+0100] {dag.py:4180} INFO - Setting next_dagrun for example_setup_teardown_taskflow to None, run_after=None
[2024-11-11T00:50:22.890+0100] {processor.py:208} INFO - Processing /home/sakana/anaconda3/envs/airflow_env/lib/python3.8/site-packages/airflow/example_dags/example_setup_teardown_taskflow.py took 0.119 seconds
[2024-11-11T00:51:21.950+0100] {processor.py:186} INFO - Started process (PID=9558) to work on /home/sakana/anaconda3/envs/airflow_env/lib/python3.8/site-packages/airflow/example_dags/example_setup_teardown_taskflow.py
[2024-11-11T00:51:21.955+0100] {processor.py:914} INFO - Processing file /home/sakana/anaconda3/envs/airflow_env/lib/python3.8/site-packages/airflow/example_dags/example_setup_teardown_taskflow.py for tasks to queue
[2024-11-11T00:51:21.958+0100] {logging_mixin.py:190} INFO - [2024-11-11T00:51:21.957+0100] {dagbag.py:588} INFO - Filling up the DagBag from /home/sakana/anaconda3/envs/airflow_env/lib/python3.8/site-packages/airflow/example_dags/example_setup_teardown_taskflow.py
[2024-11-11T00:51:21.975+0100] {processor.py:925} INFO - DAG(s) 'example_setup_teardown_taskflow' retrieved from /home/sakana/anaconda3/envs/airflow_env/lib/python3.8/site-packages/airflow/example_dags/example_setup_teardown_taskflow.py
[2024-11-11T00:51:21.996+0100] {logging_mixin.py:190} INFO - [2024-11-11T00:51:21.996+0100] {dag.py:3239} INFO - Sync 1 DAGs
[2024-11-11T00:51:22.010+0100] {logging_mixin.py:190} INFO - [2024-11-11T00:51:22.010+0100] {dag.py:4180} INFO - Setting next_dagrun for example_setup_teardown_taskflow to None, run_after=None
[2024-11-11T00:51:22.033+0100] {processor.py:208} INFO - Processing /home/sakana/anaconda3/envs/airflow_env/lib/python3.8/site-packages/airflow/example_dags/example_setup_teardown_taskflow.py took 0.092 seconds
[2024-11-11T00:52:18.976+0100] {processor.py:186} INFO - Started process (PID=9667) to work on /home/sakana/anaconda3/envs/airflow_env/lib/python3.8/site-packages/airflow/example_dags/example_setup_teardown_taskflow.py
[2024-11-11T00:52:18.981+0100] {processor.py:914} INFO - Processing file /home/sakana/anaconda3/envs/airflow_env/lib/python3.8/site-packages/airflow/example_dags/example_setup_teardown_taskflow.py for tasks to queue
[2024-11-11T00:52:18.983+0100] {logging_mixin.py:190} INFO - [2024-11-11T00:52:18.983+0100] {dagbag.py:588} INFO - Filling up the DagBag from /home/sakana/anaconda3/envs/airflow_env/lib/python3.8/site-packages/airflow/example_dags/example_setup_teardown_taskflow.py
[2024-11-11T00:52:18.996+0100] {processor.py:925} INFO - DAG(s) 'example_setup_teardown_taskflow' retrieved from /home/sakana/anaconda3/envs/airflow_env/lib/python3.8/site-packages/airflow/example_dags/example_setup_teardown_taskflow.py
[2024-11-11T00:52:19.020+0100] {logging_mixin.py:190} INFO - [2024-11-11T00:52:19.019+0100] {dag.py:3239} INFO - Sync 1 DAGs
[2024-11-11T00:52:19.038+0100] {logging_mixin.py:190} INFO - [2024-11-11T00:52:19.037+0100] {dag.py:4180} INFO - Setting next_dagrun for example_setup_teardown_taskflow to None, run_after=None
[2024-11-11T00:52:19.063+0100] {processor.py:208} INFO - Processing /home/sakana/anaconda3/envs/airflow_env/lib/python3.8/site-packages/airflow/example_dags/example_setup_teardown_taskflow.py took 0.097 seconds
[2024-11-11T00:53:17.161+0100] {processor.py:186} INFO - Started process (PID=9860) to work on /home/sakana/anaconda3/envs/airflow_env/lib/python3.8/site-packages/airflow/example_dags/example_setup_teardown_taskflow.py
[2024-11-11T00:53:17.162+0100] {processor.py:914} INFO - Processing file /home/sakana/anaconda3/envs/airflow_env/lib/python3.8/site-packages/airflow/example_dags/example_setup_teardown_taskflow.py for tasks to queue
[2024-11-11T00:53:17.165+0100] {logging_mixin.py:190} INFO - [2024-11-11T00:53:17.165+0100] {dagbag.py:588} INFO - Filling up the DagBag from /home/sakana/anaconda3/envs/airflow_env/lib/python3.8/site-packages/airflow/example_dags/example_setup_teardown_taskflow.py
[2024-11-11T00:53:17.183+0100] {processor.py:925} INFO - DAG(s) 'example_setup_teardown_taskflow' retrieved from /home/sakana/anaconda3/envs/airflow_env/lib/python3.8/site-packages/airflow/example_dags/example_setup_teardown_taskflow.py
[2024-11-11T00:53:17.214+0100] {logging_mixin.py:190} INFO - [2024-11-11T00:53:17.213+0100] {dag.py:3239} INFO - Sync 1 DAGs
[2024-11-11T00:53:17.238+0100] {logging_mixin.py:190} INFO - [2024-11-11T00:53:17.237+0100] {dag.py:4180} INFO - Setting next_dagrun for example_setup_teardown_taskflow to None, run_after=None
[2024-11-11T00:53:17.274+0100] {processor.py:208} INFO - Processing /home/sakana/anaconda3/envs/airflow_env/lib/python3.8/site-packages/airflow/example_dags/example_setup_teardown_taskflow.py took 0.123 seconds
[2024-11-11T00:54:15.765+0100] {processor.py:186} INFO - Started process (PID=9935) to work on /home/sakana/anaconda3/envs/airflow_env/lib/python3.8/site-packages/airflow/example_dags/example_setup_teardown_taskflow.py
[2024-11-11T00:54:15.770+0100] {processor.py:914} INFO - Processing file /home/sakana/anaconda3/envs/airflow_env/lib/python3.8/site-packages/airflow/example_dags/example_setup_teardown_taskflow.py for tasks to queue
[2024-11-11T00:54:15.772+0100] {logging_mixin.py:190} INFO - [2024-11-11T00:54:15.771+0100] {dagbag.py:588} INFO - Filling up the DagBag from /home/sakana/anaconda3/envs/airflow_env/lib/python3.8/site-packages/airflow/example_dags/example_setup_teardown_taskflow.py
[2024-11-11T00:54:15.782+0100] {processor.py:925} INFO - DAG(s) 'example_setup_teardown_taskflow' retrieved from /home/sakana/anaconda3/envs/airflow_env/lib/python3.8/site-packages/airflow/example_dags/example_setup_teardown_taskflow.py
[2024-11-11T00:54:15.799+0100] {logging_mixin.py:190} INFO - [2024-11-11T00:54:15.799+0100] {dag.py:3239} INFO - Sync 1 DAGs
[2024-11-11T00:54:15.810+0100] {logging_mixin.py:190} INFO - [2024-11-11T00:54:15.810+0100] {dag.py:4180} INFO - Setting next_dagrun for example_setup_teardown_taskflow to None, run_after=None
[2024-11-11T00:54:15.837+0100] {processor.py:208} INFO - Processing /home/sakana/anaconda3/envs/airflow_env/lib/python3.8/site-packages/airflow/example_dags/example_setup_teardown_taskflow.py took 0.078 seconds
