[2024-11-11T00:25:26.129+0100] {processor.py:186} INFO - Started process (PID=6617) to work on /home/sakana/anaconda3/envs/airflow_env/lib/python3.8/site-packages/airflow/example_dags/example_workday_timetable.py
[2024-11-11T00:25:26.130+0100] {processor.py:914} INFO - Processing file /home/sakana/anaconda3/envs/airflow_env/lib/python3.8/site-packages/airflow/example_dags/example_workday_timetable.py for tasks to queue
[2024-11-11T00:25:26.132+0100] {logging_mixin.py:190} INFO - [2024-11-11T00:25:26.132+0100] {dagbag.py:588} INFO - Filling up the DagBag from /home/sakana/anaconda3/envs/airflow_env/lib/python3.8/site-packages/airflow/example_dags/example_workday_timetable.py
[2024-11-11T00:25:26.141+0100] {processor.py:925} INFO - DAG(s) 'example_workday_timetable' retrieved from /home/sakana/anaconda3/envs/airflow_env/lib/python3.8/site-packages/airflow/example_dags/example_workday_timetable.py
[2024-11-11T00:25:26.276+0100] {logging_mixin.py:190} INFO - [2024-11-11T00:25:26.275+0100] {override.py:1901} INFO - Created Permission View: can edit on DAG:example_workday_timetable
[2024-11-11T00:25:26.294+0100] {logging_mixin.py:190} INFO - [2024-11-11T00:25:26.294+0100] {override.py:1901} INFO - Created Permission View: can read on DAG:example_workday_timetable
[2024-11-11T00:25:26.308+0100] {logging_mixin.py:190} INFO - [2024-11-11T00:25:26.308+0100] {override.py:1901} INFO - Created Permission View: can delete on DAG:example_workday_timetable
[2024-11-11T00:25:26.336+0100] {logging_mixin.py:190} INFO - [2024-11-11T00:25:26.335+0100] {override.py:1901} INFO - Created Permission View: can create on DAG Run:example_workday_timetable
[2024-11-11T00:25:26.357+0100] {logging_mixin.py:190} INFO - [2024-11-11T00:25:26.356+0100] {override.py:1901} INFO - Created Permission View: can read on DAG Run:example_workday_timetable
[2024-11-11T00:25:26.372+0100] {logging_mixin.py:190} INFO - [2024-11-11T00:25:26.372+0100] {override.py:1901} INFO - Created Permission View: can delete on DAG Run:example_workday_timetable
[2024-11-11T00:25:26.388+0100] {logging_mixin.py:190} INFO - [2024-11-11T00:25:26.388+0100] {override.py:1901} INFO - Created Permission View: menu access on DAG Run:example_workday_timetable
[2024-11-11T00:25:26.389+0100] {logging_mixin.py:190} INFO - [2024-11-11T00:25:26.389+0100] {dag.py:3239} INFO - Sync 1 DAGs
[2024-11-11T00:25:26.405+0100] {logging_mixin.py:190} INFO - [2024-11-11T00:25:26.404+0100] {dag.py:3262} INFO - Creating ORM DAG for example_workday_timetable
[2024-11-11T00:25:26.413+0100] {logging_mixin.py:190} INFO - [2024-11-11T00:25:26.413+0100] {dag.py:4180} INFO - Setting next_dagrun for example_workday_timetable to 2021-01-01 00:00:00+00:00, run_after=2021-01-02 00:00:00+00:00
[2024-11-11T00:25:26.438+0100] {processor.py:208} INFO - Processing /home/sakana/anaconda3/envs/airflow_env/lib/python3.8/site-packages/airflow/example_dags/example_workday_timetable.py took 0.316 seconds
[2024-11-11T00:26:40.676+0100] {processor.py:186} INFO - Started process (PID=6877) to work on /home/sakana/anaconda3/envs/airflow_env/lib/python3.8/site-packages/airflow/example_dags/example_workday_timetable.py
[2024-11-11T00:26:40.681+0100] {processor.py:914} INFO - Processing file /home/sakana/anaconda3/envs/airflow_env/lib/python3.8/site-packages/airflow/example_dags/example_workday_timetable.py for tasks to queue
[2024-11-11T00:26:40.684+0100] {logging_mixin.py:190} INFO - [2024-11-11T00:26:40.684+0100] {dagbag.py:588} INFO - Filling up the DagBag from /home/sakana/anaconda3/envs/airflow_env/lib/python3.8/site-packages/airflow/example_dags/example_workday_timetable.py
[2024-11-11T00:26:40.691+0100] {processor.py:925} INFO - DAG(s) 'example_workday_timetable' retrieved from /home/sakana/anaconda3/envs/airflow_env/lib/python3.8/site-packages/airflow/example_dags/example_workday_timetable.py
[2024-11-11T00:26:40.706+0100] {logging_mixin.py:190} INFO - [2024-11-11T00:26:40.706+0100] {dag.py:3239} INFO - Sync 1 DAGs
[2024-11-11T00:26:40.724+0100] {logging_mixin.py:190} INFO - [2024-11-11T00:26:40.724+0100] {dag.py:4180} INFO - Setting next_dagrun for example_workday_timetable to 2021-01-01 00:00:00+00:00, run_after=2021-01-02 00:00:00+00:00
[2024-11-11T00:26:40.750+0100] {processor.py:208} INFO - Processing /home/sakana/anaconda3/envs/airflow_env/lib/python3.8/site-packages/airflow/example_dags/example_workday_timetable.py took 0.080 seconds
[2024-11-11T00:27:36.525+0100] {processor.py:186} INFO - Started process (PID=6953) to work on /home/sakana/anaconda3/envs/airflow_env/lib/python3.8/site-packages/airflow/example_dags/example_workday_timetable.py
[2024-11-11T00:27:36.530+0100] {processor.py:914} INFO - Processing file /home/sakana/anaconda3/envs/airflow_env/lib/python3.8/site-packages/airflow/example_dags/example_workday_timetable.py for tasks to queue
[2024-11-11T00:27:36.532+0100] {logging_mixin.py:190} INFO - [2024-11-11T00:27:36.532+0100] {dagbag.py:588} INFO - Filling up the DagBag from /home/sakana/anaconda3/envs/airflow_env/lib/python3.8/site-packages/airflow/example_dags/example_workday_timetable.py
[2024-11-11T00:27:36.539+0100] {processor.py:925} INFO - DAG(s) 'example_workday_timetable' retrieved from /home/sakana/anaconda3/envs/airflow_env/lib/python3.8/site-packages/airflow/example_dags/example_workday_timetable.py
[2024-11-11T00:27:36.554+0100] {logging_mixin.py:190} INFO - [2024-11-11T00:27:36.554+0100] {dag.py:3239} INFO - Sync 1 DAGs
[2024-11-11T00:27:36.573+0100] {logging_mixin.py:190} INFO - [2024-11-11T00:27:36.573+0100] {dag.py:4180} INFO - Setting next_dagrun for example_workday_timetable to 2021-01-01 00:00:00+00:00, run_after=2021-01-02 00:00:00+00:00
[2024-11-11T00:27:36.591+0100] {processor.py:208} INFO - Processing /home/sakana/anaconda3/envs/airflow_env/lib/python3.8/site-packages/airflow/example_dags/example_workday_timetable.py took 0.074 seconds
[2024-11-11T00:28:30.735+0100] {processor.py:186} INFO - Started process (PID=7050) to work on /home/sakana/anaconda3/envs/airflow_env/lib/python3.8/site-packages/airflow/example_dags/example_workday_timetable.py
[2024-11-11T00:28:30.740+0100] {processor.py:914} INFO - Processing file /home/sakana/anaconda3/envs/airflow_env/lib/python3.8/site-packages/airflow/example_dags/example_workday_timetable.py for tasks to queue
[2024-11-11T00:28:30.743+0100] {logging_mixin.py:190} INFO - [2024-11-11T00:28:30.742+0100] {dagbag.py:588} INFO - Filling up the DagBag from /home/sakana/anaconda3/envs/airflow_env/lib/python3.8/site-packages/airflow/example_dags/example_workday_timetable.py
[2024-11-11T00:28:30.752+0100] {processor.py:925} INFO - DAG(s) 'example_workday_timetable' retrieved from /home/sakana/anaconda3/envs/airflow_env/lib/python3.8/site-packages/airflow/example_dags/example_workday_timetable.py
[2024-11-11T00:28:30.769+0100] {logging_mixin.py:190} INFO - [2024-11-11T00:28:30.768+0100] {dag.py:3239} INFO - Sync 1 DAGs
[2024-11-11T00:28:30.789+0100] {logging_mixin.py:190} INFO - [2024-11-11T00:28:30.789+0100] {dag.py:4180} INFO - Setting next_dagrun for example_workday_timetable to 2021-01-01 00:00:00+00:00, run_after=2021-01-02 00:00:00+00:00
[2024-11-11T00:28:30.819+0100] {processor.py:208} INFO - Processing /home/sakana/anaconda3/envs/airflow_env/lib/python3.8/site-packages/airflow/example_dags/example_workday_timetable.py took 0.092 seconds
[2024-11-11T00:29:25.298+0100] {processor.py:186} INFO - Started process (PID=7130) to work on /home/sakana/anaconda3/envs/airflow_env/lib/python3.8/site-packages/airflow/example_dags/example_workday_timetable.py
[2024-11-11T00:29:25.303+0100] {processor.py:914} INFO - Processing file /home/sakana/anaconda3/envs/airflow_env/lib/python3.8/site-packages/airflow/example_dags/example_workday_timetable.py for tasks to queue
[2024-11-11T00:29:25.306+0100] {logging_mixin.py:190} INFO - [2024-11-11T00:29:25.306+0100] {dagbag.py:588} INFO - Filling up the DagBag from /home/sakana/anaconda3/envs/airflow_env/lib/python3.8/site-packages/airflow/example_dags/example_workday_timetable.py
[2024-11-11T00:29:25.316+0100] {processor.py:925} INFO - DAG(s) 'example_workday_timetable' retrieved from /home/sakana/anaconda3/envs/airflow_env/lib/python3.8/site-packages/airflow/example_dags/example_workday_timetable.py
[2024-11-11T00:29:25.333+0100] {logging_mixin.py:190} INFO - [2024-11-11T00:29:25.333+0100] {dag.py:3239} INFO - Sync 1 DAGs
[2024-11-11T00:29:25.352+0100] {logging_mixin.py:190} INFO - [2024-11-11T00:29:25.351+0100] {dag.py:4180} INFO - Setting next_dagrun for example_workday_timetable to 2021-01-01 00:00:00+00:00, run_after=2021-01-02 00:00:00+00:00
[2024-11-11T00:29:25.368+0100] {processor.py:208} INFO - Processing /home/sakana/anaconda3/envs/airflow_env/lib/python3.8/site-packages/airflow/example_dags/example_workday_timetable.py took 0.081 seconds
[2024-11-11T00:30:20.162+0100] {processor.py:186} INFO - Started process (PID=7211) to work on /home/sakana/anaconda3/envs/airflow_env/lib/python3.8/site-packages/airflow/example_dags/example_workday_timetable.py
[2024-11-11T00:30:20.167+0100] {processor.py:914} INFO - Processing file /home/sakana/anaconda3/envs/airflow_env/lib/python3.8/site-packages/airflow/example_dags/example_workday_timetable.py for tasks to queue
[2024-11-11T00:30:20.169+0100] {logging_mixin.py:190} INFO - [2024-11-11T00:30:20.168+0100] {dagbag.py:588} INFO - Filling up the DagBag from /home/sakana/anaconda3/envs/airflow_env/lib/python3.8/site-packages/airflow/example_dags/example_workday_timetable.py
[2024-11-11T00:30:20.175+0100] {processor.py:925} INFO - DAG(s) 'example_workday_timetable' retrieved from /home/sakana/anaconda3/envs/airflow_env/lib/python3.8/site-packages/airflow/example_dags/example_workday_timetable.py
[2024-11-11T00:30:20.191+0100] {logging_mixin.py:190} INFO - [2024-11-11T00:30:20.191+0100] {dag.py:3239} INFO - Sync 1 DAGs
[2024-11-11T00:30:20.210+0100] {logging_mixin.py:190} INFO - [2024-11-11T00:30:20.209+0100] {dag.py:4180} INFO - Setting next_dagrun for example_workday_timetable to 2021-01-01 00:00:00+00:00, run_after=2021-01-02 00:00:00+00:00
[2024-11-11T00:30:20.226+0100] {processor.py:208} INFO - Processing /home/sakana/anaconda3/envs/airflow_env/lib/python3.8/site-packages/airflow/example_dags/example_workday_timetable.py took 0.070 seconds
[2024-11-11T00:31:17.712+0100] {processor.py:186} INFO - Started process (PID=7290) to work on /home/sakana/anaconda3/envs/airflow_env/lib/python3.8/site-packages/airflow/example_dags/example_workday_timetable.py
[2024-11-11T00:31:17.717+0100] {processor.py:914} INFO - Processing file /home/sakana/anaconda3/envs/airflow_env/lib/python3.8/site-packages/airflow/example_dags/example_workday_timetable.py for tasks to queue
[2024-11-11T00:31:17.719+0100] {logging_mixin.py:190} INFO - [2024-11-11T00:31:17.719+0100] {dagbag.py:588} INFO - Filling up the DagBag from /home/sakana/anaconda3/envs/airflow_env/lib/python3.8/site-packages/airflow/example_dags/example_workday_timetable.py
[2024-11-11T00:31:17.726+0100] {processor.py:925} INFO - DAG(s) 'example_workday_timetable' retrieved from /home/sakana/anaconda3/envs/airflow_env/lib/python3.8/site-packages/airflow/example_dags/example_workday_timetable.py
[2024-11-11T00:31:17.741+0100] {logging_mixin.py:190} INFO - [2024-11-11T00:31:17.741+0100] {dag.py:3239} INFO - Sync 1 DAGs
[2024-11-11T00:31:17.760+0100] {logging_mixin.py:190} INFO - [2024-11-11T00:31:17.759+0100] {dag.py:4180} INFO - Setting next_dagrun for example_workday_timetable to 2021-01-01 00:00:00+00:00, run_after=2021-01-02 00:00:00+00:00
[2024-11-11T00:31:17.777+0100] {processor.py:208} INFO - Processing /home/sakana/anaconda3/envs/airflow_env/lib/python3.8/site-packages/airflow/example_dags/example_workday_timetable.py took 0.072 seconds
[2024-11-11T00:32:11.046+0100] {processor.py:186} INFO - Started process (PID=7362) to work on /home/sakana/anaconda3/envs/airflow_env/lib/python3.8/site-packages/airflow/example_dags/example_workday_timetable.py
[2024-11-11T00:32:11.051+0100] {processor.py:914} INFO - Processing file /home/sakana/anaconda3/envs/airflow_env/lib/python3.8/site-packages/airflow/example_dags/example_workday_timetable.py for tasks to queue
[2024-11-11T00:32:11.056+0100] {logging_mixin.py:190} INFO - [2024-11-11T00:32:11.055+0100] {dagbag.py:588} INFO - Filling up the DagBag from /home/sakana/anaconda3/envs/airflow_env/lib/python3.8/site-packages/airflow/example_dags/example_workday_timetable.py
[2024-11-11T00:32:11.065+0100] {processor.py:925} INFO - DAG(s) 'example_workday_timetable' retrieved from /home/sakana/anaconda3/envs/airflow_env/lib/python3.8/site-packages/airflow/example_dags/example_workday_timetable.py
[2024-11-11T00:32:11.084+0100] {logging_mixin.py:190} INFO - [2024-11-11T00:32:11.084+0100] {dag.py:3239} INFO - Sync 1 DAGs
[2024-11-11T00:32:11.102+0100] {logging_mixin.py:190} INFO - [2024-11-11T00:32:11.102+0100] {dag.py:4180} INFO - Setting next_dagrun for example_workday_timetable to 2021-01-01 00:00:00+00:00, run_after=2021-01-02 00:00:00+00:00
[2024-11-11T00:32:11.122+0100] {processor.py:208} INFO - Processing /home/sakana/anaconda3/envs/airflow_env/lib/python3.8/site-packages/airflow/example_dags/example_workday_timetable.py took 0.092 seconds
[2024-11-11T00:33:07.818+0100] {processor.py:186} INFO - Started process (PID=7440) to work on /home/sakana/anaconda3/envs/airflow_env/lib/python3.8/site-packages/airflow/example_dags/example_workday_timetable.py
[2024-11-11T00:33:07.823+0100] {processor.py:914} INFO - Processing file /home/sakana/anaconda3/envs/airflow_env/lib/python3.8/site-packages/airflow/example_dags/example_workday_timetable.py for tasks to queue
[2024-11-11T00:33:07.830+0100] {logging_mixin.py:190} INFO - [2024-11-11T00:33:07.829+0100] {dagbag.py:588} INFO - Filling up the DagBag from /home/sakana/anaconda3/envs/airflow_env/lib/python3.8/site-packages/airflow/example_dags/example_workday_timetable.py
[2024-11-11T00:33:07.852+0100] {processor.py:925} INFO - DAG(s) 'example_workday_timetable' retrieved from /home/sakana/anaconda3/envs/airflow_env/lib/python3.8/site-packages/airflow/example_dags/example_workday_timetable.py
[2024-11-11T00:33:07.872+0100] {logging_mixin.py:190} INFO - [2024-11-11T00:33:07.871+0100] {dag.py:3239} INFO - Sync 1 DAGs
[2024-11-11T00:33:07.893+0100] {logging_mixin.py:190} INFO - [2024-11-11T00:33:07.893+0100] {dag.py:4180} INFO - Setting next_dagrun for example_workday_timetable to 2021-01-01 00:00:00+00:00, run_after=2021-01-02 00:00:00+00:00
[2024-11-11T00:33:07.911+0100] {processor.py:208} INFO - Processing /home/sakana/anaconda3/envs/airflow_env/lib/python3.8/site-packages/airflow/example_dags/example_workday_timetable.py took 0.099 seconds
[2024-11-11T00:34:04.641+0100] {processor.py:186} INFO - Started process (PID=7538) to work on /home/sakana/anaconda3/envs/airflow_env/lib/python3.8/site-packages/airflow/example_dags/example_workday_timetable.py
[2024-11-11T00:34:04.646+0100] {processor.py:914} INFO - Processing file /home/sakana/anaconda3/envs/airflow_env/lib/python3.8/site-packages/airflow/example_dags/example_workday_timetable.py for tasks to queue
[2024-11-11T00:34:04.648+0100] {logging_mixin.py:190} INFO - [2024-11-11T00:34:04.648+0100] {dagbag.py:588} INFO - Filling up the DagBag from /home/sakana/anaconda3/envs/airflow_env/lib/python3.8/site-packages/airflow/example_dags/example_workday_timetable.py
[2024-11-11T00:34:04.656+0100] {processor.py:925} INFO - DAG(s) 'example_workday_timetable' retrieved from /home/sakana/anaconda3/envs/airflow_env/lib/python3.8/site-packages/airflow/example_dags/example_workday_timetable.py
[2024-11-11T00:34:04.673+0100] {logging_mixin.py:190} INFO - [2024-11-11T00:34:04.672+0100] {dag.py:3239} INFO - Sync 1 DAGs
[2024-11-11T00:34:04.694+0100] {logging_mixin.py:190} INFO - [2024-11-11T00:34:04.694+0100] {dag.py:4180} INFO - Setting next_dagrun for example_workday_timetable to 2021-01-01 00:00:00+00:00, run_after=2021-01-02 00:00:00+00:00
[2024-11-11T00:34:04.712+0100] {processor.py:208} INFO - Processing /home/sakana/anaconda3/envs/airflow_env/lib/python3.8/site-packages/airflow/example_dags/example_workday_timetable.py took 0.076 seconds
[2024-11-11T00:35:00.850+0100] {processor.py:186} INFO - Started process (PID=7613) to work on /home/sakana/anaconda3/envs/airflow_env/lib/python3.8/site-packages/airflow/example_dags/example_workday_timetable.py
[2024-11-11T00:35:00.855+0100] {processor.py:914} INFO - Processing file /home/sakana/anaconda3/envs/airflow_env/lib/python3.8/site-packages/airflow/example_dags/example_workday_timetable.py for tasks to queue
[2024-11-11T00:35:00.862+0100] {logging_mixin.py:190} INFO - [2024-11-11T00:35:00.860+0100] {dagbag.py:588} INFO - Filling up the DagBag from /home/sakana/anaconda3/envs/airflow_env/lib/python3.8/site-packages/airflow/example_dags/example_workday_timetable.py
[2024-11-11T00:35:00.881+0100] {processor.py:925} INFO - DAG(s) 'example_workday_timetable' retrieved from /home/sakana/anaconda3/envs/airflow_env/lib/python3.8/site-packages/airflow/example_dags/example_workday_timetable.py
[2024-11-11T00:35:00.902+0100] {logging_mixin.py:190} INFO - [2024-11-11T00:35:00.902+0100] {dag.py:3239} INFO - Sync 1 DAGs
[2024-11-11T00:35:00.920+0100] {logging_mixin.py:190} INFO - [2024-11-11T00:35:00.919+0100] {dag.py:4180} INFO - Setting next_dagrun for example_workday_timetable to 2021-01-01 00:00:00+00:00, run_after=2021-01-02 00:00:00+00:00
[2024-11-11T00:35:00.936+0100] {processor.py:208} INFO - Processing /home/sakana/anaconda3/envs/airflow_env/lib/python3.8/site-packages/airflow/example_dags/example_workday_timetable.py took 0.093 seconds
[2024-11-11T00:35:54.061+0100] {processor.py:186} INFO - Started process (PID=7689) to work on /home/sakana/anaconda3/envs/airflow_env/lib/python3.8/site-packages/airflow/example_dags/example_workday_timetable.py
[2024-11-11T00:35:54.062+0100] {processor.py:914} INFO - Processing file /home/sakana/anaconda3/envs/airflow_env/lib/python3.8/site-packages/airflow/example_dags/example_workday_timetable.py for tasks to queue
[2024-11-11T00:35:54.064+0100] {logging_mixin.py:190} INFO - [2024-11-11T00:35:54.063+0100] {dagbag.py:588} INFO - Filling up the DagBag from /home/sakana/anaconda3/envs/airflow_env/lib/python3.8/site-packages/airflow/example_dags/example_workday_timetable.py
[2024-11-11T00:35:54.070+0100] {processor.py:925} INFO - DAG(s) 'example_workday_timetable' retrieved from /home/sakana/anaconda3/envs/airflow_env/lib/python3.8/site-packages/airflow/example_dags/example_workday_timetable.py
[2024-11-11T00:35:54.084+0100] {logging_mixin.py:190} INFO - [2024-11-11T00:35:54.084+0100] {dag.py:3239} INFO - Sync 1 DAGs
[2024-11-11T00:35:54.102+0100] {logging_mixin.py:190} INFO - [2024-11-11T00:35:54.102+0100] {dag.py:4180} INFO - Setting next_dagrun for example_workday_timetable to 2021-01-01 00:00:00+00:00, run_after=2021-01-02 00:00:00+00:00
[2024-11-11T00:35:54.138+0100] {processor.py:208} INFO - Processing /home/sakana/anaconda3/envs/airflow_env/lib/python3.8/site-packages/airflow/example_dags/example_workday_timetable.py took 0.084 seconds
[2024-11-11T00:36:50.952+0100] {processor.py:186} INFO - Started process (PID=7757) to work on /home/sakana/anaconda3/envs/airflow_env/lib/python3.8/site-packages/airflow/example_dags/example_workday_timetable.py
[2024-11-11T00:36:50.957+0100] {processor.py:914} INFO - Processing file /home/sakana/anaconda3/envs/airflow_env/lib/python3.8/site-packages/airflow/example_dags/example_workday_timetable.py for tasks to queue
[2024-11-11T00:36:50.959+0100] {logging_mixin.py:190} INFO - [2024-11-11T00:36:50.958+0100] {dagbag.py:588} INFO - Filling up the DagBag from /home/sakana/anaconda3/envs/airflow_env/lib/python3.8/site-packages/airflow/example_dags/example_workday_timetable.py
[2024-11-11T00:36:50.965+0100] {processor.py:925} INFO - DAG(s) 'example_workday_timetable' retrieved from /home/sakana/anaconda3/envs/airflow_env/lib/python3.8/site-packages/airflow/example_dags/example_workday_timetable.py
[2024-11-11T00:36:50.979+0100] {logging_mixin.py:190} INFO - [2024-11-11T00:36:50.979+0100] {dag.py:3239} INFO - Sync 1 DAGs
[2024-11-11T00:36:50.997+0100] {logging_mixin.py:190} INFO - [2024-11-11T00:36:50.996+0100] {dag.py:4180} INFO - Setting next_dagrun for example_workday_timetable to 2021-01-01 00:00:00+00:00, run_after=2021-01-02 00:00:00+00:00
[2024-11-11T00:36:51.023+0100] {processor.py:208} INFO - Processing /home/sakana/anaconda3/envs/airflow_env/lib/python3.8/site-packages/airflow/example_dags/example_workday_timetable.py took 0.077 seconds
[2024-11-11T00:37:47.971+0100] {processor.py:186} INFO - Started process (PID=7832) to work on /home/sakana/anaconda3/envs/airflow_env/lib/python3.8/site-packages/airflow/example_dags/example_workday_timetable.py
[2024-11-11T00:37:47.976+0100] {processor.py:914} INFO - Processing file /home/sakana/anaconda3/envs/airflow_env/lib/python3.8/site-packages/airflow/example_dags/example_workday_timetable.py for tasks to queue
[2024-11-11T00:37:47.978+0100] {logging_mixin.py:190} INFO - [2024-11-11T00:37:47.978+0100] {dagbag.py:588} INFO - Filling up the DagBag from /home/sakana/anaconda3/envs/airflow_env/lib/python3.8/site-packages/airflow/example_dags/example_workday_timetable.py
[2024-11-11T00:37:47.984+0100] {processor.py:925} INFO - DAG(s) 'example_workday_timetable' retrieved from /home/sakana/anaconda3/envs/airflow_env/lib/python3.8/site-packages/airflow/example_dags/example_workday_timetable.py
[2024-11-11T00:37:47.998+0100] {logging_mixin.py:190} INFO - [2024-11-11T00:37:47.998+0100] {dag.py:3239} INFO - Sync 1 DAGs
[2024-11-11T00:37:48.016+0100] {logging_mixin.py:190} INFO - [2024-11-11T00:37:48.015+0100] {dag.py:4180} INFO - Setting next_dagrun for example_workday_timetable to 2021-01-01 00:00:00+00:00, run_after=2021-01-02 00:00:00+00:00
[2024-11-11T00:37:48.048+0100] {processor.py:208} INFO - Processing /home/sakana/anaconda3/envs/airflow_env/lib/python3.8/site-packages/airflow/example_dags/example_workday_timetable.py took 0.084 seconds
[2024-11-11T00:38:41.105+0100] {processor.py:186} INFO - Started process (PID=7939) to work on /home/sakana/anaconda3/envs/airflow_env/lib/python3.8/site-packages/airflow/example_dags/example_workday_timetable.py
[2024-11-11T00:38:41.111+0100] {processor.py:914} INFO - Processing file /home/sakana/anaconda3/envs/airflow_env/lib/python3.8/site-packages/airflow/example_dags/example_workday_timetable.py for tasks to queue
[2024-11-11T00:38:41.117+0100] {logging_mixin.py:190} INFO - [2024-11-11T00:38:41.116+0100] {dagbag.py:588} INFO - Filling up the DagBag from /home/sakana/anaconda3/envs/airflow_env/lib/python3.8/site-packages/airflow/example_dags/example_workday_timetable.py
[2024-11-11T00:38:41.135+0100] {processor.py:925} INFO - DAG(s) 'example_workday_timetable' retrieved from /home/sakana/anaconda3/envs/airflow_env/lib/python3.8/site-packages/airflow/example_dags/example_workday_timetable.py
[2024-11-11T00:38:41.155+0100] {logging_mixin.py:190} INFO - [2024-11-11T00:38:41.155+0100] {dag.py:3239} INFO - Sync 1 DAGs
[2024-11-11T00:38:41.173+0100] {logging_mixin.py:190} INFO - [2024-11-11T00:38:41.173+0100] {dag.py:4180} INFO - Setting next_dagrun for example_workday_timetable to 2021-01-01 00:00:00+00:00, run_after=2021-01-02 00:00:00+00:00
[2024-11-11T00:38:41.197+0100] {processor.py:208} INFO - Processing /home/sakana/anaconda3/envs/airflow_env/lib/python3.8/site-packages/airflow/example_dags/example_workday_timetable.py took 0.098 seconds
[2024-11-11T00:39:38.350+0100] {processor.py:186} INFO - Started process (PID=8078) to work on /home/sakana/anaconda3/envs/airflow_env/lib/python3.8/site-packages/airflow/example_dags/example_workday_timetable.py
[2024-11-11T00:39:38.352+0100] {processor.py:914} INFO - Processing file /home/sakana/anaconda3/envs/airflow_env/lib/python3.8/site-packages/airflow/example_dags/example_workday_timetable.py for tasks to queue
[2024-11-11T00:39:38.353+0100] {logging_mixin.py:190} INFO - [2024-11-11T00:39:38.353+0100] {dagbag.py:588} INFO - Filling up the DagBag from /home/sakana/anaconda3/envs/airflow_env/lib/python3.8/site-packages/airflow/example_dags/example_workday_timetable.py
[2024-11-11T00:39:38.359+0100] {processor.py:925} INFO - DAG(s) 'example_workday_timetable' retrieved from /home/sakana/anaconda3/envs/airflow_env/lib/python3.8/site-packages/airflow/example_dags/example_workday_timetable.py
[2024-11-11T00:39:38.374+0100] {logging_mixin.py:190} INFO - [2024-11-11T00:39:38.374+0100] {dag.py:3239} INFO - Sync 1 DAGs
[2024-11-11T00:39:38.396+0100] {logging_mixin.py:190} INFO - [2024-11-11T00:39:38.395+0100] {dag.py:4180} INFO - Setting next_dagrun for example_workday_timetable to 2021-01-01 00:00:00+00:00, run_after=2021-01-02 00:00:00+00:00
[2024-11-11T00:39:38.421+0100] {processor.py:208} INFO - Processing /home/sakana/anaconda3/envs/airflow_env/lib/python3.8/site-packages/airflow/example_dags/example_workday_timetable.py took 0.078 seconds
[2024-11-11T00:42:54.003+0100] {processor.py:186} INFO - Started process (PID=8416) to work on /home/sakana/anaconda3/envs/airflow_env/lib/python3.8/site-packages/airflow/example_dags/example_workday_timetable.py
[2024-11-11T00:42:54.008+0100] {processor.py:914} INFO - Processing file /home/sakana/anaconda3/envs/airflow_env/lib/python3.8/site-packages/airflow/example_dags/example_workday_timetable.py for tasks to queue
[2024-11-11T00:42:54.011+0100] {logging_mixin.py:190} INFO - [2024-11-11T00:42:54.010+0100] {dagbag.py:588} INFO - Filling up the DagBag from /home/sakana/anaconda3/envs/airflow_env/lib/python3.8/site-packages/airflow/example_dags/example_workday_timetable.py
[2024-11-11T00:42:54.020+0100] {processor.py:925} INFO - DAG(s) 'example_workday_timetable' retrieved from /home/sakana/anaconda3/envs/airflow_env/lib/python3.8/site-packages/airflow/example_dags/example_workday_timetable.py
[2024-11-11T00:42:54.045+0100] {logging_mixin.py:190} INFO - [2024-11-11T00:42:54.045+0100] {dag.py:3239} INFO - Sync 1 DAGs
[2024-11-11T00:42:54.070+0100] {logging_mixin.py:190} INFO - [2024-11-11T00:42:54.070+0100] {dag.py:4180} INFO - Setting next_dagrun for example_workday_timetable to 2021-01-01 00:00:00+00:00, run_after=2021-01-02 00:00:00+00:00
[2024-11-11T00:42:54.089+0100] {processor.py:208} INFO - Processing /home/sakana/anaconda3/envs/airflow_env/lib/python3.8/site-packages/airflow/example_dags/example_workday_timetable.py took 0.095 seconds
[2024-11-11T00:45:19.234+0100] {processor.py:186} INFO - Started process (PID=8713) to work on /home/sakana/anaconda3/envs/airflow_env/lib/python3.8/site-packages/airflow/example_dags/example_workday_timetable.py
[2024-11-11T00:45:19.239+0100] {processor.py:914} INFO - Processing file /home/sakana/anaconda3/envs/airflow_env/lib/python3.8/site-packages/airflow/example_dags/example_workday_timetable.py for tasks to queue
[2024-11-11T00:45:19.245+0100] {logging_mixin.py:190} INFO - [2024-11-11T00:45:19.244+0100] {dagbag.py:588} INFO - Filling up the DagBag from /home/sakana/anaconda3/envs/airflow_env/lib/python3.8/site-packages/airflow/example_dags/example_workday_timetable.py
[2024-11-11T00:45:19.262+0100] {processor.py:925} INFO - DAG(s) 'example_workday_timetable' retrieved from /home/sakana/anaconda3/envs/airflow_env/lib/python3.8/site-packages/airflow/example_dags/example_workday_timetable.py
[2024-11-11T00:45:19.286+0100] {logging_mixin.py:190} INFO - [2024-11-11T00:45:19.286+0100] {dag.py:3239} INFO - Sync 1 DAGs
[2024-11-11T00:45:19.309+0100] {logging_mixin.py:190} INFO - [2024-11-11T00:45:19.309+0100] {dag.py:4180} INFO - Setting next_dagrun for example_workday_timetable to 2021-01-01 00:00:00+00:00, run_after=2021-01-02 00:00:00+00:00
[2024-11-11T00:45:19.326+0100] {processor.py:208} INFO - Processing /home/sakana/anaconda3/envs/airflow_env/lib/python3.8/site-packages/airflow/example_dags/example_workday_timetable.py took 0.100 seconds
[2024-11-11T00:46:17.595+0100] {processor.py:186} INFO - Started process (PID=8834) to work on /home/sakana/anaconda3/envs/airflow_env/lib/python3.8/site-packages/airflow/example_dags/example_workday_timetable.py
[2024-11-11T00:46:17.600+0100] {processor.py:914} INFO - Processing file /home/sakana/anaconda3/envs/airflow_env/lib/python3.8/site-packages/airflow/example_dags/example_workday_timetable.py for tasks to queue
[2024-11-11T00:46:17.602+0100] {logging_mixin.py:190} INFO - [2024-11-11T00:46:17.602+0100] {dagbag.py:588} INFO - Filling up the DagBag from /home/sakana/anaconda3/envs/airflow_env/lib/python3.8/site-packages/airflow/example_dags/example_workday_timetable.py
[2024-11-11T00:46:17.610+0100] {processor.py:925} INFO - DAG(s) 'example_workday_timetable' retrieved from /home/sakana/anaconda3/envs/airflow_env/lib/python3.8/site-packages/airflow/example_dags/example_workday_timetable.py
[2024-11-11T00:46:17.626+0100] {logging_mixin.py:190} INFO - [2024-11-11T00:46:17.625+0100] {dag.py:3239} INFO - Sync 1 DAGs
[2024-11-11T00:46:17.643+0100] {logging_mixin.py:190} INFO - [2024-11-11T00:46:17.643+0100] {dag.py:4180} INFO - Setting next_dagrun for example_workday_timetable to 2021-01-01 00:00:00+00:00, run_after=2021-01-02 00:00:00+00:00
[2024-11-11T00:46:17.660+0100] {processor.py:208} INFO - Processing /home/sakana/anaconda3/envs/airflow_env/lib/python3.8/site-packages/airflow/example_dags/example_workday_timetable.py took 0.072 seconds
[2024-11-11T00:47:12.171+0100] {processor.py:186} INFO - Started process (PID=8915) to work on /home/sakana/anaconda3/envs/airflow_env/lib/python3.8/site-packages/airflow/example_dags/example_workday_timetable.py
[2024-11-11T00:47:12.172+0100] {processor.py:914} INFO - Processing file /home/sakana/anaconda3/envs/airflow_env/lib/python3.8/site-packages/airflow/example_dags/example_workday_timetable.py for tasks to queue
[2024-11-11T00:47:12.175+0100] {logging_mixin.py:190} INFO - [2024-11-11T00:47:12.174+0100] {dagbag.py:588} INFO - Filling up the DagBag from /home/sakana/anaconda3/envs/airflow_env/lib/python3.8/site-packages/airflow/example_dags/example_workday_timetable.py
[2024-11-11T00:47:12.181+0100] {processor.py:925} INFO - DAG(s) 'example_workday_timetable' retrieved from /home/sakana/anaconda3/envs/airflow_env/lib/python3.8/site-packages/airflow/example_dags/example_workday_timetable.py
[2024-11-11T00:47:12.199+0100] {logging_mixin.py:190} INFO - [2024-11-11T00:47:12.198+0100] {dag.py:3239} INFO - Sync 1 DAGs
[2024-11-11T00:47:12.223+0100] {logging_mixin.py:190} INFO - [2024-11-11T00:47:12.223+0100] {dag.py:4180} INFO - Setting next_dagrun for example_workday_timetable to 2021-01-01 00:00:00+00:00, run_after=2021-01-02 00:00:00+00:00
[2024-11-11T00:47:12.241+0100] {processor.py:208} INFO - Processing /home/sakana/anaconda3/envs/airflow_env/lib/python3.8/site-packages/airflow/example_dags/example_workday_timetable.py took 0.077 seconds
[2024-11-11T00:48:09.169+0100] {processor.py:186} INFO - Started process (PID=9003) to work on /home/sakana/anaconda3/envs/airflow_env/lib/python3.8/site-packages/airflow/example_dags/example_workday_timetable.py
[2024-11-11T00:48:09.174+0100] {processor.py:914} INFO - Processing file /home/sakana/anaconda3/envs/airflow_env/lib/python3.8/site-packages/airflow/example_dags/example_workday_timetable.py for tasks to queue
[2024-11-11T00:48:09.177+0100] {logging_mixin.py:190} INFO - [2024-11-11T00:48:09.177+0100] {dagbag.py:588} INFO - Filling up the DagBag from /home/sakana/anaconda3/envs/airflow_env/lib/python3.8/site-packages/airflow/example_dags/example_workday_timetable.py
[2024-11-11T00:48:09.183+0100] {processor.py:925} INFO - DAG(s) 'example_workday_timetable' retrieved from /home/sakana/anaconda3/envs/airflow_env/lib/python3.8/site-packages/airflow/example_dags/example_workday_timetable.py
[2024-11-11T00:48:09.203+0100] {logging_mixin.py:190} INFO - [2024-11-11T00:48:09.203+0100] {dag.py:3239} INFO - Sync 1 DAGs
[2024-11-11T00:48:09.237+0100] {logging_mixin.py:190} INFO - [2024-11-11T00:48:09.237+0100] {dag.py:4180} INFO - Setting next_dagrun for example_workday_timetable to 2021-01-01 00:00:00+00:00, run_after=2021-01-02 00:00:00+00:00
[2024-11-11T00:48:09.265+0100] {processor.py:208} INFO - Processing /home/sakana/anaconda3/envs/airflow_env/lib/python3.8/site-packages/airflow/example_dags/example_workday_timetable.py took 0.109 seconds
[2024-11-11T00:49:06.553+0100] {processor.py:186} INFO - Started process (PID=9132) to work on /home/sakana/anaconda3/envs/airflow_env/lib/python3.8/site-packages/airflow/example_dags/example_workday_timetable.py
[2024-11-11T00:49:06.558+0100] {processor.py:914} INFO - Processing file /home/sakana/anaconda3/envs/airflow_env/lib/python3.8/site-packages/airflow/example_dags/example_workday_timetable.py for tasks to queue
[2024-11-11T00:49:06.562+0100] {logging_mixin.py:190} INFO - [2024-11-11T00:49:06.561+0100] {dagbag.py:588} INFO - Filling up the DagBag from /home/sakana/anaconda3/envs/airflow_env/lib/python3.8/site-packages/airflow/example_dags/example_workday_timetable.py
[2024-11-11T00:49:06.572+0100] {processor.py:925} INFO - DAG(s) 'example_workday_timetable' retrieved from /home/sakana/anaconda3/envs/airflow_env/lib/python3.8/site-packages/airflow/example_dags/example_workday_timetable.py
[2024-11-11T00:49:06.588+0100] {logging_mixin.py:190} INFO - [2024-11-11T00:49:06.588+0100] {dag.py:3239} INFO - Sync 1 DAGs
[2024-11-11T00:49:06.608+0100] {logging_mixin.py:190} INFO - [2024-11-11T00:49:06.608+0100] {dag.py:4180} INFO - Setting next_dagrun for example_workday_timetable to 2021-01-01 00:00:00+00:00, run_after=2021-01-02 00:00:00+00:00
[2024-11-11T00:49:06.627+0100] {processor.py:208} INFO - Processing /home/sakana/anaconda3/envs/airflow_env/lib/python3.8/site-packages/airflow/example_dags/example_workday_timetable.py took 0.086 seconds
[2024-11-11T00:50:04.991+0100] {processor.py:186} INFO - Started process (PID=9455) to work on /home/sakana/anaconda3/envs/airflow_env/lib/python3.8/site-packages/airflow/example_dags/example_workday_timetable.py
[2024-11-11T00:50:04.996+0100] {processor.py:914} INFO - Processing file /home/sakana/anaconda3/envs/airflow_env/lib/python3.8/site-packages/airflow/example_dags/example_workday_timetable.py for tasks to queue
[2024-11-11T00:50:04.998+0100] {logging_mixin.py:190} INFO - [2024-11-11T00:50:04.998+0100] {dagbag.py:588} INFO - Filling up the DagBag from /home/sakana/anaconda3/envs/airflow_env/lib/python3.8/site-packages/airflow/example_dags/example_workday_timetable.py
[2024-11-11T00:50:05.007+0100] {processor.py:925} INFO - DAG(s) 'example_workday_timetable' retrieved from /home/sakana/anaconda3/envs/airflow_env/lib/python3.8/site-packages/airflow/example_dags/example_workday_timetable.py
[2024-11-11T00:50:05.023+0100] {logging_mixin.py:190} INFO - [2024-11-11T00:50:05.022+0100] {dag.py:3239} INFO - Sync 1 DAGs
[2024-11-11T00:50:05.046+0100] {logging_mixin.py:190} INFO - [2024-11-11T00:50:05.046+0100] {dag.py:4180} INFO - Setting next_dagrun for example_workday_timetable to 2021-01-01 00:00:00+00:00, run_after=2021-01-02 00:00:00+00:00
[2024-11-11T00:50:05.068+0100] {processor.py:208} INFO - Processing /home/sakana/anaconda3/envs/airflow_env/lib/python3.8/site-packages/airflow/example_dags/example_workday_timetable.py took 0.084 seconds
[2024-11-11T00:51:06.091+0100] {processor.py:186} INFO - Started process (PID=9537) to work on /home/sakana/anaconda3/envs/airflow_env/lib/python3.8/site-packages/airflow/example_dags/example_workday_timetable.py
[2024-11-11T00:51:06.098+0100] {processor.py:914} INFO - Processing file /home/sakana/anaconda3/envs/airflow_env/lib/python3.8/site-packages/airflow/example_dags/example_workday_timetable.py for tasks to queue
[2024-11-11T00:51:06.105+0100] {logging_mixin.py:190} INFO - [2024-11-11T00:51:06.103+0100] {dagbag.py:588} INFO - Filling up the DagBag from /home/sakana/anaconda3/envs/airflow_env/lib/python3.8/site-packages/airflow/example_dags/example_workday_timetable.py
[2024-11-11T00:51:06.126+0100] {processor.py:925} INFO - DAG(s) 'example_workday_timetable' retrieved from /home/sakana/anaconda3/envs/airflow_env/lib/python3.8/site-packages/airflow/example_dags/example_workday_timetable.py
[2024-11-11T00:51:06.146+0100] {logging_mixin.py:190} INFO - [2024-11-11T00:51:06.146+0100] {dag.py:3239} INFO - Sync 1 DAGs
[2024-11-11T00:51:06.172+0100] {logging_mixin.py:190} INFO - [2024-11-11T00:51:06.172+0100] {dag.py:4180} INFO - Setting next_dagrun for example_workday_timetable to 2021-01-01 00:00:00+00:00, run_after=2021-01-02 00:00:00+00:00
[2024-11-11T00:51:06.193+0100] {processor.py:208} INFO - Processing /home/sakana/anaconda3/envs/airflow_env/lib/python3.8/site-packages/airflow/example_dags/example_workday_timetable.py took 0.110 seconds
[2024-11-11T00:52:02.098+0100] {processor.py:186} INFO - Started process (PID=9638) to work on /home/sakana/anaconda3/envs/airflow_env/lib/python3.8/site-packages/airflow/example_dags/example_workday_timetable.py
[2024-11-11T00:52:02.099+0100] {processor.py:914} INFO - Processing file /home/sakana/anaconda3/envs/airflow_env/lib/python3.8/site-packages/airflow/example_dags/example_workday_timetable.py for tasks to queue
[2024-11-11T00:52:02.101+0100] {logging_mixin.py:190} INFO - [2024-11-11T00:52:02.100+0100] {dagbag.py:588} INFO - Filling up the DagBag from /home/sakana/anaconda3/envs/airflow_env/lib/python3.8/site-packages/airflow/example_dags/example_workday_timetable.py
[2024-11-11T00:52:02.108+0100] {processor.py:925} INFO - DAG(s) 'example_workday_timetable' retrieved from /home/sakana/anaconda3/envs/airflow_env/lib/python3.8/site-packages/airflow/example_dags/example_workday_timetable.py
[2024-11-11T00:52:02.126+0100] {logging_mixin.py:190} INFO - [2024-11-11T00:52:02.126+0100] {dag.py:3239} INFO - Sync 1 DAGs
[2024-11-11T00:52:02.149+0100] {logging_mixin.py:190} INFO - [2024-11-11T00:52:02.149+0100] {dag.py:4180} INFO - Setting next_dagrun for example_workday_timetable to 2021-01-01 00:00:00+00:00, run_after=2021-01-02 00:00:00+00:00
[2024-11-11T00:52:02.171+0100] {processor.py:208} INFO - Processing /home/sakana/anaconda3/envs/airflow_env/lib/python3.8/site-packages/airflow/example_dags/example_workday_timetable.py took 0.081 seconds
[2024-11-11T00:52:59.950+0100] {processor.py:186} INFO - Started process (PID=9838) to work on /home/sakana/anaconda3/envs/airflow_env/lib/python3.8/site-packages/airflow/example_dags/example_workday_timetable.py
[2024-11-11T00:52:59.952+0100] {processor.py:914} INFO - Processing file /home/sakana/anaconda3/envs/airflow_env/lib/python3.8/site-packages/airflow/example_dags/example_workday_timetable.py for tasks to queue
[2024-11-11T00:52:59.955+0100] {logging_mixin.py:190} INFO - [2024-11-11T00:52:59.954+0100] {dagbag.py:588} INFO - Filling up the DagBag from /home/sakana/anaconda3/envs/airflow_env/lib/python3.8/site-packages/airflow/example_dags/example_workday_timetable.py
[2024-11-11T00:52:59.966+0100] {processor.py:925} INFO - DAG(s) 'example_workday_timetable' retrieved from /home/sakana/anaconda3/envs/airflow_env/lib/python3.8/site-packages/airflow/example_dags/example_workday_timetable.py
[2024-11-11T00:52:59.987+0100] {logging_mixin.py:190} INFO - [2024-11-11T00:52:59.987+0100] {dag.py:3239} INFO - Sync 1 DAGs
[2024-11-11T00:53:00.026+0100] {logging_mixin.py:190} INFO - [2024-11-11T00:53:00.026+0100] {dag.py:4180} INFO - Setting next_dagrun for example_workday_timetable to 2021-01-01 00:00:00+00:00, run_after=2021-01-02 00:00:00+00:00
[2024-11-11T00:53:00.069+0100] {processor.py:208} INFO - Processing /home/sakana/anaconda3/envs/airflow_env/lib/python3.8/site-packages/airflow/example_dags/example_workday_timetable.py took 0.131 seconds
[2024-11-11T00:53:58.960+0100] {processor.py:186} INFO - Started process (PID=9915) to work on /home/sakana/anaconda3/envs/airflow_env/lib/python3.8/site-packages/airflow/example_dags/example_workday_timetable.py
[2024-11-11T00:53:58.966+0100] {processor.py:914} INFO - Processing file /home/sakana/anaconda3/envs/airflow_env/lib/python3.8/site-packages/airflow/example_dags/example_workday_timetable.py for tasks to queue
[2024-11-11T00:53:58.968+0100] {logging_mixin.py:190} INFO - [2024-11-11T00:53:58.967+0100] {dagbag.py:588} INFO - Filling up the DagBag from /home/sakana/anaconda3/envs/airflow_env/lib/python3.8/site-packages/airflow/example_dags/example_workday_timetable.py
[2024-11-11T00:53:58.974+0100] {processor.py:925} INFO - DAG(s) 'example_workday_timetable' retrieved from /home/sakana/anaconda3/envs/airflow_env/lib/python3.8/site-packages/airflow/example_dags/example_workday_timetable.py
[2024-11-11T00:53:58.989+0100] {logging_mixin.py:190} INFO - [2024-11-11T00:53:58.989+0100] {dag.py:3239} INFO - Sync 1 DAGs
[2024-11-11T00:53:59.009+0100] {logging_mixin.py:190} INFO - [2024-11-11T00:53:59.009+0100] {dag.py:4180} INFO - Setting next_dagrun for example_workday_timetable to 2021-01-01 00:00:00+00:00, run_after=2021-01-02 00:00:00+00:00
[2024-11-11T00:53:59.038+0100] {processor.py:208} INFO - Processing /home/sakana/anaconda3/envs/airflow_env/lib/python3.8/site-packages/airflow/example_dags/example_workday_timetable.py took 0.083 seconds
