[2024-11-11T00:26:03.792+0100] {processor.py:186} INFO - Started process (PID=6758) to work on /home/sakana/anaconda3/envs/airflow_env/lib/python3.8/site-packages/airflow/example_dags/example_python_decorator.py
[2024-11-11T00:26:03.793+0100] {processor.py:914} INFO - Processing file /home/sakana/anaconda3/envs/airflow_env/lib/python3.8/site-packages/airflow/example_dags/example_python_decorator.py for tasks to queue
[2024-11-11T00:26:03.795+0100] {logging_mixin.py:190} INFO - [2024-11-11T00:26:03.795+0100] {dagbag.py:588} INFO - Filling up the DagBag from /home/sakana/anaconda3/envs/airflow_env/lib/python3.8/site-packages/airflow/example_dags/example_python_decorator.py
[2024-11-11T00:26:03.805+0100] {logging_mixin.py:190} INFO - [2024-11-11T00:26:03.804+0100] {example_python_decorator.py:80} WARNING - The virtalenv_python example task requires virtualenv, please install it.
[2024-11-11T00:26:03.807+0100] {processor.py:925} INFO - DAG(s) 'example_python_decorator' retrieved from /home/sakana/anaconda3/envs/airflow_env/lib/python3.8/site-packages/airflow/example_dags/example_python_decorator.py
[2024-11-11T00:26:03.934+0100] {logging_mixin.py:190} INFO - [2024-11-11T00:26:03.932+0100] {override.py:1901} INFO - Created Permission View: can edit on DAG:example_python_decorator
[2024-11-11T00:26:03.965+0100] {logging_mixin.py:190} INFO - [2024-11-11T00:26:03.964+0100] {override.py:1901} INFO - Created Permission View: can read on DAG:example_python_decorator
[2024-11-11T00:26:03.987+0100] {logging_mixin.py:190} INFO - [2024-11-11T00:26:03.986+0100] {override.py:1901} INFO - Created Permission View: can delete on DAG:example_python_decorator
[2024-11-11T00:26:04.014+0100] {logging_mixin.py:190} INFO - [2024-11-11T00:26:04.014+0100] {override.py:1901} INFO - Created Permission View: can create on DAG Run:example_python_decorator
[2024-11-11T00:26:04.032+0100] {logging_mixin.py:190} INFO - [2024-11-11T00:26:04.031+0100] {override.py:1901} INFO - Created Permission View: can read on DAG Run:example_python_decorator
[2024-11-11T00:26:04.050+0100] {logging_mixin.py:190} INFO - [2024-11-11T00:26:04.050+0100] {override.py:1901} INFO - Created Permission View: can delete on DAG Run:example_python_decorator
[2024-11-11T00:26:04.067+0100] {logging_mixin.py:190} INFO - [2024-11-11T00:26:04.067+0100] {override.py:1901} INFO - Created Permission View: menu access on DAG Run:example_python_decorator
[2024-11-11T00:26:04.068+0100] {logging_mixin.py:190} INFO - [2024-11-11T00:26:04.067+0100] {dag.py:3239} INFO - Sync 1 DAGs
[2024-11-11T00:26:04.084+0100] {logging_mixin.py:190} INFO - [2024-11-11T00:26:04.083+0100] {dag.py:3262} INFO - Creating ORM DAG for example_python_decorator
[2024-11-11T00:26:04.085+0100] {logging_mixin.py:190} INFO - [2024-11-11T00:26:04.084+0100] {dag.py:4180} INFO - Setting next_dagrun for example_python_decorator to None, run_after=None
[2024-11-11T00:26:04.138+0100] {processor.py:208} INFO - Processing /home/sakana/anaconda3/envs/airflow_env/lib/python3.8/site-packages/airflow/example_dags/example_python_decorator.py took 0.352 seconds
[2024-11-11T00:27:09.147+0100] {processor.py:186} INFO - Started process (PID=6915) to work on /home/sakana/anaconda3/envs/airflow_env/lib/python3.8/site-packages/airflow/example_dags/example_python_decorator.py
[2024-11-11T00:27:09.152+0100] {processor.py:914} INFO - Processing file /home/sakana/anaconda3/envs/airflow_env/lib/python3.8/site-packages/airflow/example_dags/example_python_decorator.py for tasks to queue
[2024-11-11T00:27:09.158+0100] {logging_mixin.py:190} INFO - [2024-11-11T00:27:09.157+0100] {dagbag.py:588} INFO - Filling up the DagBag from /home/sakana/anaconda3/envs/airflow_env/lib/python3.8/site-packages/airflow/example_dags/example_python_decorator.py
[2024-11-11T00:27:09.179+0100] {logging_mixin.py:190} INFO - [2024-11-11T00:27:09.179+0100] {example_python_decorator.py:80} WARNING - The virtalenv_python example task requires virtualenv, please install it.
[2024-11-11T00:27:09.182+0100] {processor.py:925} INFO - DAG(s) 'example_python_decorator' retrieved from /home/sakana/anaconda3/envs/airflow_env/lib/python3.8/site-packages/airflow/example_dags/example_python_decorator.py
[2024-11-11T00:27:09.199+0100] {logging_mixin.py:190} INFO - [2024-11-11T00:27:09.199+0100] {dag.py:3239} INFO - Sync 1 DAGs
[2024-11-11T00:27:09.210+0100] {logging_mixin.py:190} INFO - [2024-11-11T00:27:09.210+0100] {dag.py:4180} INFO - Setting next_dagrun for example_python_decorator to None, run_after=None
[2024-11-11T00:27:09.226+0100] {processor.py:208} INFO - Processing /home/sakana/anaconda3/envs/airflow_env/lib/python3.8/site-packages/airflow/example_dags/example_python_decorator.py took 0.087 seconds
[2024-11-11T00:28:10.218+0100] {processor.py:186} INFO - Started process (PID=7027) to work on /home/sakana/anaconda3/envs/airflow_env/lib/python3.8/site-packages/airflow/example_dags/example_python_decorator.py
[2024-11-11T00:28:10.223+0100] {processor.py:914} INFO - Processing file /home/sakana/anaconda3/envs/airflow_env/lib/python3.8/site-packages/airflow/example_dags/example_python_decorator.py for tasks to queue
[2024-11-11T00:28:10.225+0100] {logging_mixin.py:190} INFO - [2024-11-11T00:28:10.225+0100] {dagbag.py:588} INFO - Filling up the DagBag from /home/sakana/anaconda3/envs/airflow_env/lib/python3.8/site-packages/airflow/example_dags/example_python_decorator.py
[2024-11-11T00:28:10.239+0100] {logging_mixin.py:190} INFO - [2024-11-11T00:28:10.238+0100] {example_python_decorator.py:80} WARNING - The virtalenv_python example task requires virtualenv, please install it.
[2024-11-11T00:28:10.242+0100] {processor.py:925} INFO - DAG(s) 'example_python_decorator' retrieved from /home/sakana/anaconda3/envs/airflow_env/lib/python3.8/site-packages/airflow/example_dags/example_python_decorator.py
[2024-11-11T00:28:10.260+0100] {logging_mixin.py:190} INFO - [2024-11-11T00:28:10.259+0100] {dag.py:3239} INFO - Sync 1 DAGs
[2024-11-11T00:28:10.279+0100] {logging_mixin.py:190} INFO - [2024-11-11T00:28:10.278+0100] {dag.py:4180} INFO - Setting next_dagrun for example_python_decorator to None, run_after=None
[2024-11-11T00:28:10.297+0100] {processor.py:208} INFO - Processing /home/sakana/anaconda3/envs/airflow_env/lib/python3.8/site-packages/airflow/example_dags/example_python_decorator.py took 0.084 seconds
[2024-11-11T00:29:08.742+0100] {processor.py:186} INFO - Started process (PID=7104) to work on /home/sakana/anaconda3/envs/airflow_env/lib/python3.8/site-packages/airflow/example_dags/example_python_decorator.py
[2024-11-11T00:29:08.747+0100] {processor.py:914} INFO - Processing file /home/sakana/anaconda3/envs/airflow_env/lib/python3.8/site-packages/airflow/example_dags/example_python_decorator.py for tasks to queue
[2024-11-11T00:29:08.754+0100] {logging_mixin.py:190} INFO - [2024-11-11T00:29:08.752+0100] {dagbag.py:588} INFO - Filling up the DagBag from /home/sakana/anaconda3/envs/airflow_env/lib/python3.8/site-packages/airflow/example_dags/example_python_decorator.py
[2024-11-11T00:29:08.778+0100] {logging_mixin.py:190} INFO - [2024-11-11T00:29:08.778+0100] {example_python_decorator.py:80} WARNING - The virtalenv_python example task requires virtualenv, please install it.
[2024-11-11T00:29:08.782+0100] {processor.py:925} INFO - DAG(s) 'example_python_decorator' retrieved from /home/sakana/anaconda3/envs/airflow_env/lib/python3.8/site-packages/airflow/example_dags/example_python_decorator.py
[2024-11-11T00:29:08.799+0100] {logging_mixin.py:190} INFO - [2024-11-11T00:29:08.799+0100] {dag.py:3239} INFO - Sync 1 DAGs
[2024-11-11T00:29:08.811+0100] {logging_mixin.py:190} INFO - [2024-11-11T00:29:08.811+0100] {dag.py:4180} INFO - Setting next_dagrun for example_python_decorator to None, run_after=None
[2024-11-11T00:29:08.833+0100] {processor.py:208} INFO - Processing /home/sakana/anaconda3/envs/airflow_env/lib/python3.8/site-packages/airflow/example_dags/example_python_decorator.py took 0.097 seconds
[2024-11-11T00:30:01.466+0100] {processor.py:186} INFO - Started process (PID=7186) to work on /home/sakana/anaconda3/envs/airflow_env/lib/python3.8/site-packages/airflow/example_dags/example_python_decorator.py
[2024-11-11T00:30:01.467+0100] {processor.py:914} INFO - Processing file /home/sakana/anaconda3/envs/airflow_env/lib/python3.8/site-packages/airflow/example_dags/example_python_decorator.py for tasks to queue
[2024-11-11T00:30:01.469+0100] {logging_mixin.py:190} INFO - [2024-11-11T00:30:01.468+0100] {dagbag.py:588} INFO - Filling up the DagBag from /home/sakana/anaconda3/envs/airflow_env/lib/python3.8/site-packages/airflow/example_dags/example_python_decorator.py
[2024-11-11T00:30:01.478+0100] {logging_mixin.py:190} INFO - [2024-11-11T00:30:01.477+0100] {example_python_decorator.py:80} WARNING - The virtalenv_python example task requires virtualenv, please install it.
[2024-11-11T00:30:01.480+0100] {processor.py:925} INFO - DAG(s) 'example_python_decorator' retrieved from /home/sakana/anaconda3/envs/airflow_env/lib/python3.8/site-packages/airflow/example_dags/example_python_decorator.py
[2024-11-11T00:30:01.496+0100] {logging_mixin.py:190} INFO - [2024-11-11T00:30:01.496+0100] {dag.py:3239} INFO - Sync 1 DAGs
[2024-11-11T00:30:01.509+0100] {logging_mixin.py:190} INFO - [2024-11-11T00:30:01.509+0100] {dag.py:4180} INFO - Setting next_dagrun for example_python_decorator to None, run_after=None
[2024-11-11T00:30:01.531+0100] {processor.py:208} INFO - Processing /home/sakana/anaconda3/envs/airflow_env/lib/python3.8/site-packages/airflow/example_dags/example_python_decorator.py took 0.072 seconds
[2024-11-11T00:30:58.806+0100] {processor.py:186} INFO - Started process (PID=7264) to work on /home/sakana/anaconda3/envs/airflow_env/lib/python3.8/site-packages/airflow/example_dags/example_python_decorator.py
[2024-11-11T00:30:58.811+0100] {processor.py:914} INFO - Processing file /home/sakana/anaconda3/envs/airflow_env/lib/python3.8/site-packages/airflow/example_dags/example_python_decorator.py for tasks to queue
[2024-11-11T00:30:58.813+0100] {logging_mixin.py:190} INFO - [2024-11-11T00:30:58.812+0100] {dagbag.py:588} INFO - Filling up the DagBag from /home/sakana/anaconda3/envs/airflow_env/lib/python3.8/site-packages/airflow/example_dags/example_python_decorator.py
[2024-11-11T00:30:58.823+0100] {logging_mixin.py:190} INFO - [2024-11-11T00:30:58.823+0100] {example_python_decorator.py:80} WARNING - The virtalenv_python example task requires virtualenv, please install it.
[2024-11-11T00:30:58.825+0100] {processor.py:925} INFO - DAG(s) 'example_python_decorator' retrieved from /home/sakana/anaconda3/envs/airflow_env/lib/python3.8/site-packages/airflow/example_dags/example_python_decorator.py
[2024-11-11T00:30:58.840+0100] {logging_mixin.py:190} INFO - [2024-11-11T00:30:58.840+0100] {dag.py:3239} INFO - Sync 1 DAGs
[2024-11-11T00:30:58.851+0100] {logging_mixin.py:190} INFO - [2024-11-11T00:30:58.851+0100] {dag.py:4180} INFO - Setting next_dagrun for example_python_decorator to None, run_after=None
[2024-11-11T00:30:58.872+0100] {processor.py:208} INFO - Processing /home/sakana/anaconda3/envs/airflow_env/lib/python3.8/site-packages/airflow/example_dags/example_python_decorator.py took 0.074 seconds
[2024-11-11T00:31:55.550+0100] {processor.py:186} INFO - Started process (PID=7341) to work on /home/sakana/anaconda3/envs/airflow_env/lib/python3.8/site-packages/airflow/example_dags/example_python_decorator.py
[2024-11-11T00:31:55.555+0100] {processor.py:914} INFO - Processing file /home/sakana/anaconda3/envs/airflow_env/lib/python3.8/site-packages/airflow/example_dags/example_python_decorator.py for tasks to queue
[2024-11-11T00:31:55.557+0100] {logging_mixin.py:190} INFO - [2024-11-11T00:31:55.557+0100] {dagbag.py:588} INFO - Filling up the DagBag from /home/sakana/anaconda3/envs/airflow_env/lib/python3.8/site-packages/airflow/example_dags/example_python_decorator.py
[2024-11-11T00:31:55.570+0100] {logging_mixin.py:190} INFO - [2024-11-11T00:31:55.570+0100] {example_python_decorator.py:80} WARNING - The virtalenv_python example task requires virtualenv, please install it.
[2024-11-11T00:31:55.574+0100] {processor.py:925} INFO - DAG(s) 'example_python_decorator' retrieved from /home/sakana/anaconda3/envs/airflow_env/lib/python3.8/site-packages/airflow/example_dags/example_python_decorator.py
[2024-11-11T00:31:55.591+0100] {logging_mixin.py:190} INFO - [2024-11-11T00:31:55.591+0100] {dag.py:3239} INFO - Sync 1 DAGs
[2024-11-11T00:31:55.602+0100] {logging_mixin.py:190} INFO - [2024-11-11T00:31:55.602+0100] {dag.py:4180} INFO - Setting next_dagrun for example_python_decorator to None, run_after=None
[2024-11-11T00:31:55.619+0100] {processor.py:208} INFO - Processing /home/sakana/anaconda3/envs/airflow_env/lib/python3.8/site-packages/airflow/example_dags/example_python_decorator.py took 0.077 seconds
[2024-11-11T00:32:50.123+0100] {processor.py:186} INFO - Started process (PID=7410) to work on /home/sakana/anaconda3/envs/airflow_env/lib/python3.8/site-packages/airflow/example_dags/example_python_decorator.py
[2024-11-11T00:32:50.128+0100] {processor.py:914} INFO - Processing file /home/sakana/anaconda3/envs/airflow_env/lib/python3.8/site-packages/airflow/example_dags/example_python_decorator.py for tasks to queue
[2024-11-11T00:32:50.129+0100] {logging_mixin.py:190} INFO - [2024-11-11T00:32:50.129+0100] {dagbag.py:588} INFO - Filling up the DagBag from /home/sakana/anaconda3/envs/airflow_env/lib/python3.8/site-packages/airflow/example_dags/example_python_decorator.py
[2024-11-11T00:32:50.138+0100] {logging_mixin.py:190} INFO - [2024-11-11T00:32:50.138+0100] {example_python_decorator.py:80} WARNING - The virtalenv_python example task requires virtualenv, please install it.
[2024-11-11T00:32:50.140+0100] {processor.py:925} INFO - DAG(s) 'example_python_decorator' retrieved from /home/sakana/anaconda3/envs/airflow_env/lib/python3.8/site-packages/airflow/example_dags/example_python_decorator.py
[2024-11-11T00:32:50.157+0100] {logging_mixin.py:190} INFO - [2024-11-11T00:32:50.156+0100] {dag.py:3239} INFO - Sync 1 DAGs
[2024-11-11T00:32:50.171+0100] {logging_mixin.py:190} INFO - [2024-11-11T00:32:50.171+0100] {dag.py:4180} INFO - Setting next_dagrun for example_python_decorator to None, run_after=None
[2024-11-11T00:32:50.187+0100] {processor.py:208} INFO - Processing /home/sakana/anaconda3/envs/airflow_env/lib/python3.8/site-packages/airflow/example_dags/example_python_decorator.py took 0.070 seconds
[2024-11-11T00:33:48.197+0100] {processor.py:186} INFO - Started process (PID=7514) to work on /home/sakana/anaconda3/envs/airflow_env/lib/python3.8/site-packages/airflow/example_dags/example_python_decorator.py
[2024-11-11T00:33:48.201+0100] {processor.py:914} INFO - Processing file /home/sakana/anaconda3/envs/airflow_env/lib/python3.8/site-packages/airflow/example_dags/example_python_decorator.py for tasks to queue
[2024-11-11T00:33:48.204+0100] {logging_mixin.py:190} INFO - [2024-11-11T00:33:48.203+0100] {dagbag.py:588} INFO - Filling up the DagBag from /home/sakana/anaconda3/envs/airflow_env/lib/python3.8/site-packages/airflow/example_dags/example_python_decorator.py
[2024-11-11T00:33:48.216+0100] {logging_mixin.py:190} INFO - [2024-11-11T00:33:48.216+0100] {example_python_decorator.py:80} WARNING - The virtalenv_python example task requires virtualenv, please install it.
[2024-11-11T00:33:48.219+0100] {processor.py:925} INFO - DAG(s) 'example_python_decorator' retrieved from /home/sakana/anaconda3/envs/airflow_env/lib/python3.8/site-packages/airflow/example_dags/example_python_decorator.py
[2024-11-11T00:33:48.235+0100] {logging_mixin.py:190} INFO - [2024-11-11T00:33:48.235+0100] {dag.py:3239} INFO - Sync 1 DAGs
[2024-11-11T00:33:48.246+0100] {logging_mixin.py:190} INFO - [2024-11-11T00:33:48.246+0100] {dag.py:4180} INFO - Setting next_dagrun for example_python_decorator to None, run_after=None
[2024-11-11T00:33:48.266+0100] {processor.py:208} INFO - Processing /home/sakana/anaconda3/envs/airflow_env/lib/python3.8/site-packages/airflow/example_dags/example_python_decorator.py took 0.078 seconds
[2024-11-11T00:34:44.910+0100] {processor.py:186} INFO - Started process (PID=7591) to work on /home/sakana/anaconda3/envs/airflow_env/lib/python3.8/site-packages/airflow/example_dags/example_python_decorator.py
[2024-11-11T00:34:44.914+0100] {processor.py:914} INFO - Processing file /home/sakana/anaconda3/envs/airflow_env/lib/python3.8/site-packages/airflow/example_dags/example_python_decorator.py for tasks to queue
[2024-11-11T00:34:44.916+0100] {logging_mixin.py:190} INFO - [2024-11-11T00:34:44.916+0100] {dagbag.py:588} INFO - Filling up the DagBag from /home/sakana/anaconda3/envs/airflow_env/lib/python3.8/site-packages/airflow/example_dags/example_python_decorator.py
[2024-11-11T00:34:44.926+0100] {logging_mixin.py:190} INFO - [2024-11-11T00:34:44.925+0100] {example_python_decorator.py:80} WARNING - The virtalenv_python example task requires virtualenv, please install it.
[2024-11-11T00:34:44.928+0100] {processor.py:925} INFO - DAG(s) 'example_python_decorator' retrieved from /home/sakana/anaconda3/envs/airflow_env/lib/python3.8/site-packages/airflow/example_dags/example_python_decorator.py
[2024-11-11T00:34:44.944+0100] {logging_mixin.py:190} INFO - [2024-11-11T00:34:44.943+0100] {dag.py:3239} INFO - Sync 1 DAGs
[2024-11-11T00:34:44.957+0100] {logging_mixin.py:190} INFO - [2024-11-11T00:34:44.956+0100] {dag.py:4180} INFO - Setting next_dagrun for example_python_decorator to None, run_after=None
[2024-11-11T00:34:44.985+0100] {processor.py:208} INFO - Processing /home/sakana/anaconda3/envs/airflow_env/lib/python3.8/site-packages/airflow/example_dags/example_python_decorator.py took 0.081 seconds
[2024-11-11T00:35:38.776+0100] {processor.py:186} INFO - Started process (PID=7667) to work on /home/sakana/anaconda3/envs/airflow_env/lib/python3.8/site-packages/airflow/example_dags/example_python_decorator.py
[2024-11-11T00:35:38.781+0100] {processor.py:914} INFO - Processing file /home/sakana/anaconda3/envs/airflow_env/lib/python3.8/site-packages/airflow/example_dags/example_python_decorator.py for tasks to queue
[2024-11-11T00:35:38.783+0100] {logging_mixin.py:190} INFO - [2024-11-11T00:35:38.783+0100] {dagbag.py:588} INFO - Filling up the DagBag from /home/sakana/anaconda3/envs/airflow_env/lib/python3.8/site-packages/airflow/example_dags/example_python_decorator.py
[2024-11-11T00:35:38.795+0100] {logging_mixin.py:190} INFO - [2024-11-11T00:35:38.795+0100] {example_python_decorator.py:80} WARNING - The virtalenv_python example task requires virtualenv, please install it.
[2024-11-11T00:35:38.798+0100] {processor.py:925} INFO - DAG(s) 'example_python_decorator' retrieved from /home/sakana/anaconda3/envs/airflow_env/lib/python3.8/site-packages/airflow/example_dags/example_python_decorator.py
[2024-11-11T00:35:38.813+0100] {logging_mixin.py:190} INFO - [2024-11-11T00:35:38.813+0100] {dag.py:3239} INFO - Sync 1 DAGs
[2024-11-11T00:35:38.825+0100] {logging_mixin.py:190} INFO - [2024-11-11T00:35:38.824+0100] {dag.py:4180} INFO - Setting next_dagrun for example_python_decorator to None, run_after=None
[2024-11-11T00:35:38.849+0100] {processor.py:208} INFO - Processing /home/sakana/anaconda3/envs/airflow_env/lib/python3.8/site-packages/airflow/example_dags/example_python_decorator.py took 0.082 seconds
[2024-11-11T00:36:32.636+0100] {processor.py:186} INFO - Started process (PID=7737) to work on /home/sakana/anaconda3/envs/airflow_env/lib/python3.8/site-packages/airflow/example_dags/example_python_decorator.py
[2024-11-11T00:36:32.641+0100] {processor.py:914} INFO - Processing file /home/sakana/anaconda3/envs/airflow_env/lib/python3.8/site-packages/airflow/example_dags/example_python_decorator.py for tasks to queue
[2024-11-11T00:36:32.643+0100] {logging_mixin.py:190} INFO - [2024-11-11T00:36:32.642+0100] {dagbag.py:588} INFO - Filling up the DagBag from /home/sakana/anaconda3/envs/airflow_env/lib/python3.8/site-packages/airflow/example_dags/example_python_decorator.py
[2024-11-11T00:36:32.653+0100] {logging_mixin.py:190} INFO - [2024-11-11T00:36:32.653+0100] {example_python_decorator.py:80} WARNING - The virtalenv_python example task requires virtualenv, please install it.
[2024-11-11T00:36:32.656+0100] {processor.py:925} INFO - DAG(s) 'example_python_decorator' retrieved from /home/sakana/anaconda3/envs/airflow_env/lib/python3.8/site-packages/airflow/example_dags/example_python_decorator.py
[2024-11-11T00:36:32.672+0100] {logging_mixin.py:190} INFO - [2024-11-11T00:36:32.672+0100] {dag.py:3239} INFO - Sync 1 DAGs
[2024-11-11T00:36:32.684+0100] {logging_mixin.py:190} INFO - [2024-11-11T00:36:32.683+0100] {dag.py:4180} INFO - Setting next_dagrun for example_python_decorator to None, run_after=None
[2024-11-11T00:36:32.714+0100] {processor.py:208} INFO - Processing /home/sakana/anaconda3/envs/airflow_env/lib/python3.8/site-packages/airflow/example_dags/example_python_decorator.py took 0.086 seconds
[2024-11-11T00:37:32.215+0100] {processor.py:186} INFO - Started process (PID=7810) to work on /home/sakana/anaconda3/envs/airflow_env/lib/python3.8/site-packages/airflow/example_dags/example_python_decorator.py
[2024-11-11T00:37:32.220+0100] {processor.py:914} INFO - Processing file /home/sakana/anaconda3/envs/airflow_env/lib/python3.8/site-packages/airflow/example_dags/example_python_decorator.py for tasks to queue
[2024-11-11T00:37:32.222+0100] {logging_mixin.py:190} INFO - [2024-11-11T00:37:32.221+0100] {dagbag.py:588} INFO - Filling up the DagBag from /home/sakana/anaconda3/envs/airflow_env/lib/python3.8/site-packages/airflow/example_dags/example_python_decorator.py
[2024-11-11T00:37:32.230+0100] {logging_mixin.py:190} INFO - [2024-11-11T00:37:32.230+0100] {example_python_decorator.py:80} WARNING - The virtalenv_python example task requires virtualenv, please install it.
[2024-11-11T00:37:32.233+0100] {processor.py:925} INFO - DAG(s) 'example_python_decorator' retrieved from /home/sakana/anaconda3/envs/airflow_env/lib/python3.8/site-packages/airflow/example_dags/example_python_decorator.py
[2024-11-11T00:37:32.250+0100] {logging_mixin.py:190} INFO - [2024-11-11T00:37:32.250+0100] {dag.py:3239} INFO - Sync 1 DAGs
[2024-11-11T00:37:32.261+0100] {logging_mixin.py:190} INFO - [2024-11-11T00:37:32.261+0100] {dag.py:4180} INFO - Setting next_dagrun for example_python_decorator to None, run_after=None
[2024-11-11T00:37:32.287+0100] {processor.py:208} INFO - Processing /home/sakana/anaconda3/envs/airflow_env/lib/python3.8/site-packages/airflow/example_dags/example_python_decorator.py took 0.078 seconds
[2024-11-11T00:38:25.364+0100] {processor.py:186} INFO - Started process (PID=7912) to work on /home/sakana/anaconda3/envs/airflow_env/lib/python3.8/site-packages/airflow/example_dags/example_python_decorator.py
[2024-11-11T00:38:25.369+0100] {processor.py:914} INFO - Processing file /home/sakana/anaconda3/envs/airflow_env/lib/python3.8/site-packages/airflow/example_dags/example_python_decorator.py for tasks to queue
[2024-11-11T00:38:25.371+0100] {logging_mixin.py:190} INFO - [2024-11-11T00:38:25.371+0100] {dagbag.py:588} INFO - Filling up the DagBag from /home/sakana/anaconda3/envs/airflow_env/lib/python3.8/site-packages/airflow/example_dags/example_python_decorator.py
[2024-11-11T00:38:25.382+0100] {logging_mixin.py:190} INFO - [2024-11-11T00:38:25.381+0100] {example_python_decorator.py:80} WARNING - The virtalenv_python example task requires virtualenv, please install it.
[2024-11-11T00:38:25.384+0100] {processor.py:925} INFO - DAG(s) 'example_python_decorator' retrieved from /home/sakana/anaconda3/envs/airflow_env/lib/python3.8/site-packages/airflow/example_dags/example_python_decorator.py
[2024-11-11T00:38:25.400+0100] {logging_mixin.py:190} INFO - [2024-11-11T00:38:25.400+0100] {dag.py:3239} INFO - Sync 1 DAGs
[2024-11-11T00:38:25.411+0100] {logging_mixin.py:190} INFO - [2024-11-11T00:38:25.410+0100] {dag.py:4180} INFO - Setting next_dagrun for example_python_decorator to None, run_after=None
[2024-11-11T00:38:25.436+0100] {processor.py:208} INFO - Processing /home/sakana/anaconda3/envs/airflow_env/lib/python3.8/site-packages/airflow/example_dags/example_python_decorator.py took 0.078 seconds
[2024-11-11T00:39:21.520+0100] {processor.py:186} INFO - Started process (PID=8012) to work on /home/sakana/anaconda3/envs/airflow_env/lib/python3.8/site-packages/airflow/example_dags/example_python_decorator.py
[2024-11-11T00:39:21.538+0100] {processor.py:914} INFO - Processing file /home/sakana/anaconda3/envs/airflow_env/lib/python3.8/site-packages/airflow/example_dags/example_python_decorator.py for tasks to queue
[2024-11-11T00:39:21.540+0100] {logging_mixin.py:190} INFO - [2024-11-11T00:39:21.540+0100] {dagbag.py:588} INFO - Filling up the DagBag from /home/sakana/anaconda3/envs/airflow_env/lib/python3.8/site-packages/airflow/example_dags/example_python_decorator.py
[2024-11-11T00:39:21.551+0100] {logging_mixin.py:190} INFO - [2024-11-11T00:39:21.551+0100] {example_python_decorator.py:80} WARNING - The virtalenv_python example task requires virtualenv, please install it.
[2024-11-11T00:39:21.554+0100] {processor.py:925} INFO - DAG(s) 'example_python_decorator' retrieved from /home/sakana/anaconda3/envs/airflow_env/lib/python3.8/site-packages/airflow/example_dags/example_python_decorator.py
[2024-11-11T00:39:21.572+0100] {logging_mixin.py:190} INFO - [2024-11-11T00:39:21.571+0100] {dag.py:3239} INFO - Sync 1 DAGs
[2024-11-11T00:39:21.583+0100] {logging_mixin.py:190} INFO - [2024-11-11T00:39:21.583+0100] {dag.py:4180} INFO - Setting next_dagrun for example_python_decorator to None, run_after=None
[2024-11-11T00:39:21.606+0100] {processor.py:208} INFO - Processing /home/sakana/anaconda3/envs/airflow_env/lib/python3.8/site-packages/airflow/example_dags/example_python_decorator.py took 0.095 seconds
[2024-11-11T00:40:18.081+0100] {processor.py:186} INFO - Started process (PID=8148) to work on /home/sakana/anaconda3/envs/airflow_env/lib/python3.8/site-packages/airflow/example_dags/example_python_decorator.py
[2024-11-11T00:40:18.086+0100] {processor.py:914} INFO - Processing file /home/sakana/anaconda3/envs/airflow_env/lib/python3.8/site-packages/airflow/example_dags/example_python_decorator.py for tasks to queue
[2024-11-11T00:40:18.089+0100] {logging_mixin.py:190} INFO - [2024-11-11T00:40:18.088+0100] {dagbag.py:588} INFO - Filling up the DagBag from /home/sakana/anaconda3/envs/airflow_env/lib/python3.8/site-packages/airflow/example_dags/example_python_decorator.py
[2024-11-11T00:40:18.104+0100] {logging_mixin.py:190} INFO - [2024-11-11T00:40:18.104+0100] {example_python_decorator.py:80} WARNING - The virtalenv_python example task requires virtualenv, please install it.
[2024-11-11T00:40:18.107+0100] {processor.py:925} INFO - DAG(s) 'example_python_decorator' retrieved from /home/sakana/anaconda3/envs/airflow_env/lib/python3.8/site-packages/airflow/example_dags/example_python_decorator.py
[2024-11-11T00:40:18.124+0100] {logging_mixin.py:190} INFO - [2024-11-11T00:40:18.124+0100] {dag.py:3239} INFO - Sync 1 DAGs
[2024-11-11T00:40:18.137+0100] {logging_mixin.py:190} INFO - [2024-11-11T00:40:18.136+0100] {dag.py:4180} INFO - Setting next_dagrun for example_python_decorator to None, run_after=None
[2024-11-11T00:40:18.166+0100] {processor.py:208} INFO - Processing /home/sakana/anaconda3/envs/airflow_env/lib/python3.8/site-packages/airflow/example_dags/example_python_decorator.py took 0.094 seconds
[2024-11-11T00:43:22.515+0100] {processor.py:186} INFO - Started process (PID=8517) to work on /home/sakana/anaconda3/envs/airflow_env/lib/python3.8/site-packages/airflow/example_dags/example_python_decorator.py
[2024-11-11T00:43:22.520+0100] {processor.py:914} INFO - Processing file /home/sakana/anaconda3/envs/airflow_env/lib/python3.8/site-packages/airflow/example_dags/example_python_decorator.py for tasks to queue
[2024-11-11T00:43:22.523+0100] {logging_mixin.py:190} INFO - [2024-11-11T00:43:22.523+0100] {dagbag.py:588} INFO - Filling up the DagBag from /home/sakana/anaconda3/envs/airflow_env/lib/python3.8/site-packages/airflow/example_dags/example_python_decorator.py
[2024-11-11T00:43:22.533+0100] {logging_mixin.py:190} INFO - [2024-11-11T00:43:22.533+0100] {example_python_decorator.py:80} WARNING - The virtalenv_python example task requires virtualenv, please install it.
[2024-11-11T00:43:22.535+0100] {processor.py:925} INFO - DAG(s) 'example_python_decorator' retrieved from /home/sakana/anaconda3/envs/airflow_env/lib/python3.8/site-packages/airflow/example_dags/example_python_decorator.py
[2024-11-11T00:43:22.555+0100] {logging_mixin.py:190} INFO - [2024-11-11T00:43:22.554+0100] {dag.py:3239} INFO - Sync 1 DAGs
[2024-11-11T00:43:22.571+0100] {logging_mixin.py:190} INFO - [2024-11-11T00:43:22.571+0100] {dag.py:4180} INFO - Setting next_dagrun for example_python_decorator to None, run_after=None
[2024-11-11T00:43:22.590+0100] {processor.py:208} INFO - Processing /home/sakana/anaconda3/envs/airflow_env/lib/python3.8/site-packages/airflow/example_dags/example_python_decorator.py took 0.082 seconds
[2024-11-11T00:45:49.210+0100] {processor.py:186} INFO - Started process (PID=8795) to work on /home/sakana/anaconda3/envs/airflow_env/lib/python3.8/site-packages/airflow/example_dags/example_python_decorator.py
[2024-11-11T00:45:49.215+0100] {processor.py:914} INFO - Processing file /home/sakana/anaconda3/envs/airflow_env/lib/python3.8/site-packages/airflow/example_dags/example_python_decorator.py for tasks to queue
[2024-11-11T00:45:49.218+0100] {logging_mixin.py:190} INFO - [2024-11-11T00:45:49.218+0100] {dagbag.py:588} INFO - Filling up the DagBag from /home/sakana/anaconda3/envs/airflow_env/lib/python3.8/site-packages/airflow/example_dags/example_python_decorator.py
[2024-11-11T00:45:49.231+0100] {logging_mixin.py:190} INFO - [2024-11-11T00:45:49.231+0100] {example_python_decorator.py:80} WARNING - The virtalenv_python example task requires virtualenv, please install it.
[2024-11-11T00:45:49.233+0100] {processor.py:925} INFO - DAG(s) 'example_python_decorator' retrieved from /home/sakana/anaconda3/envs/airflow_env/lib/python3.8/site-packages/airflow/example_dags/example_python_decorator.py
[2024-11-11T00:45:49.255+0100] {logging_mixin.py:190} INFO - [2024-11-11T00:45:49.254+0100] {dag.py:3239} INFO - Sync 1 DAGs
[2024-11-11T00:45:49.270+0100] {logging_mixin.py:190} INFO - [2024-11-11T00:45:49.270+0100] {dag.py:4180} INFO - Setting next_dagrun for example_python_decorator to None, run_after=None
[2024-11-11T00:45:49.294+0100] {processor.py:208} INFO - Processing /home/sakana/anaconda3/envs/airflow_env/lib/python3.8/site-packages/airflow/example_dags/example_python_decorator.py took 0.094 seconds
[2024-11-11T00:46:46.429+0100] {processor.py:186} INFO - Started process (PID=8876) to work on /home/sakana/anaconda3/envs/airflow_env/lib/python3.8/site-packages/airflow/example_dags/example_python_decorator.py
[2024-11-11T00:46:46.434+0100] {processor.py:914} INFO - Processing file /home/sakana/anaconda3/envs/airflow_env/lib/python3.8/site-packages/airflow/example_dags/example_python_decorator.py for tasks to queue
[2024-11-11T00:46:46.436+0100] {logging_mixin.py:190} INFO - [2024-11-11T00:46:46.436+0100] {dagbag.py:588} INFO - Filling up the DagBag from /home/sakana/anaconda3/envs/airflow_env/lib/python3.8/site-packages/airflow/example_dags/example_python_decorator.py
[2024-11-11T00:46:46.447+0100] {logging_mixin.py:190} INFO - [2024-11-11T00:46:46.447+0100] {example_python_decorator.py:80} WARNING - The virtalenv_python example task requires virtualenv, please install it.
[2024-11-11T00:46:46.450+0100] {processor.py:925} INFO - DAG(s) 'example_python_decorator' retrieved from /home/sakana/anaconda3/envs/airflow_env/lib/python3.8/site-packages/airflow/example_dags/example_python_decorator.py
[2024-11-11T00:46:46.466+0100] {logging_mixin.py:190} INFO - [2024-11-11T00:46:46.466+0100] {dag.py:3239} INFO - Sync 1 DAGs
[2024-11-11T00:46:46.478+0100] {logging_mixin.py:190} INFO - [2024-11-11T00:46:46.477+0100] {dag.py:4180} INFO - Setting next_dagrun for example_python_decorator to None, run_after=None
[2024-11-11T00:46:46.499+0100] {processor.py:208} INFO - Processing /home/sakana/anaconda3/envs/airflow_env/lib/python3.8/site-packages/airflow/example_dags/example_python_decorator.py took 0.076 seconds
[2024-11-11T00:47:43.499+0100] {processor.py:186} INFO - Started process (PID=8954) to work on /home/sakana/anaconda3/envs/airflow_env/lib/python3.8/site-packages/airflow/example_dags/example_python_decorator.py
[2024-11-11T00:47:43.504+0100] {processor.py:914} INFO - Processing file /home/sakana/anaconda3/envs/airflow_env/lib/python3.8/site-packages/airflow/example_dags/example_python_decorator.py for tasks to queue
[2024-11-11T00:47:43.507+0100] {logging_mixin.py:190} INFO - [2024-11-11T00:47:43.506+0100] {dagbag.py:588} INFO - Filling up the DagBag from /home/sakana/anaconda3/envs/airflow_env/lib/python3.8/site-packages/airflow/example_dags/example_python_decorator.py
[2024-11-11T00:47:43.517+0100] {logging_mixin.py:190} INFO - [2024-11-11T00:47:43.517+0100] {example_python_decorator.py:80} WARNING - The virtalenv_python example task requires virtualenv, please install it.
[2024-11-11T00:47:43.521+0100] {processor.py:925} INFO - DAG(s) 'example_python_decorator' retrieved from /home/sakana/anaconda3/envs/airflow_env/lib/python3.8/site-packages/airflow/example_dags/example_python_decorator.py
[2024-11-11T00:47:43.540+0100] {logging_mixin.py:190} INFO - [2024-11-11T00:47:43.540+0100] {dag.py:3239} INFO - Sync 1 DAGs
[2024-11-11T00:47:43.554+0100] {logging_mixin.py:190} INFO - [2024-11-11T00:47:43.553+0100] {dag.py:4180} INFO - Setting next_dagrun for example_python_decorator to None, run_after=None
[2024-11-11T00:47:43.582+0100] {processor.py:208} INFO - Processing /home/sakana/anaconda3/envs/airflow_env/lib/python3.8/site-packages/airflow/example_dags/example_python_decorator.py took 0.091 seconds
[2024-11-11T00:48:41.720+0100] {processor.py:186} INFO - Started process (PID=9058) to work on /home/sakana/anaconda3/envs/airflow_env/lib/python3.8/site-packages/airflow/example_dags/example_python_decorator.py
[2024-11-11T00:48:41.725+0100] {processor.py:914} INFO - Processing file /home/sakana/anaconda3/envs/airflow_env/lib/python3.8/site-packages/airflow/example_dags/example_python_decorator.py for tasks to queue
[2024-11-11T00:48:41.727+0100] {logging_mixin.py:190} INFO - [2024-11-11T00:48:41.727+0100] {dagbag.py:588} INFO - Filling up the DagBag from /home/sakana/anaconda3/envs/airflow_env/lib/python3.8/site-packages/airflow/example_dags/example_python_decorator.py
[2024-11-11T00:48:41.737+0100] {logging_mixin.py:190} INFO - [2024-11-11T00:48:41.737+0100] {example_python_decorator.py:80} WARNING - The virtalenv_python example task requires virtualenv, please install it.
[2024-11-11T00:48:41.739+0100] {processor.py:925} INFO - DAG(s) 'example_python_decorator' retrieved from /home/sakana/anaconda3/envs/airflow_env/lib/python3.8/site-packages/airflow/example_dags/example_python_decorator.py
[2024-11-11T00:48:41.756+0100] {logging_mixin.py:190} INFO - [2024-11-11T00:48:41.755+0100] {dag.py:3239} INFO - Sync 1 DAGs
[2024-11-11T00:48:41.768+0100] {logging_mixin.py:190} INFO - [2024-11-11T00:48:41.768+0100] {dag.py:4180} INFO - Setting next_dagrun for example_python_decorator to None, run_after=None
[2024-11-11T00:48:41.788+0100] {processor.py:208} INFO - Processing /home/sakana/anaconda3/envs/airflow_env/lib/python3.8/site-packages/airflow/example_dags/example_python_decorator.py took 0.077 seconds
[2024-11-11T00:49:38.889+0100] {processor.py:186} INFO - Started process (PID=9353) to work on /home/sakana/anaconda3/envs/airflow_env/lib/python3.8/site-packages/airflow/example_dags/example_python_decorator.py
[2024-11-11T00:49:38.890+0100] {processor.py:914} INFO - Processing file /home/sakana/anaconda3/envs/airflow_env/lib/python3.8/site-packages/airflow/example_dags/example_python_decorator.py for tasks to queue
[2024-11-11T00:49:38.893+0100] {logging_mixin.py:190} INFO - [2024-11-11T00:49:38.892+0100] {dagbag.py:588} INFO - Filling up the DagBag from /home/sakana/anaconda3/envs/airflow_env/lib/python3.8/site-packages/airflow/example_dags/example_python_decorator.py
[2024-11-11T00:49:38.904+0100] {logging_mixin.py:190} INFO - [2024-11-11T00:49:38.903+0100] {example_python_decorator.py:80} WARNING - The virtalenv_python example task requires virtualenv, please install it.
[2024-11-11T00:49:38.907+0100] {processor.py:925} INFO - DAG(s) 'example_python_decorator' retrieved from /home/sakana/anaconda3/envs/airflow_env/lib/python3.8/site-packages/airflow/example_dags/example_python_decorator.py
[2024-11-11T00:49:38.930+0100] {logging_mixin.py:190} INFO - [2024-11-11T00:49:38.930+0100] {dag.py:3239} INFO - Sync 1 DAGs
[2024-11-11T00:49:38.947+0100] {logging_mixin.py:190} INFO - [2024-11-11T00:49:38.947+0100] {dag.py:4180} INFO - Setting next_dagrun for example_python_decorator to None, run_after=None
[2024-11-11T00:49:38.976+0100] {processor.py:208} INFO - Processing /home/sakana/anaconda3/envs/airflow_env/lib/python3.8/site-packages/airflow/example_dags/example_python_decorator.py took 0.094 seconds
[2024-11-11T00:50:39.533+0100] {processor.py:186} INFO - Started process (PID=9506) to work on /home/sakana/anaconda3/envs/airflow_env/lib/python3.8/site-packages/airflow/example_dags/example_python_decorator.py
[2024-11-11T00:50:39.538+0100] {processor.py:914} INFO - Processing file /home/sakana/anaconda3/envs/airflow_env/lib/python3.8/site-packages/airflow/example_dags/example_python_decorator.py for tasks to queue
[2024-11-11T00:50:39.540+0100] {logging_mixin.py:190} INFO - [2024-11-11T00:50:39.540+0100] {dagbag.py:588} INFO - Filling up the DagBag from /home/sakana/anaconda3/envs/airflow_env/lib/python3.8/site-packages/airflow/example_dags/example_python_decorator.py
[2024-11-11T00:50:39.550+0100] {logging_mixin.py:190} INFO - [2024-11-11T00:50:39.550+0100] {example_python_decorator.py:80} WARNING - The virtalenv_python example task requires virtualenv, please install it.
[2024-11-11T00:50:39.552+0100] {processor.py:925} INFO - DAG(s) 'example_python_decorator' retrieved from /home/sakana/anaconda3/envs/airflow_env/lib/python3.8/site-packages/airflow/example_dags/example_python_decorator.py
[2024-11-11T00:50:39.569+0100] {logging_mixin.py:190} INFO - [2024-11-11T00:50:39.569+0100] {dag.py:3239} INFO - Sync 1 DAGs
[2024-11-11T00:50:39.586+0100] {logging_mixin.py:190} INFO - [2024-11-11T00:50:39.586+0100] {dag.py:4180} INFO - Setting next_dagrun for example_python_decorator to None, run_after=None
[2024-11-11T00:50:39.608+0100] {processor.py:208} INFO - Processing /home/sakana/anaconda3/envs/airflow_env/lib/python3.8/site-packages/airflow/example_dags/example_python_decorator.py took 0.082 seconds
[2024-11-11T00:51:37.683+0100] {processor.py:186} INFO - Started process (PID=9607) to work on /home/sakana/anaconda3/envs/airflow_env/lib/python3.8/site-packages/airflow/example_dags/example_python_decorator.py
[2024-11-11T00:51:37.688+0100] {processor.py:914} INFO - Processing file /home/sakana/anaconda3/envs/airflow_env/lib/python3.8/site-packages/airflow/example_dags/example_python_decorator.py for tasks to queue
[2024-11-11T00:51:37.691+0100] {logging_mixin.py:190} INFO - [2024-11-11T00:51:37.690+0100] {dagbag.py:588} INFO - Filling up the DagBag from /home/sakana/anaconda3/envs/airflow_env/lib/python3.8/site-packages/airflow/example_dags/example_python_decorator.py
[2024-11-11T00:51:37.704+0100] {logging_mixin.py:190} INFO - [2024-11-11T00:51:37.704+0100] {example_python_decorator.py:80} WARNING - The virtalenv_python example task requires virtualenv, please install it.
[2024-11-11T00:51:37.707+0100] {processor.py:925} INFO - DAG(s) 'example_python_decorator' retrieved from /home/sakana/anaconda3/envs/airflow_env/lib/python3.8/site-packages/airflow/example_dags/example_python_decorator.py
[2024-11-11T00:51:37.730+0100] {logging_mixin.py:190} INFO - [2024-11-11T00:51:37.729+0100] {dag.py:3239} INFO - Sync 1 DAGs
[2024-11-11T00:51:37.746+0100] {logging_mixin.py:190} INFO - [2024-11-11T00:51:37.746+0100] {dag.py:4180} INFO - Setting next_dagrun for example_python_decorator to None, run_after=None
[2024-11-11T00:51:37.771+0100] {processor.py:208} INFO - Processing /home/sakana/anaconda3/envs/airflow_env/lib/python3.8/site-packages/airflow/example_dags/example_python_decorator.py took 0.095 seconds
[2024-11-11T00:52:33.636+0100] {processor.py:186} INFO - Started process (PID=9759) to work on /home/sakana/anaconda3/envs/airflow_env/lib/python3.8/site-packages/airflow/example_dags/example_python_decorator.py
[2024-11-11T00:52:33.637+0100] {processor.py:914} INFO - Processing file /home/sakana/anaconda3/envs/airflow_env/lib/python3.8/site-packages/airflow/example_dags/example_python_decorator.py for tasks to queue
[2024-11-11T00:52:33.640+0100] {logging_mixin.py:190} INFO - [2024-11-11T00:52:33.639+0100] {dagbag.py:588} INFO - Filling up the DagBag from /home/sakana/anaconda3/envs/airflow_env/lib/python3.8/site-packages/airflow/example_dags/example_python_decorator.py
[2024-11-11T00:52:33.658+0100] {logging_mixin.py:190} INFO - [2024-11-11T00:52:33.657+0100] {example_python_decorator.py:80} WARNING - The virtalenv_python example task requires virtualenv, please install it.
[2024-11-11T00:52:33.662+0100] {processor.py:925} INFO - DAG(s) 'example_python_decorator' retrieved from /home/sakana/anaconda3/envs/airflow_env/lib/python3.8/site-packages/airflow/example_dags/example_python_decorator.py
[2024-11-11T00:52:33.695+0100] {logging_mixin.py:190} INFO - [2024-11-11T00:52:33.694+0100] {dag.py:3239} INFO - Sync 1 DAGs
[2024-11-11T00:52:33.721+0100] {logging_mixin.py:190} INFO - [2024-11-11T00:52:33.720+0100] {dag.py:4180} INFO - Setting next_dagrun for example_python_decorator to None, run_after=None
[2024-11-11T00:52:33.778+0100] {processor.py:208} INFO - Processing /home/sakana/anaconda3/envs/airflow_env/lib/python3.8/site-packages/airflow/example_dags/example_python_decorator.py took 0.150 seconds
[2024-11-11T00:53:34.620+0100] {processor.py:186} INFO - Started process (PID=9882) to work on /home/sakana/anaconda3/envs/airflow_env/lib/python3.8/site-packages/airflow/example_dags/example_python_decorator.py
[2024-11-11T00:53:34.625+0100] {processor.py:914} INFO - Processing file /home/sakana/anaconda3/envs/airflow_env/lib/python3.8/site-packages/airflow/example_dags/example_python_decorator.py for tasks to queue
[2024-11-11T00:53:34.627+0100] {logging_mixin.py:190} INFO - [2024-11-11T00:53:34.627+0100] {dagbag.py:588} INFO - Filling up the DagBag from /home/sakana/anaconda3/envs/airflow_env/lib/python3.8/site-packages/airflow/example_dags/example_python_decorator.py
[2024-11-11T00:53:34.638+0100] {logging_mixin.py:190} INFO - [2024-11-11T00:53:34.638+0100] {example_python_decorator.py:80} WARNING - The virtalenv_python example task requires virtualenv, please install it.
[2024-11-11T00:53:34.641+0100] {processor.py:925} INFO - DAG(s) 'example_python_decorator' retrieved from /home/sakana/anaconda3/envs/airflow_env/lib/python3.8/site-packages/airflow/example_dags/example_python_decorator.py
[2024-11-11T00:53:34.659+0100] {logging_mixin.py:190} INFO - [2024-11-11T00:53:34.659+0100] {dag.py:3239} INFO - Sync 1 DAGs
[2024-11-11T00:53:34.670+0100] {logging_mixin.py:190} INFO - [2024-11-11T00:53:34.670+0100] {dag.py:4180} INFO - Setting next_dagrun for example_python_decorator to None, run_after=None
[2024-11-11T00:53:34.695+0100] {processor.py:208} INFO - Processing /home/sakana/anaconda3/envs/airflow_env/lib/python3.8/site-packages/airflow/example_dags/example_python_decorator.py took 0.081 seconds
[2024-11-11T00:54:32.937+0100] {processor.py:186} INFO - Started process (PID=9961) to work on /home/sakana/anaconda3/envs/airflow_env/lib/python3.8/site-packages/airflow/example_dags/example_python_decorator.py
[2024-11-11T00:54:32.942+0100] {processor.py:914} INFO - Processing file /home/sakana/anaconda3/envs/airflow_env/lib/python3.8/site-packages/airflow/example_dags/example_python_decorator.py for tasks to queue
[2024-11-11T00:54:32.945+0100] {logging_mixin.py:190} INFO - [2024-11-11T00:54:32.945+0100] {dagbag.py:588} INFO - Filling up the DagBag from /home/sakana/anaconda3/envs/airflow_env/lib/python3.8/site-packages/airflow/example_dags/example_python_decorator.py
[2024-11-11T00:54:32.956+0100] {logging_mixin.py:190} INFO - [2024-11-11T00:54:32.955+0100] {example_python_decorator.py:80} WARNING - The virtalenv_python example task requires virtualenv, please install it.
[2024-11-11T00:54:32.958+0100] {processor.py:925} INFO - DAG(s) 'example_python_decorator' retrieved from /home/sakana/anaconda3/envs/airflow_env/lib/python3.8/site-packages/airflow/example_dags/example_python_decorator.py
[2024-11-11T00:54:32.975+0100] {logging_mixin.py:190} INFO - [2024-11-11T00:54:32.974+0100] {dag.py:3239} INFO - Sync 1 DAGs
[2024-11-11T00:54:32.986+0100] {logging_mixin.py:190} INFO - [2024-11-11T00:54:32.985+0100] {dag.py:4180} INFO - Setting next_dagrun for example_python_decorator to None, run_after=None
[2024-11-11T00:54:33.010+0100] {processor.py:208} INFO - Processing /home/sakana/anaconda3/envs/airflow_env/lib/python3.8/site-packages/airflow/example_dags/example_python_decorator.py took 0.079 seconds
