[2024-11-11T00:25:54.529+0100] {processor.py:186} INFO - Started process (PID=6726) to work on /home/sakana/anaconda3/envs/airflow_env/lib/python3.8/site-packages/airflow/example_dags/example_python_operator.py
[2024-11-11T00:25:54.530+0100] {processor.py:914} INFO - Processing file /home/sakana/anaconda3/envs/airflow_env/lib/python3.8/site-packages/airflow/example_dags/example_python_operator.py for tasks to queue
[2024-11-11T00:25:54.532+0100] {logging_mixin.py:190} INFO - [2024-11-11T00:25:54.531+0100] {dagbag.py:588} INFO - Filling up the DagBag from /home/sakana/anaconda3/envs/airflow_env/lib/python3.8/site-packages/airflow/example_dags/example_python_operator.py
[2024-11-11T00:25:54.540+0100] {logging_mixin.py:190} INFO - [2024-11-11T00:25:54.540+0100] {example_python_operator.py:93} WARNING - The virtalenv_python example task requires virtualenv, please install it.
[2024-11-11T00:25:54.542+0100] {processor.py:925} INFO - DAG(s) 'example_python_operator' retrieved from /home/sakana/anaconda3/envs/airflow_env/lib/python3.8/site-packages/airflow/example_dags/example_python_operator.py
[2024-11-11T00:25:54.652+0100] {logging_mixin.py:190} INFO - [2024-11-11T00:25:54.651+0100] {override.py:1901} INFO - Created Permission View: can edit on DAG:example_python_operator
[2024-11-11T00:25:54.671+0100] {logging_mixin.py:190} INFO - [2024-11-11T00:25:54.670+0100] {override.py:1901} INFO - Created Permission View: can read on DAG:example_python_operator
[2024-11-11T00:25:54.698+0100] {logging_mixin.py:190} INFO - [2024-11-11T00:25:54.698+0100] {override.py:1901} INFO - Created Permission View: can delete on DAG:example_python_operator
[2024-11-11T00:25:54.735+0100] {logging_mixin.py:190} INFO - [2024-11-11T00:25:54.734+0100] {override.py:1901} INFO - Created Permission View: can create on DAG Run:example_python_operator
[2024-11-11T00:25:54.756+0100] {logging_mixin.py:190} INFO - [2024-11-11T00:25:54.755+0100] {override.py:1901} INFO - Created Permission View: can read on DAG Run:example_python_operator
[2024-11-11T00:25:54.776+0100] {logging_mixin.py:190} INFO - [2024-11-11T00:25:54.775+0100] {override.py:1901} INFO - Created Permission View: can delete on DAG Run:example_python_operator
[2024-11-11T00:25:54.799+0100] {logging_mixin.py:190} INFO - [2024-11-11T00:25:54.799+0100] {override.py:1901} INFO - Created Permission View: menu access on DAG Run:example_python_operator
[2024-11-11T00:25:54.800+0100] {logging_mixin.py:190} INFO - [2024-11-11T00:25:54.800+0100] {dag.py:3239} INFO - Sync 1 DAGs
[2024-11-11T00:25:54.817+0100] {logging_mixin.py:190} INFO - [2024-11-11T00:25:54.817+0100] {dag.py:3262} INFO - Creating ORM DAG for example_python_operator
[2024-11-11T00:25:54.817+0100] {logging_mixin.py:190} INFO - [2024-11-11T00:25:54.817+0100] {dag.py:4180} INFO - Setting next_dagrun for example_python_operator to None, run_after=None
[2024-11-11T00:25:54.845+0100] {processor.py:208} INFO - Processing /home/sakana/anaconda3/envs/airflow_env/lib/python3.8/site-packages/airflow/example_dags/example_python_operator.py took 0.323 seconds
[2024-11-11T00:27:01.510+0100] {processor.py:186} INFO - Started process (PID=6905) to work on /home/sakana/anaconda3/envs/airflow_env/lib/python3.8/site-packages/airflow/example_dags/example_python_operator.py
[2024-11-11T00:27:01.515+0100] {processor.py:914} INFO - Processing file /home/sakana/anaconda3/envs/airflow_env/lib/python3.8/site-packages/airflow/example_dags/example_python_operator.py for tasks to queue
[2024-11-11T00:27:01.517+0100] {logging_mixin.py:190} INFO - [2024-11-11T00:27:01.516+0100] {dagbag.py:588} INFO - Filling up the DagBag from /home/sakana/anaconda3/envs/airflow_env/lib/python3.8/site-packages/airflow/example_dags/example_python_operator.py
[2024-11-11T00:27:01.524+0100] {logging_mixin.py:190} INFO - [2024-11-11T00:27:01.524+0100] {example_python_operator.py:93} WARNING - The virtalenv_python example task requires virtualenv, please install it.
[2024-11-11T00:27:01.527+0100] {processor.py:925} INFO - DAG(s) 'example_python_operator' retrieved from /home/sakana/anaconda3/envs/airflow_env/lib/python3.8/site-packages/airflow/example_dags/example_python_operator.py
[2024-11-11T00:27:01.544+0100] {logging_mixin.py:190} INFO - [2024-11-11T00:27:01.544+0100] {dag.py:3239} INFO - Sync 1 DAGs
[2024-11-11T00:27:01.556+0100] {logging_mixin.py:190} INFO - [2024-11-11T00:27:01.556+0100] {dag.py:4180} INFO - Setting next_dagrun for example_python_operator to None, run_after=None
[2024-11-11T00:27:01.574+0100] {processor.py:208} INFO - Processing /home/sakana/anaconda3/envs/airflow_env/lib/python3.8/site-packages/airflow/example_dags/example_python_operator.py took 0.073 seconds
[2024-11-11T00:27:57.184+0100] {processor.py:186} INFO - Started process (PID=6985) to work on /home/sakana/anaconda3/envs/airflow_env/lib/python3.8/site-packages/airflow/example_dags/example_python_operator.py
[2024-11-11T00:27:57.185+0100] {processor.py:914} INFO - Processing file /home/sakana/anaconda3/envs/airflow_env/lib/python3.8/site-packages/airflow/example_dags/example_python_operator.py for tasks to queue
[2024-11-11T00:27:57.187+0100] {logging_mixin.py:190} INFO - [2024-11-11T00:27:57.187+0100] {dagbag.py:588} INFO - Filling up the DagBag from /home/sakana/anaconda3/envs/airflow_env/lib/python3.8/site-packages/airflow/example_dags/example_python_operator.py
[2024-11-11T00:27:57.194+0100] {logging_mixin.py:190} INFO - [2024-11-11T00:27:57.193+0100] {example_python_operator.py:93} WARNING - The virtalenv_python example task requires virtualenv, please install it.
[2024-11-11T00:27:57.196+0100] {processor.py:925} INFO - DAG(s) 'example_python_operator' retrieved from /home/sakana/anaconda3/envs/airflow_env/lib/python3.8/site-packages/airflow/example_dags/example_python_operator.py
[2024-11-11T00:27:57.213+0100] {logging_mixin.py:190} INFO - [2024-11-11T00:27:57.213+0100] {dag.py:3239} INFO - Sync 1 DAGs
[2024-11-11T00:27:57.224+0100] {logging_mixin.py:190} INFO - [2024-11-11T00:27:57.224+0100] {dag.py:4180} INFO - Setting next_dagrun for example_python_operator to None, run_after=None
[2024-11-11T00:27:57.241+0100] {processor.py:208} INFO - Processing /home/sakana/anaconda3/envs/airflow_env/lib/python3.8/site-packages/airflow/example_dags/example_python_operator.py took 0.064 seconds
[2024-11-11T00:28:53.553+0100] {processor.py:186} INFO - Started process (PID=7086) to work on /home/sakana/anaconda3/envs/airflow_env/lib/python3.8/site-packages/airflow/example_dags/example_python_operator.py
[2024-11-11T00:28:53.554+0100] {processor.py:914} INFO - Processing file /home/sakana/anaconda3/envs/airflow_env/lib/python3.8/site-packages/airflow/example_dags/example_python_operator.py for tasks to queue
[2024-11-11T00:28:53.558+0100] {logging_mixin.py:190} INFO - [2024-11-11T00:28:53.557+0100] {dagbag.py:588} INFO - Filling up the DagBag from /home/sakana/anaconda3/envs/airflow_env/lib/python3.8/site-packages/airflow/example_dags/example_python_operator.py
[2024-11-11T00:28:53.570+0100] {logging_mixin.py:190} INFO - [2024-11-11T00:28:53.570+0100] {example_python_operator.py:93} WARNING - The virtalenv_python example task requires virtualenv, please install it.
[2024-11-11T00:28:53.574+0100] {processor.py:925} INFO - DAG(s) 'example_python_operator' retrieved from /home/sakana/anaconda3/envs/airflow_env/lib/python3.8/site-packages/airflow/example_dags/example_python_operator.py
[2024-11-11T00:28:53.593+0100] {logging_mixin.py:190} INFO - [2024-11-11T00:28:53.593+0100] {dag.py:3239} INFO - Sync 1 DAGs
[2024-11-11T00:28:53.607+0100] {logging_mixin.py:190} INFO - [2024-11-11T00:28:53.607+0100] {dag.py:4180} INFO - Setting next_dagrun for example_python_operator to None, run_after=None
[2024-11-11T00:28:53.624+0100] {processor.py:208} INFO - Processing /home/sakana/anaconda3/envs/airflow_env/lib/python3.8/site-packages/airflow/example_dags/example_python_operator.py took 0.081 seconds
[2024-11-11T00:29:48.191+0100] {processor.py:186} INFO - Started process (PID=7165) to work on /home/sakana/anaconda3/envs/airflow_env/lib/python3.8/site-packages/airflow/example_dags/example_python_operator.py
[2024-11-11T00:29:48.196+0100] {processor.py:914} INFO - Processing file /home/sakana/anaconda3/envs/airflow_env/lib/python3.8/site-packages/airflow/example_dags/example_python_operator.py for tasks to queue
[2024-11-11T00:29:48.199+0100] {logging_mixin.py:190} INFO - [2024-11-11T00:29:48.198+0100] {dagbag.py:588} INFO - Filling up the DagBag from /home/sakana/anaconda3/envs/airflow_env/lib/python3.8/site-packages/airflow/example_dags/example_python_operator.py
[2024-11-11T00:29:48.208+0100] {logging_mixin.py:190} INFO - [2024-11-11T00:29:48.207+0100] {example_python_operator.py:93} WARNING - The virtalenv_python example task requires virtualenv, please install it.
[2024-11-11T00:29:48.211+0100] {processor.py:925} INFO - DAG(s) 'example_python_operator' retrieved from /home/sakana/anaconda3/envs/airflow_env/lib/python3.8/site-packages/airflow/example_dags/example_python_operator.py
[2024-11-11T00:29:48.229+0100] {logging_mixin.py:190} INFO - [2024-11-11T00:29:48.229+0100] {dag.py:3239} INFO - Sync 1 DAGs
[2024-11-11T00:29:48.242+0100] {logging_mixin.py:190} INFO - [2024-11-11T00:29:48.241+0100] {dag.py:4180} INFO - Setting next_dagrun for example_python_operator to None, run_after=None
[2024-11-11T00:29:48.261+0100] {processor.py:208} INFO - Processing /home/sakana/anaconda3/envs/airflow_env/lib/python3.8/site-packages/airflow/example_dags/example_python_operator.py took 0.078 seconds
[2024-11-11T00:30:42.616+0100] {processor.py:186} INFO - Started process (PID=7242) to work on /home/sakana/anaconda3/envs/airflow_env/lib/python3.8/site-packages/airflow/example_dags/example_python_operator.py
[2024-11-11T00:30:42.622+0100] {processor.py:914} INFO - Processing file /home/sakana/anaconda3/envs/airflow_env/lib/python3.8/site-packages/airflow/example_dags/example_python_operator.py for tasks to queue
[2024-11-11T00:30:42.628+0100] {logging_mixin.py:190} INFO - [2024-11-11T00:30:42.627+0100] {dagbag.py:588} INFO - Filling up the DagBag from /home/sakana/anaconda3/envs/airflow_env/lib/python3.8/site-packages/airflow/example_dags/example_python_operator.py
[2024-11-11T00:30:42.646+0100] {logging_mixin.py:190} INFO - [2024-11-11T00:30:42.646+0100] {example_python_operator.py:93} WARNING - The virtalenv_python example task requires virtualenv, please install it.
[2024-11-11T00:30:42.650+0100] {processor.py:925} INFO - DAG(s) 'example_python_operator' retrieved from /home/sakana/anaconda3/envs/airflow_env/lib/python3.8/site-packages/airflow/example_dags/example_python_operator.py
[2024-11-11T00:30:42.669+0100] {logging_mixin.py:190} INFO - [2024-11-11T00:30:42.668+0100] {dag.py:3239} INFO - Sync 1 DAGs
[2024-11-11T00:30:42.680+0100] {logging_mixin.py:190} INFO - [2024-11-11T00:30:42.680+0100] {dag.py:4180} INFO - Setting next_dagrun for example_python_operator to None, run_after=None
[2024-11-11T00:30:42.697+0100] {processor.py:208} INFO - Processing /home/sakana/anaconda3/envs/airflow_env/lib/python3.8/site-packages/airflow/example_dags/example_python_operator.py took 0.088 seconds
[2024-11-11T00:31:38.147+0100] {processor.py:186} INFO - Started process (PID=7320) to work on /home/sakana/anaconda3/envs/airflow_env/lib/python3.8/site-packages/airflow/example_dags/example_python_operator.py
[2024-11-11T00:31:38.152+0100] {processor.py:914} INFO - Processing file /home/sakana/anaconda3/envs/airflow_env/lib/python3.8/site-packages/airflow/example_dags/example_python_operator.py for tasks to queue
[2024-11-11T00:31:38.154+0100] {logging_mixin.py:190} INFO - [2024-11-11T00:31:38.154+0100] {dagbag.py:588} INFO - Filling up the DagBag from /home/sakana/anaconda3/envs/airflow_env/lib/python3.8/site-packages/airflow/example_dags/example_python_operator.py
[2024-11-11T00:31:38.162+0100] {logging_mixin.py:190} INFO - [2024-11-11T00:31:38.162+0100] {example_python_operator.py:93} WARNING - The virtalenv_python example task requires virtualenv, please install it.
[2024-11-11T00:31:38.164+0100] {processor.py:925} INFO - DAG(s) 'example_python_operator' retrieved from /home/sakana/anaconda3/envs/airflow_env/lib/python3.8/site-packages/airflow/example_dags/example_python_operator.py
[2024-11-11T00:31:38.180+0100] {logging_mixin.py:190} INFO - [2024-11-11T00:31:38.179+0100] {dag.py:3239} INFO - Sync 1 DAGs
[2024-11-11T00:31:38.192+0100] {logging_mixin.py:190} INFO - [2024-11-11T00:31:38.191+0100] {dag.py:4180} INFO - Setting next_dagrun for example_python_operator to None, run_after=None
[2024-11-11T00:31:38.208+0100] {processor.py:208} INFO - Processing /home/sakana/anaconda3/envs/airflow_env/lib/python3.8/site-packages/airflow/example_dags/example_python_operator.py took 0.068 seconds
[2024-11-11T00:32:33.991+0100] {processor.py:186} INFO - Started process (PID=7393) to work on /home/sakana/anaconda3/envs/airflow_env/lib/python3.8/site-packages/airflow/example_dags/example_python_operator.py
[2024-11-11T00:32:33.997+0100] {processor.py:914} INFO - Processing file /home/sakana/anaconda3/envs/airflow_env/lib/python3.8/site-packages/airflow/example_dags/example_python_operator.py for tasks to queue
[2024-11-11T00:32:34.003+0100] {logging_mixin.py:190} INFO - [2024-11-11T00:32:34.002+0100] {dagbag.py:588} INFO - Filling up the DagBag from /home/sakana/anaconda3/envs/airflow_env/lib/python3.8/site-packages/airflow/example_dags/example_python_operator.py
[2024-11-11T00:32:34.021+0100] {logging_mixin.py:190} INFO - [2024-11-11T00:32:34.020+0100] {example_python_operator.py:93} WARNING - The virtalenv_python example task requires virtualenv, please install it.
[2024-11-11T00:32:34.024+0100] {processor.py:925} INFO - DAG(s) 'example_python_operator' retrieved from /home/sakana/anaconda3/envs/airflow_env/lib/python3.8/site-packages/airflow/example_dags/example_python_operator.py
[2024-11-11T00:32:34.043+0100] {logging_mixin.py:190} INFO - [2024-11-11T00:32:34.042+0100] {dag.py:3239} INFO - Sync 1 DAGs
[2024-11-11T00:32:34.058+0100] {logging_mixin.py:190} INFO - [2024-11-11T00:32:34.057+0100] {dag.py:4180} INFO - Setting next_dagrun for example_python_operator to None, run_after=None
[2024-11-11T00:32:34.075+0100] {processor.py:208} INFO - Processing /home/sakana/anaconda3/envs/airflow_env/lib/python3.8/site-packages/airflow/example_dags/example_python_operator.py took 0.091 seconds
[2024-11-11T00:33:28.844+0100] {processor.py:186} INFO - Started process (PID=7480) to work on /home/sakana/anaconda3/envs/airflow_env/lib/python3.8/site-packages/airflow/example_dags/example_python_operator.py
[2024-11-11T00:33:28.849+0100] {processor.py:914} INFO - Processing file /home/sakana/anaconda3/envs/airflow_env/lib/python3.8/site-packages/airflow/example_dags/example_python_operator.py for tasks to queue
[2024-11-11T00:33:28.853+0100] {logging_mixin.py:190} INFO - [2024-11-11T00:33:28.852+0100] {dagbag.py:588} INFO - Filling up the DagBag from /home/sakana/anaconda3/envs/airflow_env/lib/python3.8/site-packages/airflow/example_dags/example_python_operator.py
[2024-11-11T00:33:28.863+0100] {logging_mixin.py:190} INFO - [2024-11-11T00:33:28.862+0100] {example_python_operator.py:93} WARNING - The virtalenv_python example task requires virtualenv, please install it.
[2024-11-11T00:33:28.866+0100] {processor.py:925} INFO - DAG(s) 'example_python_operator' retrieved from /home/sakana/anaconda3/envs/airflow_env/lib/python3.8/site-packages/airflow/example_dags/example_python_operator.py
[2024-11-11T00:33:28.882+0100] {logging_mixin.py:190} INFO - [2024-11-11T00:33:28.882+0100] {dag.py:3239} INFO - Sync 1 DAGs
[2024-11-11T00:33:28.892+0100] {logging_mixin.py:190} INFO - [2024-11-11T00:33:28.892+0100] {dag.py:4180} INFO - Setting next_dagrun for example_python_operator to None, run_after=None
[2024-11-11T00:33:28.910+0100] {processor.py:208} INFO - Processing /home/sakana/anaconda3/envs/airflow_env/lib/python3.8/site-packages/airflow/example_dags/example_python_operator.py took 0.079 seconds
[2024-11-11T00:34:25.692+0100] {processor.py:186} INFO - Started process (PID=7569) to work on /home/sakana/anaconda3/envs/airflow_env/lib/python3.8/site-packages/airflow/example_dags/example_python_operator.py
[2024-11-11T00:34:25.698+0100] {processor.py:914} INFO - Processing file /home/sakana/anaconda3/envs/airflow_env/lib/python3.8/site-packages/airflow/example_dags/example_python_operator.py for tasks to queue
[2024-11-11T00:34:25.704+0100] {logging_mixin.py:190} INFO - [2024-11-11T00:34:25.703+0100] {dagbag.py:588} INFO - Filling up the DagBag from /home/sakana/anaconda3/envs/airflow_env/lib/python3.8/site-packages/airflow/example_dags/example_python_operator.py
[2024-11-11T00:34:25.724+0100] {logging_mixin.py:190} INFO - [2024-11-11T00:34:25.724+0100] {example_python_operator.py:93} WARNING - The virtalenv_python example task requires virtualenv, please install it.
[2024-11-11T00:34:25.728+0100] {processor.py:925} INFO - DAG(s) 'example_python_operator' retrieved from /home/sakana/anaconda3/envs/airflow_env/lib/python3.8/site-packages/airflow/example_dags/example_python_operator.py
[2024-11-11T00:34:25.749+0100] {logging_mixin.py:190} INFO - [2024-11-11T00:34:25.749+0100] {dag.py:3239} INFO - Sync 1 DAGs
[2024-11-11T00:34:25.762+0100] {logging_mixin.py:190} INFO - [2024-11-11T00:34:25.761+0100] {dag.py:4180} INFO - Setting next_dagrun for example_python_operator to None, run_after=None
[2024-11-11T00:34:25.780+0100] {processor.py:208} INFO - Processing /home/sakana/anaconda3/envs/airflow_env/lib/python3.8/site-packages/airflow/example_dags/example_python_operator.py took 0.095 seconds
[2024-11-11T00:35:22.137+0100] {processor.py:186} INFO - Started process (PID=7645) to work on /home/sakana/anaconda3/envs/airflow_env/lib/python3.8/site-packages/airflow/example_dags/example_python_operator.py
[2024-11-11T00:35:22.142+0100] {processor.py:914} INFO - Processing file /home/sakana/anaconda3/envs/airflow_env/lib/python3.8/site-packages/airflow/example_dags/example_python_operator.py for tasks to queue
[2024-11-11T00:35:22.144+0100] {logging_mixin.py:190} INFO - [2024-11-11T00:35:22.144+0100] {dagbag.py:588} INFO - Filling up the DagBag from /home/sakana/anaconda3/envs/airflow_env/lib/python3.8/site-packages/airflow/example_dags/example_python_operator.py
[2024-11-11T00:35:22.153+0100] {logging_mixin.py:190} INFO - [2024-11-11T00:35:22.153+0100] {example_python_operator.py:93} WARNING - The virtalenv_python example task requires virtualenv, please install it.
[2024-11-11T00:35:22.156+0100] {processor.py:925} INFO - DAG(s) 'example_python_operator' retrieved from /home/sakana/anaconda3/envs/airflow_env/lib/python3.8/site-packages/airflow/example_dags/example_python_operator.py
[2024-11-11T00:35:22.174+0100] {logging_mixin.py:190} INFO - [2024-11-11T00:35:22.174+0100] {dag.py:3239} INFO - Sync 1 DAGs
[2024-11-11T00:35:22.185+0100] {logging_mixin.py:190} INFO - [2024-11-11T00:35:22.185+0100] {dag.py:4180} INFO - Setting next_dagrun for example_python_operator to None, run_after=None
[2024-11-11T00:35:22.203+0100] {processor.py:208} INFO - Processing /home/sakana/anaconda3/envs/airflow_env/lib/python3.8/site-packages/airflow/example_dags/example_python_operator.py took 0.074 seconds
[2024-11-11T00:36:16.043+0100] {processor.py:186} INFO - Started process (PID=7718) to work on /home/sakana/anaconda3/envs/airflow_env/lib/python3.8/site-packages/airflow/example_dags/example_python_operator.py
[2024-11-11T00:36:16.048+0100] {processor.py:914} INFO - Processing file /home/sakana/anaconda3/envs/airflow_env/lib/python3.8/site-packages/airflow/example_dags/example_python_operator.py for tasks to queue
[2024-11-11T00:36:16.050+0100] {logging_mixin.py:190} INFO - [2024-11-11T00:36:16.050+0100] {dagbag.py:588} INFO - Filling up the DagBag from /home/sakana/anaconda3/envs/airflow_env/lib/python3.8/site-packages/airflow/example_dags/example_python_operator.py
[2024-11-11T00:36:16.056+0100] {logging_mixin.py:190} INFO - [2024-11-11T00:36:16.056+0100] {example_python_operator.py:93} WARNING - The virtalenv_python example task requires virtualenv, please install it.
[2024-11-11T00:36:16.058+0100] {processor.py:925} INFO - DAG(s) 'example_python_operator' retrieved from /home/sakana/anaconda3/envs/airflow_env/lib/python3.8/site-packages/airflow/example_dags/example_python_operator.py
[2024-11-11T00:36:16.074+0100] {logging_mixin.py:190} INFO - [2024-11-11T00:36:16.074+0100] {dag.py:3239} INFO - Sync 1 DAGs
[2024-11-11T00:36:16.086+0100] {logging_mixin.py:190} INFO - [2024-11-11T00:36:16.086+0100] {dag.py:4180} INFO - Setting next_dagrun for example_python_operator to None, run_after=None
[2024-11-11T00:36:16.113+0100] {processor.py:208} INFO - Processing /home/sakana/anaconda3/envs/airflow_env/lib/python3.8/site-packages/airflow/example_dags/example_python_operator.py took 0.076 seconds
[2024-11-11T00:37:12.046+0100] {processor.py:186} INFO - Started process (PID=7787) to work on /home/sakana/anaconda3/envs/airflow_env/lib/python3.8/site-packages/airflow/example_dags/example_python_operator.py
[2024-11-11T00:37:12.063+0100] {processor.py:914} INFO - Processing file /home/sakana/anaconda3/envs/airflow_env/lib/python3.8/site-packages/airflow/example_dags/example_python_operator.py for tasks to queue
[2024-11-11T00:37:12.066+0100] {logging_mixin.py:190} INFO - [2024-11-11T00:37:12.065+0100] {dagbag.py:588} INFO - Filling up the DagBag from /home/sakana/anaconda3/envs/airflow_env/lib/python3.8/site-packages/airflow/example_dags/example_python_operator.py
[2024-11-11T00:37:12.075+0100] {logging_mixin.py:190} INFO - [2024-11-11T00:37:12.075+0100] {example_python_operator.py:93} WARNING - The virtalenv_python example task requires virtualenv, please install it.
[2024-11-11T00:37:12.078+0100] {processor.py:925} INFO - DAG(s) 'example_python_operator' retrieved from /home/sakana/anaconda3/envs/airflow_env/lib/python3.8/site-packages/airflow/example_dags/example_python_operator.py
[2024-11-11T00:37:12.098+0100] {logging_mixin.py:190} INFO - [2024-11-11T00:37:12.097+0100] {dag.py:3239} INFO - Sync 1 DAGs
[2024-11-11T00:37:12.111+0100] {logging_mixin.py:190} INFO - [2024-11-11T00:37:12.111+0100] {dag.py:4180} INFO - Setting next_dagrun for example_python_operator to None, run_after=None
[2024-11-11T00:37:12.136+0100] {processor.py:208} INFO - Processing /home/sakana/anaconda3/envs/airflow_env/lib/python3.8/site-packages/airflow/example_dags/example_python_operator.py took 0.098 seconds
[2024-11-11T00:38:09.834+0100] {processor.py:186} INFO - Started process (PID=7889) to work on /home/sakana/anaconda3/envs/airflow_env/lib/python3.8/site-packages/airflow/example_dags/example_python_operator.py
[2024-11-11T00:38:09.840+0100] {processor.py:914} INFO - Processing file /home/sakana/anaconda3/envs/airflow_env/lib/python3.8/site-packages/airflow/example_dags/example_python_operator.py for tasks to queue
[2024-11-11T00:38:09.846+0100] {logging_mixin.py:190} INFO - [2024-11-11T00:38:09.845+0100] {dagbag.py:588} INFO - Filling up the DagBag from /home/sakana/anaconda3/envs/airflow_env/lib/python3.8/site-packages/airflow/example_dags/example_python_operator.py
[2024-11-11T00:38:09.863+0100] {logging_mixin.py:190} INFO - [2024-11-11T00:38:09.863+0100] {example_python_operator.py:93} WARNING - The virtalenv_python example task requires virtualenv, please install it.
[2024-11-11T00:38:09.867+0100] {processor.py:925} INFO - DAG(s) 'example_python_operator' retrieved from /home/sakana/anaconda3/envs/airflow_env/lib/python3.8/site-packages/airflow/example_dags/example_python_operator.py
[2024-11-11T00:38:09.884+0100] {logging_mixin.py:190} INFO - [2024-11-11T00:38:09.884+0100] {dag.py:3239} INFO - Sync 1 DAGs
[2024-11-11T00:38:09.895+0100] {logging_mixin.py:190} INFO - [2024-11-11T00:38:09.895+0100] {dag.py:4180} INFO - Setting next_dagrun for example_python_operator to None, run_after=None
[2024-11-11T00:38:09.921+0100] {processor.py:208} INFO - Processing /home/sakana/anaconda3/envs/airflow_env/lib/python3.8/site-packages/airflow/example_dags/example_python_operator.py took 0.094 seconds
[2024-11-11T00:39:04.149+0100] {processor.py:186} INFO - Started process (PID=7967) to work on /home/sakana/anaconda3/envs/airflow_env/lib/python3.8/site-packages/airflow/example_dags/example_python_operator.py
[2024-11-11T00:39:04.154+0100] {processor.py:914} INFO - Processing file /home/sakana/anaconda3/envs/airflow_env/lib/python3.8/site-packages/airflow/example_dags/example_python_operator.py for tasks to queue
[2024-11-11T00:39:04.156+0100] {logging_mixin.py:190} INFO - [2024-11-11T00:39:04.156+0100] {dagbag.py:588} INFO - Filling up the DagBag from /home/sakana/anaconda3/envs/airflow_env/lib/python3.8/site-packages/airflow/example_dags/example_python_operator.py
[2024-11-11T00:39:04.165+0100] {logging_mixin.py:190} INFO - [2024-11-11T00:39:04.165+0100] {example_python_operator.py:93} WARNING - The virtalenv_python example task requires virtualenv, please install it.
[2024-11-11T00:39:04.168+0100] {processor.py:925} INFO - DAG(s) 'example_python_operator' retrieved from /home/sakana/anaconda3/envs/airflow_env/lib/python3.8/site-packages/airflow/example_dags/example_python_operator.py
[2024-11-11T00:39:04.186+0100] {logging_mixin.py:190} INFO - [2024-11-11T00:39:04.186+0100] {dag.py:3239} INFO - Sync 1 DAGs
[2024-11-11T00:39:04.198+0100] {logging_mixin.py:190} INFO - [2024-11-11T00:39:04.197+0100] {dag.py:4180} INFO - Setting next_dagrun for example_python_operator to None, run_after=None
[2024-11-11T00:39:04.226+0100] {processor.py:208} INFO - Processing /home/sakana/anaconda3/envs/airflow_env/lib/python3.8/site-packages/airflow/example_dags/example_python_operator.py took 0.086 seconds
[2024-11-11T00:40:00.116+0100] {processor.py:186} INFO - Started process (PID=8121) to work on /home/sakana/anaconda3/envs/airflow_env/lib/python3.8/site-packages/airflow/example_dags/example_python_operator.py
[2024-11-11T00:40:00.121+0100] {processor.py:914} INFO - Processing file /home/sakana/anaconda3/envs/airflow_env/lib/python3.8/site-packages/airflow/example_dags/example_python_operator.py for tasks to queue
[2024-11-11T00:40:00.123+0100] {logging_mixin.py:190} INFO - [2024-11-11T00:40:00.123+0100] {dagbag.py:588} INFO - Filling up the DagBag from /home/sakana/anaconda3/envs/airflow_env/lib/python3.8/site-packages/airflow/example_dags/example_python_operator.py
[2024-11-11T00:40:00.129+0100] {logging_mixin.py:190} INFO - [2024-11-11T00:40:00.129+0100] {example_python_operator.py:93} WARNING - The virtalenv_python example task requires virtualenv, please install it.
[2024-11-11T00:40:00.131+0100] {processor.py:925} INFO - DAG(s) 'example_python_operator' retrieved from /home/sakana/anaconda3/envs/airflow_env/lib/python3.8/site-packages/airflow/example_dags/example_python_operator.py
[2024-11-11T00:40:00.147+0100] {logging_mixin.py:190} INFO - [2024-11-11T00:40:00.146+0100] {dag.py:3239} INFO - Sync 1 DAGs
[2024-11-11T00:40:00.157+0100] {logging_mixin.py:190} INFO - [2024-11-11T00:40:00.157+0100] {dag.py:4180} INFO - Setting next_dagrun for example_python_operator to None, run_after=None
[2024-11-11T00:40:00.184+0100] {processor.py:208} INFO - Processing /home/sakana/anaconda3/envs/airflow_env/lib/python3.8/site-packages/airflow/example_dags/example_python_operator.py took 0.073 seconds
[2024-11-11T00:43:16.572+0100] {processor.py:186} INFO - Started process (PID=8508) to work on /home/sakana/anaconda3/envs/airflow_env/lib/python3.8/site-packages/airflow/example_dags/example_python_operator.py
[2024-11-11T00:43:16.577+0100] {processor.py:914} INFO - Processing file /home/sakana/anaconda3/envs/airflow_env/lib/python3.8/site-packages/airflow/example_dags/example_python_operator.py for tasks to queue
[2024-11-11T00:43:16.578+0100] {logging_mixin.py:190} INFO - [2024-11-11T00:43:16.578+0100] {dagbag.py:588} INFO - Filling up the DagBag from /home/sakana/anaconda3/envs/airflow_env/lib/python3.8/site-packages/airflow/example_dags/example_python_operator.py
[2024-11-11T00:43:16.585+0100] {logging_mixin.py:190} INFO - [2024-11-11T00:43:16.585+0100] {example_python_operator.py:93} WARNING - The virtalenv_python example task requires virtualenv, please install it.
[2024-11-11T00:43:16.589+0100] {processor.py:925} INFO - DAG(s) 'example_python_operator' retrieved from /home/sakana/anaconda3/envs/airflow_env/lib/python3.8/site-packages/airflow/example_dags/example_python_operator.py
[2024-11-11T00:43:16.614+0100] {logging_mixin.py:190} INFO - [2024-11-11T00:43:16.613+0100] {dag.py:3239} INFO - Sync 1 DAGs
[2024-11-11T00:43:16.628+0100] {logging_mixin.py:190} INFO - [2024-11-11T00:43:16.628+0100] {dag.py:4180} INFO - Setting next_dagrun for example_python_operator to None, run_after=None
[2024-11-11T00:43:16.646+0100] {processor.py:208} INFO - Processing /home/sakana/anaconda3/envs/airflow_env/lib/python3.8/site-packages/airflow/example_dags/example_python_operator.py took 0.081 seconds
[2024-11-11T00:45:42.120+0100] {processor.py:186} INFO - Started process (PID=8769) to work on /home/sakana/anaconda3/envs/airflow_env/lib/python3.8/site-packages/airflow/example_dags/example_python_operator.py
[2024-11-11T00:45:42.125+0100] {processor.py:914} INFO - Processing file /home/sakana/anaconda3/envs/airflow_env/lib/python3.8/site-packages/airflow/example_dags/example_python_operator.py for tasks to queue
[2024-11-11T00:45:42.128+0100] {logging_mixin.py:190} INFO - [2024-11-11T00:45:42.127+0100] {dagbag.py:588} INFO - Filling up the DagBag from /home/sakana/anaconda3/envs/airflow_env/lib/python3.8/site-packages/airflow/example_dags/example_python_operator.py
[2024-11-11T00:45:42.137+0100] {logging_mixin.py:190} INFO - [2024-11-11T00:45:42.137+0100] {example_python_operator.py:93} WARNING - The virtalenv_python example task requires virtualenv, please install it.
[2024-11-11T00:45:42.139+0100] {processor.py:925} INFO - DAG(s) 'example_python_operator' retrieved from /home/sakana/anaconda3/envs/airflow_env/lib/python3.8/site-packages/airflow/example_dags/example_python_operator.py
[2024-11-11T00:45:42.165+0100] {logging_mixin.py:190} INFO - [2024-11-11T00:45:42.165+0100] {dag.py:3239} INFO - Sync 1 DAGs
[2024-11-11T00:45:42.183+0100] {logging_mixin.py:190} INFO - [2024-11-11T00:45:42.182+0100] {dag.py:4180} INFO - Setting next_dagrun for example_python_operator to None, run_after=None
[2024-11-11T00:45:42.209+0100] {processor.py:208} INFO - Processing /home/sakana/anaconda3/envs/airflow_env/lib/python3.8/site-packages/airflow/example_dags/example_python_operator.py took 0.097 seconds
[2024-11-11T00:46:39.957+0100] {processor.py:186} INFO - Started process (PID=8865) to work on /home/sakana/anaconda3/envs/airflow_env/lib/python3.8/site-packages/airflow/example_dags/example_python_operator.py
[2024-11-11T00:46:39.962+0100] {processor.py:914} INFO - Processing file /home/sakana/anaconda3/envs/airflow_env/lib/python3.8/site-packages/airflow/example_dags/example_python_operator.py for tasks to queue
[2024-11-11T00:46:39.965+0100] {logging_mixin.py:190} INFO - [2024-11-11T00:46:39.964+0100] {dagbag.py:588} INFO - Filling up the DagBag from /home/sakana/anaconda3/envs/airflow_env/lib/python3.8/site-packages/airflow/example_dags/example_python_operator.py
[2024-11-11T00:46:39.974+0100] {logging_mixin.py:190} INFO - [2024-11-11T00:46:39.973+0100] {example_python_operator.py:93} WARNING - The virtalenv_python example task requires virtualenv, please install it.
[2024-11-11T00:46:39.977+0100] {processor.py:925} INFO - DAG(s) 'example_python_operator' retrieved from /home/sakana/anaconda3/envs/airflow_env/lib/python3.8/site-packages/airflow/example_dags/example_python_operator.py
[2024-11-11T00:46:39.994+0100] {logging_mixin.py:190} INFO - [2024-11-11T00:46:39.993+0100] {dag.py:3239} INFO - Sync 1 DAGs
[2024-11-11T00:46:40.005+0100] {logging_mixin.py:190} INFO - [2024-11-11T00:46:40.005+0100] {dag.py:4180} INFO - Setting next_dagrun for example_python_operator to None, run_after=None
[2024-11-11T00:46:40.022+0100] {processor.py:208} INFO - Processing /home/sakana/anaconda3/envs/airflow_env/lib/python3.8/site-packages/airflow/example_dags/example_python_operator.py took 0.074 seconds
[2024-11-11T00:47:36.779+0100] {processor.py:186} INFO - Started process (PID=8945) to work on /home/sakana/anaconda3/envs/airflow_env/lib/python3.8/site-packages/airflow/example_dags/example_python_operator.py
[2024-11-11T00:47:36.784+0100] {processor.py:914} INFO - Processing file /home/sakana/anaconda3/envs/airflow_env/lib/python3.8/site-packages/airflow/example_dags/example_python_operator.py for tasks to queue
[2024-11-11T00:47:36.786+0100] {logging_mixin.py:190} INFO - [2024-11-11T00:47:36.786+0100] {dagbag.py:588} INFO - Filling up the DagBag from /home/sakana/anaconda3/envs/airflow_env/lib/python3.8/site-packages/airflow/example_dags/example_python_operator.py
[2024-11-11T00:47:36.795+0100] {logging_mixin.py:190} INFO - [2024-11-11T00:47:36.795+0100] {example_python_operator.py:93} WARNING - The virtalenv_python example task requires virtualenv, please install it.
[2024-11-11T00:47:36.797+0100] {processor.py:925} INFO - DAG(s) 'example_python_operator' retrieved from /home/sakana/anaconda3/envs/airflow_env/lib/python3.8/site-packages/airflow/example_dags/example_python_operator.py
[2024-11-11T00:47:36.816+0100] {logging_mixin.py:190} INFO - [2024-11-11T00:47:36.816+0100] {dag.py:3239} INFO - Sync 1 DAGs
[2024-11-11T00:47:36.833+0100] {logging_mixin.py:190} INFO - [2024-11-11T00:47:36.832+0100] {dag.py:4180} INFO - Setting next_dagrun for example_python_operator to None, run_after=None
[2024-11-11T00:47:36.863+0100] {processor.py:208} INFO - Processing /home/sakana/anaconda3/envs/airflow_env/lib/python3.8/site-packages/airflow/example_dags/example_python_operator.py took 0.092 seconds
[2024-11-11T00:48:34.815+0100] {processor.py:186} INFO - Started process (PID=9038) to work on /home/sakana/anaconda3/envs/airflow_env/lib/python3.8/site-packages/airflow/example_dags/example_python_operator.py
[2024-11-11T00:48:34.820+0100] {processor.py:914} INFO - Processing file /home/sakana/anaconda3/envs/airflow_env/lib/python3.8/site-packages/airflow/example_dags/example_python_operator.py for tasks to queue
[2024-11-11T00:48:34.822+0100] {logging_mixin.py:190} INFO - [2024-11-11T00:48:34.821+0100] {dagbag.py:588} INFO - Filling up the DagBag from /home/sakana/anaconda3/envs/airflow_env/lib/python3.8/site-packages/airflow/example_dags/example_python_operator.py
[2024-11-11T00:48:34.829+0100] {logging_mixin.py:190} INFO - [2024-11-11T00:48:34.829+0100] {example_python_operator.py:93} WARNING - The virtalenv_python example task requires virtualenv, please install it.
[2024-11-11T00:48:34.832+0100] {processor.py:925} INFO - DAG(s) 'example_python_operator' retrieved from /home/sakana/anaconda3/envs/airflow_env/lib/python3.8/site-packages/airflow/example_dags/example_python_operator.py
[2024-11-11T00:48:34.850+0100] {logging_mixin.py:190} INFO - [2024-11-11T00:48:34.850+0100] {dag.py:3239} INFO - Sync 1 DAGs
[2024-11-11T00:48:34.862+0100] {logging_mixin.py:190} INFO - [2024-11-11T00:48:34.862+0100] {dag.py:4180} INFO - Setting next_dagrun for example_python_operator to None, run_after=None
[2024-11-11T00:48:34.879+0100] {processor.py:208} INFO - Processing /home/sakana/anaconda3/envs/airflow_env/lib/python3.8/site-packages/airflow/example_dags/example_python_operator.py took 0.074 seconds
[2024-11-11T00:49:31.070+0100] {processor.py:186} INFO - Started process (PID=9240) to work on /home/sakana/anaconda3/envs/airflow_env/lib/python3.8/site-packages/airflow/example_dags/example_python_operator.py
[2024-11-11T00:49:31.071+0100] {processor.py:914} INFO - Processing file /home/sakana/anaconda3/envs/airflow_env/lib/python3.8/site-packages/airflow/example_dags/example_python_operator.py for tasks to queue
[2024-11-11T00:49:31.074+0100] {logging_mixin.py:190} INFO - [2024-11-11T00:49:31.073+0100] {dagbag.py:588} INFO - Filling up the DagBag from /home/sakana/anaconda3/envs/airflow_env/lib/python3.8/site-packages/airflow/example_dags/example_python_operator.py
[2024-11-11T00:49:31.081+0100] {logging_mixin.py:190} INFO - [2024-11-11T00:49:31.080+0100] {example_python_operator.py:93} WARNING - The virtalenv_python example task requires virtualenv, please install it.
[2024-11-11T00:49:31.083+0100] {processor.py:925} INFO - DAG(s) 'example_python_operator' retrieved from /home/sakana/anaconda3/envs/airflow_env/lib/python3.8/site-packages/airflow/example_dags/example_python_operator.py
[2024-11-11T00:49:31.107+0100] {logging_mixin.py:190} INFO - [2024-11-11T00:49:31.107+0100] {dag.py:3239} INFO - Sync 1 DAGs
[2024-11-11T00:49:31.125+0100] {logging_mixin.py:190} INFO - [2024-11-11T00:49:31.125+0100] {dag.py:4180} INFO - Setting next_dagrun for example_python_operator to None, run_after=None
[2024-11-11T00:49:31.150+0100] {processor.py:208} INFO - Processing /home/sakana/anaconda3/envs/airflow_env/lib/python3.8/site-packages/airflow/example_dags/example_python_operator.py took 0.087 seconds
[2024-11-11T00:50:32.009+0100] {processor.py:186} INFO - Started process (PID=9499) to work on /home/sakana/anaconda3/envs/airflow_env/lib/python3.8/site-packages/airflow/example_dags/example_python_operator.py
[2024-11-11T00:50:32.014+0100] {processor.py:914} INFO - Processing file /home/sakana/anaconda3/envs/airflow_env/lib/python3.8/site-packages/airflow/example_dags/example_python_operator.py for tasks to queue
[2024-11-11T00:50:32.018+0100] {logging_mixin.py:190} INFO - [2024-11-11T00:50:32.017+0100] {dagbag.py:588} INFO - Filling up the DagBag from /home/sakana/anaconda3/envs/airflow_env/lib/python3.8/site-packages/airflow/example_dags/example_python_operator.py
[2024-11-11T00:50:32.029+0100] {logging_mixin.py:190} INFO - [2024-11-11T00:50:32.028+0100] {example_python_operator.py:93} WARNING - The virtalenv_python example task requires virtualenv, please install it.
[2024-11-11T00:50:32.032+0100] {processor.py:925} INFO - DAG(s) 'example_python_operator' retrieved from /home/sakana/anaconda3/envs/airflow_env/lib/python3.8/site-packages/airflow/example_dags/example_python_operator.py
[2024-11-11T00:50:32.055+0100] {logging_mixin.py:190} INFO - [2024-11-11T00:50:32.054+0100] {dag.py:3239} INFO - Sync 1 DAGs
[2024-11-11T00:50:32.067+0100] {logging_mixin.py:190} INFO - [2024-11-11T00:50:32.067+0100] {dag.py:4180} INFO - Setting next_dagrun for example_python_operator to None, run_after=None
[2024-11-11T00:50:32.091+0100] {processor.py:208} INFO - Processing /home/sakana/anaconda3/envs/airflow_env/lib/python3.8/site-packages/airflow/example_dags/example_python_operator.py took 0.090 seconds
[2024-11-11T00:51:30.492+0100] {processor.py:186} INFO - Started process (PID=9577) to work on /home/sakana/anaconda3/envs/airflow_env/lib/python3.8/site-packages/airflow/example_dags/example_python_operator.py
[2024-11-11T00:51:30.494+0100] {processor.py:914} INFO - Processing file /home/sakana/anaconda3/envs/airflow_env/lib/python3.8/site-packages/airflow/example_dags/example_python_operator.py for tasks to queue
[2024-11-11T00:51:30.498+0100] {logging_mixin.py:190} INFO - [2024-11-11T00:51:30.497+0100] {dagbag.py:588} INFO - Filling up the DagBag from /home/sakana/anaconda3/envs/airflow_env/lib/python3.8/site-packages/airflow/example_dags/example_python_operator.py
[2024-11-11T00:51:30.511+0100] {logging_mixin.py:190} INFO - [2024-11-11T00:51:30.511+0100] {example_python_operator.py:93} WARNING - The virtalenv_python example task requires virtualenv, please install it.
[2024-11-11T00:51:30.516+0100] {processor.py:925} INFO - DAG(s) 'example_python_operator' retrieved from /home/sakana/anaconda3/envs/airflow_env/lib/python3.8/site-packages/airflow/example_dags/example_python_operator.py
[2024-11-11T00:51:30.548+0100] {logging_mixin.py:190} INFO - [2024-11-11T00:51:30.548+0100] {dag.py:3239} INFO - Sync 1 DAGs
[2024-11-11T00:51:30.570+0100] {logging_mixin.py:190} INFO - [2024-11-11T00:51:30.569+0100] {dag.py:4180} INFO - Setting next_dagrun for example_python_operator to None, run_after=None
[2024-11-11T00:51:30.611+0100] {processor.py:208} INFO - Processing /home/sakana/anaconda3/envs/airflow_env/lib/python3.8/site-packages/airflow/example_dags/example_python_operator.py took 0.130 seconds
[2024-11-11T00:52:25.796+0100] {processor.py:186} INFO - Started process (PID=9676) to work on /home/sakana/anaconda3/envs/airflow_env/lib/python3.8/site-packages/airflow/example_dags/example_python_operator.py
[2024-11-11T00:52:25.801+0100] {processor.py:914} INFO - Processing file /home/sakana/anaconda3/envs/airflow_env/lib/python3.8/site-packages/airflow/example_dags/example_python_operator.py for tasks to queue
[2024-11-11T00:52:25.805+0100] {logging_mixin.py:190} INFO - [2024-11-11T00:52:25.804+0100] {dagbag.py:588} INFO - Filling up the DagBag from /home/sakana/anaconda3/envs/airflow_env/lib/python3.8/site-packages/airflow/example_dags/example_python_operator.py
[2024-11-11T00:52:25.813+0100] {logging_mixin.py:190} INFO - [2024-11-11T00:52:25.812+0100] {example_python_operator.py:93} WARNING - The virtalenv_python example task requires virtualenv, please install it.
[2024-11-11T00:52:25.815+0100] {processor.py:925} INFO - DAG(s) 'example_python_operator' retrieved from /home/sakana/anaconda3/envs/airflow_env/lib/python3.8/site-packages/airflow/example_dags/example_python_operator.py
[2024-11-11T00:52:25.835+0100] {logging_mixin.py:190} INFO - [2024-11-11T00:52:25.834+0100] {dag.py:3239} INFO - Sync 1 DAGs
[2024-11-11T00:52:25.849+0100] {logging_mixin.py:190} INFO - [2024-11-11T00:52:25.849+0100] {dag.py:4180} INFO - Setting next_dagrun for example_python_operator to None, run_after=None
[2024-11-11T00:52:25.875+0100] {processor.py:208} INFO - Processing /home/sakana/anaconda3/envs/airflow_env/lib/python3.8/site-packages/airflow/example_dags/example_python_operator.py took 0.088 seconds
[2024-11-11T00:53:27.736+0100] {processor.py:186} INFO - Started process (PID=9872) to work on /home/sakana/anaconda3/envs/airflow_env/lib/python3.8/site-packages/airflow/example_dags/example_python_operator.py
[2024-11-11T00:53:27.741+0100] {processor.py:914} INFO - Processing file /home/sakana/anaconda3/envs/airflow_env/lib/python3.8/site-packages/airflow/example_dags/example_python_operator.py for tasks to queue
[2024-11-11T00:53:27.743+0100] {logging_mixin.py:190} INFO - [2024-11-11T00:53:27.742+0100] {dagbag.py:588} INFO - Filling up the DagBag from /home/sakana/anaconda3/envs/airflow_env/lib/python3.8/site-packages/airflow/example_dags/example_python_operator.py
[2024-11-11T00:53:27.748+0100] {logging_mixin.py:190} INFO - [2024-11-11T00:53:27.748+0100] {example_python_operator.py:93} WARNING - The virtalenv_python example task requires virtualenv, please install it.
[2024-11-11T00:53:27.750+0100] {processor.py:925} INFO - DAG(s) 'example_python_operator' retrieved from /home/sakana/anaconda3/envs/airflow_env/lib/python3.8/site-packages/airflow/example_dags/example_python_operator.py
[2024-11-11T00:53:27.765+0100] {logging_mixin.py:190} INFO - [2024-11-11T00:53:27.765+0100] {dag.py:3239} INFO - Sync 1 DAGs
[2024-11-11T00:53:27.776+0100] {logging_mixin.py:190} INFO - [2024-11-11T00:53:27.775+0100] {dag.py:4180} INFO - Setting next_dagrun for example_python_operator to None, run_after=None
[2024-11-11T00:53:27.803+0100] {processor.py:208} INFO - Processing /home/sakana/anaconda3/envs/airflow_env/lib/python3.8/site-packages/airflow/example_dags/example_python_operator.py took 0.073 seconds
[2024-11-11T00:54:24.939+0100] {processor.py:186} INFO - Started process (PID=9952) to work on /home/sakana/anaconda3/envs/airflow_env/lib/python3.8/site-packages/airflow/example_dags/example_python_operator.py
[2024-11-11T00:54:24.944+0100] {processor.py:914} INFO - Processing file /home/sakana/anaconda3/envs/airflow_env/lib/python3.8/site-packages/airflow/example_dags/example_python_operator.py for tasks to queue
[2024-11-11T00:54:24.946+0100] {logging_mixin.py:190} INFO - [2024-11-11T00:54:24.946+0100] {dagbag.py:588} INFO - Filling up the DagBag from /home/sakana/anaconda3/envs/airflow_env/lib/python3.8/site-packages/airflow/example_dags/example_python_operator.py
[2024-11-11T00:54:24.952+0100] {logging_mixin.py:190} INFO - [2024-11-11T00:54:24.952+0100] {example_python_operator.py:93} WARNING - The virtalenv_python example task requires virtualenv, please install it.
[2024-11-11T00:54:24.954+0100] {processor.py:925} INFO - DAG(s) 'example_python_operator' retrieved from /home/sakana/anaconda3/envs/airflow_env/lib/python3.8/site-packages/airflow/example_dags/example_python_operator.py
[2024-11-11T00:54:24.971+0100] {logging_mixin.py:190} INFO - [2024-11-11T00:54:24.970+0100] {dag.py:3239} INFO - Sync 1 DAGs
[2024-11-11T00:54:24.982+0100] {logging_mixin.py:190} INFO - [2024-11-11T00:54:24.982+0100] {dag.py:4180} INFO - Setting next_dagrun for example_python_operator to None, run_after=None
[2024-11-11T00:54:25.010+0100] {processor.py:208} INFO - Processing /home/sakana/anaconda3/envs/airflow_env/lib/python3.8/site-packages/airflow/example_dags/example_python_operator.py took 0.076 seconds
