[2024-11-11T00:25:38.059+0100] {processor.py:186} INFO - Started process (PID=6651) to work on /home/sakana/anaconda3/envs/airflow_env/lib/python3.8/site-packages/airflow/example_dags/example_xcom.py
[2024-11-11T00:25:38.060+0100] {processor.py:914} INFO - Processing file /home/sakana/anaconda3/envs/airflow_env/lib/python3.8/site-packages/airflow/example_dags/example_xcom.py for tasks to queue
[2024-11-11T00:25:38.061+0100] {logging_mixin.py:190} INFO - [2024-11-11T00:25:38.061+0100] {dagbag.py:588} INFO - Filling up the DagBag from /home/sakana/anaconda3/envs/airflow_env/lib/python3.8/site-packages/airflow/example_dags/example_xcom.py
[2024-11-11T00:25:38.073+0100] {processor.py:925} INFO - DAG(s) 'example_xcom' retrieved from /home/sakana/anaconda3/envs/airflow_env/lib/python3.8/site-packages/airflow/example_dags/example_xcom.py
[2024-11-11T00:25:38.203+0100] {logging_mixin.py:190} INFO - [2024-11-11T00:25:38.203+0100] {override.py:1901} INFO - Created Permission View: can edit on DAG:example_xcom
[2024-11-11T00:25:38.222+0100] {logging_mixin.py:190} INFO - [2024-11-11T00:25:38.221+0100] {override.py:1901} INFO - Created Permission View: can read on DAG:example_xcom
[2024-11-11T00:25:38.237+0100] {logging_mixin.py:190} INFO - [2024-11-11T00:25:38.236+0100] {override.py:1901} INFO - Created Permission View: can delete on DAG:example_xcom
[2024-11-11T00:25:38.270+0100] {logging_mixin.py:190} INFO - [2024-11-11T00:25:38.269+0100] {override.py:1901} INFO - Created Permission View: can create on DAG Run:example_xcom
[2024-11-11T00:25:38.297+0100] {logging_mixin.py:190} INFO - [2024-11-11T00:25:38.297+0100] {override.py:1901} INFO - Created Permission View: can read on DAG Run:example_xcom
[2024-11-11T00:25:38.317+0100] {logging_mixin.py:190} INFO - [2024-11-11T00:25:38.316+0100] {override.py:1901} INFO - Created Permission View: can delete on DAG Run:example_xcom
[2024-11-11T00:25:38.336+0100] {logging_mixin.py:190} INFO - [2024-11-11T00:25:38.336+0100] {override.py:1901} INFO - Created Permission View: menu access on DAG Run:example_xcom
[2024-11-11T00:25:38.337+0100] {logging_mixin.py:190} INFO - [2024-11-11T00:25:38.337+0100] {dag.py:3239} INFO - Sync 1 DAGs
[2024-11-11T00:25:38.372+0100] {logging_mixin.py:190} INFO - [2024-11-11T00:25:38.371+0100] {dag.py:3262} INFO - Creating ORM DAG for example_xcom
[2024-11-11T00:25:38.393+0100] {logging_mixin.py:190} INFO - [2024-11-11T00:25:38.392+0100] {dag.py:4180} INFO - Setting next_dagrun for example_xcom to 2021-01-01 00:00:00+00:00, run_after=2021-01-01 00:00:00+00:00
[2024-11-11T00:25:38.421+0100] {processor.py:208} INFO - Processing /home/sakana/anaconda3/envs/airflow_env/lib/python3.8/site-packages/airflow/example_dags/example_xcom.py took 0.368 seconds
[2024-11-11T00:26:49.525+0100] {processor.py:186} INFO - Started process (PID=6888) to work on /home/sakana/anaconda3/envs/airflow_env/lib/python3.8/site-packages/airflow/example_dags/example_xcom.py
[2024-11-11T00:26:49.529+0100] {processor.py:914} INFO - Processing file /home/sakana/anaconda3/envs/airflow_env/lib/python3.8/site-packages/airflow/example_dags/example_xcom.py for tasks to queue
[2024-11-11T00:26:49.532+0100] {logging_mixin.py:190} INFO - [2024-11-11T00:26:49.532+0100] {dagbag.py:588} INFO - Filling up the DagBag from /home/sakana/anaconda3/envs/airflow_env/lib/python3.8/site-packages/airflow/example_dags/example_xcom.py
[2024-11-11T00:26:49.543+0100] {processor.py:925} INFO - DAG(s) 'example_xcom' retrieved from /home/sakana/anaconda3/envs/airflow_env/lib/python3.8/site-packages/airflow/example_dags/example_xcom.py
[2024-11-11T00:26:49.560+0100] {logging_mixin.py:190} INFO - [2024-11-11T00:26:49.559+0100] {dag.py:3239} INFO - Sync 1 DAGs
[2024-11-11T00:26:49.576+0100] {logging_mixin.py:190} INFO - [2024-11-11T00:26:49.576+0100] {dag.py:4180} INFO - Setting next_dagrun for example_xcom to 2021-01-01 00:00:00+00:00, run_after=2021-01-01 00:00:00+00:00
[2024-11-11T00:26:49.602+0100] {processor.py:208} INFO - Processing /home/sakana/anaconda3/envs/airflow_env/lib/python3.8/site-packages/airflow/example_dags/example_xcom.py took 0.084 seconds
[2024-11-11T00:27:44.595+0100] {processor.py:186} INFO - Started process (PID=6966) to work on /home/sakana/anaconda3/envs/airflow_env/lib/python3.8/site-packages/airflow/example_dags/example_xcom.py
[2024-11-11T00:27:44.599+0100] {processor.py:914} INFO - Processing file /home/sakana/anaconda3/envs/airflow_env/lib/python3.8/site-packages/airflow/example_dags/example_xcom.py for tasks to queue
[2024-11-11T00:27:44.601+0100] {logging_mixin.py:190} INFO - [2024-11-11T00:27:44.601+0100] {dagbag.py:588} INFO - Filling up the DagBag from /home/sakana/anaconda3/envs/airflow_env/lib/python3.8/site-packages/airflow/example_dags/example_xcom.py
[2024-11-11T00:27:44.611+0100] {processor.py:925} INFO - DAG(s) 'example_xcom' retrieved from /home/sakana/anaconda3/envs/airflow_env/lib/python3.8/site-packages/airflow/example_dags/example_xcom.py
[2024-11-11T00:27:44.629+0100] {logging_mixin.py:190} INFO - [2024-11-11T00:27:44.628+0100] {dag.py:3239} INFO - Sync 1 DAGs
[2024-11-11T00:27:44.646+0100] {logging_mixin.py:190} INFO - [2024-11-11T00:27:44.646+0100] {dag.py:4180} INFO - Setting next_dagrun for example_xcom to 2021-01-01 00:00:00+00:00, run_after=2021-01-01 00:00:00+00:00
[2024-11-11T00:27:44.663+0100] {processor.py:208} INFO - Processing /home/sakana/anaconda3/envs/airflow_env/lib/python3.8/site-packages/airflow/example_dags/example_xcom.py took 0.075 seconds
[2024-11-11T00:28:39.622+0100] {processor.py:186} INFO - Started process (PID=7067) to work on /home/sakana/anaconda3/envs/airflow_env/lib/python3.8/site-packages/airflow/example_dags/example_xcom.py
[2024-11-11T00:28:39.627+0100] {processor.py:914} INFO - Processing file /home/sakana/anaconda3/envs/airflow_env/lib/python3.8/site-packages/airflow/example_dags/example_xcom.py for tasks to queue
[2024-11-11T00:28:39.629+0100] {logging_mixin.py:190} INFO - [2024-11-11T00:28:39.628+0100] {dagbag.py:588} INFO - Filling up the DagBag from /home/sakana/anaconda3/envs/airflow_env/lib/python3.8/site-packages/airflow/example_dags/example_xcom.py
[2024-11-11T00:28:39.638+0100] {processor.py:925} INFO - DAG(s) 'example_xcom' retrieved from /home/sakana/anaconda3/envs/airflow_env/lib/python3.8/site-packages/airflow/example_dags/example_xcom.py
[2024-11-11T00:28:39.653+0100] {logging_mixin.py:190} INFO - [2024-11-11T00:28:39.653+0100] {dag.py:3239} INFO - Sync 1 DAGs
[2024-11-11T00:28:39.673+0100] {logging_mixin.py:190} INFO - [2024-11-11T00:28:39.673+0100] {dag.py:4180} INFO - Setting next_dagrun for example_xcom to 2021-01-01 00:00:00+00:00, run_after=2021-01-01 00:00:00+00:00
[2024-11-11T00:28:39.692+0100] {processor.py:208} INFO - Processing /home/sakana/anaconda3/envs/airflow_env/lib/python3.8/site-packages/airflow/example_dags/example_xcom.py took 0.076 seconds
[2024-11-11T00:29:34.542+0100] {processor.py:186} INFO - Started process (PID=7145) to work on /home/sakana/anaconda3/envs/airflow_env/lib/python3.8/site-packages/airflow/example_dags/example_xcom.py
[2024-11-11T00:29:34.547+0100] {processor.py:914} INFO - Processing file /home/sakana/anaconda3/envs/airflow_env/lib/python3.8/site-packages/airflow/example_dags/example_xcom.py for tasks to queue
[2024-11-11T00:29:34.550+0100] {logging_mixin.py:190} INFO - [2024-11-11T00:29:34.550+0100] {dagbag.py:588} INFO - Filling up the DagBag from /home/sakana/anaconda3/envs/airflow_env/lib/python3.8/site-packages/airflow/example_dags/example_xcom.py
[2024-11-11T00:29:34.563+0100] {processor.py:925} INFO - DAG(s) 'example_xcom' retrieved from /home/sakana/anaconda3/envs/airflow_env/lib/python3.8/site-packages/airflow/example_dags/example_xcom.py
[2024-11-11T00:29:34.583+0100] {logging_mixin.py:190} INFO - [2024-11-11T00:29:34.583+0100] {dag.py:3239} INFO - Sync 1 DAGs
[2024-11-11T00:29:34.600+0100] {logging_mixin.py:190} INFO - [2024-11-11T00:29:34.600+0100] {dag.py:4180} INFO - Setting next_dagrun for example_xcom to 2021-01-01 00:00:00+00:00, run_after=2021-01-01 00:00:00+00:00
[2024-11-11T00:29:34.619+0100] {processor.py:208} INFO - Processing /home/sakana/anaconda3/envs/airflow_env/lib/python3.8/site-packages/airflow/example_dags/example_xcom.py took 0.085 seconds
[2024-11-11T00:30:29.724+0100] {processor.py:186} INFO - Started process (PID=7226) to work on /home/sakana/anaconda3/envs/airflow_env/lib/python3.8/site-packages/airflow/example_dags/example_xcom.py
[2024-11-11T00:30:29.725+0100] {processor.py:914} INFO - Processing file /home/sakana/anaconda3/envs/airflow_env/lib/python3.8/site-packages/airflow/example_dags/example_xcom.py for tasks to queue
[2024-11-11T00:30:29.728+0100] {logging_mixin.py:190} INFO - [2024-11-11T00:30:29.727+0100] {dagbag.py:588} INFO - Filling up the DagBag from /home/sakana/anaconda3/envs/airflow_env/lib/python3.8/site-packages/airflow/example_dags/example_xcom.py
[2024-11-11T00:30:29.741+0100] {processor.py:925} INFO - DAG(s) 'example_xcom' retrieved from /home/sakana/anaconda3/envs/airflow_env/lib/python3.8/site-packages/airflow/example_dags/example_xcom.py
[2024-11-11T00:30:29.759+0100] {logging_mixin.py:190} INFO - [2024-11-11T00:30:29.759+0100] {dag.py:3239} INFO - Sync 1 DAGs
[2024-11-11T00:30:29.777+0100] {logging_mixin.py:190} INFO - [2024-11-11T00:30:29.776+0100] {dag.py:4180} INFO - Setting next_dagrun for example_xcom to 2021-01-01 00:00:00+00:00, run_after=2021-01-01 00:00:00+00:00
[2024-11-11T00:30:29.793+0100] {processor.py:208} INFO - Processing /home/sakana/anaconda3/envs/airflow_env/lib/python3.8/site-packages/airflow/example_dags/example_xcom.py took 0.077 seconds
[2024-11-11T00:31:25.485+0100] {processor.py:186} INFO - Started process (PID=7302) to work on /home/sakana/anaconda3/envs/airflow_env/lib/python3.8/site-packages/airflow/example_dags/example_xcom.py
[2024-11-11T00:31:25.489+0100] {processor.py:914} INFO - Processing file /home/sakana/anaconda3/envs/airflow_env/lib/python3.8/site-packages/airflow/example_dags/example_xcom.py for tasks to queue
[2024-11-11T00:31:25.492+0100] {logging_mixin.py:190} INFO - [2024-11-11T00:31:25.491+0100] {dagbag.py:588} INFO - Filling up the DagBag from /home/sakana/anaconda3/envs/airflow_env/lib/python3.8/site-packages/airflow/example_dags/example_xcom.py
[2024-11-11T00:31:25.504+0100] {processor.py:925} INFO - DAG(s) 'example_xcom' retrieved from /home/sakana/anaconda3/envs/airflow_env/lib/python3.8/site-packages/airflow/example_dags/example_xcom.py
[2024-11-11T00:31:25.521+0100] {logging_mixin.py:190} INFO - [2024-11-11T00:31:25.521+0100] {dag.py:3239} INFO - Sync 1 DAGs
[2024-11-11T00:31:25.537+0100] {logging_mixin.py:190} INFO - [2024-11-11T00:31:25.537+0100] {dag.py:4180} INFO - Setting next_dagrun for example_xcom to 2021-01-01 00:00:00+00:00, run_after=2021-01-01 00:00:00+00:00
[2024-11-11T00:31:25.557+0100] {processor.py:208} INFO - Processing /home/sakana/anaconda3/envs/airflow_env/lib/python3.8/site-packages/airflow/example_dags/example_xcom.py took 0.080 seconds
[2024-11-11T00:32:20.464+0100] {processor.py:186} INFO - Started process (PID=7374) to work on /home/sakana/anaconda3/envs/airflow_env/lib/python3.8/site-packages/airflow/example_dags/example_xcom.py
[2024-11-11T00:32:20.470+0100] {processor.py:914} INFO - Processing file /home/sakana/anaconda3/envs/airflow_env/lib/python3.8/site-packages/airflow/example_dags/example_xcom.py for tasks to queue
[2024-11-11T00:32:20.476+0100] {logging_mixin.py:190} INFO - [2024-11-11T00:32:20.475+0100] {dagbag.py:588} INFO - Filling up the DagBag from /home/sakana/anaconda3/envs/airflow_env/lib/python3.8/site-packages/airflow/example_dags/example_xcom.py
[2024-11-11T00:32:20.501+0100] {processor.py:925} INFO - DAG(s) 'example_xcom' retrieved from /home/sakana/anaconda3/envs/airflow_env/lib/python3.8/site-packages/airflow/example_dags/example_xcom.py
[2024-11-11T00:32:20.519+0100] {logging_mixin.py:190} INFO - [2024-11-11T00:32:20.518+0100] {dag.py:3239} INFO - Sync 1 DAGs
[2024-11-11T00:32:20.535+0100] {logging_mixin.py:190} INFO - [2024-11-11T00:32:20.535+0100] {dag.py:4180} INFO - Setting next_dagrun for example_xcom to 2021-01-01 00:00:00+00:00, run_after=2021-01-01 00:00:00+00:00
[2024-11-11T00:32:20.555+0100] {processor.py:208} INFO - Processing /home/sakana/anaconda3/envs/airflow_env/lib/python3.8/site-packages/airflow/example_dags/example_xcom.py took 0.097 seconds
[2024-11-11T00:33:16.837+0100] {processor.py:186} INFO - Started process (PID=7462) to work on /home/sakana/anaconda3/envs/airflow_env/lib/python3.8/site-packages/airflow/example_dags/example_xcom.py
[2024-11-11T00:33:16.842+0100] {processor.py:914} INFO - Processing file /home/sakana/anaconda3/envs/airflow_env/lib/python3.8/site-packages/airflow/example_dags/example_xcom.py for tasks to queue
[2024-11-11T00:33:16.845+0100] {logging_mixin.py:190} INFO - [2024-11-11T00:33:16.844+0100] {dagbag.py:588} INFO - Filling up the DagBag from /home/sakana/anaconda3/envs/airflow_env/lib/python3.8/site-packages/airflow/example_dags/example_xcom.py
[2024-11-11T00:33:16.855+0100] {processor.py:925} INFO - DAG(s) 'example_xcom' retrieved from /home/sakana/anaconda3/envs/airflow_env/lib/python3.8/site-packages/airflow/example_dags/example_xcom.py
[2024-11-11T00:33:16.871+0100] {logging_mixin.py:190} INFO - [2024-11-11T00:33:16.871+0100] {dag.py:3239} INFO - Sync 1 DAGs
[2024-11-11T00:33:16.890+0100] {logging_mixin.py:190} INFO - [2024-11-11T00:33:16.889+0100] {dag.py:4180} INFO - Setting next_dagrun for example_xcom to 2021-01-01 00:00:00+00:00, run_after=2021-01-01 00:00:00+00:00
[2024-11-11T00:33:16.908+0100] {processor.py:208} INFO - Processing /home/sakana/anaconda3/envs/airflow_env/lib/python3.8/site-packages/airflow/example_dags/example_xcom.py took 0.078 seconds
[2024-11-11T00:34:12.541+0100] {processor.py:186} INFO - Started process (PID=7551) to work on /home/sakana/anaconda3/envs/airflow_env/lib/python3.8/site-packages/airflow/example_dags/example_xcom.py
[2024-11-11T00:34:12.546+0100] {processor.py:914} INFO - Processing file /home/sakana/anaconda3/envs/airflow_env/lib/python3.8/site-packages/airflow/example_dags/example_xcom.py for tasks to queue
[2024-11-11T00:34:12.548+0100] {logging_mixin.py:190} INFO - [2024-11-11T00:34:12.548+0100] {dagbag.py:588} INFO - Filling up the DagBag from /home/sakana/anaconda3/envs/airflow_env/lib/python3.8/site-packages/airflow/example_dags/example_xcom.py
[2024-11-11T00:34:12.557+0100] {processor.py:925} INFO - DAG(s) 'example_xcom' retrieved from /home/sakana/anaconda3/envs/airflow_env/lib/python3.8/site-packages/airflow/example_dags/example_xcom.py
[2024-11-11T00:34:12.576+0100] {logging_mixin.py:190} INFO - [2024-11-11T00:34:12.576+0100] {dag.py:3239} INFO - Sync 1 DAGs
[2024-11-11T00:34:12.593+0100] {logging_mixin.py:190} INFO - [2024-11-11T00:34:12.593+0100] {dag.py:4180} INFO - Setting next_dagrun for example_xcom to 2021-01-01 00:00:00+00:00, run_after=2021-01-01 00:00:00+00:00
[2024-11-11T00:34:12.609+0100] {processor.py:208} INFO - Processing /home/sakana/anaconda3/envs/airflow_env/lib/python3.8/site-packages/airflow/example_dags/example_xcom.py took 0.074 seconds
[2024-11-11T00:35:09.802+0100] {processor.py:186} INFO - Started process (PID=7628) to work on /home/sakana/anaconda3/envs/airflow_env/lib/python3.8/site-packages/airflow/example_dags/example_xcom.py
[2024-11-11T00:35:09.807+0100] {processor.py:914} INFO - Processing file /home/sakana/anaconda3/envs/airflow_env/lib/python3.8/site-packages/airflow/example_dags/example_xcom.py for tasks to queue
[2024-11-11T00:35:09.809+0100] {logging_mixin.py:190} INFO - [2024-11-11T00:35:09.808+0100] {dagbag.py:588} INFO - Filling up the DagBag from /home/sakana/anaconda3/envs/airflow_env/lib/python3.8/site-packages/airflow/example_dags/example_xcom.py
[2024-11-11T00:35:09.819+0100] {processor.py:925} INFO - DAG(s) 'example_xcom' retrieved from /home/sakana/anaconda3/envs/airflow_env/lib/python3.8/site-packages/airflow/example_dags/example_xcom.py
[2024-11-11T00:35:09.838+0100] {logging_mixin.py:190} INFO - [2024-11-11T00:35:09.838+0100] {dag.py:3239} INFO - Sync 1 DAGs
[2024-11-11T00:35:09.855+0100] {logging_mixin.py:190} INFO - [2024-11-11T00:35:09.855+0100] {dag.py:4180} INFO - Setting next_dagrun for example_xcom to 2021-01-01 00:00:00+00:00, run_after=2021-01-01 00:00:00+00:00
[2024-11-11T00:35:09.872+0100] {processor.py:208} INFO - Processing /home/sakana/anaconda3/envs/airflow_env/lib/python3.8/site-packages/airflow/example_dags/example_xcom.py took 0.076 seconds
[2024-11-11T00:36:03.050+0100] {processor.py:186} INFO - Started process (PID=7700) to work on /home/sakana/anaconda3/envs/airflow_env/lib/python3.8/site-packages/airflow/example_dags/example_xcom.py
[2024-11-11T00:36:03.055+0100] {processor.py:914} INFO - Processing file /home/sakana/anaconda3/envs/airflow_env/lib/python3.8/site-packages/airflow/example_dags/example_xcom.py for tasks to queue
[2024-11-11T00:36:03.058+0100] {logging_mixin.py:190} INFO - [2024-11-11T00:36:03.058+0100] {dagbag.py:588} INFO - Filling up the DagBag from /home/sakana/anaconda3/envs/airflow_env/lib/python3.8/site-packages/airflow/example_dags/example_xcom.py
[2024-11-11T00:36:03.071+0100] {processor.py:925} INFO - DAG(s) 'example_xcom' retrieved from /home/sakana/anaconda3/envs/airflow_env/lib/python3.8/site-packages/airflow/example_dags/example_xcom.py
[2024-11-11T00:36:03.090+0100] {logging_mixin.py:190} INFO - [2024-11-11T00:36:03.089+0100] {dag.py:3239} INFO - Sync 1 DAGs
[2024-11-11T00:36:03.115+0100] {logging_mixin.py:190} INFO - [2024-11-11T00:36:03.114+0100] {dag.py:4180} INFO - Setting next_dagrun for example_xcom to 2021-01-01 00:00:00+00:00, run_after=2021-01-01 00:00:00+00:00
[2024-11-11T00:36:03.139+0100] {processor.py:208} INFO - Processing /home/sakana/anaconda3/envs/airflow_env/lib/python3.8/site-packages/airflow/example_dags/example_xcom.py took 0.097 seconds
[2024-11-11T00:36:59.176+0100] {processor.py:186} INFO - Started process (PID=7771) to work on /home/sakana/anaconda3/envs/airflow_env/lib/python3.8/site-packages/airflow/example_dags/example_xcom.py
[2024-11-11T00:36:59.186+0100] {processor.py:914} INFO - Processing file /home/sakana/anaconda3/envs/airflow_env/lib/python3.8/site-packages/airflow/example_dags/example_xcom.py for tasks to queue
[2024-11-11T00:36:59.188+0100] {logging_mixin.py:190} INFO - [2024-11-11T00:36:59.188+0100] {dagbag.py:588} INFO - Filling up the DagBag from /home/sakana/anaconda3/envs/airflow_env/lib/python3.8/site-packages/airflow/example_dags/example_xcom.py
[2024-11-11T00:36:59.198+0100] {processor.py:925} INFO - DAG(s) 'example_xcom' retrieved from /home/sakana/anaconda3/envs/airflow_env/lib/python3.8/site-packages/airflow/example_dags/example_xcom.py
[2024-11-11T00:36:59.221+0100] {logging_mixin.py:190} INFO - [2024-11-11T00:36:59.220+0100] {dag.py:3239} INFO - Sync 1 DAGs
[2024-11-11T00:36:59.237+0100] {logging_mixin.py:190} INFO - [2024-11-11T00:36:59.237+0100] {dag.py:4180} INFO - Setting next_dagrun for example_xcom to 2021-01-01 00:00:00+00:00, run_after=2021-01-01 00:00:00+00:00
[2024-11-11T00:36:59.263+0100] {processor.py:208} INFO - Processing /home/sakana/anaconda3/envs/airflow_env/lib/python3.8/site-packages/airflow/example_dags/example_xcom.py took 0.094 seconds
[2024-11-11T00:37:56.742+0100] {processor.py:186} INFO - Started process (PID=7847) to work on /home/sakana/anaconda3/envs/airflow_env/lib/python3.8/site-packages/airflow/example_dags/example_xcom.py
[2024-11-11T00:37:56.747+0100] {processor.py:914} INFO - Processing file /home/sakana/anaconda3/envs/airflow_env/lib/python3.8/site-packages/airflow/example_dags/example_xcom.py for tasks to queue
[2024-11-11T00:37:56.750+0100] {logging_mixin.py:190} INFO - [2024-11-11T00:37:56.749+0100] {dagbag.py:588} INFO - Filling up the DagBag from /home/sakana/anaconda3/envs/airflow_env/lib/python3.8/site-packages/airflow/example_dags/example_xcom.py
[2024-11-11T00:37:56.761+0100] {processor.py:925} INFO - DAG(s) 'example_xcom' retrieved from /home/sakana/anaconda3/envs/airflow_env/lib/python3.8/site-packages/airflow/example_dags/example_xcom.py
[2024-11-11T00:37:56.778+0100] {logging_mixin.py:190} INFO - [2024-11-11T00:37:56.777+0100] {dag.py:3239} INFO - Sync 1 DAGs
[2024-11-11T00:37:56.794+0100] {logging_mixin.py:190} INFO - [2024-11-11T00:37:56.794+0100] {dag.py:4180} INFO - Setting next_dagrun for example_xcom to 2021-01-01 00:00:00+00:00, run_after=2021-01-01 00:00:00+00:00
[2024-11-11T00:37:56.821+0100] {processor.py:208} INFO - Processing /home/sakana/anaconda3/envs/airflow_env/lib/python3.8/site-packages/airflow/example_dags/example_xcom.py took 0.085 seconds
[2024-11-11T00:38:50.200+0100] {processor.py:186} INFO - Started process (PID=7950) to work on /home/sakana/anaconda3/envs/airflow_env/lib/python3.8/site-packages/airflow/example_dags/example_xcom.py
[2024-11-11T00:38:50.206+0100] {processor.py:914} INFO - Processing file /home/sakana/anaconda3/envs/airflow_env/lib/python3.8/site-packages/airflow/example_dags/example_xcom.py for tasks to queue
[2024-11-11T00:38:50.208+0100] {logging_mixin.py:190} INFO - [2024-11-11T00:38:50.208+0100] {dagbag.py:588} INFO - Filling up the DagBag from /home/sakana/anaconda3/envs/airflow_env/lib/python3.8/site-packages/airflow/example_dags/example_xcom.py
[2024-11-11T00:38:50.221+0100] {processor.py:925} INFO - DAG(s) 'example_xcom' retrieved from /home/sakana/anaconda3/envs/airflow_env/lib/python3.8/site-packages/airflow/example_dags/example_xcom.py
[2024-11-11T00:38:50.238+0100] {logging_mixin.py:190} INFO - [2024-11-11T00:38:50.238+0100] {dag.py:3239} INFO - Sync 1 DAGs
[2024-11-11T00:38:50.255+0100] {logging_mixin.py:190} INFO - [2024-11-11T00:38:50.255+0100] {dag.py:4180} INFO - Setting next_dagrun for example_xcom to 2021-01-01 00:00:00+00:00, run_after=2021-01-01 00:00:00+00:00
[2024-11-11T00:38:50.287+0100] {processor.py:208} INFO - Processing /home/sakana/anaconda3/envs/airflow_env/lib/python3.8/site-packages/airflow/example_dags/example_xcom.py took 0.095 seconds
[2024-11-11T00:39:46.285+0100] {processor.py:186} INFO - Started process (PID=8088) to work on /home/sakana/anaconda3/envs/airflow_env/lib/python3.8/site-packages/airflow/example_dags/example_xcom.py
[2024-11-11T00:39:46.286+0100] {processor.py:914} INFO - Processing file /home/sakana/anaconda3/envs/airflow_env/lib/python3.8/site-packages/airflow/example_dags/example_xcom.py for tasks to queue
[2024-11-11T00:39:46.291+0100] {logging_mixin.py:190} INFO - [2024-11-11T00:39:46.290+0100] {dagbag.py:588} INFO - Filling up the DagBag from /home/sakana/anaconda3/envs/airflow_env/lib/python3.8/site-packages/airflow/example_dags/example_xcom.py
[2024-11-11T00:39:46.311+0100] {processor.py:925} INFO - DAG(s) 'example_xcom' retrieved from /home/sakana/anaconda3/envs/airflow_env/lib/python3.8/site-packages/airflow/example_dags/example_xcom.py
[2024-11-11T00:39:46.348+0100] {logging_mixin.py:190} INFO - [2024-11-11T00:39:46.347+0100] {dag.py:3239} INFO - Sync 1 DAGs
[2024-11-11T00:39:46.388+0100] {logging_mixin.py:190} INFO - [2024-11-11T00:39:46.388+0100] {dag.py:4180} INFO - Setting next_dagrun for example_xcom to 2021-01-01 00:00:00+00:00, run_after=2021-01-01 00:00:00+00:00
[2024-11-11T00:39:46.431+0100] {processor.py:208} INFO - Processing /home/sakana/anaconda3/envs/airflow_env/lib/python3.8/site-packages/airflow/example_dags/example_xcom.py took 0.156 seconds
[2024-11-11T00:43:02.869+0100] {processor.py:186} INFO - Started process (PID=8443) to work on /home/sakana/anaconda3/envs/airflow_env/lib/python3.8/site-packages/airflow/example_dags/example_xcom.py
[2024-11-11T00:43:02.874+0100] {processor.py:914} INFO - Processing file /home/sakana/anaconda3/envs/airflow_env/lib/python3.8/site-packages/airflow/example_dags/example_xcom.py for tasks to queue
[2024-11-11T00:43:02.877+0100] {logging_mixin.py:190} INFO - [2024-11-11T00:43:02.876+0100] {dagbag.py:588} INFO - Filling up the DagBag from /home/sakana/anaconda3/envs/airflow_env/lib/python3.8/site-packages/airflow/example_dags/example_xcom.py
[2024-11-11T00:43:02.888+0100] {processor.py:925} INFO - DAG(s) 'example_xcom' retrieved from /home/sakana/anaconda3/envs/airflow_env/lib/python3.8/site-packages/airflow/example_dags/example_xcom.py
[2024-11-11T00:43:02.908+0100] {logging_mixin.py:190} INFO - [2024-11-11T00:43:02.907+0100] {dag.py:3239} INFO - Sync 1 DAGs
[2024-11-11T00:43:02.936+0100] {logging_mixin.py:190} INFO - [2024-11-11T00:43:02.935+0100] {dag.py:4180} INFO - Setting next_dagrun for example_xcom to 2021-01-01 00:00:00+00:00, run_after=2021-01-01 00:00:00+00:00
[2024-11-11T00:43:02.961+0100] {processor.py:208} INFO - Processing /home/sakana/anaconda3/envs/airflow_env/lib/python3.8/site-packages/airflow/example_dags/example_xcom.py took 0.100 seconds
[2024-11-11T00:45:28.326+0100] {processor.py:186} INFO - Started process (PID=8739) to work on /home/sakana/anaconda3/envs/airflow_env/lib/python3.8/site-packages/airflow/example_dags/example_xcom.py
[2024-11-11T00:45:28.331+0100] {processor.py:914} INFO - Processing file /home/sakana/anaconda3/envs/airflow_env/lib/python3.8/site-packages/airflow/example_dags/example_xcom.py for tasks to queue
[2024-11-11T00:45:28.333+0100] {logging_mixin.py:190} INFO - [2024-11-11T00:45:28.333+0100] {dagbag.py:588} INFO - Filling up the DagBag from /home/sakana/anaconda3/envs/airflow_env/lib/python3.8/site-packages/airflow/example_dags/example_xcom.py
[2024-11-11T00:45:28.345+0100] {processor.py:925} INFO - DAG(s) 'example_xcom' retrieved from /home/sakana/anaconda3/envs/airflow_env/lib/python3.8/site-packages/airflow/example_dags/example_xcom.py
[2024-11-11T00:45:28.366+0100] {logging_mixin.py:190} INFO - [2024-11-11T00:45:28.366+0100] {dag.py:3239} INFO - Sync 1 DAGs
[2024-11-11T00:45:28.391+0100] {logging_mixin.py:190} INFO - [2024-11-11T00:45:28.391+0100] {dag.py:4180} INFO - Setting next_dagrun for example_xcom to 2021-01-01 00:00:00+00:00, run_after=2021-01-01 00:00:00+00:00
[2024-11-11T00:45:28.409+0100] {processor.py:208} INFO - Processing /home/sakana/anaconda3/envs/airflow_env/lib/python3.8/site-packages/airflow/example_dags/example_xcom.py took 0.088 seconds
[2024-11-11T00:46:26.794+0100] {processor.py:186} INFO - Started process (PID=8846) to work on /home/sakana/anaconda3/envs/airflow_env/lib/python3.8/site-packages/airflow/example_dags/example_xcom.py
[2024-11-11T00:46:26.799+0100] {processor.py:914} INFO - Processing file /home/sakana/anaconda3/envs/airflow_env/lib/python3.8/site-packages/airflow/example_dags/example_xcom.py for tasks to queue
[2024-11-11T00:46:26.801+0100] {logging_mixin.py:190} INFO - [2024-11-11T00:46:26.801+0100] {dagbag.py:588} INFO - Filling up the DagBag from /home/sakana/anaconda3/envs/airflow_env/lib/python3.8/site-packages/airflow/example_dags/example_xcom.py
[2024-11-11T00:46:26.815+0100] {processor.py:925} INFO - DAG(s) 'example_xcom' retrieved from /home/sakana/anaconda3/envs/airflow_env/lib/python3.8/site-packages/airflow/example_dags/example_xcom.py
[2024-11-11T00:46:26.833+0100] {logging_mixin.py:190} INFO - [2024-11-11T00:46:26.833+0100] {dag.py:3239} INFO - Sync 1 DAGs
[2024-11-11T00:46:26.853+0100] {logging_mixin.py:190} INFO - [2024-11-11T00:46:26.853+0100] {dag.py:4180} INFO - Setting next_dagrun for example_xcom to 2021-01-01 00:00:00+00:00, run_after=2021-01-01 00:00:00+00:00
[2024-11-11T00:46:26.872+0100] {processor.py:208} INFO - Processing /home/sakana/anaconda3/envs/airflow_env/lib/python3.8/site-packages/airflow/example_dags/example_xcom.py took 0.085 seconds
[2024-11-11T00:47:21.465+0100] {processor.py:186} INFO - Started process (PID=8927) to work on /home/sakana/anaconda3/envs/airflow_env/lib/python3.8/site-packages/airflow/example_dags/example_xcom.py
[2024-11-11T00:47:21.470+0100] {processor.py:914} INFO - Processing file /home/sakana/anaconda3/envs/airflow_env/lib/python3.8/site-packages/airflow/example_dags/example_xcom.py for tasks to queue
[2024-11-11T00:47:21.478+0100] {logging_mixin.py:190} INFO - [2024-11-11T00:47:21.477+0100] {dagbag.py:588} INFO - Filling up the DagBag from /home/sakana/anaconda3/envs/airflow_env/lib/python3.8/site-packages/airflow/example_dags/example_xcom.py
[2024-11-11T00:47:21.502+0100] {processor.py:925} INFO - DAG(s) 'example_xcom' retrieved from /home/sakana/anaconda3/envs/airflow_env/lib/python3.8/site-packages/airflow/example_dags/example_xcom.py
[2024-11-11T00:47:21.520+0100] {logging_mixin.py:190} INFO - [2024-11-11T00:47:21.520+0100] {dag.py:3239} INFO - Sync 1 DAGs
[2024-11-11T00:47:21.541+0100] {logging_mixin.py:190} INFO - [2024-11-11T00:47:21.541+0100] {dag.py:4180} INFO - Setting next_dagrun for example_xcom to 2021-01-01 00:00:00+00:00, run_after=2021-01-01 00:00:00+00:00
[2024-11-11T00:47:21.561+0100] {processor.py:208} INFO - Processing /home/sakana/anaconda3/envs/airflow_env/lib/python3.8/site-packages/airflow/example_dags/example_xcom.py took 0.102 seconds
[2024-11-11T00:48:17.473+0100] {processor.py:186} INFO - Started process (PID=9016) to work on /home/sakana/anaconda3/envs/airflow_env/lib/python3.8/site-packages/airflow/example_dags/example_xcom.py
[2024-11-11T00:48:17.479+0100] {processor.py:914} INFO - Processing file /home/sakana/anaconda3/envs/airflow_env/lib/python3.8/site-packages/airflow/example_dags/example_xcom.py for tasks to queue
[2024-11-11T00:48:17.485+0100] {logging_mixin.py:190} INFO - [2024-11-11T00:48:17.484+0100] {dagbag.py:588} INFO - Filling up the DagBag from /home/sakana/anaconda3/envs/airflow_env/lib/python3.8/site-packages/airflow/example_dags/example_xcom.py
[2024-11-11T00:48:17.506+0100] {processor.py:925} INFO - DAG(s) 'example_xcom' retrieved from /home/sakana/anaconda3/envs/airflow_env/lib/python3.8/site-packages/airflow/example_dags/example_xcom.py
[2024-11-11T00:48:17.526+0100] {logging_mixin.py:190} INFO - [2024-11-11T00:48:17.526+0100] {dag.py:3239} INFO - Sync 1 DAGs
[2024-11-11T00:48:17.543+0100] {logging_mixin.py:190} INFO - [2024-11-11T00:48:17.543+0100] {dag.py:4180} INFO - Setting next_dagrun for example_xcom to 2021-01-01 00:00:00+00:00, run_after=2021-01-01 00:00:00+00:00
[2024-11-11T00:48:17.568+0100] {processor.py:208} INFO - Processing /home/sakana/anaconda3/envs/airflow_env/lib/python3.8/site-packages/airflow/example_dags/example_xcom.py took 0.102 seconds
[2024-11-11T00:49:14.667+0100] {processor.py:186} INFO - Started process (PID=9167) to work on /home/sakana/anaconda3/envs/airflow_env/lib/python3.8/site-packages/airflow/example_dags/example_xcom.py
[2024-11-11T00:49:14.674+0100] {processor.py:914} INFO - Processing file /home/sakana/anaconda3/envs/airflow_env/lib/python3.8/site-packages/airflow/example_dags/example_xcom.py for tasks to queue
[2024-11-11T00:49:14.681+0100] {logging_mixin.py:190} INFO - [2024-11-11T00:49:14.680+0100] {dagbag.py:588} INFO - Filling up the DagBag from /home/sakana/anaconda3/envs/airflow_env/lib/python3.8/site-packages/airflow/example_dags/example_xcom.py
[2024-11-11T00:49:14.723+0100] {processor.py:925} INFO - DAG(s) 'example_xcom' retrieved from /home/sakana/anaconda3/envs/airflow_env/lib/python3.8/site-packages/airflow/example_dags/example_xcom.py
[2024-11-11T00:49:14.751+0100] {logging_mixin.py:190} INFO - [2024-11-11T00:49:14.751+0100] {dag.py:3239} INFO - Sync 1 DAGs
[2024-11-11T00:49:14.777+0100] {logging_mixin.py:190} INFO - [2024-11-11T00:49:14.777+0100] {dag.py:4180} INFO - Setting next_dagrun for example_xcom to 2021-01-01 00:00:00+00:00, run_after=2021-01-01 00:00:00+00:00
[2024-11-11T00:49:14.805+0100] {processor.py:208} INFO - Processing /home/sakana/anaconda3/envs/airflow_env/lib/python3.8/site-packages/airflow/example_dags/example_xcom.py took 0.162 seconds
[2024-11-11T00:50:14.036+0100] {processor.py:186} INFO - Started process (PID=9474) to work on /home/sakana/anaconda3/envs/airflow_env/lib/python3.8/site-packages/airflow/example_dags/example_xcom.py
[2024-11-11T00:50:14.041+0100] {processor.py:914} INFO - Processing file /home/sakana/anaconda3/envs/airflow_env/lib/python3.8/site-packages/airflow/example_dags/example_xcom.py for tasks to queue
[2024-11-11T00:50:14.043+0100] {logging_mixin.py:190} INFO - [2024-11-11T00:50:14.042+0100] {dagbag.py:588} INFO - Filling up the DagBag from /home/sakana/anaconda3/envs/airflow_env/lib/python3.8/site-packages/airflow/example_dags/example_xcom.py
[2024-11-11T00:50:14.054+0100] {processor.py:925} INFO - DAG(s) 'example_xcom' retrieved from /home/sakana/anaconda3/envs/airflow_env/lib/python3.8/site-packages/airflow/example_dags/example_xcom.py
[2024-11-11T00:50:14.072+0100] {logging_mixin.py:190} INFO - [2024-11-11T00:50:14.072+0100] {dag.py:3239} INFO - Sync 1 DAGs
[2024-11-11T00:50:14.093+0100] {logging_mixin.py:190} INFO - [2024-11-11T00:50:14.093+0100] {dag.py:4180} INFO - Setting next_dagrun for example_xcom to 2021-01-01 00:00:00+00:00, run_after=2021-01-01 00:00:00+00:00
[2024-11-11T00:50:14.115+0100] {processor.py:208} INFO - Processing /home/sakana/anaconda3/envs/airflow_env/lib/python3.8/site-packages/airflow/example_dags/example_xcom.py took 0.088 seconds
[2024-11-11T00:51:14.193+0100] {processor.py:186} INFO - Started process (PID=9549) to work on /home/sakana/anaconda3/envs/airflow_env/lib/python3.8/site-packages/airflow/example_dags/example_xcom.py
[2024-11-11T00:51:14.198+0100] {processor.py:914} INFO - Processing file /home/sakana/anaconda3/envs/airflow_env/lib/python3.8/site-packages/airflow/example_dags/example_xcom.py for tasks to queue
[2024-11-11T00:51:14.201+0100] {logging_mixin.py:190} INFO - [2024-11-11T00:51:14.201+0100] {dagbag.py:588} INFO - Filling up the DagBag from /home/sakana/anaconda3/envs/airflow_env/lib/python3.8/site-packages/airflow/example_dags/example_xcom.py
[2024-11-11T00:51:14.215+0100] {processor.py:925} INFO - DAG(s) 'example_xcom' retrieved from /home/sakana/anaconda3/envs/airflow_env/lib/python3.8/site-packages/airflow/example_dags/example_xcom.py
[2024-11-11T00:51:14.234+0100] {logging_mixin.py:190} INFO - [2024-11-11T00:51:14.234+0100] {dag.py:3239} INFO - Sync 1 DAGs
[2024-11-11T00:51:14.255+0100] {logging_mixin.py:190} INFO - [2024-11-11T00:51:14.255+0100] {dag.py:4180} INFO - Setting next_dagrun for example_xcom to 2021-01-01 00:00:00+00:00, run_after=2021-01-01 00:00:00+00:00
[2024-11-11T00:51:14.276+0100] {processor.py:208} INFO - Processing /home/sakana/anaconda3/envs/airflow_env/lib/python3.8/site-packages/airflow/example_dags/example_xcom.py took 0.090 seconds
[2024-11-11T00:52:11.121+0100] {processor.py:186} INFO - Started process (PID=9649) to work on /home/sakana/anaconda3/envs/airflow_env/lib/python3.8/site-packages/airflow/example_dags/example_xcom.py
[2024-11-11T00:52:11.122+0100] {processor.py:914} INFO - Processing file /home/sakana/anaconda3/envs/airflow_env/lib/python3.8/site-packages/airflow/example_dags/example_xcom.py for tasks to queue
[2024-11-11T00:52:11.125+0100] {logging_mixin.py:190} INFO - [2024-11-11T00:52:11.124+0100] {dagbag.py:588} INFO - Filling up the DagBag from /home/sakana/anaconda3/envs/airflow_env/lib/python3.8/site-packages/airflow/example_dags/example_xcom.py
[2024-11-11T00:52:11.136+0100] {processor.py:925} INFO - DAG(s) 'example_xcom' retrieved from /home/sakana/anaconda3/envs/airflow_env/lib/python3.8/site-packages/airflow/example_dags/example_xcom.py
[2024-11-11T00:52:11.156+0100] {logging_mixin.py:190} INFO - [2024-11-11T00:52:11.155+0100] {dag.py:3239} INFO - Sync 1 DAGs
[2024-11-11T00:52:11.180+0100] {logging_mixin.py:190} INFO - [2024-11-11T00:52:11.179+0100] {dag.py:4180} INFO - Setting next_dagrun for example_xcom to 2021-01-01 00:00:00+00:00, run_after=2021-01-01 00:00:00+00:00
[2024-11-11T00:52:11.208+0100] {processor.py:208} INFO - Processing /home/sakana/anaconda3/envs/airflow_env/lib/python3.8/site-packages/airflow/example_dags/example_xcom.py took 0.095 seconds
[2024-11-11T00:53:09.365+0100] {processor.py:186} INFO - Started process (PID=9850) to work on /home/sakana/anaconda3/envs/airflow_env/lib/python3.8/site-packages/airflow/example_dags/example_xcom.py
[2024-11-11T00:53:09.366+0100] {processor.py:914} INFO - Processing file /home/sakana/anaconda3/envs/airflow_env/lib/python3.8/site-packages/airflow/example_dags/example_xcom.py for tasks to queue
[2024-11-11T00:53:09.369+0100] {logging_mixin.py:190} INFO - [2024-11-11T00:53:09.368+0100] {dagbag.py:588} INFO - Filling up the DagBag from /home/sakana/anaconda3/envs/airflow_env/lib/python3.8/site-packages/airflow/example_dags/example_xcom.py
[2024-11-11T00:53:09.383+0100] {processor.py:925} INFO - DAG(s) 'example_xcom' retrieved from /home/sakana/anaconda3/envs/airflow_env/lib/python3.8/site-packages/airflow/example_dags/example_xcom.py
[2024-11-11T00:53:09.411+0100] {logging_mixin.py:190} INFO - [2024-11-11T00:53:09.410+0100] {dag.py:3239} INFO - Sync 1 DAGs
[2024-11-11T00:53:09.443+0100] {logging_mixin.py:190} INFO - [2024-11-11T00:53:09.442+0100] {dag.py:4180} INFO - Setting next_dagrun for example_xcom to 2021-01-01 00:00:00+00:00, run_after=2021-01-01 00:00:00+00:00
[2024-11-11T00:53:09.486+0100] {processor.py:208} INFO - Processing /home/sakana/anaconda3/envs/airflow_env/lib/python3.8/site-packages/airflow/example_dags/example_xcom.py took 0.130 seconds
[2024-11-11T00:54:07.720+0100] {processor.py:186} INFO - Started process (PID=9925) to work on /home/sakana/anaconda3/envs/airflow_env/lib/python3.8/site-packages/airflow/example_dags/example_xcom.py
[2024-11-11T00:54:07.725+0100] {processor.py:914} INFO - Processing file /home/sakana/anaconda3/envs/airflow_env/lib/python3.8/site-packages/airflow/example_dags/example_xcom.py for tasks to queue
[2024-11-11T00:54:07.727+0100] {logging_mixin.py:190} INFO - [2024-11-11T00:54:07.726+0100] {dagbag.py:588} INFO - Filling up the DagBag from /home/sakana/anaconda3/envs/airflow_env/lib/python3.8/site-packages/airflow/example_dags/example_xcom.py
[2024-11-11T00:54:07.736+0100] {processor.py:925} INFO - DAG(s) 'example_xcom' retrieved from /home/sakana/anaconda3/envs/airflow_env/lib/python3.8/site-packages/airflow/example_dags/example_xcom.py
[2024-11-11T00:54:07.752+0100] {logging_mixin.py:190} INFO - [2024-11-11T00:54:07.751+0100] {dag.py:3239} INFO - Sync 1 DAGs
[2024-11-11T00:54:07.771+0100] {logging_mixin.py:190} INFO - [2024-11-11T00:54:07.770+0100] {dag.py:4180} INFO - Setting next_dagrun for example_xcom to 2021-01-01 00:00:00+00:00, run_after=2021-01-01 00:00:00+00:00
[2024-11-11T00:54:07.797+0100] {processor.py:208} INFO - Processing /home/sakana/anaconda3/envs/airflow_env/lib/python3.8/site-packages/airflow/example_dags/example_xcom.py took 0.083 seconds
