[2024-11-11T00:26:27.753+0100] {processor.py:186} INFO - Started process (PID=6842) to work on /home/sakana/anaconda3/envs/airflow_env/lib/python3.8/site-packages/airflow/example_dags/example_branch_python_dop_operator_3.py
[2024-11-11T00:26:27.754+0100] {processor.py:914} INFO - Processing file /home/sakana/anaconda3/envs/airflow_env/lib/python3.8/site-packages/airflow/example_dags/example_branch_python_dop_operator_3.py for tasks to queue
[2024-11-11T00:26:27.755+0100] {logging_mixin.py:190} INFO - [2024-11-11T00:26:27.755+0100] {dagbag.py:588} INFO - Filling up the DagBag from /home/sakana/anaconda3/envs/airflow_env/lib/python3.8/site-packages/airflow/example_dags/example_branch_python_dop_operator_3.py
[2024-11-11T00:26:27.766+0100] {processor.py:925} INFO - DAG(s) 'example_branch_dop_operator_v3' retrieved from /home/sakana/anaconda3/envs/airflow_env/lib/python3.8/site-packages/airflow/example_dags/example_branch_python_dop_operator_3.py
[2024-11-11T00:26:27.869+0100] {logging_mixin.py:190} INFO - [2024-11-11T00:26:27.868+0100] {override.py:1901} INFO - Created Permission View: can edit on DAG:example_branch_dop_operator_v3
[2024-11-11T00:26:27.885+0100] {logging_mixin.py:190} INFO - [2024-11-11T00:26:27.885+0100] {override.py:1901} INFO - Created Permission View: can read on DAG:example_branch_dop_operator_v3
[2024-11-11T00:26:27.899+0100] {logging_mixin.py:190} INFO - [2024-11-11T00:26:27.899+0100] {override.py:1901} INFO - Created Permission View: can delete on DAG:example_branch_dop_operator_v3
[2024-11-11T00:26:27.932+0100] {logging_mixin.py:190} INFO - [2024-11-11T00:26:27.931+0100] {override.py:1901} INFO - Created Permission View: can create on DAG Run:example_branch_dop_operator_v3
[2024-11-11T00:26:27.960+0100] {logging_mixin.py:190} INFO - [2024-11-11T00:26:27.958+0100] {override.py:1901} INFO - Created Permission View: can read on DAG Run:example_branch_dop_operator_v3
[2024-11-11T00:26:27.984+0100] {logging_mixin.py:190} INFO - [2024-11-11T00:26:27.984+0100] {override.py:1901} INFO - Created Permission View: can delete on DAG Run:example_branch_dop_operator_v3
[2024-11-11T00:26:28.000+0100] {logging_mixin.py:190} INFO - [2024-11-11T00:26:27.999+0100] {override.py:1901} INFO - Created Permission View: menu access on DAG Run:example_branch_dop_operator_v3
[2024-11-11T00:26:28.000+0100] {logging_mixin.py:190} INFO - [2024-11-11T00:26:28.000+0100] {dag.py:3239} INFO - Sync 1 DAGs
[2024-11-11T00:26:28.014+0100] {logging_mixin.py:190} INFO - [2024-11-11T00:26:28.014+0100] {dag.py:3262} INFO - Creating ORM DAG for example_branch_dop_operator_v3
[2024-11-11T00:26:28.027+0100] {logging_mixin.py:190} INFO - [2024-11-11T00:26:28.027+0100] {dag.py:4180} INFO - Setting next_dagrun for example_branch_dop_operator_v3 to 2024-11-10 23:25:00+00:00, run_after=2024-11-10 23:26:00+00:00
[2024-11-11T00:26:28.057+0100] {processor.py:208} INFO - Processing /home/sakana/anaconda3/envs/airflow_env/lib/python3.8/site-packages/airflow/example_dags/example_branch_python_dop_operator_3.py took 0.311 seconds
[2024-11-11T00:27:31.576+0100] {processor.py:186} INFO - Started process (PID=6946) to work on /home/sakana/anaconda3/envs/airflow_env/lib/python3.8/site-packages/airflow/example_dags/example_branch_python_dop_operator_3.py
[2024-11-11T00:27:31.581+0100] {processor.py:914} INFO - Processing file /home/sakana/anaconda3/envs/airflow_env/lib/python3.8/site-packages/airflow/example_dags/example_branch_python_dop_operator_3.py for tasks to queue
[2024-11-11T00:27:31.584+0100] {logging_mixin.py:190} INFO - [2024-11-11T00:27:31.584+0100] {dagbag.py:588} INFO - Filling up the DagBag from /home/sakana/anaconda3/envs/airflow_env/lib/python3.8/site-packages/airflow/example_dags/example_branch_python_dop_operator_3.py
[2024-11-11T00:27:31.602+0100] {processor.py:925} INFO - DAG(s) 'example_branch_dop_operator_v3' retrieved from /home/sakana/anaconda3/envs/airflow_env/lib/python3.8/site-packages/airflow/example_dags/example_branch_python_dop_operator_3.py
[2024-11-11T00:27:31.618+0100] {logging_mixin.py:190} INFO - [2024-11-11T00:27:31.617+0100] {dag.py:3239} INFO - Sync 1 DAGs
[2024-11-11T00:27:31.639+0100] {logging_mixin.py:190} INFO - [2024-11-11T00:27:31.639+0100] {dag.py:4180} INFO - Setting next_dagrun for example_branch_dop_operator_v3 to 2024-11-10 23:26:00+00:00, run_after=2024-11-10 23:27:00+00:00
[2024-11-11T00:27:31.661+0100] {processor.py:208} INFO - Processing /home/sakana/anaconda3/envs/airflow_env/lib/python3.8/site-packages/airflow/example_dags/example_branch_python_dop_operator_3.py took 0.094 seconds
[2024-11-11T00:28:28.444+0100] {processor.py:186} INFO - Started process (PID=7047) to work on /home/sakana/anaconda3/envs/airflow_env/lib/python3.8/site-packages/airflow/example_dags/example_branch_python_dop_operator_3.py
[2024-11-11T00:28:28.449+0100] {processor.py:914} INFO - Processing file /home/sakana/anaconda3/envs/airflow_env/lib/python3.8/site-packages/airflow/example_dags/example_branch_python_dop_operator_3.py for tasks to queue
[2024-11-11T00:28:28.451+0100] {logging_mixin.py:190} INFO - [2024-11-11T00:28:28.451+0100] {dagbag.py:588} INFO - Filling up the DagBag from /home/sakana/anaconda3/envs/airflow_env/lib/python3.8/site-packages/airflow/example_dags/example_branch_python_dop_operator_3.py
[2024-11-11T00:28:28.465+0100] {processor.py:925} INFO - DAG(s) 'example_branch_dop_operator_v3' retrieved from /home/sakana/anaconda3/envs/airflow_env/lib/python3.8/site-packages/airflow/example_dags/example_branch_python_dop_operator_3.py
[2024-11-11T00:28:28.481+0100] {logging_mixin.py:190} INFO - [2024-11-11T00:28:28.481+0100] {dag.py:3239} INFO - Sync 1 DAGs
[2024-11-11T00:28:28.508+0100] {logging_mixin.py:190} INFO - [2024-11-11T00:28:28.508+0100] {dag.py:4180} INFO - Setting next_dagrun for example_branch_dop_operator_v3 to 2024-11-10 23:27:00+00:00, run_after=2024-11-10 23:28:00+00:00
[2024-11-11T00:28:28.527+0100] {processor.py:208} INFO - Processing /home/sakana/anaconda3/envs/airflow_env/lib/python3.8/site-packages/airflow/example_dags/example_branch_python_dop_operator_3.py took 0.091 seconds
[2024-11-11T00:29:24.398+0100] {processor.py:186} INFO - Started process (PID=7129) to work on /home/sakana/anaconda3/envs/airflow_env/lib/python3.8/site-packages/airflow/example_dags/example_branch_python_dop_operator_3.py
[2024-11-11T00:29:24.403+0100] {processor.py:914} INFO - Processing file /home/sakana/anaconda3/envs/airflow_env/lib/python3.8/site-packages/airflow/example_dags/example_branch_python_dop_operator_3.py for tasks to queue
[2024-11-11T00:29:24.405+0100] {logging_mixin.py:190} INFO - [2024-11-11T00:29:24.404+0100] {dagbag.py:588} INFO - Filling up the DagBag from /home/sakana/anaconda3/envs/airflow_env/lib/python3.8/site-packages/airflow/example_dags/example_branch_python_dop_operator_3.py
[2024-11-11T00:29:24.416+0100] {processor.py:925} INFO - DAG(s) 'example_branch_dop_operator_v3' retrieved from /home/sakana/anaconda3/envs/airflow_env/lib/python3.8/site-packages/airflow/example_dags/example_branch_python_dop_operator_3.py
[2024-11-11T00:29:24.431+0100] {logging_mixin.py:190} INFO - [2024-11-11T00:29:24.431+0100] {dag.py:3239} INFO - Sync 1 DAGs
[2024-11-11T00:29:24.452+0100] {logging_mixin.py:190} INFO - [2024-11-11T00:29:24.452+0100] {dag.py:4180} INFO - Setting next_dagrun for example_branch_dop_operator_v3 to 2024-11-10 23:28:00+00:00, run_after=2024-11-10 23:29:00+00:00
[2024-11-11T00:29:24.470+0100] {processor.py:208} INFO - Processing /home/sakana/anaconda3/envs/airflow_env/lib/python3.8/site-packages/airflow/example_dags/example_branch_python_dop_operator_3.py took 0.081 seconds
[2024-11-11T00:30:46.889+0100] {processor.py:186} INFO - Started process (PID=7247) to work on /home/sakana/anaconda3/envs/airflow_env/lib/python3.8/site-packages/airflow/example_dags/example_branch_python_dop_operator_3.py
[2024-11-11T00:30:46.894+0100] {processor.py:914} INFO - Processing file /home/sakana/anaconda3/envs/airflow_env/lib/python3.8/site-packages/airflow/example_dags/example_branch_python_dop_operator_3.py for tasks to queue
[2024-11-11T00:30:46.900+0100] {logging_mixin.py:190} INFO - [2024-11-11T00:30:46.899+0100] {dagbag.py:588} INFO - Filling up the DagBag from /home/sakana/anaconda3/envs/airflow_env/lib/python3.8/site-packages/airflow/example_dags/example_branch_python_dop_operator_3.py
[2024-11-11T00:30:46.927+0100] {processor.py:925} INFO - DAG(s) 'example_branch_dop_operator_v3' retrieved from /home/sakana/anaconda3/envs/airflow_env/lib/python3.8/site-packages/airflow/example_dags/example_branch_python_dop_operator_3.py
[2024-11-11T00:30:46.947+0100] {logging_mixin.py:190} INFO - [2024-11-11T00:30:46.947+0100] {dag.py:3239} INFO - Sync 1 DAGs
[2024-11-11T00:30:46.972+0100] {logging_mixin.py:190} INFO - [2024-11-11T00:30:46.972+0100] {dag.py:4180} INFO - Setting next_dagrun for example_branch_dop_operator_v3 to 2024-11-10 23:29:00+00:00, run_after=2024-11-10 23:30:00+00:00
[2024-11-11T00:30:46.992+0100] {processor.py:208} INFO - Processing /home/sakana/anaconda3/envs/airflow_env/lib/python3.8/site-packages/airflow/example_dags/example_branch_python_dop_operator_3.py took 0.110 seconds
[2024-11-11T00:31:42.249+0100] {processor.py:186} INFO - Started process (PID=7326) to work on /home/sakana/anaconda3/envs/airflow_env/lib/python3.8/site-packages/airflow/example_dags/example_branch_python_dop_operator_3.py
[2024-11-11T00:31:42.254+0100] {processor.py:914} INFO - Processing file /home/sakana/anaconda3/envs/airflow_env/lib/python3.8/site-packages/airflow/example_dags/example_branch_python_dop_operator_3.py for tasks to queue
[2024-11-11T00:31:42.255+0100] {logging_mixin.py:190} INFO - [2024-11-11T00:31:42.255+0100] {dagbag.py:588} INFO - Filling up the DagBag from /home/sakana/anaconda3/envs/airflow_env/lib/python3.8/site-packages/airflow/example_dags/example_branch_python_dop_operator_3.py
[2024-11-11T00:31:42.266+0100] {processor.py:925} INFO - DAG(s) 'example_branch_dop_operator_v3' retrieved from /home/sakana/anaconda3/envs/airflow_env/lib/python3.8/site-packages/airflow/example_dags/example_branch_python_dop_operator_3.py
[2024-11-11T00:31:42.285+0100] {logging_mixin.py:190} INFO - [2024-11-11T00:31:42.284+0100] {dag.py:3239} INFO - Sync 1 DAGs
[2024-11-11T00:31:42.311+0100] {logging_mixin.py:190} INFO - [2024-11-11T00:31:42.310+0100] {dag.py:4180} INFO - Setting next_dagrun for example_branch_dop_operator_v3 to 2024-11-10 23:30:00+00:00, run_after=2024-11-10 23:31:00+00:00
[2024-11-11T00:31:42.327+0100] {processor.py:208} INFO - Processing /home/sakana/anaconda3/envs/airflow_env/lib/python3.8/site-packages/airflow/example_dags/example_branch_python_dop_operator_3.py took 0.084 seconds
[2024-11-11T00:33:05.378+0100] {processor.py:186} INFO - Started process (PID=7428) to work on /home/sakana/anaconda3/envs/airflow_env/lib/python3.8/site-packages/airflow/example_dags/example_branch_python_dop_operator_3.py
[2024-11-11T00:33:05.383+0100] {processor.py:914} INFO - Processing file /home/sakana/anaconda3/envs/airflow_env/lib/python3.8/site-packages/airflow/example_dags/example_branch_python_dop_operator_3.py for tasks to queue
[2024-11-11T00:33:05.389+0100] {logging_mixin.py:190} INFO - [2024-11-11T00:33:05.388+0100] {dagbag.py:588} INFO - Filling up the DagBag from /home/sakana/anaconda3/envs/airflow_env/lib/python3.8/site-packages/airflow/example_dags/example_branch_python_dop_operator_3.py
[2024-11-11T00:33:05.416+0100] {processor.py:925} INFO - DAG(s) 'example_branch_dop_operator_v3' retrieved from /home/sakana/anaconda3/envs/airflow_env/lib/python3.8/site-packages/airflow/example_dags/example_branch_python_dop_operator_3.py
[2024-11-11T00:33:05.432+0100] {logging_mixin.py:190} INFO - [2024-11-11T00:33:05.432+0100] {dag.py:3239} INFO - Sync 1 DAGs
[2024-11-11T00:33:05.453+0100] {logging_mixin.py:190} INFO - [2024-11-11T00:33:05.453+0100] {dag.py:4180} INFO - Setting next_dagrun for example_branch_dop_operator_v3 to 2024-11-10 23:32:00+00:00, run_after=2024-11-10 23:33:00+00:00
[2024-11-11T00:33:05.478+0100] {processor.py:208} INFO - Processing /home/sakana/anaconda3/envs/airflow_env/lib/python3.8/site-packages/airflow/example_dags/example_branch_python_dop_operator_3.py took 0.107 seconds
[2024-11-11T00:34:03.374+0100] {processor.py:186} INFO - Started process (PID=7535) to work on /home/sakana/anaconda3/envs/airflow_env/lib/python3.8/site-packages/airflow/example_dags/example_branch_python_dop_operator_3.py
[2024-11-11T00:34:03.380+0100] {processor.py:914} INFO - Processing file /home/sakana/anaconda3/envs/airflow_env/lib/python3.8/site-packages/airflow/example_dags/example_branch_python_dop_operator_3.py for tasks to queue
[2024-11-11T00:34:03.385+0100] {logging_mixin.py:190} INFO - [2024-11-11T00:34:03.384+0100] {dagbag.py:588} INFO - Filling up the DagBag from /home/sakana/anaconda3/envs/airflow_env/lib/python3.8/site-packages/airflow/example_dags/example_branch_python_dop_operator_3.py
[2024-11-11T00:34:03.404+0100] {processor.py:925} INFO - DAG(s) 'example_branch_dop_operator_v3' retrieved from /home/sakana/anaconda3/envs/airflow_env/lib/python3.8/site-packages/airflow/example_dags/example_branch_python_dop_operator_3.py
[2024-11-11T00:34:03.419+0100] {logging_mixin.py:190} INFO - [2024-11-11T00:34:03.419+0100] {dag.py:3239} INFO - Sync 1 DAGs
[2024-11-11T00:34:03.440+0100] {logging_mixin.py:190} INFO - [2024-11-11T00:34:03.439+0100] {dag.py:4180} INFO - Setting next_dagrun for example_branch_dop_operator_v3 to 2024-11-10 23:33:00+00:00, run_after=2024-11-10 23:34:00+00:00
[2024-11-11T00:34:03.457+0100] {processor.py:208} INFO - Processing /home/sakana/anaconda3/envs/airflow_env/lib/python3.8/site-packages/airflow/example_dags/example_branch_python_dop_operator_3.py took 0.097 seconds
[2024-11-11T00:35:25.638+0100] {processor.py:186} INFO - Started process (PID=7652) to work on /home/sakana/anaconda3/envs/airflow_env/lib/python3.8/site-packages/airflow/example_dags/example_branch_python_dop_operator_3.py
[2024-11-11T00:35:25.643+0100] {processor.py:914} INFO - Processing file /home/sakana/anaconda3/envs/airflow_env/lib/python3.8/site-packages/airflow/example_dags/example_branch_python_dop_operator_3.py for tasks to queue
[2024-11-11T00:35:25.646+0100] {logging_mixin.py:190} INFO - [2024-11-11T00:35:25.645+0100] {dagbag.py:588} INFO - Filling up the DagBag from /home/sakana/anaconda3/envs/airflow_env/lib/python3.8/site-packages/airflow/example_dags/example_branch_python_dop_operator_3.py
[2024-11-11T00:35:25.660+0100] {processor.py:925} INFO - DAG(s) 'example_branch_dop_operator_v3' retrieved from /home/sakana/anaconda3/envs/airflow_env/lib/python3.8/site-packages/airflow/example_dags/example_branch_python_dop_operator_3.py
[2024-11-11T00:35:25.674+0100] {logging_mixin.py:190} INFO - [2024-11-11T00:35:25.674+0100] {dag.py:3239} INFO - Sync 1 DAGs
[2024-11-11T00:35:25.695+0100] {logging_mixin.py:190} INFO - [2024-11-11T00:35:25.695+0100] {dag.py:4180} INFO - Setting next_dagrun for example_branch_dop_operator_v3 to 2024-11-10 23:34:00+00:00, run_after=2024-11-10 23:35:00+00:00
[2024-11-11T00:35:25.711+0100] {processor.py:208} INFO - Processing /home/sakana/anaconda3/envs/airflow_env/lib/python3.8/site-packages/airflow/example_dags/example_branch_python_dop_operator_3.py took 0.082 seconds
[2024-11-11T00:36:48.547+0100] {processor.py:186} INFO - Started process (PID=7755) to work on /home/sakana/anaconda3/envs/airflow_env/lib/python3.8/site-packages/airflow/example_dags/example_branch_python_dop_operator_3.py
[2024-11-11T00:36:48.552+0100] {processor.py:914} INFO - Processing file /home/sakana/anaconda3/envs/airflow_env/lib/python3.8/site-packages/airflow/example_dags/example_branch_python_dop_operator_3.py for tasks to queue
[2024-11-11T00:36:48.554+0100] {logging_mixin.py:190} INFO - [2024-11-11T00:36:48.553+0100] {dagbag.py:588} INFO - Filling up the DagBag from /home/sakana/anaconda3/envs/airflow_env/lib/python3.8/site-packages/airflow/example_dags/example_branch_python_dop_operator_3.py
[2024-11-11T00:36:48.564+0100] {processor.py:925} INFO - DAG(s) 'example_branch_dop_operator_v3' retrieved from /home/sakana/anaconda3/envs/airflow_env/lib/python3.8/site-packages/airflow/example_dags/example_branch_python_dop_operator_3.py
[2024-11-11T00:36:48.580+0100] {logging_mixin.py:190} INFO - [2024-11-11T00:36:48.579+0100] {dag.py:3239} INFO - Sync 1 DAGs
[2024-11-11T00:36:48.602+0100] {logging_mixin.py:190} INFO - [2024-11-11T00:36:48.602+0100] {dag.py:4180} INFO - Setting next_dagrun for example_branch_dop_operator_v3 to 2024-11-10 23:35:00+00:00, run_after=2024-11-10 23:36:00+00:00
[2024-11-11T00:36:48.634+0100] {processor.py:208} INFO - Processing /home/sakana/anaconda3/envs/airflow_env/lib/python3.8/site-packages/airflow/example_dags/example_branch_python_dop_operator_3.py took 0.094 seconds
[2024-11-11T00:37:46.295+0100] {processor.py:186} INFO - Started process (PID=7830) to work on /home/sakana/anaconda3/envs/airflow_env/lib/python3.8/site-packages/airflow/example_dags/example_branch_python_dop_operator_3.py
[2024-11-11T00:37:46.299+0100] {processor.py:914} INFO - Processing file /home/sakana/anaconda3/envs/airflow_env/lib/python3.8/site-packages/airflow/example_dags/example_branch_python_dop_operator_3.py for tasks to queue
[2024-11-11T00:37:46.301+0100] {logging_mixin.py:190} INFO - [2024-11-11T00:37:46.301+0100] {dagbag.py:588} INFO - Filling up the DagBag from /home/sakana/anaconda3/envs/airflow_env/lib/python3.8/site-packages/airflow/example_dags/example_branch_python_dop_operator_3.py
[2024-11-11T00:37:46.312+0100] {processor.py:925} INFO - DAG(s) 'example_branch_dop_operator_v3' retrieved from /home/sakana/anaconda3/envs/airflow_env/lib/python3.8/site-packages/airflow/example_dags/example_branch_python_dop_operator_3.py
[2024-11-11T00:37:46.327+0100] {logging_mixin.py:190} INFO - [2024-11-11T00:37:46.326+0100] {dag.py:3239} INFO - Sync 1 DAGs
[2024-11-11T00:37:46.352+0100] {logging_mixin.py:190} INFO - [2024-11-11T00:37:46.351+0100] {dag.py:4180} INFO - Setting next_dagrun for example_branch_dop_operator_v3 to 2024-11-10 23:36:00+00:00, run_after=2024-11-10 23:37:00+00:00
[2024-11-11T00:37:46.377+0100] {processor.py:208} INFO - Processing /home/sakana/anaconda3/envs/airflow_env/lib/python3.8/site-packages/airflow/example_dags/example_branch_python_dop_operator_3.py took 0.088 seconds
[2024-11-11T00:39:07.055+0100] {processor.py:186} INFO - Started process (PID=7971) to work on /home/sakana/anaconda3/envs/airflow_env/lib/python3.8/site-packages/airflow/example_dags/example_branch_python_dop_operator_3.py
[2024-11-11T00:39:07.056+0100] {processor.py:914} INFO - Processing file /home/sakana/anaconda3/envs/airflow_env/lib/python3.8/site-packages/airflow/example_dags/example_branch_python_dop_operator_3.py for tasks to queue
[2024-11-11T00:39:07.058+0100] {logging_mixin.py:190} INFO - [2024-11-11T00:39:07.057+0100] {dagbag.py:588} INFO - Filling up the DagBag from /home/sakana/anaconda3/envs/airflow_env/lib/python3.8/site-packages/airflow/example_dags/example_branch_python_dop_operator_3.py
[2024-11-11T00:39:07.068+0100] {processor.py:925} INFO - DAG(s) 'example_branch_dop_operator_v3' retrieved from /home/sakana/anaconda3/envs/airflow_env/lib/python3.8/site-packages/airflow/example_dags/example_branch_python_dop_operator_3.py
[2024-11-11T00:39:07.082+0100] {logging_mixin.py:190} INFO - [2024-11-11T00:39:07.082+0100] {dag.py:3239} INFO - Sync 1 DAGs
[2024-11-11T00:39:07.103+0100] {logging_mixin.py:190} INFO - [2024-11-11T00:39:07.103+0100] {dag.py:4180} INFO - Setting next_dagrun for example_branch_dop_operator_v3 to 2024-11-10 23:38:00+00:00, run_after=2024-11-10 23:39:00+00:00
[2024-11-11T00:39:07.129+0100] {processor.py:208} INFO - Processing /home/sakana/anaconda3/envs/airflow_env/lib/python3.8/site-packages/airflow/example_dags/example_branch_python_dop_operator_3.py took 0.080 seconds
[2024-11-11T00:40:03.070+0100] {processor.py:186} INFO - Started process (PID=8125) to work on /home/sakana/anaconda3/envs/airflow_env/lib/python3.8/site-packages/airflow/example_dags/example_branch_python_dop_operator_3.py
[2024-11-11T00:40:03.075+0100] {processor.py:914} INFO - Processing file /home/sakana/anaconda3/envs/airflow_env/lib/python3.8/site-packages/airflow/example_dags/example_branch_python_dop_operator_3.py for tasks to queue
[2024-11-11T00:40:03.077+0100] {logging_mixin.py:190} INFO - [2024-11-11T00:40:03.076+0100] {dagbag.py:588} INFO - Filling up the DagBag from /home/sakana/anaconda3/envs/airflow_env/lib/python3.8/site-packages/airflow/example_dags/example_branch_python_dop_operator_3.py
[2024-11-11T00:40:03.089+0100] {processor.py:925} INFO - DAG(s) 'example_branch_dop_operator_v3' retrieved from /home/sakana/anaconda3/envs/airflow_env/lib/python3.8/site-packages/airflow/example_dags/example_branch_python_dop_operator_3.py
[2024-11-11T00:40:03.106+0100] {logging_mixin.py:190} INFO - [2024-11-11T00:40:03.106+0100] {dag.py:3239} INFO - Sync 1 DAGs
[2024-11-11T00:40:03.135+0100] {logging_mixin.py:190} INFO - [2024-11-11T00:40:03.135+0100] {dag.py:4180} INFO - Setting next_dagrun for example_branch_dop_operator_v3 to 2024-11-10 23:39:00+00:00, run_after=2024-11-10 23:40:00+00:00
[2024-11-11T00:40:03.164+0100] {processor.py:208} INFO - Processing /home/sakana/anaconda3/envs/airflow_env/lib/python3.8/site-packages/airflow/example_dags/example_branch_python_dop_operator_3.py took 0.101 seconds
[2024-11-11T00:46:07.500+0100] {processor.py:186} INFO - Started process (PID=8818) to work on /home/sakana/anaconda3/envs/airflow_env/lib/python3.8/site-packages/airflow/example_dags/example_branch_python_dop_operator_3.py
[2024-11-11T00:46:07.504+0100] {processor.py:914} INFO - Processing file /home/sakana/anaconda3/envs/airflow_env/lib/python3.8/site-packages/airflow/example_dags/example_branch_python_dop_operator_3.py for tasks to queue
[2024-11-11T00:46:07.507+0100] {logging_mixin.py:190} INFO - [2024-11-11T00:46:07.507+0100] {dagbag.py:588} INFO - Filling up the DagBag from /home/sakana/anaconda3/envs/airflow_env/lib/python3.8/site-packages/airflow/example_dags/example_branch_python_dop_operator_3.py
[2024-11-11T00:46:07.522+0100] {processor.py:925} INFO - DAG(s) 'example_branch_dop_operator_v3' retrieved from /home/sakana/anaconda3/envs/airflow_env/lib/python3.8/site-packages/airflow/example_dags/example_branch_python_dop_operator_3.py
[2024-11-11T00:46:07.542+0100] {logging_mixin.py:190} INFO - [2024-11-11T00:46:07.542+0100] {dag.py:3239} INFO - Sync 1 DAGs
[2024-11-11T00:46:07.573+0100] {logging_mixin.py:190} INFO - [2024-11-11T00:46:07.573+0100] {dag.py:4180} INFO - Setting next_dagrun for example_branch_dop_operator_v3 to 2024-11-10 23:45:00+00:00, run_after=2024-11-10 23:46:00+00:00
[2024-11-11T00:46:07.595+0100] {processor.py:208} INFO - Processing /home/sakana/anaconda3/envs/airflow_env/lib/python3.8/site-packages/airflow/example_dags/example_branch_python_dop_operator_3.py took 0.102 seconds
[2024-11-11T00:47:03.928+0100] {processor.py:186} INFO - Started process (PID=8903) to work on /home/sakana/anaconda3/envs/airflow_env/lib/python3.8/site-packages/airflow/example_dags/example_branch_python_dop_operator_3.py
[2024-11-11T00:47:03.933+0100] {processor.py:914} INFO - Processing file /home/sakana/anaconda3/envs/airflow_env/lib/python3.8/site-packages/airflow/example_dags/example_branch_python_dop_operator_3.py for tasks to queue
[2024-11-11T00:47:03.935+0100] {logging_mixin.py:190} INFO - [2024-11-11T00:47:03.935+0100] {dagbag.py:588} INFO - Filling up the DagBag from /home/sakana/anaconda3/envs/airflow_env/lib/python3.8/site-packages/airflow/example_dags/example_branch_python_dop_operator_3.py
[2024-11-11T00:47:03.947+0100] {processor.py:925} INFO - DAG(s) 'example_branch_dop_operator_v3' retrieved from /home/sakana/anaconda3/envs/airflow_env/lib/python3.8/site-packages/airflow/example_dags/example_branch_python_dop_operator_3.py
[2024-11-11T00:47:03.962+0100] {logging_mixin.py:190} INFO - [2024-11-11T00:47:03.962+0100] {dag.py:3239} INFO - Sync 1 DAGs
[2024-11-11T00:47:03.984+0100] {logging_mixin.py:190} INFO - [2024-11-11T00:47:03.984+0100] {dag.py:4180} INFO - Setting next_dagrun for example_branch_dop_operator_v3 to 2024-11-10 23:46:00+00:00, run_after=2024-11-10 23:47:00+00:00
[2024-11-11T00:47:04.011+0100] {processor.py:208} INFO - Processing /home/sakana/anaconda3/envs/airflow_env/lib/python3.8/site-packages/airflow/example_dags/example_branch_python_dop_operator_3.py took 0.091 seconds
[2024-11-11T00:48:02.496+0100] {processor.py:186} INFO - Started process (PID=8973) to work on /home/sakana/anaconda3/envs/airflow_env/lib/python3.8/site-packages/airflow/example_dags/example_branch_python_dop_operator_3.py
[2024-11-11T00:48:02.502+0100] {processor.py:914} INFO - Processing file /home/sakana/anaconda3/envs/airflow_env/lib/python3.8/site-packages/airflow/example_dags/example_branch_python_dop_operator_3.py for tasks to queue
[2024-11-11T00:48:02.504+0100] {logging_mixin.py:190} INFO - [2024-11-11T00:48:02.504+0100] {dagbag.py:588} INFO - Filling up the DagBag from /home/sakana/anaconda3/envs/airflow_env/lib/python3.8/site-packages/airflow/example_dags/example_branch_python_dop_operator_3.py
[2024-11-11T00:48:02.520+0100] {processor.py:925} INFO - DAG(s) 'example_branch_dop_operator_v3' retrieved from /home/sakana/anaconda3/envs/airflow_env/lib/python3.8/site-packages/airflow/example_dags/example_branch_python_dop_operator_3.py
[2024-11-11T00:48:02.536+0100] {logging_mixin.py:190} INFO - [2024-11-11T00:48:02.535+0100] {dag.py:3239} INFO - Sync 1 DAGs
[2024-11-11T00:48:02.557+0100] {logging_mixin.py:190} INFO - [2024-11-11T00:48:02.557+0100] {dag.py:4180} INFO - Setting next_dagrun for example_branch_dop_operator_v3 to 2024-11-10 23:47:00+00:00, run_after=2024-11-10 23:48:00+00:00
[2024-11-11T00:48:02.583+0100] {processor.py:208} INFO - Processing /home/sakana/anaconda3/envs/airflow_env/lib/python3.8/site-packages/airflow/example_dags/example_branch_python_dop_operator_3.py took 0.094 seconds
[2024-11-11T00:49:26.116+0100] {processor.py:186} INFO - Started process (PID=9193) to work on /home/sakana/anaconda3/envs/airflow_env/lib/python3.8/site-packages/airflow/example_dags/example_branch_python_dop_operator_3.py
[2024-11-11T00:49:26.121+0100] {processor.py:914} INFO - Processing file /home/sakana/anaconda3/envs/airflow_env/lib/python3.8/site-packages/airflow/example_dags/example_branch_python_dop_operator_3.py for tasks to queue
[2024-11-11T00:49:26.124+0100] {logging_mixin.py:190} INFO - [2024-11-11T00:49:26.124+0100] {dagbag.py:588} INFO - Filling up the DagBag from /home/sakana/anaconda3/envs/airflow_env/lib/python3.8/site-packages/airflow/example_dags/example_branch_python_dop_operator_3.py
[2024-11-11T00:49:26.136+0100] {processor.py:925} INFO - DAG(s) 'example_branch_dop_operator_v3' retrieved from /home/sakana/anaconda3/envs/airflow_env/lib/python3.8/site-packages/airflow/example_dags/example_branch_python_dop_operator_3.py
[2024-11-11T00:49:26.154+0100] {logging_mixin.py:190} INFO - [2024-11-11T00:49:26.154+0100] {dag.py:3239} INFO - Sync 1 DAGs
[2024-11-11T00:49:26.189+0100] {logging_mixin.py:190} INFO - [2024-11-11T00:49:26.189+0100] {dag.py:4180} INFO - Setting next_dagrun for example_branch_dop_operator_v3 to 2024-11-10 23:48:00+00:00, run_after=2024-11-10 23:49:00+00:00
[2024-11-11T00:49:26.213+0100] {processor.py:208} INFO - Processing /home/sakana/anaconda3/envs/airflow_env/lib/python3.8/site-packages/airflow/example_dags/example_branch_python_dop_operator_3.py took 0.105 seconds
[2024-11-11T00:50:25.645+0100] {processor.py:186} INFO - Started process (PID=9491) to work on /home/sakana/anaconda3/envs/airflow_env/lib/python3.8/site-packages/airflow/example_dags/example_branch_python_dop_operator_3.py
[2024-11-11T00:50:25.650+0100] {processor.py:914} INFO - Processing file /home/sakana/anaconda3/envs/airflow_env/lib/python3.8/site-packages/airflow/example_dags/example_branch_python_dop_operator_3.py for tasks to queue
[2024-11-11T00:50:25.654+0100] {logging_mixin.py:190} INFO - [2024-11-11T00:50:25.653+0100] {dagbag.py:588} INFO - Filling up the DagBag from /home/sakana/anaconda3/envs/airflow_env/lib/python3.8/site-packages/airflow/example_dags/example_branch_python_dop_operator_3.py
[2024-11-11T00:50:25.665+0100] {processor.py:925} INFO - DAG(s) 'example_branch_dop_operator_v3' retrieved from /home/sakana/anaconda3/envs/airflow_env/lib/python3.8/site-packages/airflow/example_dags/example_branch_python_dop_operator_3.py
[2024-11-11T00:50:25.681+0100] {logging_mixin.py:190} INFO - [2024-11-11T00:50:25.680+0100] {dag.py:3239} INFO - Sync 1 DAGs
[2024-11-11T00:50:25.710+0100] {logging_mixin.py:190} INFO - [2024-11-11T00:50:25.710+0100] {dag.py:4180} INFO - Setting next_dagrun for example_branch_dop_operator_v3 to 2024-11-10 23:49:00+00:00, run_after=2024-11-10 23:50:00+00:00
[2024-11-11T00:50:25.736+0100] {processor.py:208} INFO - Processing /home/sakana/anaconda3/envs/airflow_env/lib/python3.8/site-packages/airflow/example_dags/example_branch_python_dop_operator_3.py took 0.097 seconds
[2024-11-11T00:51:25.530+0100] {processor.py:186} INFO - Started process (PID=9563) to work on /home/sakana/anaconda3/envs/airflow_env/lib/python3.8/site-packages/airflow/example_dags/example_branch_python_dop_operator_3.py
[2024-11-11T00:51:25.535+0100] {processor.py:914} INFO - Processing file /home/sakana/anaconda3/envs/airflow_env/lib/python3.8/site-packages/airflow/example_dags/example_branch_python_dop_operator_3.py for tasks to queue
[2024-11-11T00:51:25.538+0100] {logging_mixin.py:190} INFO - [2024-11-11T00:51:25.537+0100] {dagbag.py:588} INFO - Filling up the DagBag from /home/sakana/anaconda3/envs/airflow_env/lib/python3.8/site-packages/airflow/example_dags/example_branch_python_dop_operator_3.py
[2024-11-11T00:51:25.550+0100] {processor.py:925} INFO - DAG(s) 'example_branch_dop_operator_v3' retrieved from /home/sakana/anaconda3/envs/airflow_env/lib/python3.8/site-packages/airflow/example_dags/example_branch_python_dop_operator_3.py
[2024-11-11T00:51:25.567+0100] {logging_mixin.py:190} INFO - [2024-11-11T00:51:25.567+0100] {dag.py:3239} INFO - Sync 1 DAGs
[2024-11-11T00:51:25.597+0100] {logging_mixin.py:190} INFO - [2024-11-11T00:51:25.597+0100] {dag.py:4180} INFO - Setting next_dagrun for example_branch_dop_operator_v3 to 2024-11-10 23:50:00+00:00, run_after=2024-11-10 23:51:00+00:00
[2024-11-11T00:51:25.619+0100] {processor.py:208} INFO - Processing /home/sakana/anaconda3/envs/airflow_env/lib/python3.8/site-packages/airflow/example_dags/example_branch_python_dop_operator_3.py took 0.097 seconds
[2024-11-11T00:52:21.797+0100] {processor.py:186} INFO - Started process (PID=9670) to work on /home/sakana/anaconda3/envs/airflow_env/lib/python3.8/site-packages/airflow/example_dags/example_branch_python_dop_operator_3.py
[2024-11-11T00:52:21.802+0100] {processor.py:914} INFO - Processing file /home/sakana/anaconda3/envs/airflow_env/lib/python3.8/site-packages/airflow/example_dags/example_branch_python_dop_operator_3.py for tasks to queue
[2024-11-11T00:52:21.806+0100] {logging_mixin.py:190} INFO - [2024-11-11T00:52:21.805+0100] {dagbag.py:588} INFO - Filling up the DagBag from /home/sakana/anaconda3/envs/airflow_env/lib/python3.8/site-packages/airflow/example_dags/example_branch_python_dop_operator_3.py
[2024-11-11T00:52:21.820+0100] {processor.py:925} INFO - DAG(s) 'example_branch_dop_operator_v3' retrieved from /home/sakana/anaconda3/envs/airflow_env/lib/python3.8/site-packages/airflow/example_dags/example_branch_python_dop_operator_3.py
[2024-11-11T00:52:21.838+0100] {logging_mixin.py:190} INFO - [2024-11-11T00:52:21.838+0100] {dag.py:3239} INFO - Sync 1 DAGs
[2024-11-11T00:52:21.867+0100] {logging_mixin.py:190} INFO - [2024-11-11T00:52:21.867+0100] {dag.py:4180} INFO - Setting next_dagrun for example_branch_dop_operator_v3 to 2024-11-10 23:51:00+00:00, run_after=2024-11-10 23:52:00+00:00
[2024-11-11T00:52:21.894+0100] {processor.py:208} INFO - Processing /home/sakana/anaconda3/envs/airflow_env/lib/python3.8/site-packages/airflow/example_dags/example_branch_python_dop_operator_3.py took 0.106 seconds
[2024-11-11T00:53:21.760+0100] {processor.py:186} INFO - Started process (PID=9865) to work on /home/sakana/anaconda3/envs/airflow_env/lib/python3.8/site-packages/airflow/example_dags/example_branch_python_dop_operator_3.py
[2024-11-11T00:53:21.762+0100] {processor.py:914} INFO - Processing file /home/sakana/anaconda3/envs/airflow_env/lib/python3.8/site-packages/airflow/example_dags/example_branch_python_dop_operator_3.py for tasks to queue
[2024-11-11T00:53:21.765+0100] {logging_mixin.py:190} INFO - [2024-11-11T00:53:21.765+0100] {dagbag.py:588} INFO - Filling up the DagBag from /home/sakana/anaconda3/envs/airflow_env/lib/python3.8/site-packages/airflow/example_dags/example_branch_python_dop_operator_3.py
[2024-11-11T00:53:21.784+0100] {processor.py:925} INFO - DAG(s) 'example_branch_dop_operator_v3' retrieved from /home/sakana/anaconda3/envs/airflow_env/lib/python3.8/site-packages/airflow/example_dags/example_branch_python_dop_operator_3.py
[2024-11-11T00:53:21.825+0100] {logging_mixin.py:190} INFO - [2024-11-11T00:53:21.825+0100] {dag.py:3239} INFO - Sync 1 DAGs
[2024-11-11T00:53:21.869+0100] {logging_mixin.py:190} INFO - [2024-11-11T00:53:21.869+0100] {dag.py:4180} INFO - Setting next_dagrun for example_branch_dop_operator_v3 to 2024-11-10 23:52:00+00:00, run_after=2024-11-10 23:53:00+00:00
[2024-11-11T00:53:21.916+0100] {processor.py:208} INFO - Processing /home/sakana/anaconda3/envs/airflow_env/lib/python3.8/site-packages/airflow/example_dags/example_branch_python_dop_operator_3.py took 0.169 seconds
[2024-11-11T00:54:19.757+0100] {processor.py:186} INFO - Started process (PID=9943) to work on /home/sakana/anaconda3/envs/airflow_env/lib/python3.8/site-packages/airflow/example_dags/example_branch_python_dop_operator_3.py
[2024-11-11T00:54:19.762+0100] {processor.py:914} INFO - Processing file /home/sakana/anaconda3/envs/airflow_env/lib/python3.8/site-packages/airflow/example_dags/example_branch_python_dop_operator_3.py for tasks to queue
[2024-11-11T00:54:19.765+0100] {logging_mixin.py:190} INFO - [2024-11-11T00:54:19.764+0100] {dagbag.py:588} INFO - Filling up the DagBag from /home/sakana/anaconda3/envs/airflow_env/lib/python3.8/site-packages/airflow/example_dags/example_branch_python_dop_operator_3.py
[2024-11-11T00:54:19.778+0100] {processor.py:925} INFO - DAG(s) 'example_branch_dop_operator_v3' retrieved from /home/sakana/anaconda3/envs/airflow_env/lib/python3.8/site-packages/airflow/example_dags/example_branch_python_dop_operator_3.py
[2024-11-11T00:54:19.793+0100] {logging_mixin.py:190} INFO - [2024-11-11T00:54:19.793+0100] {dag.py:3239} INFO - Sync 1 DAGs
[2024-11-11T00:54:19.814+0100] {logging_mixin.py:190} INFO - [2024-11-11T00:54:19.813+0100] {dag.py:4180} INFO - Setting next_dagrun for example_branch_dop_operator_v3 to 2024-11-10 23:53:00+00:00, run_after=2024-11-10 23:54:00+00:00
[2024-11-11T00:54:19.840+0100] {processor.py:208} INFO - Processing /home/sakana/anaconda3/envs/airflow_env/lib/python3.8/site-packages/airflow/example_dags/example_branch_python_dop_operator_3.py took 0.090 seconds
