[2024-11-11T00:26:32.070+0100] {processor.py:186} INFO - Started process (PID=6862) to work on /home/sakana/anaconda3/envs/airflow_env/lib/python3.8/site-packages/airflow/example_dags/example_branch_labels.py
[2024-11-11T00:26:32.071+0100] {processor.py:914} INFO - Processing file /home/sakana/anaconda3/envs/airflow_env/lib/python3.8/site-packages/airflow/example_dags/example_branch_labels.py for tasks to queue
[2024-11-11T00:26:32.074+0100] {logging_mixin.py:190} INFO - [2024-11-11T00:26:32.073+0100] {dagbag.py:588} INFO - Filling up the DagBag from /home/sakana/anaconda3/envs/airflow_env/lib/python3.8/site-packages/airflow/example_dags/example_branch_labels.py
[2024-11-11T00:26:32.085+0100] {processor.py:925} INFO - DAG(s) 'example_branch_labels' retrieved from /home/sakana/anaconda3/envs/airflow_env/lib/python3.8/site-packages/airflow/example_dags/example_branch_labels.py
[2024-11-11T00:26:32.202+0100] {logging_mixin.py:190} INFO - [2024-11-11T00:26:32.201+0100] {override.py:1901} INFO - Created Permission View: can edit on DAG:example_branch_labels
[2024-11-11T00:26:32.238+0100] {logging_mixin.py:190} INFO - [2024-11-11T00:26:32.237+0100] {override.py:1901} INFO - Created Permission View: can read on DAG:example_branch_labels
[2024-11-11T00:26:32.264+0100] {logging_mixin.py:190} INFO - [2024-11-11T00:26:32.263+0100] {override.py:1901} INFO - Created Permission View: can delete on DAG:example_branch_labels
[2024-11-11T00:26:32.299+0100] {logging_mixin.py:190} INFO - [2024-11-11T00:26:32.298+0100] {override.py:1901} INFO - Created Permission View: can create on DAG Run:example_branch_labels
[2024-11-11T00:26:32.320+0100] {logging_mixin.py:190} INFO - [2024-11-11T00:26:32.320+0100] {override.py:1901} INFO - Created Permission View: can read on DAG Run:example_branch_labels
[2024-11-11T00:26:32.338+0100] {logging_mixin.py:190} INFO - [2024-11-11T00:26:32.337+0100] {override.py:1901} INFO - Created Permission View: can delete on DAG Run:example_branch_labels
[2024-11-11T00:26:32.361+0100] {logging_mixin.py:190} INFO - [2024-11-11T00:26:32.360+0100] {override.py:1901} INFO - Created Permission View: menu access on DAG Run:example_branch_labels
[2024-11-11T00:26:32.362+0100] {logging_mixin.py:190} INFO - [2024-11-11T00:26:32.361+0100] {dag.py:3239} INFO - Sync 1 DAGs
[2024-11-11T00:26:32.381+0100] {logging_mixin.py:190} INFO - [2024-11-11T00:26:32.381+0100] {dag.py:3262} INFO - Creating ORM DAG for example_branch_labels
[2024-11-11T00:26:32.391+0100] {logging_mixin.py:190} INFO - [2024-11-11T00:26:32.391+0100] {dag.py:4180} INFO - Setting next_dagrun for example_branch_labels to 2024-11-09 00:00:00+00:00, run_after=2024-11-10 00:00:00+00:00
[2024-11-11T00:26:32.417+0100] {processor.py:208} INFO - Processing /home/sakana/anaconda3/envs/airflow_env/lib/python3.8/site-packages/airflow/example_dags/example_branch_labels.py took 0.352 seconds
[2024-11-11T00:27:34.426+0100] {processor.py:186} INFO - Started process (PID=6951) to work on /home/sakana/anaconda3/envs/airflow_env/lib/python3.8/site-packages/airflow/example_dags/example_branch_labels.py
[2024-11-11T00:27:34.431+0100] {processor.py:914} INFO - Processing file /home/sakana/anaconda3/envs/airflow_env/lib/python3.8/site-packages/airflow/example_dags/example_branch_labels.py for tasks to queue
[2024-11-11T00:27:34.433+0100] {logging_mixin.py:190} INFO - [2024-11-11T00:27:34.432+0100] {dagbag.py:588} INFO - Filling up the DagBag from /home/sakana/anaconda3/envs/airflow_env/lib/python3.8/site-packages/airflow/example_dags/example_branch_labels.py
[2024-11-11T00:27:34.443+0100] {processor.py:925} INFO - DAG(s) 'example_branch_labels' retrieved from /home/sakana/anaconda3/envs/airflow_env/lib/python3.8/site-packages/airflow/example_dags/example_branch_labels.py
[2024-11-11T00:27:34.459+0100] {logging_mixin.py:190} INFO - [2024-11-11T00:27:34.459+0100] {dag.py:3239} INFO - Sync 1 DAGs
[2024-11-11T00:27:34.479+0100] {logging_mixin.py:190} INFO - [2024-11-11T00:27:34.479+0100] {dag.py:4180} INFO - Setting next_dagrun for example_branch_labels to 2024-11-09 00:00:00+00:00, run_after=2024-11-10 00:00:00+00:00
[2024-11-11T00:27:34.504+0100] {processor.py:208} INFO - Processing /home/sakana/anaconda3/envs/airflow_env/lib/python3.8/site-packages/airflow/example_dags/example_branch_labels.py took 0.084 seconds
[2024-11-11T00:28:57.689+0100] {processor.py:186} INFO - Started process (PID=7091) to work on /home/sakana/anaconda3/envs/airflow_env/lib/python3.8/site-packages/airflow/example_dags/example_branch_labels.py
[2024-11-11T00:28:57.694+0100] {processor.py:914} INFO - Processing file /home/sakana/anaconda3/envs/airflow_env/lib/python3.8/site-packages/airflow/example_dags/example_branch_labels.py for tasks to queue
[2024-11-11T00:28:57.697+0100] {logging_mixin.py:190} INFO - [2024-11-11T00:28:57.696+0100] {dagbag.py:588} INFO - Filling up the DagBag from /home/sakana/anaconda3/envs/airflow_env/lib/python3.8/site-packages/airflow/example_dags/example_branch_labels.py
[2024-11-11T00:28:57.708+0100] {processor.py:925} INFO - DAG(s) 'example_branch_labels' retrieved from /home/sakana/anaconda3/envs/airflow_env/lib/python3.8/site-packages/airflow/example_dags/example_branch_labels.py
[2024-11-11T00:28:57.724+0100] {logging_mixin.py:190} INFO - [2024-11-11T00:28:57.724+0100] {dag.py:3239} INFO - Sync 1 DAGs
[2024-11-11T00:28:57.742+0100] {logging_mixin.py:190} INFO - [2024-11-11T00:28:57.742+0100] {dag.py:4180} INFO - Setting next_dagrun for example_branch_labels to 2024-11-09 00:00:00+00:00, run_after=2024-11-10 00:00:00+00:00
[2024-11-11T00:28:57.759+0100] {processor.py:208} INFO - Processing /home/sakana/anaconda3/envs/airflow_env/lib/python3.8/site-packages/airflow/example_dags/example_branch_labels.py took 0.076 seconds
[2024-11-11T00:30:17.827+0100] {processor.py:186} INFO - Started process (PID=7209) to work on /home/sakana/anaconda3/envs/airflow_env/lib/python3.8/site-packages/airflow/example_dags/example_branch_labels.py
[2024-11-11T00:30:17.832+0100] {processor.py:914} INFO - Processing file /home/sakana/anaconda3/envs/airflow_env/lib/python3.8/site-packages/airflow/example_dags/example_branch_labels.py for tasks to queue
[2024-11-11T00:30:17.838+0100] {logging_mixin.py:190} INFO - [2024-11-11T00:30:17.837+0100] {dagbag.py:588} INFO - Filling up the DagBag from /home/sakana/anaconda3/envs/airflow_env/lib/python3.8/site-packages/airflow/example_dags/example_branch_labels.py
[2024-11-11T00:30:17.864+0100] {processor.py:925} INFO - DAG(s) 'example_branch_labels' retrieved from /home/sakana/anaconda3/envs/airflow_env/lib/python3.8/site-packages/airflow/example_dags/example_branch_labels.py
[2024-11-11T00:30:17.883+0100] {logging_mixin.py:190} INFO - [2024-11-11T00:30:17.882+0100] {dag.py:3239} INFO - Sync 1 DAGs
[2024-11-11T00:30:17.901+0100] {logging_mixin.py:190} INFO - [2024-11-11T00:30:17.901+0100] {dag.py:4180} INFO - Setting next_dagrun for example_branch_labels to 2024-11-09 00:00:00+00:00, run_after=2024-11-10 00:00:00+00:00
[2024-11-11T00:30:17.918+0100] {processor.py:208} INFO - Processing /home/sakana/anaconda3/envs/airflow_env/lib/python3.8/site-packages/airflow/example_dags/example_branch_labels.py took 0.097 seconds
[2024-11-11T00:31:16.435+0100] {processor.py:186} INFO - Started process (PID=7288) to work on /home/sakana/anaconda3/envs/airflow_env/lib/python3.8/site-packages/airflow/example_dags/example_branch_labels.py
[2024-11-11T00:31:16.441+0100] {processor.py:914} INFO - Processing file /home/sakana/anaconda3/envs/airflow_env/lib/python3.8/site-packages/airflow/example_dags/example_branch_labels.py for tasks to queue
[2024-11-11T00:31:16.447+0100] {logging_mixin.py:190} INFO - [2024-11-11T00:31:16.446+0100] {dagbag.py:588} INFO - Filling up the DagBag from /home/sakana/anaconda3/envs/airflow_env/lib/python3.8/site-packages/airflow/example_dags/example_branch_labels.py
[2024-11-11T00:31:16.471+0100] {processor.py:925} INFO - DAG(s) 'example_branch_labels' retrieved from /home/sakana/anaconda3/envs/airflow_env/lib/python3.8/site-packages/airflow/example_dags/example_branch_labels.py
[2024-11-11T00:31:16.489+0100] {logging_mixin.py:190} INFO - [2024-11-11T00:31:16.489+0100] {dag.py:3239} INFO - Sync 1 DAGs
[2024-11-11T00:31:16.510+0100] {logging_mixin.py:190} INFO - [2024-11-11T00:31:16.510+0100] {dag.py:4180} INFO - Setting next_dagrun for example_branch_labels to 2024-11-09 00:00:00+00:00, run_after=2024-11-10 00:00:00+00:00
[2024-11-11T00:31:16.530+0100] {processor.py:208} INFO - Processing /home/sakana/anaconda3/envs/airflow_env/lib/python3.8/site-packages/airflow/example_dags/example_branch_labels.py took 0.102 seconds
[2024-11-11T00:32:37.676+0100] {processor.py:186} INFO - Started process (PID=7397) to work on /home/sakana/anaconda3/envs/airflow_env/lib/python3.8/site-packages/airflow/example_dags/example_branch_labels.py
[2024-11-11T00:32:37.681+0100] {processor.py:914} INFO - Processing file /home/sakana/anaconda3/envs/airflow_env/lib/python3.8/site-packages/airflow/example_dags/example_branch_labels.py for tasks to queue
[2024-11-11T00:32:37.683+0100] {logging_mixin.py:190} INFO - [2024-11-11T00:32:37.682+0100] {dagbag.py:588} INFO - Filling up the DagBag from /home/sakana/anaconda3/envs/airflow_env/lib/python3.8/site-packages/airflow/example_dags/example_branch_labels.py
[2024-11-11T00:32:37.693+0100] {processor.py:925} INFO - DAG(s) 'example_branch_labels' retrieved from /home/sakana/anaconda3/envs/airflow_env/lib/python3.8/site-packages/airflow/example_dags/example_branch_labels.py
[2024-11-11T00:32:37.709+0100] {logging_mixin.py:190} INFO - [2024-11-11T00:32:37.709+0100] {dag.py:3239} INFO - Sync 1 DAGs
[2024-11-11T00:32:37.728+0100] {logging_mixin.py:190} INFO - [2024-11-11T00:32:37.727+0100] {dag.py:4180} INFO - Setting next_dagrun for example_branch_labels to 2024-11-09 00:00:00+00:00, run_after=2024-11-10 00:00:00+00:00
[2024-11-11T00:32:37.744+0100] {processor.py:208} INFO - Processing /home/sakana/anaconda3/envs/airflow_env/lib/python3.8/site-packages/airflow/example_dags/example_branch_labels.py took 0.075 seconds
[2024-11-11T00:33:35.274+0100] {processor.py:186} INFO - Started process (PID=7489) to work on /home/sakana/anaconda3/envs/airflow_env/lib/python3.8/site-packages/airflow/example_dags/example_branch_labels.py
[2024-11-11T00:33:35.279+0100] {processor.py:914} INFO - Processing file /home/sakana/anaconda3/envs/airflow_env/lib/python3.8/site-packages/airflow/example_dags/example_branch_labels.py for tasks to queue
[2024-11-11T00:33:35.281+0100] {logging_mixin.py:190} INFO - [2024-11-11T00:33:35.281+0100] {dagbag.py:588} INFO - Filling up the DagBag from /home/sakana/anaconda3/envs/airflow_env/lib/python3.8/site-packages/airflow/example_dags/example_branch_labels.py
[2024-11-11T00:33:35.292+0100] {processor.py:925} INFO - DAG(s) 'example_branch_labels' retrieved from /home/sakana/anaconda3/envs/airflow_env/lib/python3.8/site-packages/airflow/example_dags/example_branch_labels.py
[2024-11-11T00:33:35.309+0100] {logging_mixin.py:190} INFO - [2024-11-11T00:33:35.309+0100] {dag.py:3239} INFO - Sync 1 DAGs
[2024-11-11T00:33:35.327+0100] {logging_mixin.py:190} INFO - [2024-11-11T00:33:35.327+0100] {dag.py:4180} INFO - Setting next_dagrun for example_branch_labels to 2024-11-09 00:00:00+00:00, run_after=2024-11-10 00:00:00+00:00
[2024-11-11T00:33:35.342+0100] {processor.py:208} INFO - Processing /home/sakana/anaconda3/envs/airflow_env/lib/python3.8/site-packages/airflow/example_dags/example_branch_labels.py took 0.075 seconds
[2024-11-11T00:34:59.706+0100] {processor.py:186} INFO - Started process (PID=7612) to work on /home/sakana/anaconda3/envs/airflow_env/lib/python3.8/site-packages/airflow/example_dags/example_branch_labels.py
[2024-11-11T00:34:59.711+0100] {processor.py:914} INFO - Processing file /home/sakana/anaconda3/envs/airflow_env/lib/python3.8/site-packages/airflow/example_dags/example_branch_labels.py for tasks to queue
[2024-11-11T00:34:59.714+0100] {logging_mixin.py:190} INFO - [2024-11-11T00:34:59.713+0100] {dagbag.py:588} INFO - Filling up the DagBag from /home/sakana/anaconda3/envs/airflow_env/lib/python3.8/site-packages/airflow/example_dags/example_branch_labels.py
[2024-11-11T00:34:59.728+0100] {processor.py:925} INFO - DAG(s) 'example_branch_labels' retrieved from /home/sakana/anaconda3/envs/airflow_env/lib/python3.8/site-packages/airflow/example_dags/example_branch_labels.py
[2024-11-11T00:34:59.745+0100] {logging_mixin.py:190} INFO - [2024-11-11T00:34:59.745+0100] {dag.py:3239} INFO - Sync 1 DAGs
[2024-11-11T00:34:59.768+0100] {logging_mixin.py:190} INFO - [2024-11-11T00:34:59.768+0100] {dag.py:4180} INFO - Setting next_dagrun for example_branch_labels to 2024-11-09 00:00:00+00:00, run_after=2024-11-10 00:00:00+00:00
[2024-11-11T00:34:59.784+0100] {processor.py:208} INFO - Processing /home/sakana/anaconda3/envs/airflow_env/lib/python3.8/site-packages/airflow/example_dags/example_branch_labels.py took 0.086 seconds
[2024-11-11T00:36:19.968+0100] {processor.py:186} INFO - Started process (PID=7722) to work on /home/sakana/anaconda3/envs/airflow_env/lib/python3.8/site-packages/airflow/example_dags/example_branch_labels.py
[2024-11-11T00:36:19.973+0100] {processor.py:914} INFO - Processing file /home/sakana/anaconda3/envs/airflow_env/lib/python3.8/site-packages/airflow/example_dags/example_branch_labels.py for tasks to queue
[2024-11-11T00:36:19.976+0100] {logging_mixin.py:190} INFO - [2024-11-11T00:36:19.976+0100] {dagbag.py:588} INFO - Filling up the DagBag from /home/sakana/anaconda3/envs/airflow_env/lib/python3.8/site-packages/airflow/example_dags/example_branch_labels.py
[2024-11-11T00:36:19.992+0100] {processor.py:925} INFO - DAG(s) 'example_branch_labels' retrieved from /home/sakana/anaconda3/envs/airflow_env/lib/python3.8/site-packages/airflow/example_dags/example_branch_labels.py
[2024-11-11T00:36:20.010+0100] {logging_mixin.py:190} INFO - [2024-11-11T00:36:20.010+0100] {dag.py:3239} INFO - Sync 1 DAGs
[2024-11-11T00:36:20.032+0100] {logging_mixin.py:190} INFO - [2024-11-11T00:36:20.031+0100] {dag.py:4180} INFO - Setting next_dagrun for example_branch_labels to 2024-11-09 00:00:00+00:00, run_after=2024-11-10 00:00:00+00:00
[2024-11-11T00:36:20.056+0100] {processor.py:208} INFO - Processing /home/sakana/anaconda3/envs/airflow_env/lib/python3.8/site-packages/airflow/example_dags/example_branch_labels.py took 0.098 seconds
[2024-11-11T00:37:18.275+0100] {processor.py:186} INFO - Started process (PID=7794) to work on /home/sakana/anaconda3/envs/airflow_env/lib/python3.8/site-packages/airflow/example_dags/example_branch_labels.py
[2024-11-11T00:37:18.280+0100] {processor.py:914} INFO - Processing file /home/sakana/anaconda3/envs/airflow_env/lib/python3.8/site-packages/airflow/example_dags/example_branch_labels.py for tasks to queue
[2024-11-11T00:37:18.282+0100] {logging_mixin.py:190} INFO - [2024-11-11T00:37:18.282+0100] {dagbag.py:588} INFO - Filling up the DagBag from /home/sakana/anaconda3/envs/airflow_env/lib/python3.8/site-packages/airflow/example_dags/example_branch_labels.py
[2024-11-11T00:37:18.294+0100] {processor.py:925} INFO - DAG(s) 'example_branch_labels' retrieved from /home/sakana/anaconda3/envs/airflow_env/lib/python3.8/site-packages/airflow/example_dags/example_branch_labels.py
[2024-11-11T00:37:18.310+0100] {logging_mixin.py:190} INFO - [2024-11-11T00:37:18.309+0100] {dag.py:3239} INFO - Sync 1 DAGs
[2024-11-11T00:37:18.329+0100] {logging_mixin.py:190} INFO - [2024-11-11T00:37:18.328+0100] {dag.py:4180} INFO - Setting next_dagrun for example_branch_labels to 2024-11-09 00:00:00+00:00, run_after=2024-11-10 00:00:00+00:00
[2024-11-11T00:37:18.355+0100] {processor.py:208} INFO - Processing /home/sakana/anaconda3/envs/airflow_env/lib/python3.8/site-packages/airflow/example_dags/example_branch_labels.py took 0.089 seconds
[2024-11-11T00:38:39.502+0100] {processor.py:186} INFO - Started process (PID=7936) to work on /home/sakana/anaconda3/envs/airflow_env/lib/python3.8/site-packages/airflow/example_dags/example_branch_labels.py
[2024-11-11T00:38:39.507+0100] {processor.py:914} INFO - Processing file /home/sakana/anaconda3/envs/airflow_env/lib/python3.8/site-packages/airflow/example_dags/example_branch_labels.py for tasks to queue
[2024-11-11T00:38:39.510+0100] {logging_mixin.py:190} INFO - [2024-11-11T00:38:39.510+0100] {dagbag.py:588} INFO - Filling up the DagBag from /home/sakana/anaconda3/envs/airflow_env/lib/python3.8/site-packages/airflow/example_dags/example_branch_labels.py
[2024-11-11T00:38:39.527+0100] {processor.py:925} INFO - DAG(s) 'example_branch_labels' retrieved from /home/sakana/anaconda3/envs/airflow_env/lib/python3.8/site-packages/airflow/example_dags/example_branch_labels.py
[2024-11-11T00:38:39.543+0100] {logging_mixin.py:190} INFO - [2024-11-11T00:38:39.543+0100] {dag.py:3239} INFO - Sync 1 DAGs
[2024-11-11T00:38:39.562+0100] {logging_mixin.py:190} INFO - [2024-11-11T00:38:39.561+0100] {dag.py:4180} INFO - Setting next_dagrun for example_branch_labels to 2024-11-09 00:00:00+00:00, run_after=2024-11-10 00:00:00+00:00
[2024-11-11T00:38:39.593+0100] {processor.py:208} INFO - Processing /home/sakana/anaconda3/envs/airflow_env/lib/python3.8/site-packages/airflow/example_dags/example_branch_labels.py took 0.101 seconds
[2024-11-11T00:40:04.334+0100] {processor.py:186} INFO - Started process (PID=8126) to work on /home/sakana/anaconda3/envs/airflow_env/lib/python3.8/site-packages/airflow/example_dags/example_branch_labels.py
[2024-11-11T00:40:04.339+0100] {processor.py:914} INFO - Processing file /home/sakana/anaconda3/envs/airflow_env/lib/python3.8/site-packages/airflow/example_dags/example_branch_labels.py for tasks to queue
[2024-11-11T00:40:04.341+0100] {logging_mixin.py:190} INFO - [2024-11-11T00:40:04.341+0100] {dagbag.py:588} INFO - Filling up the DagBag from /home/sakana/anaconda3/envs/airflow_env/lib/python3.8/site-packages/airflow/example_dags/example_branch_labels.py
[2024-11-11T00:40:04.351+0100] {processor.py:925} INFO - DAG(s) 'example_branch_labels' retrieved from /home/sakana/anaconda3/envs/airflow_env/lib/python3.8/site-packages/airflow/example_dags/example_branch_labels.py
[2024-11-11T00:40:04.368+0100] {logging_mixin.py:190} INFO - [2024-11-11T00:40:04.368+0100] {dag.py:3239} INFO - Sync 1 DAGs
[2024-11-11T00:40:04.388+0100] {logging_mixin.py:190} INFO - [2024-11-11T00:40:04.388+0100] {dag.py:4180} INFO - Setting next_dagrun for example_branch_labels to 2024-11-09 00:00:00+00:00, run_after=2024-11-10 00:00:00+00:00
[2024-11-11T00:40:04.414+0100] {processor.py:208} INFO - Processing /home/sakana/anaconda3/envs/airflow_env/lib/python3.8/site-packages/airflow/example_dags/example_branch_labels.py took 0.085 seconds
[2024-11-11T00:46:10.186+0100] {processor.py:186} INFO - Started process (PID=8822) to work on /home/sakana/anaconda3/envs/airflow_env/lib/python3.8/site-packages/airflow/example_dags/example_branch_labels.py
[2024-11-11T00:46:10.192+0100] {processor.py:914} INFO - Processing file /home/sakana/anaconda3/envs/airflow_env/lib/python3.8/site-packages/airflow/example_dags/example_branch_labels.py for tasks to queue
[2024-11-11T00:46:10.199+0100] {logging_mixin.py:190} INFO - [2024-11-11T00:46:10.198+0100] {dagbag.py:588} INFO - Filling up the DagBag from /home/sakana/anaconda3/envs/airflow_env/lib/python3.8/site-packages/airflow/example_dags/example_branch_labels.py
[2024-11-11T00:46:10.225+0100] {processor.py:925} INFO - DAG(s) 'example_branch_labels' retrieved from /home/sakana/anaconda3/envs/airflow_env/lib/python3.8/site-packages/airflow/example_dags/example_branch_labels.py
[2024-11-11T00:46:10.245+0100] {logging_mixin.py:190} INFO - [2024-11-11T00:46:10.244+0100] {dag.py:3239} INFO - Sync 1 DAGs
[2024-11-11T00:46:10.266+0100] {logging_mixin.py:190} INFO - [2024-11-11T00:46:10.265+0100] {dag.py:4180} INFO - Setting next_dagrun for example_branch_labels to 2024-11-09 00:00:00+00:00, run_after=2024-11-10 00:00:00+00:00
[2024-11-11T00:46:10.282+0100] {processor.py:208} INFO - Processing /home/sakana/anaconda3/envs/airflow_env/lib/python3.8/site-packages/airflow/example_dags/example_branch_labels.py took 0.102 seconds
[2024-11-11T00:47:32.339+0100] {processor.py:186} INFO - Started process (PID=8940) to work on /home/sakana/anaconda3/envs/airflow_env/lib/python3.8/site-packages/airflow/example_dags/example_branch_labels.py
[2024-11-11T00:47:32.344+0100] {processor.py:914} INFO - Processing file /home/sakana/anaconda3/envs/airflow_env/lib/python3.8/site-packages/airflow/example_dags/example_branch_labels.py for tasks to queue
[2024-11-11T00:47:32.348+0100] {logging_mixin.py:190} INFO - [2024-11-11T00:47:32.348+0100] {dagbag.py:588} INFO - Filling up the DagBag from /home/sakana/anaconda3/envs/airflow_env/lib/python3.8/site-packages/airflow/example_dags/example_branch_labels.py
[2024-11-11T00:47:32.365+0100] {processor.py:925} INFO - DAG(s) 'example_branch_labels' retrieved from /home/sakana/anaconda3/envs/airflow_env/lib/python3.8/site-packages/airflow/example_dags/example_branch_labels.py
[2024-11-11T00:47:32.382+0100] {logging_mixin.py:190} INFO - [2024-11-11T00:47:32.381+0100] {dag.py:3239} INFO - Sync 1 DAGs
[2024-11-11T00:47:32.400+0100] {logging_mixin.py:190} INFO - [2024-11-11T00:47:32.400+0100] {dag.py:4180} INFO - Setting next_dagrun for example_branch_labels to 2024-11-09 00:00:00+00:00, run_after=2024-11-10 00:00:00+00:00
[2024-11-11T00:47:32.426+0100] {processor.py:208} INFO - Processing /home/sakana/anaconda3/envs/airflow_env/lib/python3.8/site-packages/airflow/example_dags/example_branch_labels.py took 0.098 seconds
[2024-11-11T00:48:31.253+0100] {processor.py:186} INFO - Started process (PID=9035) to work on /home/sakana/anaconda3/envs/airflow_env/lib/python3.8/site-packages/airflow/example_dags/example_branch_labels.py
[2024-11-11T00:48:31.255+0100] {processor.py:914} INFO - Processing file /home/sakana/anaconda3/envs/airflow_env/lib/python3.8/site-packages/airflow/example_dags/example_branch_labels.py for tasks to queue
[2024-11-11T00:48:31.257+0100] {logging_mixin.py:190} INFO - [2024-11-11T00:48:31.257+0100] {dagbag.py:588} INFO - Filling up the DagBag from /home/sakana/anaconda3/envs/airflow_env/lib/python3.8/site-packages/airflow/example_dags/example_branch_labels.py
[2024-11-11T00:48:31.274+0100] {processor.py:925} INFO - DAG(s) 'example_branch_labels' retrieved from /home/sakana/anaconda3/envs/airflow_env/lib/python3.8/site-packages/airflow/example_dags/example_branch_labels.py
[2024-11-11T00:48:31.301+0100] {logging_mixin.py:190} INFO - [2024-11-11T00:48:31.301+0100] {dag.py:3239} INFO - Sync 1 DAGs
[2024-11-11T00:48:31.338+0100] {logging_mixin.py:190} INFO - [2024-11-11T00:48:31.338+0100] {dag.py:4180} INFO - Setting next_dagrun for example_branch_labels to 2024-11-09 00:00:00+00:00, run_after=2024-11-10 00:00:00+00:00
[2024-11-11T00:48:31.374+0100] {processor.py:208} INFO - Processing /home/sakana/anaconda3/envs/airflow_env/lib/python3.8/site-packages/airflow/example_dags/example_branch_labels.py took 0.132 seconds
[2024-11-11T00:49:56.622+0100] {processor.py:186} INFO - Started process (PID=9446) to work on /home/sakana/anaconda3/envs/airflow_env/lib/python3.8/site-packages/airflow/example_dags/example_branch_labels.py
[2024-11-11T00:49:56.627+0100] {processor.py:914} INFO - Processing file /home/sakana/anaconda3/envs/airflow_env/lib/python3.8/site-packages/airflow/example_dags/example_branch_labels.py for tasks to queue
[2024-11-11T00:49:56.629+0100] {logging_mixin.py:190} INFO - [2024-11-11T00:49:56.629+0100] {dagbag.py:588} INFO - Filling up the DagBag from /home/sakana/anaconda3/envs/airflow_env/lib/python3.8/site-packages/airflow/example_dags/example_branch_labels.py
[2024-11-11T00:49:56.643+0100] {processor.py:925} INFO - DAG(s) 'example_branch_labels' retrieved from /home/sakana/anaconda3/envs/airflow_env/lib/python3.8/site-packages/airflow/example_dags/example_branch_labels.py
[2024-11-11T00:49:56.660+0100] {logging_mixin.py:190} INFO - [2024-11-11T00:49:56.660+0100] {dag.py:3239} INFO - Sync 1 DAGs
[2024-11-11T00:49:56.687+0100] {logging_mixin.py:190} INFO - [2024-11-11T00:49:56.687+0100] {dag.py:4180} INFO - Setting next_dagrun for example_branch_labels to 2024-11-09 00:00:00+00:00, run_after=2024-11-10 00:00:00+00:00
[2024-11-11T00:49:56.712+0100] {processor.py:208} INFO - Processing /home/sakana/anaconda3/envs/airflow_env/lib/python3.8/site-packages/airflow/example_dags/example_branch_labels.py took 0.098 seconds
[2024-11-11T00:50:57.304+0100] {processor.py:186} INFO - Started process (PID=9529) to work on /home/sakana/anaconda3/envs/airflow_env/lib/python3.8/site-packages/airflow/example_dags/example_branch_labels.py
[2024-11-11T00:50:57.309+0100] {processor.py:914} INFO - Processing file /home/sakana/anaconda3/envs/airflow_env/lib/python3.8/site-packages/airflow/example_dags/example_branch_labels.py for tasks to queue
[2024-11-11T00:50:57.312+0100] {logging_mixin.py:190} INFO - [2024-11-11T00:50:57.311+0100] {dagbag.py:588} INFO - Filling up the DagBag from /home/sakana/anaconda3/envs/airflow_env/lib/python3.8/site-packages/airflow/example_dags/example_branch_labels.py
[2024-11-11T00:50:57.325+0100] {processor.py:925} INFO - DAG(s) 'example_branch_labels' retrieved from /home/sakana/anaconda3/envs/airflow_env/lib/python3.8/site-packages/airflow/example_dags/example_branch_labels.py
[2024-11-11T00:50:57.344+0100] {logging_mixin.py:190} INFO - [2024-11-11T00:50:57.344+0100] {dag.py:3239} INFO - Sync 1 DAGs
[2024-11-11T00:50:57.369+0100] {logging_mixin.py:190} INFO - [2024-11-11T00:50:57.369+0100] {dag.py:4180} INFO - Setting next_dagrun for example_branch_labels to 2024-11-09 00:00:00+00:00, run_after=2024-11-10 00:00:00+00:00
[2024-11-11T00:50:57.391+0100] {processor.py:208} INFO - Processing /home/sakana/anaconda3/envs/airflow_env/lib/python3.8/site-packages/airflow/example_dags/example_branch_labels.py took 0.096 seconds
[2024-11-11T00:51:55.604+0100] {processor.py:186} INFO - Started process (PID=9629) to work on /home/sakana/anaconda3/envs/airflow_env/lib/python3.8/site-packages/airflow/example_dags/example_branch_labels.py
[2024-11-11T00:51:55.609+0100] {processor.py:914} INFO - Processing file /home/sakana/anaconda3/envs/airflow_env/lib/python3.8/site-packages/airflow/example_dags/example_branch_labels.py for tasks to queue
[2024-11-11T00:51:55.611+0100] {logging_mixin.py:190} INFO - [2024-11-11T00:51:55.611+0100] {dagbag.py:588} INFO - Filling up the DagBag from /home/sakana/anaconda3/envs/airflow_env/lib/python3.8/site-packages/airflow/example_dags/example_branch_labels.py
[2024-11-11T00:51:55.626+0100] {processor.py:925} INFO - DAG(s) 'example_branch_labels' retrieved from /home/sakana/anaconda3/envs/airflow_env/lib/python3.8/site-packages/airflow/example_dags/example_branch_labels.py
[2024-11-11T00:51:55.645+0100] {logging_mixin.py:190} INFO - [2024-11-11T00:51:55.645+0100] {dag.py:3239} INFO - Sync 1 DAGs
[2024-11-11T00:51:55.670+0100] {logging_mixin.py:190} INFO - [2024-11-11T00:51:55.670+0100] {dag.py:4180} INFO - Setting next_dagrun for example_branch_labels to 2024-11-09 00:00:00+00:00, run_after=2024-11-10 00:00:00+00:00
[2024-11-11T00:51:55.696+0100] {processor.py:208} INFO - Processing /home/sakana/anaconda3/envs/airflow_env/lib/python3.8/site-packages/airflow/example_dags/example_branch_labels.py took 0.100 seconds
[2024-11-11T00:53:22.454+0100] {processor.py:186} INFO - Started process (PID=9866) to work on /home/sakana/anaconda3/envs/airflow_env/lib/python3.8/site-packages/airflow/example_dags/example_branch_labels.py
[2024-11-11T00:53:22.460+0100] {processor.py:914} INFO - Processing file /home/sakana/anaconda3/envs/airflow_env/lib/python3.8/site-packages/airflow/example_dags/example_branch_labels.py for tasks to queue
[2024-11-11T00:53:22.463+0100] {logging_mixin.py:190} INFO - [2024-11-11T00:53:22.463+0100] {dagbag.py:588} INFO - Filling up the DagBag from /home/sakana/anaconda3/envs/airflow_env/lib/python3.8/site-packages/airflow/example_dags/example_branch_labels.py
[2024-11-11T00:53:22.494+0100] {processor.py:925} INFO - DAG(s) 'example_branch_labels' retrieved from /home/sakana/anaconda3/envs/airflow_env/lib/python3.8/site-packages/airflow/example_dags/example_branch_labels.py
[2024-11-11T00:53:22.523+0100] {logging_mixin.py:190} INFO - [2024-11-11T00:53:22.522+0100] {dag.py:3239} INFO - Sync 1 DAGs
[2024-11-11T00:53:22.562+0100] {logging_mixin.py:190} INFO - [2024-11-11T00:53:22.561+0100] {dag.py:4180} INFO - Setting next_dagrun for example_branch_labels to 2024-11-09 00:00:00+00:00, run_after=2024-11-10 00:00:00+00:00
[2024-11-11T00:53:22.605+0100] {processor.py:208} INFO - Processing /home/sakana/anaconda3/envs/airflow_env/lib/python3.8/site-packages/airflow/example_dags/example_branch_labels.py took 0.160 seconds
[2024-11-11T00:54:20.925+0100] {processor.py:186} INFO - Started process (PID=9945) to work on /home/sakana/anaconda3/envs/airflow_env/lib/python3.8/site-packages/airflow/example_dags/example_branch_labels.py
[2024-11-11T00:54:20.930+0100] {processor.py:914} INFO - Processing file /home/sakana/anaconda3/envs/airflow_env/lib/python3.8/site-packages/airflow/example_dags/example_branch_labels.py for tasks to queue
[2024-11-11T00:54:20.937+0100] {logging_mixin.py:190} INFO - [2024-11-11T00:54:20.936+0100] {dagbag.py:588} INFO - Filling up the DagBag from /home/sakana/anaconda3/envs/airflow_env/lib/python3.8/site-packages/airflow/example_dags/example_branch_labels.py
[2024-11-11T00:54:20.963+0100] {processor.py:925} INFO - DAG(s) 'example_branch_labels' retrieved from /home/sakana/anaconda3/envs/airflow_env/lib/python3.8/site-packages/airflow/example_dags/example_branch_labels.py
[2024-11-11T00:54:20.980+0100] {logging_mixin.py:190} INFO - [2024-11-11T00:54:20.980+0100] {dag.py:3239} INFO - Sync 1 DAGs
[2024-11-11T00:54:20.998+0100] {logging_mixin.py:190} INFO - [2024-11-11T00:54:20.998+0100] {dag.py:4180} INFO - Setting next_dagrun for example_branch_labels to 2024-11-09 00:00:00+00:00, run_after=2024-11-10 00:00:00+00:00
[2024-11-11T00:54:21.030+0100] {processor.py:208} INFO - Processing /home/sakana/anaconda3/envs/airflow_env/lib/python3.8/site-packages/airflow/example_dags/example_branch_labels.py took 0.113 seconds
