[2024-11-11T00:25:47.829+0100] {processor.py:186} INFO - Started process (PID=6695) to work on /home/sakana/anaconda3/envs/airflow_env/lib/python3.8/site-packages/airflow/example_dags/example_time_delta_sensor_async.py
[2024-11-11T00:25:47.830+0100] {processor.py:914} INFO - Processing file /home/sakana/anaconda3/envs/airflow_env/lib/python3.8/site-packages/airflow/example_dags/example_time_delta_sensor_async.py for tasks to queue
[2024-11-11T00:25:47.832+0100] {logging_mixin.py:190} INFO - [2024-11-11T00:25:47.831+0100] {dagbag.py:588} INFO - Filling up the DagBag from /home/sakana/anaconda3/envs/airflow_env/lib/python3.8/site-packages/airflow/example_dags/example_time_delta_sensor_async.py
[2024-11-11T00:25:47.838+0100] {processor.py:925} INFO - DAG(s) 'example_time_delta_sensor_async' retrieved from /home/sakana/anaconda3/envs/airflow_env/lib/python3.8/site-packages/airflow/example_dags/example_time_delta_sensor_async.py
[2024-11-11T00:25:47.955+0100] {logging_mixin.py:190} INFO - [2024-11-11T00:25:47.954+0100] {override.py:1901} INFO - Created Permission View: can edit on DAG:example_time_delta_sensor_async
[2024-11-11T00:25:47.974+0100] {logging_mixin.py:190} INFO - [2024-11-11T00:25:47.973+0100] {override.py:1901} INFO - Created Permission View: can read on DAG:example_time_delta_sensor_async
[2024-11-11T00:25:48.002+0100] {logging_mixin.py:190} INFO - [2024-11-11T00:25:48.001+0100] {override.py:1901} INFO - Created Permission View: can delete on DAG:example_time_delta_sensor_async
[2024-11-11T00:25:48.030+0100] {logging_mixin.py:190} INFO - [2024-11-11T00:25:48.030+0100] {override.py:1901} INFO - Created Permission View: can create on DAG Run:example_time_delta_sensor_async
[2024-11-11T00:25:48.047+0100] {logging_mixin.py:190} INFO - [2024-11-11T00:25:48.047+0100] {override.py:1901} INFO - Created Permission View: can read on DAG Run:example_time_delta_sensor_async
[2024-11-11T00:25:48.064+0100] {logging_mixin.py:190} INFO - [2024-11-11T00:25:48.063+0100] {override.py:1901} INFO - Created Permission View: can delete on DAG Run:example_time_delta_sensor_async
[2024-11-11T00:25:48.090+0100] {logging_mixin.py:190} INFO - [2024-11-11T00:25:48.089+0100] {override.py:1901} INFO - Created Permission View: menu access on DAG Run:example_time_delta_sensor_async
[2024-11-11T00:25:48.091+0100] {logging_mixin.py:190} INFO - [2024-11-11T00:25:48.091+0100] {dag.py:3239} INFO - Sync 1 DAGs
[2024-11-11T00:25:48.111+0100] {logging_mixin.py:190} INFO - [2024-11-11T00:25:48.111+0100] {dag.py:3262} INFO - Creating ORM DAG for example_time_delta_sensor_async
[2024-11-11T00:25:48.112+0100] {logging_mixin.py:190} INFO - [2024-11-11T00:25:48.112+0100] {dag.py:4180} INFO - Setting next_dagrun for example_time_delta_sensor_async to None, run_after=None
[2024-11-11T00:25:48.149+0100] {processor.py:208} INFO - Processing /home/sakana/anaconda3/envs/airflow_env/lib/python3.8/site-packages/airflow/example_dags/example_time_delta_sensor_async.py took 0.326 seconds
[2024-11-11T00:26:55.023+0100] {processor.py:186} INFO - Started process (PID=6897) to work on /home/sakana/anaconda3/envs/airflow_env/lib/python3.8/site-packages/airflow/example_dags/example_time_delta_sensor_async.py
[2024-11-11T00:26:55.028+0100] {processor.py:914} INFO - Processing file /home/sakana/anaconda3/envs/airflow_env/lib/python3.8/site-packages/airflow/example_dags/example_time_delta_sensor_async.py for tasks to queue
[2024-11-11T00:26:55.030+0100] {logging_mixin.py:190} INFO - [2024-11-11T00:26:55.030+0100] {dagbag.py:588} INFO - Filling up the DagBag from /home/sakana/anaconda3/envs/airflow_env/lib/python3.8/site-packages/airflow/example_dags/example_time_delta_sensor_async.py
[2024-11-11T00:26:55.037+0100] {processor.py:925} INFO - DAG(s) 'example_time_delta_sensor_async' retrieved from /home/sakana/anaconda3/envs/airflow_env/lib/python3.8/site-packages/airflow/example_dags/example_time_delta_sensor_async.py
[2024-11-11T00:26:55.053+0100] {logging_mixin.py:190} INFO - [2024-11-11T00:26:55.053+0100] {dag.py:3239} INFO - Sync 1 DAGs
[2024-11-11T00:26:55.064+0100] {logging_mixin.py:190} INFO - [2024-11-11T00:26:55.064+0100] {dag.py:4180} INFO - Setting next_dagrun for example_time_delta_sensor_async to None, run_after=None
[2024-11-11T00:26:55.089+0100] {processor.py:208} INFO - Processing /home/sakana/anaconda3/envs/airflow_env/lib/python3.8/site-packages/airflow/example_dags/example_time_delta_sensor_async.py took 0.072 seconds
[2024-11-11T00:27:51.659+0100] {processor.py:186} INFO - Started process (PID=6976) to work on /home/sakana/anaconda3/envs/airflow_env/lib/python3.8/site-packages/airflow/example_dags/example_time_delta_sensor_async.py
[2024-11-11T00:27:51.664+0100] {processor.py:914} INFO - Processing file /home/sakana/anaconda3/envs/airflow_env/lib/python3.8/site-packages/airflow/example_dags/example_time_delta_sensor_async.py for tasks to queue
[2024-11-11T00:27:51.667+0100] {logging_mixin.py:190} INFO - [2024-11-11T00:27:51.666+0100] {dagbag.py:588} INFO - Filling up the DagBag from /home/sakana/anaconda3/envs/airflow_env/lib/python3.8/site-packages/airflow/example_dags/example_time_delta_sensor_async.py
[2024-11-11T00:27:51.674+0100] {processor.py:925} INFO - DAG(s) 'example_time_delta_sensor_async' retrieved from /home/sakana/anaconda3/envs/airflow_env/lib/python3.8/site-packages/airflow/example_dags/example_time_delta_sensor_async.py
[2024-11-11T00:27:51.690+0100] {logging_mixin.py:190} INFO - [2024-11-11T00:27:51.690+0100] {dag.py:3239} INFO - Sync 1 DAGs
[2024-11-11T00:27:51.702+0100] {logging_mixin.py:190} INFO - [2024-11-11T00:27:51.702+0100] {dag.py:4180} INFO - Setting next_dagrun for example_time_delta_sensor_async to None, run_after=None
[2024-11-11T00:27:51.719+0100] {processor.py:208} INFO - Processing /home/sakana/anaconda3/envs/airflow_env/lib/python3.8/site-packages/airflow/example_dags/example_time_delta_sensor_async.py took 0.066 seconds
[2024-11-11T00:28:47.086+0100] {processor.py:186} INFO - Started process (PID=7076) to work on /home/sakana/anaconda3/envs/airflow_env/lib/python3.8/site-packages/airflow/example_dags/example_time_delta_sensor_async.py
[2024-11-11T00:28:47.091+0100] {processor.py:914} INFO - Processing file /home/sakana/anaconda3/envs/airflow_env/lib/python3.8/site-packages/airflow/example_dags/example_time_delta_sensor_async.py for tasks to queue
[2024-11-11T00:28:47.098+0100] {logging_mixin.py:190} INFO - [2024-11-11T00:28:47.096+0100] {dagbag.py:588} INFO - Filling up the DagBag from /home/sakana/anaconda3/envs/airflow_env/lib/python3.8/site-packages/airflow/example_dags/example_time_delta_sensor_async.py
[2024-11-11T00:28:47.119+0100] {processor.py:925} INFO - DAG(s) 'example_time_delta_sensor_async' retrieved from /home/sakana/anaconda3/envs/airflow_env/lib/python3.8/site-packages/airflow/example_dags/example_time_delta_sensor_async.py
[2024-11-11T00:28:47.139+0100] {logging_mixin.py:190} INFO - [2024-11-11T00:28:47.139+0100] {dag.py:3239} INFO - Sync 1 DAGs
[2024-11-11T00:28:47.151+0100] {logging_mixin.py:190} INFO - [2024-11-11T00:28:47.150+0100] {dag.py:4180} INFO - Setting next_dagrun for example_time_delta_sensor_async to None, run_after=None
[2024-11-11T00:28:47.167+0100] {processor.py:208} INFO - Processing /home/sakana/anaconda3/envs/airflow_env/lib/python3.8/site-packages/airflow/example_dags/example_time_delta_sensor_async.py took 0.087 seconds
[2024-11-11T00:29:41.919+0100] {processor.py:186} INFO - Started process (PID=7157) to work on /home/sakana/anaconda3/envs/airflow_env/lib/python3.8/site-packages/airflow/example_dags/example_time_delta_sensor_async.py
[2024-11-11T00:29:41.925+0100] {processor.py:914} INFO - Processing file /home/sakana/anaconda3/envs/airflow_env/lib/python3.8/site-packages/airflow/example_dags/example_time_delta_sensor_async.py for tasks to queue
[2024-11-11T00:29:41.931+0100] {logging_mixin.py:190} INFO - [2024-11-11T00:29:41.930+0100] {dagbag.py:588} INFO - Filling up the DagBag from /home/sakana/anaconda3/envs/airflow_env/lib/python3.8/site-packages/airflow/example_dags/example_time_delta_sensor_async.py
[2024-11-11T00:29:41.951+0100] {processor.py:925} INFO - DAG(s) 'example_time_delta_sensor_async' retrieved from /home/sakana/anaconda3/envs/airflow_env/lib/python3.8/site-packages/airflow/example_dags/example_time_delta_sensor_async.py
[2024-11-11T00:29:41.970+0100] {logging_mixin.py:190} INFO - [2024-11-11T00:29:41.969+0100] {dag.py:3239} INFO - Sync 1 DAGs
[2024-11-11T00:29:41.982+0100] {logging_mixin.py:190} INFO - [2024-11-11T00:29:41.982+0100] {dag.py:4180} INFO - Setting next_dagrun for example_time_delta_sensor_async to None, run_after=None
[2024-11-11T00:29:42.000+0100] {processor.py:208} INFO - Processing /home/sakana/anaconda3/envs/airflow_env/lib/python3.8/site-packages/airflow/example_dags/example_time_delta_sensor_async.py took 0.088 seconds
[2024-11-11T00:30:36.639+0100] {processor.py:186} INFO - Started process (PID=7236) to work on /home/sakana/anaconda3/envs/airflow_env/lib/python3.8/site-packages/airflow/example_dags/example_time_delta_sensor_async.py
[2024-11-11T00:30:36.644+0100] {processor.py:914} INFO - Processing file /home/sakana/anaconda3/envs/airflow_env/lib/python3.8/site-packages/airflow/example_dags/example_time_delta_sensor_async.py for tasks to queue
[2024-11-11T00:30:36.650+0100] {logging_mixin.py:190} INFO - [2024-11-11T00:30:36.649+0100] {dagbag.py:588} INFO - Filling up the DagBag from /home/sakana/anaconda3/envs/airflow_env/lib/python3.8/site-packages/airflow/example_dags/example_time_delta_sensor_async.py
[2024-11-11T00:30:36.667+0100] {processor.py:925} INFO - DAG(s) 'example_time_delta_sensor_async' retrieved from /home/sakana/anaconda3/envs/airflow_env/lib/python3.8/site-packages/airflow/example_dags/example_time_delta_sensor_async.py
[2024-11-11T00:30:36.684+0100] {logging_mixin.py:190} INFO - [2024-11-11T00:30:36.684+0100] {dag.py:3239} INFO - Sync 1 DAGs
[2024-11-11T00:30:36.699+0100] {logging_mixin.py:190} INFO - [2024-11-11T00:30:36.699+0100] {dag.py:4180} INFO - Setting next_dagrun for example_time_delta_sensor_async to None, run_after=None
[2024-11-11T00:30:36.720+0100] {processor.py:208} INFO - Processing /home/sakana/anaconda3/envs/airflow_env/lib/python3.8/site-packages/airflow/example_dags/example_time_delta_sensor_async.py took 0.087 seconds
[2024-11-11T00:31:32.953+0100] {processor.py:186} INFO - Started process (PID=7312) to work on /home/sakana/anaconda3/envs/airflow_env/lib/python3.8/site-packages/airflow/example_dags/example_time_delta_sensor_async.py
[2024-11-11T00:31:32.958+0100] {processor.py:914} INFO - Processing file /home/sakana/anaconda3/envs/airflow_env/lib/python3.8/site-packages/airflow/example_dags/example_time_delta_sensor_async.py for tasks to queue
[2024-11-11T00:31:32.964+0100] {logging_mixin.py:190} INFO - [2024-11-11T00:31:32.963+0100] {dagbag.py:588} INFO - Filling up the DagBag from /home/sakana/anaconda3/envs/airflow_env/lib/python3.8/site-packages/airflow/example_dags/example_time_delta_sensor_async.py
[2024-11-11T00:31:32.984+0100] {processor.py:925} INFO - DAG(s) 'example_time_delta_sensor_async' retrieved from /home/sakana/anaconda3/envs/airflow_env/lib/python3.8/site-packages/airflow/example_dags/example_time_delta_sensor_async.py
[2024-11-11T00:31:33.003+0100] {logging_mixin.py:190} INFO - [2024-11-11T00:31:33.002+0100] {dag.py:3239} INFO - Sync 1 DAGs
[2024-11-11T00:31:33.017+0100] {logging_mixin.py:190} INFO - [2024-11-11T00:31:33.017+0100] {dag.py:4180} INFO - Setting next_dagrun for example_time_delta_sensor_async to None, run_after=None
[2024-11-11T00:31:33.035+0100] {processor.py:208} INFO - Processing /home/sakana/anaconda3/envs/airflow_env/lib/python3.8/site-packages/airflow/example_dags/example_time_delta_sensor_async.py took 0.090 seconds
[2024-11-11T00:32:27.524+0100] {processor.py:186} INFO - Started process (PID=7385) to work on /home/sakana/anaconda3/envs/airflow_env/lib/python3.8/site-packages/airflow/example_dags/example_time_delta_sensor_async.py
[2024-11-11T00:32:27.526+0100] {processor.py:914} INFO - Processing file /home/sakana/anaconda3/envs/airflow_env/lib/python3.8/site-packages/airflow/example_dags/example_time_delta_sensor_async.py for tasks to queue
[2024-11-11T00:32:27.528+0100] {logging_mixin.py:190} INFO - [2024-11-11T00:32:27.528+0100] {dagbag.py:588} INFO - Filling up the DagBag from /home/sakana/anaconda3/envs/airflow_env/lib/python3.8/site-packages/airflow/example_dags/example_time_delta_sensor_async.py
[2024-11-11T00:32:27.537+0100] {processor.py:925} INFO - DAG(s) 'example_time_delta_sensor_async' retrieved from /home/sakana/anaconda3/envs/airflow_env/lib/python3.8/site-packages/airflow/example_dags/example_time_delta_sensor_async.py
[2024-11-11T00:32:27.553+0100] {logging_mixin.py:190} INFO - [2024-11-11T00:32:27.553+0100] {dag.py:3239} INFO - Sync 1 DAGs
[2024-11-11T00:32:27.565+0100] {logging_mixin.py:190} INFO - [2024-11-11T00:32:27.565+0100] {dag.py:4180} INFO - Setting next_dagrun for example_time_delta_sensor_async to None, run_after=None
[2024-11-11T00:32:27.583+0100] {processor.py:208} INFO - Processing /home/sakana/anaconda3/envs/airflow_env/lib/python3.8/site-packages/airflow/example_dags/example_time_delta_sensor_async.py took 0.068 seconds
[2024-11-11T00:33:23.665+0100] {processor.py:186} INFO - Started process (PID=7473) to work on /home/sakana/anaconda3/envs/airflow_env/lib/python3.8/site-packages/airflow/example_dags/example_time_delta_sensor_async.py
[2024-11-11T00:33:23.670+0100] {processor.py:914} INFO - Processing file /home/sakana/anaconda3/envs/airflow_env/lib/python3.8/site-packages/airflow/example_dags/example_time_delta_sensor_async.py for tasks to queue
[2024-11-11T00:33:23.673+0100] {logging_mixin.py:190} INFO - [2024-11-11T00:33:23.672+0100] {dagbag.py:588} INFO - Filling up the DagBag from /home/sakana/anaconda3/envs/airflow_env/lib/python3.8/site-packages/airflow/example_dags/example_time_delta_sensor_async.py
[2024-11-11T00:33:23.682+0100] {processor.py:925} INFO - DAG(s) 'example_time_delta_sensor_async' retrieved from /home/sakana/anaconda3/envs/airflow_env/lib/python3.8/site-packages/airflow/example_dags/example_time_delta_sensor_async.py
[2024-11-11T00:33:23.700+0100] {logging_mixin.py:190} INFO - [2024-11-11T00:33:23.700+0100] {dag.py:3239} INFO - Sync 1 DAGs
[2024-11-11T00:33:23.712+0100] {logging_mixin.py:190} INFO - [2024-11-11T00:33:23.712+0100] {dag.py:4180} INFO - Setting next_dagrun for example_time_delta_sensor_async to None, run_after=None
[2024-11-11T00:33:23.729+0100] {processor.py:208} INFO - Processing /home/sakana/anaconda3/envs/airflow_env/lib/python3.8/site-packages/airflow/example_dags/example_time_delta_sensor_async.py took 0.072 seconds
[2024-11-11T00:34:19.640+0100] {processor.py:186} INFO - Started process (PID=7559) to work on /home/sakana/anaconda3/envs/airflow_env/lib/python3.8/site-packages/airflow/example_dags/example_time_delta_sensor_async.py
[2024-11-11T00:34:19.645+0100] {processor.py:914} INFO - Processing file /home/sakana/anaconda3/envs/airflow_env/lib/python3.8/site-packages/airflow/example_dags/example_time_delta_sensor_async.py for tasks to queue
[2024-11-11T00:34:19.648+0100] {logging_mixin.py:190} INFO - [2024-11-11T00:34:19.647+0100] {dagbag.py:588} INFO - Filling up the DagBag from /home/sakana/anaconda3/envs/airflow_env/lib/python3.8/site-packages/airflow/example_dags/example_time_delta_sensor_async.py
[2024-11-11T00:34:19.657+0100] {processor.py:925} INFO - DAG(s) 'example_time_delta_sensor_async' retrieved from /home/sakana/anaconda3/envs/airflow_env/lib/python3.8/site-packages/airflow/example_dags/example_time_delta_sensor_async.py
[2024-11-11T00:34:19.673+0100] {logging_mixin.py:190} INFO - [2024-11-11T00:34:19.673+0100] {dag.py:3239} INFO - Sync 1 DAGs
[2024-11-11T00:34:19.685+0100] {logging_mixin.py:190} INFO - [2024-11-11T00:34:19.685+0100] {dag.py:4180} INFO - Setting next_dagrun for example_time_delta_sensor_async to None, run_after=None
[2024-11-11T00:34:19.705+0100] {processor.py:208} INFO - Processing /home/sakana/anaconda3/envs/airflow_env/lib/python3.8/site-packages/airflow/example_dags/example_time_delta_sensor_async.py took 0.073 seconds
[2024-11-11T00:35:17.394+0100] {processor.py:186} INFO - Started process (PID=7637) to work on /home/sakana/anaconda3/envs/airflow_env/lib/python3.8/site-packages/airflow/example_dags/example_time_delta_sensor_async.py
[2024-11-11T00:35:17.400+0100] {processor.py:914} INFO - Processing file /home/sakana/anaconda3/envs/airflow_env/lib/python3.8/site-packages/airflow/example_dags/example_time_delta_sensor_async.py for tasks to queue
[2024-11-11T00:35:17.406+0100] {logging_mixin.py:190} INFO - [2024-11-11T00:35:17.405+0100] {dagbag.py:588} INFO - Filling up the DagBag from /home/sakana/anaconda3/envs/airflow_env/lib/python3.8/site-packages/airflow/example_dags/example_time_delta_sensor_async.py
[2024-11-11T00:35:17.419+0100] {processor.py:925} INFO - DAG(s) 'example_time_delta_sensor_async' retrieved from /home/sakana/anaconda3/envs/airflow_env/lib/python3.8/site-packages/airflow/example_dags/example_time_delta_sensor_async.py
[2024-11-11T00:35:17.435+0100] {logging_mixin.py:190} INFO - [2024-11-11T00:35:17.434+0100] {dag.py:3239} INFO - Sync 1 DAGs
[2024-11-11T00:35:17.446+0100] {logging_mixin.py:190} INFO - [2024-11-11T00:35:17.446+0100] {dag.py:4180} INFO - Setting next_dagrun for example_time_delta_sensor_async to None, run_after=None
[2024-11-11T00:35:17.463+0100] {processor.py:208} INFO - Processing /home/sakana/anaconda3/envs/airflow_env/lib/python3.8/site-packages/airflow/example_dags/example_time_delta_sensor_async.py took 0.085 seconds
[2024-11-11T00:36:09.845+0100] {processor.py:186} INFO - Started process (PID=7709) to work on /home/sakana/anaconda3/envs/airflow_env/lib/python3.8/site-packages/airflow/example_dags/example_time_delta_sensor_async.py
[2024-11-11T00:36:09.850+0100] {processor.py:914} INFO - Processing file /home/sakana/anaconda3/envs/airflow_env/lib/python3.8/site-packages/airflow/example_dags/example_time_delta_sensor_async.py for tasks to queue
[2024-11-11T00:36:09.852+0100] {logging_mixin.py:190} INFO - [2024-11-11T00:36:09.852+0100] {dagbag.py:588} INFO - Filling up the DagBag from /home/sakana/anaconda3/envs/airflow_env/lib/python3.8/site-packages/airflow/example_dags/example_time_delta_sensor_async.py
[2024-11-11T00:36:09.859+0100] {processor.py:925} INFO - DAG(s) 'example_time_delta_sensor_async' retrieved from /home/sakana/anaconda3/envs/airflow_env/lib/python3.8/site-packages/airflow/example_dags/example_time_delta_sensor_async.py
[2024-11-11T00:36:09.874+0100] {logging_mixin.py:190} INFO - [2024-11-11T00:36:09.874+0100] {dag.py:3239} INFO - Sync 1 DAGs
[2024-11-11T00:36:09.885+0100] {logging_mixin.py:190} INFO - [2024-11-11T00:36:09.885+0100] {dag.py:4180} INFO - Setting next_dagrun for example_time_delta_sensor_async to None, run_after=None
[2024-11-11T00:36:09.909+0100] {processor.py:208} INFO - Processing /home/sakana/anaconda3/envs/airflow_env/lib/python3.8/site-packages/airflow/example_dags/example_time_delta_sensor_async.py took 0.070 seconds
[2024-11-11T00:37:06.637+0100] {processor.py:186} INFO - Started process (PID=7780) to work on /home/sakana/anaconda3/envs/airflow_env/lib/python3.8/site-packages/airflow/example_dags/example_time_delta_sensor_async.py
[2024-11-11T00:37:06.642+0100] {processor.py:914} INFO - Processing file /home/sakana/anaconda3/envs/airflow_env/lib/python3.8/site-packages/airflow/example_dags/example_time_delta_sensor_async.py for tasks to queue
[2024-11-11T00:37:06.644+0100] {logging_mixin.py:190} INFO - [2024-11-11T00:37:06.643+0100] {dagbag.py:588} INFO - Filling up the DagBag from /home/sakana/anaconda3/envs/airflow_env/lib/python3.8/site-packages/airflow/example_dags/example_time_delta_sensor_async.py
[2024-11-11T00:37:06.650+0100] {processor.py:925} INFO - DAG(s) 'example_time_delta_sensor_async' retrieved from /home/sakana/anaconda3/envs/airflow_env/lib/python3.8/site-packages/airflow/example_dags/example_time_delta_sensor_async.py
[2024-11-11T00:37:06.666+0100] {logging_mixin.py:190} INFO - [2024-11-11T00:37:06.666+0100] {dag.py:3239} INFO - Sync 1 DAGs
[2024-11-11T00:37:06.677+0100] {logging_mixin.py:190} INFO - [2024-11-11T00:37:06.677+0100] {dag.py:4180} INFO - Setting next_dagrun for example_time_delta_sensor_async to None, run_after=None
[2024-11-11T00:37:06.710+0100] {processor.py:208} INFO - Processing /home/sakana/anaconda3/envs/airflow_env/lib/python3.8/site-packages/airflow/example_dags/example_time_delta_sensor_async.py took 0.079 seconds
[2024-11-11T00:38:03.490+0100] {processor.py:186} INFO - Started process (PID=7858) to work on /home/sakana/anaconda3/envs/airflow_env/lib/python3.8/site-packages/airflow/example_dags/example_time_delta_sensor_async.py
[2024-11-11T00:38:03.494+0100] {processor.py:914} INFO - Processing file /home/sakana/anaconda3/envs/airflow_env/lib/python3.8/site-packages/airflow/example_dags/example_time_delta_sensor_async.py for tasks to queue
[2024-11-11T00:38:03.497+0100] {logging_mixin.py:190} INFO - [2024-11-11T00:38:03.496+0100] {dagbag.py:588} INFO - Filling up the DagBag from /home/sakana/anaconda3/envs/airflow_env/lib/python3.8/site-packages/airflow/example_dags/example_time_delta_sensor_async.py
[2024-11-11T00:38:03.504+0100] {processor.py:925} INFO - DAG(s) 'example_time_delta_sensor_async' retrieved from /home/sakana/anaconda3/envs/airflow_env/lib/python3.8/site-packages/airflow/example_dags/example_time_delta_sensor_async.py
[2024-11-11T00:38:03.519+0100] {logging_mixin.py:190} INFO - [2024-11-11T00:38:03.519+0100] {dag.py:3239} INFO - Sync 1 DAGs
[2024-11-11T00:38:03.531+0100] {logging_mixin.py:190} INFO - [2024-11-11T00:38:03.531+0100] {dag.py:4180} INFO - Setting next_dagrun for example_time_delta_sensor_async to None, run_after=None
[2024-11-11T00:38:03.556+0100] {processor.py:208} INFO - Processing /home/sakana/anaconda3/envs/airflow_env/lib/python3.8/site-packages/airflow/example_dags/example_time_delta_sensor_async.py took 0.075 seconds
[2024-11-11T00:38:57.624+0100] {processor.py:186} INFO - Started process (PID=7960) to work on /home/sakana/anaconda3/envs/airflow_env/lib/python3.8/site-packages/airflow/example_dags/example_time_delta_sensor_async.py
[2024-11-11T00:38:57.630+0100] {processor.py:914} INFO - Processing file /home/sakana/anaconda3/envs/airflow_env/lib/python3.8/site-packages/airflow/example_dags/example_time_delta_sensor_async.py for tasks to queue
[2024-11-11T00:38:57.634+0100] {logging_mixin.py:190} INFO - [2024-11-11T00:38:57.633+0100] {dagbag.py:588} INFO - Filling up the DagBag from /home/sakana/anaconda3/envs/airflow_env/lib/python3.8/site-packages/airflow/example_dags/example_time_delta_sensor_async.py
[2024-11-11T00:38:57.647+0100] {processor.py:925} INFO - DAG(s) 'example_time_delta_sensor_async' retrieved from /home/sakana/anaconda3/envs/airflow_env/lib/python3.8/site-packages/airflow/example_dags/example_time_delta_sensor_async.py
[2024-11-11T00:38:57.664+0100] {logging_mixin.py:190} INFO - [2024-11-11T00:38:57.664+0100] {dag.py:3239} INFO - Sync 1 DAGs
[2024-11-11T00:38:57.676+0100] {logging_mixin.py:190} INFO - [2024-11-11T00:38:57.676+0100] {dag.py:4180} INFO - Setting next_dagrun for example_time_delta_sensor_async to None, run_after=None
[2024-11-11T00:38:57.701+0100] {processor.py:208} INFO - Processing /home/sakana/anaconda3/envs/airflow_env/lib/python3.8/site-packages/airflow/example_dags/example_time_delta_sensor_async.py took 0.091 seconds
[2024-11-11T00:39:53.975+0100] {processor.py:186} INFO - Started process (PID=8111) to work on /home/sakana/anaconda3/envs/airflow_env/lib/python3.8/site-packages/airflow/example_dags/example_time_delta_sensor_async.py
[2024-11-11T00:39:53.980+0100] {processor.py:914} INFO - Processing file /home/sakana/anaconda3/envs/airflow_env/lib/python3.8/site-packages/airflow/example_dags/example_time_delta_sensor_async.py for tasks to queue
[2024-11-11T00:39:53.982+0100] {logging_mixin.py:190} INFO - [2024-11-11T00:39:53.982+0100] {dagbag.py:588} INFO - Filling up the DagBag from /home/sakana/anaconda3/envs/airflow_env/lib/python3.8/site-packages/airflow/example_dags/example_time_delta_sensor_async.py
[2024-11-11T00:39:53.990+0100] {processor.py:925} INFO - DAG(s) 'example_time_delta_sensor_async' retrieved from /home/sakana/anaconda3/envs/airflow_env/lib/python3.8/site-packages/airflow/example_dags/example_time_delta_sensor_async.py
[2024-11-11T00:39:54.006+0100] {logging_mixin.py:190} INFO - [2024-11-11T00:39:54.005+0100] {dag.py:3239} INFO - Sync 1 DAGs
[2024-11-11T00:39:54.018+0100] {logging_mixin.py:190} INFO - [2024-11-11T00:39:54.017+0100] {dag.py:4180} INFO - Setting next_dagrun for example_time_delta_sensor_async to None, run_after=None
[2024-11-11T00:39:54.045+0100] {processor.py:208} INFO - Processing /home/sakana/anaconda3/envs/airflow_env/lib/python3.8/site-packages/airflow/example_dags/example_time_delta_sensor_async.py took 0.076 seconds
[2024-11-11T00:43:10.267+0100] {processor.py:186} INFO - Started process (PID=8489) to work on /home/sakana/anaconda3/envs/airflow_env/lib/python3.8/site-packages/airflow/example_dags/example_time_delta_sensor_async.py
[2024-11-11T00:43:10.271+0100] {processor.py:914} INFO - Processing file /home/sakana/anaconda3/envs/airflow_env/lib/python3.8/site-packages/airflow/example_dags/example_time_delta_sensor_async.py for tasks to queue
[2024-11-11T00:43:10.275+0100] {logging_mixin.py:190} INFO - [2024-11-11T00:43:10.274+0100] {dagbag.py:588} INFO - Filling up the DagBag from /home/sakana/anaconda3/envs/airflow_env/lib/python3.8/site-packages/airflow/example_dags/example_time_delta_sensor_async.py
[2024-11-11T00:43:10.283+0100] {processor.py:925} INFO - DAG(s) 'example_time_delta_sensor_async' retrieved from /home/sakana/anaconda3/envs/airflow_env/lib/python3.8/site-packages/airflow/example_dags/example_time_delta_sensor_async.py
[2024-11-11T00:43:10.302+0100] {logging_mixin.py:190} INFO - [2024-11-11T00:43:10.302+0100] {dag.py:3239} INFO - Sync 1 DAGs
[2024-11-11T00:43:10.314+0100] {logging_mixin.py:190} INFO - [2024-11-11T00:43:10.313+0100] {dag.py:4180} INFO - Setting next_dagrun for example_time_delta_sensor_async to None, run_after=None
[2024-11-11T00:43:10.330+0100] {processor.py:208} INFO - Processing /home/sakana/anaconda3/envs/airflow_env/lib/python3.8/site-packages/airflow/example_dags/example_time_delta_sensor_async.py took 0.071 seconds
[2024-11-11T00:45:35.931+0100] {processor.py:186} INFO - Started process (PID=8761) to work on /home/sakana/anaconda3/envs/airflow_env/lib/python3.8/site-packages/airflow/example_dags/example_time_delta_sensor_async.py
[2024-11-11T00:45:35.936+0100] {processor.py:914} INFO - Processing file /home/sakana/anaconda3/envs/airflow_env/lib/python3.8/site-packages/airflow/example_dags/example_time_delta_sensor_async.py for tasks to queue
[2024-11-11T00:45:35.939+0100] {logging_mixin.py:190} INFO - [2024-11-11T00:45:35.938+0100] {dagbag.py:588} INFO - Filling up the DagBag from /home/sakana/anaconda3/envs/airflow_env/lib/python3.8/site-packages/airflow/example_dags/example_time_delta_sensor_async.py
[2024-11-11T00:45:35.946+0100] {processor.py:925} INFO - DAG(s) 'example_time_delta_sensor_async' retrieved from /home/sakana/anaconda3/envs/airflow_env/lib/python3.8/site-packages/airflow/example_dags/example_time_delta_sensor_async.py
[2024-11-11T00:45:35.964+0100] {logging_mixin.py:190} INFO - [2024-11-11T00:45:35.964+0100] {dag.py:3239} INFO - Sync 1 DAGs
[2024-11-11T00:45:35.978+0100] {logging_mixin.py:190} INFO - [2024-11-11T00:45:35.978+0100] {dag.py:4180} INFO - Setting next_dagrun for example_time_delta_sensor_async to None, run_after=None
[2024-11-11T00:45:36.003+0100] {processor.py:208} INFO - Processing /home/sakana/anaconda3/envs/airflow_env/lib/python3.8/site-packages/airflow/example_dags/example_time_delta_sensor_async.py took 0.081 seconds
[2024-11-11T00:46:34.355+0100] {processor.py:186} INFO - Started process (PID=8855) to work on /home/sakana/anaconda3/envs/airflow_env/lib/python3.8/site-packages/airflow/example_dags/example_time_delta_sensor_async.py
[2024-11-11T00:46:34.359+0100] {processor.py:914} INFO - Processing file /home/sakana/anaconda3/envs/airflow_env/lib/python3.8/site-packages/airflow/example_dags/example_time_delta_sensor_async.py for tasks to queue
[2024-11-11T00:46:34.361+0100] {logging_mixin.py:190} INFO - [2024-11-11T00:46:34.361+0100] {dagbag.py:588} INFO - Filling up the DagBag from /home/sakana/anaconda3/envs/airflow_env/lib/python3.8/site-packages/airflow/example_dags/example_time_delta_sensor_async.py
[2024-11-11T00:46:34.368+0100] {processor.py:925} INFO - DAG(s) 'example_time_delta_sensor_async' retrieved from /home/sakana/anaconda3/envs/airflow_env/lib/python3.8/site-packages/airflow/example_dags/example_time_delta_sensor_async.py
[2024-11-11T00:46:34.382+0100] {logging_mixin.py:190} INFO - [2024-11-11T00:46:34.382+0100] {dag.py:3239} INFO - Sync 1 DAGs
[2024-11-11T00:46:34.394+0100] {logging_mixin.py:190} INFO - [2024-11-11T00:46:34.393+0100] {dag.py:4180} INFO - Setting next_dagrun for example_time_delta_sensor_async to None, run_after=None
[2024-11-11T00:46:34.414+0100] {processor.py:208} INFO - Processing /home/sakana/anaconda3/envs/airflow_env/lib/python3.8/site-packages/airflow/example_dags/example_time_delta_sensor_async.py took 0.066 seconds
[2024-11-11T00:47:28.333+0100] {processor.py:186} INFO - Started process (PID=8936) to work on /home/sakana/anaconda3/envs/airflow_env/lib/python3.8/site-packages/airflow/example_dags/example_time_delta_sensor_async.py
[2024-11-11T00:47:28.338+0100] {processor.py:914} INFO - Processing file /home/sakana/anaconda3/envs/airflow_env/lib/python3.8/site-packages/airflow/example_dags/example_time_delta_sensor_async.py for tasks to queue
[2024-11-11T00:47:28.341+0100] {logging_mixin.py:190} INFO - [2024-11-11T00:47:28.340+0100] {dagbag.py:588} INFO - Filling up the DagBag from /home/sakana/anaconda3/envs/airflow_env/lib/python3.8/site-packages/airflow/example_dags/example_time_delta_sensor_async.py
[2024-11-11T00:47:28.350+0100] {processor.py:925} INFO - DAG(s) 'example_time_delta_sensor_async' retrieved from /home/sakana/anaconda3/envs/airflow_env/lib/python3.8/site-packages/airflow/example_dags/example_time_delta_sensor_async.py
[2024-11-11T00:47:28.368+0100] {logging_mixin.py:190} INFO - [2024-11-11T00:47:28.367+0100] {dag.py:3239} INFO - Sync 1 DAGs
[2024-11-11T00:47:28.382+0100] {logging_mixin.py:190} INFO - [2024-11-11T00:47:28.381+0100] {dag.py:4180} INFO - Setting next_dagrun for example_time_delta_sensor_async to None, run_after=None
[2024-11-11T00:47:28.401+0100] {processor.py:208} INFO - Processing /home/sakana/anaconda3/envs/airflow_env/lib/python3.8/site-packages/airflow/example_dags/example_time_delta_sensor_async.py took 0.076 seconds
[2024-11-11T00:48:24.789+0100] {processor.py:186} INFO - Started process (PID=9028) to work on /home/sakana/anaconda3/envs/airflow_env/lib/python3.8/site-packages/airflow/example_dags/example_time_delta_sensor_async.py
[2024-11-11T00:48:24.794+0100] {processor.py:914} INFO - Processing file /home/sakana/anaconda3/envs/airflow_env/lib/python3.8/site-packages/airflow/example_dags/example_time_delta_sensor_async.py for tasks to queue
[2024-11-11T00:48:24.797+0100] {logging_mixin.py:190} INFO - [2024-11-11T00:48:24.796+0100] {dagbag.py:588} INFO - Filling up the DagBag from /home/sakana/anaconda3/envs/airflow_env/lib/python3.8/site-packages/airflow/example_dags/example_time_delta_sensor_async.py
[2024-11-11T00:48:24.804+0100] {processor.py:925} INFO - DAG(s) 'example_time_delta_sensor_async' retrieved from /home/sakana/anaconda3/envs/airflow_env/lib/python3.8/site-packages/airflow/example_dags/example_time_delta_sensor_async.py
[2024-11-11T00:48:24.823+0100] {logging_mixin.py:190} INFO - [2024-11-11T00:48:24.823+0100] {dag.py:3239} INFO - Sync 1 DAGs
[2024-11-11T00:48:24.837+0100] {logging_mixin.py:190} INFO - [2024-11-11T00:48:24.837+0100] {dag.py:4180} INFO - Setting next_dagrun for example_time_delta_sensor_async to None, run_after=None
[2024-11-11T00:48:24.857+0100] {processor.py:208} INFO - Processing /home/sakana/anaconda3/envs/airflow_env/lib/python3.8/site-packages/airflow/example_dags/example_time_delta_sensor_async.py took 0.076 seconds
[2024-11-11T00:49:22.020+0100] {processor.py:186} INFO - Started process (PID=9187) to work on /home/sakana/anaconda3/envs/airflow_env/lib/python3.8/site-packages/airflow/example_dags/example_time_delta_sensor_async.py
[2024-11-11T00:49:22.025+0100] {processor.py:914} INFO - Processing file /home/sakana/anaconda3/envs/airflow_env/lib/python3.8/site-packages/airflow/example_dags/example_time_delta_sensor_async.py for tasks to queue
[2024-11-11T00:49:22.028+0100] {logging_mixin.py:190} INFO - [2024-11-11T00:49:22.028+0100] {dagbag.py:588} INFO - Filling up the DagBag from /home/sakana/anaconda3/envs/airflow_env/lib/python3.8/site-packages/airflow/example_dags/example_time_delta_sensor_async.py
[2024-11-11T00:49:22.038+0100] {processor.py:925} INFO - DAG(s) 'example_time_delta_sensor_async' retrieved from /home/sakana/anaconda3/envs/airflow_env/lib/python3.8/site-packages/airflow/example_dags/example_time_delta_sensor_async.py
[2024-11-11T00:49:22.060+0100] {logging_mixin.py:190} INFO - [2024-11-11T00:49:22.060+0100] {dag.py:3239} INFO - Sync 1 DAGs
[2024-11-11T00:49:22.079+0100] {logging_mixin.py:190} INFO - [2024-11-11T00:49:22.078+0100] {dag.py:4180} INFO - Setting next_dagrun for example_time_delta_sensor_async to None, run_after=None
[2024-11-11T00:49:22.100+0100] {processor.py:208} INFO - Processing /home/sakana/anaconda3/envs/airflow_env/lib/python3.8/site-packages/airflow/example_dags/example_time_delta_sensor_async.py took 0.088 seconds
[2024-11-11T00:50:21.632+0100] {processor.py:186} INFO - Started process (PID=9484) to work on /home/sakana/anaconda3/envs/airflow_env/lib/python3.8/site-packages/airflow/example_dags/example_time_delta_sensor_async.py
[2024-11-11T00:50:21.637+0100] {processor.py:914} INFO - Processing file /home/sakana/anaconda3/envs/airflow_env/lib/python3.8/site-packages/airflow/example_dags/example_time_delta_sensor_async.py for tasks to queue
[2024-11-11T00:50:21.640+0100] {logging_mixin.py:190} INFO - [2024-11-11T00:50:21.640+0100] {dagbag.py:588} INFO - Filling up the DagBag from /home/sakana/anaconda3/envs/airflow_env/lib/python3.8/site-packages/airflow/example_dags/example_time_delta_sensor_async.py
[2024-11-11T00:50:21.653+0100] {processor.py:925} INFO - DAG(s) 'example_time_delta_sensor_async' retrieved from /home/sakana/anaconda3/envs/airflow_env/lib/python3.8/site-packages/airflow/example_dags/example_time_delta_sensor_async.py
[2024-11-11T00:50:21.676+0100] {logging_mixin.py:190} INFO - [2024-11-11T00:50:21.676+0100] {dag.py:3239} INFO - Sync 1 DAGs
[2024-11-11T00:50:21.691+0100] {logging_mixin.py:190} INFO - [2024-11-11T00:50:21.691+0100] {dag.py:4180} INFO - Setting next_dagrun for example_time_delta_sensor_async to None, run_after=None
[2024-11-11T00:50:21.713+0100] {processor.py:208} INFO - Processing /home/sakana/anaconda3/envs/airflow_env/lib/python3.8/site-packages/airflow/example_dags/example_time_delta_sensor_async.py took 0.089 seconds
[2024-11-11T00:51:21.333+0100] {processor.py:186} INFO - Started process (PID=9557) to work on /home/sakana/anaconda3/envs/airflow_env/lib/python3.8/site-packages/airflow/example_dags/example_time_delta_sensor_async.py
[2024-11-11T00:51:21.338+0100] {processor.py:914} INFO - Processing file /home/sakana/anaconda3/envs/airflow_env/lib/python3.8/site-packages/airflow/example_dags/example_time_delta_sensor_async.py for tasks to queue
[2024-11-11T00:51:21.341+0100] {logging_mixin.py:190} INFO - [2024-11-11T00:51:21.340+0100] {dagbag.py:588} INFO - Filling up the DagBag from /home/sakana/anaconda3/envs/airflow_env/lib/python3.8/site-packages/airflow/example_dags/example_time_delta_sensor_async.py
[2024-11-11T00:51:21.350+0100] {processor.py:925} INFO - DAG(s) 'example_time_delta_sensor_async' retrieved from /home/sakana/anaconda3/envs/airflow_env/lib/python3.8/site-packages/airflow/example_dags/example_time_delta_sensor_async.py
[2024-11-11T00:51:21.369+0100] {logging_mixin.py:190} INFO - [2024-11-11T00:51:21.369+0100] {dag.py:3239} INFO - Sync 1 DAGs
[2024-11-11T00:51:21.383+0100] {logging_mixin.py:190} INFO - [2024-11-11T00:51:21.383+0100] {dag.py:4180} INFO - Setting next_dagrun for example_time_delta_sensor_async to None, run_after=None
[2024-11-11T00:51:21.404+0100] {processor.py:208} INFO - Processing /home/sakana/anaconda3/envs/airflow_env/lib/python3.8/site-packages/airflow/example_dags/example_time_delta_sensor_async.py took 0.079 seconds
[2024-11-11T00:52:18.543+0100] {processor.py:186} INFO - Started process (PID=9666) to work on /home/sakana/anaconda3/envs/airflow_env/lib/python3.8/site-packages/airflow/example_dags/example_time_delta_sensor_async.py
[2024-11-11T00:52:18.544+0100] {processor.py:914} INFO - Processing file /home/sakana/anaconda3/envs/airflow_env/lib/python3.8/site-packages/airflow/example_dags/example_time_delta_sensor_async.py for tasks to queue
[2024-11-11T00:52:18.547+0100] {logging_mixin.py:190} INFO - [2024-11-11T00:52:18.546+0100] {dagbag.py:588} INFO - Filling up the DagBag from /home/sakana/anaconda3/envs/airflow_env/lib/python3.8/site-packages/airflow/example_dags/example_time_delta_sensor_async.py
[2024-11-11T00:52:18.557+0100] {processor.py:925} INFO - DAG(s) 'example_time_delta_sensor_async' retrieved from /home/sakana/anaconda3/envs/airflow_env/lib/python3.8/site-packages/airflow/example_dags/example_time_delta_sensor_async.py
[2024-11-11T00:52:18.575+0100] {logging_mixin.py:190} INFO - [2024-11-11T00:52:18.575+0100] {dag.py:3239} INFO - Sync 1 DAGs
[2024-11-11T00:52:18.590+0100] {logging_mixin.py:190} INFO - [2024-11-11T00:52:18.590+0100] {dag.py:4180} INFO - Setting next_dagrun for example_time_delta_sensor_async to None, run_after=None
[2024-11-11T00:52:18.611+0100] {processor.py:208} INFO - Processing /home/sakana/anaconda3/envs/airflow_env/lib/python3.8/site-packages/airflow/example_dags/example_time_delta_sensor_async.py took 0.076 seconds
[2024-11-11T00:53:15.887+0100] {processor.py:186} INFO - Started process (PID=9859) to work on /home/sakana/anaconda3/envs/airflow_env/lib/python3.8/site-packages/airflow/example_dags/example_time_delta_sensor_async.py
[2024-11-11T00:53:15.888+0100] {processor.py:914} INFO - Processing file /home/sakana/anaconda3/envs/airflow_env/lib/python3.8/site-packages/airflow/example_dags/example_time_delta_sensor_async.py for tasks to queue
[2024-11-11T00:53:15.891+0100] {logging_mixin.py:190} INFO - [2024-11-11T00:53:15.890+0100] {dagbag.py:588} INFO - Filling up the DagBag from /home/sakana/anaconda3/envs/airflow_env/lib/python3.8/site-packages/airflow/example_dags/example_time_delta_sensor_async.py
[2024-11-11T00:53:15.902+0100] {processor.py:925} INFO - DAG(s) 'example_time_delta_sensor_async' retrieved from /home/sakana/anaconda3/envs/airflow_env/lib/python3.8/site-packages/airflow/example_dags/example_time_delta_sensor_async.py
[2024-11-11T00:53:15.928+0100] {logging_mixin.py:190} INFO - [2024-11-11T00:53:15.927+0100] {dag.py:3239} INFO - Sync 1 DAGs
[2024-11-11T00:53:15.951+0100] {logging_mixin.py:190} INFO - [2024-11-11T00:53:15.951+0100] {dag.py:4180} INFO - Setting next_dagrun for example_time_delta_sensor_async to None, run_after=None
[2024-11-11T00:53:15.984+0100] {processor.py:208} INFO - Processing /home/sakana/anaconda3/envs/airflow_env/lib/python3.8/site-packages/airflow/example_dags/example_time_delta_sensor_async.py took 0.107 seconds
[2024-11-11T00:54:14.586+0100] {processor.py:186} INFO - Started process (PID=9933) to work on /home/sakana/anaconda3/envs/airflow_env/lib/python3.8/site-packages/airflow/example_dags/example_time_delta_sensor_async.py
[2024-11-11T00:54:14.591+0100] {processor.py:914} INFO - Processing file /home/sakana/anaconda3/envs/airflow_env/lib/python3.8/site-packages/airflow/example_dags/example_time_delta_sensor_async.py for tasks to queue
[2024-11-11T00:54:14.593+0100] {logging_mixin.py:190} INFO - [2024-11-11T00:54:14.592+0100] {dagbag.py:588} INFO - Filling up the DagBag from /home/sakana/anaconda3/envs/airflow_env/lib/python3.8/site-packages/airflow/example_dags/example_time_delta_sensor_async.py
[2024-11-11T00:54:14.600+0100] {processor.py:925} INFO - DAG(s) 'example_time_delta_sensor_async' retrieved from /home/sakana/anaconda3/envs/airflow_env/lib/python3.8/site-packages/airflow/example_dags/example_time_delta_sensor_async.py
[2024-11-11T00:54:14.615+0100] {logging_mixin.py:190} INFO - [2024-11-11T00:54:14.615+0100] {dag.py:3239} INFO - Sync 1 DAGs
[2024-11-11T00:54:14.630+0100] {logging_mixin.py:190} INFO - [2024-11-11T00:54:14.629+0100] {dag.py:4180} INFO - Setting next_dagrun for example_time_delta_sensor_async to None, run_after=None
[2024-11-11T00:54:14.655+0100] {processor.py:208} INFO - Processing /home/sakana/anaconda3/envs/airflow_env/lib/python3.8/site-packages/airflow/example_dags/example_time_delta_sensor_async.py took 0.075 seconds
