[2024-11-11T00:26:28.817+0100] {processor.py:186} INFO - Started process (PID=6849) to work on /home/sakana/anaconda3/envs/airflow_env/lib/python3.8/site-packages/airflow/example_dags/example_bash_operator.py
[2024-11-11T00:26:28.818+0100] {processor.py:914} INFO - Processing file /home/sakana/anaconda3/envs/airflow_env/lib/python3.8/site-packages/airflow/example_dags/example_bash_operator.py for tasks to queue
[2024-11-11T00:26:28.819+0100] {logging_mixin.py:190} INFO - [2024-11-11T00:26:28.819+0100] {dagbag.py:588} INFO - Filling up the DagBag from /home/sakana/anaconda3/envs/airflow_env/lib/python3.8/site-packages/airflow/example_dags/example_bash_operator.py
[2024-11-11T00:26:28.833+0100] {processor.py:925} INFO - DAG(s) 'example_bash_operator' retrieved from /home/sakana/anaconda3/envs/airflow_env/lib/python3.8/site-packages/airflow/example_dags/example_bash_operator.py
[2024-11-11T00:26:28.946+0100] {logging_mixin.py:190} INFO - [2024-11-11T00:26:28.946+0100] {override.py:1901} INFO - Created Permission View: can edit on DAG:example_bash_operator
[2024-11-11T00:26:28.966+0100] {logging_mixin.py:190} INFO - [2024-11-11T00:26:28.966+0100] {override.py:1901} INFO - Created Permission View: can read on DAG:example_bash_operator
[2024-11-11T00:26:28.982+0100] {logging_mixin.py:190} INFO - [2024-11-11T00:26:28.981+0100] {override.py:1901} INFO - Created Permission View: can delete on DAG:example_bash_operator
[2024-11-11T00:26:29.021+0100] {logging_mixin.py:190} INFO - [2024-11-11T00:26:29.020+0100] {override.py:1901} INFO - Created Permission View: can create on DAG Run:example_bash_operator
[2024-11-11T00:26:29.045+0100] {logging_mixin.py:190} INFO - [2024-11-11T00:26:29.044+0100] {override.py:1901} INFO - Created Permission View: can read on DAG Run:example_bash_operator
[2024-11-11T00:26:29.063+0100] {logging_mixin.py:190} INFO - [2024-11-11T00:26:29.062+0100] {override.py:1901} INFO - Created Permission View: can delete on DAG Run:example_bash_operator
[2024-11-11T00:26:29.080+0100] {logging_mixin.py:190} INFO - [2024-11-11T00:26:29.079+0100] {override.py:1901} INFO - Created Permission View: menu access on DAG Run:example_bash_operator
[2024-11-11T00:26:29.082+0100] {logging_mixin.py:190} INFO - [2024-11-11T00:26:29.081+0100] {dag.py:3239} INFO - Sync 1 DAGs
[2024-11-11T00:26:29.106+0100] {logging_mixin.py:190} INFO - [2024-11-11T00:26:29.105+0100] {dag.py:3262} INFO - Creating ORM DAG for example_bash_operator
[2024-11-11T00:26:29.115+0100] {logging_mixin.py:190} INFO - [2024-11-11T00:26:29.115+0100] {dag.py:4180} INFO - Setting next_dagrun for example_bash_operator to 2024-11-09 00:00:00+00:00, run_after=2024-11-10 00:00:00+00:00
[2024-11-11T00:26:29.142+0100] {processor.py:208} INFO - Processing /home/sakana/anaconda3/envs/airflow_env/lib/python3.8/site-packages/airflow/example_dags/example_bash_operator.py took 0.331 seconds
[2024-11-11T00:27:32.019+0100] {processor.py:186} INFO - Started process (PID=6948) to work on /home/sakana/anaconda3/envs/airflow_env/lib/python3.8/site-packages/airflow/example_dags/example_bash_operator.py
[2024-11-11T00:27:32.024+0100] {processor.py:914} INFO - Processing file /home/sakana/anaconda3/envs/airflow_env/lib/python3.8/site-packages/airflow/example_dags/example_bash_operator.py for tasks to queue
[2024-11-11T00:27:32.027+0100] {logging_mixin.py:190} INFO - [2024-11-11T00:27:32.026+0100] {dagbag.py:588} INFO - Filling up the DagBag from /home/sakana/anaconda3/envs/airflow_env/lib/python3.8/site-packages/airflow/example_dags/example_bash_operator.py
[2024-11-11T00:27:32.045+0100] {processor.py:925} INFO - DAG(s) 'example_bash_operator' retrieved from /home/sakana/anaconda3/envs/airflow_env/lib/python3.8/site-packages/airflow/example_dags/example_bash_operator.py
[2024-11-11T00:27:32.068+0100] {logging_mixin.py:190} INFO - [2024-11-11T00:27:32.068+0100] {dag.py:3239} INFO - Sync 1 DAGs
[2024-11-11T00:27:32.087+0100] {logging_mixin.py:190} INFO - [2024-11-11T00:27:32.086+0100] {dag.py:4180} INFO - Setting next_dagrun for example_bash_operator to 2024-11-09 00:00:00+00:00, run_after=2024-11-10 00:00:00+00:00
[2024-11-11T00:27:32.110+0100] {processor.py:208} INFO - Processing /home/sakana/anaconda3/envs/airflow_env/lib/python3.8/site-packages/airflow/example_dags/example_bash_operator.py took 0.100 seconds
[2024-11-11T00:28:29.588+0100] {processor.py:186} INFO - Started process (PID=7049) to work on /home/sakana/anaconda3/envs/airflow_env/lib/python3.8/site-packages/airflow/example_dags/example_bash_operator.py
[2024-11-11T00:28:29.592+0100] {processor.py:914} INFO - Processing file /home/sakana/anaconda3/envs/airflow_env/lib/python3.8/site-packages/airflow/example_dags/example_bash_operator.py for tasks to queue
[2024-11-11T00:28:29.594+0100] {logging_mixin.py:190} INFO - [2024-11-11T00:28:29.594+0100] {dagbag.py:588} INFO - Filling up the DagBag from /home/sakana/anaconda3/envs/airflow_env/lib/python3.8/site-packages/airflow/example_dags/example_bash_operator.py
[2024-11-11T00:28:29.610+0100] {processor.py:925} INFO - DAG(s) 'example_bash_operator' retrieved from /home/sakana/anaconda3/envs/airflow_env/lib/python3.8/site-packages/airflow/example_dags/example_bash_operator.py
[2024-11-11T00:28:29.633+0100] {logging_mixin.py:190} INFO - [2024-11-11T00:28:29.633+0100] {dag.py:3239} INFO - Sync 1 DAGs
[2024-11-11T00:28:29.651+0100] {logging_mixin.py:190} INFO - [2024-11-11T00:28:29.651+0100] {dag.py:4180} INFO - Setting next_dagrun for example_bash_operator to 2024-11-09 00:00:00+00:00, run_after=2024-11-10 00:00:00+00:00
[2024-11-11T00:28:29.667+0100] {processor.py:208} INFO - Processing /home/sakana/anaconda3/envs/airflow_env/lib/python3.8/site-packages/airflow/example_dags/example_bash_operator.py took 0.086 seconds
[2024-11-11T00:29:51.024+0100] {processor.py:186} INFO - Started process (PID=7169) to work on /home/sakana/anaconda3/envs/airflow_env/lib/python3.8/site-packages/airflow/example_dags/example_bash_operator.py
[2024-11-11T00:29:51.030+0100] {processor.py:914} INFO - Processing file /home/sakana/anaconda3/envs/airflow_env/lib/python3.8/site-packages/airflow/example_dags/example_bash_operator.py for tasks to queue
[2024-11-11T00:29:51.034+0100] {logging_mixin.py:190} INFO - [2024-11-11T00:29:51.033+0100] {dagbag.py:588} INFO - Filling up the DagBag from /home/sakana/anaconda3/envs/airflow_env/lib/python3.8/site-packages/airflow/example_dags/example_bash_operator.py
[2024-11-11T00:29:51.053+0100] {processor.py:925} INFO - DAG(s) 'example_bash_operator' retrieved from /home/sakana/anaconda3/envs/airflow_env/lib/python3.8/site-packages/airflow/example_dags/example_bash_operator.py
[2024-11-11T00:29:51.080+0100] {logging_mixin.py:190} INFO - [2024-11-11T00:29:51.080+0100] {dag.py:3239} INFO - Sync 1 DAGs
[2024-11-11T00:29:51.098+0100] {logging_mixin.py:190} INFO - [2024-11-11T00:29:51.097+0100] {dag.py:4180} INFO - Setting next_dagrun for example_bash_operator to 2024-11-09 00:00:00+00:00, run_after=2024-11-10 00:00:00+00:00
[2024-11-11T00:29:51.114+0100] {processor.py:208} INFO - Processing /home/sakana/anaconda3/envs/airflow_env/lib/python3.8/site-packages/airflow/example_dags/example_bash_operator.py took 0.097 seconds
[2024-11-11T00:31:14.145+0100] {processor.py:186} INFO - Started process (PID=7285) to work on /home/sakana/anaconda3/envs/airflow_env/lib/python3.8/site-packages/airflow/example_dags/example_bash_operator.py
[2024-11-11T00:31:14.150+0100] {processor.py:914} INFO - Processing file /home/sakana/anaconda3/envs/airflow_env/lib/python3.8/site-packages/airflow/example_dags/example_bash_operator.py for tasks to queue
[2024-11-11T00:31:14.152+0100] {logging_mixin.py:190} INFO - [2024-11-11T00:31:14.152+0100] {dagbag.py:588} INFO - Filling up the DagBag from /home/sakana/anaconda3/envs/airflow_env/lib/python3.8/site-packages/airflow/example_dags/example_bash_operator.py
[2024-11-11T00:31:14.171+0100] {processor.py:925} INFO - DAG(s) 'example_bash_operator' retrieved from /home/sakana/anaconda3/envs/airflow_env/lib/python3.8/site-packages/airflow/example_dags/example_bash_operator.py
[2024-11-11T00:31:14.196+0100] {logging_mixin.py:190} INFO - [2024-11-11T00:31:14.195+0100] {dag.py:3239} INFO - Sync 1 DAGs
[2024-11-11T00:31:14.213+0100] {logging_mixin.py:190} INFO - [2024-11-11T00:31:14.213+0100] {dag.py:4180} INFO - Setting next_dagrun for example_bash_operator to 2024-11-09 00:00:00+00:00, run_after=2024-11-10 00:00:00+00:00
[2024-11-11T00:31:14.231+0100] {processor.py:208} INFO - Processing /home/sakana/anaconda3/envs/airflow_env/lib/python3.8/site-packages/airflow/example_dags/example_bash_operator.py took 0.094 seconds
[2024-11-11T00:32:10.728+0100] {processor.py:186} INFO - Started process (PID=7361) to work on /home/sakana/anaconda3/envs/airflow_env/lib/python3.8/site-packages/airflow/example_dags/example_bash_operator.py
[2024-11-11T00:32:10.733+0100] {processor.py:914} INFO - Processing file /home/sakana/anaconda3/envs/airflow_env/lib/python3.8/site-packages/airflow/example_dags/example_bash_operator.py for tasks to queue
[2024-11-11T00:32:10.739+0100] {logging_mixin.py:190} INFO - [2024-11-11T00:32:10.738+0100] {dagbag.py:588} INFO - Filling up the DagBag from /home/sakana/anaconda3/envs/airflow_env/lib/python3.8/site-packages/airflow/example_dags/example_bash_operator.py
[2024-11-11T00:32:10.766+0100] {processor.py:925} INFO - DAG(s) 'example_bash_operator' retrieved from /home/sakana/anaconda3/envs/airflow_env/lib/python3.8/site-packages/airflow/example_dags/example_bash_operator.py
[2024-11-11T00:32:10.793+0100] {logging_mixin.py:190} INFO - [2024-11-11T00:32:10.792+0100] {dag.py:3239} INFO - Sync 1 DAGs
[2024-11-11T00:32:10.810+0100] {logging_mixin.py:190} INFO - [2024-11-11T00:32:10.810+0100] {dag.py:4180} INFO - Setting next_dagrun for example_bash_operator to 2024-11-09 00:00:00+00:00, run_after=2024-11-10 00:00:00+00:00
[2024-11-11T00:32:10.826+0100] {processor.py:208} INFO - Processing /home/sakana/anaconda3/envs/airflow_env/lib/python3.8/site-packages/airflow/example_dags/example_bash_operator.py took 0.106 seconds
[2024-11-11T00:33:33.602+0100] {processor.py:186} INFO - Started process (PID=7486) to work on /home/sakana/anaconda3/envs/airflow_env/lib/python3.8/site-packages/airflow/example_dags/example_bash_operator.py
[2024-11-11T00:33:33.607+0100] {processor.py:914} INFO - Processing file /home/sakana/anaconda3/envs/airflow_env/lib/python3.8/site-packages/airflow/example_dags/example_bash_operator.py for tasks to queue
[2024-11-11T00:33:33.610+0100] {logging_mixin.py:190} INFO - [2024-11-11T00:33:33.609+0100] {dagbag.py:588} INFO - Filling up the DagBag from /home/sakana/anaconda3/envs/airflow_env/lib/python3.8/site-packages/airflow/example_dags/example_bash_operator.py
[2024-11-11T00:33:33.629+0100] {processor.py:925} INFO - DAG(s) 'example_bash_operator' retrieved from /home/sakana/anaconda3/envs/airflow_env/lib/python3.8/site-packages/airflow/example_dags/example_bash_operator.py
[2024-11-11T00:33:33.651+0100] {logging_mixin.py:190} INFO - [2024-11-11T00:33:33.651+0100] {dag.py:3239} INFO - Sync 1 DAGs
[2024-11-11T00:33:33.674+0100] {logging_mixin.py:190} INFO - [2024-11-11T00:33:33.673+0100] {dag.py:4180} INFO - Setting next_dagrun for example_bash_operator to 2024-11-09 00:00:00+00:00, run_after=2024-11-10 00:00:00+00:00
[2024-11-11T00:33:33.691+0100] {processor.py:208} INFO - Processing /home/sakana/anaconda3/envs/airflow_env/lib/python3.8/site-packages/airflow/example_dags/example_bash_operator.py took 0.099 seconds
[2024-11-11T00:34:30.278+0100] {processor.py:186} INFO - Started process (PID=7574) to work on /home/sakana/anaconda3/envs/airflow_env/lib/python3.8/site-packages/airflow/example_dags/example_bash_operator.py
[2024-11-11T00:34:30.283+0100] {processor.py:914} INFO - Processing file /home/sakana/anaconda3/envs/airflow_env/lib/python3.8/site-packages/airflow/example_dags/example_bash_operator.py for tasks to queue
[2024-11-11T00:34:30.285+0100] {logging_mixin.py:190} INFO - [2024-11-11T00:34:30.285+0100] {dagbag.py:588} INFO - Filling up the DagBag from /home/sakana/anaconda3/envs/airflow_env/lib/python3.8/site-packages/airflow/example_dags/example_bash_operator.py
[2024-11-11T00:34:30.299+0100] {processor.py:925} INFO - DAG(s) 'example_bash_operator' retrieved from /home/sakana/anaconda3/envs/airflow_env/lib/python3.8/site-packages/airflow/example_dags/example_bash_operator.py
[2024-11-11T00:34:30.322+0100] {logging_mixin.py:190} INFO - [2024-11-11T00:34:30.322+0100] {dag.py:3239} INFO - Sync 1 DAGs
[2024-11-11T00:34:30.342+0100] {logging_mixin.py:190} INFO - [2024-11-11T00:34:30.342+0100] {dag.py:4180} INFO - Setting next_dagrun for example_bash_operator to 2024-11-09 00:00:00+00:00, run_after=2024-11-10 00:00:00+00:00
[2024-11-11T00:34:30.361+0100] {processor.py:208} INFO - Processing /home/sakana/anaconda3/envs/airflow_env/lib/python3.8/site-packages/airflow/example_dags/example_bash_operator.py took 0.089 seconds
[2024-11-11T00:35:26.803+0100] {processor.py:186} INFO - Started process (PID=7653) to work on /home/sakana/anaconda3/envs/airflow_env/lib/python3.8/site-packages/airflow/example_dags/example_bash_operator.py
[2024-11-11T00:35:26.808+0100] {processor.py:914} INFO - Processing file /home/sakana/anaconda3/envs/airflow_env/lib/python3.8/site-packages/airflow/example_dags/example_bash_operator.py for tasks to queue
[2024-11-11T00:35:26.810+0100] {logging_mixin.py:190} INFO - [2024-11-11T00:35:26.809+0100] {dagbag.py:588} INFO - Filling up the DagBag from /home/sakana/anaconda3/envs/airflow_env/lib/python3.8/site-packages/airflow/example_dags/example_bash_operator.py
[2024-11-11T00:35:26.824+0100] {processor.py:925} INFO - DAG(s) 'example_bash_operator' retrieved from /home/sakana/anaconda3/envs/airflow_env/lib/python3.8/site-packages/airflow/example_dags/example_bash_operator.py
[2024-11-11T00:35:26.846+0100] {logging_mixin.py:190} INFO - [2024-11-11T00:35:26.846+0100] {dag.py:3239} INFO - Sync 1 DAGs
[2024-11-11T00:35:26.869+0100] {logging_mixin.py:190} INFO - [2024-11-11T00:35:26.869+0100] {dag.py:4180} INFO - Setting next_dagrun for example_bash_operator to 2024-11-09 00:00:00+00:00, run_after=2024-11-10 00:00:00+00:00
[2024-11-11T00:35:26.894+0100] {processor.py:208} INFO - Processing /home/sakana/anaconda3/envs/airflow_env/lib/python3.8/site-packages/airflow/example_dags/example_bash_operator.py took 0.097 seconds
[2024-11-11T00:36:49.694+0100] {processor.py:186} INFO - Started process (PID=7756) to work on /home/sakana/anaconda3/envs/airflow_env/lib/python3.8/site-packages/airflow/example_dags/example_bash_operator.py
[2024-11-11T00:36:49.698+0100] {processor.py:914} INFO - Processing file /home/sakana/anaconda3/envs/airflow_env/lib/python3.8/site-packages/airflow/example_dags/example_bash_operator.py for tasks to queue
[2024-11-11T00:36:49.701+0100] {logging_mixin.py:190} INFO - [2024-11-11T00:36:49.701+0100] {dagbag.py:588} INFO - Filling up the DagBag from /home/sakana/anaconda3/envs/airflow_env/lib/python3.8/site-packages/airflow/example_dags/example_bash_operator.py
[2024-11-11T00:36:49.720+0100] {processor.py:925} INFO - DAG(s) 'example_bash_operator' retrieved from /home/sakana/anaconda3/envs/airflow_env/lib/python3.8/site-packages/airflow/example_dags/example_bash_operator.py
[2024-11-11T00:36:49.747+0100] {logging_mixin.py:190} INFO - [2024-11-11T00:36:49.747+0100] {dag.py:3239} INFO - Sync 1 DAGs
[2024-11-11T00:36:49.766+0100] {logging_mixin.py:190} INFO - [2024-11-11T00:36:49.765+0100] {dag.py:4180} INFO - Setting next_dagrun for example_bash_operator to 2024-11-09 00:00:00+00:00, run_after=2024-11-10 00:00:00+00:00
[2024-11-11T00:36:49.798+0100] {processor.py:208} INFO - Processing /home/sakana/anaconda3/envs/airflow_env/lib/python3.8/site-packages/airflow/example_dags/example_bash_operator.py took 0.112 seconds
[2024-11-11T00:37:47.450+0100] {processor.py:186} INFO - Started process (PID=7831) to work on /home/sakana/anaconda3/envs/airflow_env/lib/python3.8/site-packages/airflow/example_dags/example_bash_operator.py
[2024-11-11T00:37:47.456+0100] {processor.py:914} INFO - Processing file /home/sakana/anaconda3/envs/airflow_env/lib/python3.8/site-packages/airflow/example_dags/example_bash_operator.py for tasks to queue
[2024-11-11T00:37:47.460+0100] {logging_mixin.py:190} INFO - [2024-11-11T00:37:47.459+0100] {dagbag.py:588} INFO - Filling up the DagBag from /home/sakana/anaconda3/envs/airflow_env/lib/python3.8/site-packages/airflow/example_dags/example_bash_operator.py
[2024-11-11T00:37:47.480+0100] {processor.py:925} INFO - DAG(s) 'example_bash_operator' retrieved from /home/sakana/anaconda3/envs/airflow_env/lib/python3.8/site-packages/airflow/example_dags/example_bash_operator.py
[2024-11-11T00:37:47.502+0100] {logging_mixin.py:190} INFO - [2024-11-11T00:37:47.502+0100] {dag.py:3239} INFO - Sync 1 DAGs
[2024-11-11T00:37:47.520+0100] {logging_mixin.py:190} INFO - [2024-11-11T00:37:47.519+0100] {dag.py:4180} INFO - Setting next_dagrun for example_bash_operator to 2024-11-09 00:00:00+00:00, run_after=2024-11-10 00:00:00+00:00
[2024-11-11T00:37:47.554+0100] {processor.py:208} INFO - Processing /home/sakana/anaconda3/envs/airflow_env/lib/python3.8/site-packages/airflow/example_dags/example_bash_operator.py took 0.115 seconds
[2024-11-11T00:39:08.208+0100] {processor.py:186} INFO - Started process (PID=7973) to work on /home/sakana/anaconda3/envs/airflow_env/lib/python3.8/site-packages/airflow/example_dags/example_bash_operator.py
[2024-11-11T00:39:08.214+0100] {processor.py:914} INFO - Processing file /home/sakana/anaconda3/envs/airflow_env/lib/python3.8/site-packages/airflow/example_dags/example_bash_operator.py for tasks to queue
[2024-11-11T00:39:08.220+0100] {logging_mixin.py:190} INFO - [2024-11-11T00:39:08.219+0100] {dagbag.py:588} INFO - Filling up the DagBag from /home/sakana/anaconda3/envs/airflow_env/lib/python3.8/site-packages/airflow/example_dags/example_bash_operator.py
[2024-11-11T00:39:08.248+0100] {processor.py:925} INFO - DAG(s) 'example_bash_operator' retrieved from /home/sakana/anaconda3/envs/airflow_env/lib/python3.8/site-packages/airflow/example_dags/example_bash_operator.py
[2024-11-11T00:39:08.272+0100] {logging_mixin.py:190} INFO - [2024-11-11T00:39:08.272+0100] {dag.py:3239} INFO - Sync 1 DAGs
[2024-11-11T00:39:08.289+0100] {logging_mixin.py:190} INFO - [2024-11-11T00:39:08.289+0100] {dag.py:4180} INFO - Setting next_dagrun for example_bash_operator to 2024-11-09 00:00:00+00:00, run_after=2024-11-10 00:00:00+00:00
[2024-11-11T00:39:08.313+0100] {processor.py:208} INFO - Processing /home/sakana/anaconda3/envs/airflow_env/lib/python3.8/site-packages/airflow/example_dags/example_bash_operator.py took 0.114 seconds
[2024-11-11T00:46:08.773+0100] {processor.py:186} INFO - Started process (PID=8819) to work on /home/sakana/anaconda3/envs/airflow_env/lib/python3.8/site-packages/airflow/example_dags/example_bash_operator.py
[2024-11-11T00:46:08.778+0100] {processor.py:914} INFO - Processing file /home/sakana/anaconda3/envs/airflow_env/lib/python3.8/site-packages/airflow/example_dags/example_bash_operator.py for tasks to queue
[2024-11-11T00:46:08.780+0100] {logging_mixin.py:190} INFO - [2024-11-11T00:46:08.780+0100] {dagbag.py:588} INFO - Filling up the DagBag from /home/sakana/anaconda3/envs/airflow_env/lib/python3.8/site-packages/airflow/example_dags/example_bash_operator.py
[2024-11-11T00:46:08.796+0100] {processor.py:925} INFO - DAG(s) 'example_bash_operator' retrieved from /home/sakana/anaconda3/envs/airflow_env/lib/python3.8/site-packages/airflow/example_dags/example_bash_operator.py
[2024-11-11T00:46:08.824+0100] {logging_mixin.py:190} INFO - [2024-11-11T00:46:08.824+0100] {dag.py:3239} INFO - Sync 1 DAGs
[2024-11-11T00:46:08.847+0100] {logging_mixin.py:190} INFO - [2024-11-11T00:46:08.847+0100] {dag.py:4180} INFO - Setting next_dagrun for example_bash_operator to 2024-11-09 00:00:00+00:00, run_after=2024-11-10 00:00:00+00:00
[2024-11-11T00:46:08.863+0100] {processor.py:208} INFO - Processing /home/sakana/anaconda3/envs/airflow_env/lib/python3.8/site-packages/airflow/example_dags/example_bash_operator.py took 0.097 seconds
[2024-11-11T00:47:05.072+0100] {processor.py:186} INFO - Started process (PID=8906) to work on /home/sakana/anaconda3/envs/airflow_env/lib/python3.8/site-packages/airflow/example_dags/example_bash_operator.py
[2024-11-11T00:47:05.077+0100] {processor.py:914} INFO - Processing file /home/sakana/anaconda3/envs/airflow_env/lib/python3.8/site-packages/airflow/example_dags/example_bash_operator.py for tasks to queue
[2024-11-11T00:47:05.083+0100] {logging_mixin.py:190} INFO - [2024-11-11T00:47:05.082+0100] {dagbag.py:588} INFO - Filling up the DagBag from /home/sakana/anaconda3/envs/airflow_env/lib/python3.8/site-packages/airflow/example_dags/example_bash_operator.py
[2024-11-11T00:47:05.114+0100] {processor.py:925} INFO - DAG(s) 'example_bash_operator' retrieved from /home/sakana/anaconda3/envs/airflow_env/lib/python3.8/site-packages/airflow/example_dags/example_bash_operator.py
[2024-11-11T00:47:05.139+0100] {logging_mixin.py:190} INFO - [2024-11-11T00:47:05.139+0100] {dag.py:3239} INFO - Sync 1 DAGs
[2024-11-11T00:47:05.166+0100] {logging_mixin.py:190} INFO - [2024-11-11T00:47:05.166+0100] {dag.py:4180} INFO - Setting next_dagrun for example_bash_operator to 2024-11-09 00:00:00+00:00, run_after=2024-11-10 00:00:00+00:00
[2024-11-11T00:47:05.244+0100] {processor.py:208} INFO - Processing /home/sakana/anaconda3/envs/airflow_env/lib/python3.8/site-packages/airflow/example_dags/example_bash_operator.py took 0.178 seconds
[2024-11-11T00:48:28.927+0100] {processor.py:186} INFO - Started process (PID=9033) to work on /home/sakana/anaconda3/envs/airflow_env/lib/python3.8/site-packages/airflow/example_dags/example_bash_operator.py
[2024-11-11T00:48:28.933+0100] {processor.py:914} INFO - Processing file /home/sakana/anaconda3/envs/airflow_env/lib/python3.8/site-packages/airflow/example_dags/example_bash_operator.py for tasks to queue
[2024-11-11T00:48:28.941+0100] {logging_mixin.py:190} INFO - [2024-11-11T00:48:28.939+0100] {dagbag.py:588} INFO - Filling up the DagBag from /home/sakana/anaconda3/envs/airflow_env/lib/python3.8/site-packages/airflow/example_dags/example_bash_operator.py
[2024-11-11T00:48:28.967+0100] {processor.py:925} INFO - DAG(s) 'example_bash_operator' retrieved from /home/sakana/anaconda3/envs/airflow_env/lib/python3.8/site-packages/airflow/example_dags/example_bash_operator.py
[2024-11-11T00:48:28.991+0100] {logging_mixin.py:190} INFO - [2024-11-11T00:48:28.991+0100] {dag.py:3239} INFO - Sync 1 DAGs
[2024-11-11T00:48:29.013+0100] {logging_mixin.py:190} INFO - [2024-11-11T00:48:29.013+0100] {dag.py:4180} INFO - Setting next_dagrun for example_bash_operator to 2024-11-09 00:00:00+00:00, run_after=2024-11-10 00:00:00+00:00
[2024-11-11T00:48:29.030+0100] {processor.py:208} INFO - Processing /home/sakana/anaconda3/envs/airflow_env/lib/python3.8/site-packages/airflow/example_dags/example_bash_operator.py took 0.111 seconds
[2024-11-11T00:49:27.174+0100] {processor.py:186} INFO - Started process (PID=9217) to work on /home/sakana/anaconda3/envs/airflow_env/lib/python3.8/site-packages/airflow/example_dags/example_bash_operator.py
[2024-11-11T00:49:27.175+0100] {processor.py:914} INFO - Processing file /home/sakana/anaconda3/envs/airflow_env/lib/python3.8/site-packages/airflow/example_dags/example_bash_operator.py for tasks to queue
[2024-11-11T00:49:27.178+0100] {logging_mixin.py:190} INFO - [2024-11-11T00:49:27.178+0100] {dagbag.py:588} INFO - Filling up the DagBag from /home/sakana/anaconda3/envs/airflow_env/lib/python3.8/site-packages/airflow/example_dags/example_bash_operator.py
[2024-11-11T00:49:27.205+0100] {processor.py:925} INFO - DAG(s) 'example_bash_operator' retrieved from /home/sakana/anaconda3/envs/airflow_env/lib/python3.8/site-packages/airflow/example_dags/example_bash_operator.py
[2024-11-11T00:49:27.243+0100] {logging_mixin.py:190} INFO - [2024-11-11T00:49:27.243+0100] {dag.py:3239} INFO - Sync 1 DAGs
[2024-11-11T00:49:27.279+0100] {logging_mixin.py:190} INFO - [2024-11-11T00:49:27.278+0100] {dag.py:4180} INFO - Setting next_dagrun for example_bash_operator to 2024-11-09 00:00:00+00:00, run_after=2024-11-10 00:00:00+00:00
[2024-11-11T00:49:27.312+0100] {processor.py:208} INFO - Processing /home/sakana/anaconda3/envs/airflow_env/lib/python3.8/site-packages/airflow/example_dags/example_bash_operator.py took 0.149 seconds
[2024-11-11T00:50:26.818+0100] {processor.py:186} INFO - Started process (PID=9493) to work on /home/sakana/anaconda3/envs/airflow_env/lib/python3.8/site-packages/airflow/example_dags/example_bash_operator.py
[2024-11-11T00:50:26.825+0100] {processor.py:914} INFO - Processing file /home/sakana/anaconda3/envs/airflow_env/lib/python3.8/site-packages/airflow/example_dags/example_bash_operator.py for tasks to queue
[2024-11-11T00:50:26.831+0100] {logging_mixin.py:190} INFO - [2024-11-11T00:50:26.830+0100] {dagbag.py:588} INFO - Filling up the DagBag from /home/sakana/anaconda3/envs/airflow_env/lib/python3.8/site-packages/airflow/example_dags/example_bash_operator.py
[2024-11-11T00:50:26.865+0100] {processor.py:925} INFO - DAG(s) 'example_bash_operator' retrieved from /home/sakana/anaconda3/envs/airflow_env/lib/python3.8/site-packages/airflow/example_dags/example_bash_operator.py
[2024-11-11T00:50:26.902+0100] {logging_mixin.py:190} INFO - [2024-11-11T00:50:26.902+0100] {dag.py:3239} INFO - Sync 1 DAGs
[2024-11-11T00:50:26.923+0100] {logging_mixin.py:190} INFO - [2024-11-11T00:50:26.923+0100] {dag.py:4180} INFO - Setting next_dagrun for example_bash_operator to 2024-11-09 00:00:00+00:00, run_after=2024-11-10 00:00:00+00:00
[2024-11-11T00:50:26.945+0100] {processor.py:208} INFO - Processing /home/sakana/anaconda3/envs/airflow_env/lib/python3.8/site-packages/airflow/example_dags/example_bash_operator.py took 0.140 seconds
[2024-11-11T00:51:26.704+0100] {processor.py:186} INFO - Started process (PID=9564) to work on /home/sakana/anaconda3/envs/airflow_env/lib/python3.8/site-packages/airflow/example_dags/example_bash_operator.py
[2024-11-11T00:51:26.710+0100] {processor.py:914} INFO - Processing file /home/sakana/anaconda3/envs/airflow_env/lib/python3.8/site-packages/airflow/example_dags/example_bash_operator.py for tasks to queue
[2024-11-11T00:51:26.714+0100] {logging_mixin.py:190} INFO - [2024-11-11T00:51:26.713+0100] {dagbag.py:588} INFO - Filling up the DagBag from /home/sakana/anaconda3/envs/airflow_env/lib/python3.8/site-packages/airflow/example_dags/example_bash_operator.py
[2024-11-11T00:51:26.731+0100] {processor.py:925} INFO - DAG(s) 'example_bash_operator' retrieved from /home/sakana/anaconda3/envs/airflow_env/lib/python3.8/site-packages/airflow/example_dags/example_bash_operator.py
[2024-11-11T00:51:26.761+0100] {logging_mixin.py:190} INFO - [2024-11-11T00:51:26.760+0100] {dag.py:3239} INFO - Sync 1 DAGs
[2024-11-11T00:51:26.786+0100] {logging_mixin.py:190} INFO - [2024-11-11T00:51:26.786+0100] {dag.py:4180} INFO - Setting next_dagrun for example_bash_operator to 2024-11-09 00:00:00+00:00, run_after=2024-11-10 00:00:00+00:00
[2024-11-11T00:51:26.815+0100] {processor.py:208} INFO - Processing /home/sakana/anaconda3/envs/airflow_env/lib/python3.8/site-packages/airflow/example_dags/example_bash_operator.py took 0.120 seconds
[2024-11-11T00:52:51.037+0100] {processor.py:186} INFO - Started process (PID=9826) to work on /home/sakana/anaconda3/envs/airflow_env/lib/python3.8/site-packages/airflow/example_dags/example_bash_operator.py
[2024-11-11T00:52:51.038+0100] {processor.py:914} INFO - Processing file /home/sakana/anaconda3/envs/airflow_env/lib/python3.8/site-packages/airflow/example_dags/example_bash_operator.py for tasks to queue
[2024-11-11T00:52:51.045+0100] {logging_mixin.py:190} INFO - [2024-11-11T00:52:51.044+0100] {dagbag.py:588} INFO - Filling up the DagBag from /home/sakana/anaconda3/envs/airflow_env/lib/python3.8/site-packages/airflow/example_dags/example_bash_operator.py
[2024-11-11T00:52:51.068+0100] {processor.py:925} INFO - DAG(s) 'example_bash_operator' retrieved from /home/sakana/anaconda3/envs/airflow_env/lib/python3.8/site-packages/airflow/example_dags/example_bash_operator.py
[2024-11-11T00:52:51.121+0100] {logging_mixin.py:190} INFO - [2024-11-11T00:52:51.121+0100] {dag.py:3239} INFO - Sync 1 DAGs
[2024-11-11T00:52:51.165+0100] {logging_mixin.py:190} INFO - [2024-11-11T00:52:51.165+0100] {dag.py:4180} INFO - Setting next_dagrun for example_bash_operator to 2024-11-09 00:00:00+00:00, run_after=2024-11-10 00:00:00+00:00
[2024-11-11T00:52:51.221+0100] {processor.py:208} INFO - Processing /home/sakana/anaconda3/envs/airflow_env/lib/python3.8/site-packages/airflow/example_dags/example_bash_operator.py took 0.193 seconds
[2024-11-11T00:53:52.064+0100] {processor.py:186} INFO - Started process (PID=9906) to work on /home/sakana/anaconda3/envs/airflow_env/lib/python3.8/site-packages/airflow/example_dags/example_bash_operator.py
[2024-11-11T00:53:52.069+0100] {processor.py:914} INFO - Processing file /home/sakana/anaconda3/envs/airflow_env/lib/python3.8/site-packages/airflow/example_dags/example_bash_operator.py for tasks to queue
[2024-11-11T00:53:52.071+0100] {logging_mixin.py:190} INFO - [2024-11-11T00:53:52.071+0100] {dagbag.py:588} INFO - Filling up the DagBag from /home/sakana/anaconda3/envs/airflow_env/lib/python3.8/site-packages/airflow/example_dags/example_bash_operator.py
[2024-11-11T00:53:52.086+0100] {processor.py:925} INFO - DAG(s) 'example_bash_operator' retrieved from /home/sakana/anaconda3/envs/airflow_env/lib/python3.8/site-packages/airflow/example_dags/example_bash_operator.py
[2024-11-11T00:53:52.109+0100] {logging_mixin.py:190} INFO - [2024-11-11T00:53:52.109+0100] {dag.py:3239} INFO - Sync 1 DAGs
[2024-11-11T00:53:52.126+0100] {logging_mixin.py:190} INFO - [2024-11-11T00:53:52.126+0100] {dag.py:4180} INFO - Setting next_dagrun for example_bash_operator to 2024-11-09 00:00:00+00:00, run_after=2024-11-10 00:00:00+00:00
[2024-11-11T00:53:52.150+0100] {processor.py:208} INFO - Processing /home/sakana/anaconda3/envs/airflow_env/lib/python3.8/site-packages/airflow/example_dags/example_bash_operator.py took 0.093 seconds
