[2024-11-11T00:26:33.534+0100] {processor.py:186} INFO - Started process (PID=6867) to work on /home/sakana/anaconda3/envs/airflow_env/lib/python3.8/site-packages/airflow/example_dags/example_branch_operator_decorator.py
[2024-11-11T00:26:33.535+0100] {processor.py:914} INFO - Processing file /home/sakana/anaconda3/envs/airflow_env/lib/python3.8/site-packages/airflow/example_dags/example_branch_operator_decorator.py for tasks to queue
[2024-11-11T00:26:33.537+0100] {logging_mixin.py:190} INFO - [2024-11-11T00:26:33.537+0100] {dagbag.py:588} INFO - Filling up the DagBag from /home/sakana/anaconda3/envs/airflow_env/lib/python3.8/site-packages/airflow/example_dags/example_branch_operator_decorator.py
[2024-11-11T00:26:33.541+0100] {processor.py:927} WARNING - No viable dags retrieved from /home/sakana/anaconda3/envs/airflow_env/lib/python3.8/site-packages/airflow/example_dags/example_branch_operator_decorator.py
[2024-11-11T00:26:33.554+0100] {processor.py:208} INFO - Processing /home/sakana/anaconda3/envs/airflow_env/lib/python3.8/site-packages/airflow/example_dags/example_branch_operator_decorator.py took 0.028 seconds
[2024-11-11T00:27:35.363+0100] {processor.py:186} INFO - Started process (PID=6952) to work on /home/sakana/anaconda3/envs/airflow_env/lib/python3.8/site-packages/airflow/example_dags/example_branch_operator_decorator.py
[2024-11-11T00:27:35.368+0100] {processor.py:914} INFO - Processing file /home/sakana/anaconda3/envs/airflow_env/lib/python3.8/site-packages/airflow/example_dags/example_branch_operator_decorator.py for tasks to queue
[2024-11-11T00:27:35.371+0100] {logging_mixin.py:190} INFO - [2024-11-11T00:27:35.370+0100] {dagbag.py:588} INFO - Filling up the DagBag from /home/sakana/anaconda3/envs/airflow_env/lib/python3.8/site-packages/airflow/example_dags/example_branch_operator_decorator.py
[2024-11-11T00:27:35.375+0100] {processor.py:927} WARNING - No viable dags retrieved from /home/sakana/anaconda3/envs/airflow_env/lib/python3.8/site-packages/airflow/example_dags/example_branch_operator_decorator.py
[2024-11-11T00:27:35.388+0100] {processor.py:208} INFO - Processing /home/sakana/anaconda3/envs/airflow_env/lib/python3.8/site-packages/airflow/example_dags/example_branch_operator_decorator.py took 0.032 seconds
[2024-11-11T00:28:58.859+0100] {processor.py:186} INFO - Started process (PID=7092) to work on /home/sakana/anaconda3/envs/airflow_env/lib/python3.8/site-packages/airflow/example_dags/example_branch_operator_decorator.py
[2024-11-11T00:28:58.864+0100] {processor.py:914} INFO - Processing file /home/sakana/anaconda3/envs/airflow_env/lib/python3.8/site-packages/airflow/example_dags/example_branch_operator_decorator.py for tasks to queue
[2024-11-11T00:28:58.871+0100] {logging_mixin.py:190} INFO - [2024-11-11T00:28:58.869+0100] {dagbag.py:588} INFO - Filling up the DagBag from /home/sakana/anaconda3/envs/airflow_env/lib/python3.8/site-packages/airflow/example_dags/example_branch_operator_decorator.py
[2024-11-11T00:28:58.880+0100] {processor.py:927} WARNING - No viable dags retrieved from /home/sakana/anaconda3/envs/airflow_env/lib/python3.8/site-packages/airflow/example_dags/example_branch_operator_decorator.py
[2024-11-11T00:28:58.899+0100] {processor.py:208} INFO - Processing /home/sakana/anaconda3/envs/airflow_env/lib/python3.8/site-packages/airflow/example_dags/example_branch_operator_decorator.py took 0.046 seconds
[2024-11-11T00:30:18.988+0100] {processor.py:186} INFO - Started process (PID=7210) to work on /home/sakana/anaconda3/envs/airflow_env/lib/python3.8/site-packages/airflow/example_dags/example_branch_operator_decorator.py
[2024-11-11T00:30:18.988+0100] {processor.py:914} INFO - Processing file /home/sakana/anaconda3/envs/airflow_env/lib/python3.8/site-packages/airflow/example_dags/example_branch_operator_decorator.py for tasks to queue
[2024-11-11T00:30:18.990+0100] {logging_mixin.py:190} INFO - [2024-11-11T00:30:18.990+0100] {dagbag.py:588} INFO - Filling up the DagBag from /home/sakana/anaconda3/envs/airflow_env/lib/python3.8/site-packages/airflow/example_dags/example_branch_operator_decorator.py
[2024-11-11T00:30:18.992+0100] {processor.py:927} WARNING - No viable dags retrieved from /home/sakana/anaconda3/envs/airflow_env/lib/python3.8/site-packages/airflow/example_dags/example_branch_operator_decorator.py
[2024-11-11T00:30:19.001+0100] {processor.py:208} INFO - Processing /home/sakana/anaconda3/envs/airflow_env/lib/python3.8/site-packages/airflow/example_dags/example_branch_operator_decorator.py took 0.019 seconds
[2024-11-11T00:31:43.394+0100] {processor.py:186} INFO - Started process (PID=7327) to work on /home/sakana/anaconda3/envs/airflow_env/lib/python3.8/site-packages/airflow/example_dags/example_branch_operator_decorator.py
[2024-11-11T00:31:43.399+0100] {processor.py:914} INFO - Processing file /home/sakana/anaconda3/envs/airflow_env/lib/python3.8/site-packages/airflow/example_dags/example_branch_operator_decorator.py for tasks to queue
[2024-11-11T00:31:43.401+0100] {logging_mixin.py:190} INFO - [2024-11-11T00:31:43.401+0100] {dagbag.py:588} INFO - Filling up the DagBag from /home/sakana/anaconda3/envs/airflow_env/lib/python3.8/site-packages/airflow/example_dags/example_branch_operator_decorator.py
[2024-11-11T00:31:43.404+0100] {processor.py:927} WARNING - No viable dags retrieved from /home/sakana/anaconda3/envs/airflow_env/lib/python3.8/site-packages/airflow/example_dags/example_branch_operator_decorator.py
[2024-11-11T00:31:43.416+0100] {processor.py:208} INFO - Processing /home/sakana/anaconda3/envs/airflow_env/lib/python3.8/site-packages/airflow/example_dags/example_branch_operator_decorator.py took 0.028 seconds
[2024-11-11T00:33:06.650+0100] {processor.py:186} INFO - Started process (PID=7439) to work on /home/sakana/anaconda3/envs/airflow_env/lib/python3.8/site-packages/airflow/example_dags/example_branch_operator_decorator.py
[2024-11-11T00:33:06.655+0100] {processor.py:914} INFO - Processing file /home/sakana/anaconda3/envs/airflow_env/lib/python3.8/site-packages/airflow/example_dags/example_branch_operator_decorator.py for tasks to queue
[2024-11-11T00:33:06.657+0100] {logging_mixin.py:190} INFO - [2024-11-11T00:33:06.657+0100] {dagbag.py:588} INFO - Filling up the DagBag from /home/sakana/anaconda3/envs/airflow_env/lib/python3.8/site-packages/airflow/example_dags/example_branch_operator_decorator.py
[2024-11-11T00:33:06.661+0100] {processor.py:927} WARNING - No viable dags retrieved from /home/sakana/anaconda3/envs/airflow_env/lib/python3.8/site-packages/airflow/example_dags/example_branch_operator_decorator.py
[2024-11-11T00:33:06.675+0100] {processor.py:208} INFO - Processing /home/sakana/anaconda3/envs/airflow_env/lib/python3.8/site-packages/airflow/example_dags/example_branch_operator_decorator.py took 0.033 seconds
[2024-11-11T00:34:32.141+0100] {processor.py:186} INFO - Started process (PID=7577) to work on /home/sakana/anaconda3/envs/airflow_env/lib/python3.8/site-packages/airflow/example_dags/example_branch_operator_decorator.py
[2024-11-11T00:34:32.146+0100] {processor.py:914} INFO - Processing file /home/sakana/anaconda3/envs/airflow_env/lib/python3.8/site-packages/airflow/example_dags/example_branch_operator_decorator.py for tasks to queue
[2024-11-11T00:34:32.153+0100] {logging_mixin.py:190} INFO - [2024-11-11T00:34:32.152+0100] {dagbag.py:588} INFO - Filling up the DagBag from /home/sakana/anaconda3/envs/airflow_env/lib/python3.8/site-packages/airflow/example_dags/example_branch_operator_decorator.py
[2024-11-11T00:34:32.162+0100] {processor.py:927} WARNING - No viable dags retrieved from /home/sakana/anaconda3/envs/airflow_env/lib/python3.8/site-packages/airflow/example_dags/example_branch_operator_decorator.py
[2024-11-11T00:34:32.182+0100] {processor.py:208} INFO - Processing /home/sakana/anaconda3/envs/airflow_env/lib/python3.8/site-packages/airflow/example_dags/example_branch_operator_decorator.py took 0.047 seconds
[2024-11-11T00:35:52.916+0100] {processor.py:186} INFO - Started process (PID=7687) to work on /home/sakana/anaconda3/envs/airflow_env/lib/python3.8/site-packages/airflow/example_dags/example_branch_operator_decorator.py
[2024-11-11T00:35:52.922+0100] {processor.py:914} INFO - Processing file /home/sakana/anaconda3/envs/airflow_env/lib/python3.8/site-packages/airflow/example_dags/example_branch_operator_decorator.py for tasks to queue
[2024-11-11T00:35:52.925+0100] {logging_mixin.py:190} INFO - [2024-11-11T00:35:52.924+0100] {dagbag.py:588} INFO - Filling up the DagBag from /home/sakana/anaconda3/envs/airflow_env/lib/python3.8/site-packages/airflow/example_dags/example_branch_operator_decorator.py
[2024-11-11T00:35:52.929+0100] {processor.py:927} WARNING - No viable dags retrieved from /home/sakana/anaconda3/envs/airflow_env/lib/python3.8/site-packages/airflow/example_dags/example_branch_operator_decorator.py
[2024-11-11T00:35:52.945+0100] {processor.py:208} INFO - Processing /home/sakana/anaconda3/envs/airflow_env/lib/python3.8/site-packages/airflow/example_dags/example_branch_operator_decorator.py took 0.039 seconds
[2024-11-11T00:37:18.960+0100] {processor.py:186} INFO - Started process (PID=7795) to work on /home/sakana/anaconda3/envs/airflow_env/lib/python3.8/site-packages/airflow/example_dags/example_branch_operator_decorator.py
[2024-11-11T00:37:18.965+0100] {processor.py:914} INFO - Processing file /home/sakana/anaconda3/envs/airflow_env/lib/python3.8/site-packages/airflow/example_dags/example_branch_operator_decorator.py for tasks to queue
[2024-11-11T00:37:18.968+0100] {logging_mixin.py:190} INFO - [2024-11-11T00:37:18.967+0100] {dagbag.py:588} INFO - Filling up the DagBag from /home/sakana/anaconda3/envs/airflow_env/lib/python3.8/site-packages/airflow/example_dags/example_branch_operator_decorator.py
[2024-11-11T00:37:18.972+0100] {processor.py:927} WARNING - No viable dags retrieved from /home/sakana/anaconda3/envs/airflow_env/lib/python3.8/site-packages/airflow/example_dags/example_branch_operator_decorator.py
[2024-11-11T00:37:18.984+0100] {processor.py:208} INFO - Processing /home/sakana/anaconda3/envs/airflow_env/lib/python3.8/site-packages/airflow/example_dags/example_branch_operator_decorator.py took 0.035 seconds
[2024-11-11T00:38:39.946+0100] {processor.py:186} INFO - Started process (PID=7938) to work on /home/sakana/anaconda3/envs/airflow_env/lib/python3.8/site-packages/airflow/example_dags/example_branch_operator_decorator.py
[2024-11-11T00:38:39.951+0100] {processor.py:914} INFO - Processing file /home/sakana/anaconda3/envs/airflow_env/lib/python3.8/site-packages/airflow/example_dags/example_branch_operator_decorator.py for tasks to queue
[2024-11-11T00:38:39.954+0100] {logging_mixin.py:190} INFO - [2024-11-11T00:38:39.953+0100] {dagbag.py:588} INFO - Filling up the DagBag from /home/sakana/anaconda3/envs/airflow_env/lib/python3.8/site-packages/airflow/example_dags/example_branch_operator_decorator.py
[2024-11-11T00:38:39.958+0100] {processor.py:927} WARNING - No viable dags retrieved from /home/sakana/anaconda3/envs/airflow_env/lib/python3.8/site-packages/airflow/example_dags/example_branch_operator_decorator.py
[2024-11-11T00:38:39.970+0100] {processor.py:208} INFO - Processing /home/sakana/anaconda3/envs/airflow_env/lib/python3.8/site-packages/airflow/example_dags/example_branch_operator_decorator.py took 0.032 seconds
[2024-11-11T00:40:05.475+0100] {processor.py:186} INFO - Started process (PID=8128) to work on /home/sakana/anaconda3/envs/airflow_env/lib/python3.8/site-packages/airflow/example_dags/example_branch_operator_decorator.py
[2024-11-11T00:40:05.479+0100] {processor.py:914} INFO - Processing file /home/sakana/anaconda3/envs/airflow_env/lib/python3.8/site-packages/airflow/example_dags/example_branch_operator_decorator.py for tasks to queue
[2024-11-11T00:40:05.482+0100] {logging_mixin.py:190} INFO - [2024-11-11T00:40:05.481+0100] {dagbag.py:588} INFO - Filling up the DagBag from /home/sakana/anaconda3/envs/airflow_env/lib/python3.8/site-packages/airflow/example_dags/example_branch_operator_decorator.py
[2024-11-11T00:40:05.486+0100] {processor.py:927} WARNING - No viable dags retrieved from /home/sakana/anaconda3/envs/airflow_env/lib/python3.8/site-packages/airflow/example_dags/example_branch_operator_decorator.py
[2024-11-11T00:40:05.500+0100] {processor.py:208} INFO - Processing /home/sakana/anaconda3/envs/airflow_env/lib/python3.8/site-packages/airflow/example_dags/example_branch_operator_decorator.py took 0.031 seconds
[2024-11-11T00:46:11.448+0100] {processor.py:186} INFO - Started process (PID=8823) to work on /home/sakana/anaconda3/envs/airflow_env/lib/python3.8/site-packages/airflow/example_dags/example_branch_operator_decorator.py
[2024-11-11T00:46:11.450+0100] {processor.py:914} INFO - Processing file /home/sakana/anaconda3/envs/airflow_env/lib/python3.8/site-packages/airflow/example_dags/example_branch_operator_decorator.py for tasks to queue
[2024-11-11T00:46:11.452+0100] {logging_mixin.py:190} INFO - [2024-11-11T00:46:11.452+0100] {dagbag.py:588} INFO - Filling up the DagBag from /home/sakana/anaconda3/envs/airflow_env/lib/python3.8/site-packages/airflow/example_dags/example_branch_operator_decorator.py
[2024-11-11T00:46:11.456+0100] {processor.py:927} WARNING - No viable dags retrieved from /home/sakana/anaconda3/envs/airflow_env/lib/python3.8/site-packages/airflow/example_dags/example_branch_operator_decorator.py
[2024-11-11T00:46:11.467+0100] {processor.py:208} INFO - Processing /home/sakana/anaconda3/envs/airflow_env/lib/python3.8/site-packages/airflow/example_dags/example_branch_operator_decorator.py took 0.028 seconds
[2024-11-11T00:47:33.654+0100] {processor.py:186} INFO - Started process (PID=8941) to work on /home/sakana/anaconda3/envs/airflow_env/lib/python3.8/site-packages/airflow/example_dags/example_branch_operator_decorator.py
[2024-11-11T00:47:33.659+0100] {processor.py:914} INFO - Processing file /home/sakana/anaconda3/envs/airflow_env/lib/python3.8/site-packages/airflow/example_dags/example_branch_operator_decorator.py for tasks to queue
[2024-11-11T00:47:33.661+0100] {logging_mixin.py:190} INFO - [2024-11-11T00:47:33.660+0100] {dagbag.py:588} INFO - Filling up the DagBag from /home/sakana/anaconda3/envs/airflow_env/lib/python3.8/site-packages/airflow/example_dags/example_branch_operator_decorator.py
[2024-11-11T00:47:33.663+0100] {processor.py:927} WARNING - No viable dags retrieved from /home/sakana/anaconda3/envs/airflow_env/lib/python3.8/site-packages/airflow/example_dags/example_branch_operator_decorator.py
[2024-11-11T00:47:33.673+0100] {processor.py:208} INFO - Processing /home/sakana/anaconda3/envs/airflow_env/lib/python3.8/site-packages/airflow/example_dags/example_branch_operator_decorator.py took 0.026 seconds
[2024-11-11T00:48:59.449+0100] {processor.py:186} INFO - Started process (PID=9113) to work on /home/sakana/anaconda3/envs/airflow_env/lib/python3.8/site-packages/airflow/example_dags/example_branch_operator_decorator.py
[2024-11-11T00:48:59.454+0100] {processor.py:914} INFO - Processing file /home/sakana/anaconda3/envs/airflow_env/lib/python3.8/site-packages/airflow/example_dags/example_branch_operator_decorator.py for tasks to queue
[2024-11-11T00:48:59.456+0100] {logging_mixin.py:190} INFO - [2024-11-11T00:48:59.456+0100] {dagbag.py:588} INFO - Filling up the DagBag from /home/sakana/anaconda3/envs/airflow_env/lib/python3.8/site-packages/airflow/example_dags/example_branch_operator_decorator.py
[2024-11-11T00:48:59.460+0100] {processor.py:927} WARNING - No viable dags retrieved from /home/sakana/anaconda3/envs/airflow_env/lib/python3.8/site-packages/airflow/example_dags/example_branch_operator_decorator.py
[2024-11-11T00:48:59.472+0100] {processor.py:208} INFO - Processing /home/sakana/anaconda3/envs/airflow_env/lib/python3.8/site-packages/airflow/example_dags/example_branch_operator_decorator.py took 0.031 seconds
[2024-11-11T00:49:57.876+0100] {processor.py:186} INFO - Started process (PID=9447) to work on /home/sakana/anaconda3/envs/airflow_env/lib/python3.8/site-packages/airflow/example_dags/example_branch_operator_decorator.py
[2024-11-11T00:49:57.882+0100] {processor.py:914} INFO - Processing file /home/sakana/anaconda3/envs/airflow_env/lib/python3.8/site-packages/airflow/example_dags/example_branch_operator_decorator.py for tasks to queue
[2024-11-11T00:49:57.884+0100] {logging_mixin.py:190} INFO - [2024-11-11T00:49:57.884+0100] {dagbag.py:588} INFO - Filling up the DagBag from /home/sakana/anaconda3/envs/airflow_env/lib/python3.8/site-packages/airflow/example_dags/example_branch_operator_decorator.py
[2024-11-11T00:49:57.889+0100] {processor.py:927} WARNING - No viable dags retrieved from /home/sakana/anaconda3/envs/airflow_env/lib/python3.8/site-packages/airflow/example_dags/example_branch_operator_decorator.py
[2024-11-11T00:49:57.903+0100] {processor.py:208} INFO - Processing /home/sakana/anaconda3/envs/airflow_env/lib/python3.8/site-packages/airflow/example_dags/example_branch_operator_decorator.py took 0.035 seconds
[2024-11-11T00:50:58.458+0100] {processor.py:186} INFO - Started process (PID=9530) to work on /home/sakana/anaconda3/envs/airflow_env/lib/python3.8/site-packages/airflow/example_dags/example_branch_operator_decorator.py
[2024-11-11T00:50:58.463+0100] {processor.py:914} INFO - Processing file /home/sakana/anaconda3/envs/airflow_env/lib/python3.8/site-packages/airflow/example_dags/example_branch_operator_decorator.py for tasks to queue
[2024-11-11T00:50:58.466+0100] {logging_mixin.py:190} INFO - [2024-11-11T00:50:58.465+0100] {dagbag.py:588} INFO - Filling up the DagBag from /home/sakana/anaconda3/envs/airflow_env/lib/python3.8/site-packages/airflow/example_dags/example_branch_operator_decorator.py
[2024-11-11T00:50:58.470+0100] {processor.py:927} WARNING - No viable dags retrieved from /home/sakana/anaconda3/envs/airflow_env/lib/python3.8/site-packages/airflow/example_dags/example_branch_operator_decorator.py
[2024-11-11T00:50:58.482+0100] {processor.py:208} INFO - Processing /home/sakana/anaconda3/envs/airflow_env/lib/python3.8/site-packages/airflow/example_dags/example_branch_operator_decorator.py took 0.030 seconds
[2024-11-11T00:52:23.072+0100] {processor.py:186} INFO - Started process (PID=9671) to work on /home/sakana/anaconda3/envs/airflow_env/lib/python3.8/site-packages/airflow/example_dags/example_branch_operator_decorator.py
[2024-11-11T00:52:23.078+0100] {processor.py:914} INFO - Processing file /home/sakana/anaconda3/envs/airflow_env/lib/python3.8/site-packages/airflow/example_dags/example_branch_operator_decorator.py for tasks to queue
[2024-11-11T00:52:23.082+0100] {logging_mixin.py:190} INFO - [2024-11-11T00:52:23.081+0100] {dagbag.py:588} INFO - Filling up the DagBag from /home/sakana/anaconda3/envs/airflow_env/lib/python3.8/site-packages/airflow/example_dags/example_branch_operator_decorator.py
[2024-11-11T00:52:23.087+0100] {processor.py:927} WARNING - No viable dags retrieved from /home/sakana/anaconda3/envs/airflow_env/lib/python3.8/site-packages/airflow/example_dags/example_branch_operator_decorator.py
[2024-11-11T00:52:23.100+0100] {processor.py:208} INFO - Processing /home/sakana/anaconda3/envs/airflow_env/lib/python3.8/site-packages/airflow/example_dags/example_branch_operator_decorator.py took 0.040 seconds
[2024-11-11T00:53:23.740+0100] {processor.py:186} INFO - Started process (PID=9868) to work on /home/sakana/anaconda3/envs/airflow_env/lib/python3.8/site-packages/airflow/example_dags/example_branch_operator_decorator.py
[2024-11-11T00:53:23.741+0100] {processor.py:914} INFO - Processing file /home/sakana/anaconda3/envs/airflow_env/lib/python3.8/site-packages/airflow/example_dags/example_branch_operator_decorator.py for tasks to queue
[2024-11-11T00:53:23.744+0100] {logging_mixin.py:190} INFO - [2024-11-11T00:53:23.743+0100] {dagbag.py:588} INFO - Filling up the DagBag from /home/sakana/anaconda3/envs/airflow_env/lib/python3.8/site-packages/airflow/example_dags/example_branch_operator_decorator.py
[2024-11-11T00:53:23.747+0100] {processor.py:927} WARNING - No viable dags retrieved from /home/sakana/anaconda3/envs/airflow_env/lib/python3.8/site-packages/airflow/example_dags/example_branch_operator_decorator.py
[2024-11-11T00:53:23.762+0100] {processor.py:208} INFO - Processing /home/sakana/anaconda3/envs/airflow_env/lib/python3.8/site-packages/airflow/example_dags/example_branch_operator_decorator.py took 0.029 seconds
