[2024-11-11T00:26:23.348+0100] {processor.py:186} INFO - Started process (PID=6829) to work on /home/sakana/anaconda3/envs/airflow_env/lib/python3.8/site-packages/airflow/example_dags/example_branch_day_of_week_operator.py
[2024-11-11T00:26:23.349+0100] {processor.py:914} INFO - Processing file /home/sakana/anaconda3/envs/airflow_env/lib/python3.8/site-packages/airflow/example_dags/example_branch_day_of_week_operator.py for tasks to queue
[2024-11-11T00:26:23.352+0100] {logging_mixin.py:190} INFO - [2024-11-11T00:26:23.351+0100] {dagbag.py:588} INFO - Filling up the DagBag from /home/sakana/anaconda3/envs/airflow_env/lib/python3.8/site-packages/airflow/example_dags/example_branch_day_of_week_operator.py
[2024-11-11T00:26:23.367+0100] {processor.py:925} INFO - DAG(s) 'example_weekday_branch_operator' retrieved from /home/sakana/anaconda3/envs/airflow_env/lib/python3.8/site-packages/airflow/example_dags/example_branch_day_of_week_operator.py
[2024-11-11T00:26:23.484+0100] {logging_mixin.py:190} INFO - [2024-11-11T00:26:23.483+0100] {override.py:1901} INFO - Created Permission View: can edit on DAG:example_weekday_branch_operator
[2024-11-11T00:26:23.502+0100] {logging_mixin.py:190} INFO - [2024-11-11T00:26:23.502+0100] {override.py:1901} INFO - Created Permission View: can read on DAG:example_weekday_branch_operator
[2024-11-11T00:26:23.517+0100] {logging_mixin.py:190} INFO - [2024-11-11T00:26:23.516+0100] {override.py:1901} INFO - Created Permission View: can delete on DAG:example_weekday_branch_operator
[2024-11-11T00:26:23.542+0100] {logging_mixin.py:190} INFO - [2024-11-11T00:26:23.542+0100] {override.py:1901} INFO - Created Permission View: can create on DAG Run:example_weekday_branch_operator
[2024-11-11T00:26:23.556+0100] {logging_mixin.py:190} INFO - [2024-11-11T00:26:23.556+0100] {override.py:1901} INFO - Created Permission View: can read on DAG Run:example_weekday_branch_operator
[2024-11-11T00:26:23.571+0100] {logging_mixin.py:190} INFO - [2024-11-11T00:26:23.571+0100] {override.py:1901} INFO - Created Permission View: can delete on DAG Run:example_weekday_branch_operator
[2024-11-11T00:26:23.587+0100] {logging_mixin.py:190} INFO - [2024-11-11T00:26:23.587+0100] {override.py:1901} INFO - Created Permission View: menu access on DAG Run:example_weekday_branch_operator
[2024-11-11T00:26:23.588+0100] {logging_mixin.py:190} INFO - [2024-11-11T00:26:23.587+0100] {dag.py:3239} INFO - Sync 1 DAGs
[2024-11-11T00:26:23.603+0100] {logging_mixin.py:190} INFO - [2024-11-11T00:26:23.602+0100] {dag.py:3262} INFO - Creating ORM DAG for example_weekday_branch_operator
[2024-11-11T00:26:23.614+0100] {logging_mixin.py:190} INFO - [2024-11-11T00:26:23.613+0100] {dag.py:4180} INFO - Setting next_dagrun for example_weekday_branch_operator to 2024-11-09 00:00:00+00:00, run_after=2024-11-10 00:00:00+00:00
[2024-11-11T00:26:23.641+0100] {processor.py:208} INFO - Processing /home/sakana/anaconda3/envs/airflow_env/lib/python3.8/site-packages/airflow/example_dags/example_branch_day_of_week_operator.py took 0.303 seconds
[2024-11-11T00:27:28.744+0100] {processor.py:186} INFO - Started process (PID=6942) to work on /home/sakana/anaconda3/envs/airflow_env/lib/python3.8/site-packages/airflow/example_dags/example_branch_day_of_week_operator.py
[2024-11-11T00:27:28.749+0100] {processor.py:914} INFO - Processing file /home/sakana/anaconda3/envs/airflow_env/lib/python3.8/site-packages/airflow/example_dags/example_branch_day_of_week_operator.py for tasks to queue
[2024-11-11T00:27:28.752+0100] {logging_mixin.py:190} INFO - [2024-11-11T00:27:28.751+0100] {dagbag.py:588} INFO - Filling up the DagBag from /home/sakana/anaconda3/envs/airflow_env/lib/python3.8/site-packages/airflow/example_dags/example_branch_day_of_week_operator.py
[2024-11-11T00:27:28.765+0100] {processor.py:925} INFO - DAG(s) 'example_weekday_branch_operator' retrieved from /home/sakana/anaconda3/envs/airflow_env/lib/python3.8/site-packages/airflow/example_dags/example_branch_day_of_week_operator.py
[2024-11-11T00:27:28.784+0100] {logging_mixin.py:190} INFO - [2024-11-11T00:27:28.784+0100] {dag.py:3239} INFO - Sync 1 DAGs
[2024-11-11T00:27:28.803+0100] {logging_mixin.py:190} INFO - [2024-11-11T00:27:28.803+0100] {dag.py:4180} INFO - Setting next_dagrun for example_weekday_branch_operator to 2024-11-09 00:00:00+00:00, run_after=2024-11-10 00:00:00+00:00
[2024-11-11T00:27:28.819+0100] {processor.py:208} INFO - Processing /home/sakana/anaconda3/envs/airflow_env/lib/python3.8/site-packages/airflow/example_dags/example_branch_day_of_week_operator.py took 0.083 seconds
[2024-11-11T00:28:25.622+0100] {processor.py:186} INFO - Started process (PID=7044) to work on /home/sakana/anaconda3/envs/airflow_env/lib/python3.8/site-packages/airflow/example_dags/example_branch_day_of_week_operator.py
[2024-11-11T00:28:25.628+0100] {processor.py:914} INFO - Processing file /home/sakana/anaconda3/envs/airflow_env/lib/python3.8/site-packages/airflow/example_dags/example_branch_day_of_week_operator.py for tasks to queue
[2024-11-11T00:28:25.634+0100] {logging_mixin.py:190} INFO - [2024-11-11T00:28:25.633+0100] {dagbag.py:588} INFO - Filling up the DagBag from /home/sakana/anaconda3/envs/airflow_env/lib/python3.8/site-packages/airflow/example_dags/example_branch_day_of_week_operator.py
[2024-11-11T00:28:25.659+0100] {processor.py:925} INFO - DAG(s) 'example_weekday_branch_operator' retrieved from /home/sakana/anaconda3/envs/airflow_env/lib/python3.8/site-packages/airflow/example_dags/example_branch_day_of_week_operator.py
[2024-11-11T00:28:25.678+0100] {logging_mixin.py:190} INFO - [2024-11-11T00:28:25.677+0100] {dag.py:3239} INFO - Sync 1 DAGs
[2024-11-11T00:28:25.697+0100] {logging_mixin.py:190} INFO - [2024-11-11T00:28:25.697+0100] {dag.py:4180} INFO - Setting next_dagrun for example_weekday_branch_operator to 2024-11-09 00:00:00+00:00, run_after=2024-11-10 00:00:00+00:00
[2024-11-11T00:28:25.714+0100] {processor.py:208} INFO - Processing /home/sakana/anaconda3/envs/airflow_env/lib/python3.8/site-packages/airflow/example_dags/example_branch_day_of_week_operator.py took 0.098 seconds
[2024-11-11T00:29:21.592+0100] {processor.py:186} INFO - Started process (PID=7123) to work on /home/sakana/anaconda3/envs/airflow_env/lib/python3.8/site-packages/airflow/example_dags/example_branch_day_of_week_operator.py
[2024-11-11T00:29:21.597+0100] {processor.py:914} INFO - Processing file /home/sakana/anaconda3/envs/airflow_env/lib/python3.8/site-packages/airflow/example_dags/example_branch_day_of_week_operator.py for tasks to queue
[2024-11-11T00:29:21.600+0100] {logging_mixin.py:190} INFO - [2024-11-11T00:29:21.600+0100] {dagbag.py:588} INFO - Filling up the DagBag from /home/sakana/anaconda3/envs/airflow_env/lib/python3.8/site-packages/airflow/example_dags/example_branch_day_of_week_operator.py
[2024-11-11T00:29:21.616+0100] {processor.py:925} INFO - DAG(s) 'example_weekday_branch_operator' retrieved from /home/sakana/anaconda3/envs/airflow_env/lib/python3.8/site-packages/airflow/example_dags/example_branch_day_of_week_operator.py
[2024-11-11T00:29:21.632+0100] {logging_mixin.py:190} INFO - [2024-11-11T00:29:21.632+0100] {dag.py:3239} INFO - Sync 1 DAGs
[2024-11-11T00:29:21.650+0100] {logging_mixin.py:190} INFO - [2024-11-11T00:29:21.649+0100] {dag.py:4180} INFO - Setting next_dagrun for example_weekday_branch_operator to 2024-11-09 00:00:00+00:00, run_after=2024-11-10 00:00:00+00:00
[2024-11-11T00:29:21.670+0100] {processor.py:208} INFO - Processing /home/sakana/anaconda3/envs/airflow_env/lib/python3.8/site-packages/airflow/example_dags/example_branch_day_of_week_operator.py took 0.090 seconds
[2024-11-11T00:30:16.313+0100] {processor.py:186} INFO - Started process (PID=7206) to work on /home/sakana/anaconda3/envs/airflow_env/lib/python3.8/site-packages/airflow/example_dags/example_branch_day_of_week_operator.py
[2024-11-11T00:30:16.318+0100] {processor.py:914} INFO - Processing file /home/sakana/anaconda3/envs/airflow_env/lib/python3.8/site-packages/airflow/example_dags/example_branch_day_of_week_operator.py for tasks to queue
[2024-11-11T00:30:16.320+0100] {logging_mixin.py:190} INFO - [2024-11-11T00:30:16.319+0100] {dagbag.py:588} INFO - Filling up the DagBag from /home/sakana/anaconda3/envs/airflow_env/lib/python3.8/site-packages/airflow/example_dags/example_branch_day_of_week_operator.py
[2024-11-11T00:30:16.330+0100] {processor.py:925} INFO - DAG(s) 'example_weekday_branch_operator' retrieved from /home/sakana/anaconda3/envs/airflow_env/lib/python3.8/site-packages/airflow/example_dags/example_branch_day_of_week_operator.py
[2024-11-11T00:30:16.347+0100] {logging_mixin.py:190} INFO - [2024-11-11T00:30:16.346+0100] {dag.py:3239} INFO - Sync 1 DAGs
[2024-11-11T00:30:16.368+0100] {logging_mixin.py:190} INFO - [2024-11-11T00:30:16.368+0100] {dag.py:4180} INFO - Setting next_dagrun for example_weekday_branch_operator to 2024-11-09 00:00:00+00:00, run_after=2024-11-10 00:00:00+00:00
[2024-11-11T00:30:16.385+0100] {processor.py:208} INFO - Processing /home/sakana/anaconda3/envs/airflow_env/lib/python3.8/site-packages/airflow/example_dags/example_branch_day_of_week_operator.py took 0.078 seconds
[2024-11-11T00:31:13.614+0100] {processor.py:186} INFO - Started process (PID=7284) to work on /home/sakana/anaconda3/envs/airflow_env/lib/python3.8/site-packages/airflow/example_dags/example_branch_day_of_week_operator.py
[2024-11-11T00:31:13.619+0100] {processor.py:914} INFO - Processing file /home/sakana/anaconda3/envs/airflow_env/lib/python3.8/site-packages/airflow/example_dags/example_branch_day_of_week_operator.py for tasks to queue
[2024-11-11T00:31:13.621+0100] {logging_mixin.py:190} INFO - [2024-11-11T00:31:13.620+0100] {dagbag.py:588} INFO - Filling up the DagBag from /home/sakana/anaconda3/envs/airflow_env/lib/python3.8/site-packages/airflow/example_dags/example_branch_day_of_week_operator.py
[2024-11-11T00:31:13.632+0100] {processor.py:925} INFO - DAG(s) 'example_weekday_branch_operator' retrieved from /home/sakana/anaconda3/envs/airflow_env/lib/python3.8/site-packages/airflow/example_dags/example_branch_day_of_week_operator.py
[2024-11-11T00:31:13.648+0100] {logging_mixin.py:190} INFO - [2024-11-11T00:31:13.648+0100] {dag.py:3239} INFO - Sync 1 DAGs
[2024-11-11T00:31:13.666+0100] {logging_mixin.py:190} INFO - [2024-11-11T00:31:13.666+0100] {dag.py:4180} INFO - Setting next_dagrun for example_weekday_branch_operator to 2024-11-09 00:00:00+00:00, run_after=2024-11-10 00:00:00+00:00
[2024-11-11T00:31:13.687+0100] {processor.py:208} INFO - Processing /home/sakana/anaconda3/envs/airflow_env/lib/python3.8/site-packages/airflow/example_dags/example_branch_day_of_week_operator.py took 0.080 seconds
[2024-11-11T00:32:09.570+0100] {processor.py:186} INFO - Started process (PID=7360) to work on /home/sakana/anaconda3/envs/airflow_env/lib/python3.8/site-packages/airflow/example_dags/example_branch_day_of_week_operator.py
[2024-11-11T00:32:09.575+0100] {processor.py:914} INFO - Processing file /home/sakana/anaconda3/envs/airflow_env/lib/python3.8/site-packages/airflow/example_dags/example_branch_day_of_week_operator.py for tasks to queue
[2024-11-11T00:32:09.577+0100] {logging_mixin.py:190} INFO - [2024-11-11T00:32:09.577+0100] {dagbag.py:588} INFO - Filling up the DagBag from /home/sakana/anaconda3/envs/airflow_env/lib/python3.8/site-packages/airflow/example_dags/example_branch_day_of_week_operator.py
[2024-11-11T00:32:09.589+0100] {processor.py:925} INFO - DAG(s) 'example_weekday_branch_operator' retrieved from /home/sakana/anaconda3/envs/airflow_env/lib/python3.8/site-packages/airflow/example_dags/example_branch_day_of_week_operator.py
[2024-11-11T00:32:09.604+0100] {logging_mixin.py:190} INFO - [2024-11-11T00:32:09.604+0100] {dag.py:3239} INFO - Sync 1 DAGs
[2024-11-11T00:32:09.623+0100] {logging_mixin.py:190} INFO - [2024-11-11T00:32:09.623+0100] {dag.py:4180} INFO - Setting next_dagrun for example_weekday_branch_operator to 2024-11-09 00:00:00+00:00, run_after=2024-11-10 00:00:00+00:00
[2024-11-11T00:32:09.640+0100] {processor.py:208} INFO - Processing /home/sakana/anaconda3/envs/airflow_env/lib/python3.8/site-packages/airflow/example_dags/example_branch_day_of_week_operator.py took 0.077 seconds
[2024-11-11T00:33:31.288+0100] {processor.py:186} INFO - Started process (PID=7483) to work on /home/sakana/anaconda3/envs/airflow_env/lib/python3.8/site-packages/airflow/example_dags/example_branch_day_of_week_operator.py
[2024-11-11T00:33:31.293+0100] {processor.py:914} INFO - Processing file /home/sakana/anaconda3/envs/airflow_env/lib/python3.8/site-packages/airflow/example_dags/example_branch_day_of_week_operator.py for tasks to queue
[2024-11-11T00:33:31.295+0100] {logging_mixin.py:190} INFO - [2024-11-11T00:33:31.295+0100] {dagbag.py:588} INFO - Filling up the DagBag from /home/sakana/anaconda3/envs/airflow_env/lib/python3.8/site-packages/airflow/example_dags/example_branch_day_of_week_operator.py
[2024-11-11T00:33:31.308+0100] {processor.py:925} INFO - DAG(s) 'example_weekday_branch_operator' retrieved from /home/sakana/anaconda3/envs/airflow_env/lib/python3.8/site-packages/airflow/example_dags/example_branch_day_of_week_operator.py
[2024-11-11T00:33:31.326+0100] {logging_mixin.py:190} INFO - [2024-11-11T00:33:31.325+0100] {dag.py:3239} INFO - Sync 1 DAGs
[2024-11-11T00:33:31.346+0100] {logging_mixin.py:190} INFO - [2024-11-11T00:33:31.346+0100] {dag.py:4180} INFO - Setting next_dagrun for example_weekday_branch_operator to 2024-11-09 00:00:00+00:00, run_after=2024-11-10 00:00:00+00:00
[2024-11-11T00:33:31.375+0100] {processor.py:208} INFO - Processing /home/sakana/anaconda3/envs/airflow_env/lib/python3.8/site-packages/airflow/example_dags/example_branch_day_of_week_operator.py took 0.096 seconds
[2024-11-11T00:34:28.124+0100] {processor.py:186} INFO - Started process (PID=7572) to work on /home/sakana/anaconda3/envs/airflow_env/lib/python3.8/site-packages/airflow/example_dags/example_branch_day_of_week_operator.py
[2024-11-11T00:34:28.129+0100] {processor.py:914} INFO - Processing file /home/sakana/anaconda3/envs/airflow_env/lib/python3.8/site-packages/airflow/example_dags/example_branch_day_of_week_operator.py for tasks to queue
[2024-11-11T00:34:28.131+0100] {logging_mixin.py:190} INFO - [2024-11-11T00:34:28.131+0100] {dagbag.py:588} INFO - Filling up the DagBag from /home/sakana/anaconda3/envs/airflow_env/lib/python3.8/site-packages/airflow/example_dags/example_branch_day_of_week_operator.py
[2024-11-11T00:34:28.145+0100] {processor.py:925} INFO - DAG(s) 'example_weekday_branch_operator' retrieved from /home/sakana/anaconda3/envs/airflow_env/lib/python3.8/site-packages/airflow/example_dags/example_branch_day_of_week_operator.py
[2024-11-11T00:34:28.162+0100] {logging_mixin.py:190} INFO - [2024-11-11T00:34:28.162+0100] {dag.py:3239} INFO - Sync 1 DAGs
[2024-11-11T00:34:28.181+0100] {logging_mixin.py:190} INFO - [2024-11-11T00:34:28.180+0100] {dag.py:4180} INFO - Setting next_dagrun for example_weekday_branch_operator to 2024-11-09 00:00:00+00:00, run_after=2024-11-10 00:00:00+00:00
[2024-11-11T00:34:28.197+0100] {processor.py:208} INFO - Processing /home/sakana/anaconda3/envs/airflow_env/lib/python3.8/site-packages/airflow/example_dags/example_branch_day_of_week_operator.py took 0.081 seconds
[2024-11-11T00:35:24.286+0100] {processor.py:186} INFO - Started process (PID=7650) to work on /home/sakana/anaconda3/envs/airflow_env/lib/python3.8/site-packages/airflow/example_dags/example_branch_day_of_week_operator.py
[2024-11-11T00:35:24.292+0100] {processor.py:914} INFO - Processing file /home/sakana/anaconda3/envs/airflow_env/lib/python3.8/site-packages/airflow/example_dags/example_branch_day_of_week_operator.py for tasks to queue
[2024-11-11T00:35:24.298+0100] {logging_mixin.py:190} INFO - [2024-11-11T00:35:24.297+0100] {dagbag.py:588} INFO - Filling up the DagBag from /home/sakana/anaconda3/envs/airflow_env/lib/python3.8/site-packages/airflow/example_dags/example_branch_day_of_week_operator.py
[2024-11-11T00:35:24.316+0100] {processor.py:925} INFO - DAG(s) 'example_weekday_branch_operator' retrieved from /home/sakana/anaconda3/envs/airflow_env/lib/python3.8/site-packages/airflow/example_dags/example_branch_day_of_week_operator.py
[2024-11-11T00:35:24.333+0100] {logging_mixin.py:190} INFO - [2024-11-11T00:35:24.332+0100] {dag.py:3239} INFO - Sync 1 DAGs
[2024-11-11T00:35:24.354+0100] {logging_mixin.py:190} INFO - [2024-11-11T00:35:24.354+0100] {dag.py:4180} INFO - Setting next_dagrun for example_weekday_branch_operator to 2024-11-09 00:00:00+00:00, run_after=2024-11-10 00:00:00+00:00
[2024-11-11T00:35:24.371+0100] {processor.py:208} INFO - Processing /home/sakana/anaconda3/envs/airflow_env/lib/python3.8/site-packages/airflow/example_dags/example_branch_day_of_week_operator.py took 0.094 seconds
[2024-11-11T00:36:46.097+0100] {processor.py:186} INFO - Started process (PID=7752) to work on /home/sakana/anaconda3/envs/airflow_env/lib/python3.8/site-packages/airflow/example_dags/example_branch_day_of_week_operator.py
[2024-11-11T00:36:46.102+0100] {processor.py:914} INFO - Processing file /home/sakana/anaconda3/envs/airflow_env/lib/python3.8/site-packages/airflow/example_dags/example_branch_day_of_week_operator.py for tasks to queue
[2024-11-11T00:36:46.104+0100] {logging_mixin.py:190} INFO - [2024-11-11T00:36:46.104+0100] {dagbag.py:588} INFO - Filling up the DagBag from /home/sakana/anaconda3/envs/airflow_env/lib/python3.8/site-packages/airflow/example_dags/example_branch_day_of_week_operator.py
[2024-11-11T00:36:46.117+0100] {processor.py:925} INFO - DAG(s) 'example_weekday_branch_operator' retrieved from /home/sakana/anaconda3/envs/airflow_env/lib/python3.8/site-packages/airflow/example_dags/example_branch_day_of_week_operator.py
[2024-11-11T00:36:46.135+0100] {logging_mixin.py:190} INFO - [2024-11-11T00:36:46.135+0100] {dag.py:3239} INFO - Sync 1 DAGs
[2024-11-11T00:36:46.154+0100] {logging_mixin.py:190} INFO - [2024-11-11T00:36:46.153+0100] {dag.py:4180} INFO - Setting next_dagrun for example_weekday_branch_operator to 2024-11-09 00:00:00+00:00, run_after=2024-11-10 00:00:00+00:00
[2024-11-11T00:36:46.178+0100] {processor.py:208} INFO - Processing /home/sakana/anaconda3/envs/airflow_env/lib/python3.8/site-packages/airflow/example_dags/example_branch_day_of_week_operator.py took 0.088 seconds
[2024-11-11T00:37:43.972+0100] {processor.py:186} INFO - Started process (PID=7827) to work on /home/sakana/anaconda3/envs/airflow_env/lib/python3.8/site-packages/airflow/example_dags/example_branch_day_of_week_operator.py
[2024-11-11T00:37:43.977+0100] {processor.py:914} INFO - Processing file /home/sakana/anaconda3/envs/airflow_env/lib/python3.8/site-packages/airflow/example_dags/example_branch_day_of_week_operator.py for tasks to queue
[2024-11-11T00:37:43.980+0100] {logging_mixin.py:190} INFO - [2024-11-11T00:37:43.979+0100] {dagbag.py:588} INFO - Filling up the DagBag from /home/sakana/anaconda3/envs/airflow_env/lib/python3.8/site-packages/airflow/example_dags/example_branch_day_of_week_operator.py
[2024-11-11T00:37:43.993+0100] {processor.py:925} INFO - DAG(s) 'example_weekday_branch_operator' retrieved from /home/sakana/anaconda3/envs/airflow_env/lib/python3.8/site-packages/airflow/example_dags/example_branch_day_of_week_operator.py
[2024-11-11T00:37:44.009+0100] {logging_mixin.py:190} INFO - [2024-11-11T00:37:44.009+0100] {dag.py:3239} INFO - Sync 1 DAGs
[2024-11-11T00:37:44.030+0100] {logging_mixin.py:190} INFO - [2024-11-11T00:37:44.030+0100] {dag.py:4180} INFO - Setting next_dagrun for example_weekday_branch_operator to 2024-11-09 00:00:00+00:00, run_after=2024-11-10 00:00:00+00:00
[2024-11-11T00:37:44.060+0100] {processor.py:208} INFO - Processing /home/sakana/anaconda3/envs/airflow_env/lib/python3.8/site-packages/airflow/example_dags/example_branch_day_of_week_operator.py took 0.096 seconds
[2024-11-11T00:39:05.314+0100] {processor.py:186} INFO - Started process (PID=7968) to work on /home/sakana/anaconda3/envs/airflow_env/lib/python3.8/site-packages/airflow/example_dags/example_branch_day_of_week_operator.py
[2024-11-11T00:39:05.320+0100] {processor.py:914} INFO - Processing file /home/sakana/anaconda3/envs/airflow_env/lib/python3.8/site-packages/airflow/example_dags/example_branch_day_of_week_operator.py for tasks to queue
[2024-11-11T00:39:05.325+0100] {logging_mixin.py:190} INFO - [2024-11-11T00:39:05.324+0100] {dagbag.py:588} INFO - Filling up the DagBag from /home/sakana/anaconda3/envs/airflow_env/lib/python3.8/site-packages/airflow/example_dags/example_branch_day_of_week_operator.py
[2024-11-11T00:39:05.342+0100] {processor.py:925} INFO - DAG(s) 'example_weekday_branch_operator' retrieved from /home/sakana/anaconda3/envs/airflow_env/lib/python3.8/site-packages/airflow/example_dags/example_branch_day_of_week_operator.py
[2024-11-11T00:39:05.357+0100] {logging_mixin.py:190} INFO - [2024-11-11T00:39:05.357+0100] {dag.py:3239} INFO - Sync 1 DAGs
[2024-11-11T00:39:05.376+0100] {logging_mixin.py:190} INFO - [2024-11-11T00:39:05.376+0100] {dag.py:4180} INFO - Setting next_dagrun for example_weekday_branch_operator to 2024-11-09 00:00:00+00:00, run_after=2024-11-10 00:00:00+00:00
[2024-11-11T00:39:05.400+0100] {processor.py:208} INFO - Processing /home/sakana/anaconda3/envs/airflow_env/lib/python3.8/site-packages/airflow/example_dags/example_branch_day_of_week_operator.py took 0.103 seconds
[2024-11-11T00:40:01.256+0100] {processor.py:186} INFO - Started process (PID=8122) to work on /home/sakana/anaconda3/envs/airflow_env/lib/python3.8/site-packages/airflow/example_dags/example_branch_day_of_week_operator.py
[2024-11-11T00:40:01.261+0100] {processor.py:914} INFO - Processing file /home/sakana/anaconda3/envs/airflow_env/lib/python3.8/site-packages/airflow/example_dags/example_branch_day_of_week_operator.py for tasks to queue
[2024-11-11T00:40:01.263+0100] {logging_mixin.py:190} INFO - [2024-11-11T00:40:01.262+0100] {dagbag.py:588} INFO - Filling up the DagBag from /home/sakana/anaconda3/envs/airflow_env/lib/python3.8/site-packages/airflow/example_dags/example_branch_day_of_week_operator.py
[2024-11-11T00:40:01.272+0100] {processor.py:925} INFO - DAG(s) 'example_weekday_branch_operator' retrieved from /home/sakana/anaconda3/envs/airflow_env/lib/python3.8/site-packages/airflow/example_dags/example_branch_day_of_week_operator.py
[2024-11-11T00:40:01.290+0100] {logging_mixin.py:190} INFO - [2024-11-11T00:40:01.289+0100] {dag.py:3239} INFO - Sync 1 DAGs
[2024-11-11T00:40:01.310+0100] {logging_mixin.py:190} INFO - [2024-11-11T00:40:01.309+0100] {dag.py:4180} INFO - Setting next_dagrun for example_weekday_branch_operator to 2024-11-09 00:00:00+00:00, run_after=2024-11-10 00:00:00+00:00
[2024-11-11T00:40:01.333+0100] {processor.py:208} INFO - Processing /home/sakana/anaconda3/envs/airflow_env/lib/python3.8/site-packages/airflow/example_dags/example_branch_day_of_week_operator.py took 0.083 seconds
[2024-11-11T00:46:03.765+0100] {processor.py:186} INFO - Started process (PID=8814) to work on /home/sakana/anaconda3/envs/airflow_env/lib/python3.8/site-packages/airflow/example_dags/example_branch_day_of_week_operator.py
[2024-11-11T00:46:03.766+0100] {processor.py:914} INFO - Processing file /home/sakana/anaconda3/envs/airflow_env/lib/python3.8/site-packages/airflow/example_dags/example_branch_day_of_week_operator.py for tasks to queue
[2024-11-11T00:46:03.768+0100] {logging_mixin.py:190} INFO - [2024-11-11T00:46:03.768+0100] {dagbag.py:588} INFO - Filling up the DagBag from /home/sakana/anaconda3/envs/airflow_env/lib/python3.8/site-packages/airflow/example_dags/example_branch_day_of_week_operator.py
[2024-11-11T00:46:03.780+0100] {processor.py:925} INFO - DAG(s) 'example_weekday_branch_operator' retrieved from /home/sakana/anaconda3/envs/airflow_env/lib/python3.8/site-packages/airflow/example_dags/example_branch_day_of_week_operator.py
[2024-11-11T00:46:03.798+0100] {logging_mixin.py:190} INFO - [2024-11-11T00:46:03.798+0100] {dag.py:3239} INFO - Sync 1 DAGs
[2024-11-11T00:46:03.826+0100] {logging_mixin.py:190} INFO - [2024-11-11T00:46:03.826+0100] {dag.py:4180} INFO - Setting next_dagrun for example_weekday_branch_operator to 2024-11-09 00:00:00+00:00, run_after=2024-11-10 00:00:00+00:00
[2024-11-11T00:46:03.844+0100] {processor.py:208} INFO - Processing /home/sakana/anaconda3/envs/airflow_env/lib/python3.8/site-packages/airflow/example_dags/example_branch_day_of_week_operator.py took 0.086 seconds
[2024-11-11T00:47:01.011+0100] {processor.py:186} INFO - Started process (PID=8899) to work on /home/sakana/anaconda3/envs/airflow_env/lib/python3.8/site-packages/airflow/example_dags/example_branch_day_of_week_operator.py
[2024-11-11T00:47:01.017+0100] {processor.py:914} INFO - Processing file /home/sakana/anaconda3/envs/airflow_env/lib/python3.8/site-packages/airflow/example_dags/example_branch_day_of_week_operator.py for tasks to queue
[2024-11-11T00:47:01.026+0100] {logging_mixin.py:190} INFO - [2024-11-11T00:47:01.024+0100] {dagbag.py:588} INFO - Filling up the DagBag from /home/sakana/anaconda3/envs/airflow_env/lib/python3.8/site-packages/airflow/example_dags/example_branch_day_of_week_operator.py
[2024-11-11T00:47:01.046+0100] {processor.py:925} INFO - DAG(s) 'example_weekday_branch_operator' retrieved from /home/sakana/anaconda3/envs/airflow_env/lib/python3.8/site-packages/airflow/example_dags/example_branch_day_of_week_operator.py
[2024-11-11T00:47:01.066+0100] {logging_mixin.py:190} INFO - [2024-11-11T00:47:01.066+0100] {dag.py:3239} INFO - Sync 1 DAGs
[2024-11-11T00:47:01.091+0100] {logging_mixin.py:190} INFO - [2024-11-11T00:47:01.091+0100] {dag.py:4180} INFO - Setting next_dagrun for example_weekday_branch_operator to 2024-11-09 00:00:00+00:00, run_after=2024-11-10 00:00:00+00:00
[2024-11-11T00:47:01.114+0100] {processor.py:208} INFO - Processing /home/sakana/anaconda3/envs/airflow_env/lib/python3.8/site-packages/airflow/example_dags/example_branch_day_of_week_operator.py took 0.114 seconds
[2024-11-11T00:47:58.663+0100] {processor.py:186} INFO - Started process (PID=8970) to work on /home/sakana/anaconda3/envs/airflow_env/lib/python3.8/site-packages/airflow/example_dags/example_branch_day_of_week_operator.py
[2024-11-11T00:47:58.669+0100] {processor.py:914} INFO - Processing file /home/sakana/anaconda3/envs/airflow_env/lib/python3.8/site-packages/airflow/example_dags/example_branch_day_of_week_operator.py for tasks to queue
[2024-11-11T00:47:58.675+0100] {logging_mixin.py:190} INFO - [2024-11-11T00:47:58.674+0100] {dagbag.py:588} INFO - Filling up the DagBag from /home/sakana/anaconda3/envs/airflow_env/lib/python3.8/site-packages/airflow/example_dags/example_branch_day_of_week_operator.py
[2024-11-11T00:47:58.704+0100] {processor.py:925} INFO - DAG(s) 'example_weekday_branch_operator' retrieved from /home/sakana/anaconda3/envs/airflow_env/lib/python3.8/site-packages/airflow/example_dags/example_branch_day_of_week_operator.py
[2024-11-11T00:47:58.723+0100] {logging_mixin.py:190} INFO - [2024-11-11T00:47:58.723+0100] {dag.py:3239} INFO - Sync 1 DAGs
[2024-11-11T00:47:58.744+0100] {logging_mixin.py:190} INFO - [2024-11-11T00:47:58.744+0100] {dag.py:4180} INFO - Setting next_dagrun for example_weekday_branch_operator to 2024-11-09 00:00:00+00:00, run_after=2024-11-10 00:00:00+00:00
[2024-11-11T00:47:58.787+0100] {processor.py:208} INFO - Processing /home/sakana/anaconda3/envs/airflow_env/lib/python3.8/site-packages/airflow/example_dags/example_branch_day_of_week_operator.py took 0.132 seconds
[2024-11-11T00:48:56.041+0100] {processor.py:186} INFO - Started process (PID=9076) to work on /home/sakana/anaconda3/envs/airflow_env/lib/python3.8/site-packages/airflow/example_dags/example_branch_day_of_week_operator.py
[2024-11-11T00:48:56.047+0100] {processor.py:914} INFO - Processing file /home/sakana/anaconda3/envs/airflow_env/lib/python3.8/site-packages/airflow/example_dags/example_branch_day_of_week_operator.py for tasks to queue
[2024-11-11T00:48:56.053+0100] {logging_mixin.py:190} INFO - [2024-11-11T00:48:56.052+0100] {dagbag.py:588} INFO - Filling up the DagBag from /home/sakana/anaconda3/envs/airflow_env/lib/python3.8/site-packages/airflow/example_dags/example_branch_day_of_week_operator.py
[2024-11-11T00:48:56.078+0100] {processor.py:925} INFO - DAG(s) 'example_weekday_branch_operator' retrieved from /home/sakana/anaconda3/envs/airflow_env/lib/python3.8/site-packages/airflow/example_dags/example_branch_day_of_week_operator.py
[2024-11-11T00:48:56.099+0100] {logging_mixin.py:190} INFO - [2024-11-11T00:48:56.099+0100] {dag.py:3239} INFO - Sync 1 DAGs
[2024-11-11T00:48:56.126+0100] {logging_mixin.py:190} INFO - [2024-11-11T00:48:56.126+0100] {dag.py:4180} INFO - Setting next_dagrun for example_weekday_branch_operator to 2024-11-09 00:00:00+00:00, run_after=2024-11-10 00:00:00+00:00
[2024-11-11T00:48:56.147+0100] {processor.py:208} INFO - Processing /home/sakana/anaconda3/envs/airflow_env/lib/python3.8/site-packages/airflow/example_dags/example_branch_day_of_week_operator.py took 0.112 seconds
[2024-11-11T00:49:53.434+0100] {processor.py:186} INFO - Started process (PID=9442) to work on /home/sakana/anaconda3/envs/airflow_env/lib/python3.8/site-packages/airflow/example_dags/example_branch_day_of_week_operator.py
[2024-11-11T00:49:53.439+0100] {processor.py:914} INFO - Processing file /home/sakana/anaconda3/envs/airflow_env/lib/python3.8/site-packages/airflow/example_dags/example_branch_day_of_week_operator.py for tasks to queue
[2024-11-11T00:49:53.442+0100] {logging_mixin.py:190} INFO - [2024-11-11T00:49:53.441+0100] {dagbag.py:588} INFO - Filling up the DagBag from /home/sakana/anaconda3/envs/airflow_env/lib/python3.8/site-packages/airflow/example_dags/example_branch_day_of_week_operator.py
[2024-11-11T00:49:53.459+0100] {processor.py:925} INFO - DAG(s) 'example_weekday_branch_operator' retrieved from /home/sakana/anaconda3/envs/airflow_env/lib/python3.8/site-packages/airflow/example_dags/example_branch_day_of_week_operator.py
[2024-11-11T00:49:53.483+0100] {logging_mixin.py:190} INFO - [2024-11-11T00:49:53.482+0100] {dag.py:3239} INFO - Sync 1 DAGs
[2024-11-11T00:49:53.512+0100] {logging_mixin.py:190} INFO - [2024-11-11T00:49:53.512+0100] {dag.py:4180} INFO - Setting next_dagrun for example_weekday_branch_operator to 2024-11-09 00:00:00+00:00, run_after=2024-11-10 00:00:00+00:00
[2024-11-11T00:49:53.535+0100] {processor.py:208} INFO - Processing /home/sakana/anaconda3/envs/airflow_env/lib/python3.8/site-packages/airflow/example_dags/example_branch_day_of_week_operator.py took 0.108 seconds
[2024-11-11T00:50:54.351+0100] {processor.py:186} INFO - Started process (PID=9525) to work on /home/sakana/anaconda3/envs/airflow_env/lib/python3.8/site-packages/airflow/example_dags/example_branch_day_of_week_operator.py
[2024-11-11T00:50:54.356+0100] {processor.py:914} INFO - Processing file /home/sakana/anaconda3/envs/airflow_env/lib/python3.8/site-packages/airflow/example_dags/example_branch_day_of_week_operator.py for tasks to queue
[2024-11-11T00:50:54.358+0100] {logging_mixin.py:190} INFO - [2024-11-11T00:50:54.358+0100] {dagbag.py:588} INFO - Filling up the DagBag from /home/sakana/anaconda3/envs/airflow_env/lib/python3.8/site-packages/airflow/example_dags/example_branch_day_of_week_operator.py
[2024-11-11T00:50:54.370+0100] {processor.py:925} INFO - DAG(s) 'example_weekday_branch_operator' retrieved from /home/sakana/anaconda3/envs/airflow_env/lib/python3.8/site-packages/airflow/example_dags/example_branch_day_of_week_operator.py
[2024-11-11T00:50:54.390+0100] {logging_mixin.py:190} INFO - [2024-11-11T00:50:54.390+0100] {dag.py:3239} INFO - Sync 1 DAGs
[2024-11-11T00:50:54.414+0100] {logging_mixin.py:190} INFO - [2024-11-11T00:50:54.414+0100] {dag.py:4180} INFO - Setting next_dagrun for example_weekday_branch_operator to 2024-11-09 00:00:00+00:00, run_after=2024-11-10 00:00:00+00:00
[2024-11-11T00:50:54.437+0100] {processor.py:208} INFO - Processing /home/sakana/anaconda3/envs/airflow_env/lib/python3.8/site-packages/airflow/example_dags/example_branch_day_of_week_operator.py took 0.093 seconds
[2024-11-11T00:51:52.064+0100] {processor.py:186} INFO - Started process (PID=9624) to work on /home/sakana/anaconda3/envs/airflow_env/lib/python3.8/site-packages/airflow/example_dags/example_branch_day_of_week_operator.py
[2024-11-11T00:51:52.065+0100] {processor.py:914} INFO - Processing file /home/sakana/anaconda3/envs/airflow_env/lib/python3.8/site-packages/airflow/example_dags/example_branch_day_of_week_operator.py for tasks to queue
[2024-11-11T00:51:52.067+0100] {logging_mixin.py:190} INFO - [2024-11-11T00:51:52.066+0100] {dagbag.py:588} INFO - Filling up the DagBag from /home/sakana/anaconda3/envs/airflow_env/lib/python3.8/site-packages/airflow/example_dags/example_branch_day_of_week_operator.py
[2024-11-11T00:51:52.081+0100] {processor.py:925} INFO - DAG(s) 'example_weekday_branch_operator' retrieved from /home/sakana/anaconda3/envs/airflow_env/lib/python3.8/site-packages/airflow/example_dags/example_branch_day_of_week_operator.py
[2024-11-11T00:51:52.100+0100] {logging_mixin.py:190} INFO - [2024-11-11T00:51:52.100+0100] {dag.py:3239} INFO - Sync 1 DAGs
[2024-11-11T00:51:52.125+0100] {logging_mixin.py:190} INFO - [2024-11-11T00:51:52.125+0100] {dag.py:4180} INFO - Setting next_dagrun for example_weekday_branch_operator to 2024-11-09 00:00:00+00:00, run_after=2024-11-10 00:00:00+00:00
[2024-11-11T00:51:52.159+0100] {processor.py:208} INFO - Processing /home/sakana/anaconda3/envs/airflow_env/lib/python3.8/site-packages/airflow/example_dags/example_branch_day_of_week_operator.py took 0.105 seconds
[2024-11-11T00:52:48.821+0100] {processor.py:186} INFO - Started process (PID=9823) to work on /home/sakana/anaconda3/envs/airflow_env/lib/python3.8/site-packages/airflow/example_dags/example_branch_day_of_week_operator.py
[2024-11-11T00:52:48.822+0100] {processor.py:914} INFO - Processing file /home/sakana/anaconda3/envs/airflow_env/lib/python3.8/site-packages/airflow/example_dags/example_branch_day_of_week_operator.py for tasks to queue
[2024-11-11T00:52:48.826+0100] {logging_mixin.py:190} INFO - [2024-11-11T00:52:48.825+0100] {dagbag.py:588} INFO - Filling up the DagBag from /home/sakana/anaconda3/envs/airflow_env/lib/python3.8/site-packages/airflow/example_dags/example_branch_day_of_week_operator.py
[2024-11-11T00:52:48.866+0100] {processor.py:925} INFO - DAG(s) 'example_weekday_branch_operator' retrieved from /home/sakana/anaconda3/envs/airflow_env/lib/python3.8/site-packages/airflow/example_dags/example_branch_day_of_week_operator.py
[2024-11-11T00:52:48.911+0100] {logging_mixin.py:190} INFO - [2024-11-11T00:52:48.910+0100] {dag.py:3239} INFO - Sync 1 DAGs
[2024-11-11T00:52:48.955+0100] {logging_mixin.py:190} INFO - [2024-11-11T00:52:48.954+0100] {dag.py:4180} INFO - Setting next_dagrun for example_weekday_branch_operator to 2024-11-09 00:00:00+00:00, run_after=2024-11-10 00:00:00+00:00
[2024-11-11T00:52:48.996+0100] {processor.py:208} INFO - Processing /home/sakana/anaconda3/envs/airflow_env/lib/python3.8/site-packages/airflow/example_dags/example_branch_day_of_week_operator.py took 0.185 seconds
[2024-11-11T00:53:49.779+0100] {processor.py:186} INFO - Started process (PID=9904) to work on /home/sakana/anaconda3/envs/airflow_env/lib/python3.8/site-packages/airflow/example_dags/example_branch_day_of_week_operator.py
[2024-11-11T00:53:49.784+0100] {processor.py:914} INFO - Processing file /home/sakana/anaconda3/envs/airflow_env/lib/python3.8/site-packages/airflow/example_dags/example_branch_day_of_week_operator.py for tasks to queue
[2024-11-11T00:53:49.787+0100] {logging_mixin.py:190} INFO - [2024-11-11T00:53:49.786+0100] {dagbag.py:588} INFO - Filling up the DagBag from /home/sakana/anaconda3/envs/airflow_env/lib/python3.8/site-packages/airflow/example_dags/example_branch_day_of_week_operator.py
[2024-11-11T00:53:49.797+0100] {processor.py:925} INFO - DAG(s) 'example_weekday_branch_operator' retrieved from /home/sakana/anaconda3/envs/airflow_env/lib/python3.8/site-packages/airflow/example_dags/example_branch_day_of_week_operator.py
[2024-11-11T00:53:49.813+0100] {logging_mixin.py:190} INFO - [2024-11-11T00:53:49.813+0100] {dag.py:3239} INFO - Sync 1 DAGs
[2024-11-11T00:53:49.832+0100] {logging_mixin.py:190} INFO - [2024-11-11T00:53:49.832+0100] {dag.py:4180} INFO - Setting next_dagrun for example_weekday_branch_operator to 2024-11-09 00:00:00+00:00, run_after=2024-11-10 00:00:00+00:00
[2024-11-11T00:53:49.859+0100] {processor.py:208} INFO - Processing /home/sakana/anaconda3/envs/airflow_env/lib/python3.8/site-packages/airflow/example_dags/example_branch_day_of_week_operator.py took 0.088 seconds
