[2024-11-11T00:25:46.493+0100] {processor.py:186} INFO - Started process (PID=6688) to work on /home/sakana/anaconda3/envs/airflow_env/lib/python3.8/site-packages/airflow/example_dags/example_short_circuit_decorator.py
[2024-11-11T00:25:46.494+0100] {processor.py:914} INFO - Processing file /home/sakana/anaconda3/envs/airflow_env/lib/python3.8/site-packages/airflow/example_dags/example_short_circuit_decorator.py for tasks to queue
[2024-11-11T00:25:46.497+0100] {logging_mixin.py:190} INFO - [2024-11-11T00:25:46.497+0100] {dagbag.py:588} INFO - Filling up the DagBag from /home/sakana/anaconda3/envs/airflow_env/lib/python3.8/site-packages/airflow/example_dags/example_short_circuit_decorator.py
[2024-11-11T00:25:46.510+0100] {processor.py:925} INFO - DAG(s) 'example_short_circuit_decorator' retrieved from /home/sakana/anaconda3/envs/airflow_env/lib/python3.8/site-packages/airflow/example_dags/example_short_circuit_decorator.py
[2024-11-11T00:25:46.630+0100] {logging_mixin.py:190} INFO - [2024-11-11T00:25:46.630+0100] {override.py:1901} INFO - Created Permission View: can edit on DAG:example_short_circuit_decorator
[2024-11-11T00:25:46.648+0100] {logging_mixin.py:190} INFO - [2024-11-11T00:25:46.648+0100] {override.py:1901} INFO - Created Permission View: can read on DAG:example_short_circuit_decorator
[2024-11-11T00:25:46.663+0100] {logging_mixin.py:190} INFO - [2024-11-11T00:25:46.662+0100] {override.py:1901} INFO - Created Permission View: can delete on DAG:example_short_circuit_decorator
[2024-11-11T00:25:46.688+0100] {logging_mixin.py:190} INFO - [2024-11-11T00:25:46.688+0100] {override.py:1901} INFO - Created Permission View: can create on DAG Run:example_short_circuit_decorator
[2024-11-11T00:25:46.703+0100] {logging_mixin.py:190} INFO - [2024-11-11T00:25:46.702+0100] {override.py:1901} INFO - Created Permission View: can read on DAG Run:example_short_circuit_decorator
[2024-11-11T00:25:46.720+0100] {logging_mixin.py:190} INFO - [2024-11-11T00:25:46.719+0100] {override.py:1901} INFO - Created Permission View: can delete on DAG Run:example_short_circuit_decorator
[2024-11-11T00:25:46.735+0100] {logging_mixin.py:190} INFO - [2024-11-11T00:25:46.734+0100] {override.py:1901} INFO - Created Permission View: menu access on DAG Run:example_short_circuit_decorator
[2024-11-11T00:25:46.735+0100] {logging_mixin.py:190} INFO - [2024-11-11T00:25:46.735+0100] {dag.py:3239} INFO - Sync 1 DAGs
[2024-11-11T00:25:46.747+0100] {logging_mixin.py:190} INFO - [2024-11-11T00:25:46.747+0100] {dag.py:3262} INFO - Creating ORM DAG for example_short_circuit_decorator
[2024-11-11T00:25:46.747+0100] {logging_mixin.py:190} INFO - [2024-11-11T00:25:46.747+0100] {dag.py:4180} INFO - Setting next_dagrun for example_short_circuit_decorator to None, run_after=None
[2024-11-11T00:25:46.774+0100] {processor.py:208} INFO - Processing /home/sakana/anaconda3/envs/airflow_env/lib/python3.8/site-packages/airflow/example_dags/example_short_circuit_decorator.py took 0.293 seconds
[2024-11-11T00:26:54.787+0100] {processor.py:186} INFO - Started process (PID=6896) to work on /home/sakana/anaconda3/envs/airflow_env/lib/python3.8/site-packages/airflow/example_dags/example_short_circuit_decorator.py
[2024-11-11T00:26:54.788+0100] {processor.py:914} INFO - Processing file /home/sakana/anaconda3/envs/airflow_env/lib/python3.8/site-packages/airflow/example_dags/example_short_circuit_decorator.py for tasks to queue
[2024-11-11T00:26:54.790+0100] {logging_mixin.py:190} INFO - [2024-11-11T00:26:54.789+0100] {dagbag.py:588} INFO - Filling up the DagBag from /home/sakana/anaconda3/envs/airflow_env/lib/python3.8/site-packages/airflow/example_dags/example_short_circuit_decorator.py
[2024-11-11T00:26:54.801+0100] {processor.py:925} INFO - DAG(s) 'example_short_circuit_decorator' retrieved from /home/sakana/anaconda3/envs/airflow_env/lib/python3.8/site-packages/airflow/example_dags/example_short_circuit_decorator.py
[2024-11-11T00:26:54.821+0100] {logging_mixin.py:190} INFO - [2024-11-11T00:26:54.820+0100] {dag.py:3239} INFO - Sync 1 DAGs
[2024-11-11T00:26:54.834+0100] {logging_mixin.py:190} INFO - [2024-11-11T00:26:54.833+0100] {dag.py:4180} INFO - Setting next_dagrun for example_short_circuit_decorator to None, run_after=None
[2024-11-11T00:26:54.862+0100] {processor.py:208} INFO - Processing /home/sakana/anaconda3/envs/airflow_env/lib/python3.8/site-packages/airflow/example_dags/example_short_circuit_decorator.py took 0.082 seconds
[2024-11-11T00:27:50.505+0100] {processor.py:186} INFO - Started process (PID=6975) to work on /home/sakana/anaconda3/envs/airflow_env/lib/python3.8/site-packages/airflow/example_dags/example_short_circuit_decorator.py
[2024-11-11T00:27:50.510+0100] {processor.py:914} INFO - Processing file /home/sakana/anaconda3/envs/airflow_env/lib/python3.8/site-packages/airflow/example_dags/example_short_circuit_decorator.py for tasks to queue
[2024-11-11T00:27:50.518+0100] {logging_mixin.py:190} INFO - [2024-11-11T00:27:50.517+0100] {dagbag.py:588} INFO - Filling up the DagBag from /home/sakana/anaconda3/envs/airflow_env/lib/python3.8/site-packages/airflow/example_dags/example_short_circuit_decorator.py
[2024-11-11T00:27:50.544+0100] {processor.py:925} INFO - DAG(s) 'example_short_circuit_decorator' retrieved from /home/sakana/anaconda3/envs/airflow_env/lib/python3.8/site-packages/airflow/example_dags/example_short_circuit_decorator.py
[2024-11-11T00:27:50.564+0100] {logging_mixin.py:190} INFO - [2024-11-11T00:27:50.564+0100] {dag.py:3239} INFO - Sync 1 DAGs
[2024-11-11T00:27:50.576+0100] {logging_mixin.py:190} INFO - [2024-11-11T00:27:50.575+0100] {dag.py:4180} INFO - Setting next_dagrun for example_short_circuit_decorator to None, run_after=None
[2024-11-11T00:27:50.593+0100] {processor.py:208} INFO - Processing /home/sakana/anaconda3/envs/airflow_env/lib/python3.8/site-packages/airflow/example_dags/example_short_circuit_decorator.py took 0.094 seconds
[2024-11-11T00:28:45.945+0100] {processor.py:186} INFO - Started process (PID=7075) to work on /home/sakana/anaconda3/envs/airflow_env/lib/python3.8/site-packages/airflow/example_dags/example_short_circuit_decorator.py
[2024-11-11T00:28:45.950+0100] {processor.py:914} INFO - Processing file /home/sakana/anaconda3/envs/airflow_env/lib/python3.8/site-packages/airflow/example_dags/example_short_circuit_decorator.py for tasks to queue
[2024-11-11T00:28:45.952+0100] {logging_mixin.py:190} INFO - [2024-11-11T00:28:45.951+0100] {dagbag.py:588} INFO - Filling up the DagBag from /home/sakana/anaconda3/envs/airflow_env/lib/python3.8/site-packages/airflow/example_dags/example_short_circuit_decorator.py
[2024-11-11T00:28:45.962+0100] {processor.py:925} INFO - DAG(s) 'example_short_circuit_decorator' retrieved from /home/sakana/anaconda3/envs/airflow_env/lib/python3.8/site-packages/airflow/example_dags/example_short_circuit_decorator.py
[2024-11-11T00:28:45.979+0100] {logging_mixin.py:190} INFO - [2024-11-11T00:28:45.979+0100] {dag.py:3239} INFO - Sync 1 DAGs
[2024-11-11T00:28:45.990+0100] {logging_mixin.py:190} INFO - [2024-11-11T00:28:45.990+0100] {dag.py:4180} INFO - Setting next_dagrun for example_short_circuit_decorator to None, run_after=None
[2024-11-11T00:28:46.007+0100] {processor.py:208} INFO - Processing /home/sakana/anaconda3/envs/airflow_env/lib/python3.8/site-packages/airflow/example_dags/example_short_circuit_decorator.py took 0.069 seconds
[2024-11-11T00:29:40.772+0100] {processor.py:186} INFO - Started process (PID=7155) to work on /home/sakana/anaconda3/envs/airflow_env/lib/python3.8/site-packages/airflow/example_dags/example_short_circuit_decorator.py
[2024-11-11T00:29:40.777+0100] {processor.py:914} INFO - Processing file /home/sakana/anaconda3/envs/airflow_env/lib/python3.8/site-packages/airflow/example_dags/example_short_circuit_decorator.py for tasks to queue
[2024-11-11T00:29:40.780+0100] {logging_mixin.py:190} INFO - [2024-11-11T00:29:40.780+0100] {dagbag.py:588} INFO - Filling up the DagBag from /home/sakana/anaconda3/envs/airflow_env/lib/python3.8/site-packages/airflow/example_dags/example_short_circuit_decorator.py
[2024-11-11T00:29:40.799+0100] {processor.py:925} INFO - DAG(s) 'example_short_circuit_decorator' retrieved from /home/sakana/anaconda3/envs/airflow_env/lib/python3.8/site-packages/airflow/example_dags/example_short_circuit_decorator.py
[2024-11-11T00:29:40.818+0100] {logging_mixin.py:190} INFO - [2024-11-11T00:29:40.818+0100] {dag.py:3239} INFO - Sync 1 DAGs
[2024-11-11T00:29:40.829+0100] {logging_mixin.py:190} INFO - [2024-11-11T00:29:40.829+0100] {dag.py:4180} INFO - Setting next_dagrun for example_short_circuit_decorator to None, run_after=None
[2024-11-11T00:29:40.846+0100] {processor.py:208} INFO - Processing /home/sakana/anaconda3/envs/airflow_env/lib/python3.8/site-packages/airflow/example_dags/example_short_circuit_decorator.py took 0.084 seconds
[2024-11-11T00:30:35.467+0100] {processor.py:186} INFO - Started process (PID=7235) to work on /home/sakana/anaconda3/envs/airflow_env/lib/python3.8/site-packages/airflow/example_dags/example_short_circuit_decorator.py
[2024-11-11T00:30:35.472+0100] {processor.py:914} INFO - Processing file /home/sakana/anaconda3/envs/airflow_env/lib/python3.8/site-packages/airflow/example_dags/example_short_circuit_decorator.py for tasks to queue
[2024-11-11T00:30:35.474+0100] {logging_mixin.py:190} INFO - [2024-11-11T00:30:35.473+0100] {dagbag.py:588} INFO - Filling up the DagBag from /home/sakana/anaconda3/envs/airflow_env/lib/python3.8/site-packages/airflow/example_dags/example_short_circuit_decorator.py
[2024-11-11T00:30:35.488+0100] {processor.py:925} INFO - DAG(s) 'example_short_circuit_decorator' retrieved from /home/sakana/anaconda3/envs/airflow_env/lib/python3.8/site-packages/airflow/example_dags/example_short_circuit_decorator.py
[2024-11-11T00:30:35.507+0100] {logging_mixin.py:190} INFO - [2024-11-11T00:30:35.507+0100] {dag.py:3239} INFO - Sync 1 DAGs
[2024-11-11T00:30:35.518+0100] {logging_mixin.py:190} INFO - [2024-11-11T00:30:35.518+0100] {dag.py:4180} INFO - Setting next_dagrun for example_short_circuit_decorator to None, run_after=None
[2024-11-11T00:30:35.534+0100] {processor.py:208} INFO - Processing /home/sakana/anaconda3/envs/airflow_env/lib/python3.8/site-packages/airflow/example_dags/example_short_circuit_decorator.py took 0.075 seconds
[2024-11-11T00:31:31.793+0100] {processor.py:186} INFO - Started process (PID=7310) to work on /home/sakana/anaconda3/envs/airflow_env/lib/python3.8/site-packages/airflow/example_dags/example_short_circuit_decorator.py
[2024-11-11T00:31:31.794+0100] {processor.py:914} INFO - Processing file /home/sakana/anaconda3/envs/airflow_env/lib/python3.8/site-packages/airflow/example_dags/example_short_circuit_decorator.py for tasks to queue
[2024-11-11T00:31:31.795+0100] {logging_mixin.py:190} INFO - [2024-11-11T00:31:31.795+0100] {dagbag.py:588} INFO - Filling up the DagBag from /home/sakana/anaconda3/envs/airflow_env/lib/python3.8/site-packages/airflow/example_dags/example_short_circuit_decorator.py
[2024-11-11T00:31:31.807+0100] {processor.py:925} INFO - DAG(s) 'example_short_circuit_decorator' retrieved from /home/sakana/anaconda3/envs/airflow_env/lib/python3.8/site-packages/airflow/example_dags/example_short_circuit_decorator.py
[2024-11-11T00:31:31.826+0100] {logging_mixin.py:190} INFO - [2024-11-11T00:31:31.825+0100] {dag.py:3239} INFO - Sync 1 DAGs
[2024-11-11T00:31:31.836+0100] {logging_mixin.py:190} INFO - [2024-11-11T00:31:31.836+0100] {dag.py:4180} INFO - Setting next_dagrun for example_short_circuit_decorator to None, run_after=None
[2024-11-11T00:31:31.852+0100] {processor.py:208} INFO - Processing /home/sakana/anaconda3/envs/airflow_env/lib/python3.8/site-packages/airflow/example_dags/example_short_circuit_decorator.py took 0.066 seconds
[2024-11-11T00:32:26.496+0100] {processor.py:186} INFO - Started process (PID=7383) to work on /home/sakana/anaconda3/envs/airflow_env/lib/python3.8/site-packages/airflow/example_dags/example_short_circuit_decorator.py
[2024-11-11T00:32:26.502+0100] {processor.py:914} INFO - Processing file /home/sakana/anaconda3/envs/airflow_env/lib/python3.8/site-packages/airflow/example_dags/example_short_circuit_decorator.py for tasks to queue
[2024-11-11T00:32:26.508+0100] {logging_mixin.py:190} INFO - [2024-11-11T00:32:26.507+0100] {dagbag.py:588} INFO - Filling up the DagBag from /home/sakana/anaconda3/envs/airflow_env/lib/python3.8/site-packages/airflow/example_dags/example_short_circuit_decorator.py
[2024-11-11T00:32:26.534+0100] {processor.py:925} INFO - DAG(s) 'example_short_circuit_decorator' retrieved from /home/sakana/anaconda3/envs/airflow_env/lib/python3.8/site-packages/airflow/example_dags/example_short_circuit_decorator.py
[2024-11-11T00:32:26.554+0100] {logging_mixin.py:190} INFO - [2024-11-11T00:32:26.554+0100] {dag.py:3239} INFO - Sync 1 DAGs
[2024-11-11T00:32:26.565+0100] {logging_mixin.py:190} INFO - [2024-11-11T00:32:26.565+0100] {dag.py:4180} INFO - Setting next_dagrun for example_short_circuit_decorator to None, run_after=None
[2024-11-11T00:32:26.583+0100] {processor.py:208} INFO - Processing /home/sakana/anaconda3/envs/airflow_env/lib/python3.8/site-packages/airflow/example_dags/example_short_circuit_decorator.py took 0.094 seconds
[2024-11-11T00:33:22.930+0100] {processor.py:186} INFO - Started process (PID=7470) to work on /home/sakana/anaconda3/envs/airflow_env/lib/python3.8/site-packages/airflow/example_dags/example_short_circuit_decorator.py
[2024-11-11T00:33:22.935+0100] {processor.py:914} INFO - Processing file /home/sakana/anaconda3/envs/airflow_env/lib/python3.8/site-packages/airflow/example_dags/example_short_circuit_decorator.py for tasks to queue
[2024-11-11T00:33:22.936+0100] {logging_mixin.py:190} INFO - [2024-11-11T00:33:22.936+0100] {dagbag.py:588} INFO - Filling up the DagBag from /home/sakana/anaconda3/envs/airflow_env/lib/python3.8/site-packages/airflow/example_dags/example_short_circuit_decorator.py
[2024-11-11T00:33:22.947+0100] {processor.py:925} INFO - DAG(s) 'example_short_circuit_decorator' retrieved from /home/sakana/anaconda3/envs/airflow_env/lib/python3.8/site-packages/airflow/example_dags/example_short_circuit_decorator.py
[2024-11-11T00:33:22.965+0100] {logging_mixin.py:190} INFO - [2024-11-11T00:33:22.965+0100] {dag.py:3239} INFO - Sync 1 DAGs
[2024-11-11T00:33:22.976+0100] {logging_mixin.py:190} INFO - [2024-11-11T00:33:22.975+0100] {dag.py:4180} INFO - Setting next_dagrun for example_short_circuit_decorator to None, run_after=None
[2024-11-11T00:33:22.997+0100] {processor.py:208} INFO - Processing /home/sakana/anaconda3/envs/airflow_env/lib/python3.8/site-packages/airflow/example_dags/example_short_circuit_decorator.py took 0.073 seconds
[2024-11-11T00:34:18.968+0100] {processor.py:186} INFO - Started process (PID=7558) to work on /home/sakana/anaconda3/envs/airflow_env/lib/python3.8/site-packages/airflow/example_dags/example_short_circuit_decorator.py
[2024-11-11T00:34:18.972+0100] {processor.py:914} INFO - Processing file /home/sakana/anaconda3/envs/airflow_env/lib/python3.8/site-packages/airflow/example_dags/example_short_circuit_decorator.py for tasks to queue
[2024-11-11T00:34:18.974+0100] {logging_mixin.py:190} INFO - [2024-11-11T00:34:18.974+0100] {dagbag.py:588} INFO - Filling up the DagBag from /home/sakana/anaconda3/envs/airflow_env/lib/python3.8/site-packages/airflow/example_dags/example_short_circuit_decorator.py
[2024-11-11T00:34:18.986+0100] {processor.py:925} INFO - DAG(s) 'example_short_circuit_decorator' retrieved from /home/sakana/anaconda3/envs/airflow_env/lib/python3.8/site-packages/airflow/example_dags/example_short_circuit_decorator.py
[2024-11-11T00:34:19.005+0100] {logging_mixin.py:190} INFO - [2024-11-11T00:34:19.005+0100] {dag.py:3239} INFO - Sync 1 DAGs
[2024-11-11T00:34:19.016+0100] {logging_mixin.py:190} INFO - [2024-11-11T00:34:19.016+0100] {dag.py:4180} INFO - Setting next_dagrun for example_short_circuit_decorator to None, run_after=None
[2024-11-11T00:34:19.032+0100] {processor.py:208} INFO - Processing /home/sakana/anaconda3/envs/airflow_env/lib/python3.8/site-packages/airflow/example_dags/example_short_circuit_decorator.py took 0.071 seconds
[2024-11-11T00:35:16.227+0100] {processor.py:186} INFO - Started process (PID=7636) to work on /home/sakana/anaconda3/envs/airflow_env/lib/python3.8/site-packages/airflow/example_dags/example_short_circuit_decorator.py
[2024-11-11T00:35:16.232+0100] {processor.py:914} INFO - Processing file /home/sakana/anaconda3/envs/airflow_env/lib/python3.8/site-packages/airflow/example_dags/example_short_circuit_decorator.py for tasks to queue
[2024-11-11T00:35:16.239+0100] {logging_mixin.py:190} INFO - [2024-11-11T00:35:16.237+0100] {dagbag.py:588} INFO - Filling up the DagBag from /home/sakana/anaconda3/envs/airflow_env/lib/python3.8/site-packages/airflow/example_dags/example_short_circuit_decorator.py
[2024-11-11T00:35:16.265+0100] {processor.py:925} INFO - DAG(s) 'example_short_circuit_decorator' retrieved from /home/sakana/anaconda3/envs/airflow_env/lib/python3.8/site-packages/airflow/example_dags/example_short_circuit_decorator.py
[2024-11-11T00:35:16.287+0100] {logging_mixin.py:190} INFO - [2024-11-11T00:35:16.287+0100] {dag.py:3239} INFO - Sync 1 DAGs
[2024-11-11T00:35:16.298+0100] {logging_mixin.py:190} INFO - [2024-11-11T00:35:16.298+0100] {dag.py:4180} INFO - Setting next_dagrun for example_short_circuit_decorator to None, run_after=None
[2024-11-11T00:35:16.314+0100] {processor.py:208} INFO - Processing /home/sakana/anaconda3/envs/airflow_env/lib/python3.8/site-packages/airflow/example_dags/example_short_circuit_decorator.py took 0.093 seconds
[2024-11-11T00:36:09.464+0100] {processor.py:186} INFO - Started process (PID=7708) to work on /home/sakana/anaconda3/envs/airflow_env/lib/python3.8/site-packages/airflow/example_dags/example_short_circuit_decorator.py
[2024-11-11T00:36:09.469+0100] {processor.py:914} INFO - Processing file /home/sakana/anaconda3/envs/airflow_env/lib/python3.8/site-packages/airflow/example_dags/example_short_circuit_decorator.py for tasks to queue
[2024-11-11T00:36:09.472+0100] {logging_mixin.py:190} INFO - [2024-11-11T00:36:09.471+0100] {dagbag.py:588} INFO - Filling up the DagBag from /home/sakana/anaconda3/envs/airflow_env/lib/python3.8/site-packages/airflow/example_dags/example_short_circuit_decorator.py
[2024-11-11T00:36:09.486+0100] {processor.py:925} INFO - DAG(s) 'example_short_circuit_decorator' retrieved from /home/sakana/anaconda3/envs/airflow_env/lib/python3.8/site-packages/airflow/example_dags/example_short_circuit_decorator.py
[2024-11-11T00:36:09.506+0100] {logging_mixin.py:190} INFO - [2024-11-11T00:36:09.505+0100] {dag.py:3239} INFO - Sync 1 DAGs
[2024-11-11T00:36:09.516+0100] {logging_mixin.py:190} INFO - [2024-11-11T00:36:09.516+0100] {dag.py:4180} INFO - Setting next_dagrun for example_short_circuit_decorator to None, run_after=None
[2024-11-11T00:36:09.540+0100] {processor.py:208} INFO - Processing /home/sakana/anaconda3/envs/airflow_env/lib/python3.8/site-packages/airflow/example_dags/example_short_circuit_decorator.py took 0.084 seconds
[2024-11-11T00:37:05.621+0100] {processor.py:186} INFO - Started process (PID=7779) to work on /home/sakana/anaconda3/envs/airflow_env/lib/python3.8/site-packages/airflow/example_dags/example_short_circuit_decorator.py
[2024-11-11T00:37:05.626+0100] {processor.py:914} INFO - Processing file /home/sakana/anaconda3/envs/airflow_env/lib/python3.8/site-packages/airflow/example_dags/example_short_circuit_decorator.py for tasks to queue
[2024-11-11T00:37:05.628+0100] {logging_mixin.py:190} INFO - [2024-11-11T00:37:05.627+0100] {dagbag.py:588} INFO - Filling up the DagBag from /home/sakana/anaconda3/envs/airflow_env/lib/python3.8/site-packages/airflow/example_dags/example_short_circuit_decorator.py
[2024-11-11T00:37:05.637+0100] {processor.py:925} INFO - DAG(s) 'example_short_circuit_decorator' retrieved from /home/sakana/anaconda3/envs/airflow_env/lib/python3.8/site-packages/airflow/example_dags/example_short_circuit_decorator.py
[2024-11-11T00:37:05.657+0100] {logging_mixin.py:190} INFO - [2024-11-11T00:37:05.657+0100] {dag.py:3239} INFO - Sync 1 DAGs
[2024-11-11T00:37:05.669+0100] {logging_mixin.py:190} INFO - [2024-11-11T00:37:05.669+0100] {dag.py:4180} INFO - Setting next_dagrun for example_short_circuit_decorator to None, run_after=None
[2024-11-11T00:37:05.693+0100] {processor.py:208} INFO - Processing /home/sakana/anaconda3/envs/airflow_env/lib/python3.8/site-packages/airflow/example_dags/example_short_circuit_decorator.py took 0.078 seconds
[2024-11-11T00:38:02.921+0100] {processor.py:186} INFO - Started process (PID=7857) to work on /home/sakana/anaconda3/envs/airflow_env/lib/python3.8/site-packages/airflow/example_dags/example_short_circuit_decorator.py
[2024-11-11T00:38:02.926+0100] {processor.py:914} INFO - Processing file /home/sakana/anaconda3/envs/airflow_env/lib/python3.8/site-packages/airflow/example_dags/example_short_circuit_decorator.py for tasks to queue
[2024-11-11T00:38:02.927+0100] {logging_mixin.py:190} INFO - [2024-11-11T00:38:02.927+0100] {dagbag.py:588} INFO - Filling up the DagBag from /home/sakana/anaconda3/envs/airflow_env/lib/python3.8/site-packages/airflow/example_dags/example_short_circuit_decorator.py
[2024-11-11T00:38:02.937+0100] {processor.py:925} INFO - DAG(s) 'example_short_circuit_decorator' retrieved from /home/sakana/anaconda3/envs/airflow_env/lib/python3.8/site-packages/airflow/example_dags/example_short_circuit_decorator.py
[2024-11-11T00:38:02.955+0100] {logging_mixin.py:190} INFO - [2024-11-11T00:38:02.955+0100] {dag.py:3239} INFO - Sync 1 DAGs
[2024-11-11T00:38:02.970+0100] {logging_mixin.py:190} INFO - [2024-11-11T00:38:02.970+0100] {dag.py:4180} INFO - Setting next_dagrun for example_short_circuit_decorator to None, run_after=None
[2024-11-11T00:38:02.996+0100] {processor.py:208} INFO - Processing /home/sakana/anaconda3/envs/airflow_env/lib/python3.8/site-packages/airflow/example_dags/example_short_circuit_decorator.py took 0.082 seconds
[2024-11-11T00:38:56.471+0100] {processor.py:186} INFO - Started process (PID=7959) to work on /home/sakana/anaconda3/envs/airflow_env/lib/python3.8/site-packages/airflow/example_dags/example_short_circuit_decorator.py
[2024-11-11T00:38:56.476+0100] {processor.py:914} INFO - Processing file /home/sakana/anaconda3/envs/airflow_env/lib/python3.8/site-packages/airflow/example_dags/example_short_circuit_decorator.py for tasks to queue
[2024-11-11T00:38:56.479+0100] {logging_mixin.py:190} INFO - [2024-11-11T00:38:56.478+0100] {dagbag.py:588} INFO - Filling up the DagBag from /home/sakana/anaconda3/envs/airflow_env/lib/python3.8/site-packages/airflow/example_dags/example_short_circuit_decorator.py
[2024-11-11T00:38:56.489+0100] {processor.py:925} INFO - DAG(s) 'example_short_circuit_decorator' retrieved from /home/sakana/anaconda3/envs/airflow_env/lib/python3.8/site-packages/airflow/example_dags/example_short_circuit_decorator.py
[2024-11-11T00:38:56.506+0100] {logging_mixin.py:190} INFO - [2024-11-11T00:38:56.506+0100] {dag.py:3239} INFO - Sync 1 DAGs
[2024-11-11T00:38:56.517+0100] {logging_mixin.py:190} INFO - [2024-11-11T00:38:56.517+0100] {dag.py:4180} INFO - Setting next_dagrun for example_short_circuit_decorator to None, run_after=None
[2024-11-11T00:38:56.544+0100] {processor.py:208} INFO - Processing /home/sakana/anaconda3/envs/airflow_env/lib/python3.8/site-packages/airflow/example_dags/example_short_circuit_decorator.py took 0.085 seconds
[2024-11-11T00:39:52.798+0100] {processor.py:186} INFO - Started process (PID=8108) to work on /home/sakana/anaconda3/envs/airflow_env/lib/python3.8/site-packages/airflow/example_dags/example_short_circuit_decorator.py
[2024-11-11T00:39:52.803+0100] {processor.py:914} INFO - Processing file /home/sakana/anaconda3/envs/airflow_env/lib/python3.8/site-packages/airflow/example_dags/example_short_circuit_decorator.py for tasks to queue
[2024-11-11T00:39:52.805+0100] {logging_mixin.py:190} INFO - [2024-11-11T00:39:52.805+0100] {dagbag.py:588} INFO - Filling up the DagBag from /home/sakana/anaconda3/envs/airflow_env/lib/python3.8/site-packages/airflow/example_dags/example_short_circuit_decorator.py
[2024-11-11T00:39:52.817+0100] {processor.py:925} INFO - DAG(s) 'example_short_circuit_decorator' retrieved from /home/sakana/anaconda3/envs/airflow_env/lib/python3.8/site-packages/airflow/example_dags/example_short_circuit_decorator.py
[2024-11-11T00:39:52.840+0100] {logging_mixin.py:190} INFO - [2024-11-11T00:39:52.840+0100] {dag.py:3239} INFO - Sync 1 DAGs
[2024-11-11T00:39:52.852+0100] {logging_mixin.py:190} INFO - [2024-11-11T00:39:52.851+0100] {dag.py:4180} INFO - Setting next_dagrun for example_short_circuit_decorator to None, run_after=None
[2024-11-11T00:39:52.875+0100] {processor.py:208} INFO - Processing /home/sakana/anaconda3/envs/airflow_env/lib/python3.8/site-packages/airflow/example_dags/example_short_circuit_decorator.py took 0.083 seconds
[2024-11-11T00:43:09.123+0100] {processor.py:186} INFO - Started process (PID=8487) to work on /home/sakana/anaconda3/envs/airflow_env/lib/python3.8/site-packages/airflow/example_dags/example_short_circuit_decorator.py
[2024-11-11T00:43:09.124+0100] {processor.py:914} INFO - Processing file /home/sakana/anaconda3/envs/airflow_env/lib/python3.8/site-packages/airflow/example_dags/example_short_circuit_decorator.py for tasks to queue
[2024-11-11T00:43:09.127+0100] {logging_mixin.py:190} INFO - [2024-11-11T00:43:09.127+0100] {dagbag.py:588} INFO - Filling up the DagBag from /home/sakana/anaconda3/envs/airflow_env/lib/python3.8/site-packages/airflow/example_dags/example_short_circuit_decorator.py
[2024-11-11T00:43:09.138+0100] {processor.py:925} INFO - DAG(s) 'example_short_circuit_decorator' retrieved from /home/sakana/anaconda3/envs/airflow_env/lib/python3.8/site-packages/airflow/example_dags/example_short_circuit_decorator.py
[2024-11-11T00:43:09.159+0100] {logging_mixin.py:190} INFO - [2024-11-11T00:43:09.159+0100] {dag.py:3239} INFO - Sync 1 DAGs
[2024-11-11T00:43:09.173+0100] {logging_mixin.py:190} INFO - [2024-11-11T00:43:09.172+0100] {dag.py:4180} INFO - Setting next_dagrun for example_short_circuit_decorator to None, run_after=None
[2024-11-11T00:43:09.191+0100] {processor.py:208} INFO - Processing /home/sakana/anaconda3/envs/airflow_env/lib/python3.8/site-packages/airflow/example_dags/example_short_circuit_decorator.py took 0.074 seconds
[2024-11-11T00:45:34.772+0100] {processor.py:186} INFO - Started process (PID=8760) to work on /home/sakana/anaconda3/envs/airflow_env/lib/python3.8/site-packages/airflow/example_dags/example_short_circuit_decorator.py
[2024-11-11T00:45:34.777+0100] {processor.py:914} INFO - Processing file /home/sakana/anaconda3/envs/airflow_env/lib/python3.8/site-packages/airflow/example_dags/example_short_circuit_decorator.py for tasks to queue
[2024-11-11T00:45:34.782+0100] {logging_mixin.py:190} INFO - [2024-11-11T00:45:34.781+0100] {dagbag.py:588} INFO - Filling up the DagBag from /home/sakana/anaconda3/envs/airflow_env/lib/python3.8/site-packages/airflow/example_dags/example_short_circuit_decorator.py
[2024-11-11T00:45:34.801+0100] {processor.py:925} INFO - DAG(s) 'example_short_circuit_decorator' retrieved from /home/sakana/anaconda3/envs/airflow_env/lib/python3.8/site-packages/airflow/example_dags/example_short_circuit_decorator.py
[2024-11-11T00:45:34.823+0100] {logging_mixin.py:190} INFO - [2024-11-11T00:45:34.823+0100] {dag.py:3239} INFO - Sync 1 DAGs
[2024-11-11T00:45:34.834+0100] {logging_mixin.py:190} INFO - [2024-11-11T00:45:34.834+0100] {dag.py:4180} INFO - Setting next_dagrun for example_short_circuit_decorator to None, run_after=None
[2024-11-11T00:45:34.851+0100] {processor.py:208} INFO - Processing /home/sakana/anaconda3/envs/airflow_env/lib/python3.8/site-packages/airflow/example_dags/example_short_circuit_decorator.py took 0.090 seconds
[2024-11-11T00:46:33.080+0100] {processor.py:186} INFO - Started process (PID=8854) to work on /home/sakana/anaconda3/envs/airflow_env/lib/python3.8/site-packages/airflow/example_dags/example_short_circuit_decorator.py
[2024-11-11T00:46:33.086+0100] {processor.py:914} INFO - Processing file /home/sakana/anaconda3/envs/airflow_env/lib/python3.8/site-packages/airflow/example_dags/example_short_circuit_decorator.py for tasks to queue
[2024-11-11T00:46:33.092+0100] {logging_mixin.py:190} INFO - [2024-11-11T00:46:33.091+0100] {dagbag.py:588} INFO - Filling up the DagBag from /home/sakana/anaconda3/envs/airflow_env/lib/python3.8/site-packages/airflow/example_dags/example_short_circuit_decorator.py
[2024-11-11T00:46:33.120+0100] {processor.py:925} INFO - DAG(s) 'example_short_circuit_decorator' retrieved from /home/sakana/anaconda3/envs/airflow_env/lib/python3.8/site-packages/airflow/example_dags/example_short_circuit_decorator.py
[2024-11-11T00:46:33.140+0100] {logging_mixin.py:190} INFO - [2024-11-11T00:46:33.140+0100] {dag.py:3239} INFO - Sync 1 DAGs
[2024-11-11T00:46:33.151+0100] {logging_mixin.py:190} INFO - [2024-11-11T00:46:33.151+0100] {dag.py:4180} INFO - Setting next_dagrun for example_short_circuit_decorator to None, run_after=None
[2024-11-11T00:46:33.176+0100] {processor.py:208} INFO - Processing /home/sakana/anaconda3/envs/airflow_env/lib/python3.8/site-packages/airflow/example_dags/example_short_circuit_decorator.py took 0.102 seconds
[2024-11-11T00:47:27.042+0100] {processor.py:186} INFO - Started process (PID=8935) to work on /home/sakana/anaconda3/envs/airflow_env/lib/python3.8/site-packages/airflow/example_dags/example_short_circuit_decorator.py
[2024-11-11T00:47:27.048+0100] {processor.py:914} INFO - Processing file /home/sakana/anaconda3/envs/airflow_env/lib/python3.8/site-packages/airflow/example_dags/example_short_circuit_decorator.py for tasks to queue
[2024-11-11T00:47:27.054+0100] {logging_mixin.py:190} INFO - [2024-11-11T00:47:27.053+0100] {dagbag.py:588} INFO - Filling up the DagBag from /home/sakana/anaconda3/envs/airflow_env/lib/python3.8/site-packages/airflow/example_dags/example_short_circuit_decorator.py
[2024-11-11T00:47:27.084+0100] {processor.py:925} INFO - DAG(s) 'example_short_circuit_decorator' retrieved from /home/sakana/anaconda3/envs/airflow_env/lib/python3.8/site-packages/airflow/example_dags/example_short_circuit_decorator.py
[2024-11-11T00:47:27.106+0100] {logging_mixin.py:190} INFO - [2024-11-11T00:47:27.106+0100] {dag.py:3239} INFO - Sync 1 DAGs
[2024-11-11T00:47:27.117+0100] {logging_mixin.py:190} INFO - [2024-11-11T00:47:27.117+0100] {dag.py:4180} INFO - Setting next_dagrun for example_short_circuit_decorator to None, run_after=None
[2024-11-11T00:47:27.134+0100] {processor.py:208} INFO - Processing /home/sakana/anaconda3/envs/airflow_env/lib/python3.8/site-packages/airflow/example_dags/example_short_circuit_decorator.py took 0.098 seconds
[2024-11-11T00:48:24.249+0100] {processor.py:186} INFO - Started process (PID=9027) to work on /home/sakana/anaconda3/envs/airflow_env/lib/python3.8/site-packages/airflow/example_dags/example_short_circuit_decorator.py
[2024-11-11T00:48:24.255+0100] {processor.py:914} INFO - Processing file /home/sakana/anaconda3/envs/airflow_env/lib/python3.8/site-packages/airflow/example_dags/example_short_circuit_decorator.py for tasks to queue
[2024-11-11T00:48:24.258+0100] {logging_mixin.py:190} INFO - [2024-11-11T00:48:24.258+0100] {dagbag.py:588} INFO - Filling up the DagBag from /home/sakana/anaconda3/envs/airflow_env/lib/python3.8/site-packages/airflow/example_dags/example_short_circuit_decorator.py
[2024-11-11T00:48:24.275+0100] {processor.py:925} INFO - DAG(s) 'example_short_circuit_decorator' retrieved from /home/sakana/anaconda3/envs/airflow_env/lib/python3.8/site-packages/airflow/example_dags/example_short_circuit_decorator.py
[2024-11-11T00:48:24.299+0100] {logging_mixin.py:190} INFO - [2024-11-11T00:48:24.298+0100] {dag.py:3239} INFO - Sync 1 DAGs
[2024-11-11T00:48:24.312+0100] {logging_mixin.py:190} INFO - [2024-11-11T00:48:24.312+0100] {dag.py:4180} INFO - Setting next_dagrun for example_short_circuit_decorator to None, run_after=None
[2024-11-11T00:48:24.335+0100] {processor.py:208} INFO - Processing /home/sakana/anaconda3/envs/airflow_env/lib/python3.8/site-packages/airflow/example_dags/example_short_circuit_decorator.py took 0.095 seconds
[2024-11-11T00:49:21.695+0100] {processor.py:186} INFO - Started process (PID=9186) to work on /home/sakana/anaconda3/envs/airflow_env/lib/python3.8/site-packages/airflow/example_dags/example_short_circuit_decorator.py
[2024-11-11T00:49:21.700+0100] {processor.py:914} INFO - Processing file /home/sakana/anaconda3/envs/airflow_env/lib/python3.8/site-packages/airflow/example_dags/example_short_circuit_decorator.py for tasks to queue
[2024-11-11T00:49:21.702+0100] {logging_mixin.py:190} INFO - [2024-11-11T00:49:21.701+0100] {dagbag.py:588} INFO - Filling up the DagBag from /home/sakana/anaconda3/envs/airflow_env/lib/python3.8/site-packages/airflow/example_dags/example_short_circuit_decorator.py
[2024-11-11T00:49:21.715+0100] {processor.py:925} INFO - DAG(s) 'example_short_circuit_decorator' retrieved from /home/sakana/anaconda3/envs/airflow_env/lib/python3.8/site-packages/airflow/example_dags/example_short_circuit_decorator.py
[2024-11-11T00:49:21.737+0100] {logging_mixin.py:190} INFO - [2024-11-11T00:49:21.737+0100] {dag.py:3239} INFO - Sync 1 DAGs
[2024-11-11T00:49:21.754+0100] {logging_mixin.py:190} INFO - [2024-11-11T00:49:21.753+0100] {dag.py:4180} INFO - Setting next_dagrun for example_short_circuit_decorator to None, run_after=None
[2024-11-11T00:49:21.781+0100] {processor.py:208} INFO - Processing /home/sakana/anaconda3/envs/airflow_env/lib/python3.8/site-packages/airflow/example_dags/example_short_circuit_decorator.py took 0.095 seconds
[2024-11-11T00:50:20.365+0100] {processor.py:186} INFO - Started process (PID=9482) to work on /home/sakana/anaconda3/envs/airflow_env/lib/python3.8/site-packages/airflow/example_dags/example_short_circuit_decorator.py
[2024-11-11T00:50:20.371+0100] {processor.py:914} INFO - Processing file /home/sakana/anaconda3/envs/airflow_env/lib/python3.8/site-packages/airflow/example_dags/example_short_circuit_decorator.py for tasks to queue
[2024-11-11T00:50:20.375+0100] {logging_mixin.py:190} INFO - [2024-11-11T00:50:20.374+0100] {dagbag.py:588} INFO - Filling up the DagBag from /home/sakana/anaconda3/envs/airflow_env/lib/python3.8/site-packages/airflow/example_dags/example_short_circuit_decorator.py
[2024-11-11T00:50:20.390+0100] {processor.py:925} INFO - DAG(s) 'example_short_circuit_decorator' retrieved from /home/sakana/anaconda3/envs/airflow_env/lib/python3.8/site-packages/airflow/example_dags/example_short_circuit_decorator.py
[2024-11-11T00:50:20.412+0100] {logging_mixin.py:190} INFO - [2024-11-11T00:50:20.412+0100] {dag.py:3239} INFO - Sync 1 DAGs
[2024-11-11T00:50:20.426+0100] {logging_mixin.py:190} INFO - [2024-11-11T00:50:20.426+0100] {dag.py:4180} INFO - Setting next_dagrun for example_short_circuit_decorator to None, run_after=None
[2024-11-11T00:50:20.449+0100] {processor.py:208} INFO - Processing /home/sakana/anaconda3/envs/airflow_env/lib/python3.8/site-packages/airflow/example_dags/example_short_circuit_decorator.py took 0.095 seconds
[2024-11-11T00:51:20.185+0100] {processor.py:186} INFO - Started process (PID=9556) to work on /home/sakana/anaconda3/envs/airflow_env/lib/python3.8/site-packages/airflow/example_dags/example_short_circuit_decorator.py
[2024-11-11T00:51:20.189+0100] {processor.py:914} INFO - Processing file /home/sakana/anaconda3/envs/airflow_env/lib/python3.8/site-packages/airflow/example_dags/example_short_circuit_decorator.py for tasks to queue
[2024-11-11T00:51:20.191+0100] {logging_mixin.py:190} INFO - [2024-11-11T00:51:20.191+0100] {dagbag.py:588} INFO - Filling up the DagBag from /home/sakana/anaconda3/envs/airflow_env/lib/python3.8/site-packages/airflow/example_dags/example_short_circuit_decorator.py
[2024-11-11T00:51:20.205+0100] {processor.py:925} INFO - DAG(s) 'example_short_circuit_decorator' retrieved from /home/sakana/anaconda3/envs/airflow_env/lib/python3.8/site-packages/airflow/example_dags/example_short_circuit_decorator.py
[2024-11-11T00:51:20.226+0100] {logging_mixin.py:190} INFO - [2024-11-11T00:51:20.226+0100] {dag.py:3239} INFO - Sync 1 DAGs
[2024-11-11T00:51:20.246+0100] {logging_mixin.py:190} INFO - [2024-11-11T00:51:20.245+0100] {dag.py:4180} INFO - Setting next_dagrun for example_short_circuit_decorator to None, run_after=None
[2024-11-11T00:51:20.271+0100] {processor.py:208} INFO - Processing /home/sakana/anaconda3/envs/airflow_env/lib/python3.8/site-packages/airflow/example_dags/example_short_circuit_decorator.py took 0.094 seconds
[2024-11-11T00:52:17.247+0100] {processor.py:186} INFO - Started process (PID=9664) to work on /home/sakana/anaconda3/envs/airflow_env/lib/python3.8/site-packages/airflow/example_dags/example_short_circuit_decorator.py
[2024-11-11T00:52:17.252+0100] {processor.py:914} INFO - Processing file /home/sakana/anaconda3/envs/airflow_env/lib/python3.8/site-packages/airflow/example_dags/example_short_circuit_decorator.py for tasks to queue
[2024-11-11T00:52:17.256+0100] {logging_mixin.py:190} INFO - [2024-11-11T00:52:17.255+0100] {dagbag.py:588} INFO - Filling up the DagBag from /home/sakana/anaconda3/envs/airflow_env/lib/python3.8/site-packages/airflow/example_dags/example_short_circuit_decorator.py
[2024-11-11T00:52:17.275+0100] {processor.py:925} INFO - DAG(s) 'example_short_circuit_decorator' retrieved from /home/sakana/anaconda3/envs/airflow_env/lib/python3.8/site-packages/airflow/example_dags/example_short_circuit_decorator.py
[2024-11-11T00:52:17.312+0100] {logging_mixin.py:190} INFO - [2024-11-11T00:52:17.312+0100] {dag.py:3239} INFO - Sync 1 DAGs
[2024-11-11T00:52:17.340+0100] {logging_mixin.py:190} INFO - [2024-11-11T00:52:17.339+0100] {dag.py:4180} INFO - Setting next_dagrun for example_short_circuit_decorator to None, run_after=None
[2024-11-11T00:52:17.380+0100] {processor.py:208} INFO - Processing /home/sakana/anaconda3/envs/airflow_env/lib/python3.8/site-packages/airflow/example_dags/example_short_circuit_decorator.py took 0.141 seconds
[2024-11-11T00:53:14.614+0100] {processor.py:186} INFO - Started process (PID=9858) to work on /home/sakana/anaconda3/envs/airflow_env/lib/python3.8/site-packages/airflow/example_dags/example_short_circuit_decorator.py
[2024-11-11T00:53:14.615+0100] {processor.py:914} INFO - Processing file /home/sakana/anaconda3/envs/airflow_env/lib/python3.8/site-packages/airflow/example_dags/example_short_circuit_decorator.py for tasks to queue
[2024-11-11T00:53:14.618+0100] {logging_mixin.py:190} INFO - [2024-11-11T00:53:14.618+0100] {dagbag.py:588} INFO - Filling up the DagBag from /home/sakana/anaconda3/envs/airflow_env/lib/python3.8/site-packages/airflow/example_dags/example_short_circuit_decorator.py
[2024-11-11T00:53:14.637+0100] {processor.py:925} INFO - DAG(s) 'example_short_circuit_decorator' retrieved from /home/sakana/anaconda3/envs/airflow_env/lib/python3.8/site-packages/airflow/example_dags/example_short_circuit_decorator.py
[2024-11-11T00:53:14.660+0100] {logging_mixin.py:190} INFO - [2024-11-11T00:53:14.659+0100] {dag.py:3239} INFO - Sync 1 DAGs
[2024-11-11T00:53:14.677+0100] {logging_mixin.py:190} INFO - [2024-11-11T00:53:14.677+0100] {dag.py:4180} INFO - Setting next_dagrun for example_short_circuit_decorator to None, run_after=None
[2024-11-11T00:53:14.712+0100] {processor.py:208} INFO - Processing /home/sakana/anaconda3/envs/airflow_env/lib/python3.8/site-packages/airflow/example_dags/example_short_circuit_decorator.py took 0.110 seconds
[2024-11-11T00:54:13.602+0100] {processor.py:186} INFO - Started process (PID=9932) to work on /home/sakana/anaconda3/envs/airflow_env/lib/python3.8/site-packages/airflow/example_dags/example_short_circuit_decorator.py
[2024-11-11T00:54:13.607+0100] {processor.py:914} INFO - Processing file /home/sakana/anaconda3/envs/airflow_env/lib/python3.8/site-packages/airflow/example_dags/example_short_circuit_decorator.py for tasks to queue
[2024-11-11T00:54:13.609+0100] {logging_mixin.py:190} INFO - [2024-11-11T00:54:13.609+0100] {dagbag.py:588} INFO - Filling up the DagBag from /home/sakana/anaconda3/envs/airflow_env/lib/python3.8/site-packages/airflow/example_dags/example_short_circuit_decorator.py
[2024-11-11T00:54:13.622+0100] {processor.py:925} INFO - DAG(s) 'example_short_circuit_decorator' retrieved from /home/sakana/anaconda3/envs/airflow_env/lib/python3.8/site-packages/airflow/example_dags/example_short_circuit_decorator.py
[2024-11-11T00:54:13.640+0100] {logging_mixin.py:190} INFO - [2024-11-11T00:54:13.640+0100] {dag.py:3239} INFO - Sync 1 DAGs
[2024-11-11T00:54:13.651+0100] {logging_mixin.py:190} INFO - [2024-11-11T00:54:13.651+0100] {dag.py:4180} INFO - Setting next_dagrun for example_short_circuit_decorator to None, run_after=None
[2024-11-11T00:54:13.681+0100] {processor.py:208} INFO - Processing /home/sakana/anaconda3/envs/airflow_env/lib/python3.8/site-packages/airflow/example_dags/example_short_circuit_decorator.py took 0.085 seconds
