[2024-11-11T00:25:40.991+0100] {processor.py:186} INFO - Started process (PID=6667) to work on /home/sakana/anaconda3/envs/airflow_env/lib/python3.8/site-packages/airflow/example_dags/example_sensor_decorator.py
[2024-11-11T00:25:40.992+0100] {processor.py:914} INFO - Processing file /home/sakana/anaconda3/envs/airflow_env/lib/python3.8/site-packages/airflow/example_dags/example_sensor_decorator.py for tasks to queue
[2024-11-11T00:25:40.994+0100] {logging_mixin.py:190} INFO - [2024-11-11T00:25:40.993+0100] {dagbag.py:588} INFO - Filling up the DagBag from /home/sakana/anaconda3/envs/airflow_env/lib/python3.8/site-packages/airflow/example_dags/example_sensor_decorator.py
[2024-11-11T00:25:41.001+0100] {processor.py:925} INFO - DAG(s) 'example_sensor_decorator' retrieved from /home/sakana/anaconda3/envs/airflow_env/lib/python3.8/site-packages/airflow/example_dags/example_sensor_decorator.py
[2024-11-11T00:25:41.118+0100] {logging_mixin.py:190} INFO - [2024-11-11T00:25:41.118+0100] {override.py:1901} INFO - Created Permission View: can edit on DAG:example_sensor_decorator
[2024-11-11T00:25:41.135+0100] {logging_mixin.py:190} INFO - [2024-11-11T00:25:41.134+0100] {override.py:1901} INFO - Created Permission View: can read on DAG:example_sensor_decorator
[2024-11-11T00:25:41.151+0100] {logging_mixin.py:190} INFO - [2024-11-11T00:25:41.150+0100] {override.py:1901} INFO - Created Permission View: can delete on DAG:example_sensor_decorator
[2024-11-11T00:25:41.192+0100] {logging_mixin.py:190} INFO - [2024-11-11T00:25:41.190+0100] {override.py:1901} INFO - Created Permission View: can create on DAG Run:example_sensor_decorator
[2024-11-11T00:25:41.213+0100] {logging_mixin.py:190} INFO - [2024-11-11T00:25:41.212+0100] {override.py:1901} INFO - Created Permission View: can read on DAG Run:example_sensor_decorator
[2024-11-11T00:25:41.230+0100] {logging_mixin.py:190} INFO - [2024-11-11T00:25:41.229+0100] {override.py:1901} INFO - Created Permission View: can delete on DAG Run:example_sensor_decorator
[2024-11-11T00:25:41.246+0100] {logging_mixin.py:190} INFO - [2024-11-11T00:25:41.245+0100] {override.py:1901} INFO - Created Permission View: menu access on DAG Run:example_sensor_decorator
[2024-11-11T00:25:41.247+0100] {logging_mixin.py:190} INFO - [2024-11-11T00:25:41.247+0100] {dag.py:3239} INFO - Sync 1 DAGs
[2024-11-11T00:25:41.274+0100] {logging_mixin.py:190} INFO - [2024-11-11T00:25:41.274+0100] {dag.py:3262} INFO - Creating ORM DAG for example_sensor_decorator
[2024-11-11T00:25:41.275+0100] {logging_mixin.py:190} INFO - [2024-11-11T00:25:41.275+0100] {dag.py:4180} INFO - Setting next_dagrun for example_sensor_decorator to None, run_after=None
[2024-11-11T00:25:41.301+0100] {processor.py:208} INFO - Processing /home/sakana/anaconda3/envs/airflow_env/lib/python3.8/site-packages/airflow/example_dags/example_sensor_decorator.py took 0.315 seconds
[2024-11-11T00:26:51.054+0100] {processor.py:186} INFO - Started process (PID=6891) to work on /home/sakana/anaconda3/envs/airflow_env/lib/python3.8/site-packages/airflow/example_dags/example_sensor_decorator.py
[2024-11-11T00:26:51.059+0100] {processor.py:914} INFO - Processing file /home/sakana/anaconda3/envs/airflow_env/lib/python3.8/site-packages/airflow/example_dags/example_sensor_decorator.py for tasks to queue
[2024-11-11T00:26:51.061+0100] {logging_mixin.py:190} INFO - [2024-11-11T00:26:51.061+0100] {dagbag.py:588} INFO - Filling up the DagBag from /home/sakana/anaconda3/envs/airflow_env/lib/python3.8/site-packages/airflow/example_dags/example_sensor_decorator.py
[2024-11-11T00:26:51.071+0100] {processor.py:925} INFO - DAG(s) 'example_sensor_decorator' retrieved from /home/sakana/anaconda3/envs/airflow_env/lib/python3.8/site-packages/airflow/example_dags/example_sensor_decorator.py
[2024-11-11T00:26:51.089+0100] {logging_mixin.py:190} INFO - [2024-11-11T00:26:51.089+0100] {dag.py:3239} INFO - Sync 1 DAGs
[2024-11-11T00:26:51.100+0100] {logging_mixin.py:190} INFO - [2024-11-11T00:26:51.100+0100] {dag.py:4180} INFO - Setting next_dagrun for example_sensor_decorator to None, run_after=None
[2024-11-11T00:26:51.126+0100] {processor.py:208} INFO - Processing /home/sakana/anaconda3/envs/airflow_env/lib/python3.8/site-packages/airflow/example_dags/example_sensor_decorator.py took 0.081 seconds
[2024-11-11T00:27:46.879+0100] {processor.py:186} INFO - Started process (PID=6969) to work on /home/sakana/anaconda3/envs/airflow_env/lib/python3.8/site-packages/airflow/example_dags/example_sensor_decorator.py
[2024-11-11T00:27:46.883+0100] {processor.py:914} INFO - Processing file /home/sakana/anaconda3/envs/airflow_env/lib/python3.8/site-packages/airflow/example_dags/example_sensor_decorator.py for tasks to queue
[2024-11-11T00:27:46.886+0100] {logging_mixin.py:190} INFO - [2024-11-11T00:27:46.885+0100] {dagbag.py:588} INFO - Filling up the DagBag from /home/sakana/anaconda3/envs/airflow_env/lib/python3.8/site-packages/airflow/example_dags/example_sensor_decorator.py
[2024-11-11T00:27:46.895+0100] {processor.py:925} INFO - DAG(s) 'example_sensor_decorator' retrieved from /home/sakana/anaconda3/envs/airflow_env/lib/python3.8/site-packages/airflow/example_dags/example_sensor_decorator.py
[2024-11-11T00:27:46.911+0100] {logging_mixin.py:190} INFO - [2024-11-11T00:27:46.910+0100] {dag.py:3239} INFO - Sync 1 DAGs
[2024-11-11T00:27:46.922+0100] {logging_mixin.py:190} INFO - [2024-11-11T00:27:46.922+0100] {dag.py:4180} INFO - Setting next_dagrun for example_sensor_decorator to None, run_after=None
[2024-11-11T00:27:46.938+0100] {processor.py:208} INFO - Processing /home/sakana/anaconda3/envs/airflow_env/lib/python3.8/site-packages/airflow/example_dags/example_sensor_decorator.py took 0.065 seconds
[2024-11-11T00:28:41.935+0100] {processor.py:186} INFO - Started process (PID=7070) to work on /home/sakana/anaconda3/envs/airflow_env/lib/python3.8/site-packages/airflow/example_dags/example_sensor_decorator.py
[2024-11-11T00:28:41.940+0100] {processor.py:914} INFO - Processing file /home/sakana/anaconda3/envs/airflow_env/lib/python3.8/site-packages/airflow/example_dags/example_sensor_decorator.py for tasks to queue
[2024-11-11T00:28:41.942+0100] {logging_mixin.py:190} INFO - [2024-11-11T00:28:41.941+0100] {dagbag.py:588} INFO - Filling up the DagBag from /home/sakana/anaconda3/envs/airflow_env/lib/python3.8/site-packages/airflow/example_dags/example_sensor_decorator.py
[2024-11-11T00:28:41.949+0100] {processor.py:925} INFO - DAG(s) 'example_sensor_decorator' retrieved from /home/sakana/anaconda3/envs/airflow_env/lib/python3.8/site-packages/airflow/example_dags/example_sensor_decorator.py
[2024-11-11T00:28:41.964+0100] {logging_mixin.py:190} INFO - [2024-11-11T00:28:41.963+0100] {dag.py:3239} INFO - Sync 1 DAGs
[2024-11-11T00:28:41.977+0100] {logging_mixin.py:190} INFO - [2024-11-11T00:28:41.976+0100] {dag.py:4180} INFO - Setting next_dagrun for example_sensor_decorator to None, run_after=None
[2024-11-11T00:28:41.997+0100] {processor.py:208} INFO - Processing /home/sakana/anaconda3/envs/airflow_env/lib/python3.8/site-packages/airflow/example_dags/example_sensor_decorator.py took 0.068 seconds
[2024-11-11T00:29:36.736+0100] {processor.py:186} INFO - Started process (PID=7150) to work on /home/sakana/anaconda3/envs/airflow_env/lib/python3.8/site-packages/airflow/example_dags/example_sensor_decorator.py
[2024-11-11T00:29:36.742+0100] {processor.py:914} INFO - Processing file /home/sakana/anaconda3/envs/airflow_env/lib/python3.8/site-packages/airflow/example_dags/example_sensor_decorator.py for tasks to queue
[2024-11-11T00:29:36.749+0100] {logging_mixin.py:190} INFO - [2024-11-11T00:29:36.747+0100] {dagbag.py:588} INFO - Filling up the DagBag from /home/sakana/anaconda3/envs/airflow_env/lib/python3.8/site-packages/airflow/example_dags/example_sensor_decorator.py
[2024-11-11T00:29:36.769+0100] {processor.py:925} INFO - DAG(s) 'example_sensor_decorator' retrieved from /home/sakana/anaconda3/envs/airflow_env/lib/python3.8/site-packages/airflow/example_dags/example_sensor_decorator.py
[2024-11-11T00:29:36.786+0100] {logging_mixin.py:190} INFO - [2024-11-11T00:29:36.786+0100] {dag.py:3239} INFO - Sync 1 DAGs
[2024-11-11T00:29:36.797+0100] {logging_mixin.py:190} INFO - [2024-11-11T00:29:36.797+0100] {dag.py:4180} INFO - Setting next_dagrun for example_sensor_decorator to None, run_after=None
[2024-11-11T00:29:36.813+0100] {processor.py:208} INFO - Processing /home/sakana/anaconda3/envs/airflow_env/lib/python3.8/site-packages/airflow/example_dags/example_sensor_decorator.py took 0.087 seconds
[2024-11-11T00:30:32.019+0100] {processor.py:186} INFO - Started process (PID=7230) to work on /home/sakana/anaconda3/envs/airflow_env/lib/python3.8/site-packages/airflow/example_dags/example_sensor_decorator.py
[2024-11-11T00:30:32.025+0100] {processor.py:914} INFO - Processing file /home/sakana/anaconda3/envs/airflow_env/lib/python3.8/site-packages/airflow/example_dags/example_sensor_decorator.py for tasks to queue
[2024-11-11T00:30:32.031+0100] {logging_mixin.py:190} INFO - [2024-11-11T00:30:32.030+0100] {dagbag.py:588} INFO - Filling up the DagBag from /home/sakana/anaconda3/envs/airflow_env/lib/python3.8/site-packages/airflow/example_dags/example_sensor_decorator.py
[2024-11-11T00:30:32.051+0100] {processor.py:925} INFO - DAG(s) 'example_sensor_decorator' retrieved from /home/sakana/anaconda3/envs/airflow_env/lib/python3.8/site-packages/airflow/example_dags/example_sensor_decorator.py
[2024-11-11T00:30:32.068+0100] {logging_mixin.py:190} INFO - [2024-11-11T00:30:32.068+0100] {dag.py:3239} INFO - Sync 1 DAGs
[2024-11-11T00:30:32.081+0100] {logging_mixin.py:190} INFO - [2024-11-11T00:30:32.081+0100] {dag.py:4180} INFO - Setting next_dagrun for example_sensor_decorator to None, run_after=None
[2024-11-11T00:30:32.098+0100] {processor.py:208} INFO - Processing /home/sakana/anaconda3/envs/airflow_env/lib/python3.8/site-packages/airflow/example_dags/example_sensor_decorator.py took 0.086 seconds
[2024-11-11T00:31:27.770+0100] {processor.py:186} INFO - Started process (PID=7305) to work on /home/sakana/anaconda3/envs/airflow_env/lib/python3.8/site-packages/airflow/example_dags/example_sensor_decorator.py
[2024-11-11T00:31:27.775+0100] {processor.py:914} INFO - Processing file /home/sakana/anaconda3/envs/airflow_env/lib/python3.8/site-packages/airflow/example_dags/example_sensor_decorator.py for tasks to queue
[2024-11-11T00:31:27.778+0100] {logging_mixin.py:190} INFO - [2024-11-11T00:31:27.777+0100] {dagbag.py:588} INFO - Filling up the DagBag from /home/sakana/anaconda3/envs/airflow_env/lib/python3.8/site-packages/airflow/example_dags/example_sensor_decorator.py
[2024-11-11T00:31:27.786+0100] {processor.py:925} INFO - DAG(s) 'example_sensor_decorator' retrieved from /home/sakana/anaconda3/envs/airflow_env/lib/python3.8/site-packages/airflow/example_dags/example_sensor_decorator.py
[2024-11-11T00:31:27.799+0100] {logging_mixin.py:190} INFO - [2024-11-11T00:31:27.799+0100] {dag.py:3239} INFO - Sync 1 DAGs
[2024-11-11T00:31:27.810+0100] {logging_mixin.py:190} INFO - [2024-11-11T00:31:27.810+0100] {dag.py:4180} INFO - Setting next_dagrun for example_sensor_decorator to None, run_after=None
[2024-11-11T00:31:27.828+0100] {processor.py:208} INFO - Processing /home/sakana/anaconda3/envs/airflow_env/lib/python3.8/site-packages/airflow/example_dags/example_sensor_decorator.py took 0.064 seconds
[2024-11-11T00:32:22.497+0100] {processor.py:186} INFO - Started process (PID=7377) to work on /home/sakana/anaconda3/envs/airflow_env/lib/python3.8/site-packages/airflow/example_dags/example_sensor_decorator.py
[2024-11-11T00:32:22.501+0100] {processor.py:914} INFO - Processing file /home/sakana/anaconda3/envs/airflow_env/lib/python3.8/site-packages/airflow/example_dags/example_sensor_decorator.py for tasks to queue
[2024-11-11T00:32:22.503+0100] {logging_mixin.py:190} INFO - [2024-11-11T00:32:22.503+0100] {dagbag.py:588} INFO - Filling up the DagBag from /home/sakana/anaconda3/envs/airflow_env/lib/python3.8/site-packages/airflow/example_dags/example_sensor_decorator.py
[2024-11-11T00:32:22.511+0100] {processor.py:925} INFO - DAG(s) 'example_sensor_decorator' retrieved from /home/sakana/anaconda3/envs/airflow_env/lib/python3.8/site-packages/airflow/example_dags/example_sensor_decorator.py
[2024-11-11T00:32:22.525+0100] {logging_mixin.py:190} INFO - [2024-11-11T00:32:22.524+0100] {dag.py:3239} INFO - Sync 1 DAGs
[2024-11-11T00:32:22.535+0100] {logging_mixin.py:190} INFO - [2024-11-11T00:32:22.535+0100] {dag.py:4180} INFO - Setting next_dagrun for example_sensor_decorator to None, run_after=None
[2024-11-11T00:32:22.554+0100] {processor.py:208} INFO - Processing /home/sakana/anaconda3/envs/airflow_env/lib/python3.8/site-packages/airflow/example_dags/example_sensor_decorator.py took 0.063 seconds
[2024-11-11T00:33:18.514+0100] {processor.py:186} INFO - Started process (PID=7465) to work on /home/sakana/anaconda3/envs/airflow_env/lib/python3.8/site-packages/airflow/example_dags/example_sensor_decorator.py
[2024-11-11T00:33:18.519+0100] {processor.py:914} INFO - Processing file /home/sakana/anaconda3/envs/airflow_env/lib/python3.8/site-packages/airflow/example_dags/example_sensor_decorator.py for tasks to queue
[2024-11-11T00:33:18.522+0100] {logging_mixin.py:190} INFO - [2024-11-11T00:33:18.521+0100] {dagbag.py:588} INFO - Filling up the DagBag from /home/sakana/anaconda3/envs/airflow_env/lib/python3.8/site-packages/airflow/example_dags/example_sensor_decorator.py
[2024-11-11T00:33:18.532+0100] {processor.py:925} INFO - DAG(s) 'example_sensor_decorator' retrieved from /home/sakana/anaconda3/envs/airflow_env/lib/python3.8/site-packages/airflow/example_dags/example_sensor_decorator.py
[2024-11-11T00:33:18.550+0100] {logging_mixin.py:190} INFO - [2024-11-11T00:33:18.549+0100] {dag.py:3239} INFO - Sync 1 DAGs
[2024-11-11T00:33:18.565+0100] {logging_mixin.py:190} INFO - [2024-11-11T00:33:18.565+0100] {dag.py:4180} INFO - Setting next_dagrun for example_sensor_decorator to None, run_after=None
[2024-11-11T00:33:18.582+0100] {processor.py:208} INFO - Processing /home/sakana/anaconda3/envs/airflow_env/lib/python3.8/site-packages/airflow/example_dags/example_sensor_decorator.py took 0.076 seconds
[2024-11-11T00:34:14.837+0100] {processor.py:186} INFO - Started process (PID=7553) to work on /home/sakana/anaconda3/envs/airflow_env/lib/python3.8/site-packages/airflow/example_dags/example_sensor_decorator.py
[2024-11-11T00:34:14.842+0100] {processor.py:914} INFO - Processing file /home/sakana/anaconda3/envs/airflow_env/lib/python3.8/site-packages/airflow/example_dags/example_sensor_decorator.py for tasks to queue
[2024-11-11T00:34:14.844+0100] {logging_mixin.py:190} INFO - [2024-11-11T00:34:14.843+0100] {dagbag.py:588} INFO - Filling up the DagBag from /home/sakana/anaconda3/envs/airflow_env/lib/python3.8/site-packages/airflow/example_dags/example_sensor_decorator.py
[2024-11-11T00:34:14.852+0100] {processor.py:925} INFO - DAG(s) 'example_sensor_decorator' retrieved from /home/sakana/anaconda3/envs/airflow_env/lib/python3.8/site-packages/airflow/example_dags/example_sensor_decorator.py
[2024-11-11T00:34:14.869+0100] {logging_mixin.py:190} INFO - [2024-11-11T00:34:14.869+0100] {dag.py:3239} INFO - Sync 1 DAGs
[2024-11-11T00:34:14.881+0100] {logging_mixin.py:190} INFO - [2024-11-11T00:34:14.881+0100] {dag.py:4180} INFO - Setting next_dagrun for example_sensor_decorator to None, run_after=None
[2024-11-11T00:34:14.908+0100] {processor.py:208} INFO - Processing /home/sakana/anaconda3/envs/airflow_env/lib/python3.8/site-packages/airflow/example_dags/example_sensor_decorator.py took 0.077 seconds
[2024-11-11T00:35:11.653+0100] {processor.py:186} INFO - Started process (PID=7631) to work on /home/sakana/anaconda3/envs/airflow_env/lib/python3.8/site-packages/airflow/example_dags/example_sensor_decorator.py
[2024-11-11T00:35:11.654+0100] {processor.py:914} INFO - Processing file /home/sakana/anaconda3/envs/airflow_env/lib/python3.8/site-packages/airflow/example_dags/example_sensor_decorator.py for tasks to queue
[2024-11-11T00:35:11.657+0100] {logging_mixin.py:190} INFO - [2024-11-11T00:35:11.656+0100] {dagbag.py:588} INFO - Filling up the DagBag from /home/sakana/anaconda3/envs/airflow_env/lib/python3.8/site-packages/airflow/example_dags/example_sensor_decorator.py
[2024-11-11T00:35:11.666+0100] {processor.py:925} INFO - DAG(s) 'example_sensor_decorator' retrieved from /home/sakana/anaconda3/envs/airflow_env/lib/python3.8/site-packages/airflow/example_dags/example_sensor_decorator.py
[2024-11-11T00:35:11.681+0100] {logging_mixin.py:190} INFO - [2024-11-11T00:35:11.681+0100] {dag.py:3239} INFO - Sync 1 DAGs
[2024-11-11T00:35:11.695+0100] {logging_mixin.py:190} INFO - [2024-11-11T00:35:11.694+0100] {dag.py:4180} INFO - Setting next_dagrun for example_sensor_decorator to None, run_after=None
[2024-11-11T00:35:11.713+0100] {processor.py:208} INFO - Processing /home/sakana/anaconda3/envs/airflow_env/lib/python3.8/site-packages/airflow/example_dags/example_sensor_decorator.py took 0.069 seconds
[2024-11-11T00:36:04.694+0100] {processor.py:186} INFO - Started process (PID=7702) to work on /home/sakana/anaconda3/envs/airflow_env/lib/python3.8/site-packages/airflow/example_dags/example_sensor_decorator.py
[2024-11-11T00:36:04.699+0100] {processor.py:914} INFO - Processing file /home/sakana/anaconda3/envs/airflow_env/lib/python3.8/site-packages/airflow/example_dags/example_sensor_decorator.py for tasks to queue
[2024-11-11T00:36:04.702+0100] {logging_mixin.py:190} INFO - [2024-11-11T00:36:04.701+0100] {dagbag.py:588} INFO - Filling up the DagBag from /home/sakana/anaconda3/envs/airflow_env/lib/python3.8/site-packages/airflow/example_dags/example_sensor_decorator.py
[2024-11-11T00:36:04.712+0100] {processor.py:925} INFO - DAG(s) 'example_sensor_decorator' retrieved from /home/sakana/anaconda3/envs/airflow_env/lib/python3.8/site-packages/airflow/example_dags/example_sensor_decorator.py
[2024-11-11T00:36:04.730+0100] {logging_mixin.py:190} INFO - [2024-11-11T00:36:04.729+0100] {dag.py:3239} INFO - Sync 1 DAGs
[2024-11-11T00:36:04.741+0100] {logging_mixin.py:190} INFO - [2024-11-11T00:36:04.741+0100] {dag.py:4180} INFO - Setting next_dagrun for example_sensor_decorator to None, run_after=None
[2024-11-11T00:36:04.767+0100] {processor.py:208} INFO - Processing /home/sakana/anaconda3/envs/airflow_env/lib/python3.8/site-packages/airflow/example_dags/example_sensor_decorator.py took 0.082 seconds
[2024-11-11T00:37:01.489+0100] {processor.py:186} INFO - Started process (PID=7774) to work on /home/sakana/anaconda3/envs/airflow_env/lib/python3.8/site-packages/airflow/example_dags/example_sensor_decorator.py
[2024-11-11T00:37:01.495+0100] {processor.py:914} INFO - Processing file /home/sakana/anaconda3/envs/airflow_env/lib/python3.8/site-packages/airflow/example_dags/example_sensor_decorator.py for tasks to queue
[2024-11-11T00:37:01.499+0100] {logging_mixin.py:190} INFO - [2024-11-11T00:37:01.498+0100] {dagbag.py:588} INFO - Filling up the DagBag from /home/sakana/anaconda3/envs/airflow_env/lib/python3.8/site-packages/airflow/example_dags/example_sensor_decorator.py
[2024-11-11T00:37:01.508+0100] {processor.py:925} INFO - DAG(s) 'example_sensor_decorator' retrieved from /home/sakana/anaconda3/envs/airflow_env/lib/python3.8/site-packages/airflow/example_dags/example_sensor_decorator.py
[2024-11-11T00:37:01.524+0100] {logging_mixin.py:190} INFO - [2024-11-11T00:37:01.524+0100] {dag.py:3239} INFO - Sync 1 DAGs
[2024-11-11T00:37:01.536+0100] {logging_mixin.py:190} INFO - [2024-11-11T00:37:01.535+0100] {dag.py:4180} INFO - Setting next_dagrun for example_sensor_decorator to None, run_after=None
[2024-11-11T00:37:01.560+0100] {processor.py:208} INFO - Processing /home/sakana/anaconda3/envs/airflow_env/lib/python3.8/site-packages/airflow/example_dags/example_sensor_decorator.py took 0.084 seconds
[2024-11-11T00:37:58.303+0100] {processor.py:186} INFO - Started process (PID=7849) to work on /home/sakana/anaconda3/envs/airflow_env/lib/python3.8/site-packages/airflow/example_dags/example_sensor_decorator.py
[2024-11-11T00:37:58.309+0100] {processor.py:914} INFO - Processing file /home/sakana/anaconda3/envs/airflow_env/lib/python3.8/site-packages/airflow/example_dags/example_sensor_decorator.py for tasks to queue
[2024-11-11T00:37:58.312+0100] {logging_mixin.py:190} INFO - [2024-11-11T00:37:58.312+0100] {dagbag.py:588} INFO - Filling up the DagBag from /home/sakana/anaconda3/envs/airflow_env/lib/python3.8/site-packages/airflow/example_dags/example_sensor_decorator.py
[2024-11-11T00:37:58.324+0100] {processor.py:925} INFO - DAG(s) 'example_sensor_decorator' retrieved from /home/sakana/anaconda3/envs/airflow_env/lib/python3.8/site-packages/airflow/example_dags/example_sensor_decorator.py
[2024-11-11T00:37:58.342+0100] {logging_mixin.py:190} INFO - [2024-11-11T00:37:58.342+0100] {dag.py:3239} INFO - Sync 1 DAGs
[2024-11-11T00:37:58.353+0100] {logging_mixin.py:190} INFO - [2024-11-11T00:37:58.353+0100] {dag.py:4180} INFO - Setting next_dagrun for example_sensor_decorator to None, run_after=None
[2024-11-11T00:37:58.385+0100] {processor.py:208} INFO - Processing /home/sakana/anaconda3/envs/airflow_env/lib/python3.8/site-packages/airflow/example_dags/example_sensor_decorator.py took 0.091 seconds
[2024-11-11T00:38:52.511+0100] {processor.py:186} INFO - Started process (PID=7953) to work on /home/sakana/anaconda3/envs/airflow_env/lib/python3.8/site-packages/airflow/example_dags/example_sensor_decorator.py
[2024-11-11T00:38:52.515+0100] {processor.py:914} INFO - Processing file /home/sakana/anaconda3/envs/airflow_env/lib/python3.8/site-packages/airflow/example_dags/example_sensor_decorator.py for tasks to queue
[2024-11-11T00:38:52.518+0100] {logging_mixin.py:190} INFO - [2024-11-11T00:38:52.518+0100] {dagbag.py:588} INFO - Filling up the DagBag from /home/sakana/anaconda3/envs/airflow_env/lib/python3.8/site-packages/airflow/example_dags/example_sensor_decorator.py
[2024-11-11T00:38:52.529+0100] {processor.py:925} INFO - DAG(s) 'example_sensor_decorator' retrieved from /home/sakana/anaconda3/envs/airflow_env/lib/python3.8/site-packages/airflow/example_dags/example_sensor_decorator.py
[2024-11-11T00:38:52.545+0100] {logging_mixin.py:190} INFO - [2024-11-11T00:38:52.544+0100] {dag.py:3239} INFO - Sync 1 DAGs
[2024-11-11T00:38:52.556+0100] {logging_mixin.py:190} INFO - [2024-11-11T00:38:52.556+0100] {dag.py:4180} INFO - Setting next_dagrun for example_sensor_decorator to None, run_after=None
[2024-11-11T00:38:52.585+0100] {processor.py:208} INFO - Processing /home/sakana/anaconda3/envs/airflow_env/lib/python3.8/site-packages/airflow/example_dags/example_sensor_decorator.py took 0.080 seconds
[2024-11-11T00:39:48.799+0100] {processor.py:186} INFO - Started process (PID=8100) to work on /home/sakana/anaconda3/envs/airflow_env/lib/python3.8/site-packages/airflow/example_dags/example_sensor_decorator.py
[2024-11-11T00:39:48.804+0100] {processor.py:914} INFO - Processing file /home/sakana/anaconda3/envs/airflow_env/lib/python3.8/site-packages/airflow/example_dags/example_sensor_decorator.py for tasks to queue
[2024-11-11T00:39:48.806+0100] {logging_mixin.py:190} INFO - [2024-11-11T00:39:48.806+0100] {dagbag.py:588} INFO - Filling up the DagBag from /home/sakana/anaconda3/envs/airflow_env/lib/python3.8/site-packages/airflow/example_dags/example_sensor_decorator.py
[2024-11-11T00:39:48.816+0100] {processor.py:925} INFO - DAG(s) 'example_sensor_decorator' retrieved from /home/sakana/anaconda3/envs/airflow_env/lib/python3.8/site-packages/airflow/example_dags/example_sensor_decorator.py
[2024-11-11T00:39:48.831+0100] {logging_mixin.py:190} INFO - [2024-11-11T00:39:48.831+0100] {dag.py:3239} INFO - Sync 1 DAGs
[2024-11-11T00:39:48.845+0100] {logging_mixin.py:190} INFO - [2024-11-11T00:39:48.845+0100] {dag.py:4180} INFO - Setting next_dagrun for example_sensor_decorator to None, run_after=None
[2024-11-11T00:39:48.881+0100] {processor.py:208} INFO - Processing /home/sakana/anaconda3/envs/airflow_env/lib/python3.8/site-packages/airflow/example_dags/example_sensor_decorator.py took 0.089 seconds
[2024-11-11T00:43:05.296+0100] {processor.py:186} INFO - Started process (PID=8457) to work on /home/sakana/anaconda3/envs/airflow_env/lib/python3.8/site-packages/airflow/example_dags/example_sensor_decorator.py
[2024-11-11T00:43:05.301+0100] {processor.py:914} INFO - Processing file /home/sakana/anaconda3/envs/airflow_env/lib/python3.8/site-packages/airflow/example_dags/example_sensor_decorator.py for tasks to queue
[2024-11-11T00:43:05.304+0100] {logging_mixin.py:190} INFO - [2024-11-11T00:43:05.304+0100] {dagbag.py:588} INFO - Filling up the DagBag from /home/sakana/anaconda3/envs/airflow_env/lib/python3.8/site-packages/airflow/example_dags/example_sensor_decorator.py
[2024-11-11T00:43:05.318+0100] {processor.py:925} INFO - DAG(s) 'example_sensor_decorator' retrieved from /home/sakana/anaconda3/envs/airflow_env/lib/python3.8/site-packages/airflow/example_dags/example_sensor_decorator.py
[2024-11-11T00:43:05.342+0100] {logging_mixin.py:190} INFO - [2024-11-11T00:43:05.342+0100] {dag.py:3239} INFO - Sync 1 DAGs
[2024-11-11T00:43:05.360+0100] {logging_mixin.py:190} INFO - [2024-11-11T00:43:05.359+0100] {dag.py:4180} INFO - Setting next_dagrun for example_sensor_decorator to None, run_after=None
[2024-11-11T00:43:05.382+0100] {processor.py:208} INFO - Processing /home/sakana/anaconda3/envs/airflow_env/lib/python3.8/site-packages/airflow/example_dags/example_sensor_decorator.py took 0.100 seconds
[2024-11-11T00:45:30.743+0100] {processor.py:186} INFO - Started process (PID=8752) to work on /home/sakana/anaconda3/envs/airflow_env/lib/python3.8/site-packages/airflow/example_dags/example_sensor_decorator.py
[2024-11-11T00:45:30.749+0100] {processor.py:914} INFO - Processing file /home/sakana/anaconda3/envs/airflow_env/lib/python3.8/site-packages/airflow/example_dags/example_sensor_decorator.py for tasks to queue
[2024-11-11T00:45:30.756+0100] {logging_mixin.py:190} INFO - [2024-11-11T00:45:30.754+0100] {dagbag.py:588} INFO - Filling up the DagBag from /home/sakana/anaconda3/envs/airflow_env/lib/python3.8/site-packages/airflow/example_dags/example_sensor_decorator.py
[2024-11-11T00:45:30.777+0100] {processor.py:925} INFO - DAG(s) 'example_sensor_decorator' retrieved from /home/sakana/anaconda3/envs/airflow_env/lib/python3.8/site-packages/airflow/example_dags/example_sensor_decorator.py
[2024-11-11T00:45:30.796+0100] {logging_mixin.py:190} INFO - [2024-11-11T00:45:30.796+0100] {dag.py:3239} INFO - Sync 1 DAGs
[2024-11-11T00:45:30.809+0100] {logging_mixin.py:190} INFO - [2024-11-11T00:45:30.809+0100] {dag.py:4180} INFO - Setting next_dagrun for example_sensor_decorator to None, run_after=None
[2024-11-11T00:45:30.836+0100] {processor.py:208} INFO - Processing /home/sakana/anaconda3/envs/airflow_env/lib/python3.8/site-packages/airflow/example_dags/example_sensor_decorator.py took 0.099 seconds
[2024-11-11T00:46:28.990+0100] {processor.py:186} INFO - Started process (PID=8848) to work on /home/sakana/anaconda3/envs/airflow_env/lib/python3.8/site-packages/airflow/example_dags/example_sensor_decorator.py
[2024-11-11T00:46:28.995+0100] {processor.py:914} INFO - Processing file /home/sakana/anaconda3/envs/airflow_env/lib/python3.8/site-packages/airflow/example_dags/example_sensor_decorator.py for tasks to queue
[2024-11-11T00:46:28.998+0100] {logging_mixin.py:190} INFO - [2024-11-11T00:46:28.998+0100] {dagbag.py:588} INFO - Filling up the DagBag from /home/sakana/anaconda3/envs/airflow_env/lib/python3.8/site-packages/airflow/example_dags/example_sensor_decorator.py
[2024-11-11T00:46:29.011+0100] {processor.py:925} INFO - DAG(s) 'example_sensor_decorator' retrieved from /home/sakana/anaconda3/envs/airflow_env/lib/python3.8/site-packages/airflow/example_dags/example_sensor_decorator.py
[2024-11-11T00:46:29.028+0100] {logging_mixin.py:190} INFO - [2024-11-11T00:46:29.027+0100] {dag.py:3239} INFO - Sync 1 DAGs
[2024-11-11T00:46:29.039+0100] {logging_mixin.py:190} INFO - [2024-11-11T00:46:29.039+0100] {dag.py:4180} INFO - Setting next_dagrun for example_sensor_decorator to None, run_after=None
[2024-11-11T00:46:29.056+0100] {processor.py:208} INFO - Processing /home/sakana/anaconda3/envs/airflow_env/lib/python3.8/site-packages/airflow/example_dags/example_sensor_decorator.py took 0.077 seconds
[2024-11-11T00:47:23.045+0100] {processor.py:186} INFO - Started process (PID=8930) to work on /home/sakana/anaconda3/envs/airflow_env/lib/python3.8/site-packages/airflow/example_dags/example_sensor_decorator.py
[2024-11-11T00:47:23.050+0100] {processor.py:914} INFO - Processing file /home/sakana/anaconda3/envs/airflow_env/lib/python3.8/site-packages/airflow/example_dags/example_sensor_decorator.py for tasks to queue
[2024-11-11T00:47:23.053+0100] {logging_mixin.py:190} INFO - [2024-11-11T00:47:23.053+0100] {dagbag.py:588} INFO - Filling up the DagBag from /home/sakana/anaconda3/envs/airflow_env/lib/python3.8/site-packages/airflow/example_dags/example_sensor_decorator.py
[2024-11-11T00:47:23.062+0100] {processor.py:925} INFO - DAG(s) 'example_sensor_decorator' retrieved from /home/sakana/anaconda3/envs/airflow_env/lib/python3.8/site-packages/airflow/example_dags/example_sensor_decorator.py
[2024-11-11T00:47:23.078+0100] {logging_mixin.py:190} INFO - [2024-11-11T00:47:23.077+0100] {dag.py:3239} INFO - Sync 1 DAGs
[2024-11-11T00:47:23.089+0100] {logging_mixin.py:190} INFO - [2024-11-11T00:47:23.089+0100] {dag.py:4180} INFO - Setting next_dagrun for example_sensor_decorator to None, run_after=None
[2024-11-11T00:47:23.106+0100] {processor.py:208} INFO - Processing /home/sakana/anaconda3/envs/airflow_env/lib/python3.8/site-packages/airflow/example_dags/example_sensor_decorator.py took 0.068 seconds
[2024-11-11T00:48:19.612+0100] {processor.py:186} INFO - Started process (PID=9018) to work on /home/sakana/anaconda3/envs/airflow_env/lib/python3.8/site-packages/airflow/example_dags/example_sensor_decorator.py
[2024-11-11T00:48:19.617+0100] {processor.py:914} INFO - Processing file /home/sakana/anaconda3/envs/airflow_env/lib/python3.8/site-packages/airflow/example_dags/example_sensor_decorator.py for tasks to queue
[2024-11-11T00:48:19.619+0100] {logging_mixin.py:190} INFO - [2024-11-11T00:48:19.619+0100] {dagbag.py:588} INFO - Filling up the DagBag from /home/sakana/anaconda3/envs/airflow_env/lib/python3.8/site-packages/airflow/example_dags/example_sensor_decorator.py
[2024-11-11T00:48:19.630+0100] {processor.py:925} INFO - DAG(s) 'example_sensor_decorator' retrieved from /home/sakana/anaconda3/envs/airflow_env/lib/python3.8/site-packages/airflow/example_dags/example_sensor_decorator.py
[2024-11-11T00:48:19.650+0100] {logging_mixin.py:190} INFO - [2024-11-11T00:48:19.649+0100] {dag.py:3239} INFO - Sync 1 DAGs
[2024-11-11T00:48:19.664+0100] {logging_mixin.py:190} INFO - [2024-11-11T00:48:19.663+0100] {dag.py:4180} INFO - Setting next_dagrun for example_sensor_decorator to None, run_after=None
[2024-11-11T00:48:19.687+0100] {processor.py:208} INFO - Processing /home/sakana/anaconda3/envs/airflow_env/lib/python3.8/site-packages/airflow/example_dags/example_sensor_decorator.py took 0.082 seconds
[2024-11-11T00:49:16.865+0100] {processor.py:186} INFO - Started process (PID=9169) to work on /home/sakana/anaconda3/envs/airflow_env/lib/python3.8/site-packages/airflow/example_dags/example_sensor_decorator.py
[2024-11-11T00:49:16.866+0100] {processor.py:914} INFO - Processing file /home/sakana/anaconda3/envs/airflow_env/lib/python3.8/site-packages/airflow/example_dags/example_sensor_decorator.py for tasks to queue
[2024-11-11T00:49:16.868+0100] {logging_mixin.py:190} INFO - [2024-11-11T00:49:16.868+0100] {dagbag.py:588} INFO - Filling up the DagBag from /home/sakana/anaconda3/envs/airflow_env/lib/python3.8/site-packages/airflow/example_dags/example_sensor_decorator.py
[2024-11-11T00:49:16.878+0100] {processor.py:925} INFO - DAG(s) 'example_sensor_decorator' retrieved from /home/sakana/anaconda3/envs/airflow_env/lib/python3.8/site-packages/airflow/example_dags/example_sensor_decorator.py
[2024-11-11T00:49:16.898+0100] {logging_mixin.py:190} INFO - [2024-11-11T00:49:16.897+0100] {dag.py:3239} INFO - Sync 1 DAGs
[2024-11-11T00:49:16.918+0100] {logging_mixin.py:190} INFO - [2024-11-11T00:49:16.917+0100] {dag.py:4180} INFO - Setting next_dagrun for example_sensor_decorator to None, run_after=None
[2024-11-11T00:49:16.945+0100] {processor.py:208} INFO - Processing /home/sakana/anaconda3/envs/airflow_env/lib/python3.8/site-packages/airflow/example_dags/example_sensor_decorator.py took 0.086 seconds
[2024-11-11T00:50:15.493+0100] {processor.py:186} INFO - Started process (PID=9476) to work on /home/sakana/anaconda3/envs/airflow_env/lib/python3.8/site-packages/airflow/example_dags/example_sensor_decorator.py
[2024-11-11T00:50:15.499+0100] {processor.py:914} INFO - Processing file /home/sakana/anaconda3/envs/airflow_env/lib/python3.8/site-packages/airflow/example_dags/example_sensor_decorator.py for tasks to queue
[2024-11-11T00:50:15.502+0100] {logging_mixin.py:190} INFO - [2024-11-11T00:50:15.501+0100] {dagbag.py:588} INFO - Filling up the DagBag from /home/sakana/anaconda3/envs/airflow_env/lib/python3.8/site-packages/airflow/example_dags/example_sensor_decorator.py
[2024-11-11T00:50:15.516+0100] {processor.py:925} INFO - DAG(s) 'example_sensor_decorator' retrieved from /home/sakana/anaconda3/envs/airflow_env/lib/python3.8/site-packages/airflow/example_dags/example_sensor_decorator.py
[2024-11-11T00:50:15.536+0100] {logging_mixin.py:190} INFO - [2024-11-11T00:50:15.536+0100] {dag.py:3239} INFO - Sync 1 DAGs
[2024-11-11T00:50:15.560+0100] {logging_mixin.py:190} INFO - [2024-11-11T00:50:15.559+0100] {dag.py:4180} INFO - Setting next_dagrun for example_sensor_decorator to None, run_after=None
[2024-11-11T00:50:15.581+0100] {processor.py:208} INFO - Processing /home/sakana/anaconda3/envs/airflow_env/lib/python3.8/site-packages/airflow/example_dags/example_sensor_decorator.py took 0.097 seconds
[2024-11-11T00:51:16.467+0100] {processor.py:186} INFO - Started process (PID=9551) to work on /home/sakana/anaconda3/envs/airflow_env/lib/python3.8/site-packages/airflow/example_dags/example_sensor_decorator.py
[2024-11-11T00:51:16.472+0100] {processor.py:914} INFO - Processing file /home/sakana/anaconda3/envs/airflow_env/lib/python3.8/site-packages/airflow/example_dags/example_sensor_decorator.py for tasks to queue
[2024-11-11T00:51:16.474+0100] {logging_mixin.py:190} INFO - [2024-11-11T00:51:16.474+0100] {dagbag.py:588} INFO - Filling up the DagBag from /home/sakana/anaconda3/envs/airflow_env/lib/python3.8/site-packages/airflow/example_dags/example_sensor_decorator.py
[2024-11-11T00:51:16.484+0100] {processor.py:925} INFO - DAG(s) 'example_sensor_decorator' retrieved from /home/sakana/anaconda3/envs/airflow_env/lib/python3.8/site-packages/airflow/example_dags/example_sensor_decorator.py
[2024-11-11T00:51:16.502+0100] {logging_mixin.py:190} INFO - [2024-11-11T00:51:16.502+0100] {dag.py:3239} INFO - Sync 1 DAGs
[2024-11-11T00:51:16.517+0100] {logging_mixin.py:190} INFO - [2024-11-11T00:51:16.517+0100] {dag.py:4180} INFO - Setting next_dagrun for example_sensor_decorator to None, run_after=None
[2024-11-11T00:51:16.540+0100] {processor.py:208} INFO - Processing /home/sakana/anaconda3/envs/airflow_env/lib/python3.8/site-packages/airflow/example_dags/example_sensor_decorator.py took 0.081 seconds
[2024-11-11T00:52:13.183+0100] {processor.py:186} INFO - Started process (PID=9652) to work on /home/sakana/anaconda3/envs/airflow_env/lib/python3.8/site-packages/airflow/example_dags/example_sensor_decorator.py
[2024-11-11T00:52:13.188+0100] {processor.py:914} INFO - Processing file /home/sakana/anaconda3/envs/airflow_env/lib/python3.8/site-packages/airflow/example_dags/example_sensor_decorator.py for tasks to queue
[2024-11-11T00:52:13.191+0100] {logging_mixin.py:190} INFO - [2024-11-11T00:52:13.190+0100] {dagbag.py:588} INFO - Filling up the DagBag from /home/sakana/anaconda3/envs/airflow_env/lib/python3.8/site-packages/airflow/example_dags/example_sensor_decorator.py
[2024-11-11T00:52:13.199+0100] {processor.py:925} INFO - DAG(s) 'example_sensor_decorator' retrieved from /home/sakana/anaconda3/envs/airflow_env/lib/python3.8/site-packages/airflow/example_dags/example_sensor_decorator.py
[2024-11-11T00:52:13.219+0100] {logging_mixin.py:190} INFO - [2024-11-11T00:52:13.219+0100] {dag.py:3239} INFO - Sync 1 DAGs
[2024-11-11T00:52:13.233+0100] {logging_mixin.py:190} INFO - [2024-11-11T00:52:13.233+0100] {dag.py:4180} INFO - Setting next_dagrun for example_sensor_decorator to None, run_after=None
[2024-11-11T00:52:13.258+0100] {processor.py:208} INFO - Processing /home/sakana/anaconda3/envs/airflow_env/lib/python3.8/site-packages/airflow/example_dags/example_sensor_decorator.py took 0.081 seconds
[2024-11-11T00:53:11.492+0100] {processor.py:186} INFO - Started process (PID=9852) to work on /home/sakana/anaconda3/envs/airflow_env/lib/python3.8/site-packages/airflow/example_dags/example_sensor_decorator.py
[2024-11-11T00:53:11.494+0100] {processor.py:914} INFO - Processing file /home/sakana/anaconda3/envs/airflow_env/lib/python3.8/site-packages/airflow/example_dags/example_sensor_decorator.py for tasks to queue
[2024-11-11T00:53:11.498+0100] {logging_mixin.py:190} INFO - [2024-11-11T00:53:11.497+0100] {dagbag.py:588} INFO - Filling up the DagBag from /home/sakana/anaconda3/envs/airflow_env/lib/python3.8/site-packages/airflow/example_dags/example_sensor_decorator.py
[2024-11-11T00:53:11.512+0100] {processor.py:925} INFO - DAG(s) 'example_sensor_decorator' retrieved from /home/sakana/anaconda3/envs/airflow_env/lib/python3.8/site-packages/airflow/example_dags/example_sensor_decorator.py
[2024-11-11T00:53:11.537+0100] {logging_mixin.py:190} INFO - [2024-11-11T00:53:11.537+0100] {dag.py:3239} INFO - Sync 1 DAGs
[2024-11-11T00:53:11.561+0100] {logging_mixin.py:190} INFO - [2024-11-11T00:53:11.560+0100] {dag.py:4180} INFO - Setting next_dagrun for example_sensor_decorator to None, run_after=None
[2024-11-11T00:53:11.611+0100] {processor.py:208} INFO - Processing /home/sakana/anaconda3/envs/airflow_env/lib/python3.8/site-packages/airflow/example_dags/example_sensor_decorator.py took 0.129 seconds
[2024-11-11T00:54:09.436+0100] {processor.py:186} INFO - Started process (PID=9927) to work on /home/sakana/anaconda3/envs/airflow_env/lib/python3.8/site-packages/airflow/example_dags/example_sensor_decorator.py
[2024-11-11T00:54:09.441+0100] {processor.py:914} INFO - Processing file /home/sakana/anaconda3/envs/airflow_env/lib/python3.8/site-packages/airflow/example_dags/example_sensor_decorator.py for tasks to queue
[2024-11-11T00:54:09.444+0100] {logging_mixin.py:190} INFO - [2024-11-11T00:54:09.444+0100] {dagbag.py:588} INFO - Filling up the DagBag from /home/sakana/anaconda3/envs/airflow_env/lib/python3.8/site-packages/airflow/example_dags/example_sensor_decorator.py
[2024-11-11T00:54:09.457+0100] {processor.py:925} INFO - DAG(s) 'example_sensor_decorator' retrieved from /home/sakana/anaconda3/envs/airflow_env/lib/python3.8/site-packages/airflow/example_dags/example_sensor_decorator.py
[2024-11-11T00:54:09.475+0100] {logging_mixin.py:190} INFO - [2024-11-11T00:54:09.475+0100] {dag.py:3239} INFO - Sync 1 DAGs
[2024-11-11T00:54:09.489+0100] {logging_mixin.py:190} INFO - [2024-11-11T00:54:09.489+0100] {dag.py:4180} INFO - Setting next_dagrun for example_sensor_decorator to None, run_after=None
[2024-11-11T00:54:09.514+0100] {processor.py:208} INFO - Processing /home/sakana/anaconda3/envs/airflow_env/lib/python3.8/site-packages/airflow/example_dags/example_sensor_decorator.py took 0.088 seconds
