[2024-11-11T00:25:29.051+0100] {processor.py:186} INFO - Started process (PID=6621) to work on /home/sakana/anaconda3/envs/airflow_env/lib/python3.8/site-packages/airflow/example_dags/example_trigger_target_dag.py
[2024-11-11T00:25:29.052+0100] {processor.py:914} INFO - Processing file /home/sakana/anaconda3/envs/airflow_env/lib/python3.8/site-packages/airflow/example_dags/example_trigger_target_dag.py for tasks to queue
[2024-11-11T00:25:29.055+0100] {logging_mixin.py:190} INFO - [2024-11-11T00:25:29.055+0100] {dagbag.py:588} INFO - Filling up the DagBag from /home/sakana/anaconda3/envs/airflow_env/lib/python3.8/site-packages/airflow/example_dags/example_trigger_target_dag.py
[2024-11-11T00:25:29.067+0100] {processor.py:925} INFO - DAG(s) 'example_trigger_target_dag' retrieved from /home/sakana/anaconda3/envs/airflow_env/lib/python3.8/site-packages/airflow/example_dags/example_trigger_target_dag.py
[2024-11-11T00:25:29.194+0100] {logging_mixin.py:190} INFO - [2024-11-11T00:25:29.194+0100] {override.py:1901} INFO - Created Permission View: can edit on DAG:example_trigger_target_dag
[2024-11-11T00:25:29.214+0100] {logging_mixin.py:190} INFO - [2024-11-11T00:25:29.214+0100] {override.py:1901} INFO - Created Permission View: can read on DAG:example_trigger_target_dag
[2024-11-11T00:25:29.231+0100] {logging_mixin.py:190} INFO - [2024-11-11T00:25:29.231+0100] {override.py:1901} INFO - Created Permission View: can delete on DAG:example_trigger_target_dag
[2024-11-11T00:25:29.259+0100] {logging_mixin.py:190} INFO - [2024-11-11T00:25:29.258+0100] {override.py:1901} INFO - Created Permission View: can create on DAG Run:example_trigger_target_dag
[2024-11-11T00:25:29.276+0100] {logging_mixin.py:190} INFO - [2024-11-11T00:25:29.276+0100] {override.py:1901} INFO - Created Permission View: can read on DAG Run:example_trigger_target_dag
[2024-11-11T00:25:29.292+0100] {logging_mixin.py:190} INFO - [2024-11-11T00:25:29.292+0100] {override.py:1901} INFO - Created Permission View: can delete on DAG Run:example_trigger_target_dag
[2024-11-11T00:25:29.309+0100] {logging_mixin.py:190} INFO - [2024-11-11T00:25:29.308+0100] {override.py:1901} INFO - Created Permission View: menu access on DAG Run:example_trigger_target_dag
[2024-11-11T00:25:29.309+0100] {logging_mixin.py:190} INFO - [2024-11-11T00:25:29.309+0100] {dag.py:3239} INFO - Sync 1 DAGs
[2024-11-11T00:25:29.327+0100] {logging_mixin.py:190} INFO - [2024-11-11T00:25:29.326+0100] {dag.py:3262} INFO - Creating ORM DAG for example_trigger_target_dag
[2024-11-11T00:25:29.328+0100] {logging_mixin.py:190} INFO - [2024-11-11T00:25:29.327+0100] {dag.py:4180} INFO - Setting next_dagrun for example_trigger_target_dag to None, run_after=None
[2024-11-11T00:25:29.368+0100] {processor.py:208} INFO - Processing /home/sakana/anaconda3/envs/airflow_env/lib/python3.8/site-packages/airflow/example_dags/example_trigger_target_dag.py took 0.326 seconds
[2024-11-11T00:26:42.206+0100] {processor.py:186} INFO - Started process (PID=6879) to work on /home/sakana/anaconda3/envs/airflow_env/lib/python3.8/site-packages/airflow/example_dags/example_trigger_target_dag.py
[2024-11-11T00:26:42.211+0100] {processor.py:914} INFO - Processing file /home/sakana/anaconda3/envs/airflow_env/lib/python3.8/site-packages/airflow/example_dags/example_trigger_target_dag.py for tasks to queue
[2024-11-11T00:26:42.213+0100] {logging_mixin.py:190} INFO - [2024-11-11T00:26:42.212+0100] {dagbag.py:588} INFO - Filling up the DagBag from /home/sakana/anaconda3/envs/airflow_env/lib/python3.8/site-packages/airflow/example_dags/example_trigger_target_dag.py
[2024-11-11T00:26:42.220+0100] {processor.py:925} INFO - DAG(s) 'example_trigger_target_dag' retrieved from /home/sakana/anaconda3/envs/airflow_env/lib/python3.8/site-packages/airflow/example_dags/example_trigger_target_dag.py
[2024-11-11T00:26:42.234+0100] {logging_mixin.py:190} INFO - [2024-11-11T00:26:42.234+0100] {dag.py:3239} INFO - Sync 1 DAGs
[2024-11-11T00:26:42.247+0100] {logging_mixin.py:190} INFO - [2024-11-11T00:26:42.247+0100] {dag.py:4180} INFO - Setting next_dagrun for example_trigger_target_dag to None, run_after=None
[2024-11-11T00:26:42.279+0100] {processor.py:208} INFO - Processing /home/sakana/anaconda3/envs/airflow_env/lib/python3.8/site-packages/airflow/example_dags/example_trigger_target_dag.py took 0.078 seconds
[2024-11-11T00:27:37.914+0100] {processor.py:186} INFO - Started process (PID=6956) to work on /home/sakana/anaconda3/envs/airflow_env/lib/python3.8/site-packages/airflow/example_dags/example_trigger_target_dag.py
[2024-11-11T00:27:37.919+0100] {processor.py:914} INFO - Processing file /home/sakana/anaconda3/envs/airflow_env/lib/python3.8/site-packages/airflow/example_dags/example_trigger_target_dag.py for tasks to queue
[2024-11-11T00:27:37.921+0100] {logging_mixin.py:190} INFO - [2024-11-11T00:27:37.921+0100] {dagbag.py:588} INFO - Filling up the DagBag from /home/sakana/anaconda3/envs/airflow_env/lib/python3.8/site-packages/airflow/example_dags/example_trigger_target_dag.py
[2024-11-11T00:27:37.929+0100] {processor.py:925} INFO - DAG(s) 'example_trigger_target_dag' retrieved from /home/sakana/anaconda3/envs/airflow_env/lib/python3.8/site-packages/airflow/example_dags/example_trigger_target_dag.py
[2024-11-11T00:27:37.945+0100] {logging_mixin.py:190} INFO - [2024-11-11T00:27:37.945+0100] {dag.py:3239} INFO - Sync 1 DAGs
[2024-11-11T00:27:37.956+0100] {logging_mixin.py:190} INFO - [2024-11-11T00:27:37.956+0100] {dag.py:4180} INFO - Setting next_dagrun for example_trigger_target_dag to None, run_after=None
[2024-11-11T00:27:37.973+0100] {processor.py:208} INFO - Processing /home/sakana/anaconda3/envs/airflow_env/lib/python3.8/site-packages/airflow/example_dags/example_trigger_target_dag.py took 0.065 seconds
[2024-11-11T00:28:33.069+0100] {processor.py:186} INFO - Started process (PID=7053) to work on /home/sakana/anaconda3/envs/airflow_env/lib/python3.8/site-packages/airflow/example_dags/example_trigger_target_dag.py
[2024-11-11T00:28:33.070+0100] {processor.py:914} INFO - Processing file /home/sakana/anaconda3/envs/airflow_env/lib/python3.8/site-packages/airflow/example_dags/example_trigger_target_dag.py for tasks to queue
[2024-11-11T00:28:33.072+0100] {logging_mixin.py:190} INFO - [2024-11-11T00:28:33.072+0100] {dagbag.py:588} INFO - Filling up the DagBag from /home/sakana/anaconda3/envs/airflow_env/lib/python3.8/site-packages/airflow/example_dags/example_trigger_target_dag.py
[2024-11-11T00:28:33.083+0100] {processor.py:925} INFO - DAG(s) 'example_trigger_target_dag' retrieved from /home/sakana/anaconda3/envs/airflow_env/lib/python3.8/site-packages/airflow/example_dags/example_trigger_target_dag.py
[2024-11-11T00:28:33.099+0100] {logging_mixin.py:190} INFO - [2024-11-11T00:28:33.099+0100] {dag.py:3239} INFO - Sync 1 DAGs
[2024-11-11T00:28:33.111+0100] {logging_mixin.py:190} INFO - [2024-11-11T00:28:33.111+0100] {dag.py:4180} INFO - Setting next_dagrun for example_trigger_target_dag to None, run_after=None
[2024-11-11T00:28:33.132+0100] {processor.py:208} INFO - Processing /home/sakana/anaconda3/envs/airflow_env/lib/python3.8/site-packages/airflow/example_dags/example_trigger_target_dag.py took 0.071 seconds
[2024-11-11T00:29:27.613+0100] {processor.py:186} INFO - Started process (PID=7133) to work on /home/sakana/anaconda3/envs/airflow_env/lib/python3.8/site-packages/airflow/example_dags/example_trigger_target_dag.py
[2024-11-11T00:29:27.619+0100] {processor.py:914} INFO - Processing file /home/sakana/anaconda3/envs/airflow_env/lib/python3.8/site-packages/airflow/example_dags/example_trigger_target_dag.py for tasks to queue
[2024-11-11T00:29:27.623+0100] {logging_mixin.py:190} INFO - [2024-11-11T00:29:27.622+0100] {dagbag.py:588} INFO - Filling up the DagBag from /home/sakana/anaconda3/envs/airflow_env/lib/python3.8/site-packages/airflow/example_dags/example_trigger_target_dag.py
[2024-11-11T00:29:27.635+0100] {processor.py:925} INFO - DAG(s) 'example_trigger_target_dag' retrieved from /home/sakana/anaconda3/envs/airflow_env/lib/python3.8/site-packages/airflow/example_dags/example_trigger_target_dag.py
[2024-11-11T00:29:27.650+0100] {logging_mixin.py:190} INFO - [2024-11-11T00:29:27.650+0100] {dag.py:3239} INFO - Sync 1 DAGs
[2024-11-11T00:29:27.662+0100] {logging_mixin.py:190} INFO - [2024-11-11T00:29:27.662+0100] {dag.py:4180} INFO - Setting next_dagrun for example_trigger_target_dag to None, run_after=None
[2024-11-11T00:29:27.679+0100] {processor.py:208} INFO - Processing /home/sakana/anaconda3/envs/airflow_env/lib/python3.8/site-packages/airflow/example_dags/example_trigger_target_dag.py took 0.081 seconds
[2024-11-11T00:30:22.235+0100] {processor.py:186} INFO - Started process (PID=7214) to work on /home/sakana/anaconda3/envs/airflow_env/lib/python3.8/site-packages/airflow/example_dags/example_trigger_target_dag.py
[2024-11-11T00:30:22.240+0100] {processor.py:914} INFO - Processing file /home/sakana/anaconda3/envs/airflow_env/lib/python3.8/site-packages/airflow/example_dags/example_trigger_target_dag.py for tasks to queue
[2024-11-11T00:30:22.242+0100] {logging_mixin.py:190} INFO - [2024-11-11T00:30:22.241+0100] {dagbag.py:588} INFO - Filling up the DagBag from /home/sakana/anaconda3/envs/airflow_env/lib/python3.8/site-packages/airflow/example_dags/example_trigger_target_dag.py
[2024-11-11T00:30:22.250+0100] {processor.py:925} INFO - DAG(s) 'example_trigger_target_dag' retrieved from /home/sakana/anaconda3/envs/airflow_env/lib/python3.8/site-packages/airflow/example_dags/example_trigger_target_dag.py
[2024-11-11T00:30:22.264+0100] {logging_mixin.py:190} INFO - [2024-11-11T00:30:22.264+0100] {dag.py:3239} INFO - Sync 1 DAGs
[2024-11-11T00:30:22.276+0100] {logging_mixin.py:190} INFO - [2024-11-11T00:30:22.275+0100] {dag.py:4180} INFO - Setting next_dagrun for example_trigger_target_dag to None, run_after=None
[2024-11-11T00:30:22.295+0100] {processor.py:208} INFO - Processing /home/sakana/anaconda3/envs/airflow_env/lib/python3.8/site-packages/airflow/example_dags/example_trigger_target_dag.py took 0.067 seconds
[2024-11-11T00:31:19.157+0100] {processor.py:186} INFO - Started process (PID=7292) to work on /home/sakana/anaconda3/envs/airflow_env/lib/python3.8/site-packages/airflow/example_dags/example_trigger_target_dag.py
[2024-11-11T00:31:19.162+0100] {processor.py:914} INFO - Processing file /home/sakana/anaconda3/envs/airflow_env/lib/python3.8/site-packages/airflow/example_dags/example_trigger_target_dag.py for tasks to queue
[2024-11-11T00:31:19.164+0100] {logging_mixin.py:190} INFO - [2024-11-11T00:31:19.163+0100] {dagbag.py:588} INFO - Filling up the DagBag from /home/sakana/anaconda3/envs/airflow_env/lib/python3.8/site-packages/airflow/example_dags/example_trigger_target_dag.py
[2024-11-11T00:31:19.171+0100] {processor.py:925} INFO - DAG(s) 'example_trigger_target_dag' retrieved from /home/sakana/anaconda3/envs/airflow_env/lib/python3.8/site-packages/airflow/example_dags/example_trigger_target_dag.py
[2024-11-11T00:31:19.185+0100] {logging_mixin.py:190} INFO - [2024-11-11T00:31:19.185+0100] {dag.py:3239} INFO - Sync 1 DAGs
[2024-11-11T00:31:19.196+0100] {logging_mixin.py:190} INFO - [2024-11-11T00:31:19.196+0100] {dag.py:4180} INFO - Setting next_dagrun for example_trigger_target_dag to None, run_after=None
[2024-11-11T00:31:19.216+0100] {processor.py:208} INFO - Processing /home/sakana/anaconda3/envs/airflow_env/lib/python3.8/site-packages/airflow/example_dags/example_trigger_target_dag.py took 0.065 seconds
[2024-11-11T00:32:13.358+0100] {processor.py:186} INFO - Started process (PID=7365) to work on /home/sakana/anaconda3/envs/airflow_env/lib/python3.8/site-packages/airflow/example_dags/example_trigger_target_dag.py
[2024-11-11T00:32:13.363+0100] {processor.py:914} INFO - Processing file /home/sakana/anaconda3/envs/airflow_env/lib/python3.8/site-packages/airflow/example_dags/example_trigger_target_dag.py for tasks to queue
[2024-11-11T00:32:13.369+0100] {logging_mixin.py:190} INFO - [2024-11-11T00:32:13.368+0100] {dagbag.py:588} INFO - Filling up the DagBag from /home/sakana/anaconda3/envs/airflow_env/lib/python3.8/site-packages/airflow/example_dags/example_trigger_target_dag.py
[2024-11-11T00:32:13.390+0100] {processor.py:925} INFO - DAG(s) 'example_trigger_target_dag' retrieved from /home/sakana/anaconda3/envs/airflow_env/lib/python3.8/site-packages/airflow/example_dags/example_trigger_target_dag.py
[2024-11-11T00:32:13.408+0100] {logging_mixin.py:190} INFO - [2024-11-11T00:32:13.408+0100] {dag.py:3239} INFO - Sync 1 DAGs
[2024-11-11T00:32:13.420+0100] {logging_mixin.py:190} INFO - [2024-11-11T00:32:13.419+0100] {dag.py:4180} INFO - Setting next_dagrun for example_trigger_target_dag to None, run_after=None
[2024-11-11T00:32:13.436+0100] {processor.py:208} INFO - Processing /home/sakana/anaconda3/envs/airflow_env/lib/python3.8/site-packages/airflow/example_dags/example_trigger_target_dag.py took 0.084 seconds
[2024-11-11T00:33:09.137+0100] {processor.py:186} INFO - Started process (PID=7454) to work on /home/sakana/anaconda3/envs/airflow_env/lib/python3.8/site-packages/airflow/example_dags/example_trigger_target_dag.py
[2024-11-11T00:33:09.142+0100] {processor.py:914} INFO - Processing file /home/sakana/anaconda3/envs/airflow_env/lib/python3.8/site-packages/airflow/example_dags/example_trigger_target_dag.py for tasks to queue
[2024-11-11T00:33:09.144+0100] {logging_mixin.py:190} INFO - [2024-11-11T00:33:09.144+0100] {dagbag.py:588} INFO - Filling up the DagBag from /home/sakana/anaconda3/envs/airflow_env/lib/python3.8/site-packages/airflow/example_dags/example_trigger_target_dag.py
[2024-11-11T00:33:09.155+0100] {processor.py:925} INFO - DAG(s) 'example_trigger_target_dag' retrieved from /home/sakana/anaconda3/envs/airflow_env/lib/python3.8/site-packages/airflow/example_dags/example_trigger_target_dag.py
[2024-11-11T00:33:09.170+0100] {logging_mixin.py:190} INFO - [2024-11-11T00:33:09.170+0100] {dag.py:3239} INFO - Sync 1 DAGs
[2024-11-11T00:33:09.181+0100] {logging_mixin.py:190} INFO - [2024-11-11T00:33:09.181+0100] {dag.py:4180} INFO - Setting next_dagrun for example_trigger_target_dag to None, run_after=None
[2024-11-11T00:33:09.203+0100] {processor.py:208} INFO - Processing /home/sakana/anaconda3/envs/airflow_env/lib/python3.8/site-packages/airflow/example_dags/example_trigger_target_dag.py took 0.074 seconds
[2024-11-11T00:34:06.232+0100] {processor.py:186} INFO - Started process (PID=7542) to work on /home/sakana/anaconda3/envs/airflow_env/lib/python3.8/site-packages/airflow/example_dags/example_trigger_target_dag.py
[2024-11-11T00:34:06.237+0100] {processor.py:914} INFO - Processing file /home/sakana/anaconda3/envs/airflow_env/lib/python3.8/site-packages/airflow/example_dags/example_trigger_target_dag.py for tasks to queue
[2024-11-11T00:34:06.240+0100] {logging_mixin.py:190} INFO - [2024-11-11T00:34:06.239+0100] {dagbag.py:588} INFO - Filling up the DagBag from /home/sakana/anaconda3/envs/airflow_env/lib/python3.8/site-packages/airflow/example_dags/example_trigger_target_dag.py
[2024-11-11T00:34:06.250+0100] {processor.py:925} INFO - DAG(s) 'example_trigger_target_dag' retrieved from /home/sakana/anaconda3/envs/airflow_env/lib/python3.8/site-packages/airflow/example_dags/example_trigger_target_dag.py
[2024-11-11T00:34:06.266+0100] {logging_mixin.py:190} INFO - [2024-11-11T00:34:06.266+0100] {dag.py:3239} INFO - Sync 1 DAGs
[2024-11-11T00:34:06.277+0100] {logging_mixin.py:190} INFO - [2024-11-11T00:34:06.277+0100] {dag.py:4180} INFO - Setting next_dagrun for example_trigger_target_dag to None, run_after=None
[2024-11-11T00:34:06.297+0100] {processor.py:208} INFO - Processing /home/sakana/anaconda3/envs/airflow_env/lib/python3.8/site-packages/airflow/example_dags/example_trigger_target_dag.py took 0.073 seconds
[2024-11-11T00:35:02.226+0100] {processor.py:186} INFO - Started process (PID=7619) to work on /home/sakana/anaconda3/envs/airflow_env/lib/python3.8/site-packages/airflow/example_dags/example_trigger_target_dag.py
[2024-11-11T00:35:02.231+0100] {processor.py:914} INFO - Processing file /home/sakana/anaconda3/envs/airflow_env/lib/python3.8/site-packages/airflow/example_dags/example_trigger_target_dag.py for tasks to queue
[2024-11-11T00:35:02.233+0100] {logging_mixin.py:190} INFO - [2024-11-11T00:35:02.232+0100] {dagbag.py:588} INFO - Filling up the DagBag from /home/sakana/anaconda3/envs/airflow_env/lib/python3.8/site-packages/airflow/example_dags/example_trigger_target_dag.py
[2024-11-11T00:35:02.241+0100] {processor.py:925} INFO - DAG(s) 'example_trigger_target_dag' retrieved from /home/sakana/anaconda3/envs/airflow_env/lib/python3.8/site-packages/airflow/example_dags/example_trigger_target_dag.py
[2024-11-11T00:35:02.255+0100] {logging_mixin.py:190} INFO - [2024-11-11T00:35:02.255+0100] {dag.py:3239} INFO - Sync 1 DAGs
[2024-11-11T00:35:02.267+0100] {logging_mixin.py:190} INFO - [2024-11-11T00:35:02.267+0100] {dag.py:4180} INFO - Setting next_dagrun for example_trigger_target_dag to None, run_after=None
[2024-11-11T00:35:02.288+0100] {processor.py:208} INFO - Processing /home/sakana/anaconda3/envs/airflow_env/lib/python3.8/site-packages/airflow/example_dags/example_trigger_target_dag.py took 0.069 seconds
[2024-11-11T00:35:55.518+0100] {processor.py:186} INFO - Started process (PID=7692) to work on /home/sakana/anaconda3/envs/airflow_env/lib/python3.8/site-packages/airflow/example_dags/example_trigger_target_dag.py
[2024-11-11T00:35:55.523+0100] {processor.py:914} INFO - Processing file /home/sakana/anaconda3/envs/airflow_env/lib/python3.8/site-packages/airflow/example_dags/example_trigger_target_dag.py for tasks to queue
[2024-11-11T00:35:55.525+0100] {logging_mixin.py:190} INFO - [2024-11-11T00:35:55.525+0100] {dagbag.py:588} INFO - Filling up the DagBag from /home/sakana/anaconda3/envs/airflow_env/lib/python3.8/site-packages/airflow/example_dags/example_trigger_target_dag.py
[2024-11-11T00:35:55.533+0100] {processor.py:925} INFO - DAG(s) 'example_trigger_target_dag' retrieved from /home/sakana/anaconda3/envs/airflow_env/lib/python3.8/site-packages/airflow/example_dags/example_trigger_target_dag.py
[2024-11-11T00:35:55.552+0100] {logging_mixin.py:190} INFO - [2024-11-11T00:35:55.552+0100] {dag.py:3239} INFO - Sync 1 DAGs
[2024-11-11T00:35:55.565+0100] {logging_mixin.py:190} INFO - [2024-11-11T00:35:55.565+0100] {dag.py:4180} INFO - Setting next_dagrun for example_trigger_target_dag to None, run_after=None
[2024-11-11T00:35:55.592+0100] {processor.py:208} INFO - Processing /home/sakana/anaconda3/envs/airflow_env/lib/python3.8/site-packages/airflow/example_dags/example_trigger_target_dag.py took 0.080 seconds
[2024-11-11T00:36:51.892+0100] {processor.py:186} INFO - Started process (PID=7761) to work on /home/sakana/anaconda3/envs/airflow_env/lib/python3.8/site-packages/airflow/example_dags/example_trigger_target_dag.py
[2024-11-11T00:36:51.897+0100] {processor.py:914} INFO - Processing file /home/sakana/anaconda3/envs/airflow_env/lib/python3.8/site-packages/airflow/example_dags/example_trigger_target_dag.py for tasks to queue
[2024-11-11T00:36:51.899+0100] {logging_mixin.py:190} INFO - [2024-11-11T00:36:51.899+0100] {dagbag.py:588} INFO - Filling up the DagBag from /home/sakana/anaconda3/envs/airflow_env/lib/python3.8/site-packages/airflow/example_dags/example_trigger_target_dag.py
[2024-11-11T00:36:51.906+0100] {processor.py:925} INFO - DAG(s) 'example_trigger_target_dag' retrieved from /home/sakana/anaconda3/envs/airflow_env/lib/python3.8/site-packages/airflow/example_dags/example_trigger_target_dag.py
[2024-11-11T00:36:51.920+0100] {logging_mixin.py:190} INFO - [2024-11-11T00:36:51.920+0100] {dag.py:3239} INFO - Sync 1 DAGs
[2024-11-11T00:36:51.931+0100] {logging_mixin.py:190} INFO - [2024-11-11T00:36:51.931+0100] {dag.py:4180} INFO - Setting next_dagrun for example_trigger_target_dag to None, run_after=None
[2024-11-11T00:36:51.959+0100] {processor.py:208} INFO - Processing /home/sakana/anaconda3/envs/airflow_env/lib/python3.8/site-packages/airflow/example_dags/example_trigger_target_dag.py took 0.073 seconds
[2024-11-11T00:37:50.298+0100] {processor.py:186} INFO - Started process (PID=7836) to work on /home/sakana/anaconda3/envs/airflow_env/lib/python3.8/site-packages/airflow/example_dags/example_trigger_target_dag.py
[2024-11-11T00:37:50.299+0100] {processor.py:914} INFO - Processing file /home/sakana/anaconda3/envs/airflow_env/lib/python3.8/site-packages/airflow/example_dags/example_trigger_target_dag.py for tasks to queue
[2024-11-11T00:37:50.301+0100] {logging_mixin.py:190} INFO - [2024-11-11T00:37:50.301+0100] {dagbag.py:588} INFO - Filling up the DagBag from /home/sakana/anaconda3/envs/airflow_env/lib/python3.8/site-packages/airflow/example_dags/example_trigger_target_dag.py
[2024-11-11T00:37:50.310+0100] {processor.py:925} INFO - DAG(s) 'example_trigger_target_dag' retrieved from /home/sakana/anaconda3/envs/airflow_env/lib/python3.8/site-packages/airflow/example_dags/example_trigger_target_dag.py
[2024-11-11T00:37:50.327+0100] {logging_mixin.py:190} INFO - [2024-11-11T00:37:50.327+0100] {dag.py:3239} INFO - Sync 1 DAGs
[2024-11-11T00:37:50.340+0100] {logging_mixin.py:190} INFO - [2024-11-11T00:37:50.340+0100] {dag.py:4180} INFO - Setting next_dagrun for example_trigger_target_dag to None, run_after=None
[2024-11-11T00:37:50.366+0100] {processor.py:208} INFO - Processing /home/sakana/anaconda3/envs/airflow_env/lib/python3.8/site-packages/airflow/example_dags/example_trigger_target_dag.py took 0.077 seconds
[2024-11-11T00:38:42.950+0100] {processor.py:186} INFO - Started process (PID=7943) to work on /home/sakana/anaconda3/envs/airflow_env/lib/python3.8/site-packages/airflow/example_dags/example_trigger_target_dag.py
[2024-11-11T00:38:42.956+0100] {processor.py:914} INFO - Processing file /home/sakana/anaconda3/envs/airflow_env/lib/python3.8/site-packages/airflow/example_dags/example_trigger_target_dag.py for tasks to queue
[2024-11-11T00:38:42.960+0100] {logging_mixin.py:190} INFO - [2024-11-11T00:38:42.959+0100] {dagbag.py:588} INFO - Filling up the DagBag from /home/sakana/anaconda3/envs/airflow_env/lib/python3.8/site-packages/airflow/example_dags/example_trigger_target_dag.py
[2024-11-11T00:38:42.974+0100] {processor.py:925} INFO - DAG(s) 'example_trigger_target_dag' retrieved from /home/sakana/anaconda3/envs/airflow_env/lib/python3.8/site-packages/airflow/example_dags/example_trigger_target_dag.py
[2024-11-11T00:38:42.990+0100] {logging_mixin.py:190} INFO - [2024-11-11T00:38:42.990+0100] {dag.py:3239} INFO - Sync 1 DAGs
[2024-11-11T00:38:43.002+0100] {logging_mixin.py:190} INFO - [2024-11-11T00:38:43.002+0100] {dag.py:4180} INFO - Setting next_dagrun for example_trigger_target_dag to None, run_after=None
[2024-11-11T00:38:43.027+0100] {processor.py:208} INFO - Processing /home/sakana/anaconda3/envs/airflow_env/lib/python3.8/site-packages/airflow/example_dags/example_trigger_target_dag.py took 0.089 seconds
[2024-11-11T00:39:40.658+0100] {processor.py:186} INFO - Started process (PID=8080) to work on /home/sakana/anaconda3/envs/airflow_env/lib/python3.8/site-packages/airflow/example_dags/example_trigger_target_dag.py
[2024-11-11T00:39:40.663+0100] {processor.py:914} INFO - Processing file /home/sakana/anaconda3/envs/airflow_env/lib/python3.8/site-packages/airflow/example_dags/example_trigger_target_dag.py for tasks to queue
[2024-11-11T00:39:40.665+0100] {logging_mixin.py:190} INFO - [2024-11-11T00:39:40.665+0100] {dagbag.py:588} INFO - Filling up the DagBag from /home/sakana/anaconda3/envs/airflow_env/lib/python3.8/site-packages/airflow/example_dags/example_trigger_target_dag.py
[2024-11-11T00:39:40.675+0100] {processor.py:925} INFO - DAG(s) 'example_trigger_target_dag' retrieved from /home/sakana/anaconda3/envs/airflow_env/lib/python3.8/site-packages/airflow/example_dags/example_trigger_target_dag.py
[2024-11-11T00:39:40.693+0100] {logging_mixin.py:190} INFO - [2024-11-11T00:39:40.692+0100] {dag.py:3239} INFO - Sync 1 DAGs
[2024-11-11T00:39:40.708+0100] {logging_mixin.py:190} INFO - [2024-11-11T00:39:40.708+0100] {dag.py:4180} INFO - Setting next_dagrun for example_trigger_target_dag to None, run_after=None
[2024-11-11T00:39:40.741+0100] {processor.py:208} INFO - Processing /home/sakana/anaconda3/envs/airflow_env/lib/python3.8/site-packages/airflow/example_dags/example_trigger_target_dag.py took 0.090 seconds
[2024-11-11T00:42:56.320+0100] {processor.py:186} INFO - Started process (PID=8420) to work on /home/sakana/anaconda3/envs/airflow_env/lib/python3.8/site-packages/airflow/example_dags/example_trigger_target_dag.py
[2024-11-11T00:42:56.325+0100] {processor.py:914} INFO - Processing file /home/sakana/anaconda3/envs/airflow_env/lib/python3.8/site-packages/airflow/example_dags/example_trigger_target_dag.py for tasks to queue
[2024-11-11T00:42:56.328+0100] {logging_mixin.py:190} INFO - [2024-11-11T00:42:56.327+0100] {dagbag.py:588} INFO - Filling up the DagBag from /home/sakana/anaconda3/envs/airflow_env/lib/python3.8/site-packages/airflow/example_dags/example_trigger_target_dag.py
[2024-11-11T00:42:56.337+0100] {processor.py:925} INFO - DAG(s) 'example_trigger_target_dag' retrieved from /home/sakana/anaconda3/envs/airflow_env/lib/python3.8/site-packages/airflow/example_dags/example_trigger_target_dag.py
[2024-11-11T00:42:56.357+0100] {logging_mixin.py:190} INFO - [2024-11-11T00:42:56.356+0100] {dag.py:3239} INFO - Sync 1 DAGs
[2024-11-11T00:42:56.369+0100] {logging_mixin.py:190} INFO - [2024-11-11T00:42:56.369+0100] {dag.py:4180} INFO - Setting next_dagrun for example_trigger_target_dag to None, run_after=None
[2024-11-11T00:42:56.392+0100] {processor.py:208} INFO - Processing /home/sakana/anaconda3/envs/airflow_env/lib/python3.8/site-packages/airflow/example_dags/example_trigger_target_dag.py took 0.079 seconds
[2024-11-11T00:45:21.762+0100] {processor.py:186} INFO - Started process (PID=8716) to work on /home/sakana/anaconda3/envs/airflow_env/lib/python3.8/site-packages/airflow/example_dags/example_trigger_target_dag.py
[2024-11-11T00:45:21.767+0100] {processor.py:914} INFO - Processing file /home/sakana/anaconda3/envs/airflow_env/lib/python3.8/site-packages/airflow/example_dags/example_trigger_target_dag.py for tasks to queue
[2024-11-11T00:45:21.769+0100] {logging_mixin.py:190} INFO - [2024-11-11T00:45:21.769+0100] {dagbag.py:588} INFO - Filling up the DagBag from /home/sakana/anaconda3/envs/airflow_env/lib/python3.8/site-packages/airflow/example_dags/example_trigger_target_dag.py
[2024-11-11T00:45:21.781+0100] {processor.py:925} INFO - DAG(s) 'example_trigger_target_dag' retrieved from /home/sakana/anaconda3/envs/airflow_env/lib/python3.8/site-packages/airflow/example_dags/example_trigger_target_dag.py
[2024-11-11T00:45:21.804+0100] {logging_mixin.py:190} INFO - [2024-11-11T00:45:21.804+0100] {dag.py:3239} INFO - Sync 1 DAGs
[2024-11-11T00:45:21.822+0100] {logging_mixin.py:190} INFO - [2024-11-11T00:45:21.821+0100] {dag.py:4180} INFO - Setting next_dagrun for example_trigger_target_dag to None, run_after=None
[2024-11-11T00:45:21.846+0100] {processor.py:208} INFO - Processing /home/sakana/anaconda3/envs/airflow_env/lib/python3.8/site-packages/airflow/example_dags/example_trigger_target_dag.py took 0.092 seconds
[2024-11-11T00:46:19.246+0100] {processor.py:186} INFO - Started process (PID=8836) to work on /home/sakana/anaconda3/envs/airflow_env/lib/python3.8/site-packages/airflow/example_dags/example_trigger_target_dag.py
[2024-11-11T00:46:19.251+0100] {processor.py:914} INFO - Processing file /home/sakana/anaconda3/envs/airflow_env/lib/python3.8/site-packages/airflow/example_dags/example_trigger_target_dag.py for tasks to queue
[2024-11-11T00:46:19.259+0100] {logging_mixin.py:190} INFO - [2024-11-11T00:46:19.258+0100] {dagbag.py:588} INFO - Filling up the DagBag from /home/sakana/anaconda3/envs/airflow_env/lib/python3.8/site-packages/airflow/example_dags/example_trigger_target_dag.py
[2024-11-11T00:46:19.280+0100] {processor.py:925} INFO - DAG(s) 'example_trigger_target_dag' retrieved from /home/sakana/anaconda3/envs/airflow_env/lib/python3.8/site-packages/airflow/example_dags/example_trigger_target_dag.py
[2024-11-11T00:46:19.298+0100] {logging_mixin.py:190} INFO - [2024-11-11T00:46:19.297+0100] {dag.py:3239} INFO - Sync 1 DAGs
[2024-11-11T00:46:19.314+0100] {logging_mixin.py:190} INFO - [2024-11-11T00:46:19.314+0100] {dag.py:4180} INFO - Setting next_dagrun for example_trigger_target_dag to None, run_after=None
[2024-11-11T00:46:19.337+0100] {processor.py:208} INFO - Processing /home/sakana/anaconda3/envs/airflow_env/lib/python3.8/site-packages/airflow/example_dags/example_trigger_target_dag.py took 0.098 seconds
[2024-11-11T00:47:14.100+0100] {processor.py:186} INFO - Started process (PID=8918) to work on /home/sakana/anaconda3/envs/airflow_env/lib/python3.8/site-packages/airflow/example_dags/example_trigger_target_dag.py
[2024-11-11T00:47:14.106+0100] {processor.py:914} INFO - Processing file /home/sakana/anaconda3/envs/airflow_env/lib/python3.8/site-packages/airflow/example_dags/example_trigger_target_dag.py for tasks to queue
[2024-11-11T00:47:14.109+0100] {logging_mixin.py:190} INFO - [2024-11-11T00:47:14.108+0100] {dagbag.py:588} INFO - Filling up the DagBag from /home/sakana/anaconda3/envs/airflow_env/lib/python3.8/site-packages/airflow/example_dags/example_trigger_target_dag.py
[2024-11-11T00:47:14.118+0100] {processor.py:925} INFO - DAG(s) 'example_trigger_target_dag' retrieved from /home/sakana/anaconda3/envs/airflow_env/lib/python3.8/site-packages/airflow/example_dags/example_trigger_target_dag.py
[2024-11-11T00:47:14.135+0100] {logging_mixin.py:190} INFO - [2024-11-11T00:47:14.135+0100] {dag.py:3239} INFO - Sync 1 DAGs
[2024-11-11T00:47:14.150+0100] {logging_mixin.py:190} INFO - [2024-11-11T00:47:14.150+0100] {dag.py:4180} INFO - Setting next_dagrun for example_trigger_target_dag to None, run_after=None
[2024-11-11T00:47:14.171+0100] {processor.py:208} INFO - Processing /home/sakana/anaconda3/envs/airflow_env/lib/python3.8/site-packages/airflow/example_dags/example_trigger_target_dag.py took 0.082 seconds
[2024-11-11T00:48:11.722+0100] {processor.py:186} INFO - Started process (PID=9007) to work on /home/sakana/anaconda3/envs/airflow_env/lib/python3.8/site-packages/airflow/example_dags/example_trigger_target_dag.py
[2024-11-11T00:48:11.727+0100] {processor.py:914} INFO - Processing file /home/sakana/anaconda3/envs/airflow_env/lib/python3.8/site-packages/airflow/example_dags/example_trigger_target_dag.py for tasks to queue
[2024-11-11T00:48:11.731+0100] {logging_mixin.py:190} INFO - [2024-11-11T00:48:11.730+0100] {dagbag.py:588} INFO - Filling up the DagBag from /home/sakana/anaconda3/envs/airflow_env/lib/python3.8/site-packages/airflow/example_dags/example_trigger_target_dag.py
[2024-11-11T00:48:11.741+0100] {processor.py:925} INFO - DAG(s) 'example_trigger_target_dag' retrieved from /home/sakana/anaconda3/envs/airflow_env/lib/python3.8/site-packages/airflow/example_dags/example_trigger_target_dag.py
[2024-11-11T00:48:11.757+0100] {logging_mixin.py:190} INFO - [2024-11-11T00:48:11.757+0100] {dag.py:3239} INFO - Sync 1 DAGs
[2024-11-11T00:48:11.769+0100] {logging_mixin.py:190} INFO - [2024-11-11T00:48:11.769+0100] {dag.py:4180} INFO - Setting next_dagrun for example_trigger_target_dag to None, run_after=None
[2024-11-11T00:48:11.796+0100] {processor.py:208} INFO - Processing /home/sakana/anaconda3/envs/airflow_env/lib/python3.8/site-packages/airflow/example_dags/example_trigger_target_dag.py took 0.081 seconds
[2024-11-11T00:49:08.855+0100] {processor.py:186} INFO - Started process (PID=9135) to work on /home/sakana/anaconda3/envs/airflow_env/lib/python3.8/site-packages/airflow/example_dags/example_trigger_target_dag.py
[2024-11-11T00:49:08.861+0100] {processor.py:914} INFO - Processing file /home/sakana/anaconda3/envs/airflow_env/lib/python3.8/site-packages/airflow/example_dags/example_trigger_target_dag.py for tasks to queue
[2024-11-11T00:49:08.865+0100] {logging_mixin.py:190} INFO - [2024-11-11T00:49:08.864+0100] {dagbag.py:588} INFO - Filling up the DagBag from /home/sakana/anaconda3/envs/airflow_env/lib/python3.8/site-packages/airflow/example_dags/example_trigger_target_dag.py
[2024-11-11T00:49:08.877+0100] {processor.py:925} INFO - DAG(s) 'example_trigger_target_dag' retrieved from /home/sakana/anaconda3/envs/airflow_env/lib/python3.8/site-packages/airflow/example_dags/example_trigger_target_dag.py
[2024-11-11T00:49:08.896+0100] {logging_mixin.py:190} INFO - [2024-11-11T00:49:08.895+0100] {dag.py:3239} INFO - Sync 1 DAGs
[2024-11-11T00:49:08.909+0100] {logging_mixin.py:190} INFO - [2024-11-11T00:49:08.909+0100] {dag.py:4180} INFO - Setting next_dagrun for example_trigger_target_dag to None, run_after=None
[2024-11-11T00:49:08.928+0100] {processor.py:208} INFO - Processing /home/sakana/anaconda3/envs/airflow_env/lib/python3.8/site-packages/airflow/example_dags/example_trigger_target_dag.py took 0.082 seconds
[2024-11-11T00:50:06.892+0100] {processor.py:186} INFO - Started process (PID=9462) to work on /home/sakana/anaconda3/envs/airflow_env/lib/python3.8/site-packages/airflow/example_dags/example_trigger_target_dag.py
[2024-11-11T00:50:06.893+0100] {processor.py:914} INFO - Processing file /home/sakana/anaconda3/envs/airflow_env/lib/python3.8/site-packages/airflow/example_dags/example_trigger_target_dag.py for tasks to queue
[2024-11-11T00:50:06.896+0100] {logging_mixin.py:190} INFO - [2024-11-11T00:50:06.895+0100] {dagbag.py:588} INFO - Filling up the DagBag from /home/sakana/anaconda3/envs/airflow_env/lib/python3.8/site-packages/airflow/example_dags/example_trigger_target_dag.py
[2024-11-11T00:50:06.905+0100] {processor.py:925} INFO - DAG(s) 'example_trigger_target_dag' retrieved from /home/sakana/anaconda3/envs/airflow_env/lib/python3.8/site-packages/airflow/example_dags/example_trigger_target_dag.py
[2024-11-11T00:50:06.922+0100] {logging_mixin.py:190} INFO - [2024-11-11T00:50:06.922+0100] {dag.py:3239} INFO - Sync 1 DAGs
[2024-11-11T00:50:06.936+0100] {logging_mixin.py:190} INFO - [2024-11-11T00:50:06.936+0100] {dag.py:4180} INFO - Setting next_dagrun for example_trigger_target_dag to None, run_after=None
[2024-11-11T00:50:06.961+0100] {processor.py:208} INFO - Processing /home/sakana/anaconda3/envs/airflow_env/lib/python3.8/site-packages/airflow/example_dags/example_trigger_target_dag.py took 0.077 seconds
[2024-11-11T00:51:07.470+0100] {processor.py:186} INFO - Started process (PID=9541) to work on /home/sakana/anaconda3/envs/airflow_env/lib/python3.8/site-packages/airflow/example_dags/example_trigger_target_dag.py
[2024-11-11T00:51:07.471+0100] {processor.py:914} INFO - Processing file /home/sakana/anaconda3/envs/airflow_env/lib/python3.8/site-packages/airflow/example_dags/example_trigger_target_dag.py for tasks to queue
[2024-11-11T00:51:07.474+0100] {logging_mixin.py:190} INFO - [2024-11-11T00:51:07.473+0100] {dagbag.py:588} INFO - Filling up the DagBag from /home/sakana/anaconda3/envs/airflow_env/lib/python3.8/site-packages/airflow/example_dags/example_trigger_target_dag.py
[2024-11-11T00:51:07.483+0100] {processor.py:925} INFO - DAG(s) 'example_trigger_target_dag' retrieved from /home/sakana/anaconda3/envs/airflow_env/lib/python3.8/site-packages/airflow/example_dags/example_trigger_target_dag.py
[2024-11-11T00:51:07.500+0100] {logging_mixin.py:190} INFO - [2024-11-11T00:51:07.500+0100] {dag.py:3239} INFO - Sync 1 DAGs
[2024-11-11T00:51:07.514+0100] {logging_mixin.py:190} INFO - [2024-11-11T00:51:07.514+0100] {dag.py:4180} INFO - Setting next_dagrun for example_trigger_target_dag to None, run_after=None
[2024-11-11T00:51:07.540+0100] {processor.py:208} INFO - Processing /home/sakana/anaconda3/envs/airflow_env/lib/python3.8/site-packages/airflow/example_dags/example_trigger_target_dag.py took 0.077 seconds
[2024-11-11T00:52:03.527+0100] {processor.py:186} INFO - Started process (PID=9640) to work on /home/sakana/anaconda3/envs/airflow_env/lib/python3.8/site-packages/airflow/example_dags/example_trigger_target_dag.py
[2024-11-11T00:52:03.532+0100] {processor.py:914} INFO - Processing file /home/sakana/anaconda3/envs/airflow_env/lib/python3.8/site-packages/airflow/example_dags/example_trigger_target_dag.py for tasks to queue
[2024-11-11T00:52:03.534+0100] {logging_mixin.py:190} INFO - [2024-11-11T00:52:03.534+0100] {dagbag.py:588} INFO - Filling up the DagBag from /home/sakana/anaconda3/envs/airflow_env/lib/python3.8/site-packages/airflow/example_dags/example_trigger_target_dag.py
[2024-11-11T00:52:03.544+0100] {processor.py:925} INFO - DAG(s) 'example_trigger_target_dag' retrieved from /home/sakana/anaconda3/envs/airflow_env/lib/python3.8/site-packages/airflow/example_dags/example_trigger_target_dag.py
[2024-11-11T00:52:03.563+0100] {logging_mixin.py:190} INFO - [2024-11-11T00:52:03.562+0100] {dag.py:3239} INFO - Sync 1 DAGs
[2024-11-11T00:52:03.578+0100] {logging_mixin.py:190} INFO - [2024-11-11T00:52:03.578+0100] {dag.py:4180} INFO - Setting next_dagrun for example_trigger_target_dag to None, run_after=None
[2024-11-11T00:52:03.603+0100] {processor.py:208} INFO - Processing /home/sakana/anaconda3/envs/airflow_env/lib/python3.8/site-packages/airflow/example_dags/example_trigger_target_dag.py took 0.083 seconds
[2024-11-11T00:53:01.519+0100] {processor.py:186} INFO - Started process (PID=9840) to work on /home/sakana/anaconda3/envs/airflow_env/lib/python3.8/site-packages/airflow/example_dags/example_trigger_target_dag.py
[2024-11-11T00:53:01.520+0100] {processor.py:914} INFO - Processing file /home/sakana/anaconda3/envs/airflow_env/lib/python3.8/site-packages/airflow/example_dags/example_trigger_target_dag.py for tasks to queue
[2024-11-11T00:53:01.523+0100] {logging_mixin.py:190} INFO - [2024-11-11T00:53:01.522+0100] {dagbag.py:588} INFO - Filling up the DagBag from /home/sakana/anaconda3/envs/airflow_env/lib/python3.8/site-packages/airflow/example_dags/example_trigger_target_dag.py
[2024-11-11T00:53:01.532+0100] {processor.py:925} INFO - DAG(s) 'example_trigger_target_dag' retrieved from /home/sakana/anaconda3/envs/airflow_env/lib/python3.8/site-packages/airflow/example_dags/example_trigger_target_dag.py
[2024-11-11T00:53:01.554+0100] {logging_mixin.py:190} INFO - [2024-11-11T00:53:01.553+0100] {dag.py:3239} INFO - Sync 1 DAGs
[2024-11-11T00:53:01.577+0100] {logging_mixin.py:190} INFO - [2024-11-11T00:53:01.576+0100] {dag.py:4180} INFO - Setting next_dagrun for example_trigger_target_dag to None, run_after=None
[2024-11-11T00:53:01.612+0100] {processor.py:208} INFO - Processing /home/sakana/anaconda3/envs/airflow_env/lib/python3.8/site-packages/airflow/example_dags/example_trigger_target_dag.py took 0.101 seconds
[2024-11-11T00:54:01.065+0100] {processor.py:186} INFO - Started process (PID=9917) to work on /home/sakana/anaconda3/envs/airflow_env/lib/python3.8/site-packages/airflow/example_dags/example_trigger_target_dag.py
[2024-11-11T00:54:01.071+0100] {processor.py:914} INFO - Processing file /home/sakana/anaconda3/envs/airflow_env/lib/python3.8/site-packages/airflow/example_dags/example_trigger_target_dag.py for tasks to queue
[2024-11-11T00:54:01.077+0100] {logging_mixin.py:190} INFO - [2024-11-11T00:54:01.076+0100] {dagbag.py:588} INFO - Filling up the DagBag from /home/sakana/anaconda3/envs/airflow_env/lib/python3.8/site-packages/airflow/example_dags/example_trigger_target_dag.py
[2024-11-11T00:54:01.098+0100] {processor.py:925} INFO - DAG(s) 'example_trigger_target_dag' retrieved from /home/sakana/anaconda3/envs/airflow_env/lib/python3.8/site-packages/airflow/example_dags/example_trigger_target_dag.py
[2024-11-11T00:54:01.116+0100] {logging_mixin.py:190} INFO - [2024-11-11T00:54:01.115+0100] {dag.py:3239} INFO - Sync 1 DAGs
[2024-11-11T00:54:01.129+0100] {logging_mixin.py:190} INFO - [2024-11-11T00:54:01.129+0100] {dag.py:4180} INFO - Setting next_dagrun for example_trigger_target_dag to None, run_after=None
[2024-11-11T00:54:01.155+0100] {processor.py:208} INFO - Processing /home/sakana/anaconda3/envs/airflow_env/lib/python3.8/site-packages/airflow/example_dags/example_trigger_target_dag.py took 0.096 seconds
