[2024-11-11T00:26:10.760+0100] {processor.py:186} INFO - Started process (PID=6789) to work on /home/sakana/anaconda3/envs/airflow_env/lib/python3.8/site-packages/airflow/example_dags/example_dynamic_task_mapping.py
[2024-11-11T00:26:10.761+0100] {processor.py:914} INFO - Processing file /home/sakana/anaconda3/envs/airflow_env/lib/python3.8/site-packages/airflow/example_dags/example_dynamic_task_mapping.py for tasks to queue
[2024-11-11T00:26:10.765+0100] {logging_mixin.py:190} INFO - [2024-11-11T00:26:10.764+0100] {dagbag.py:588} INFO - Filling up the DagBag from /home/sakana/anaconda3/envs/airflow_env/lib/python3.8/site-packages/airflow/example_dags/example_dynamic_task_mapping.py
[2024-11-11T00:26:10.776+0100] {processor.py:925} INFO - DAG(s) 'example_dynamic_task_mapping' retrieved from /home/sakana/anaconda3/envs/airflow_env/lib/python3.8/site-packages/airflow/example_dags/example_dynamic_task_mapping.py
[2024-11-11T00:26:10.904+0100] {logging_mixin.py:190} INFO - [2024-11-11T00:26:10.902+0100] {override.py:1901} INFO - Created Permission View: can edit on DAG:example_dynamic_task_mapping
[2024-11-11T00:26:10.931+0100] {logging_mixin.py:190} INFO - [2024-11-11T00:26:10.930+0100] {override.py:1901} INFO - Created Permission View: can read on DAG:example_dynamic_task_mapping
[2024-11-11T00:26:10.946+0100] {logging_mixin.py:190} INFO - [2024-11-11T00:26:10.946+0100] {override.py:1901} INFO - Created Permission View: can delete on DAG:example_dynamic_task_mapping
[2024-11-11T00:26:10.970+0100] {logging_mixin.py:190} INFO - [2024-11-11T00:26:10.970+0100] {override.py:1901} INFO - Created Permission View: can create on DAG Run:example_dynamic_task_mapping
[2024-11-11T00:26:10.985+0100] {logging_mixin.py:190} INFO - [2024-11-11T00:26:10.985+0100] {override.py:1901} INFO - Created Permission View: can read on DAG Run:example_dynamic_task_mapping
[2024-11-11T00:26:11.000+0100] {logging_mixin.py:190} INFO - [2024-11-11T00:26:10.999+0100] {override.py:1901} INFO - Created Permission View: can delete on DAG Run:example_dynamic_task_mapping
[2024-11-11T00:26:11.016+0100] {logging_mixin.py:190} INFO - [2024-11-11T00:26:11.015+0100] {override.py:1901} INFO - Created Permission View: menu access on DAG Run:example_dynamic_task_mapping
[2024-11-11T00:26:11.017+0100] {logging_mixin.py:190} INFO - [2024-11-11T00:26:11.016+0100] {dag.py:3239} INFO - Sync 1 DAGs
[2024-11-11T00:26:11.057+0100] {logging_mixin.py:190} INFO - [2024-11-11T00:26:11.057+0100] {dag.py:3262} INFO - Creating ORM DAG for example_dynamic_task_mapping
[2024-11-11T00:26:11.058+0100] {logging_mixin.py:190} INFO - [2024-11-11T00:26:11.058+0100] {dag.py:4180} INFO - Setting next_dagrun for example_dynamic_task_mapping to None, run_after=None
[2024-11-11T00:26:11.087+0100] {processor.py:208} INFO - Processing /home/sakana/anaconda3/envs/airflow_env/lib/python3.8/site-packages/airflow/example_dags/example_dynamic_task_mapping.py took 0.338 seconds
[2024-11-11T00:27:19.654+0100] {processor.py:186} INFO - Started process (PID=6928) to work on /home/sakana/anaconda3/envs/airflow_env/lib/python3.8/site-packages/airflow/example_dags/example_dynamic_task_mapping.py
[2024-11-11T00:27:19.659+0100] {processor.py:914} INFO - Processing file /home/sakana/anaconda3/envs/airflow_env/lib/python3.8/site-packages/airflow/example_dags/example_dynamic_task_mapping.py for tasks to queue
[2024-11-11T00:27:19.666+0100] {logging_mixin.py:190} INFO - [2024-11-11T00:27:19.664+0100] {dagbag.py:588} INFO - Filling up the DagBag from /home/sakana/anaconda3/envs/airflow_env/lib/python3.8/site-packages/airflow/example_dags/example_dynamic_task_mapping.py
[2024-11-11T00:27:19.684+0100] {processor.py:925} INFO - DAG(s) 'example_dynamic_task_mapping' retrieved from /home/sakana/anaconda3/envs/airflow_env/lib/python3.8/site-packages/airflow/example_dags/example_dynamic_task_mapping.py
[2024-11-11T00:27:19.704+0100] {logging_mixin.py:190} INFO - [2024-11-11T00:27:19.703+0100] {dag.py:3239} INFO - Sync 1 DAGs
[2024-11-11T00:27:19.717+0100] {logging_mixin.py:190} INFO - [2024-11-11T00:27:19.717+0100] {dag.py:4180} INFO - Setting next_dagrun for example_dynamic_task_mapping to None, run_after=None
[2024-11-11T00:27:19.734+0100] {processor.py:208} INFO - Processing /home/sakana/anaconda3/envs/airflow_env/lib/python3.8/site-packages/airflow/example_dags/example_dynamic_task_mapping.py took 0.087 seconds
[2024-11-11T00:28:15.585+0100] {processor.py:186} INFO - Started process (PID=7033) to work on /home/sakana/anaconda3/envs/airflow_env/lib/python3.8/site-packages/airflow/example_dags/example_dynamic_task_mapping.py
[2024-11-11T00:28:15.590+0100] {processor.py:914} INFO - Processing file /home/sakana/anaconda3/envs/airflow_env/lib/python3.8/site-packages/airflow/example_dags/example_dynamic_task_mapping.py for tasks to queue
[2024-11-11T00:28:15.592+0100] {logging_mixin.py:190} INFO - [2024-11-11T00:28:15.592+0100] {dagbag.py:588} INFO - Filling up the DagBag from /home/sakana/anaconda3/envs/airflow_env/lib/python3.8/site-packages/airflow/example_dags/example_dynamic_task_mapping.py
[2024-11-11T00:28:15.600+0100] {processor.py:925} INFO - DAG(s) 'example_dynamic_task_mapping' retrieved from /home/sakana/anaconda3/envs/airflow_env/lib/python3.8/site-packages/airflow/example_dags/example_dynamic_task_mapping.py
[2024-11-11T00:28:15.616+0100] {logging_mixin.py:190} INFO - [2024-11-11T00:28:15.616+0100] {dag.py:3239} INFO - Sync 1 DAGs
[2024-11-11T00:28:15.628+0100] {logging_mixin.py:190} INFO - [2024-11-11T00:28:15.627+0100] {dag.py:4180} INFO - Setting next_dagrun for example_dynamic_task_mapping to None, run_after=None
[2024-11-11T00:28:15.644+0100] {processor.py:208} INFO - Processing /home/sakana/anaconda3/envs/airflow_env/lib/python3.8/site-packages/airflow/example_dags/example_dynamic_task_mapping.py took 0.066 seconds
[2024-11-11T00:29:14.232+0100] {processor.py:186} INFO - Started process (PID=7112) to work on /home/sakana/anaconda3/envs/airflow_env/lib/python3.8/site-packages/airflow/example_dags/example_dynamic_task_mapping.py
[2024-11-11T00:29:14.237+0100] {processor.py:914} INFO - Processing file /home/sakana/anaconda3/envs/airflow_env/lib/python3.8/site-packages/airflow/example_dags/example_dynamic_task_mapping.py for tasks to queue
[2024-11-11T00:29:14.240+0100] {logging_mixin.py:190} INFO - [2024-11-11T00:29:14.239+0100] {dagbag.py:588} INFO - Filling up the DagBag from /home/sakana/anaconda3/envs/airflow_env/lib/python3.8/site-packages/airflow/example_dags/example_dynamic_task_mapping.py
[2024-11-11T00:29:14.249+0100] {processor.py:925} INFO - DAG(s) 'example_dynamic_task_mapping' retrieved from /home/sakana/anaconda3/envs/airflow_env/lib/python3.8/site-packages/airflow/example_dags/example_dynamic_task_mapping.py
[2024-11-11T00:29:14.264+0100] {logging_mixin.py:190} INFO - [2024-11-11T00:29:14.263+0100] {dag.py:3239} INFO - Sync 1 DAGs
[2024-11-11T00:29:14.275+0100] {logging_mixin.py:190} INFO - [2024-11-11T00:29:14.275+0100] {dag.py:4180} INFO - Setting next_dagrun for example_dynamic_task_mapping to None, run_after=None
[2024-11-11T00:29:14.291+0100] {processor.py:208} INFO - Processing /home/sakana/anaconda3/envs/airflow_env/lib/python3.8/site-packages/airflow/example_dags/example_dynamic_task_mapping.py took 0.068 seconds
[2024-11-11T00:30:06.629+0100] {processor.py:186} INFO - Started process (PID=7194) to work on /home/sakana/anaconda3/envs/airflow_env/lib/python3.8/site-packages/airflow/example_dags/example_dynamic_task_mapping.py
[2024-11-11T00:30:06.635+0100] {processor.py:914} INFO - Processing file /home/sakana/anaconda3/envs/airflow_env/lib/python3.8/site-packages/airflow/example_dags/example_dynamic_task_mapping.py for tasks to queue
[2024-11-11T00:30:06.642+0100] {logging_mixin.py:190} INFO - [2024-11-11T00:30:06.641+0100] {dagbag.py:588} INFO - Filling up the DagBag from /home/sakana/anaconda3/envs/airflow_env/lib/python3.8/site-packages/airflow/example_dags/example_dynamic_task_mapping.py
[2024-11-11T00:30:06.663+0100] {processor.py:925} INFO - DAG(s) 'example_dynamic_task_mapping' retrieved from /home/sakana/anaconda3/envs/airflow_env/lib/python3.8/site-packages/airflow/example_dags/example_dynamic_task_mapping.py
[2024-11-11T00:30:06.681+0100] {logging_mixin.py:190} INFO - [2024-11-11T00:30:06.681+0100] {dag.py:3239} INFO - Sync 1 DAGs
[2024-11-11T00:30:06.695+0100] {logging_mixin.py:190} INFO - [2024-11-11T00:30:06.695+0100] {dag.py:4180} INFO - Setting next_dagrun for example_dynamic_task_mapping to None, run_after=None
[2024-11-11T00:30:06.712+0100] {processor.py:208} INFO - Processing /home/sakana/anaconda3/envs/airflow_env/lib/python3.8/site-packages/airflow/example_dags/example_dynamic_task_mapping.py took 0.091 seconds
[2024-11-11T00:31:03.950+0100] {processor.py:186} INFO - Started process (PID=7272) to work on /home/sakana/anaconda3/envs/airflow_env/lib/python3.8/site-packages/airflow/example_dags/example_dynamic_task_mapping.py
[2024-11-11T00:31:03.955+0100] {processor.py:914} INFO - Processing file /home/sakana/anaconda3/envs/airflow_env/lib/python3.8/site-packages/airflow/example_dags/example_dynamic_task_mapping.py for tasks to queue
[2024-11-11T00:31:03.958+0100] {logging_mixin.py:190} INFO - [2024-11-11T00:31:03.958+0100] {dagbag.py:588} INFO - Filling up the DagBag from /home/sakana/anaconda3/envs/airflow_env/lib/python3.8/site-packages/airflow/example_dags/example_dynamic_task_mapping.py
[2024-11-11T00:31:03.967+0100] {processor.py:925} INFO - DAG(s) 'example_dynamic_task_mapping' retrieved from /home/sakana/anaconda3/envs/airflow_env/lib/python3.8/site-packages/airflow/example_dags/example_dynamic_task_mapping.py
[2024-11-11T00:31:03.983+0100] {logging_mixin.py:190} INFO - [2024-11-11T00:31:03.983+0100] {dag.py:3239} INFO - Sync 1 DAGs
[2024-11-11T00:31:03.995+0100] {logging_mixin.py:190} INFO - [2024-11-11T00:31:03.994+0100] {dag.py:4180} INFO - Setting next_dagrun for example_dynamic_task_mapping to None, run_after=None
[2024-11-11T00:31:04.014+0100] {processor.py:208} INFO - Processing /home/sakana/anaconda3/envs/airflow_env/lib/python3.8/site-packages/airflow/example_dags/example_dynamic_task_mapping.py took 0.071 seconds
[2024-11-11T00:32:00.714+0100] {processor.py:186} INFO - Started process (PID=7348) to work on /home/sakana/anaconda3/envs/airflow_env/lib/python3.8/site-packages/airflow/example_dags/example_dynamic_task_mapping.py
[2024-11-11T00:32:00.719+0100] {processor.py:914} INFO - Processing file /home/sakana/anaconda3/envs/airflow_env/lib/python3.8/site-packages/airflow/example_dags/example_dynamic_task_mapping.py for tasks to queue
[2024-11-11T00:32:00.722+0100] {logging_mixin.py:190} INFO - [2024-11-11T00:32:00.721+0100] {dagbag.py:588} INFO - Filling up the DagBag from /home/sakana/anaconda3/envs/airflow_env/lib/python3.8/site-packages/airflow/example_dags/example_dynamic_task_mapping.py
[2024-11-11T00:32:00.732+0100] {processor.py:925} INFO - DAG(s) 'example_dynamic_task_mapping' retrieved from /home/sakana/anaconda3/envs/airflow_env/lib/python3.8/site-packages/airflow/example_dags/example_dynamic_task_mapping.py
[2024-11-11T00:32:00.748+0100] {logging_mixin.py:190} INFO - [2024-11-11T00:32:00.748+0100] {dag.py:3239} INFO - Sync 1 DAGs
[2024-11-11T00:32:00.759+0100] {logging_mixin.py:190} INFO - [2024-11-11T00:32:00.759+0100] {dag.py:4180} INFO - Setting next_dagrun for example_dynamic_task_mapping to None, run_after=None
[2024-11-11T00:32:00.775+0100] {processor.py:208} INFO - Processing /home/sakana/anaconda3/envs/airflow_env/lib/python3.8/site-packages/airflow/example_dags/example_dynamic_task_mapping.py took 0.069 seconds
[2024-11-11T00:32:55.137+0100] {processor.py:186} INFO - Started process (PID=7417) to work on /home/sakana/anaconda3/envs/airflow_env/lib/python3.8/site-packages/airflow/example_dags/example_dynamic_task_mapping.py
[2024-11-11T00:32:55.142+0100] {processor.py:914} INFO - Processing file /home/sakana/anaconda3/envs/airflow_env/lib/python3.8/site-packages/airflow/example_dags/example_dynamic_task_mapping.py for tasks to queue
[2024-11-11T00:32:55.145+0100] {logging_mixin.py:190} INFO - [2024-11-11T00:32:55.145+0100] {dagbag.py:588} INFO - Filling up the DagBag from /home/sakana/anaconda3/envs/airflow_env/lib/python3.8/site-packages/airflow/example_dags/example_dynamic_task_mapping.py
[2024-11-11T00:32:55.155+0100] {processor.py:925} INFO - DAG(s) 'example_dynamic_task_mapping' retrieved from /home/sakana/anaconda3/envs/airflow_env/lib/python3.8/site-packages/airflow/example_dags/example_dynamic_task_mapping.py
[2024-11-11T00:32:55.172+0100] {logging_mixin.py:190} INFO - [2024-11-11T00:32:55.172+0100] {dag.py:3239} INFO - Sync 1 DAGs
[2024-11-11T00:32:55.183+0100] {logging_mixin.py:190} INFO - [2024-11-11T00:32:55.183+0100] {dag.py:4180} INFO - Setting next_dagrun for example_dynamic_task_mapping to None, run_after=None
[2024-11-11T00:32:55.203+0100] {processor.py:208} INFO - Processing /home/sakana/anaconda3/envs/airflow_env/lib/python3.8/site-packages/airflow/example_dags/example_dynamic_task_mapping.py took 0.074 seconds
[2024-11-11T00:33:53.289+0100] {processor.py:186} INFO - Started process (PID=7521) to work on /home/sakana/anaconda3/envs/airflow_env/lib/python3.8/site-packages/airflow/example_dags/example_dynamic_task_mapping.py
[2024-11-11T00:33:53.294+0100] {processor.py:914} INFO - Processing file /home/sakana/anaconda3/envs/airflow_env/lib/python3.8/site-packages/airflow/example_dags/example_dynamic_task_mapping.py for tasks to queue
[2024-11-11T00:33:53.298+0100] {logging_mixin.py:190} INFO - [2024-11-11T00:33:53.298+0100] {dagbag.py:588} INFO - Filling up the DagBag from /home/sakana/anaconda3/envs/airflow_env/lib/python3.8/site-packages/airflow/example_dags/example_dynamic_task_mapping.py
[2024-11-11T00:33:53.311+0100] {processor.py:925} INFO - DAG(s) 'example_dynamic_task_mapping' retrieved from /home/sakana/anaconda3/envs/airflow_env/lib/python3.8/site-packages/airflow/example_dags/example_dynamic_task_mapping.py
[2024-11-11T00:33:53.326+0100] {logging_mixin.py:190} INFO - [2024-11-11T00:33:53.326+0100] {dag.py:3239} INFO - Sync 1 DAGs
[2024-11-11T00:33:53.337+0100] {logging_mixin.py:190} INFO - [2024-11-11T00:33:53.337+0100] {dag.py:4180} INFO - Setting next_dagrun for example_dynamic_task_mapping to None, run_after=None
[2024-11-11T00:33:53.354+0100] {processor.py:208} INFO - Processing /home/sakana/anaconda3/envs/airflow_env/lib/python3.8/site-packages/airflow/example_dags/example_dynamic_task_mapping.py took 0.074 seconds
[2024-11-11T00:34:49.549+0100] {processor.py:186} INFO - Started process (PID=7598) to work on /home/sakana/anaconda3/envs/airflow_env/lib/python3.8/site-packages/airflow/example_dags/example_dynamic_task_mapping.py
[2024-11-11T00:34:49.554+0100] {processor.py:914} INFO - Processing file /home/sakana/anaconda3/envs/airflow_env/lib/python3.8/site-packages/airflow/example_dags/example_dynamic_task_mapping.py for tasks to queue
[2024-11-11T00:34:49.556+0100] {logging_mixin.py:190} INFO - [2024-11-11T00:34:49.556+0100] {dagbag.py:588} INFO - Filling up the DagBag from /home/sakana/anaconda3/envs/airflow_env/lib/python3.8/site-packages/airflow/example_dags/example_dynamic_task_mapping.py
[2024-11-11T00:34:49.567+0100] {processor.py:925} INFO - DAG(s) 'example_dynamic_task_mapping' retrieved from /home/sakana/anaconda3/envs/airflow_env/lib/python3.8/site-packages/airflow/example_dags/example_dynamic_task_mapping.py
[2024-11-11T00:34:49.583+0100] {logging_mixin.py:190} INFO - [2024-11-11T00:34:49.583+0100] {dag.py:3239} INFO - Sync 1 DAGs
[2024-11-11T00:34:49.597+0100] {logging_mixin.py:190} INFO - [2024-11-11T00:34:49.597+0100] {dag.py:4180} INFO - Setting next_dagrun for example_dynamic_task_mapping to None, run_after=None
[2024-11-11T00:34:49.615+0100] {processor.py:208} INFO - Processing /home/sakana/anaconda3/envs/airflow_env/lib/python3.8/site-packages/airflow/example_dags/example_dynamic_task_mapping.py took 0.075 seconds
[2024-11-11T00:35:43.305+0100] {processor.py:186} INFO - Started process (PID=7675) to work on /home/sakana/anaconda3/envs/airflow_env/lib/python3.8/site-packages/airflow/example_dags/example_dynamic_task_mapping.py
[2024-11-11T00:35:43.310+0100] {processor.py:914} INFO - Processing file /home/sakana/anaconda3/envs/airflow_env/lib/python3.8/site-packages/airflow/example_dags/example_dynamic_task_mapping.py for tasks to queue
[2024-11-11T00:35:43.314+0100] {logging_mixin.py:190} INFO - [2024-11-11T00:35:43.313+0100] {dagbag.py:588} INFO - Filling up the DagBag from /home/sakana/anaconda3/envs/airflow_env/lib/python3.8/site-packages/airflow/example_dags/example_dynamic_task_mapping.py
[2024-11-11T00:35:43.328+0100] {processor.py:925} INFO - DAG(s) 'example_dynamic_task_mapping' retrieved from /home/sakana/anaconda3/envs/airflow_env/lib/python3.8/site-packages/airflow/example_dags/example_dynamic_task_mapping.py
[2024-11-11T00:35:43.344+0100] {logging_mixin.py:190} INFO - [2024-11-11T00:35:43.343+0100] {dag.py:3239} INFO - Sync 1 DAGs
[2024-11-11T00:35:43.355+0100] {logging_mixin.py:190} INFO - [2024-11-11T00:35:43.355+0100] {dag.py:4180} INFO - Setting next_dagrun for example_dynamic_task_mapping to None, run_after=None
[2024-11-11T00:35:43.380+0100] {processor.py:208} INFO - Processing /home/sakana/anaconda3/envs/airflow_env/lib/python3.8/site-packages/airflow/example_dags/example_dynamic_task_mapping.py took 0.087 seconds
[2024-11-11T00:36:38.196+0100] {processor.py:186} INFO - Started process (PID=7743) to work on /home/sakana/anaconda3/envs/airflow_env/lib/python3.8/site-packages/airflow/example_dags/example_dynamic_task_mapping.py
[2024-11-11T00:36:38.201+0100] {processor.py:914} INFO - Processing file /home/sakana/anaconda3/envs/airflow_env/lib/python3.8/site-packages/airflow/example_dags/example_dynamic_task_mapping.py for tasks to queue
[2024-11-11T00:36:38.203+0100] {logging_mixin.py:190} INFO - [2024-11-11T00:36:38.203+0100] {dagbag.py:588} INFO - Filling up the DagBag from /home/sakana/anaconda3/envs/airflow_env/lib/python3.8/site-packages/airflow/example_dags/example_dynamic_task_mapping.py
[2024-11-11T00:36:38.211+0100] {processor.py:925} INFO - DAG(s) 'example_dynamic_task_mapping' retrieved from /home/sakana/anaconda3/envs/airflow_env/lib/python3.8/site-packages/airflow/example_dags/example_dynamic_task_mapping.py
[2024-11-11T00:36:38.225+0100] {logging_mixin.py:190} INFO - [2024-11-11T00:36:38.225+0100] {dag.py:3239} INFO - Sync 1 DAGs
[2024-11-11T00:36:38.237+0100] {logging_mixin.py:190} INFO - [2024-11-11T00:36:38.237+0100] {dag.py:4180} INFO - Setting next_dagrun for example_dynamic_task_mapping to None, run_after=None
[2024-11-11T00:36:38.262+0100] {processor.py:208} INFO - Processing /home/sakana/anaconda3/envs/airflow_env/lib/python3.8/site-packages/airflow/example_dags/example_dynamic_task_mapping.py took 0.072 seconds
[2024-11-11T00:37:37.316+0100] {processor.py:186} INFO - Started process (PID=7817) to work on /home/sakana/anaconda3/envs/airflow_env/lib/python3.8/site-packages/airflow/example_dags/example_dynamic_task_mapping.py
[2024-11-11T00:37:37.320+0100] {processor.py:914} INFO - Processing file /home/sakana/anaconda3/envs/airflow_env/lib/python3.8/site-packages/airflow/example_dags/example_dynamic_task_mapping.py for tasks to queue
[2024-11-11T00:37:37.322+0100] {logging_mixin.py:190} INFO - [2024-11-11T00:37:37.322+0100] {dagbag.py:588} INFO - Filling up the DagBag from /home/sakana/anaconda3/envs/airflow_env/lib/python3.8/site-packages/airflow/example_dags/example_dynamic_task_mapping.py
[2024-11-11T00:37:37.330+0100] {processor.py:925} INFO - DAG(s) 'example_dynamic_task_mapping' retrieved from /home/sakana/anaconda3/envs/airflow_env/lib/python3.8/site-packages/airflow/example_dags/example_dynamic_task_mapping.py
[2024-11-11T00:37:37.345+0100] {logging_mixin.py:190} INFO - [2024-11-11T00:37:37.345+0100] {dag.py:3239} INFO - Sync 1 DAGs
[2024-11-11T00:37:37.356+0100] {logging_mixin.py:190} INFO - [2024-11-11T00:37:37.356+0100] {dag.py:4180} INFO - Setting next_dagrun for example_dynamic_task_mapping to None, run_after=None
[2024-11-11T00:37:37.384+0100] {processor.py:208} INFO - Processing /home/sakana/anaconda3/envs/airflow_env/lib/python3.8/site-packages/airflow/example_dags/example_dynamic_task_mapping.py took 0.074 seconds
[2024-11-11T00:38:30.631+0100] {processor.py:186} INFO - Started process (PID=7917) to work on /home/sakana/anaconda3/envs/airflow_env/lib/python3.8/site-packages/airflow/example_dags/example_dynamic_task_mapping.py
[2024-11-11T00:38:30.636+0100] {processor.py:914} INFO - Processing file /home/sakana/anaconda3/envs/airflow_env/lib/python3.8/site-packages/airflow/example_dags/example_dynamic_task_mapping.py for tasks to queue
[2024-11-11T00:38:30.639+0100] {logging_mixin.py:190} INFO - [2024-11-11T00:38:30.638+0100] {dagbag.py:588} INFO - Filling up the DagBag from /home/sakana/anaconda3/envs/airflow_env/lib/python3.8/site-packages/airflow/example_dags/example_dynamic_task_mapping.py
[2024-11-11T00:38:30.649+0100] {processor.py:925} INFO - DAG(s) 'example_dynamic_task_mapping' retrieved from /home/sakana/anaconda3/envs/airflow_env/lib/python3.8/site-packages/airflow/example_dags/example_dynamic_task_mapping.py
[2024-11-11T00:38:30.668+0100] {logging_mixin.py:190} INFO - [2024-11-11T00:38:30.667+0100] {dag.py:3239} INFO - Sync 1 DAGs
[2024-11-11T00:38:30.680+0100] {logging_mixin.py:190} INFO - [2024-11-11T00:38:30.679+0100] {dag.py:4180} INFO - Setting next_dagrun for example_dynamic_task_mapping to None, run_after=None
[2024-11-11T00:38:30.704+0100] {processor.py:208} INFO - Processing /home/sakana/anaconda3/envs/airflow_env/lib/python3.8/site-packages/airflow/example_dags/example_dynamic_task_mapping.py took 0.081 seconds
[2024-11-11T00:39:26.701+0100] {processor.py:186} INFO - Started process (PID=8060) to work on /home/sakana/anaconda3/envs/airflow_env/lib/python3.8/site-packages/airflow/example_dags/example_dynamic_task_mapping.py
[2024-11-11T00:39:26.706+0100] {processor.py:914} INFO - Processing file /home/sakana/anaconda3/envs/airflow_env/lib/python3.8/site-packages/airflow/example_dags/example_dynamic_task_mapping.py for tasks to queue
[2024-11-11T00:39:26.709+0100] {logging_mixin.py:190} INFO - [2024-11-11T00:39:26.708+0100] {dagbag.py:588} INFO - Filling up the DagBag from /home/sakana/anaconda3/envs/airflow_env/lib/python3.8/site-packages/airflow/example_dags/example_dynamic_task_mapping.py
[2024-11-11T00:39:26.717+0100] {processor.py:925} INFO - DAG(s) 'example_dynamic_task_mapping' retrieved from /home/sakana/anaconda3/envs/airflow_env/lib/python3.8/site-packages/airflow/example_dags/example_dynamic_task_mapping.py
[2024-11-11T00:39:26.734+0100] {logging_mixin.py:190} INFO - [2024-11-11T00:39:26.733+0100] {dag.py:3239} INFO - Sync 1 DAGs
[2024-11-11T00:39:26.745+0100] {logging_mixin.py:190} INFO - [2024-11-11T00:39:26.744+0100] {dag.py:4180} INFO - Setting next_dagrun for example_dynamic_task_mapping to None, run_after=None
[2024-11-11T00:39:26.770+0100] {processor.py:208} INFO - Processing /home/sakana/anaconda3/envs/airflow_env/lib/python3.8/site-packages/airflow/example_dags/example_dynamic_task_mapping.py took 0.074 seconds
[2024-11-11T00:40:21.863+0100] {processor.py:186} INFO - Started process (PID=8154) to work on /home/sakana/anaconda3/envs/airflow_env/lib/python3.8/site-packages/airflow/example_dags/example_dynamic_task_mapping.py
[2024-11-11T00:40:21.868+0100] {processor.py:914} INFO - Processing file /home/sakana/anaconda3/envs/airflow_env/lib/python3.8/site-packages/airflow/example_dags/example_dynamic_task_mapping.py for tasks to queue
[2024-11-11T00:40:21.871+0100] {logging_mixin.py:190} INFO - [2024-11-11T00:40:21.870+0100] {dagbag.py:588} INFO - Filling up the DagBag from /home/sakana/anaconda3/envs/airflow_env/lib/python3.8/site-packages/airflow/example_dags/example_dynamic_task_mapping.py
[2024-11-11T00:40:21.882+0100] {processor.py:925} INFO - DAG(s) 'example_dynamic_task_mapping' retrieved from /home/sakana/anaconda3/envs/airflow_env/lib/python3.8/site-packages/airflow/example_dags/example_dynamic_task_mapping.py
[2024-11-11T00:40:21.897+0100] {logging_mixin.py:190} INFO - [2024-11-11T00:40:21.897+0100] {dag.py:3239} INFO - Sync 1 DAGs
[2024-11-11T00:40:21.909+0100] {logging_mixin.py:190} INFO - [2024-11-11T00:40:21.908+0100] {dag.py:4180} INFO - Setting next_dagrun for example_dynamic_task_mapping to None, run_after=None
[2024-11-11T00:40:21.939+0100] {processor.py:208} INFO - Processing /home/sakana/anaconda3/envs/airflow_env/lib/python3.8/site-packages/airflow/example_dags/example_dynamic_task_mapping.py took 0.084 seconds
[2024-11-11T00:43:27.660+0100] {processor.py:186} INFO - Started process (PID=8543) to work on /home/sakana/anaconda3/envs/airflow_env/lib/python3.8/site-packages/airflow/example_dags/example_dynamic_task_mapping.py
[2024-11-11T00:43:27.664+0100] {processor.py:914} INFO - Processing file /home/sakana/anaconda3/envs/airflow_env/lib/python3.8/site-packages/airflow/example_dags/example_dynamic_task_mapping.py for tasks to queue
[2024-11-11T00:43:27.667+0100] {logging_mixin.py:190} INFO - [2024-11-11T00:43:27.666+0100] {dagbag.py:588} INFO - Filling up the DagBag from /home/sakana/anaconda3/envs/airflow_env/lib/python3.8/site-packages/airflow/example_dags/example_dynamic_task_mapping.py
[2024-11-11T00:43:27.674+0100] {processor.py:925} INFO - DAG(s) 'example_dynamic_task_mapping' retrieved from /home/sakana/anaconda3/envs/airflow_env/lib/python3.8/site-packages/airflow/example_dags/example_dynamic_task_mapping.py
[2024-11-11T00:43:27.692+0100] {logging_mixin.py:190} INFO - [2024-11-11T00:43:27.691+0100] {dag.py:3239} INFO - Sync 1 DAGs
[2024-11-11T00:43:27.707+0100] {logging_mixin.py:190} INFO - [2024-11-11T00:43:27.706+0100] {dag.py:4180} INFO - Setting next_dagrun for example_dynamic_task_mapping to None, run_after=None
[2024-11-11T00:43:27.725+0100] {processor.py:208} INFO - Processing /home/sakana/anaconda3/envs/airflow_env/lib/python3.8/site-packages/airflow/example_dags/example_dynamic_task_mapping.py took 0.071 seconds
[2024-11-11T00:45:54.480+0100] {processor.py:186} INFO - Started process (PID=8804) to work on /home/sakana/anaconda3/envs/airflow_env/lib/python3.8/site-packages/airflow/example_dags/example_dynamic_task_mapping.py
[2024-11-11T00:45:54.484+0100] {processor.py:914} INFO - Processing file /home/sakana/anaconda3/envs/airflow_env/lib/python3.8/site-packages/airflow/example_dags/example_dynamic_task_mapping.py for tasks to queue
[2024-11-11T00:45:54.488+0100] {logging_mixin.py:190} INFO - [2024-11-11T00:45:54.487+0100] {dagbag.py:588} INFO - Filling up the DagBag from /home/sakana/anaconda3/envs/airflow_env/lib/python3.8/site-packages/airflow/example_dags/example_dynamic_task_mapping.py
[2024-11-11T00:45:54.497+0100] {processor.py:925} INFO - DAG(s) 'example_dynamic_task_mapping' retrieved from /home/sakana/anaconda3/envs/airflow_env/lib/python3.8/site-packages/airflow/example_dags/example_dynamic_task_mapping.py
[2024-11-11T00:45:54.516+0100] {logging_mixin.py:190} INFO - [2024-11-11T00:45:54.516+0100] {dag.py:3239} INFO - Sync 1 DAGs
[2024-11-11T00:45:54.536+0100] {logging_mixin.py:190} INFO - [2024-11-11T00:45:54.535+0100] {dag.py:4180} INFO - Setting next_dagrun for example_dynamic_task_mapping to None, run_after=None
[2024-11-11T00:45:54.561+0100] {processor.py:208} INFO - Processing /home/sakana/anaconda3/envs/airflow_env/lib/python3.8/site-packages/airflow/example_dags/example_dynamic_task_mapping.py took 0.089 seconds
[2024-11-11T00:46:51.703+0100] {processor.py:186} INFO - Started process (PID=8884) to work on /home/sakana/anaconda3/envs/airflow_env/lib/python3.8/site-packages/airflow/example_dags/example_dynamic_task_mapping.py
[2024-11-11T00:46:51.708+0100] {processor.py:914} INFO - Processing file /home/sakana/anaconda3/envs/airflow_env/lib/python3.8/site-packages/airflow/example_dags/example_dynamic_task_mapping.py for tasks to queue
[2024-11-11T00:46:51.711+0100] {logging_mixin.py:190} INFO - [2024-11-11T00:46:51.710+0100] {dagbag.py:588} INFO - Filling up the DagBag from /home/sakana/anaconda3/envs/airflow_env/lib/python3.8/site-packages/airflow/example_dags/example_dynamic_task_mapping.py
[2024-11-11T00:46:51.719+0100] {processor.py:925} INFO - DAG(s) 'example_dynamic_task_mapping' retrieved from /home/sakana/anaconda3/envs/airflow_env/lib/python3.8/site-packages/airflow/example_dags/example_dynamic_task_mapping.py
[2024-11-11T00:46:51.736+0100] {logging_mixin.py:190} INFO - [2024-11-11T00:46:51.735+0100] {dag.py:3239} INFO - Sync 1 DAGs
[2024-11-11T00:46:51.747+0100] {logging_mixin.py:190} INFO - [2024-11-11T00:46:51.747+0100] {dag.py:4180} INFO - Setting next_dagrun for example_dynamic_task_mapping to None, run_after=None
[2024-11-11T00:46:51.764+0100] {processor.py:208} INFO - Processing /home/sakana/anaconda3/envs/airflow_env/lib/python3.8/site-packages/airflow/example_dags/example_dynamic_task_mapping.py took 0.067 seconds
[2024-11-11T00:47:49.468+0100] {processor.py:186} INFO - Started process (PID=8959) to work on /home/sakana/anaconda3/envs/airflow_env/lib/python3.8/site-packages/airflow/example_dags/example_dynamic_task_mapping.py
[2024-11-11T00:47:49.473+0100] {processor.py:914} INFO - Processing file /home/sakana/anaconda3/envs/airflow_env/lib/python3.8/site-packages/airflow/example_dags/example_dynamic_task_mapping.py for tasks to queue
[2024-11-11T00:47:49.475+0100] {logging_mixin.py:190} INFO - [2024-11-11T00:47:49.475+0100] {dagbag.py:588} INFO - Filling up the DagBag from /home/sakana/anaconda3/envs/airflow_env/lib/python3.8/site-packages/airflow/example_dags/example_dynamic_task_mapping.py
[2024-11-11T00:47:49.485+0100] {processor.py:925} INFO - DAG(s) 'example_dynamic_task_mapping' retrieved from /home/sakana/anaconda3/envs/airflow_env/lib/python3.8/site-packages/airflow/example_dags/example_dynamic_task_mapping.py
[2024-11-11T00:47:49.503+0100] {logging_mixin.py:190} INFO - [2024-11-11T00:47:49.503+0100] {dag.py:3239} INFO - Sync 1 DAGs
[2024-11-11T00:47:49.518+0100] {logging_mixin.py:190} INFO - [2024-11-11T00:47:49.517+0100] {dag.py:4180} INFO - Setting next_dagrun for example_dynamic_task_mapping to None, run_after=None
[2024-11-11T00:47:49.548+0100] {processor.py:208} INFO - Processing /home/sakana/anaconda3/envs/airflow_env/lib/python3.8/site-packages/airflow/example_dags/example_dynamic_task_mapping.py took 0.089 seconds
[2024-11-11T00:48:46.755+0100] {processor.py:186} INFO - Started process (PID=9065) to work on /home/sakana/anaconda3/envs/airflow_env/lib/python3.8/site-packages/airflow/example_dags/example_dynamic_task_mapping.py
[2024-11-11T00:48:46.759+0100] {processor.py:914} INFO - Processing file /home/sakana/anaconda3/envs/airflow_env/lib/python3.8/site-packages/airflow/example_dags/example_dynamic_task_mapping.py for tasks to queue
[2024-11-11T00:48:46.762+0100] {logging_mixin.py:190} INFO - [2024-11-11T00:48:46.762+0100] {dagbag.py:588} INFO - Filling up the DagBag from /home/sakana/anaconda3/envs/airflow_env/lib/python3.8/site-packages/airflow/example_dags/example_dynamic_task_mapping.py
[2024-11-11T00:48:46.771+0100] {processor.py:925} INFO - DAG(s) 'example_dynamic_task_mapping' retrieved from /home/sakana/anaconda3/envs/airflow_env/lib/python3.8/site-packages/airflow/example_dags/example_dynamic_task_mapping.py
[2024-11-11T00:48:46.786+0100] {logging_mixin.py:190} INFO - [2024-11-11T00:48:46.786+0100] {dag.py:3239} INFO - Sync 1 DAGs
[2024-11-11T00:48:46.798+0100] {logging_mixin.py:190} INFO - [2024-11-11T00:48:46.798+0100] {dag.py:4180} INFO - Setting next_dagrun for example_dynamic_task_mapping to None, run_after=None
[2024-11-11T00:48:46.820+0100] {processor.py:208} INFO - Processing /home/sakana/anaconda3/envs/airflow_env/lib/python3.8/site-packages/airflow/example_dags/example_dynamic_task_mapping.py took 0.072 seconds
[2024-11-11T00:49:44.173+0100] {processor.py:186} INFO - Started process (PID=9409) to work on /home/sakana/anaconda3/envs/airflow_env/lib/python3.8/site-packages/airflow/example_dags/example_dynamic_task_mapping.py
[2024-11-11T00:49:44.174+0100] {processor.py:914} INFO - Processing file /home/sakana/anaconda3/envs/airflow_env/lib/python3.8/site-packages/airflow/example_dags/example_dynamic_task_mapping.py for tasks to queue
[2024-11-11T00:49:44.177+0100] {logging_mixin.py:190} INFO - [2024-11-11T00:49:44.177+0100] {dagbag.py:588} INFO - Filling up the DagBag from /home/sakana/anaconda3/envs/airflow_env/lib/python3.8/site-packages/airflow/example_dags/example_dynamic_task_mapping.py
[2024-11-11T00:49:44.187+0100] {processor.py:925} INFO - DAG(s) 'example_dynamic_task_mapping' retrieved from /home/sakana/anaconda3/envs/airflow_env/lib/python3.8/site-packages/airflow/example_dags/example_dynamic_task_mapping.py
[2024-11-11T00:49:44.210+0100] {logging_mixin.py:190} INFO - [2024-11-11T00:49:44.209+0100] {dag.py:3239} INFO - Sync 1 DAGs
[2024-11-11T00:49:44.228+0100] {logging_mixin.py:190} INFO - [2024-11-11T00:49:44.227+0100] {dag.py:4180} INFO - Setting next_dagrun for example_dynamic_task_mapping to None, run_after=None
[2024-11-11T00:49:44.254+0100] {processor.py:208} INFO - Processing /home/sakana/anaconda3/envs/airflow_env/lib/python3.8/site-packages/airflow/example_dags/example_dynamic_task_mapping.py took 0.093 seconds
[2024-11-11T00:50:45.191+0100] {processor.py:186} INFO - Started process (PID=9513) to work on /home/sakana/anaconda3/envs/airflow_env/lib/python3.8/site-packages/airflow/example_dags/example_dynamic_task_mapping.py
[2024-11-11T00:50:45.196+0100] {processor.py:914} INFO - Processing file /home/sakana/anaconda3/envs/airflow_env/lib/python3.8/site-packages/airflow/example_dags/example_dynamic_task_mapping.py for tasks to queue
[2024-11-11T00:50:45.199+0100] {logging_mixin.py:190} INFO - [2024-11-11T00:50:45.198+0100] {dagbag.py:588} INFO - Filling up the DagBag from /home/sakana/anaconda3/envs/airflow_env/lib/python3.8/site-packages/airflow/example_dags/example_dynamic_task_mapping.py
[2024-11-11T00:50:45.209+0100] {processor.py:925} INFO - DAG(s) 'example_dynamic_task_mapping' retrieved from /home/sakana/anaconda3/envs/airflow_env/lib/python3.8/site-packages/airflow/example_dags/example_dynamic_task_mapping.py
[2024-11-11T00:50:45.228+0100] {logging_mixin.py:190} INFO - [2024-11-11T00:50:45.228+0100] {dag.py:3239} INFO - Sync 1 DAGs
[2024-11-11T00:50:45.243+0100] {logging_mixin.py:190} INFO - [2024-11-11T00:50:45.242+0100] {dag.py:4180} INFO - Setting next_dagrun for example_dynamic_task_mapping to None, run_after=None
[2024-11-11T00:50:45.263+0100] {processor.py:208} INFO - Processing /home/sakana/anaconda3/envs/airflow_env/lib/python3.8/site-packages/airflow/example_dags/example_dynamic_task_mapping.py took 0.078 seconds
[2024-11-11T00:51:42.861+0100] {processor.py:186} INFO - Started process (PID=9613) to work on /home/sakana/anaconda3/envs/airflow_env/lib/python3.8/site-packages/airflow/example_dags/example_dynamic_task_mapping.py
[2024-11-11T00:51:42.866+0100] {processor.py:914} INFO - Processing file /home/sakana/anaconda3/envs/airflow_env/lib/python3.8/site-packages/airflow/example_dags/example_dynamic_task_mapping.py for tasks to queue
[2024-11-11T00:51:42.870+0100] {logging_mixin.py:190} INFO - [2024-11-11T00:51:42.869+0100] {dagbag.py:588} INFO - Filling up the DagBag from /home/sakana/anaconda3/envs/airflow_env/lib/python3.8/site-packages/airflow/example_dags/example_dynamic_task_mapping.py
[2024-11-11T00:51:42.883+0100] {processor.py:925} INFO - DAG(s) 'example_dynamic_task_mapping' retrieved from /home/sakana/anaconda3/envs/airflow_env/lib/python3.8/site-packages/airflow/example_dags/example_dynamic_task_mapping.py
[2024-11-11T00:51:42.904+0100] {logging_mixin.py:190} INFO - [2024-11-11T00:51:42.903+0100] {dag.py:3239} INFO - Sync 1 DAGs
[2024-11-11T00:51:42.919+0100] {logging_mixin.py:190} INFO - [2024-11-11T00:51:42.919+0100] {dag.py:4180} INFO - Setting next_dagrun for example_dynamic_task_mapping to None, run_after=None
[2024-11-11T00:51:42.940+0100] {processor.py:208} INFO - Processing /home/sakana/anaconda3/envs/airflow_env/lib/python3.8/site-packages/airflow/example_dags/example_dynamic_task_mapping.py took 0.089 seconds
[2024-11-11T00:52:39.113+0100] {processor.py:186} INFO - Started process (PID=9799) to work on /home/sakana/anaconda3/envs/airflow_env/lib/python3.8/site-packages/airflow/example_dags/example_dynamic_task_mapping.py
[2024-11-11T00:52:39.115+0100] {processor.py:914} INFO - Processing file /home/sakana/anaconda3/envs/airflow_env/lib/python3.8/site-packages/airflow/example_dags/example_dynamic_task_mapping.py for tasks to queue
[2024-11-11T00:52:39.118+0100] {logging_mixin.py:190} INFO - [2024-11-11T00:52:39.117+0100] {dagbag.py:588} INFO - Filling up the DagBag from /home/sakana/anaconda3/envs/airflow_env/lib/python3.8/site-packages/airflow/example_dags/example_dynamic_task_mapping.py
[2024-11-11T00:52:39.129+0100] {processor.py:925} INFO - DAG(s) 'example_dynamic_task_mapping' retrieved from /home/sakana/anaconda3/envs/airflow_env/lib/python3.8/site-packages/airflow/example_dags/example_dynamic_task_mapping.py
[2024-11-11T00:52:39.150+0100] {logging_mixin.py:190} INFO - [2024-11-11T00:52:39.150+0100] {dag.py:3239} INFO - Sync 1 DAGs
[2024-11-11T00:52:39.168+0100] {logging_mixin.py:190} INFO - [2024-11-11T00:52:39.168+0100] {dag.py:4180} INFO - Setting next_dagrun for example_dynamic_task_mapping to None, run_after=None
[2024-11-11T00:52:39.210+0100] {processor.py:208} INFO - Processing /home/sakana/anaconda3/envs/airflow_env/lib/python3.8/site-packages/airflow/example_dags/example_dynamic_task_mapping.py took 0.107 seconds
[2024-11-11T00:53:40.591+0100] {processor.py:186} INFO - Started process (PID=9892) to work on /home/sakana/anaconda3/envs/airflow_env/lib/python3.8/site-packages/airflow/example_dags/example_dynamic_task_mapping.py
[2024-11-11T00:53:40.596+0100] {processor.py:914} INFO - Processing file /home/sakana/anaconda3/envs/airflow_env/lib/python3.8/site-packages/airflow/example_dags/example_dynamic_task_mapping.py for tasks to queue
[2024-11-11T00:53:40.600+0100] {logging_mixin.py:190} INFO - [2024-11-11T00:53:40.600+0100] {dagbag.py:588} INFO - Filling up the DagBag from /home/sakana/anaconda3/envs/airflow_env/lib/python3.8/site-packages/airflow/example_dags/example_dynamic_task_mapping.py
[2024-11-11T00:53:40.610+0100] {processor.py:925} INFO - DAG(s) 'example_dynamic_task_mapping' retrieved from /home/sakana/anaconda3/envs/airflow_env/lib/python3.8/site-packages/airflow/example_dags/example_dynamic_task_mapping.py
[2024-11-11T00:53:40.626+0100] {logging_mixin.py:190} INFO - [2024-11-11T00:53:40.626+0100] {dag.py:3239} INFO - Sync 1 DAGs
[2024-11-11T00:53:40.637+0100] {logging_mixin.py:190} INFO - [2024-11-11T00:53:40.637+0100] {dag.py:4180} INFO - Setting next_dagrun for example_dynamic_task_mapping to None, run_after=None
[2024-11-11T00:53:40.672+0100] {processor.py:208} INFO - Processing /home/sakana/anaconda3/envs/airflow_env/lib/python3.8/site-packages/airflow/example_dags/example_dynamic_task_mapping.py took 0.092 seconds
