[2024-11-11T00:26:12.254+0100] {processor.py:186} INFO - Started process (PID=6792) to work on /home/sakana/anaconda3/envs/airflow_env/lib/python3.8/site-packages/airflow/example_dags/example_latest_only_with_trigger.py
[2024-11-11T00:26:12.256+0100] {processor.py:914} INFO - Processing file /home/sakana/anaconda3/envs/airflow_env/lib/python3.8/site-packages/airflow/example_dags/example_latest_only_with_trigger.py for tasks to queue
[2024-11-11T00:26:12.261+0100] {logging_mixin.py:190} INFO - [2024-11-11T00:26:12.261+0100] {dagbag.py:588} INFO - Filling up the DagBag from /home/sakana/anaconda3/envs/airflow_env/lib/python3.8/site-packages/airflow/example_dags/example_latest_only_with_trigger.py
[2024-11-11T00:26:12.273+0100] {processor.py:925} INFO - DAG(s) 'latest_only_with_trigger' retrieved from /home/sakana/anaconda3/envs/airflow_env/lib/python3.8/site-packages/airflow/example_dags/example_latest_only_with_trigger.py
[2024-11-11T00:26:12.392+0100] {logging_mixin.py:190} INFO - [2024-11-11T00:26:12.390+0100] {override.py:1901} INFO - Created Permission View: can edit on DAG:latest_only_with_trigger
[2024-11-11T00:26:12.426+0100] {logging_mixin.py:190} INFO - [2024-11-11T00:26:12.424+0100] {override.py:1901} INFO - Created Permission View: can read on DAG:latest_only_with_trigger
[2024-11-11T00:26:12.449+0100] {logging_mixin.py:190} INFO - [2024-11-11T00:26:12.448+0100] {override.py:1901} INFO - Created Permission View: can delete on DAG:latest_only_with_trigger
[2024-11-11T00:26:12.474+0100] {logging_mixin.py:190} INFO - [2024-11-11T00:26:12.473+0100] {override.py:1901} INFO - Created Permission View: can create on DAG Run:latest_only_with_trigger
[2024-11-11T00:26:12.490+0100] {logging_mixin.py:190} INFO - [2024-11-11T00:26:12.489+0100] {override.py:1901} INFO - Created Permission View: can read on DAG Run:latest_only_with_trigger
[2024-11-11T00:26:12.504+0100] {logging_mixin.py:190} INFO - [2024-11-11T00:26:12.504+0100] {override.py:1901} INFO - Created Permission View: can delete on DAG Run:latest_only_with_trigger
[2024-11-11T00:26:12.519+0100] {logging_mixin.py:190} INFO - [2024-11-11T00:26:12.519+0100] {override.py:1901} INFO - Created Permission View: menu access on DAG Run:latest_only_with_trigger
[2024-11-11T00:26:12.520+0100] {logging_mixin.py:190} INFO - [2024-11-11T00:26:12.520+0100] {dag.py:3239} INFO - Sync 1 DAGs
[2024-11-11T00:26:12.533+0100] {logging_mixin.py:190} INFO - [2024-11-11T00:26:12.533+0100] {dag.py:3262} INFO - Creating ORM DAG for latest_only_with_trigger
[2024-11-11T00:26:12.544+0100] {logging_mixin.py:190} INFO - [2024-11-11T00:26:12.544+0100] {dag.py:4180} INFO - Setting next_dagrun for latest_only_with_trigger to 2024-11-10 16:00:00+00:00, run_after=2024-11-10 20:00:00+00:00
[2024-11-11T00:26:12.573+0100] {processor.py:208} INFO - Processing /home/sakana/anaconda3/envs/airflow_env/lib/python3.8/site-packages/airflow/example_dags/example_latest_only_with_trigger.py took 0.333 seconds
[2024-11-11T00:27:20.198+0100] {processor.py:186} INFO - Started process (PID=6929) to work on /home/sakana/anaconda3/envs/airflow_env/lib/python3.8/site-packages/airflow/example_dags/example_latest_only_with_trigger.py
[2024-11-11T00:27:20.203+0100] {processor.py:914} INFO - Processing file /home/sakana/anaconda3/envs/airflow_env/lib/python3.8/site-packages/airflow/example_dags/example_latest_only_with_trigger.py for tasks to queue
[2024-11-11T00:27:20.206+0100] {logging_mixin.py:190} INFO - [2024-11-11T00:27:20.205+0100] {dagbag.py:588} INFO - Filling up the DagBag from /home/sakana/anaconda3/envs/airflow_env/lib/python3.8/site-packages/airflow/example_dags/example_latest_only_with_trigger.py
[2024-11-11T00:27:20.217+0100] {processor.py:925} INFO - DAG(s) 'latest_only_with_trigger' retrieved from /home/sakana/anaconda3/envs/airflow_env/lib/python3.8/site-packages/airflow/example_dags/example_latest_only_with_trigger.py
[2024-11-11T00:27:20.237+0100] {logging_mixin.py:190} INFO - [2024-11-11T00:27:20.236+0100] {dag.py:3239} INFO - Sync 1 DAGs
[2024-11-11T00:27:20.254+0100] {logging_mixin.py:190} INFO - [2024-11-11T00:27:20.253+0100] {dag.py:4180} INFO - Setting next_dagrun for latest_only_with_trigger to 2024-11-10 16:00:00+00:00, run_after=2024-11-10 20:00:00+00:00
[2024-11-11T00:27:20.279+0100] {processor.py:208} INFO - Processing /home/sakana/anaconda3/envs/airflow_env/lib/python3.8/site-packages/airflow/example_dags/example_latest_only_with_trigger.py took 0.092 seconds
[2024-11-11T00:28:16.756+0100] {processor.py:186} INFO - Started process (PID=7034) to work on /home/sakana/anaconda3/envs/airflow_env/lib/python3.8/site-packages/airflow/example_dags/example_latest_only_with_trigger.py
[2024-11-11T00:28:16.762+0100] {processor.py:914} INFO - Processing file /home/sakana/anaconda3/envs/airflow_env/lib/python3.8/site-packages/airflow/example_dags/example_latest_only_with_trigger.py for tasks to queue
[2024-11-11T00:28:16.769+0100] {logging_mixin.py:190} INFO - [2024-11-11T00:28:16.768+0100] {dagbag.py:588} INFO - Filling up the DagBag from /home/sakana/anaconda3/envs/airflow_env/lib/python3.8/site-packages/airflow/example_dags/example_latest_only_with_trigger.py
[2024-11-11T00:28:16.787+0100] {processor.py:925} INFO - DAG(s) 'latest_only_with_trigger' retrieved from /home/sakana/anaconda3/envs/airflow_env/lib/python3.8/site-packages/airflow/example_dags/example_latest_only_with_trigger.py
[2024-11-11T00:28:16.806+0100] {logging_mixin.py:190} INFO - [2024-11-11T00:28:16.805+0100] {dag.py:3239} INFO - Sync 1 DAGs
[2024-11-11T00:28:16.828+0100] {logging_mixin.py:190} INFO - [2024-11-11T00:28:16.828+0100] {dag.py:4180} INFO - Setting next_dagrun for latest_only_with_trigger to 2024-11-10 16:00:00+00:00, run_after=2024-11-10 20:00:00+00:00
[2024-11-11T00:28:16.845+0100] {processor.py:208} INFO - Processing /home/sakana/anaconda3/envs/airflow_env/lib/python3.8/site-packages/airflow/example_dags/example_latest_only_with_trigger.py took 0.097 seconds
[2024-11-11T00:29:14.973+0100] {processor.py:186} INFO - Started process (PID=7113) to work on /home/sakana/anaconda3/envs/airflow_env/lib/python3.8/site-packages/airflow/example_dags/example_latest_only_with_trigger.py
[2024-11-11T00:29:14.978+0100] {processor.py:914} INFO - Processing file /home/sakana/anaconda3/envs/airflow_env/lib/python3.8/site-packages/airflow/example_dags/example_latest_only_with_trigger.py for tasks to queue
[2024-11-11T00:29:14.981+0100] {logging_mixin.py:190} INFO - [2024-11-11T00:29:14.981+0100] {dagbag.py:588} INFO - Filling up the DagBag from /home/sakana/anaconda3/envs/airflow_env/lib/python3.8/site-packages/airflow/example_dags/example_latest_only_with_trigger.py
[2024-11-11T00:29:14.987+0100] {processor.py:925} INFO - DAG(s) 'latest_only_with_trigger' retrieved from /home/sakana/anaconda3/envs/airflow_env/lib/python3.8/site-packages/airflow/example_dags/example_latest_only_with_trigger.py
[2024-11-11T00:29:15.002+0100] {logging_mixin.py:190} INFO - [2024-11-11T00:29:15.001+0100] {dag.py:3239} INFO - Sync 1 DAGs
[2024-11-11T00:29:15.023+0100] {logging_mixin.py:190} INFO - [2024-11-11T00:29:15.023+0100] {dag.py:4180} INFO - Setting next_dagrun for latest_only_with_trigger to 2024-11-10 16:00:00+00:00, run_after=2024-11-10 20:00:00+00:00
[2024-11-11T00:29:15.040+0100] {processor.py:208} INFO - Processing /home/sakana/anaconda3/envs/airflow_env/lib/python3.8/site-packages/airflow/example_dags/example_latest_only_with_trigger.py took 0.073 seconds
[2024-11-11T00:30:07.075+0100] {processor.py:186} INFO - Started process (PID=7196) to work on /home/sakana/anaconda3/envs/airflow_env/lib/python3.8/site-packages/airflow/example_dags/example_latest_only_with_trigger.py
[2024-11-11T00:30:07.080+0100] {processor.py:914} INFO - Processing file /home/sakana/anaconda3/envs/airflow_env/lib/python3.8/site-packages/airflow/example_dags/example_latest_only_with_trigger.py for tasks to queue
[2024-11-11T00:30:07.085+0100] {logging_mixin.py:190} INFO - [2024-11-11T00:30:07.084+0100] {dagbag.py:588} INFO - Filling up the DagBag from /home/sakana/anaconda3/envs/airflow_env/lib/python3.8/site-packages/airflow/example_dags/example_latest_only_with_trigger.py
[2024-11-11T00:30:07.097+0100] {processor.py:925} INFO - DAG(s) 'latest_only_with_trigger' retrieved from /home/sakana/anaconda3/envs/airflow_env/lib/python3.8/site-packages/airflow/example_dags/example_latest_only_with_trigger.py
[2024-11-11T00:30:07.114+0100] {logging_mixin.py:190} INFO - [2024-11-11T00:30:07.114+0100] {dag.py:3239} INFO - Sync 1 DAGs
[2024-11-11T00:30:07.132+0100] {logging_mixin.py:190} INFO - [2024-11-11T00:30:07.132+0100] {dag.py:4180} INFO - Setting next_dagrun for latest_only_with_trigger to 2024-11-10 16:00:00+00:00, run_after=2024-11-10 20:00:00+00:00
[2024-11-11T00:30:07.150+0100] {processor.py:208} INFO - Processing /home/sakana/anaconda3/envs/airflow_env/lib/python3.8/site-packages/airflow/example_dags/example_latest_only_with_trigger.py took 0.084 seconds
[2024-11-11T00:31:05.103+0100] {processor.py:186} INFO - Started process (PID=7273) to work on /home/sakana/anaconda3/envs/airflow_env/lib/python3.8/site-packages/airflow/example_dags/example_latest_only_with_trigger.py
[2024-11-11T00:31:05.108+0100] {processor.py:914} INFO - Processing file /home/sakana/anaconda3/envs/airflow_env/lib/python3.8/site-packages/airflow/example_dags/example_latest_only_with_trigger.py for tasks to queue
[2024-11-11T00:31:05.111+0100] {logging_mixin.py:190} INFO - [2024-11-11T00:31:05.111+0100] {dagbag.py:588} INFO - Filling up the DagBag from /home/sakana/anaconda3/envs/airflow_env/lib/python3.8/site-packages/airflow/example_dags/example_latest_only_with_trigger.py
[2024-11-11T00:31:05.119+0100] {processor.py:925} INFO - DAG(s) 'latest_only_with_trigger' retrieved from /home/sakana/anaconda3/envs/airflow_env/lib/python3.8/site-packages/airflow/example_dags/example_latest_only_with_trigger.py
[2024-11-11T00:31:05.136+0100] {logging_mixin.py:190} INFO - [2024-11-11T00:31:05.135+0100] {dag.py:3239} INFO - Sync 1 DAGs
[2024-11-11T00:31:05.153+0100] {logging_mixin.py:190} INFO - [2024-11-11T00:31:05.152+0100] {dag.py:4180} INFO - Setting next_dagrun for latest_only_with_trigger to 2024-11-10 16:00:00+00:00, run_after=2024-11-10 20:00:00+00:00
[2024-11-11T00:31:05.169+0100] {processor.py:208} INFO - Processing /home/sakana/anaconda3/envs/airflow_env/lib/python3.8/site-packages/airflow/example_dags/example_latest_only_with_trigger.py took 0.073 seconds
[2024-11-11T00:32:01.868+0100] {processor.py:186} INFO - Started process (PID=7350) to work on /home/sakana/anaconda3/envs/airflow_env/lib/python3.8/site-packages/airflow/example_dags/example_latest_only_with_trigger.py
[2024-11-11T00:32:01.873+0100] {processor.py:914} INFO - Processing file /home/sakana/anaconda3/envs/airflow_env/lib/python3.8/site-packages/airflow/example_dags/example_latest_only_with_trigger.py for tasks to queue
[2024-11-11T00:32:01.882+0100] {logging_mixin.py:190} INFO - [2024-11-11T00:32:01.880+0100] {dagbag.py:588} INFO - Filling up the DagBag from /home/sakana/anaconda3/envs/airflow_env/lib/python3.8/site-packages/airflow/example_dags/example_latest_only_with_trigger.py
[2024-11-11T00:32:01.901+0100] {processor.py:925} INFO - DAG(s) 'latest_only_with_trigger' retrieved from /home/sakana/anaconda3/envs/airflow_env/lib/python3.8/site-packages/airflow/example_dags/example_latest_only_with_trigger.py
[2024-11-11T00:32:01.921+0100] {logging_mixin.py:190} INFO - [2024-11-11T00:32:01.921+0100] {dag.py:3239} INFO - Sync 1 DAGs
[2024-11-11T00:32:01.938+0100] {logging_mixin.py:190} INFO - [2024-11-11T00:32:01.938+0100] {dag.py:4180} INFO - Setting next_dagrun for latest_only_with_trigger to 2024-11-10 16:00:00+00:00, run_after=2024-11-10 20:00:00+00:00
[2024-11-11T00:32:01.955+0100] {processor.py:208} INFO - Processing /home/sakana/anaconda3/envs/airflow_env/lib/python3.8/site-packages/airflow/example_dags/example_latest_only_with_trigger.py took 0.093 seconds
[2024-11-11T00:32:56.279+0100] {processor.py:186} INFO - Started process (PID=7418) to work on /home/sakana/anaconda3/envs/airflow_env/lib/python3.8/site-packages/airflow/example_dags/example_latest_only_with_trigger.py
[2024-11-11T00:32:56.285+0100] {processor.py:914} INFO - Processing file /home/sakana/anaconda3/envs/airflow_env/lib/python3.8/site-packages/airflow/example_dags/example_latest_only_with_trigger.py for tasks to queue
[2024-11-11T00:32:56.292+0100] {logging_mixin.py:190} INFO - [2024-11-11T00:32:56.291+0100] {dagbag.py:588} INFO - Filling up the DagBag from /home/sakana/anaconda3/envs/airflow_env/lib/python3.8/site-packages/airflow/example_dags/example_latest_only_with_trigger.py
[2024-11-11T00:32:56.315+0100] {processor.py:925} INFO - DAG(s) 'latest_only_with_trigger' retrieved from /home/sakana/anaconda3/envs/airflow_env/lib/python3.8/site-packages/airflow/example_dags/example_latest_only_with_trigger.py
[2024-11-11T00:32:56.335+0100] {logging_mixin.py:190} INFO - [2024-11-11T00:32:56.335+0100] {dag.py:3239} INFO - Sync 1 DAGs
[2024-11-11T00:32:56.354+0100] {logging_mixin.py:190} INFO - [2024-11-11T00:32:56.353+0100] {dag.py:4180} INFO - Setting next_dagrun for latest_only_with_trigger to 2024-11-10 16:00:00+00:00, run_after=2024-11-10 20:00:00+00:00
[2024-11-11T00:32:56.370+0100] {processor.py:208} INFO - Processing /home/sakana/anaconda3/envs/airflow_env/lib/python3.8/site-packages/airflow/example_dags/example_latest_only_with_trigger.py took 0.095 seconds
[2024-11-11T00:33:54.429+0100] {processor.py:186} INFO - Started process (PID=7522) to work on /home/sakana/anaconda3/envs/airflow_env/lib/python3.8/site-packages/airflow/example_dags/example_latest_only_with_trigger.py
[2024-11-11T00:33:54.434+0100] {processor.py:914} INFO - Processing file /home/sakana/anaconda3/envs/airflow_env/lib/python3.8/site-packages/airflow/example_dags/example_latest_only_with_trigger.py for tasks to queue
[2024-11-11T00:33:54.436+0100] {logging_mixin.py:190} INFO - [2024-11-11T00:33:54.436+0100] {dagbag.py:588} INFO - Filling up the DagBag from /home/sakana/anaconda3/envs/airflow_env/lib/python3.8/site-packages/airflow/example_dags/example_latest_only_with_trigger.py
[2024-11-11T00:33:54.444+0100] {processor.py:925} INFO - DAG(s) 'latest_only_with_trigger' retrieved from /home/sakana/anaconda3/envs/airflow_env/lib/python3.8/site-packages/airflow/example_dags/example_latest_only_with_trigger.py
[2024-11-11T00:33:54.460+0100] {logging_mixin.py:190} INFO - [2024-11-11T00:33:54.460+0100] {dag.py:3239} INFO - Sync 1 DAGs
[2024-11-11T00:33:54.481+0100] {logging_mixin.py:190} INFO - [2024-11-11T00:33:54.481+0100] {dag.py:4180} INFO - Setting next_dagrun for latest_only_with_trigger to 2024-11-10 16:00:00+00:00, run_after=2024-11-10 20:00:00+00:00
[2024-11-11T00:33:54.499+0100] {processor.py:208} INFO - Processing /home/sakana/anaconda3/envs/airflow_env/lib/python3.8/site-packages/airflow/example_dags/example_latest_only_with_trigger.py took 0.076 seconds
[2024-11-11T00:34:50.696+0100] {processor.py:186} INFO - Started process (PID=7599) to work on /home/sakana/anaconda3/envs/airflow_env/lib/python3.8/site-packages/airflow/example_dags/example_latest_only_with_trigger.py
[2024-11-11T00:34:50.701+0100] {processor.py:914} INFO - Processing file /home/sakana/anaconda3/envs/airflow_env/lib/python3.8/site-packages/airflow/example_dags/example_latest_only_with_trigger.py for tasks to queue
[2024-11-11T00:34:50.704+0100] {logging_mixin.py:190} INFO - [2024-11-11T00:34:50.703+0100] {dagbag.py:588} INFO - Filling up the DagBag from /home/sakana/anaconda3/envs/airflow_env/lib/python3.8/site-packages/airflow/example_dags/example_latest_only_with_trigger.py
[2024-11-11T00:34:50.712+0100] {processor.py:925} INFO - DAG(s) 'latest_only_with_trigger' retrieved from /home/sakana/anaconda3/envs/airflow_env/lib/python3.8/site-packages/airflow/example_dags/example_latest_only_with_trigger.py
[2024-11-11T00:34:50.729+0100] {logging_mixin.py:190} INFO - [2024-11-11T00:34:50.729+0100] {dag.py:3239} INFO - Sync 1 DAGs
[2024-11-11T00:34:50.747+0100] {logging_mixin.py:190} INFO - [2024-11-11T00:34:50.747+0100] {dag.py:4180} INFO - Setting next_dagrun for latest_only_with_trigger to 2024-11-10 16:00:00+00:00, run_after=2024-11-10 20:00:00+00:00
[2024-11-11T00:34:50.777+0100] {processor.py:208} INFO - Processing /home/sakana/anaconda3/envs/airflow_env/lib/python3.8/site-packages/airflow/example_dags/example_latest_only_with_trigger.py took 0.088 seconds
[2024-11-11T00:35:43.938+0100] {processor.py:186} INFO - Started process (PID=7677) to work on /home/sakana/anaconda3/envs/airflow_env/lib/python3.8/site-packages/airflow/example_dags/example_latest_only_with_trigger.py
[2024-11-11T00:35:43.943+0100] {processor.py:914} INFO - Processing file /home/sakana/anaconda3/envs/airflow_env/lib/python3.8/site-packages/airflow/example_dags/example_latest_only_with_trigger.py for tasks to queue
[2024-11-11T00:35:43.947+0100] {logging_mixin.py:190} INFO - [2024-11-11T00:35:43.947+0100] {dagbag.py:588} INFO - Filling up the DagBag from /home/sakana/anaconda3/envs/airflow_env/lib/python3.8/site-packages/airflow/example_dags/example_latest_only_with_trigger.py
[2024-11-11T00:35:43.959+0100] {processor.py:925} INFO - DAG(s) 'latest_only_with_trigger' retrieved from /home/sakana/anaconda3/envs/airflow_env/lib/python3.8/site-packages/airflow/example_dags/example_latest_only_with_trigger.py
[2024-11-11T00:35:43.977+0100] {logging_mixin.py:190} INFO - [2024-11-11T00:35:43.977+0100] {dag.py:3239} INFO - Sync 1 DAGs
[2024-11-11T00:35:43.995+0100] {logging_mixin.py:190} INFO - [2024-11-11T00:35:43.995+0100] {dag.py:4180} INFO - Setting next_dagrun for latest_only_with_trigger to 2024-11-10 16:00:00+00:00, run_after=2024-11-10 20:00:00+00:00
[2024-11-11T00:35:44.019+0100] {processor.py:208} INFO - Processing /home/sakana/anaconda3/envs/airflow_env/lib/python3.8/site-packages/airflow/example_dags/example_latest_only_with_trigger.py took 0.091 seconds
[2024-11-11T00:36:39.353+0100] {processor.py:186} INFO - Started process (PID=7745) to work on /home/sakana/anaconda3/envs/airflow_env/lib/python3.8/site-packages/airflow/example_dags/example_latest_only_with_trigger.py
[2024-11-11T00:36:39.357+0100] {processor.py:914} INFO - Processing file /home/sakana/anaconda3/envs/airflow_env/lib/python3.8/site-packages/airflow/example_dags/example_latest_only_with_trigger.py for tasks to queue
[2024-11-11T00:36:39.360+0100] {logging_mixin.py:190} INFO - [2024-11-11T00:36:39.360+0100] {dagbag.py:588} INFO - Filling up the DagBag from /home/sakana/anaconda3/envs/airflow_env/lib/python3.8/site-packages/airflow/example_dags/example_latest_only_with_trigger.py
[2024-11-11T00:36:39.369+0100] {processor.py:925} INFO - DAG(s) 'latest_only_with_trigger' retrieved from /home/sakana/anaconda3/envs/airflow_env/lib/python3.8/site-packages/airflow/example_dags/example_latest_only_with_trigger.py
[2024-11-11T00:36:39.384+0100] {logging_mixin.py:190} INFO - [2024-11-11T00:36:39.384+0100] {dag.py:3239} INFO - Sync 1 DAGs
[2024-11-11T00:36:39.402+0100] {logging_mixin.py:190} INFO - [2024-11-11T00:36:39.402+0100] {dag.py:4180} INFO - Setting next_dagrun for latest_only_with_trigger to 2024-11-10 16:00:00+00:00, run_after=2024-11-10 20:00:00+00:00
[2024-11-11T00:36:39.426+0100] {processor.py:208} INFO - Processing /home/sakana/anaconda3/envs/airflow_env/lib/python3.8/site-packages/airflow/example_dags/example_latest_only_with_trigger.py took 0.080 seconds
[2024-11-11T00:37:37.639+0100] {processor.py:186} INFO - Started process (PID=7818) to work on /home/sakana/anaconda3/envs/airflow_env/lib/python3.8/site-packages/airflow/example_dags/example_latest_only_with_trigger.py
[2024-11-11T00:37:37.644+0100] {processor.py:914} INFO - Processing file /home/sakana/anaconda3/envs/airflow_env/lib/python3.8/site-packages/airflow/example_dags/example_latest_only_with_trigger.py for tasks to queue
[2024-11-11T00:37:37.648+0100] {logging_mixin.py:190} INFO - [2024-11-11T00:37:37.647+0100] {dagbag.py:588} INFO - Filling up the DagBag from /home/sakana/anaconda3/envs/airflow_env/lib/python3.8/site-packages/airflow/example_dags/example_latest_only_with_trigger.py
[2024-11-11T00:37:37.657+0100] {processor.py:925} INFO - DAG(s) 'latest_only_with_trigger' retrieved from /home/sakana/anaconda3/envs/airflow_env/lib/python3.8/site-packages/airflow/example_dags/example_latest_only_with_trigger.py
[2024-11-11T00:37:37.674+0100] {logging_mixin.py:190} INFO - [2024-11-11T00:37:37.674+0100] {dag.py:3239} INFO - Sync 1 DAGs
[2024-11-11T00:37:37.696+0100] {logging_mixin.py:190} INFO - [2024-11-11T00:37:37.695+0100] {dag.py:4180} INFO - Setting next_dagrun for latest_only_with_trigger to 2024-11-10 16:00:00+00:00, run_after=2024-11-10 20:00:00+00:00
[2024-11-11T00:37:37.719+0100] {processor.py:208} INFO - Processing /home/sakana/anaconda3/envs/airflow_env/lib/python3.8/site-packages/airflow/example_dags/example_latest_only_with_trigger.py took 0.089 seconds
[2024-11-11T00:38:31.797+0100] {processor.py:186} INFO - Started process (PID=7918) to work on /home/sakana/anaconda3/envs/airflow_env/lib/python3.8/site-packages/airflow/example_dags/example_latest_only_with_trigger.py
[2024-11-11T00:38:31.802+0100] {processor.py:914} INFO - Processing file /home/sakana/anaconda3/envs/airflow_env/lib/python3.8/site-packages/airflow/example_dags/example_latest_only_with_trigger.py for tasks to queue
[2024-11-11T00:38:31.804+0100] {logging_mixin.py:190} INFO - [2024-11-11T00:38:31.804+0100] {dagbag.py:588} INFO - Filling up the DagBag from /home/sakana/anaconda3/envs/airflow_env/lib/python3.8/site-packages/airflow/example_dags/example_latest_only_with_trigger.py
[2024-11-11T00:38:31.811+0100] {processor.py:925} INFO - DAG(s) 'latest_only_with_trigger' retrieved from /home/sakana/anaconda3/envs/airflow_env/lib/python3.8/site-packages/airflow/example_dags/example_latest_only_with_trigger.py
[2024-11-11T00:38:31.827+0100] {logging_mixin.py:190} INFO - [2024-11-11T00:38:31.827+0100] {dag.py:3239} INFO - Sync 1 DAGs
[2024-11-11T00:38:31.845+0100] {logging_mixin.py:190} INFO - [2024-11-11T00:38:31.845+0100] {dag.py:4180} INFO - Setting next_dagrun for latest_only_with_trigger to 2024-11-10 16:00:00+00:00, run_after=2024-11-10 20:00:00+00:00
[2024-11-11T00:38:31.873+0100] {processor.py:208} INFO - Processing /home/sakana/anaconda3/envs/airflow_env/lib/python3.8/site-packages/airflow/example_dags/example_latest_only_with_trigger.py took 0.083 seconds
[2024-11-11T00:39:27.889+0100] {processor.py:186} INFO - Started process (PID=8062) to work on /home/sakana/anaconda3/envs/airflow_env/lib/python3.8/site-packages/airflow/example_dags/example_latest_only_with_trigger.py
[2024-11-11T00:39:27.890+0100] {processor.py:914} INFO - Processing file /home/sakana/anaconda3/envs/airflow_env/lib/python3.8/site-packages/airflow/example_dags/example_latest_only_with_trigger.py for tasks to queue
[2024-11-11T00:39:27.893+0100] {logging_mixin.py:190} INFO - [2024-11-11T00:39:27.893+0100] {dagbag.py:588} INFO - Filling up the DagBag from /home/sakana/anaconda3/envs/airflow_env/lib/python3.8/site-packages/airflow/example_dags/example_latest_only_with_trigger.py
[2024-11-11T00:39:27.901+0100] {processor.py:925} INFO - DAG(s) 'latest_only_with_trigger' retrieved from /home/sakana/anaconda3/envs/airflow_env/lib/python3.8/site-packages/airflow/example_dags/example_latest_only_with_trigger.py
[2024-11-11T00:39:27.920+0100] {logging_mixin.py:190} INFO - [2024-11-11T00:39:27.920+0100] {dag.py:3239} INFO - Sync 1 DAGs
[2024-11-11T00:39:27.939+0100] {logging_mixin.py:190} INFO - [2024-11-11T00:39:27.938+0100] {dag.py:4180} INFO - Setting next_dagrun for latest_only_with_trigger to 2024-11-10 16:00:00+00:00, run_after=2024-11-10 20:00:00+00:00
[2024-11-11T00:39:27.965+0100] {processor.py:208} INFO - Processing /home/sakana/anaconda3/envs/airflow_env/lib/python3.8/site-packages/airflow/example_dags/example_latest_only_with_trigger.py took 0.084 seconds
[2024-11-11T00:40:23.002+0100] {processor.py:186} INFO - Started process (PID=8155) to work on /home/sakana/anaconda3/envs/airflow_env/lib/python3.8/site-packages/airflow/example_dags/example_latest_only_with_trigger.py
[2024-11-11T00:40:23.007+0100] {processor.py:914} INFO - Processing file /home/sakana/anaconda3/envs/airflow_env/lib/python3.8/site-packages/airflow/example_dags/example_latest_only_with_trigger.py for tasks to queue
[2024-11-11T00:40:23.009+0100] {logging_mixin.py:190} INFO - [2024-11-11T00:40:23.009+0100] {dagbag.py:588} INFO - Filling up the DagBag from /home/sakana/anaconda3/envs/airflow_env/lib/python3.8/site-packages/airflow/example_dags/example_latest_only_with_trigger.py
[2024-11-11T00:40:23.016+0100] {processor.py:925} INFO - DAG(s) 'latest_only_with_trigger' retrieved from /home/sakana/anaconda3/envs/airflow_env/lib/python3.8/site-packages/airflow/example_dags/example_latest_only_with_trigger.py
[2024-11-11T00:40:23.033+0100] {logging_mixin.py:190} INFO - [2024-11-11T00:40:23.033+0100] {dag.py:3239} INFO - Sync 1 DAGs
[2024-11-11T00:40:23.052+0100] {logging_mixin.py:190} INFO - [2024-11-11T00:40:23.052+0100] {dag.py:4180} INFO - Setting next_dagrun for latest_only_with_trigger to 2024-11-10 16:00:00+00:00, run_after=2024-11-10 20:00:00+00:00
[2024-11-11T00:40:23.077+0100] {processor.py:208} INFO - Processing /home/sakana/anaconda3/envs/airflow_env/lib/python3.8/site-packages/airflow/example_dags/example_latest_only_with_trigger.py took 0.080 seconds
[2024-11-11T00:43:28.843+0100] {processor.py:186} INFO - Started process (PID=8544) to work on /home/sakana/anaconda3/envs/airflow_env/lib/python3.8/site-packages/airflow/example_dags/example_latest_only_with_trigger.py
[2024-11-11T00:43:28.844+0100] {processor.py:914} INFO - Processing file /home/sakana/anaconda3/envs/airflow_env/lib/python3.8/site-packages/airflow/example_dags/example_latest_only_with_trigger.py for tasks to queue
[2024-11-11T00:43:28.846+0100] {logging_mixin.py:190} INFO - [2024-11-11T00:43:28.846+0100] {dagbag.py:588} INFO - Filling up the DagBag from /home/sakana/anaconda3/envs/airflow_env/lib/python3.8/site-packages/airflow/example_dags/example_latest_only_with_trigger.py
[2024-11-11T00:43:28.853+0100] {processor.py:925} INFO - DAG(s) 'latest_only_with_trigger' retrieved from /home/sakana/anaconda3/envs/airflow_env/lib/python3.8/site-packages/airflow/example_dags/example_latest_only_with_trigger.py
[2024-11-11T00:43:28.870+0100] {logging_mixin.py:190} INFO - [2024-11-11T00:43:28.870+0100] {dag.py:3239} INFO - Sync 1 DAGs
[2024-11-11T00:43:28.889+0100] {logging_mixin.py:190} INFO - [2024-11-11T00:43:28.889+0100] {dag.py:4180} INFO - Setting next_dagrun for latest_only_with_trigger to 2024-11-10 16:00:00+00:00, run_after=2024-11-10 20:00:00+00:00
[2024-11-11T00:43:28.911+0100] {processor.py:208} INFO - Processing /home/sakana/anaconda3/envs/airflow_env/lib/python3.8/site-packages/airflow/example_dags/example_latest_only_with_trigger.py took 0.075 seconds
[2024-11-11T00:45:55.626+0100] {processor.py:186} INFO - Started process (PID=8805) to work on /home/sakana/anaconda3/envs/airflow_env/lib/python3.8/site-packages/airflow/example_dags/example_latest_only_with_trigger.py
[2024-11-11T00:45:55.631+0100] {processor.py:914} INFO - Processing file /home/sakana/anaconda3/envs/airflow_env/lib/python3.8/site-packages/airflow/example_dags/example_latest_only_with_trigger.py for tasks to queue
[2024-11-11T00:45:55.634+0100] {logging_mixin.py:190} INFO - [2024-11-11T00:45:55.633+0100] {dagbag.py:588} INFO - Filling up the DagBag from /home/sakana/anaconda3/envs/airflow_env/lib/python3.8/site-packages/airflow/example_dags/example_latest_only_with_trigger.py
[2024-11-11T00:45:55.644+0100] {processor.py:925} INFO - DAG(s) 'latest_only_with_trigger' retrieved from /home/sakana/anaconda3/envs/airflow_env/lib/python3.8/site-packages/airflow/example_dags/example_latest_only_with_trigger.py
[2024-11-11T00:45:55.666+0100] {logging_mixin.py:190} INFO - [2024-11-11T00:45:55.666+0100] {dag.py:3239} INFO - Sync 1 DAGs
[2024-11-11T00:45:55.696+0100] {logging_mixin.py:190} INFO - [2024-11-11T00:45:55.695+0100] {dag.py:4180} INFO - Setting next_dagrun for latest_only_with_trigger to 2024-11-10 16:00:00+00:00, run_after=2024-11-10 20:00:00+00:00
[2024-11-11T00:45:55.717+0100] {processor.py:208} INFO - Processing /home/sakana/anaconda3/envs/airflow_env/lib/python3.8/site-packages/airflow/example_dags/example_latest_only_with_trigger.py took 0.100 seconds
[2024-11-11T00:46:52.866+0100] {processor.py:186} INFO - Started process (PID=8885) to work on /home/sakana/anaconda3/envs/airflow_env/lib/python3.8/site-packages/airflow/example_dags/example_latest_only_with_trigger.py
[2024-11-11T00:46:52.871+0100] {processor.py:914} INFO - Processing file /home/sakana/anaconda3/envs/airflow_env/lib/python3.8/site-packages/airflow/example_dags/example_latest_only_with_trigger.py for tasks to queue
[2024-11-11T00:46:52.880+0100] {logging_mixin.py:190} INFO - [2024-11-11T00:46:52.878+0100] {dagbag.py:588} INFO - Filling up the DagBag from /home/sakana/anaconda3/envs/airflow_env/lib/python3.8/site-packages/airflow/example_dags/example_latest_only_with_trigger.py
[2024-11-11T00:46:52.894+0100] {processor.py:925} INFO - DAG(s) 'latest_only_with_trigger' retrieved from /home/sakana/anaconda3/envs/airflow_env/lib/python3.8/site-packages/airflow/example_dags/example_latest_only_with_trigger.py
[2024-11-11T00:46:52.911+0100] {logging_mixin.py:190} INFO - [2024-11-11T00:46:52.911+0100] {dag.py:3239} INFO - Sync 1 DAGs
[2024-11-11T00:46:52.931+0100] {logging_mixin.py:190} INFO - [2024-11-11T00:46:52.930+0100] {dag.py:4180} INFO - Setting next_dagrun for latest_only_with_trigger to 2024-11-10 16:00:00+00:00, run_after=2024-11-10 20:00:00+00:00
[2024-11-11T00:46:52.952+0100] {processor.py:208} INFO - Processing /home/sakana/anaconda3/envs/airflow_env/lib/python3.8/site-packages/airflow/example_dags/example_latest_only_with_trigger.py took 0.093 seconds
[2024-11-11T00:47:50.614+0100] {processor.py:186} INFO - Started process (PID=8960) to work on /home/sakana/anaconda3/envs/airflow_env/lib/python3.8/site-packages/airflow/example_dags/example_latest_only_with_trigger.py
[2024-11-11T00:47:50.619+0100] {processor.py:914} INFO - Processing file /home/sakana/anaconda3/envs/airflow_env/lib/python3.8/site-packages/airflow/example_dags/example_latest_only_with_trigger.py for tasks to queue
[2024-11-11T00:47:50.622+0100] {logging_mixin.py:190} INFO - [2024-11-11T00:47:50.622+0100] {dagbag.py:588} INFO - Filling up the DagBag from /home/sakana/anaconda3/envs/airflow_env/lib/python3.8/site-packages/airflow/example_dags/example_latest_only_with_trigger.py
[2024-11-11T00:47:50.632+0100] {processor.py:925} INFO - DAG(s) 'latest_only_with_trigger' retrieved from /home/sakana/anaconda3/envs/airflow_env/lib/python3.8/site-packages/airflow/example_dags/example_latest_only_with_trigger.py
[2024-11-11T00:47:50.651+0100] {logging_mixin.py:190} INFO - [2024-11-11T00:47:50.651+0100] {dag.py:3239} INFO - Sync 1 DAGs
[2024-11-11T00:47:50.671+0100] {logging_mixin.py:190} INFO - [2024-11-11T00:47:50.670+0100] {dag.py:4180} INFO - Setting next_dagrun for latest_only_with_trigger to 2024-11-10 16:00:00+00:00, run_after=2024-11-10 20:00:00+00:00
[2024-11-11T00:47:50.696+0100] {processor.py:208} INFO - Processing /home/sakana/anaconda3/envs/airflow_env/lib/python3.8/site-packages/airflow/example_dags/example_latest_only_with_trigger.py took 0.090 seconds
[2024-11-11T00:48:47.906+0100] {processor.py:186} INFO - Started process (PID=9066) to work on /home/sakana/anaconda3/envs/airflow_env/lib/python3.8/site-packages/airflow/example_dags/example_latest_only_with_trigger.py
[2024-11-11T00:48:47.911+0100] {processor.py:914} INFO - Processing file /home/sakana/anaconda3/envs/airflow_env/lib/python3.8/site-packages/airflow/example_dags/example_latest_only_with_trigger.py for tasks to queue
[2024-11-11T00:48:47.914+0100] {logging_mixin.py:190} INFO - [2024-11-11T00:48:47.914+0100] {dagbag.py:588} INFO - Filling up the DagBag from /home/sakana/anaconda3/envs/airflow_env/lib/python3.8/site-packages/airflow/example_dags/example_latest_only_with_trigger.py
[2024-11-11T00:48:47.926+0100] {processor.py:925} INFO - DAG(s) 'latest_only_with_trigger' retrieved from /home/sakana/anaconda3/envs/airflow_env/lib/python3.8/site-packages/airflow/example_dags/example_latest_only_with_trigger.py
[2024-11-11T00:48:47.945+0100] {logging_mixin.py:190} INFO - [2024-11-11T00:48:47.945+0100] {dag.py:3239} INFO - Sync 1 DAGs
[2024-11-11T00:48:47.968+0100] {logging_mixin.py:190} INFO - [2024-11-11T00:48:47.967+0100] {dag.py:4180} INFO - Setting next_dagrun for latest_only_with_trigger to 2024-11-10 16:00:00+00:00, run_after=2024-11-10 20:00:00+00:00
[2024-11-11T00:48:47.995+0100] {processor.py:208} INFO - Processing /home/sakana/anaconda3/envs/airflow_env/lib/python3.8/site-packages/airflow/example_dags/example_latest_only_with_trigger.py took 0.097 seconds
[2024-11-11T00:49:45.063+0100] {processor.py:186} INFO - Started process (PID=9411) to work on /home/sakana/anaconda3/envs/airflow_env/lib/python3.8/site-packages/airflow/example_dags/example_latest_only_with_trigger.py
[2024-11-11T00:49:45.068+0100] {processor.py:914} INFO - Processing file /home/sakana/anaconda3/envs/airflow_env/lib/python3.8/site-packages/airflow/example_dags/example_latest_only_with_trigger.py for tasks to queue
[2024-11-11T00:49:45.077+0100] {logging_mixin.py:190} INFO - [2024-11-11T00:49:45.075+0100] {dagbag.py:588} INFO - Filling up the DagBag from /home/sakana/anaconda3/envs/airflow_env/lib/python3.8/site-packages/airflow/example_dags/example_latest_only_with_trigger.py
[2024-11-11T00:49:45.107+0100] {processor.py:925} INFO - DAG(s) 'latest_only_with_trigger' retrieved from /home/sakana/anaconda3/envs/airflow_env/lib/python3.8/site-packages/airflow/example_dags/example_latest_only_with_trigger.py
[2024-11-11T00:49:45.162+0100] {logging_mixin.py:190} INFO - [2024-11-11T00:49:45.161+0100] {dag.py:3239} INFO - Sync 1 DAGs
[2024-11-11T00:49:45.187+0100] {logging_mixin.py:190} INFO - [2024-11-11T00:49:45.187+0100] {dag.py:4180} INFO - Setting next_dagrun for latest_only_with_trigger to 2024-11-10 16:00:00+00:00, run_after=2024-11-10 20:00:00+00:00
[2024-11-11T00:49:45.217+0100] {processor.py:208} INFO - Processing /home/sakana/anaconda3/envs/airflow_env/lib/python3.8/site-packages/airflow/example_dags/example_latest_only_with_trigger.py took 0.164 seconds
[2024-11-11T00:50:45.421+0100] {processor.py:186} INFO - Started process (PID=9514) to work on /home/sakana/anaconda3/envs/airflow_env/lib/python3.8/site-packages/airflow/example_dags/example_latest_only_with_trigger.py
[2024-11-11T00:50:45.427+0100] {processor.py:914} INFO - Processing file /home/sakana/anaconda3/envs/airflow_env/lib/python3.8/site-packages/airflow/example_dags/example_latest_only_with_trigger.py for tasks to queue
[2024-11-11T00:50:45.432+0100] {logging_mixin.py:190} INFO - [2024-11-11T00:50:45.431+0100] {dagbag.py:588} INFO - Filling up the DagBag from /home/sakana/anaconda3/envs/airflow_env/lib/python3.8/site-packages/airflow/example_dags/example_latest_only_with_trigger.py
[2024-11-11T00:50:45.450+0100] {processor.py:925} INFO - DAG(s) 'latest_only_with_trigger' retrieved from /home/sakana/anaconda3/envs/airflow_env/lib/python3.8/site-packages/airflow/example_dags/example_latest_only_with_trigger.py
[2024-11-11T00:50:45.489+0100] {logging_mixin.py:190} INFO - [2024-11-11T00:50:45.488+0100] {dag.py:3239} INFO - Sync 1 DAGs
[2024-11-11T00:50:45.516+0100] {logging_mixin.py:190} INFO - [2024-11-11T00:50:45.516+0100] {dag.py:4180} INFO - Setting next_dagrun for latest_only_with_trigger to 2024-11-10 16:00:00+00:00, run_after=2024-11-10 20:00:00+00:00
[2024-11-11T00:50:45.543+0100] {processor.py:208} INFO - Processing /home/sakana/anaconda3/envs/airflow_env/lib/python3.8/site-packages/airflow/example_dags/example_latest_only_with_trigger.py took 0.140 seconds
[2024-11-11T00:51:44.034+0100] {processor.py:186} INFO - Started process (PID=9615) to work on /home/sakana/anaconda3/envs/airflow_env/lib/python3.8/site-packages/airflow/example_dags/example_latest_only_with_trigger.py
[2024-11-11T00:51:44.039+0100] {processor.py:914} INFO - Processing file /home/sakana/anaconda3/envs/airflow_env/lib/python3.8/site-packages/airflow/example_dags/example_latest_only_with_trigger.py for tasks to queue
[2024-11-11T00:51:44.048+0100] {logging_mixin.py:190} INFO - [2024-11-11T00:51:44.046+0100] {dagbag.py:588} INFO - Filling up the DagBag from /home/sakana/anaconda3/envs/airflow_env/lib/python3.8/site-packages/airflow/example_dags/example_latest_only_with_trigger.py
[2024-11-11T00:51:44.063+0100] {processor.py:925} INFO - DAG(s) 'latest_only_with_trigger' retrieved from /home/sakana/anaconda3/envs/airflow_env/lib/python3.8/site-packages/airflow/example_dags/example_latest_only_with_trigger.py
[2024-11-11T00:51:44.082+0100] {logging_mixin.py:190} INFO - [2024-11-11T00:51:44.082+0100] {dag.py:3239} INFO - Sync 1 DAGs
[2024-11-11T00:51:44.107+0100] {logging_mixin.py:190} INFO - [2024-11-11T00:51:44.107+0100] {dag.py:4180} INFO - Setting next_dagrun for latest_only_with_trigger to 2024-11-10 16:00:00+00:00, run_after=2024-11-10 20:00:00+00:00
[2024-11-11T00:51:44.131+0100] {processor.py:208} INFO - Processing /home/sakana/anaconda3/envs/airflow_env/lib/python3.8/site-packages/airflow/example_dags/example_latest_only_with_trigger.py took 0.105 seconds
[2024-11-11T00:52:39.504+0100] {processor.py:186} INFO - Started process (PID=9801) to work on /home/sakana/anaconda3/envs/airflow_env/lib/python3.8/site-packages/airflow/example_dags/example_latest_only_with_trigger.py
[2024-11-11T00:52:39.505+0100] {processor.py:914} INFO - Processing file /home/sakana/anaconda3/envs/airflow_env/lib/python3.8/site-packages/airflow/example_dags/example_latest_only_with_trigger.py for tasks to queue
[2024-11-11T00:52:39.509+0100] {logging_mixin.py:190} INFO - [2024-11-11T00:52:39.509+0100] {dagbag.py:588} INFO - Filling up the DagBag from /home/sakana/anaconda3/envs/airflow_env/lib/python3.8/site-packages/airflow/example_dags/example_latest_only_with_trigger.py
[2024-11-11T00:52:39.520+0100] {processor.py:925} INFO - DAG(s) 'latest_only_with_trigger' retrieved from /home/sakana/anaconda3/envs/airflow_env/lib/python3.8/site-packages/airflow/example_dags/example_latest_only_with_trigger.py
[2024-11-11T00:52:39.545+0100] {logging_mixin.py:190} INFO - [2024-11-11T00:52:39.545+0100] {dag.py:3239} INFO - Sync 1 DAGs
[2024-11-11T00:52:39.581+0100] {logging_mixin.py:190} INFO - [2024-11-11T00:52:39.581+0100] {dag.py:4180} INFO - Setting next_dagrun for latest_only_with_trigger to 2024-11-10 16:00:00+00:00, run_after=2024-11-10 20:00:00+00:00
[2024-11-11T00:52:39.629+0100] {processor.py:208} INFO - Processing /home/sakana/anaconda3/envs/airflow_env/lib/python3.8/site-packages/airflow/example_dags/example_latest_only_with_trigger.py took 0.137 seconds
[2024-11-11T00:53:40.911+0100] {processor.py:186} INFO - Started process (PID=9893) to work on /home/sakana/anaconda3/envs/airflow_env/lib/python3.8/site-packages/airflow/example_dags/example_latest_only_with_trigger.py
[2024-11-11T00:53:40.916+0100] {processor.py:914} INFO - Processing file /home/sakana/anaconda3/envs/airflow_env/lib/python3.8/site-packages/airflow/example_dags/example_latest_only_with_trigger.py for tasks to queue
[2024-11-11T00:53:40.919+0100] {logging_mixin.py:190} INFO - [2024-11-11T00:53:40.919+0100] {dagbag.py:588} INFO - Filling up the DagBag from /home/sakana/anaconda3/envs/airflow_env/lib/python3.8/site-packages/airflow/example_dags/example_latest_only_with_trigger.py
[2024-11-11T00:53:40.927+0100] {processor.py:925} INFO - DAG(s) 'latest_only_with_trigger' retrieved from /home/sakana/anaconda3/envs/airflow_env/lib/python3.8/site-packages/airflow/example_dags/example_latest_only_with_trigger.py
[2024-11-11T00:53:40.942+0100] {logging_mixin.py:190} INFO - [2024-11-11T00:53:40.942+0100] {dag.py:3239} INFO - Sync 1 DAGs
[2024-11-11T00:53:40.960+0100] {logging_mixin.py:190} INFO - [2024-11-11T00:53:40.960+0100] {dag.py:4180} INFO - Setting next_dagrun for latest_only_with_trigger to 2024-11-10 16:00:00+00:00, run_after=2024-11-10 20:00:00+00:00
[2024-11-11T00:53:40.986+0100] {processor.py:208} INFO - Processing /home/sakana/anaconda3/envs/airflow_env/lib/python3.8/site-packages/airflow/example_dags/example_latest_only_with_trigger.py took 0.083 seconds
