[2024-11-11T00:26:09.138+0100] {processor.py:186} INFO - Started process (PID=6782) to work on /home/sakana/anaconda3/envs/airflow_env/lib/python3.8/site-packages/airflow/example_dags/example_dataset_alias.py
[2024-11-11T00:26:09.139+0100] {processor.py:914} INFO - Processing file /home/sakana/anaconda3/envs/airflow_env/lib/python3.8/site-packages/airflow/example_dags/example_dataset_alias.py for tasks to queue
[2024-11-11T00:26:09.142+0100] {logging_mixin.py:190} INFO - [2024-11-11T00:26:09.141+0100] {dagbag.py:588} INFO - Filling up the DagBag from /home/sakana/anaconda3/envs/airflow_env/lib/python3.8/site-packages/airflow/example_dags/example_dataset_alias.py
[2024-11-11T00:26:09.161+0100] {processor.py:925} INFO - DAG(s) 'dataset_alias_example_alias_consumer', 'dataset_s3_bucket_consumer', 'dataset_s3_bucket_producer', 'dataset_alias_example_alias_producer' retrieved from /home/sakana/anaconda3/envs/airflow_env/lib/python3.8/site-packages/airflow/example_dags/example_dataset_alias.py
[2024-11-11T00:26:09.260+0100] {logging_mixin.py:190} INFO - [2024-11-11T00:26:09.260+0100] {override.py:1901} INFO - Created Permission View: can edit on DAG:dataset_alias_example_alias_consumer
[2024-11-11T00:26:09.278+0100] {logging_mixin.py:190} INFO - [2024-11-11T00:26:09.277+0100] {override.py:1901} INFO - Created Permission View: can read on DAG:dataset_alias_example_alias_consumer
[2024-11-11T00:26:09.292+0100] {logging_mixin.py:190} INFO - [2024-11-11T00:26:09.292+0100] {override.py:1901} INFO - Created Permission View: can delete on DAG:dataset_alias_example_alias_consumer
[2024-11-11T00:26:09.318+0100] {logging_mixin.py:190} INFO - [2024-11-11T00:26:09.317+0100] {override.py:1901} INFO - Created Permission View: can create on DAG Run:dataset_alias_example_alias_consumer
[2024-11-11T00:26:09.332+0100] {logging_mixin.py:190} INFO - [2024-11-11T00:26:09.332+0100] {override.py:1901} INFO - Created Permission View: can read on DAG Run:dataset_alias_example_alias_consumer
[2024-11-11T00:26:09.347+0100] {logging_mixin.py:190} INFO - [2024-11-11T00:26:09.347+0100] {override.py:1901} INFO - Created Permission View: can delete on DAG Run:dataset_alias_example_alias_consumer
[2024-11-11T00:26:09.362+0100] {logging_mixin.py:190} INFO - [2024-11-11T00:26:09.362+0100] {override.py:1901} INFO - Created Permission View: menu access on DAG Run:dataset_alias_example_alias_consumer
[2024-11-11T00:26:09.400+0100] {logging_mixin.py:190} INFO - [2024-11-11T00:26:09.399+0100] {override.py:1901} INFO - Created Permission View: can edit on DAG:dataset_s3_bucket_consumer
[2024-11-11T00:26:09.418+0100] {logging_mixin.py:190} INFO - [2024-11-11T00:26:09.418+0100] {override.py:1901} INFO - Created Permission View: can read on DAG:dataset_s3_bucket_consumer
[2024-11-11T00:26:09.435+0100] {logging_mixin.py:190} INFO - [2024-11-11T00:26:09.435+0100] {override.py:1901} INFO - Created Permission View: can delete on DAG:dataset_s3_bucket_consumer
[2024-11-11T00:26:09.460+0100] {logging_mixin.py:190} INFO - [2024-11-11T00:26:09.460+0100] {override.py:1901} INFO - Created Permission View: can create on DAG Run:dataset_s3_bucket_consumer
[2024-11-11T00:26:09.476+0100] {logging_mixin.py:190} INFO - [2024-11-11T00:26:09.475+0100] {override.py:1901} INFO - Created Permission View: can read on DAG Run:dataset_s3_bucket_consumer
[2024-11-11T00:26:09.503+0100] {logging_mixin.py:190} INFO - [2024-11-11T00:26:09.502+0100] {override.py:1901} INFO - Created Permission View: can delete on DAG Run:dataset_s3_bucket_consumer
[2024-11-11T00:26:09.522+0100] {logging_mixin.py:190} INFO - [2024-11-11T00:26:09.522+0100] {override.py:1901} INFO - Created Permission View: menu access on DAG Run:dataset_s3_bucket_consumer
[2024-11-11T00:26:09.554+0100] {logging_mixin.py:190} INFO - [2024-11-11T00:26:09.553+0100] {override.py:1901} INFO - Created Permission View: can edit on DAG:dataset_s3_bucket_producer
[2024-11-11T00:26:09.570+0100] {logging_mixin.py:190} INFO - [2024-11-11T00:26:09.569+0100] {override.py:1901} INFO - Created Permission View: can read on DAG:dataset_s3_bucket_producer
[2024-11-11T00:26:09.595+0100] {logging_mixin.py:190} INFO - [2024-11-11T00:26:09.594+0100] {override.py:1901} INFO - Created Permission View: can delete on DAG:dataset_s3_bucket_producer
[2024-11-11T00:26:09.630+0100] {logging_mixin.py:190} INFO - [2024-11-11T00:26:09.629+0100] {override.py:1901} INFO - Created Permission View: can create on DAG Run:dataset_s3_bucket_producer
[2024-11-11T00:26:09.652+0100] {logging_mixin.py:190} INFO - [2024-11-11T00:26:09.652+0100] {override.py:1901} INFO - Created Permission View: can read on DAG Run:dataset_s3_bucket_producer
[2024-11-11T00:26:09.667+0100] {logging_mixin.py:190} INFO - [2024-11-11T00:26:09.666+0100] {override.py:1901} INFO - Created Permission View: can delete on DAG Run:dataset_s3_bucket_producer
[2024-11-11T00:26:09.683+0100] {logging_mixin.py:190} INFO - [2024-11-11T00:26:09.682+0100] {override.py:1901} INFO - Created Permission View: menu access on DAG Run:dataset_s3_bucket_producer
[2024-11-11T00:26:09.729+0100] {logging_mixin.py:190} INFO - [2024-11-11T00:26:09.729+0100] {override.py:1901} INFO - Created Permission View: can edit on DAG:dataset_alias_example_alias_producer
[2024-11-11T00:26:09.746+0100] {logging_mixin.py:190} INFO - [2024-11-11T00:26:09.745+0100] {override.py:1901} INFO - Created Permission View: can read on DAG:dataset_alias_example_alias_producer
[2024-11-11T00:26:09.759+0100] {logging_mixin.py:190} INFO - [2024-11-11T00:26:09.759+0100] {override.py:1901} INFO - Created Permission View: can delete on DAG:dataset_alias_example_alias_producer
[2024-11-11T00:26:09.790+0100] {logging_mixin.py:190} INFO - [2024-11-11T00:26:09.789+0100] {override.py:1901} INFO - Created Permission View: can create on DAG Run:dataset_alias_example_alias_producer
[2024-11-11T00:26:09.809+0100] {logging_mixin.py:190} INFO - [2024-11-11T00:26:09.808+0100] {override.py:1901} INFO - Created Permission View: can read on DAG Run:dataset_alias_example_alias_producer
[2024-11-11T00:26:09.825+0100] {logging_mixin.py:190} INFO - [2024-11-11T00:26:09.823+0100] {override.py:1901} INFO - Created Permission View: can delete on DAG Run:dataset_alias_example_alias_producer
[2024-11-11T00:26:09.853+0100] {logging_mixin.py:190} INFO - [2024-11-11T00:26:09.852+0100] {override.py:1901} INFO - Created Permission View: menu access on DAG Run:dataset_alias_example_alias_producer
[2024-11-11T00:26:09.854+0100] {logging_mixin.py:190} INFO - [2024-11-11T00:26:09.854+0100] {dag.py:3239} INFO - Sync 4 DAGs
[2024-11-11T00:26:09.873+0100] {logging_mixin.py:190} INFO - [2024-11-11T00:26:09.872+0100] {dag.py:3262} INFO - Creating ORM DAG for dataset_s3_bucket_consumer
[2024-11-11T00:26:09.873+0100] {logging_mixin.py:190} INFO - [2024-11-11T00:26:09.873+0100] {dag.py:3262} INFO - Creating ORM DAG for dataset_alias_example_alias_producer
[2024-11-11T00:26:09.874+0100] {logging_mixin.py:190} INFO - [2024-11-11T00:26:09.874+0100] {dag.py:3262} INFO - Creating ORM DAG for dataset_s3_bucket_producer
[2024-11-11T00:26:09.874+0100] {logging_mixin.py:190} INFO - [2024-11-11T00:26:09.874+0100] {dag.py:3262} INFO - Creating ORM DAG for dataset_alias_example_alias_consumer
[2024-11-11T00:26:09.883+0100] {logging_mixin.py:190} INFO - [2024-11-11T00:26:09.882+0100] {dag.py:4180} INFO - Setting next_dagrun for dataset_alias_example_alias_consumer to None, run_after=None
[2024-11-11T00:26:09.884+0100] {logging_mixin.py:190} INFO - [2024-11-11T00:26:09.883+0100] {dag.py:4180} INFO - Setting next_dagrun for dataset_alias_example_alias_producer to None, run_after=None
[2024-11-11T00:26:09.885+0100] {logging_mixin.py:190} INFO - [2024-11-11T00:26:09.884+0100] {dag.py:4180} INFO - Setting next_dagrun for dataset_s3_bucket_consumer to None, run_after=None
[2024-11-11T00:26:09.885+0100] {logging_mixin.py:190} INFO - [2024-11-11T00:26:09.885+0100] {dag.py:4180} INFO - Setting next_dagrun for dataset_s3_bucket_producer to None, run_after=None
[2024-11-11T00:26:09.919+0100] {processor.py:208} INFO - Processing /home/sakana/anaconda3/envs/airflow_env/lib/python3.8/site-packages/airflow/example_dags/example_dataset_alias.py took 0.788 seconds
[2024-11-11T00:27:18.349+0100] {processor.py:186} INFO - Started process (PID=6927) to work on /home/sakana/anaconda3/envs/airflow_env/lib/python3.8/site-packages/airflow/example_dags/example_dataset_alias.py
[2024-11-11T00:27:18.354+0100] {processor.py:914} INFO - Processing file /home/sakana/anaconda3/envs/airflow_env/lib/python3.8/site-packages/airflow/example_dags/example_dataset_alias.py for tasks to queue
[2024-11-11T00:27:18.357+0100] {logging_mixin.py:190} INFO - [2024-11-11T00:27:18.357+0100] {dagbag.py:588} INFO - Filling up the DagBag from /home/sakana/anaconda3/envs/airflow_env/lib/python3.8/site-packages/airflow/example_dags/example_dataset_alias.py
[2024-11-11T00:27:18.384+0100] {processor.py:925} INFO - DAG(s) 'dataset_alias_example_alias_consumer', 'dataset_s3_bucket_consumer', 'dataset_s3_bucket_producer', 'dataset_alias_example_alias_producer' retrieved from /home/sakana/anaconda3/envs/airflow_env/lib/python3.8/site-packages/airflow/example_dags/example_dataset_alias.py
[2024-11-11T00:27:18.408+0100] {logging_mixin.py:190} INFO - [2024-11-11T00:27:18.408+0100] {dag.py:3239} INFO - Sync 4 DAGs
[2024-11-11T00:27:18.427+0100] {logging_mixin.py:190} INFO - [2024-11-11T00:27:18.427+0100] {dag.py:4180} INFO - Setting next_dagrun for dataset_alias_example_alias_consumer to None, run_after=None
[2024-11-11T00:27:18.429+0100] {logging_mixin.py:190} INFO - [2024-11-11T00:27:18.429+0100] {dag.py:4180} INFO - Setting next_dagrun for dataset_alias_example_alias_producer to None, run_after=None
[2024-11-11T00:27:18.430+0100] {logging_mixin.py:190} INFO - [2024-11-11T00:27:18.429+0100] {dag.py:4180} INFO - Setting next_dagrun for dataset_s3_bucket_consumer to None, run_after=None
[2024-11-11T00:27:18.431+0100] {logging_mixin.py:190} INFO - [2024-11-11T00:27:18.431+0100] {dag.py:4180} INFO - Setting next_dagrun for dataset_s3_bucket_producer to None, run_after=None
[2024-11-11T00:27:18.450+0100] {processor.py:208} INFO - Processing /home/sakana/anaconda3/envs/airflow_env/lib/python3.8/site-packages/airflow/example_dags/example_dataset_alias.py took 0.109 seconds
[2024-11-11T00:28:14.324+0100] {processor.py:186} INFO - Started process (PID=7032) to work on /home/sakana/anaconda3/envs/airflow_env/lib/python3.8/site-packages/airflow/example_dags/example_dataset_alias.py
[2024-11-11T00:28:14.330+0100] {processor.py:914} INFO - Processing file /home/sakana/anaconda3/envs/airflow_env/lib/python3.8/site-packages/airflow/example_dags/example_dataset_alias.py for tasks to queue
[2024-11-11T00:28:14.333+0100] {logging_mixin.py:190} INFO - [2024-11-11T00:28:14.332+0100] {dagbag.py:588} INFO - Filling up the DagBag from /home/sakana/anaconda3/envs/airflow_env/lib/python3.8/site-packages/airflow/example_dags/example_dataset_alias.py
[2024-11-11T00:28:14.364+0100] {processor.py:925} INFO - DAG(s) 'dataset_s3_bucket_consumer', 'dataset_alias_example_alias_producer', 'dataset_alias_example_alias_consumer', 'dataset_s3_bucket_producer' retrieved from /home/sakana/anaconda3/envs/airflow_env/lib/python3.8/site-packages/airflow/example_dags/example_dataset_alias.py
[2024-11-11T00:28:14.384+0100] {logging_mixin.py:190} INFO - [2024-11-11T00:28:14.383+0100] {dag.py:3239} INFO - Sync 4 DAGs
[2024-11-11T00:28:14.406+0100] {logging_mixin.py:190} INFO - [2024-11-11T00:28:14.406+0100] {dag.py:4180} INFO - Setting next_dagrun for dataset_alias_example_alias_consumer to None, run_after=None
[2024-11-11T00:28:14.408+0100] {logging_mixin.py:190} INFO - [2024-11-11T00:28:14.408+0100] {dag.py:4180} INFO - Setting next_dagrun for dataset_alias_example_alias_producer to None, run_after=None
[2024-11-11T00:28:14.409+0100] {logging_mixin.py:190} INFO - [2024-11-11T00:28:14.409+0100] {dag.py:4180} INFO - Setting next_dagrun for dataset_s3_bucket_consumer to None, run_after=None
[2024-11-11T00:28:14.410+0100] {logging_mixin.py:190} INFO - [2024-11-11T00:28:14.409+0100] {dag.py:4180} INFO - Setting next_dagrun for dataset_s3_bucket_producer to None, run_after=None
[2024-11-11T00:28:14.430+0100] {processor.py:208} INFO - Processing /home/sakana/anaconda3/envs/airflow_env/lib/python3.8/site-packages/airflow/example_dags/example_dataset_alias.py took 0.116 seconds
[2024-11-11T00:29:13.394+0100] {processor.py:186} INFO - Started process (PID=7111) to work on /home/sakana/anaconda3/envs/airflow_env/lib/python3.8/site-packages/airflow/example_dags/example_dataset_alias.py
[2024-11-11T00:29:13.399+0100] {processor.py:914} INFO - Processing file /home/sakana/anaconda3/envs/airflow_env/lib/python3.8/site-packages/airflow/example_dags/example_dataset_alias.py for tasks to queue
[2024-11-11T00:29:13.407+0100] {logging_mixin.py:190} INFO - [2024-11-11T00:29:13.406+0100] {dagbag.py:588} INFO - Filling up the DagBag from /home/sakana/anaconda3/envs/airflow_env/lib/python3.8/site-packages/airflow/example_dags/example_dataset_alias.py
[2024-11-11T00:29:13.446+0100] {processor.py:925} INFO - DAG(s) 'dataset_s3_bucket_producer', 'dataset_alias_example_alias_consumer', 'dataset_alias_example_alias_producer', 'dataset_s3_bucket_consumer' retrieved from /home/sakana/anaconda3/envs/airflow_env/lib/python3.8/site-packages/airflow/example_dags/example_dataset_alias.py
[2024-11-11T00:29:13.465+0100] {logging_mixin.py:190} INFO - [2024-11-11T00:29:13.465+0100] {dag.py:3239} INFO - Sync 4 DAGs
[2024-11-11T00:29:13.482+0100] {logging_mixin.py:190} INFO - [2024-11-11T00:29:13.482+0100] {dag.py:4180} INFO - Setting next_dagrun for dataset_alias_example_alias_consumer to None, run_after=None
[2024-11-11T00:29:13.484+0100] {logging_mixin.py:190} INFO - [2024-11-11T00:29:13.484+0100] {dag.py:4180} INFO - Setting next_dagrun for dataset_alias_example_alias_producer to None, run_after=None
[2024-11-11T00:29:13.485+0100] {logging_mixin.py:190} INFO - [2024-11-11T00:29:13.484+0100] {dag.py:4180} INFO - Setting next_dagrun for dataset_s3_bucket_consumer to None, run_after=None
[2024-11-11T00:29:13.485+0100] {logging_mixin.py:190} INFO - [2024-11-11T00:29:13.485+0100] {dag.py:4180} INFO - Setting next_dagrun for dataset_s3_bucket_producer to None, run_after=None
[2024-11-11T00:29:13.508+0100] {processor.py:208} INFO - Processing /home/sakana/anaconda3/envs/airflow_env/lib/python3.8/site-packages/airflow/example_dags/example_dataset_alias.py took 0.121 seconds
[2024-11-11T00:30:06.159+0100] {processor.py:186} INFO - Started process (PID=7193) to work on /home/sakana/anaconda3/envs/airflow_env/lib/python3.8/site-packages/airflow/example_dags/example_dataset_alias.py
[2024-11-11T00:30:06.164+0100] {processor.py:914} INFO - Processing file /home/sakana/anaconda3/envs/airflow_env/lib/python3.8/site-packages/airflow/example_dags/example_dataset_alias.py for tasks to queue
[2024-11-11T00:30:06.172+0100] {logging_mixin.py:190} INFO - [2024-11-11T00:30:06.171+0100] {dagbag.py:588} INFO - Filling up the DagBag from /home/sakana/anaconda3/envs/airflow_env/lib/python3.8/site-packages/airflow/example_dags/example_dataset_alias.py
[2024-11-11T00:30:06.211+0100] {processor.py:925} INFO - DAG(s) 'dataset_s3_bucket_producer', 'dataset_alias_example_alias_producer', 'dataset_s3_bucket_consumer', 'dataset_alias_example_alias_consumer' retrieved from /home/sakana/anaconda3/envs/airflow_env/lib/python3.8/site-packages/airflow/example_dags/example_dataset_alias.py
[2024-11-11T00:30:06.229+0100] {logging_mixin.py:190} INFO - [2024-11-11T00:30:06.229+0100] {dag.py:3239} INFO - Sync 4 DAGs
[2024-11-11T00:30:06.246+0100] {logging_mixin.py:190} INFO - [2024-11-11T00:30:06.246+0100] {dag.py:4180} INFO - Setting next_dagrun for dataset_alias_example_alias_consumer to None, run_after=None
[2024-11-11T00:30:06.249+0100] {logging_mixin.py:190} INFO - [2024-11-11T00:30:06.248+0100] {dag.py:4180} INFO - Setting next_dagrun for dataset_alias_example_alias_producer to None, run_after=None
[2024-11-11T00:30:06.249+0100] {logging_mixin.py:190} INFO - [2024-11-11T00:30:06.249+0100] {dag.py:4180} INFO - Setting next_dagrun for dataset_s3_bucket_consumer to None, run_after=None
[2024-11-11T00:30:06.250+0100] {logging_mixin.py:190} INFO - [2024-11-11T00:30:06.250+0100] {dag.py:4180} INFO - Setting next_dagrun for dataset_s3_bucket_producer to None, run_after=None
[2024-11-11T00:30:06.269+0100] {processor.py:208} INFO - Processing /home/sakana/anaconda3/envs/airflow_env/lib/python3.8/site-packages/airflow/example_dags/example_dataset_alias.py took 0.116 seconds
[2024-11-11T00:31:03.542+0100] {processor.py:186} INFO - Started process (PID=7270) to work on /home/sakana/anaconda3/envs/airflow_env/lib/python3.8/site-packages/airflow/example_dags/example_dataset_alias.py
[2024-11-11T00:31:03.546+0100] {processor.py:914} INFO - Processing file /home/sakana/anaconda3/envs/airflow_env/lib/python3.8/site-packages/airflow/example_dags/example_dataset_alias.py for tasks to queue
[2024-11-11T00:31:03.549+0100] {logging_mixin.py:190} INFO - [2024-11-11T00:31:03.548+0100] {dagbag.py:588} INFO - Filling up the DagBag from /home/sakana/anaconda3/envs/airflow_env/lib/python3.8/site-packages/airflow/example_dags/example_dataset_alias.py
[2024-11-11T00:31:03.572+0100] {processor.py:925} INFO - DAG(s) 'dataset_s3_bucket_producer', 'dataset_alias_example_alias_producer', 'dataset_s3_bucket_consumer', 'dataset_alias_example_alias_consumer' retrieved from /home/sakana/anaconda3/envs/airflow_env/lib/python3.8/site-packages/airflow/example_dags/example_dataset_alias.py
[2024-11-11T00:31:03.591+0100] {logging_mixin.py:190} INFO - [2024-11-11T00:31:03.591+0100] {dag.py:3239} INFO - Sync 4 DAGs
[2024-11-11T00:31:03.612+0100] {logging_mixin.py:190} INFO - [2024-11-11T00:31:03.612+0100] {dag.py:4180} INFO - Setting next_dagrun for dataset_alias_example_alias_consumer to None, run_after=None
[2024-11-11T00:31:03.614+0100] {logging_mixin.py:190} INFO - [2024-11-11T00:31:03.614+0100] {dag.py:4180} INFO - Setting next_dagrun for dataset_alias_example_alias_producer to None, run_after=None
[2024-11-11T00:31:03.615+0100] {logging_mixin.py:190} INFO - [2024-11-11T00:31:03.615+0100] {dag.py:4180} INFO - Setting next_dagrun for dataset_s3_bucket_consumer to None, run_after=None
[2024-11-11T00:31:03.616+0100] {logging_mixin.py:190} INFO - [2024-11-11T00:31:03.616+0100] {dag.py:4180} INFO - Setting next_dagrun for dataset_s3_bucket_producer to None, run_after=None
[2024-11-11T00:31:03.635+0100] {processor.py:208} INFO - Processing /home/sakana/anaconda3/envs/airflow_env/lib/python3.8/site-packages/airflow/example_dags/example_dataset_alias.py took 0.100 seconds
[2024-11-11T00:31:59.511+0100] {processor.py:186} INFO - Started process (PID=7347) to work on /home/sakana/anaconda3/envs/airflow_env/lib/python3.8/site-packages/airflow/example_dags/example_dataset_alias.py
[2024-11-11T00:31:59.515+0100] {processor.py:914} INFO - Processing file /home/sakana/anaconda3/envs/airflow_env/lib/python3.8/site-packages/airflow/example_dags/example_dataset_alias.py for tasks to queue
[2024-11-11T00:31:59.517+0100] {logging_mixin.py:190} INFO - [2024-11-11T00:31:59.517+0100] {dagbag.py:588} INFO - Filling up the DagBag from /home/sakana/anaconda3/envs/airflow_env/lib/python3.8/site-packages/airflow/example_dags/example_dataset_alias.py
[2024-11-11T00:31:59.542+0100] {processor.py:925} INFO - DAG(s) 'dataset_alias_example_alias_producer', 'dataset_s3_bucket_consumer', 'dataset_alias_example_alias_consumer', 'dataset_s3_bucket_producer' retrieved from /home/sakana/anaconda3/envs/airflow_env/lib/python3.8/site-packages/airflow/example_dags/example_dataset_alias.py
[2024-11-11T00:31:59.560+0100] {logging_mixin.py:190} INFO - [2024-11-11T00:31:59.560+0100] {dag.py:3239} INFO - Sync 4 DAGs
[2024-11-11T00:31:59.577+0100] {logging_mixin.py:190} INFO - [2024-11-11T00:31:59.576+0100] {dag.py:4180} INFO - Setting next_dagrun for dataset_alias_example_alias_consumer to None, run_after=None
[2024-11-11T00:31:59.579+0100] {logging_mixin.py:190} INFO - [2024-11-11T00:31:59.578+0100] {dag.py:4180} INFO - Setting next_dagrun for dataset_alias_example_alias_producer to None, run_after=None
[2024-11-11T00:31:59.579+0100] {logging_mixin.py:190} INFO - [2024-11-11T00:31:59.579+0100] {dag.py:4180} INFO - Setting next_dagrun for dataset_s3_bucket_consumer to None, run_after=None
[2024-11-11T00:31:59.581+0100] {logging_mixin.py:190} INFO - [2024-11-11T00:31:59.580+0100] {dag.py:4180} INFO - Setting next_dagrun for dataset_s3_bucket_producer to None, run_after=None
[2024-11-11T00:31:59.604+0100] {processor.py:208} INFO - Processing /home/sakana/anaconda3/envs/airflow_env/lib/python3.8/site-packages/airflow/example_dags/example_dataset_alias.py took 0.100 seconds
[2024-11-11T00:32:53.861+0100] {processor.py:186} INFO - Started process (PID=7416) to work on /home/sakana/anaconda3/envs/airflow_env/lib/python3.8/site-packages/airflow/example_dags/example_dataset_alias.py
[2024-11-11T00:32:53.866+0100] {processor.py:914} INFO - Processing file /home/sakana/anaconda3/envs/airflow_env/lib/python3.8/site-packages/airflow/example_dags/example_dataset_alias.py for tasks to queue
[2024-11-11T00:32:53.868+0100] {logging_mixin.py:190} INFO - [2024-11-11T00:32:53.868+0100] {dagbag.py:588} INFO - Filling up the DagBag from /home/sakana/anaconda3/envs/airflow_env/lib/python3.8/site-packages/airflow/example_dags/example_dataset_alias.py
[2024-11-11T00:32:53.897+0100] {processor.py:925} INFO - DAG(s) 'dataset_s3_bucket_consumer', 'dataset_s3_bucket_producer', 'dataset_alias_example_alias_producer', 'dataset_alias_example_alias_consumer' retrieved from /home/sakana/anaconda3/envs/airflow_env/lib/python3.8/site-packages/airflow/example_dags/example_dataset_alias.py
[2024-11-11T00:32:53.915+0100] {logging_mixin.py:190} INFO - [2024-11-11T00:32:53.915+0100] {dag.py:3239} INFO - Sync 4 DAGs
[2024-11-11T00:32:53.932+0100] {logging_mixin.py:190} INFO - [2024-11-11T00:32:53.931+0100] {dag.py:4180} INFO - Setting next_dagrun for dataset_alias_example_alias_consumer to None, run_after=None
[2024-11-11T00:32:53.934+0100] {logging_mixin.py:190} INFO - [2024-11-11T00:32:53.933+0100] {dag.py:4180} INFO - Setting next_dagrun for dataset_alias_example_alias_producer to None, run_after=None
[2024-11-11T00:32:53.934+0100] {logging_mixin.py:190} INFO - [2024-11-11T00:32:53.934+0100] {dag.py:4180} INFO - Setting next_dagrun for dataset_s3_bucket_consumer to None, run_after=None
[2024-11-11T00:32:53.935+0100] {logging_mixin.py:190} INFO - [2024-11-11T00:32:53.935+0100] {dag.py:4180} INFO - Setting next_dagrun for dataset_s3_bucket_producer to None, run_after=None
[2024-11-11T00:32:53.954+0100] {processor.py:208} INFO - Processing /home/sakana/anaconda3/envs/airflow_env/lib/python3.8/site-packages/airflow/example_dags/example_dataset_alias.py took 0.102 seconds
[2024-11-11T00:33:52.019+0100] {processor.py:186} INFO - Started process (PID=7519) to work on /home/sakana/anaconda3/envs/airflow_env/lib/python3.8/site-packages/airflow/example_dags/example_dataset_alias.py
[2024-11-11T00:33:52.023+0100] {processor.py:914} INFO - Processing file /home/sakana/anaconda3/envs/airflow_env/lib/python3.8/site-packages/airflow/example_dags/example_dataset_alias.py for tasks to queue
[2024-11-11T00:33:52.025+0100] {logging_mixin.py:190} INFO - [2024-11-11T00:33:52.025+0100] {dagbag.py:588} INFO - Filling up the DagBag from /home/sakana/anaconda3/envs/airflow_env/lib/python3.8/site-packages/airflow/example_dags/example_dataset_alias.py
[2024-11-11T00:33:52.048+0100] {processor.py:925} INFO - DAG(s) 'dataset_s3_bucket_producer', 'dataset_alias_example_alias_producer', 'dataset_alias_example_alias_consumer', 'dataset_s3_bucket_consumer' retrieved from /home/sakana/anaconda3/envs/airflow_env/lib/python3.8/site-packages/airflow/example_dags/example_dataset_alias.py
[2024-11-11T00:33:52.068+0100] {logging_mixin.py:190} INFO - [2024-11-11T00:33:52.068+0100] {dag.py:3239} INFO - Sync 4 DAGs
[2024-11-11T00:33:52.085+0100] {logging_mixin.py:190} INFO - [2024-11-11T00:33:52.085+0100] {dag.py:4180} INFO - Setting next_dagrun for dataset_alias_example_alias_consumer to None, run_after=None
[2024-11-11T00:33:52.088+0100] {logging_mixin.py:190} INFO - [2024-11-11T00:33:52.087+0100] {dag.py:4180} INFO - Setting next_dagrun for dataset_alias_example_alias_producer to None, run_after=None
[2024-11-11T00:33:52.089+0100] {logging_mixin.py:190} INFO - [2024-11-11T00:33:52.089+0100] {dag.py:4180} INFO - Setting next_dagrun for dataset_s3_bucket_consumer to None, run_after=None
[2024-11-11T00:33:52.090+0100] {logging_mixin.py:190} INFO - [2024-11-11T00:33:52.090+0100] {dag.py:4180} INFO - Setting next_dagrun for dataset_s3_bucket_producer to None, run_after=None
[2024-11-11T00:33:52.111+0100] {processor.py:208} INFO - Processing /home/sakana/anaconda3/envs/airflow_env/lib/python3.8/site-packages/airflow/example_dags/example_dataset_alias.py took 0.099 seconds
[2024-11-11T00:34:49.043+0100] {processor.py:186} INFO - Started process (PID=7597) to work on /home/sakana/anaconda3/envs/airflow_env/lib/python3.8/site-packages/airflow/example_dags/example_dataset_alias.py
[2024-11-11T00:34:49.049+0100] {processor.py:914} INFO - Processing file /home/sakana/anaconda3/envs/airflow_env/lib/python3.8/site-packages/airflow/example_dags/example_dataset_alias.py for tasks to queue
[2024-11-11T00:34:49.055+0100] {logging_mixin.py:190} INFO - [2024-11-11T00:34:49.054+0100] {dagbag.py:588} INFO - Filling up the DagBag from /home/sakana/anaconda3/envs/airflow_env/lib/python3.8/site-packages/airflow/example_dags/example_dataset_alias.py
[2024-11-11T00:34:49.089+0100] {processor.py:925} INFO - DAG(s) 'dataset_s3_bucket_consumer', 'dataset_alias_example_alias_producer', 'dataset_s3_bucket_producer', 'dataset_alias_example_alias_consumer' retrieved from /home/sakana/anaconda3/envs/airflow_env/lib/python3.8/site-packages/airflow/example_dags/example_dataset_alias.py
[2024-11-11T00:34:49.110+0100] {logging_mixin.py:190} INFO - [2024-11-11T00:34:49.110+0100] {dag.py:3239} INFO - Sync 4 DAGs
[2024-11-11T00:34:49.127+0100] {logging_mixin.py:190} INFO - [2024-11-11T00:34:49.127+0100] {dag.py:4180} INFO - Setting next_dagrun for dataset_alias_example_alias_consumer to None, run_after=None
[2024-11-11T00:34:49.129+0100] {logging_mixin.py:190} INFO - [2024-11-11T00:34:49.129+0100] {dag.py:4180} INFO - Setting next_dagrun for dataset_alias_example_alias_producer to None, run_after=None
[2024-11-11T00:34:49.129+0100] {logging_mixin.py:190} INFO - [2024-11-11T00:34:49.129+0100] {dag.py:4180} INFO - Setting next_dagrun for dataset_s3_bucket_consumer to None, run_after=None
[2024-11-11T00:34:49.130+0100] {logging_mixin.py:190} INFO - [2024-11-11T00:34:49.130+0100] {dag.py:4180} INFO - Setting next_dagrun for dataset_s3_bucket_producer to None, run_after=None
[2024-11-11T00:34:49.151+0100] {processor.py:208} INFO - Processing /home/sakana/anaconda3/envs/airflow_env/lib/python3.8/site-packages/airflow/example_dags/example_dataset_alias.py took 0.117 seconds
[2024-11-11T00:35:42.046+0100] {processor.py:186} INFO - Started process (PID=7673) to work on /home/sakana/anaconda3/envs/airflow_env/lib/python3.8/site-packages/airflow/example_dags/example_dataset_alias.py
[2024-11-11T00:35:42.051+0100] {processor.py:914} INFO - Processing file /home/sakana/anaconda3/envs/airflow_env/lib/python3.8/site-packages/airflow/example_dags/example_dataset_alias.py for tasks to queue
[2024-11-11T00:35:42.053+0100] {logging_mixin.py:190} INFO - [2024-11-11T00:35:42.053+0100] {dagbag.py:588} INFO - Filling up the DagBag from /home/sakana/anaconda3/envs/airflow_env/lib/python3.8/site-packages/airflow/example_dags/example_dataset_alias.py
[2024-11-11T00:35:42.077+0100] {processor.py:925} INFO - DAG(s) 'dataset_s3_bucket_producer', 'dataset_alias_example_alias_producer', 'dataset_alias_example_alias_consumer', 'dataset_s3_bucket_consumer' retrieved from /home/sakana/anaconda3/envs/airflow_env/lib/python3.8/site-packages/airflow/example_dags/example_dataset_alias.py
[2024-11-11T00:35:42.095+0100] {logging_mixin.py:190} INFO - [2024-11-11T00:35:42.095+0100] {dag.py:3239} INFO - Sync 4 DAGs
[2024-11-11T00:35:42.111+0100] {logging_mixin.py:190} INFO - [2024-11-11T00:35:42.111+0100] {dag.py:4180} INFO - Setting next_dagrun for dataset_alias_example_alias_consumer to None, run_after=None
[2024-11-11T00:35:42.113+0100] {logging_mixin.py:190} INFO - [2024-11-11T00:35:42.113+0100] {dag.py:4180} INFO - Setting next_dagrun for dataset_alias_example_alias_producer to None, run_after=None
[2024-11-11T00:35:42.114+0100] {logging_mixin.py:190} INFO - [2024-11-11T00:35:42.114+0100] {dag.py:4180} INFO - Setting next_dagrun for dataset_s3_bucket_consumer to None, run_after=None
[2024-11-11T00:35:42.115+0100] {logging_mixin.py:190} INFO - [2024-11-11T00:35:42.114+0100] {dag.py:4180} INFO - Setting next_dagrun for dataset_s3_bucket_producer to None, run_after=None
[2024-11-11T00:35:42.140+0100] {processor.py:208} INFO - Processing /home/sakana/anaconda3/envs/airflow_env/lib/python3.8/site-packages/airflow/example_dags/example_dataset_alias.py took 0.100 seconds
[2024-11-11T00:36:36.931+0100] {processor.py:186} INFO - Started process (PID=7742) to work on /home/sakana/anaconda3/envs/airflow_env/lib/python3.8/site-packages/airflow/example_dags/example_dataset_alias.py
[2024-11-11T00:36:36.936+0100] {processor.py:914} INFO - Processing file /home/sakana/anaconda3/envs/airflow_env/lib/python3.8/site-packages/airflow/example_dags/example_dataset_alias.py for tasks to queue
[2024-11-11T00:36:36.938+0100] {logging_mixin.py:190} INFO - [2024-11-11T00:36:36.938+0100] {dagbag.py:588} INFO - Filling up the DagBag from /home/sakana/anaconda3/envs/airflow_env/lib/python3.8/site-packages/airflow/example_dags/example_dataset_alias.py
[2024-11-11T00:36:36.964+0100] {processor.py:925} INFO - DAG(s) 'dataset_alias_example_alias_consumer', 'dataset_s3_bucket_consumer', 'dataset_s3_bucket_producer', 'dataset_alias_example_alias_producer' retrieved from /home/sakana/anaconda3/envs/airflow_env/lib/python3.8/site-packages/airflow/example_dags/example_dataset_alias.py
[2024-11-11T00:36:36.982+0100] {logging_mixin.py:190} INFO - [2024-11-11T00:36:36.982+0100] {dag.py:3239} INFO - Sync 4 DAGs
[2024-11-11T00:36:36.999+0100] {logging_mixin.py:190} INFO - [2024-11-11T00:36:36.999+0100] {dag.py:4180} INFO - Setting next_dagrun for dataset_alias_example_alias_consumer to None, run_after=None
[2024-11-11T00:36:37.001+0100] {logging_mixin.py:190} INFO - [2024-11-11T00:36:37.001+0100] {dag.py:4180} INFO - Setting next_dagrun for dataset_alias_example_alias_producer to None, run_after=None
[2024-11-11T00:36:37.002+0100] {logging_mixin.py:190} INFO - [2024-11-11T00:36:37.002+0100] {dag.py:4180} INFO - Setting next_dagrun for dataset_s3_bucket_consumer to None, run_after=None
[2024-11-11T00:36:37.003+0100] {logging_mixin.py:190} INFO - [2024-11-11T00:36:37.002+0100] {dag.py:4180} INFO - Setting next_dagrun for dataset_s3_bucket_producer to None, run_after=None
[2024-11-11T00:36:37.029+0100] {processor.py:208} INFO - Processing /home/sakana/anaconda3/envs/airflow_env/lib/python3.8/site-packages/airflow/example_dags/example_dataset_alias.py took 0.105 seconds
[2024-11-11T00:37:36.046+0100] {processor.py:186} INFO - Started process (PID=7816) to work on /home/sakana/anaconda3/envs/airflow_env/lib/python3.8/site-packages/airflow/example_dags/example_dataset_alias.py
[2024-11-11T00:37:36.051+0100] {processor.py:914} INFO - Processing file /home/sakana/anaconda3/envs/airflow_env/lib/python3.8/site-packages/airflow/example_dags/example_dataset_alias.py for tasks to queue
[2024-11-11T00:37:36.054+0100] {logging_mixin.py:190} INFO - [2024-11-11T00:37:36.053+0100] {dagbag.py:588} INFO - Filling up the DagBag from /home/sakana/anaconda3/envs/airflow_env/lib/python3.8/site-packages/airflow/example_dags/example_dataset_alias.py
[2024-11-11T00:37:36.081+0100] {processor.py:925} INFO - DAG(s) 'dataset_alias_example_alias_consumer', 'dataset_alias_example_alias_producer', 'dataset_s3_bucket_consumer', 'dataset_s3_bucket_producer' retrieved from /home/sakana/anaconda3/envs/airflow_env/lib/python3.8/site-packages/airflow/example_dags/example_dataset_alias.py
[2024-11-11T00:37:36.100+0100] {logging_mixin.py:190} INFO - [2024-11-11T00:37:36.100+0100] {dag.py:3239} INFO - Sync 4 DAGs
[2024-11-11T00:37:36.119+0100] {logging_mixin.py:190} INFO - [2024-11-11T00:37:36.118+0100] {dag.py:4180} INFO - Setting next_dagrun for dataset_alias_example_alias_consumer to None, run_after=None
[2024-11-11T00:37:36.121+0100] {logging_mixin.py:190} INFO - [2024-11-11T00:37:36.121+0100] {dag.py:4180} INFO - Setting next_dagrun for dataset_alias_example_alias_producer to None, run_after=None
[2024-11-11T00:37:36.122+0100] {logging_mixin.py:190} INFO - [2024-11-11T00:37:36.122+0100] {dag.py:4180} INFO - Setting next_dagrun for dataset_s3_bucket_consumer to None, run_after=None
[2024-11-11T00:37:36.123+0100] {logging_mixin.py:190} INFO - [2024-11-11T00:37:36.122+0100] {dag.py:4180} INFO - Setting next_dagrun for dataset_s3_bucket_producer to None, run_after=None
[2024-11-11T00:37:36.151+0100] {processor.py:208} INFO - Processing /home/sakana/anaconda3/envs/airflow_env/lib/python3.8/site-packages/airflow/example_dags/example_dataset_alias.py took 0.110 seconds
[2024-11-11T00:38:29.347+0100] {processor.py:186} INFO - Started process (PID=7916) to work on /home/sakana/anaconda3/envs/airflow_env/lib/python3.8/site-packages/airflow/example_dags/example_dataset_alias.py
[2024-11-11T00:38:29.351+0100] {processor.py:914} INFO - Processing file /home/sakana/anaconda3/envs/airflow_env/lib/python3.8/site-packages/airflow/example_dags/example_dataset_alias.py for tasks to queue
[2024-11-11T00:38:29.354+0100] {logging_mixin.py:190} INFO - [2024-11-11T00:38:29.354+0100] {dagbag.py:588} INFO - Filling up the DagBag from /home/sakana/anaconda3/envs/airflow_env/lib/python3.8/site-packages/airflow/example_dags/example_dataset_alias.py
[2024-11-11T00:38:29.378+0100] {processor.py:925} INFO - DAG(s) 'dataset_s3_bucket_producer', 'dataset_alias_example_alias_producer', 'dataset_s3_bucket_consumer', 'dataset_alias_example_alias_consumer' retrieved from /home/sakana/anaconda3/envs/airflow_env/lib/python3.8/site-packages/airflow/example_dags/example_dataset_alias.py
[2024-11-11T00:38:29.397+0100] {logging_mixin.py:190} INFO - [2024-11-11T00:38:29.397+0100] {dag.py:3239} INFO - Sync 4 DAGs
[2024-11-11T00:38:29.414+0100] {logging_mixin.py:190} INFO - [2024-11-11T00:38:29.414+0100] {dag.py:4180} INFO - Setting next_dagrun for dataset_alias_example_alias_consumer to None, run_after=None
[2024-11-11T00:38:29.416+0100] {logging_mixin.py:190} INFO - [2024-11-11T00:38:29.416+0100] {dag.py:4180} INFO - Setting next_dagrun for dataset_alias_example_alias_producer to None, run_after=None
[2024-11-11T00:38:29.417+0100] {logging_mixin.py:190} INFO - [2024-11-11T00:38:29.417+0100] {dag.py:4180} INFO - Setting next_dagrun for dataset_s3_bucket_consumer to None, run_after=None
[2024-11-11T00:38:29.417+0100] {logging_mixin.py:190} INFO - [2024-11-11T00:38:29.417+0100] {dag.py:4180} INFO - Setting next_dagrun for dataset_s3_bucket_producer to None, run_after=None
[2024-11-11T00:38:29.444+0100] {processor.py:208} INFO - Processing /home/sakana/anaconda3/envs/airflow_env/lib/python3.8/site-packages/airflow/example_dags/example_dataset_alias.py took 0.104 seconds
[2024-11-11T00:39:25.981+0100] {processor.py:186} INFO - Started process (PID=8059) to work on /home/sakana/anaconda3/envs/airflow_env/lib/python3.8/site-packages/airflow/example_dags/example_dataset_alias.py
[2024-11-11T00:39:25.986+0100] {processor.py:914} INFO - Processing file /home/sakana/anaconda3/envs/airflow_env/lib/python3.8/site-packages/airflow/example_dags/example_dataset_alias.py for tasks to queue
[2024-11-11T00:39:25.988+0100] {logging_mixin.py:190} INFO - [2024-11-11T00:39:25.987+0100] {dagbag.py:588} INFO - Filling up the DagBag from /home/sakana/anaconda3/envs/airflow_env/lib/python3.8/site-packages/airflow/example_dags/example_dataset_alias.py
[2024-11-11T00:39:26.015+0100] {processor.py:925} INFO - DAG(s) 'dataset_alias_example_alias_producer', 'dataset_alias_example_alias_consumer', 'dataset_s3_bucket_producer', 'dataset_s3_bucket_consumer' retrieved from /home/sakana/anaconda3/envs/airflow_env/lib/python3.8/site-packages/airflow/example_dags/example_dataset_alias.py
[2024-11-11T00:39:26.042+0100] {logging_mixin.py:190} INFO - [2024-11-11T00:39:26.041+0100] {dag.py:3239} INFO - Sync 4 DAGs
[2024-11-11T00:39:26.069+0100] {logging_mixin.py:190} INFO - [2024-11-11T00:39:26.069+0100] {dag.py:4180} INFO - Setting next_dagrun for dataset_alias_example_alias_consumer to None, run_after=None
[2024-11-11T00:39:26.071+0100] {logging_mixin.py:190} INFO - [2024-11-11T00:39:26.071+0100] {dag.py:4180} INFO - Setting next_dagrun for dataset_alias_example_alias_producer to None, run_after=None
[2024-11-11T00:39:26.073+0100] {logging_mixin.py:190} INFO - [2024-11-11T00:39:26.072+0100] {dag.py:4180} INFO - Setting next_dagrun for dataset_s3_bucket_consumer to None, run_after=None
[2024-11-11T00:39:26.074+0100] {logging_mixin.py:190} INFO - [2024-11-11T00:39:26.073+0100] {dag.py:4180} INFO - Setting next_dagrun for dataset_s3_bucket_producer to None, run_after=None
[2024-11-11T00:39:26.151+0100] {processor.py:208} INFO - Processing /home/sakana/anaconda3/envs/airflow_env/lib/python3.8/site-packages/airflow/example_dags/example_dataset_alias.py took 0.180 seconds
[2024-11-11T00:40:20.578+0100] {processor.py:186} INFO - Started process (PID=8153) to work on /home/sakana/anaconda3/envs/airflow_env/lib/python3.8/site-packages/airflow/example_dags/example_dataset_alias.py
[2024-11-11T00:40:20.582+0100] {processor.py:914} INFO - Processing file /home/sakana/anaconda3/envs/airflow_env/lib/python3.8/site-packages/airflow/example_dags/example_dataset_alias.py for tasks to queue
[2024-11-11T00:40:20.584+0100] {logging_mixin.py:190} INFO - [2024-11-11T00:40:20.584+0100] {dagbag.py:588} INFO - Filling up the DagBag from /home/sakana/anaconda3/envs/airflow_env/lib/python3.8/site-packages/airflow/example_dags/example_dataset_alias.py
[2024-11-11T00:40:20.608+0100] {processor.py:925} INFO - DAG(s) 'dataset_s3_bucket_producer', 'dataset_alias_example_alias_producer', 'dataset_alias_example_alias_consumer', 'dataset_s3_bucket_consumer' retrieved from /home/sakana/anaconda3/envs/airflow_env/lib/python3.8/site-packages/airflow/example_dags/example_dataset_alias.py
[2024-11-11T00:40:20.631+0100] {logging_mixin.py:190} INFO - [2024-11-11T00:40:20.630+0100] {dag.py:3239} INFO - Sync 4 DAGs
[2024-11-11T00:40:20.650+0100] {logging_mixin.py:190} INFO - [2024-11-11T00:40:20.650+0100] {dag.py:4180} INFO - Setting next_dagrun for dataset_alias_example_alias_consumer to None, run_after=None
[2024-11-11T00:40:20.653+0100] {logging_mixin.py:190} INFO - [2024-11-11T00:40:20.653+0100] {dag.py:4180} INFO - Setting next_dagrun for dataset_alias_example_alias_producer to None, run_after=None
[2024-11-11T00:40:20.654+0100] {logging_mixin.py:190} INFO - [2024-11-11T00:40:20.654+0100] {dag.py:4180} INFO - Setting next_dagrun for dataset_s3_bucket_consumer to None, run_after=None
[2024-11-11T00:40:20.654+0100] {logging_mixin.py:190} INFO - [2024-11-11T00:40:20.654+0100] {dag.py:4180} INFO - Setting next_dagrun for dataset_s3_bucket_producer to None, run_after=None
[2024-11-11T00:40:20.688+0100] {processor.py:208} INFO - Processing /home/sakana/anaconda3/envs/airflow_env/lib/python3.8/site-packages/airflow/example_dags/example_dataset_alias.py took 0.117 seconds
[2024-11-11T00:43:27.236+0100] {processor.py:186} INFO - Started process (PID=8541) to work on /home/sakana/anaconda3/envs/airflow_env/lib/python3.8/site-packages/airflow/example_dags/example_dataset_alias.py
[2024-11-11T00:43:27.240+0100] {processor.py:914} INFO - Processing file /home/sakana/anaconda3/envs/airflow_env/lib/python3.8/site-packages/airflow/example_dags/example_dataset_alias.py for tasks to queue
[2024-11-11T00:43:27.243+0100] {logging_mixin.py:190} INFO - [2024-11-11T00:43:27.242+0100] {dagbag.py:588} INFO - Filling up the DagBag from /home/sakana/anaconda3/envs/airflow_env/lib/python3.8/site-packages/airflow/example_dags/example_dataset_alias.py
[2024-11-11T00:43:27.264+0100] {processor.py:925} INFO - DAG(s) 'dataset_alias_example_alias_consumer', 'dataset_alias_example_alias_producer', 'dataset_s3_bucket_consumer', 'dataset_s3_bucket_producer' retrieved from /home/sakana/anaconda3/envs/airflow_env/lib/python3.8/site-packages/airflow/example_dags/example_dataset_alias.py
[2024-11-11T00:43:27.285+0100] {logging_mixin.py:190} INFO - [2024-11-11T00:43:27.285+0100] {dag.py:3239} INFO - Sync 4 DAGs
[2024-11-11T00:43:27.306+0100] {logging_mixin.py:190} INFO - [2024-11-11T00:43:27.306+0100] {dag.py:4180} INFO - Setting next_dagrun for dataset_alias_example_alias_consumer to None, run_after=None
[2024-11-11T00:43:27.309+0100] {logging_mixin.py:190} INFO - [2024-11-11T00:43:27.309+0100] {dag.py:4180} INFO - Setting next_dagrun for dataset_alias_example_alias_producer to None, run_after=None
[2024-11-11T00:43:27.310+0100] {logging_mixin.py:190} INFO - [2024-11-11T00:43:27.310+0100] {dag.py:4180} INFO - Setting next_dagrun for dataset_s3_bucket_consumer to None, run_after=None
[2024-11-11T00:43:27.311+0100] {logging_mixin.py:190} INFO - [2024-11-11T00:43:27.311+0100] {dag.py:4180} INFO - Setting next_dagrun for dataset_s3_bucket_producer to None, run_after=None
[2024-11-11T00:43:27.330+0100] {processor.py:208} INFO - Processing /home/sakana/anaconda3/envs/airflow_env/lib/python3.8/site-packages/airflow/example_dags/example_dataset_alias.py took 0.101 seconds
[2024-11-11T00:45:53.182+0100] {processor.py:186} INFO - Started process (PID=8801) to work on /home/sakana/anaconda3/envs/airflow_env/lib/python3.8/site-packages/airflow/example_dags/example_dataset_alias.py
[2024-11-11T00:45:53.186+0100] {processor.py:914} INFO - Processing file /home/sakana/anaconda3/envs/airflow_env/lib/python3.8/site-packages/airflow/example_dags/example_dataset_alias.py for tasks to queue
[2024-11-11T00:45:53.188+0100] {logging_mixin.py:190} INFO - [2024-11-11T00:45:53.188+0100] {dagbag.py:588} INFO - Filling up the DagBag from /home/sakana/anaconda3/envs/airflow_env/lib/python3.8/site-packages/airflow/example_dags/example_dataset_alias.py
[2024-11-11T00:45:53.214+0100] {processor.py:925} INFO - DAG(s) 'dataset_s3_bucket_consumer', 'dataset_s3_bucket_producer', 'dataset_alias_example_alias_producer', 'dataset_alias_example_alias_consumer' retrieved from /home/sakana/anaconda3/envs/airflow_env/lib/python3.8/site-packages/airflow/example_dags/example_dataset_alias.py
[2024-11-11T00:45:53.239+0100] {logging_mixin.py:190} INFO - [2024-11-11T00:45:53.239+0100] {dag.py:3239} INFO - Sync 4 DAGs
[2024-11-11T00:45:53.257+0100] {logging_mixin.py:190} INFO - [2024-11-11T00:45:53.256+0100] {dag.py:4180} INFO - Setting next_dagrun for dataset_alias_example_alias_consumer to None, run_after=None
[2024-11-11T00:45:53.260+0100] {logging_mixin.py:190} INFO - [2024-11-11T00:45:53.260+0100] {dag.py:4180} INFO - Setting next_dagrun for dataset_alias_example_alias_producer to None, run_after=None
[2024-11-11T00:45:53.261+0100] {logging_mixin.py:190} INFO - [2024-11-11T00:45:53.261+0100] {dag.py:4180} INFO - Setting next_dagrun for dataset_s3_bucket_consumer to None, run_after=None
[2024-11-11T00:45:53.262+0100] {logging_mixin.py:190} INFO - [2024-11-11T00:45:53.261+0100] {dag.py:4180} INFO - Setting next_dagrun for dataset_s3_bucket_producer to None, run_after=None
[2024-11-11T00:45:53.282+0100] {processor.py:208} INFO - Processing /home/sakana/anaconda3/envs/airflow_env/lib/python3.8/site-packages/airflow/example_dags/example_dataset_alias.py took 0.106 seconds
[2024-11-11T00:46:50.425+0100] {processor.py:186} INFO - Started process (PID=8883) to work on /home/sakana/anaconda3/envs/airflow_env/lib/python3.8/site-packages/airflow/example_dags/example_dataset_alias.py
[2024-11-11T00:46:50.430+0100] {processor.py:914} INFO - Processing file /home/sakana/anaconda3/envs/airflow_env/lib/python3.8/site-packages/airflow/example_dags/example_dataset_alias.py for tasks to queue
[2024-11-11T00:46:50.435+0100] {logging_mixin.py:190} INFO - [2024-11-11T00:46:50.434+0100] {dagbag.py:588} INFO - Filling up the DagBag from /home/sakana/anaconda3/envs/airflow_env/lib/python3.8/site-packages/airflow/example_dags/example_dataset_alias.py
[2024-11-11T00:46:50.460+0100] {processor.py:925} INFO - DAG(s) 'dataset_s3_bucket_producer', 'dataset_alias_example_alias_producer', 'dataset_s3_bucket_consumer', 'dataset_alias_example_alias_consumer' retrieved from /home/sakana/anaconda3/envs/airflow_env/lib/python3.8/site-packages/airflow/example_dags/example_dataset_alias.py
[2024-11-11T00:46:50.479+0100] {logging_mixin.py:190} INFO - [2024-11-11T00:46:50.479+0100] {dag.py:3239} INFO - Sync 4 DAGs
[2024-11-11T00:46:50.497+0100] {logging_mixin.py:190} INFO - [2024-11-11T00:46:50.497+0100] {dag.py:4180} INFO - Setting next_dagrun for dataset_alias_example_alias_consumer to None, run_after=None
[2024-11-11T00:46:50.499+0100] {logging_mixin.py:190} INFO - [2024-11-11T00:46:50.499+0100] {dag.py:4180} INFO - Setting next_dagrun for dataset_alias_example_alias_producer to None, run_after=None
[2024-11-11T00:46:50.500+0100] {logging_mixin.py:190} INFO - [2024-11-11T00:46:50.500+0100] {dag.py:4180} INFO - Setting next_dagrun for dataset_s3_bucket_consumer to None, run_after=None
[2024-11-11T00:46:50.501+0100] {logging_mixin.py:190} INFO - [2024-11-11T00:46:50.501+0100] {dag.py:4180} INFO - Setting next_dagrun for dataset_s3_bucket_producer to None, run_after=None
[2024-11-11T00:46:50.523+0100] {processor.py:208} INFO - Processing /home/sakana/anaconda3/envs/airflow_env/lib/python3.8/site-packages/airflow/example_dags/example_dataset_alias.py took 0.109 seconds
[2024-11-11T00:47:48.173+0100] {processor.py:186} INFO - Started process (PID=8958) to work on /home/sakana/anaconda3/envs/airflow_env/lib/python3.8/site-packages/airflow/example_dags/example_dataset_alias.py
[2024-11-11T00:47:48.178+0100] {processor.py:914} INFO - Processing file /home/sakana/anaconda3/envs/airflow_env/lib/python3.8/site-packages/airflow/example_dags/example_dataset_alias.py for tasks to queue
[2024-11-11T00:47:48.180+0100] {logging_mixin.py:190} INFO - [2024-11-11T00:47:48.180+0100] {dagbag.py:588} INFO - Filling up the DagBag from /home/sakana/anaconda3/envs/airflow_env/lib/python3.8/site-packages/airflow/example_dags/example_dataset_alias.py
[2024-11-11T00:47:48.205+0100] {processor.py:925} INFO - DAG(s) 'dataset_alias_example_alias_producer', 'dataset_s3_bucket_consumer', 'dataset_s3_bucket_producer', 'dataset_alias_example_alias_consumer' retrieved from /home/sakana/anaconda3/envs/airflow_env/lib/python3.8/site-packages/airflow/example_dags/example_dataset_alias.py
[2024-11-11T00:47:48.230+0100] {logging_mixin.py:190} INFO - [2024-11-11T00:47:48.229+0100] {dag.py:3239} INFO - Sync 4 DAGs
[2024-11-11T00:47:48.250+0100] {logging_mixin.py:190} INFO - [2024-11-11T00:47:48.250+0100] {dag.py:4180} INFO - Setting next_dagrun for dataset_alias_example_alias_consumer to None, run_after=None
[2024-11-11T00:47:48.253+0100] {logging_mixin.py:190} INFO - [2024-11-11T00:47:48.252+0100] {dag.py:4180} INFO - Setting next_dagrun for dataset_alias_example_alias_producer to None, run_after=None
[2024-11-11T00:47:48.254+0100] {logging_mixin.py:190} INFO - [2024-11-11T00:47:48.253+0100] {dag.py:4180} INFO - Setting next_dagrun for dataset_s3_bucket_consumer to None, run_after=None
[2024-11-11T00:47:48.255+0100] {logging_mixin.py:190} INFO - [2024-11-11T00:47:48.255+0100] {dag.py:4180} INFO - Setting next_dagrun for dataset_s3_bucket_producer to None, run_after=None
[2024-11-11T00:47:48.287+0100] {processor.py:208} INFO - Processing /home/sakana/anaconda3/envs/airflow_env/lib/python3.8/site-packages/airflow/example_dags/example_dataset_alias.py took 0.120 seconds
[2024-11-11T00:48:45.458+0100] {processor.py:186} INFO - Started process (PID=9064) to work on /home/sakana/anaconda3/envs/airflow_env/lib/python3.8/site-packages/airflow/example_dags/example_dataset_alias.py
[2024-11-11T00:48:45.459+0100] {processor.py:914} INFO - Processing file /home/sakana/anaconda3/envs/airflow_env/lib/python3.8/site-packages/airflow/example_dags/example_dataset_alias.py for tasks to queue
[2024-11-11T00:48:45.461+0100] {logging_mixin.py:190} INFO - [2024-11-11T00:48:45.460+0100] {dagbag.py:588} INFO - Filling up the DagBag from /home/sakana/anaconda3/envs/airflow_env/lib/python3.8/site-packages/airflow/example_dags/example_dataset_alias.py
[2024-11-11T00:48:45.483+0100] {processor.py:925} INFO - DAG(s) 'dataset_alias_example_alias_consumer', 'dataset_s3_bucket_consumer', 'dataset_alias_example_alias_producer', 'dataset_s3_bucket_producer' retrieved from /home/sakana/anaconda3/envs/airflow_env/lib/python3.8/site-packages/airflow/example_dags/example_dataset_alias.py
[2024-11-11T00:48:45.502+0100] {logging_mixin.py:190} INFO - [2024-11-11T00:48:45.501+0100] {dag.py:3239} INFO - Sync 4 DAGs
[2024-11-11T00:48:45.524+0100] {logging_mixin.py:190} INFO - [2024-11-11T00:48:45.524+0100] {dag.py:4180} INFO - Setting next_dagrun for dataset_alias_example_alias_consumer to None, run_after=None
[2024-11-11T00:48:45.528+0100] {logging_mixin.py:190} INFO - [2024-11-11T00:48:45.528+0100] {dag.py:4180} INFO - Setting next_dagrun for dataset_alias_example_alias_producer to None, run_after=None
[2024-11-11T00:48:45.529+0100] {logging_mixin.py:190} INFO - [2024-11-11T00:48:45.529+0100] {dag.py:4180} INFO - Setting next_dagrun for dataset_s3_bucket_consumer to None, run_after=None
[2024-11-11T00:48:45.530+0100] {logging_mixin.py:190} INFO - [2024-11-11T00:48:45.530+0100] {dag.py:4180} INFO - Setting next_dagrun for dataset_s3_bucket_producer to None, run_after=None
[2024-11-11T00:48:45.549+0100] {processor.py:208} INFO - Processing /home/sakana/anaconda3/envs/airflow_env/lib/python3.8/site-packages/airflow/example_dags/example_dataset_alias.py took 0.098 seconds
[2024-11-11T00:49:42.894+0100] {processor.py:186} INFO - Started process (PID=9403) to work on /home/sakana/anaconda3/envs/airflow_env/lib/python3.8/site-packages/airflow/example_dags/example_dataset_alias.py
[2024-11-11T00:49:42.895+0100] {processor.py:914} INFO - Processing file /home/sakana/anaconda3/envs/airflow_env/lib/python3.8/site-packages/airflow/example_dags/example_dataset_alias.py for tasks to queue
[2024-11-11T00:49:42.898+0100] {logging_mixin.py:190} INFO - [2024-11-11T00:49:42.898+0100] {dagbag.py:588} INFO - Filling up the DagBag from /home/sakana/anaconda3/envs/airflow_env/lib/python3.8/site-packages/airflow/example_dags/example_dataset_alias.py
[2024-11-11T00:49:42.933+0100] {processor.py:925} INFO - DAG(s) 'dataset_alias_example_alias_producer', 'dataset_s3_bucket_consumer', 'dataset_alias_example_alias_consumer', 'dataset_s3_bucket_producer' retrieved from /home/sakana/anaconda3/envs/airflow_env/lib/python3.8/site-packages/airflow/example_dags/example_dataset_alias.py
[2024-11-11T00:49:42.963+0100] {logging_mixin.py:190} INFO - [2024-11-11T00:49:42.962+0100] {dag.py:3239} INFO - Sync 4 DAGs
[2024-11-11T00:49:43.001+0100] {logging_mixin.py:190} INFO - [2024-11-11T00:49:43.001+0100] {dag.py:4180} INFO - Setting next_dagrun for dataset_alias_example_alias_consumer to None, run_after=None
[2024-11-11T00:49:43.006+0100] {logging_mixin.py:190} INFO - [2024-11-11T00:49:43.006+0100] {dag.py:4180} INFO - Setting next_dagrun for dataset_alias_example_alias_producer to None, run_after=None
[2024-11-11T00:49:43.008+0100] {logging_mixin.py:190} INFO - [2024-11-11T00:49:43.008+0100] {dag.py:4180} INFO - Setting next_dagrun for dataset_s3_bucket_consumer to None, run_after=None
[2024-11-11T00:49:43.010+0100] {logging_mixin.py:190} INFO - [2024-11-11T00:49:43.010+0100] {dag.py:4180} INFO - Setting next_dagrun for dataset_s3_bucket_producer to None, run_after=None
[2024-11-11T00:49:43.053+0100] {processor.py:208} INFO - Processing /home/sakana/anaconda3/envs/airflow_env/lib/python3.8/site-packages/airflow/example_dags/example_dataset_alias.py took 0.169 seconds
[2024-11-11T00:50:43.943+0100] {processor.py:186} INFO - Started process (PID=9511) to work on /home/sakana/anaconda3/envs/airflow_env/lib/python3.8/site-packages/airflow/example_dags/example_dataset_alias.py
[2024-11-11T00:50:43.948+0100] {processor.py:914} INFO - Processing file /home/sakana/anaconda3/envs/airflow_env/lib/python3.8/site-packages/airflow/example_dags/example_dataset_alias.py for tasks to queue
[2024-11-11T00:50:43.951+0100] {logging_mixin.py:190} INFO - [2024-11-11T00:50:43.950+0100] {dagbag.py:588} INFO - Filling up the DagBag from /home/sakana/anaconda3/envs/airflow_env/lib/python3.8/site-packages/airflow/example_dags/example_dataset_alias.py
[2024-11-11T00:50:43.975+0100] {processor.py:925} INFO - DAG(s) 'dataset_alias_example_alias_consumer', 'dataset_s3_bucket_producer', 'dataset_s3_bucket_consumer', 'dataset_alias_example_alias_producer' retrieved from /home/sakana/anaconda3/envs/airflow_env/lib/python3.8/site-packages/airflow/example_dags/example_dataset_alias.py
[2024-11-11T00:50:44.001+0100] {logging_mixin.py:190} INFO - [2024-11-11T00:50:44.000+0100] {dag.py:3239} INFO - Sync 4 DAGs
[2024-11-11T00:50:44.027+0100] {logging_mixin.py:190} INFO - [2024-11-11T00:50:44.027+0100] {dag.py:4180} INFO - Setting next_dagrun for dataset_alias_example_alias_consumer to None, run_after=None
[2024-11-11T00:50:44.030+0100] {logging_mixin.py:190} INFO - [2024-11-11T00:50:44.029+0100] {dag.py:4180} INFO - Setting next_dagrun for dataset_alias_example_alias_producer to None, run_after=None
[2024-11-11T00:50:44.031+0100] {logging_mixin.py:190} INFO - [2024-11-11T00:50:44.031+0100] {dag.py:4180} INFO - Setting next_dagrun for dataset_s3_bucket_consumer to None, run_after=None
[2024-11-11T00:50:44.032+0100] {logging_mixin.py:190} INFO - [2024-11-11T00:50:44.032+0100] {dag.py:4180} INFO - Setting next_dagrun for dataset_s3_bucket_producer to None, run_after=None
[2024-11-11T00:50:44.057+0100] {processor.py:208} INFO - Processing /home/sakana/anaconda3/envs/airflow_env/lib/python3.8/site-packages/airflow/example_dags/example_dataset_alias.py took 0.120 seconds
[2024-11-11T00:51:41.797+0100] {processor.py:186} INFO - Started process (PID=9612) to work on /home/sakana/anaconda3/envs/airflow_env/lib/python3.8/site-packages/airflow/example_dags/example_dataset_alias.py
[2024-11-11T00:51:41.802+0100] {processor.py:914} INFO - Processing file /home/sakana/anaconda3/envs/airflow_env/lib/python3.8/site-packages/airflow/example_dags/example_dataset_alias.py for tasks to queue
[2024-11-11T00:51:41.805+0100] {logging_mixin.py:190} INFO - [2024-11-11T00:51:41.804+0100] {dagbag.py:588} INFO - Filling up the DagBag from /home/sakana/anaconda3/envs/airflow_env/lib/python3.8/site-packages/airflow/example_dags/example_dataset_alias.py
[2024-11-11T00:51:41.832+0100] {processor.py:925} INFO - DAG(s) 'dataset_s3_bucket_consumer', 'dataset_alias_example_alias_consumer', 'dataset_s3_bucket_producer', 'dataset_alias_example_alias_producer' retrieved from /home/sakana/anaconda3/envs/airflow_env/lib/python3.8/site-packages/airflow/example_dags/example_dataset_alias.py
[2024-11-11T00:51:41.859+0100] {logging_mixin.py:190} INFO - [2024-11-11T00:51:41.859+0100] {dag.py:3239} INFO - Sync 4 DAGs
[2024-11-11T00:51:41.883+0100] {logging_mixin.py:190} INFO - [2024-11-11T00:51:41.883+0100] {dag.py:4180} INFO - Setting next_dagrun for dataset_alias_example_alias_consumer to None, run_after=None
[2024-11-11T00:51:41.886+0100] {logging_mixin.py:190} INFO - [2024-11-11T00:51:41.886+0100] {dag.py:4180} INFO - Setting next_dagrun for dataset_alias_example_alias_producer to None, run_after=None
[2024-11-11T00:51:41.888+0100] {logging_mixin.py:190} INFO - [2024-11-11T00:51:41.887+0100] {dag.py:4180} INFO - Setting next_dagrun for dataset_s3_bucket_consumer to None, run_after=None
[2024-11-11T00:51:41.889+0100] {logging_mixin.py:190} INFO - [2024-11-11T00:51:41.889+0100] {dag.py:4180} INFO - Setting next_dagrun for dataset_s3_bucket_producer to None, run_after=None
[2024-11-11T00:51:41.922+0100] {processor.py:208} INFO - Processing /home/sakana/anaconda3/envs/airflow_env/lib/python3.8/site-packages/airflow/example_dags/example_dataset_alias.py took 0.133 seconds
[2024-11-11T00:52:37.852+0100] {processor.py:186} INFO - Started process (PID=9789) to work on /home/sakana/anaconda3/envs/airflow_env/lib/python3.8/site-packages/airflow/example_dags/example_dataset_alias.py
[2024-11-11T00:52:37.853+0100] {processor.py:914} INFO - Processing file /home/sakana/anaconda3/envs/airflow_env/lib/python3.8/site-packages/airflow/example_dags/example_dataset_alias.py for tasks to queue
[2024-11-11T00:52:37.855+0100] {logging_mixin.py:190} INFO - [2024-11-11T00:52:37.854+0100] {dagbag.py:588} INFO - Filling up the DagBag from /home/sakana/anaconda3/envs/airflow_env/lib/python3.8/site-packages/airflow/example_dags/example_dataset_alias.py
[2024-11-11T00:52:37.885+0100] {processor.py:925} INFO - DAG(s) 'dataset_s3_bucket_consumer', 'dataset_alias_example_alias_consumer', 'dataset_alias_example_alias_producer', 'dataset_s3_bucket_producer' retrieved from /home/sakana/anaconda3/envs/airflow_env/lib/python3.8/site-packages/airflow/example_dags/example_dataset_alias.py
[2024-11-11T00:52:37.917+0100] {logging_mixin.py:190} INFO - [2024-11-11T00:52:37.917+0100] {dag.py:3239} INFO - Sync 4 DAGs
[2024-11-11T00:52:37.940+0100] {logging_mixin.py:190} INFO - [2024-11-11T00:52:37.939+0100] {dag.py:4180} INFO - Setting next_dagrun for dataset_alias_example_alias_consumer to None, run_after=None
[2024-11-11T00:52:37.944+0100] {logging_mixin.py:190} INFO - [2024-11-11T00:52:37.944+0100] {dag.py:4180} INFO - Setting next_dagrun for dataset_alias_example_alias_producer to None, run_after=None
[2024-11-11T00:52:37.946+0100] {logging_mixin.py:190} INFO - [2024-11-11T00:52:37.946+0100] {dag.py:4180} INFO - Setting next_dagrun for dataset_s3_bucket_consumer to None, run_after=None
[2024-11-11T00:52:37.948+0100] {logging_mixin.py:190} INFO - [2024-11-11T00:52:37.948+0100] {dag.py:4180} INFO - Setting next_dagrun for dataset_s3_bucket_producer to None, run_after=None
[2024-11-11T00:52:37.986+0100] {processor.py:208} INFO - Processing /home/sakana/anaconda3/envs/airflow_env/lib/python3.8/site-packages/airflow/example_dags/example_dataset_alias.py took 0.142 seconds
[2024-11-11T00:53:39.314+0100] {processor.py:186} INFO - Started process (PID=9890) to work on /home/sakana/anaconda3/envs/airflow_env/lib/python3.8/site-packages/airflow/example_dags/example_dataset_alias.py
[2024-11-11T00:53:39.319+0100] {processor.py:914} INFO - Processing file /home/sakana/anaconda3/envs/airflow_env/lib/python3.8/site-packages/airflow/example_dags/example_dataset_alias.py for tasks to queue
[2024-11-11T00:53:39.322+0100] {logging_mixin.py:190} INFO - [2024-11-11T00:53:39.321+0100] {dagbag.py:588} INFO - Filling up the DagBag from /home/sakana/anaconda3/envs/airflow_env/lib/python3.8/site-packages/airflow/example_dags/example_dataset_alias.py
[2024-11-11T00:53:39.345+0100] {processor.py:925} INFO - DAG(s) 'dataset_alias_example_alias_producer', 'dataset_s3_bucket_producer', 'dataset_alias_example_alias_consumer', 'dataset_s3_bucket_consumer' retrieved from /home/sakana/anaconda3/envs/airflow_env/lib/python3.8/site-packages/airflow/example_dags/example_dataset_alias.py
[2024-11-11T00:53:39.364+0100] {logging_mixin.py:190} INFO - [2024-11-11T00:53:39.364+0100] {dag.py:3239} INFO - Sync 4 DAGs
[2024-11-11T00:53:39.386+0100] {logging_mixin.py:190} INFO - [2024-11-11T00:53:39.385+0100] {dag.py:4180} INFO - Setting next_dagrun for dataset_alias_example_alias_consumer to None, run_after=None
[2024-11-11T00:53:39.388+0100] {logging_mixin.py:190} INFO - [2024-11-11T00:53:39.387+0100] {dag.py:4180} INFO - Setting next_dagrun for dataset_alias_example_alias_producer to None, run_after=None
[2024-11-11T00:53:39.388+0100] {logging_mixin.py:190} INFO - [2024-11-11T00:53:39.388+0100] {dag.py:4180} INFO - Setting next_dagrun for dataset_s3_bucket_consumer to None, run_after=None
[2024-11-11T00:53:39.389+0100] {logging_mixin.py:190} INFO - [2024-11-11T00:53:39.389+0100] {dag.py:4180} INFO - Setting next_dagrun for dataset_s3_bucket_producer to None, run_after=None
[2024-11-11T00:53:39.416+0100] {processor.py:208} INFO - Processing /home/sakana/anaconda3/envs/airflow_env/lib/python3.8/site-packages/airflow/example_dags/example_dataset_alias.py took 0.108 seconds
[2024-11-11T00:54:37.771+0100] {processor.py:186} INFO - Started process (PID=9987) to work on /home/sakana/anaconda3/envs/airflow_env/lib/python3.8/site-packages/airflow/example_dags/example_dataset_alias.py
[2024-11-11T00:54:37.776+0100] {processor.py:914} INFO - Processing file /home/sakana/anaconda3/envs/airflow_env/lib/python3.8/site-packages/airflow/example_dags/example_dataset_alias.py for tasks to queue
[2024-11-11T00:54:37.779+0100] {logging_mixin.py:190} INFO - [2024-11-11T00:54:37.779+0100] {dagbag.py:588} INFO - Filling up the DagBag from /home/sakana/anaconda3/envs/airflow_env/lib/python3.8/site-packages/airflow/example_dags/example_dataset_alias.py
[2024-11-11T00:54:37.802+0100] {processor.py:925} INFO - DAG(s) 'dataset_alias_example_alias_consumer', 'dataset_s3_bucket_producer', 'dataset_alias_example_alias_producer', 'dataset_s3_bucket_consumer' retrieved from /home/sakana/anaconda3/envs/airflow_env/lib/python3.8/site-packages/airflow/example_dags/example_dataset_alias.py
[2024-11-11T00:54:37.820+0100] {logging_mixin.py:190} INFO - [2024-11-11T00:54:37.820+0100] {dag.py:3239} INFO - Sync 4 DAGs
[2024-11-11T00:54:37.837+0100] {logging_mixin.py:190} INFO - [2024-11-11T00:54:37.836+0100] {dag.py:4180} INFO - Setting next_dagrun for dataset_alias_example_alias_consumer to None, run_after=None
[2024-11-11T00:54:37.839+0100] {logging_mixin.py:190} INFO - [2024-11-11T00:54:37.839+0100] {dag.py:4180} INFO - Setting next_dagrun for dataset_alias_example_alias_producer to None, run_after=None
[2024-11-11T00:54:37.840+0100] {logging_mixin.py:190} INFO - [2024-11-11T00:54:37.840+0100] {dag.py:4180} INFO - Setting next_dagrun for dataset_s3_bucket_consumer to None, run_after=None
[2024-11-11T00:54:37.841+0100] {logging_mixin.py:190} INFO - [2024-11-11T00:54:37.841+0100] {dag.py:4180} INFO - Setting next_dagrun for dataset_s3_bucket_producer to None, run_after=None
[2024-11-11T00:54:37.868+0100] {processor.py:208} INFO - Processing /home/sakana/anaconda3/envs/airflow_env/lib/python3.8/site-packages/airflow/example_dags/example_dataset_alias.py took 0.103 seconds
