[2024-11-11T00:25:59.997+0100] {processor.py:186} INFO - Started process (PID=6748) to work on /home/sakana/anaconda3/envs/airflow_env/lib/python3.8/site-packages/airflow/example_dags/example_params_trigger_ui.py
[2024-11-11T00:25:59.998+0100] {processor.py:914} INFO - Processing file /home/sakana/anaconda3/envs/airflow_env/lib/python3.8/site-packages/airflow/example_dags/example_params_trigger_ui.py for tasks to queue
[2024-11-11T00:26:00.000+0100] {logging_mixin.py:190} INFO - [2024-11-11T00:25:59.999+0100] {dagbag.py:588} INFO - Filling up the DagBag from /home/sakana/anaconda3/envs/airflow_env/lib/python3.8/site-packages/airflow/example_dags/example_params_trigger_ui.py
[2024-11-11T00:26:00.012+0100] {processor.py:925} INFO - DAG(s) 'example_params_trigger_ui' retrieved from /home/sakana/anaconda3/envs/airflow_env/lib/python3.8/site-packages/airflow/example_dags/example_params_trigger_ui.py
[2024-11-11T00:26:00.156+0100] {logging_mixin.py:190} INFO - [2024-11-11T00:26:00.156+0100] {override.py:1901} INFO - Created Permission View: can edit on DAG:example_params_trigger_ui
[2024-11-11T00:26:00.175+0100] {logging_mixin.py:190} INFO - [2024-11-11T00:26:00.175+0100] {override.py:1901} INFO - Created Permission View: can read on DAG:example_params_trigger_ui
[2024-11-11T00:26:00.191+0100] {logging_mixin.py:190} INFO - [2024-11-11T00:26:00.190+0100] {override.py:1901} INFO - Created Permission View: can delete on DAG:example_params_trigger_ui
[2024-11-11T00:26:00.231+0100] {logging_mixin.py:190} INFO - [2024-11-11T00:26:00.230+0100] {override.py:1901} INFO - Created Permission View: can create on DAG Run:example_params_trigger_ui
[2024-11-11T00:26:00.256+0100] {logging_mixin.py:190} INFO - [2024-11-11T00:26:00.255+0100] {override.py:1901} INFO - Created Permission View: can read on DAG Run:example_params_trigger_ui
[2024-11-11T00:26:00.273+0100] {logging_mixin.py:190} INFO - [2024-11-11T00:26:00.272+0100] {override.py:1901} INFO - Created Permission View: can delete on DAG Run:example_params_trigger_ui
[2024-11-11T00:26:00.289+0100] {logging_mixin.py:190} INFO - [2024-11-11T00:26:00.288+0100] {override.py:1901} INFO - Created Permission View: menu access on DAG Run:example_params_trigger_ui
[2024-11-11T00:26:00.291+0100] {logging_mixin.py:190} INFO - [2024-11-11T00:26:00.290+0100] {dag.py:3239} INFO - Sync 1 DAGs
[2024-11-11T00:26:00.316+0100] {logging_mixin.py:190} INFO - [2024-11-11T00:26:00.316+0100] {dag.py:3262} INFO - Creating ORM DAG for example_params_trigger_ui
[2024-11-11T00:26:00.317+0100] {logging_mixin.py:190} INFO - [2024-11-11T00:26:00.317+0100] {dag.py:4180} INFO - Setting next_dagrun for example_params_trigger_ui to None, run_after=None
[2024-11-11T00:26:00.343+0100] {processor.py:208} INFO - Processing /home/sakana/anaconda3/envs/airflow_env/lib/python3.8/site-packages/airflow/example_dags/example_params_trigger_ui.py took 0.352 seconds
[2024-11-11T00:27:05.517+0100] {processor.py:186} INFO - Started process (PID=6911) to work on /home/sakana/anaconda3/envs/airflow_env/lib/python3.8/site-packages/airflow/example_dags/example_params_trigger_ui.py
[2024-11-11T00:27:05.523+0100] {processor.py:914} INFO - Processing file /home/sakana/anaconda3/envs/airflow_env/lib/python3.8/site-packages/airflow/example_dags/example_params_trigger_ui.py for tasks to queue
[2024-11-11T00:27:05.526+0100] {logging_mixin.py:190} INFO - [2024-11-11T00:27:05.525+0100] {dagbag.py:588} INFO - Filling up the DagBag from /home/sakana/anaconda3/envs/airflow_env/lib/python3.8/site-packages/airflow/example_dags/example_params_trigger_ui.py
[2024-11-11T00:27:05.546+0100] {processor.py:925} INFO - DAG(s) 'example_params_trigger_ui' retrieved from /home/sakana/anaconda3/envs/airflow_env/lib/python3.8/site-packages/airflow/example_dags/example_params_trigger_ui.py
[2024-11-11T00:27:05.587+0100] {logging_mixin.py:190} INFO - [2024-11-11T00:27:05.586+0100] {dag.py:3239} INFO - Sync 1 DAGs
[2024-11-11T00:27:05.597+0100] {logging_mixin.py:190} INFO - [2024-11-11T00:27:05.597+0100] {dag.py:4180} INFO - Setting next_dagrun for example_params_trigger_ui to None, run_after=None
[2024-11-11T00:27:05.617+0100] {processor.py:208} INFO - Processing /home/sakana/anaconda3/envs/airflow_env/lib/python3.8/site-packages/airflow/example_dags/example_params_trigger_ui.py took 0.111 seconds
[2024-11-11T00:28:01.138+0100] {processor.py:186} INFO - Started process (PID=6990) to work on /home/sakana/anaconda3/envs/airflow_env/lib/python3.8/site-packages/airflow/example_dags/example_params_trigger_ui.py
[2024-11-11T00:28:01.143+0100] {processor.py:914} INFO - Processing file /home/sakana/anaconda3/envs/airflow_env/lib/python3.8/site-packages/airflow/example_dags/example_params_trigger_ui.py for tasks to queue
[2024-11-11T00:28:01.150+0100] {logging_mixin.py:190} INFO - [2024-11-11T00:28:01.148+0100] {dagbag.py:588} INFO - Filling up the DagBag from /home/sakana/anaconda3/envs/airflow_env/lib/python3.8/site-packages/airflow/example_dags/example_params_trigger_ui.py
[2024-11-11T00:28:01.173+0100] {processor.py:925} INFO - DAG(s) 'example_params_trigger_ui' retrieved from /home/sakana/anaconda3/envs/airflow_env/lib/python3.8/site-packages/airflow/example_dags/example_params_trigger_ui.py
[2024-11-11T00:28:01.223+0100] {logging_mixin.py:190} INFO - [2024-11-11T00:28:01.223+0100] {dag.py:3239} INFO - Sync 1 DAGs
[2024-11-11T00:28:01.234+0100] {logging_mixin.py:190} INFO - [2024-11-11T00:28:01.234+0100] {dag.py:4180} INFO - Setting next_dagrun for example_params_trigger_ui to None, run_after=None
[2024-11-11T00:28:01.251+0100] {processor.py:208} INFO - Processing /home/sakana/anaconda3/envs/airflow_env/lib/python3.8/site-packages/airflow/example_dags/example_params_trigger_ui.py took 0.121 seconds
[2024-11-11T00:29:05.817+0100] {processor.py:186} INFO - Started process (PID=7101) to work on /home/sakana/anaconda3/envs/airflow_env/lib/python3.8/site-packages/airflow/example_dags/example_params_trigger_ui.py
[2024-11-11T00:29:05.822+0100] {processor.py:914} INFO - Processing file /home/sakana/anaconda3/envs/airflow_env/lib/python3.8/site-packages/airflow/example_dags/example_params_trigger_ui.py for tasks to queue
[2024-11-11T00:29:05.825+0100] {logging_mixin.py:190} INFO - [2024-11-11T00:29:05.824+0100] {dagbag.py:588} INFO - Filling up the DagBag from /home/sakana/anaconda3/envs/airflow_env/lib/python3.8/site-packages/airflow/example_dags/example_params_trigger_ui.py
[2024-11-11T00:29:05.839+0100] {processor.py:925} INFO - DAG(s) 'example_params_trigger_ui' retrieved from /home/sakana/anaconda3/envs/airflow_env/lib/python3.8/site-packages/airflow/example_dags/example_params_trigger_ui.py
[2024-11-11T00:29:05.887+0100] {logging_mixin.py:190} INFO - [2024-11-11T00:29:05.887+0100] {dag.py:3239} INFO - Sync 1 DAGs
[2024-11-11T00:29:05.898+0100] {logging_mixin.py:190} INFO - [2024-11-11T00:29:05.898+0100] {dag.py:4180} INFO - Setting next_dagrun for example_params_trigger_ui to None, run_after=None
[2024-11-11T00:29:05.915+0100] {processor.py:208} INFO - Processing /home/sakana/anaconda3/envs/airflow_env/lib/python3.8/site-packages/airflow/example_dags/example_params_trigger_ui.py took 0.106 seconds
[2024-11-11T00:29:58.715+0100] {processor.py:186} INFO - Started process (PID=7180) to work on /home/sakana/anaconda3/envs/airflow_env/lib/python3.8/site-packages/airflow/example_dags/example_params_trigger_ui.py
[2024-11-11T00:29:58.719+0100] {processor.py:914} INFO - Processing file /home/sakana/anaconda3/envs/airflow_env/lib/python3.8/site-packages/airflow/example_dags/example_params_trigger_ui.py for tasks to queue
[2024-11-11T00:29:58.722+0100] {logging_mixin.py:190} INFO - [2024-11-11T00:29:58.721+0100] {dagbag.py:588} INFO - Filling up the DagBag from /home/sakana/anaconda3/envs/airflow_env/lib/python3.8/site-packages/airflow/example_dags/example_params_trigger_ui.py
[2024-11-11T00:29:58.738+0100] {processor.py:925} INFO - DAG(s) 'example_params_trigger_ui' retrieved from /home/sakana/anaconda3/envs/airflow_env/lib/python3.8/site-packages/airflow/example_dags/example_params_trigger_ui.py
[2024-11-11T00:29:58.786+0100] {logging_mixin.py:190} INFO - [2024-11-11T00:29:58.786+0100] {dag.py:3239} INFO - Sync 1 DAGs
[2024-11-11T00:29:58.797+0100] {logging_mixin.py:190} INFO - [2024-11-11T00:29:58.797+0100] {dag.py:4180} INFO - Setting next_dagrun for example_params_trigger_ui to None, run_after=None
[2024-11-11T00:29:58.813+0100] {processor.py:208} INFO - Processing /home/sakana/anaconda3/envs/airflow_env/lib/python3.8/site-packages/airflow/example_dags/example_params_trigger_ui.py took 0.103 seconds
[2024-11-11T00:30:55.894+0100] {processor.py:186} INFO - Started process (PID=7260) to work on /home/sakana/anaconda3/envs/airflow_env/lib/python3.8/site-packages/airflow/example_dags/example_params_trigger_ui.py
[2024-11-11T00:30:55.899+0100] {processor.py:914} INFO - Processing file /home/sakana/anaconda3/envs/airflow_env/lib/python3.8/site-packages/airflow/example_dags/example_params_trigger_ui.py for tasks to queue
[2024-11-11T00:30:55.902+0100] {logging_mixin.py:190} INFO - [2024-11-11T00:30:55.901+0100] {dagbag.py:588} INFO - Filling up the DagBag from /home/sakana/anaconda3/envs/airflow_env/lib/python3.8/site-packages/airflow/example_dags/example_params_trigger_ui.py
[2024-11-11T00:30:55.917+0100] {processor.py:925} INFO - DAG(s) 'example_params_trigger_ui' retrieved from /home/sakana/anaconda3/envs/airflow_env/lib/python3.8/site-packages/airflow/example_dags/example_params_trigger_ui.py
[2024-11-11T00:30:55.967+0100] {logging_mixin.py:190} INFO - [2024-11-11T00:30:55.966+0100] {dag.py:3239} INFO - Sync 1 DAGs
[2024-11-11T00:30:55.977+0100] {logging_mixin.py:190} INFO - [2024-11-11T00:30:55.977+0100] {dag.py:4180} INFO - Setting next_dagrun for example_params_trigger_ui to None, run_after=None
[2024-11-11T00:30:55.994+0100] {processor.py:208} INFO - Processing /home/sakana/anaconda3/envs/airflow_env/lib/python3.8/site-packages/airflow/example_dags/example_params_trigger_ui.py took 0.108 seconds
[2024-11-11T00:31:52.697+0100] {processor.py:186} INFO - Started process (PID=7337) to work on /home/sakana/anaconda3/envs/airflow_env/lib/python3.8/site-packages/airflow/example_dags/example_params_trigger_ui.py
[2024-11-11T00:31:52.702+0100] {processor.py:914} INFO - Processing file /home/sakana/anaconda3/envs/airflow_env/lib/python3.8/site-packages/airflow/example_dags/example_params_trigger_ui.py for tasks to queue
[2024-11-11T00:31:52.705+0100] {logging_mixin.py:190} INFO - [2024-11-11T00:31:52.704+0100] {dagbag.py:588} INFO - Filling up the DagBag from /home/sakana/anaconda3/envs/airflow_env/lib/python3.8/site-packages/airflow/example_dags/example_params_trigger_ui.py
[2024-11-11T00:31:52.719+0100] {processor.py:925} INFO - DAG(s) 'example_params_trigger_ui' retrieved from /home/sakana/anaconda3/envs/airflow_env/lib/python3.8/site-packages/airflow/example_dags/example_params_trigger_ui.py
[2024-11-11T00:31:52.767+0100] {logging_mixin.py:190} INFO - [2024-11-11T00:31:52.767+0100] {dag.py:3239} INFO - Sync 1 DAGs
[2024-11-11T00:31:52.778+0100] {logging_mixin.py:190} INFO - [2024-11-11T00:31:52.778+0100] {dag.py:4180} INFO - Setting next_dagrun for example_params_trigger_ui to None, run_after=None
[2024-11-11T00:31:52.795+0100] {processor.py:208} INFO - Processing /home/sakana/anaconda3/envs/airflow_env/lib/python3.8/site-packages/airflow/example_dags/example_params_trigger_ui.py took 0.106 seconds
[2024-11-11T00:32:47.308+0100] {processor.py:186} INFO - Started process (PID=7407) to work on /home/sakana/anaconda3/envs/airflow_env/lib/python3.8/site-packages/airflow/example_dags/example_params_trigger_ui.py
[2024-11-11T00:32:47.314+0100] {processor.py:914} INFO - Processing file /home/sakana/anaconda3/envs/airflow_env/lib/python3.8/site-packages/airflow/example_dags/example_params_trigger_ui.py for tasks to queue
[2024-11-11T00:32:47.317+0100] {logging_mixin.py:190} INFO - [2024-11-11T00:32:47.316+0100] {dagbag.py:588} INFO - Filling up the DagBag from /home/sakana/anaconda3/envs/airflow_env/lib/python3.8/site-packages/airflow/example_dags/example_params_trigger_ui.py
[2024-11-11T00:32:47.334+0100] {processor.py:925} INFO - DAG(s) 'example_params_trigger_ui' retrieved from /home/sakana/anaconda3/envs/airflow_env/lib/python3.8/site-packages/airflow/example_dags/example_params_trigger_ui.py
[2024-11-11T00:32:47.381+0100] {logging_mixin.py:190} INFO - [2024-11-11T00:32:47.381+0100] {dag.py:3239} INFO - Sync 1 DAGs
[2024-11-11T00:32:47.392+0100] {logging_mixin.py:190} INFO - [2024-11-11T00:32:47.392+0100] {dag.py:4180} INFO - Setting next_dagrun for example_params_trigger_ui to None, run_after=None
[2024-11-11T00:32:47.408+0100] {processor.py:208} INFO - Processing /home/sakana/anaconda3/envs/airflow_env/lib/python3.8/site-packages/airflow/example_dags/example_params_trigger_ui.py took 0.109 seconds
[2024-11-11T00:33:44.470+0100] {processor.py:186} INFO - Started process (PID=7509) to work on /home/sakana/anaconda3/envs/airflow_env/lib/python3.8/site-packages/airflow/example_dags/example_params_trigger_ui.py
[2024-11-11T00:33:44.475+0100] {processor.py:914} INFO - Processing file /home/sakana/anaconda3/envs/airflow_env/lib/python3.8/site-packages/airflow/example_dags/example_params_trigger_ui.py for tasks to queue
[2024-11-11T00:33:44.477+0100] {logging_mixin.py:190} INFO - [2024-11-11T00:33:44.476+0100] {dagbag.py:588} INFO - Filling up the DagBag from /home/sakana/anaconda3/envs/airflow_env/lib/python3.8/site-packages/airflow/example_dags/example_params_trigger_ui.py
[2024-11-11T00:33:44.487+0100] {processor.py:925} INFO - DAG(s) 'example_params_trigger_ui' retrieved from /home/sakana/anaconda3/envs/airflow_env/lib/python3.8/site-packages/airflow/example_dags/example_params_trigger_ui.py
[2024-11-11T00:33:44.530+0100] {logging_mixin.py:190} INFO - [2024-11-11T00:33:44.530+0100] {dag.py:3239} INFO - Sync 1 DAGs
[2024-11-11T00:33:44.544+0100] {logging_mixin.py:190} INFO - [2024-11-11T00:33:44.544+0100] {dag.py:4180} INFO - Setting next_dagrun for example_params_trigger_ui to None, run_after=None
[2024-11-11T00:33:44.561+0100] {processor.py:208} INFO - Processing /home/sakana/anaconda3/envs/airflow_env/lib/python3.8/site-packages/airflow/example_dags/example_params_trigger_ui.py took 0.098 seconds
[2024-11-11T00:34:41.326+0100] {processor.py:186} INFO - Started process (PID=7587) to work on /home/sakana/anaconda3/envs/airflow_env/lib/python3.8/site-packages/airflow/example_dags/example_params_trigger_ui.py
[2024-11-11T00:34:41.331+0100] {processor.py:914} INFO - Processing file /home/sakana/anaconda3/envs/airflow_env/lib/python3.8/site-packages/airflow/example_dags/example_params_trigger_ui.py for tasks to queue
[2024-11-11T00:34:41.335+0100] {logging_mixin.py:190} INFO - [2024-11-11T00:34:41.334+0100] {dagbag.py:588} INFO - Filling up the DagBag from /home/sakana/anaconda3/envs/airflow_env/lib/python3.8/site-packages/airflow/example_dags/example_params_trigger_ui.py
[2024-11-11T00:34:41.356+0100] {processor.py:925} INFO - DAG(s) 'example_params_trigger_ui' retrieved from /home/sakana/anaconda3/envs/airflow_env/lib/python3.8/site-packages/airflow/example_dags/example_params_trigger_ui.py
[2024-11-11T00:34:41.398+0100] {logging_mixin.py:190} INFO - [2024-11-11T00:34:41.398+0100] {dag.py:3239} INFO - Sync 1 DAGs
[2024-11-11T00:34:41.409+0100] {logging_mixin.py:190} INFO - [2024-11-11T00:34:41.408+0100] {dag.py:4180} INFO - Setting next_dagrun for example_params_trigger_ui to None, run_after=None
[2024-11-11T00:34:41.425+0100] {processor.py:208} INFO - Processing /home/sakana/anaconda3/envs/airflow_env/lib/python3.8/site-packages/airflow/example_dags/example_params_trigger_ui.py took 0.111 seconds
[2024-11-11T00:35:35.891+0100] {processor.py:186} INFO - Started process (PID=7664) to work on /home/sakana/anaconda3/envs/airflow_env/lib/python3.8/site-packages/airflow/example_dags/example_params_trigger_ui.py
[2024-11-11T00:35:35.895+0100] {processor.py:914} INFO - Processing file /home/sakana/anaconda3/envs/airflow_env/lib/python3.8/site-packages/airflow/example_dags/example_params_trigger_ui.py for tasks to queue
[2024-11-11T00:35:35.898+0100] {logging_mixin.py:190} INFO - [2024-11-11T00:35:35.897+0100] {dagbag.py:588} INFO - Filling up the DagBag from /home/sakana/anaconda3/envs/airflow_env/lib/python3.8/site-packages/airflow/example_dags/example_params_trigger_ui.py
[2024-11-11T00:35:35.909+0100] {processor.py:925} INFO - DAG(s) 'example_params_trigger_ui' retrieved from /home/sakana/anaconda3/envs/airflow_env/lib/python3.8/site-packages/airflow/example_dags/example_params_trigger_ui.py
[2024-11-11T00:35:35.955+0100] {logging_mixin.py:190} INFO - [2024-11-11T00:35:35.955+0100] {dag.py:3239} INFO - Sync 1 DAGs
[2024-11-11T00:35:35.965+0100] {logging_mixin.py:190} INFO - [2024-11-11T00:35:35.965+0100] {dag.py:4180} INFO - Setting next_dagrun for example_params_trigger_ui to None, run_after=None
[2024-11-11T00:35:35.998+0100] {processor.py:208} INFO - Processing /home/sakana/anaconda3/envs/airflow_env/lib/python3.8/site-packages/airflow/example_dags/example_params_trigger_ui.py took 0.113 seconds
[2024-11-11T00:36:30.059+0100] {processor.py:186} INFO - Started process (PID=7732) to work on /home/sakana/anaconda3/envs/airflow_env/lib/python3.8/site-packages/airflow/example_dags/example_params_trigger_ui.py
[2024-11-11T00:36:30.064+0100] {processor.py:914} INFO - Processing file /home/sakana/anaconda3/envs/airflow_env/lib/python3.8/site-packages/airflow/example_dags/example_params_trigger_ui.py for tasks to queue
[2024-11-11T00:36:30.066+0100] {logging_mixin.py:190} INFO - [2024-11-11T00:36:30.065+0100] {dagbag.py:588} INFO - Filling up the DagBag from /home/sakana/anaconda3/envs/airflow_env/lib/python3.8/site-packages/airflow/example_dags/example_params_trigger_ui.py
[2024-11-11T00:36:30.077+0100] {processor.py:925} INFO - DAG(s) 'example_params_trigger_ui' retrieved from /home/sakana/anaconda3/envs/airflow_env/lib/python3.8/site-packages/airflow/example_dags/example_params_trigger_ui.py
[2024-11-11T00:36:30.124+0100] {logging_mixin.py:190} INFO - [2024-11-11T00:36:30.124+0100] {dag.py:3239} INFO - Sync 1 DAGs
[2024-11-11T00:36:30.135+0100] {logging_mixin.py:190} INFO - [2024-11-11T00:36:30.135+0100] {dag.py:4180} INFO - Setting next_dagrun for example_params_trigger_ui to None, run_after=None
[2024-11-11T00:36:30.167+0100] {processor.py:208} INFO - Processing /home/sakana/anaconda3/envs/airflow_env/lib/python3.8/site-packages/airflow/example_dags/example_params_trigger_ui.py took 0.114 seconds
[2024-11-11T00:37:28.491+0100] {processor.py:186} INFO - Started process (PID=7807) to work on /home/sakana/anaconda3/envs/airflow_env/lib/python3.8/site-packages/airflow/example_dags/example_params_trigger_ui.py
[2024-11-11T00:37:28.496+0100] {processor.py:914} INFO - Processing file /home/sakana/anaconda3/envs/airflow_env/lib/python3.8/site-packages/airflow/example_dags/example_params_trigger_ui.py for tasks to queue
[2024-11-11T00:37:28.498+0100] {logging_mixin.py:190} INFO - [2024-11-11T00:37:28.498+0100] {dagbag.py:588} INFO - Filling up the DagBag from /home/sakana/anaconda3/envs/airflow_env/lib/python3.8/site-packages/airflow/example_dags/example_params_trigger_ui.py
[2024-11-11T00:37:28.511+0100] {processor.py:925} INFO - DAG(s) 'example_params_trigger_ui' retrieved from /home/sakana/anaconda3/envs/airflow_env/lib/python3.8/site-packages/airflow/example_dags/example_params_trigger_ui.py
[2024-11-11T00:37:28.555+0100] {logging_mixin.py:190} INFO - [2024-11-11T00:37:28.554+0100] {dag.py:3239} INFO - Sync 1 DAGs
[2024-11-11T00:37:28.566+0100] {logging_mixin.py:190} INFO - [2024-11-11T00:37:28.566+0100] {dag.py:4180} INFO - Setting next_dagrun for example_params_trigger_ui to None, run_after=None
[2024-11-11T00:37:28.590+0100] {processor.py:208} INFO - Processing /home/sakana/anaconda3/envs/airflow_env/lib/python3.8/site-packages/airflow/example_dags/example_params_trigger_ui.py took 0.105 seconds
[2024-11-11T00:38:22.758+0100] {processor.py:186} INFO - Started process (PID=7906) to work on /home/sakana/anaconda3/envs/airflow_env/lib/python3.8/site-packages/airflow/example_dags/example_params_trigger_ui.py
[2024-11-11T00:38:22.762+0100] {processor.py:914} INFO - Processing file /home/sakana/anaconda3/envs/airflow_env/lib/python3.8/site-packages/airflow/example_dags/example_params_trigger_ui.py for tasks to queue
[2024-11-11T00:38:22.764+0100] {logging_mixin.py:190} INFO - [2024-11-11T00:38:22.764+0100] {dagbag.py:588} INFO - Filling up the DagBag from /home/sakana/anaconda3/envs/airflow_env/lib/python3.8/site-packages/airflow/example_dags/example_params_trigger_ui.py
[2024-11-11T00:38:22.775+0100] {processor.py:925} INFO - DAG(s) 'example_params_trigger_ui' retrieved from /home/sakana/anaconda3/envs/airflow_env/lib/python3.8/site-packages/airflow/example_dags/example_params_trigger_ui.py
[2024-11-11T00:38:22.821+0100] {logging_mixin.py:190} INFO - [2024-11-11T00:38:22.821+0100] {dag.py:3239} INFO - Sync 1 DAGs
[2024-11-11T00:38:22.833+0100] {logging_mixin.py:190} INFO - [2024-11-11T00:38:22.832+0100] {dag.py:4180} INFO - Setting next_dagrun for example_params_trigger_ui to None, run_after=None
[2024-11-11T00:38:22.866+0100] {processor.py:208} INFO - Processing /home/sakana/anaconda3/envs/airflow_env/lib/python3.8/site-packages/airflow/example_dags/example_params_trigger_ui.py took 0.115 seconds
[2024-11-11T00:39:18.799+0100] {processor.py:186} INFO - Started process (PID=7984) to work on /home/sakana/anaconda3/envs/airflow_env/lib/python3.8/site-packages/airflow/example_dags/example_params_trigger_ui.py
[2024-11-11T00:39:18.805+0100] {processor.py:914} INFO - Processing file /home/sakana/anaconda3/envs/airflow_env/lib/python3.8/site-packages/airflow/example_dags/example_params_trigger_ui.py for tasks to queue
[2024-11-11T00:39:18.809+0100] {logging_mixin.py:190} INFO - [2024-11-11T00:39:18.808+0100] {dagbag.py:588} INFO - Filling up the DagBag from /home/sakana/anaconda3/envs/airflow_env/lib/python3.8/site-packages/airflow/example_dags/example_params_trigger_ui.py
[2024-11-11T00:39:18.826+0100] {processor.py:925} INFO - DAG(s) 'example_params_trigger_ui' retrieved from /home/sakana/anaconda3/envs/airflow_env/lib/python3.8/site-packages/airflow/example_dags/example_params_trigger_ui.py
[2024-11-11T00:39:18.871+0100] {logging_mixin.py:190} INFO - [2024-11-11T00:39:18.871+0100] {dag.py:3239} INFO - Sync 1 DAGs
[2024-11-11T00:39:18.882+0100] {logging_mixin.py:190} INFO - [2024-11-11T00:39:18.882+0100] {dag.py:4180} INFO - Setting next_dagrun for example_params_trigger_ui to None, run_after=None
[2024-11-11T00:39:18.909+0100] {processor.py:208} INFO - Processing /home/sakana/anaconda3/envs/airflow_env/lib/python3.8/site-packages/airflow/example_dags/example_params_trigger_ui.py took 0.121 seconds
[2024-11-11T00:40:15.388+0100] {processor.py:186} INFO - Started process (PID=8140) to work on /home/sakana/anaconda3/envs/airflow_env/lib/python3.8/site-packages/airflow/example_dags/example_params_trigger_ui.py
[2024-11-11T00:40:15.393+0100] {processor.py:914} INFO - Processing file /home/sakana/anaconda3/envs/airflow_env/lib/python3.8/site-packages/airflow/example_dags/example_params_trigger_ui.py for tasks to queue
[2024-11-11T00:40:15.395+0100] {logging_mixin.py:190} INFO - [2024-11-11T00:40:15.394+0100] {dagbag.py:588} INFO - Filling up the DagBag from /home/sakana/anaconda3/envs/airflow_env/lib/python3.8/site-packages/airflow/example_dags/example_params_trigger_ui.py
[2024-11-11T00:40:15.406+0100] {processor.py:925} INFO - DAG(s) 'example_params_trigger_ui' retrieved from /home/sakana/anaconda3/envs/airflow_env/lib/python3.8/site-packages/airflow/example_dags/example_params_trigger_ui.py
[2024-11-11T00:40:15.449+0100] {logging_mixin.py:190} INFO - [2024-11-11T00:40:15.449+0100] {dag.py:3239} INFO - Sync 1 DAGs
[2024-11-11T00:40:15.460+0100] {logging_mixin.py:190} INFO - [2024-11-11T00:40:15.460+0100] {dag.py:4180} INFO - Setting next_dagrun for example_params_trigger_ui to None, run_after=None
[2024-11-11T00:40:15.489+0100] {processor.py:208} INFO - Processing /home/sakana/anaconda3/envs/airflow_env/lib/python3.8/site-packages/airflow/example_dags/example_params_trigger_ui.py took 0.110 seconds
[2024-11-11T00:43:19.676+0100] {processor.py:186} INFO - Started process (PID=8513) to work on /home/sakana/anaconda3/envs/airflow_env/lib/python3.8/site-packages/airflow/example_dags/example_params_trigger_ui.py
[2024-11-11T00:43:19.677+0100] {processor.py:914} INFO - Processing file /home/sakana/anaconda3/envs/airflow_env/lib/python3.8/site-packages/airflow/example_dags/example_params_trigger_ui.py for tasks to queue
[2024-11-11T00:43:19.679+0100] {logging_mixin.py:190} INFO - [2024-11-11T00:43:19.679+0100] {dagbag.py:588} INFO - Filling up the DagBag from /home/sakana/anaconda3/envs/airflow_env/lib/python3.8/site-packages/airflow/example_dags/example_params_trigger_ui.py
[2024-11-11T00:43:19.690+0100] {processor.py:925} INFO - DAG(s) 'example_params_trigger_ui' retrieved from /home/sakana/anaconda3/envs/airflow_env/lib/python3.8/site-packages/airflow/example_dags/example_params_trigger_ui.py
[2024-11-11T00:43:19.735+0100] {logging_mixin.py:190} INFO - [2024-11-11T00:43:19.735+0100] {dag.py:3239} INFO - Sync 1 DAGs
[2024-11-11T00:43:19.749+0100] {logging_mixin.py:190} INFO - [2024-11-11T00:43:19.749+0100] {dag.py:4180} INFO - Setting next_dagrun for example_params_trigger_ui to None, run_after=None
[2024-11-11T00:43:19.766+0100] {processor.py:208} INFO - Processing /home/sakana/anaconda3/envs/airflow_env/lib/python3.8/site-packages/airflow/example_dags/example_params_trigger_ui.py took 0.099 seconds
[2024-11-11T00:45:46.604+0100] {processor.py:186} INFO - Started process (PID=8787) to work on /home/sakana/anaconda3/envs/airflow_env/lib/python3.8/site-packages/airflow/example_dags/example_params_trigger_ui.py
[2024-11-11T00:45:46.609+0100] {processor.py:914} INFO - Processing file /home/sakana/anaconda3/envs/airflow_env/lib/python3.8/site-packages/airflow/example_dags/example_params_trigger_ui.py for tasks to queue
[2024-11-11T00:45:46.612+0100] {logging_mixin.py:190} INFO - [2024-11-11T00:45:46.611+0100] {dagbag.py:588} INFO - Filling up the DagBag from /home/sakana/anaconda3/envs/airflow_env/lib/python3.8/site-packages/airflow/example_dags/example_params_trigger_ui.py
[2024-11-11T00:45:46.630+0100] {processor.py:925} INFO - DAG(s) 'example_params_trigger_ui' retrieved from /home/sakana/anaconda3/envs/airflow_env/lib/python3.8/site-packages/airflow/example_dags/example_params_trigger_ui.py
[2024-11-11T00:45:46.677+0100] {logging_mixin.py:190} INFO - [2024-11-11T00:45:46.677+0100] {dag.py:3239} INFO - Sync 1 DAGs
[2024-11-11T00:45:46.690+0100] {logging_mixin.py:190} INFO - [2024-11-11T00:45:46.689+0100] {dag.py:4180} INFO - Setting next_dagrun for example_params_trigger_ui to None, run_after=None
[2024-11-11T00:45:46.706+0100] {processor.py:208} INFO - Processing /home/sakana/anaconda3/envs/airflow_env/lib/python3.8/site-packages/airflow/example_dags/example_params_trigger_ui.py took 0.112 seconds
[2024-11-11T00:46:43.381+0100] {processor.py:186} INFO - Started process (PID=8872) to work on /home/sakana/anaconda3/envs/airflow_env/lib/python3.8/site-packages/airflow/example_dags/example_params_trigger_ui.py
[2024-11-11T00:46:43.386+0100] {processor.py:914} INFO - Processing file /home/sakana/anaconda3/envs/airflow_env/lib/python3.8/site-packages/airflow/example_dags/example_params_trigger_ui.py for tasks to queue
[2024-11-11T00:46:43.389+0100] {logging_mixin.py:190} INFO - [2024-11-11T00:46:43.388+0100] {dagbag.py:588} INFO - Filling up the DagBag from /home/sakana/anaconda3/envs/airflow_env/lib/python3.8/site-packages/airflow/example_dags/example_params_trigger_ui.py
[2024-11-11T00:46:43.404+0100] {processor.py:925} INFO - DAG(s) 'example_params_trigger_ui' retrieved from /home/sakana/anaconda3/envs/airflow_env/lib/python3.8/site-packages/airflow/example_dags/example_params_trigger_ui.py
[2024-11-11T00:46:43.460+0100] {logging_mixin.py:190} INFO - [2024-11-11T00:46:43.460+0100] {dag.py:3239} INFO - Sync 1 DAGs
[2024-11-11T00:46:43.477+0100] {logging_mixin.py:190} INFO - [2024-11-11T00:46:43.477+0100] {dag.py:4180} INFO - Setting next_dagrun for example_params_trigger_ui to None, run_after=None
[2024-11-11T00:46:43.499+0100] {processor.py:208} INFO - Processing /home/sakana/anaconda3/envs/airflow_env/lib/python3.8/site-packages/airflow/example_dags/example_params_trigger_ui.py took 0.126 seconds
[2024-11-11T00:47:41.442+0100] {processor.py:186} INFO - Started process (PID=8950) to work on /home/sakana/anaconda3/envs/airflow_env/lib/python3.8/site-packages/airflow/example_dags/example_params_trigger_ui.py
[2024-11-11T00:47:41.447+0100] {processor.py:914} INFO - Processing file /home/sakana/anaconda3/envs/airflow_env/lib/python3.8/site-packages/airflow/example_dags/example_params_trigger_ui.py for tasks to queue
[2024-11-11T00:47:41.450+0100] {logging_mixin.py:190} INFO - [2024-11-11T00:47:41.450+0100] {dagbag.py:588} INFO - Filling up the DagBag from /home/sakana/anaconda3/envs/airflow_env/lib/python3.8/site-packages/airflow/example_dags/example_params_trigger_ui.py
[2024-11-11T00:47:41.465+0100] {processor.py:925} INFO - DAG(s) 'example_params_trigger_ui' retrieved from /home/sakana/anaconda3/envs/airflow_env/lib/python3.8/site-packages/airflow/example_dags/example_params_trigger_ui.py
[2024-11-11T00:47:41.510+0100] {logging_mixin.py:190} INFO - [2024-11-11T00:47:41.510+0100] {dag.py:3239} INFO - Sync 1 DAGs
[2024-11-11T00:47:41.520+0100] {logging_mixin.py:190} INFO - [2024-11-11T00:47:41.520+0100] {dag.py:4180} INFO - Setting next_dagrun for example_params_trigger_ui to None, run_after=None
[2024-11-11T00:47:41.543+0100] {processor.py:208} INFO - Processing /home/sakana/anaconda3/envs/airflow_env/lib/python3.8/site-packages/airflow/example_dags/example_params_trigger_ui.py took 0.109 seconds
[2024-11-11T00:48:39.109+0100] {processor.py:186} INFO - Started process (PID=9052) to work on /home/sakana/anaconda3/envs/airflow_env/lib/python3.8/site-packages/airflow/example_dags/example_params_trigger_ui.py
[2024-11-11T00:48:39.114+0100] {processor.py:914} INFO - Processing file /home/sakana/anaconda3/envs/airflow_env/lib/python3.8/site-packages/airflow/example_dags/example_params_trigger_ui.py for tasks to queue
[2024-11-11T00:48:39.117+0100] {logging_mixin.py:190} INFO - [2024-11-11T00:48:39.116+0100] {dagbag.py:588} INFO - Filling up the DagBag from /home/sakana/anaconda3/envs/airflow_env/lib/python3.8/site-packages/airflow/example_dags/example_params_trigger_ui.py
[2024-11-11T00:48:39.131+0100] {processor.py:925} INFO - DAG(s) 'example_params_trigger_ui' retrieved from /home/sakana/anaconda3/envs/airflow_env/lib/python3.8/site-packages/airflow/example_dags/example_params_trigger_ui.py
[2024-11-11T00:48:39.183+0100] {logging_mixin.py:190} INFO - [2024-11-11T00:48:39.183+0100] {dag.py:3239} INFO - Sync 1 DAGs
[2024-11-11T00:48:39.195+0100] {logging_mixin.py:190} INFO - [2024-11-11T00:48:39.195+0100] {dag.py:4180} INFO - Setting next_dagrun for example_params_trigger_ui to None, run_after=None
[2024-11-11T00:48:39.217+0100] {processor.py:208} INFO - Processing /home/sakana/anaconda3/envs/airflow_env/lib/python3.8/site-packages/airflow/example_dags/example_params_trigger_ui.py took 0.116 seconds
[2024-11-11T00:49:36.140+0100] {processor.py:186} INFO - Started process (PID=9295) to work on /home/sakana/anaconda3/envs/airflow_env/lib/python3.8/site-packages/airflow/example_dags/example_params_trigger_ui.py
[2024-11-11T00:49:36.141+0100] {processor.py:914} INFO - Processing file /home/sakana/anaconda3/envs/airflow_env/lib/python3.8/site-packages/airflow/example_dags/example_params_trigger_ui.py for tasks to queue
[2024-11-11T00:49:36.146+0100] {logging_mixin.py:190} INFO - [2024-11-11T00:49:36.145+0100] {dagbag.py:588} INFO - Filling up the DagBag from /home/sakana/anaconda3/envs/airflow_env/lib/python3.8/site-packages/airflow/example_dags/example_params_trigger_ui.py
[2024-11-11T00:49:36.163+0100] {processor.py:925} INFO - DAG(s) 'example_params_trigger_ui' retrieved from /home/sakana/anaconda3/envs/airflow_env/lib/python3.8/site-packages/airflow/example_dags/example_params_trigger_ui.py
[2024-11-11T00:49:36.252+0100] {logging_mixin.py:190} INFO - [2024-11-11T00:49:36.252+0100] {dag.py:3239} INFO - Sync 1 DAGs
[2024-11-11T00:49:36.273+0100] {logging_mixin.py:190} INFO - [2024-11-11T00:49:36.272+0100] {dag.py:4180} INFO - Setting next_dagrun for example_params_trigger_ui to None, run_after=None
[2024-11-11T00:49:36.303+0100] {processor.py:208} INFO - Processing /home/sakana/anaconda3/envs/airflow_env/lib/python3.8/site-packages/airflow/example_dags/example_params_trigger_ui.py took 0.177 seconds
[2024-11-11T00:50:36.158+0100] {processor.py:186} INFO - Started process (PID=9503) to work on /home/sakana/anaconda3/envs/airflow_env/lib/python3.8/site-packages/airflow/example_dags/example_params_trigger_ui.py
[2024-11-11T00:50:36.165+0100] {processor.py:914} INFO - Processing file /home/sakana/anaconda3/envs/airflow_env/lib/python3.8/site-packages/airflow/example_dags/example_params_trigger_ui.py for tasks to queue
[2024-11-11T00:50:36.174+0100] {logging_mixin.py:190} INFO - [2024-11-11T00:50:36.172+0100] {dagbag.py:588} INFO - Filling up the DagBag from /home/sakana/anaconda3/envs/airflow_env/lib/python3.8/site-packages/airflow/example_dags/example_params_trigger_ui.py
[2024-11-11T00:50:36.217+0100] {processor.py:925} INFO - DAG(s) 'example_params_trigger_ui' retrieved from /home/sakana/anaconda3/envs/airflow_env/lib/python3.8/site-packages/airflow/example_dags/example_params_trigger_ui.py
[2024-11-11T00:50:36.290+0100] {logging_mixin.py:190} INFO - [2024-11-11T00:50:36.290+0100] {dag.py:3239} INFO - Sync 1 DAGs
[2024-11-11T00:50:36.306+0100] {logging_mixin.py:190} INFO - [2024-11-11T00:50:36.305+0100] {dag.py:4180} INFO - Setting next_dagrun for example_params_trigger_ui to None, run_after=None
[2024-11-11T00:50:36.327+0100] {processor.py:208} INFO - Processing /home/sakana/anaconda3/envs/airflow_env/lib/python3.8/site-packages/airflow/example_dags/example_params_trigger_ui.py took 0.192 seconds
[2024-11-11T00:51:34.935+0100] {processor.py:186} INFO - Started process (PID=9592) to work on /home/sakana/anaconda3/envs/airflow_env/lib/python3.8/site-packages/airflow/example_dags/example_params_trigger_ui.py
[2024-11-11T00:51:34.937+0100] {processor.py:914} INFO - Processing file /home/sakana/anaconda3/envs/airflow_env/lib/python3.8/site-packages/airflow/example_dags/example_params_trigger_ui.py for tasks to queue
[2024-11-11T00:51:34.939+0100] {logging_mixin.py:190} INFO - [2024-11-11T00:51:34.939+0100] {dagbag.py:588} INFO - Filling up the DagBag from /home/sakana/anaconda3/envs/airflow_env/lib/python3.8/site-packages/airflow/example_dags/example_params_trigger_ui.py
[2024-11-11T00:51:34.960+0100] {processor.py:925} INFO - DAG(s) 'example_params_trigger_ui' retrieved from /home/sakana/anaconda3/envs/airflow_env/lib/python3.8/site-packages/airflow/example_dags/example_params_trigger_ui.py
[2024-11-11T00:51:35.031+0100] {logging_mixin.py:190} INFO - [2024-11-11T00:51:35.030+0100] {dag.py:3239} INFO - Sync 1 DAGs
[2024-11-11T00:51:35.050+0100] {logging_mixin.py:190} INFO - [2024-11-11T00:51:35.050+0100] {dag.py:4180} INFO - Setting next_dagrun for example_params_trigger_ui to None, run_after=None
[2024-11-11T00:51:35.083+0100] {processor.py:208} INFO - Processing /home/sakana/anaconda3/envs/airflow_env/lib/python3.8/site-packages/airflow/example_dags/example_params_trigger_ui.py took 0.155 seconds
[2024-11-11T00:52:29.796+0100] {processor.py:186} INFO - Started process (PID=9690) to work on /home/sakana/anaconda3/envs/airflow_env/lib/python3.8/site-packages/airflow/example_dags/example_params_trigger_ui.py
[2024-11-11T00:52:29.798+0100] {processor.py:914} INFO - Processing file /home/sakana/anaconda3/envs/airflow_env/lib/python3.8/site-packages/airflow/example_dags/example_params_trigger_ui.py for tasks to queue
[2024-11-11T00:52:29.802+0100] {logging_mixin.py:190} INFO - [2024-11-11T00:52:29.801+0100] {dagbag.py:588} INFO - Filling up the DagBag from /home/sakana/anaconda3/envs/airflow_env/lib/python3.8/site-packages/airflow/example_dags/example_params_trigger_ui.py
[2024-11-11T00:52:29.823+0100] {processor.py:925} INFO - DAG(s) 'example_params_trigger_ui' retrieved from /home/sakana/anaconda3/envs/airflow_env/lib/python3.8/site-packages/airflow/example_dags/example_params_trigger_ui.py
[2024-11-11T00:52:29.923+0100] {logging_mixin.py:190} INFO - [2024-11-11T00:52:29.923+0100] {dag.py:3239} INFO - Sync 1 DAGs
[2024-11-11T00:52:29.946+0100] {logging_mixin.py:190} INFO - [2024-11-11T00:52:29.946+0100] {dag.py:4180} INFO - Setting next_dagrun for example_params_trigger_ui to None, run_after=None
[2024-11-11T00:52:30.000+0100] {processor.py:208} INFO - Processing /home/sakana/anaconda3/envs/airflow_env/lib/python3.8/site-packages/airflow/example_dags/example_params_trigger_ui.py took 0.214 seconds
[2024-11-11T00:53:31.903+0100] {processor.py:186} INFO - Started process (PID=9878) to work on /home/sakana/anaconda3/envs/airflow_env/lib/python3.8/site-packages/airflow/example_dags/example_params_trigger_ui.py
[2024-11-11T00:53:31.908+0100] {processor.py:914} INFO - Processing file /home/sakana/anaconda3/envs/airflow_env/lib/python3.8/site-packages/airflow/example_dags/example_params_trigger_ui.py for tasks to queue
[2024-11-11T00:53:31.910+0100] {logging_mixin.py:190} INFO - [2024-11-11T00:53:31.909+0100] {dagbag.py:588} INFO - Filling up the DagBag from /home/sakana/anaconda3/envs/airflow_env/lib/python3.8/site-packages/airflow/example_dags/example_params_trigger_ui.py
[2024-11-11T00:53:31.921+0100] {processor.py:925} INFO - DAG(s) 'example_params_trigger_ui' retrieved from /home/sakana/anaconda3/envs/airflow_env/lib/python3.8/site-packages/airflow/example_dags/example_params_trigger_ui.py
[2024-11-11T00:53:31.966+0100] {logging_mixin.py:190} INFO - [2024-11-11T00:53:31.966+0100] {dag.py:3239} INFO - Sync 1 DAGs
[2024-11-11T00:53:31.977+0100] {logging_mixin.py:190} INFO - [2024-11-11T00:53:31.977+0100] {dag.py:4180} INFO - Setting next_dagrun for example_params_trigger_ui to None, run_after=None
[2024-11-11T00:53:32.008+0100] {processor.py:208} INFO - Processing /home/sakana/anaconda3/envs/airflow_env/lib/python3.8/site-packages/airflow/example_dags/example_params_trigger_ui.py took 0.111 seconds
[2024-11-11T00:54:29.953+0100] {processor.py:186} INFO - Started process (PID=9958) to work on /home/sakana/anaconda3/envs/airflow_env/lib/python3.8/site-packages/airflow/example_dags/example_params_trigger_ui.py
[2024-11-11T00:54:29.958+0100] {processor.py:914} INFO - Processing file /home/sakana/anaconda3/envs/airflow_env/lib/python3.8/site-packages/airflow/example_dags/example_params_trigger_ui.py for tasks to queue
[2024-11-11T00:54:29.960+0100] {logging_mixin.py:190} INFO - [2024-11-11T00:54:29.960+0100] {dagbag.py:588} INFO - Filling up the DagBag from /home/sakana/anaconda3/envs/airflow_env/lib/python3.8/site-packages/airflow/example_dags/example_params_trigger_ui.py
[2024-11-11T00:54:29.971+0100] {processor.py:925} INFO - DAG(s) 'example_params_trigger_ui' retrieved from /home/sakana/anaconda3/envs/airflow_env/lib/python3.8/site-packages/airflow/example_dags/example_params_trigger_ui.py
[2024-11-11T00:54:30.014+0100] {logging_mixin.py:190} INFO - [2024-11-11T00:54:30.013+0100] {dag.py:3239} INFO - Sync 1 DAGs
[2024-11-11T00:54:30.026+0100] {logging_mixin.py:190} INFO - [2024-11-11T00:54:30.026+0100] {dag.py:4180} INFO - Setting next_dagrun for example_params_trigger_ui to None, run_after=None
[2024-11-11T00:54:30.060+0100] {processor.py:208} INFO - Processing /home/sakana/anaconda3/envs/airflow_env/lib/python3.8/site-packages/airflow/example_dags/example_params_trigger_ui.py took 0.114 seconds
