[2024-11-11T00:26:19.988+0100] {processor.py:186} INFO - Started process (PID=6821) to work on /home/sakana/anaconda3/envs/airflow_env/lib/python3.8/site-packages/airflow/example_dags/example_inlet_event_extra.py
[2024-11-11T00:26:19.990+0100] {processor.py:914} INFO - Processing file /home/sakana/anaconda3/envs/airflow_env/lib/python3.8/site-packages/airflow/example_dags/example_inlet_event_extra.py for tasks to queue
[2024-11-11T00:26:19.993+0100] {logging_mixin.py:190} INFO - [2024-11-11T00:26:19.993+0100] {dagbag.py:588} INFO - Filling up the DagBag from /home/sakana/anaconda3/envs/airflow_env/lib/python3.8/site-packages/airflow/example_dags/example_inlet_event_extra.py
[2024-11-11T00:26:20.010+0100] {processor.py:925} INFO - DAG(s) 'read_dataset_event', 'read_dataset_event_from_classic' retrieved from /home/sakana/anaconda3/envs/airflow_env/lib/python3.8/site-packages/airflow/example_dags/example_inlet_event_extra.py
[2024-11-11T00:26:20.130+0100] {logging_mixin.py:190} INFO - [2024-11-11T00:26:20.129+0100] {override.py:1901} INFO - Created Permission View: can edit on DAG:read_dataset_event
[2024-11-11T00:26:20.148+0100] {logging_mixin.py:190} INFO - [2024-11-11T00:26:20.147+0100] {override.py:1901} INFO - Created Permission View: can read on DAG:read_dataset_event
[2024-11-11T00:26:20.164+0100] {logging_mixin.py:190} INFO - [2024-11-11T00:26:20.163+0100] {override.py:1901} INFO - Created Permission View: can delete on DAG:read_dataset_event
[2024-11-11T00:26:20.209+0100] {logging_mixin.py:190} INFO - [2024-11-11T00:26:20.207+0100] {override.py:1901} INFO - Created Permission View: can create on DAG Run:read_dataset_event
[2024-11-11T00:26:20.234+0100] {logging_mixin.py:190} INFO - [2024-11-11T00:26:20.234+0100] {override.py:1901} INFO - Created Permission View: can read on DAG Run:read_dataset_event
[2024-11-11T00:26:20.250+0100] {logging_mixin.py:190} INFO - [2024-11-11T00:26:20.249+0100] {override.py:1901} INFO - Created Permission View: can delete on DAG Run:read_dataset_event
[2024-11-11T00:26:20.267+0100] {logging_mixin.py:190} INFO - [2024-11-11T00:26:20.265+0100] {override.py:1901} INFO - Created Permission View: menu access on DAG Run:read_dataset_event
[2024-11-11T00:26:20.309+0100] {logging_mixin.py:190} INFO - [2024-11-11T00:26:20.309+0100] {override.py:1901} INFO - Created Permission View: can edit on DAG:read_dataset_event_from_classic
[2024-11-11T00:26:20.327+0100] {logging_mixin.py:190} INFO - [2024-11-11T00:26:20.326+0100] {override.py:1901} INFO - Created Permission View: can read on DAG:read_dataset_event_from_classic
[2024-11-11T00:26:20.355+0100] {logging_mixin.py:190} INFO - [2024-11-11T00:26:20.354+0100] {override.py:1901} INFO - Created Permission View: can delete on DAG:read_dataset_event_from_classic
[2024-11-11T00:26:20.393+0100] {logging_mixin.py:190} INFO - [2024-11-11T00:26:20.392+0100] {override.py:1901} INFO - Created Permission View: can create on DAG Run:read_dataset_event_from_classic
[2024-11-11T00:26:20.410+0100] {logging_mixin.py:190} INFO - [2024-11-11T00:26:20.408+0100] {override.py:1901} INFO - Created Permission View: can read on DAG Run:read_dataset_event_from_classic
[2024-11-11T00:26:20.435+0100] {logging_mixin.py:190} INFO - [2024-11-11T00:26:20.434+0100] {override.py:1901} INFO - Created Permission View: can delete on DAG Run:read_dataset_event_from_classic
[2024-11-11T00:26:20.452+0100] {logging_mixin.py:190} INFO - [2024-11-11T00:26:20.452+0100] {override.py:1901} INFO - Created Permission View: menu access on DAG Run:read_dataset_event_from_classic
[2024-11-11T00:26:20.453+0100] {logging_mixin.py:190} INFO - [2024-11-11T00:26:20.453+0100] {dag.py:3239} INFO - Sync 2 DAGs
[2024-11-11T00:26:20.472+0100] {logging_mixin.py:190} INFO - [2024-11-11T00:26:20.471+0100] {dag.py:3262} INFO - Creating ORM DAG for read_dataset_event_from_classic
[2024-11-11T00:26:20.472+0100] {logging_mixin.py:190} INFO - [2024-11-11T00:26:20.472+0100] {dag.py:3262} INFO - Creating ORM DAG for read_dataset_event
[2024-11-11T00:26:20.482+0100] {logging_mixin.py:190} INFO - [2024-11-11T00:26:20.482+0100] {dag.py:4180} INFO - Setting next_dagrun for read_dataset_event to 2024-11-09 00:00:00+00:00, run_after=2024-11-10 00:00:00+00:00
[2024-11-11T00:26:20.484+0100] {logging_mixin.py:190} INFO - [2024-11-11T00:26:20.483+0100] {dag.py:4180} INFO - Setting next_dagrun for read_dataset_event_from_classic to 2024-11-09 00:00:00+00:00, run_after=2024-11-10 00:00:00+00:00
[2024-11-11T00:26:20.511+0100] {processor.py:208} INFO - Processing /home/sakana/anaconda3/envs/airflow_env/lib/python3.8/site-packages/airflow/example_dags/example_inlet_event_extra.py took 0.531 seconds
[2024-11-11T00:27:25.428+0100] {processor.py:186} INFO - Started process (PID=6937) to work on /home/sakana/anaconda3/envs/airflow_env/lib/python3.8/site-packages/airflow/example_dags/example_inlet_event_extra.py
[2024-11-11T00:27:25.429+0100] {processor.py:914} INFO - Processing file /home/sakana/anaconda3/envs/airflow_env/lib/python3.8/site-packages/airflow/example_dags/example_inlet_event_extra.py for tasks to queue
[2024-11-11T00:27:25.431+0100] {logging_mixin.py:190} INFO - [2024-11-11T00:27:25.430+0100] {dagbag.py:588} INFO - Filling up the DagBag from /home/sakana/anaconda3/envs/airflow_env/lib/python3.8/site-packages/airflow/example_dags/example_inlet_event_extra.py
[2024-11-11T00:27:25.443+0100] {processor.py:925} INFO - DAG(s) 'read_dataset_event', 'read_dataset_event_from_classic' retrieved from /home/sakana/anaconda3/envs/airflow_env/lib/python3.8/site-packages/airflow/example_dags/example_inlet_event_extra.py
[2024-11-11T00:27:25.462+0100] {logging_mixin.py:190} INFO - [2024-11-11T00:27:25.462+0100] {dag.py:3239} INFO - Sync 2 DAGs
[2024-11-11T00:27:25.481+0100] {logging_mixin.py:190} INFO - [2024-11-11T00:27:25.481+0100] {dag.py:4180} INFO - Setting next_dagrun for read_dataset_event to 2024-11-09 00:00:00+00:00, run_after=2024-11-10 00:00:00+00:00
[2024-11-11T00:27:25.485+0100] {logging_mixin.py:190} INFO - [2024-11-11T00:27:25.485+0100] {dag.py:4180} INFO - Setting next_dagrun for read_dataset_event_from_classic to 2024-11-09 00:00:00+00:00, run_after=2024-11-10 00:00:00+00:00
[2024-11-11T00:27:25.500+0100] {processor.py:208} INFO - Processing /home/sakana/anaconda3/envs/airflow_env/lib/python3.8/site-packages/airflow/example_dags/example_inlet_event_extra.py took 0.079 seconds
[2024-11-11T00:28:22.013+0100] {processor.py:186} INFO - Started process (PID=7039) to work on /home/sakana/anaconda3/envs/airflow_env/lib/python3.8/site-packages/airflow/example_dags/example_inlet_event_extra.py
[2024-11-11T00:28:22.018+0100] {processor.py:914} INFO - Processing file /home/sakana/anaconda3/envs/airflow_env/lib/python3.8/site-packages/airflow/example_dags/example_inlet_event_extra.py for tasks to queue
[2024-11-11T00:28:22.025+0100] {logging_mixin.py:190} INFO - [2024-11-11T00:28:22.023+0100] {dagbag.py:588} INFO - Filling up the DagBag from /home/sakana/anaconda3/envs/airflow_env/lib/python3.8/site-packages/airflow/example_dags/example_inlet_event_extra.py
[2024-11-11T00:28:22.053+0100] {processor.py:925} INFO - DAG(s) 'read_dataset_event', 'read_dataset_event_from_classic' retrieved from /home/sakana/anaconda3/envs/airflow_env/lib/python3.8/site-packages/airflow/example_dags/example_inlet_event_extra.py
[2024-11-11T00:28:22.072+0100] {logging_mixin.py:190} INFO - [2024-11-11T00:28:22.072+0100] {dag.py:3239} INFO - Sync 2 DAGs
[2024-11-11T00:28:22.091+0100] {logging_mixin.py:190} INFO - [2024-11-11T00:28:22.091+0100] {dag.py:4180} INFO - Setting next_dagrun for read_dataset_event to 2024-11-09 00:00:00+00:00, run_after=2024-11-10 00:00:00+00:00
[2024-11-11T00:28:22.096+0100] {logging_mixin.py:190} INFO - [2024-11-11T00:28:22.096+0100] {dag.py:4180} INFO - Setting next_dagrun for read_dataset_event_from_classic to 2024-11-09 00:00:00+00:00, run_after=2024-11-10 00:00:00+00:00
[2024-11-11T00:28:22.111+0100] {processor.py:208} INFO - Processing /home/sakana/anaconda3/envs/airflow_env/lib/python3.8/site-packages/airflow/example_dags/example_inlet_event_extra.py took 0.103 seconds
[2024-11-11T00:29:19.949+0100] {processor.py:186} INFO - Started process (PID=7119) to work on /home/sakana/anaconda3/envs/airflow_env/lib/python3.8/site-packages/airflow/example_dags/example_inlet_event_extra.py
[2024-11-11T00:29:19.953+0100] {processor.py:914} INFO - Processing file /home/sakana/anaconda3/envs/airflow_env/lib/python3.8/site-packages/airflow/example_dags/example_inlet_event_extra.py for tasks to queue
[2024-11-11T00:29:19.956+0100] {logging_mixin.py:190} INFO - [2024-11-11T00:29:19.955+0100] {dagbag.py:588} INFO - Filling up the DagBag from /home/sakana/anaconda3/envs/airflow_env/lib/python3.8/site-packages/airflow/example_dags/example_inlet_event_extra.py
[2024-11-11T00:29:19.967+0100] {processor.py:925} INFO - DAG(s) 'read_dataset_event_from_classic', 'read_dataset_event' retrieved from /home/sakana/anaconda3/envs/airflow_env/lib/python3.8/site-packages/airflow/example_dags/example_inlet_event_extra.py
[2024-11-11T00:29:19.983+0100] {logging_mixin.py:190} INFO - [2024-11-11T00:29:19.983+0100] {dag.py:3239} INFO - Sync 2 DAGs
[2024-11-11T00:29:20.002+0100] {logging_mixin.py:190} INFO - [2024-11-11T00:29:20.001+0100] {dag.py:4180} INFO - Setting next_dagrun for read_dataset_event to 2024-11-09 00:00:00+00:00, run_after=2024-11-10 00:00:00+00:00
[2024-11-11T00:29:20.006+0100] {logging_mixin.py:190} INFO - [2024-11-11T00:29:20.006+0100] {dag.py:4180} INFO - Setting next_dagrun for read_dataset_event_from_classic to 2024-11-09 00:00:00+00:00, run_after=2024-11-10 00:00:00+00:00
[2024-11-11T00:29:20.020+0100] {processor.py:208} INFO - Processing /home/sakana/anaconda3/envs/airflow_env/lib/python3.8/site-packages/airflow/example_dags/example_inlet_event_extra.py took 0.078 seconds
[2024-11-11T00:30:12.936+0100] {processor.py:186} INFO - Started process (PID=7203) to work on /home/sakana/anaconda3/envs/airflow_env/lib/python3.8/site-packages/airflow/example_dags/example_inlet_event_extra.py
[2024-11-11T00:30:12.940+0100] {processor.py:914} INFO - Processing file /home/sakana/anaconda3/envs/airflow_env/lib/python3.8/site-packages/airflow/example_dags/example_inlet_event_extra.py for tasks to queue
[2024-11-11T00:30:12.943+0100] {logging_mixin.py:190} INFO - [2024-11-11T00:30:12.942+0100] {dagbag.py:588} INFO - Filling up the DagBag from /home/sakana/anaconda3/envs/airflow_env/lib/python3.8/site-packages/airflow/example_dags/example_inlet_event_extra.py
[2024-11-11T00:30:12.956+0100] {processor.py:925} INFO - DAG(s) 'read_dataset_event', 'read_dataset_event_from_classic' retrieved from /home/sakana/anaconda3/envs/airflow_env/lib/python3.8/site-packages/airflow/example_dags/example_inlet_event_extra.py
[2024-11-11T00:30:12.972+0100] {logging_mixin.py:190} INFO - [2024-11-11T00:30:12.971+0100] {dag.py:3239} INFO - Sync 2 DAGs
[2024-11-11T00:30:12.990+0100] {logging_mixin.py:190} INFO - [2024-11-11T00:30:12.990+0100] {dag.py:4180} INFO - Setting next_dagrun for read_dataset_event to 2024-11-09 00:00:00+00:00, run_after=2024-11-10 00:00:00+00:00
[2024-11-11T00:30:12.994+0100] {logging_mixin.py:190} INFO - [2024-11-11T00:30:12.994+0100] {dag.py:4180} INFO - Setting next_dagrun for read_dataset_event_from_classic to 2024-11-09 00:00:00+00:00, run_after=2024-11-10 00:00:00+00:00
[2024-11-11T00:30:13.009+0100] {processor.py:208} INFO - Processing /home/sakana/anaconda3/envs/airflow_env/lib/python3.8/site-packages/airflow/example_dags/example_inlet_event_extra.py took 0.081 seconds
[2024-11-11T00:31:10.144+0100] {processor.py:186} INFO - Started process (PID=7280) to work on /home/sakana/anaconda3/envs/airflow_env/lib/python3.8/site-packages/airflow/example_dags/example_inlet_event_extra.py
[2024-11-11T00:31:10.148+0100] {processor.py:914} INFO - Processing file /home/sakana/anaconda3/envs/airflow_env/lib/python3.8/site-packages/airflow/example_dags/example_inlet_event_extra.py for tasks to queue
[2024-11-11T00:31:10.151+0100] {logging_mixin.py:190} INFO - [2024-11-11T00:31:10.150+0100] {dagbag.py:588} INFO - Filling up the DagBag from /home/sakana/anaconda3/envs/airflow_env/lib/python3.8/site-packages/airflow/example_dags/example_inlet_event_extra.py
[2024-11-11T00:31:10.164+0100] {processor.py:925} INFO - DAG(s) 'read_dataset_event_from_classic', 'read_dataset_event' retrieved from /home/sakana/anaconda3/envs/airflow_env/lib/python3.8/site-packages/airflow/example_dags/example_inlet_event_extra.py
[2024-11-11T00:31:10.181+0100] {logging_mixin.py:190} INFO - [2024-11-11T00:31:10.181+0100] {dag.py:3239} INFO - Sync 2 DAGs
[2024-11-11T00:31:10.200+0100] {logging_mixin.py:190} INFO - [2024-11-11T00:31:10.199+0100] {dag.py:4180} INFO - Setting next_dagrun for read_dataset_event to 2024-11-09 00:00:00+00:00, run_after=2024-11-10 00:00:00+00:00
[2024-11-11T00:31:10.203+0100] {logging_mixin.py:190} INFO - [2024-11-11T00:31:10.203+0100] {dag.py:4180} INFO - Setting next_dagrun for read_dataset_event_from_classic to 2024-11-09 00:00:00+00:00, run_after=2024-11-10 00:00:00+00:00
[2024-11-11T00:31:10.219+0100] {processor.py:208} INFO - Processing /home/sakana/anaconda3/envs/airflow_env/lib/python3.8/site-packages/airflow/example_dags/example_inlet_event_extra.py took 0.082 seconds
[2024-11-11T00:32:07.023+0100] {processor.py:186} INFO - Started process (PID=7357) to work on /home/sakana/anaconda3/envs/airflow_env/lib/python3.8/site-packages/airflow/example_dags/example_inlet_event_extra.py
[2024-11-11T00:32:07.023+0100] {processor.py:914} INFO - Processing file /home/sakana/anaconda3/envs/airflow_env/lib/python3.8/site-packages/airflow/example_dags/example_inlet_event_extra.py for tasks to queue
[2024-11-11T00:32:07.025+0100] {logging_mixin.py:190} INFO - [2024-11-11T00:32:07.025+0100] {dagbag.py:588} INFO - Filling up the DagBag from /home/sakana/anaconda3/envs/airflow_env/lib/python3.8/site-packages/airflow/example_dags/example_inlet_event_extra.py
[2024-11-11T00:32:07.037+0100] {processor.py:925} INFO - DAG(s) 'read_dataset_event_from_classic', 'read_dataset_event' retrieved from /home/sakana/anaconda3/envs/airflow_env/lib/python3.8/site-packages/airflow/example_dags/example_inlet_event_extra.py
[2024-11-11T00:32:07.055+0100] {logging_mixin.py:190} INFO - [2024-11-11T00:32:07.055+0100] {dag.py:3239} INFO - Sync 2 DAGs
[2024-11-11T00:32:07.075+0100] {logging_mixin.py:190} INFO - [2024-11-11T00:32:07.074+0100] {dag.py:4180} INFO - Setting next_dagrun for read_dataset_event to 2024-11-09 00:00:00+00:00, run_after=2024-11-10 00:00:00+00:00
[2024-11-11T00:32:07.078+0100] {logging_mixin.py:190} INFO - [2024-11-11T00:32:07.078+0100] {dag.py:4180} INFO - Setting next_dagrun for read_dataset_event_from_classic to 2024-11-09 00:00:00+00:00, run_after=2024-11-10 00:00:00+00:00
[2024-11-11T00:32:07.094+0100] {processor.py:208} INFO - Processing /home/sakana/anaconda3/envs/airflow_env/lib/python3.8/site-packages/airflow/example_dags/example_inlet_event_extra.py took 0.077 seconds
[2024-11-11T00:33:01.496+0100] {processor.py:186} INFO - Started process (PID=7423) to work on /home/sakana/anaconda3/envs/airflow_env/lib/python3.8/site-packages/airflow/example_dags/example_inlet_event_extra.py
[2024-11-11T00:33:01.501+0100] {processor.py:914} INFO - Processing file /home/sakana/anaconda3/envs/airflow_env/lib/python3.8/site-packages/airflow/example_dags/example_inlet_event_extra.py for tasks to queue
[2024-11-11T00:33:01.504+0100] {logging_mixin.py:190} INFO - [2024-11-11T00:33:01.503+0100] {dagbag.py:588} INFO - Filling up the DagBag from /home/sakana/anaconda3/envs/airflow_env/lib/python3.8/site-packages/airflow/example_dags/example_inlet_event_extra.py
[2024-11-11T00:33:01.520+0100] {processor.py:925} INFO - DAG(s) 'read_dataset_event_from_classic', 'read_dataset_event' retrieved from /home/sakana/anaconda3/envs/airflow_env/lib/python3.8/site-packages/airflow/example_dags/example_inlet_event_extra.py
[2024-11-11T00:33:01.539+0100] {logging_mixin.py:190} INFO - [2024-11-11T00:33:01.539+0100] {dag.py:3239} INFO - Sync 2 DAGs
[2024-11-11T00:33:01.560+0100] {logging_mixin.py:190} INFO - [2024-11-11T00:33:01.560+0100] {dag.py:4180} INFO - Setting next_dagrun for read_dataset_event to 2024-11-09 00:00:00+00:00, run_after=2024-11-10 00:00:00+00:00
[2024-11-11T00:33:01.564+0100] {logging_mixin.py:190} INFO - [2024-11-11T00:33:01.564+0100] {dag.py:4180} INFO - Setting next_dagrun for read_dataset_event_from_classic to 2024-11-09 00:00:00+00:00, run_after=2024-11-10 00:00:00+00:00
[2024-11-11T00:33:01.579+0100] {processor.py:208} INFO - Processing /home/sakana/anaconda3/envs/airflow_env/lib/python3.8/site-packages/airflow/example_dags/example_inlet_event_extra.py took 0.090 seconds
[2024-11-11T00:33:58.610+0100] {processor.py:186} INFO - Started process (PID=7529) to work on /home/sakana/anaconda3/envs/airflow_env/lib/python3.8/site-packages/airflow/example_dags/example_inlet_event_extra.py
[2024-11-11T00:33:58.616+0100] {processor.py:914} INFO - Processing file /home/sakana/anaconda3/envs/airflow_env/lib/python3.8/site-packages/airflow/example_dags/example_inlet_event_extra.py for tasks to queue
[2024-11-11T00:33:58.619+0100] {logging_mixin.py:190} INFO - [2024-11-11T00:33:58.619+0100] {dagbag.py:588} INFO - Filling up the DagBag from /home/sakana/anaconda3/envs/airflow_env/lib/python3.8/site-packages/airflow/example_dags/example_inlet_event_extra.py
[2024-11-11T00:33:58.641+0100] {processor.py:925} INFO - DAG(s) 'read_dataset_event_from_classic', 'read_dataset_event' retrieved from /home/sakana/anaconda3/envs/airflow_env/lib/python3.8/site-packages/airflow/example_dags/example_inlet_event_extra.py
[2024-11-11T00:33:58.660+0100] {logging_mixin.py:190} INFO - [2024-11-11T00:33:58.659+0100] {dag.py:3239} INFO - Sync 2 DAGs
[2024-11-11T00:33:58.683+0100] {logging_mixin.py:190} INFO - [2024-11-11T00:33:58.682+0100] {dag.py:4180} INFO - Setting next_dagrun for read_dataset_event to 2024-11-09 00:00:00+00:00, run_after=2024-11-10 00:00:00+00:00
[2024-11-11T00:33:58.687+0100] {logging_mixin.py:190} INFO - [2024-11-11T00:33:58.686+0100] {dag.py:4180} INFO - Setting next_dagrun for read_dataset_event_from_classic to 2024-11-09 00:00:00+00:00, run_after=2024-11-10 00:00:00+00:00
[2024-11-11T00:33:58.702+0100] {processor.py:208} INFO - Processing /home/sakana/anaconda3/envs/airflow_env/lib/python3.8/site-packages/airflow/example_dags/example_inlet_event_extra.py took 0.104 seconds
[2024-11-11T00:34:56.484+0100] {processor.py:186} INFO - Started process (PID=7608) to work on /home/sakana/anaconda3/envs/airflow_env/lib/python3.8/site-packages/airflow/example_dags/example_inlet_event_extra.py
[2024-11-11T00:34:56.489+0100] {processor.py:914} INFO - Processing file /home/sakana/anaconda3/envs/airflow_env/lib/python3.8/site-packages/airflow/example_dags/example_inlet_event_extra.py for tasks to queue
[2024-11-11T00:34:56.491+0100] {logging_mixin.py:190} INFO - [2024-11-11T00:34:56.491+0100] {dagbag.py:588} INFO - Filling up the DagBag from /home/sakana/anaconda3/envs/airflow_env/lib/python3.8/site-packages/airflow/example_dags/example_inlet_event_extra.py
[2024-11-11T00:34:56.508+0100] {processor.py:925} INFO - DAG(s) 'read_dataset_event', 'read_dataset_event_from_classic' retrieved from /home/sakana/anaconda3/envs/airflow_env/lib/python3.8/site-packages/airflow/example_dags/example_inlet_event_extra.py
[2024-11-11T00:34:56.527+0100] {logging_mixin.py:190} INFO - [2024-11-11T00:34:56.527+0100] {dag.py:3239} INFO - Sync 2 DAGs
[2024-11-11T00:34:56.549+0100] {logging_mixin.py:190} INFO - [2024-11-11T00:34:56.549+0100] {dag.py:4180} INFO - Setting next_dagrun for read_dataset_event to 2024-11-09 00:00:00+00:00, run_after=2024-11-10 00:00:00+00:00
[2024-11-11T00:34:56.554+0100] {logging_mixin.py:190} INFO - [2024-11-11T00:34:56.553+0100] {dag.py:4180} INFO - Setting next_dagrun for read_dataset_event_from_classic to 2024-11-09 00:00:00+00:00, run_after=2024-11-10 00:00:00+00:00
[2024-11-11T00:34:56.580+0100] {processor.py:208} INFO - Processing /home/sakana/anaconda3/envs/airflow_env/lib/python3.8/site-packages/airflow/example_dags/example_inlet_event_extra.py took 0.104 seconds
[2024-11-11T00:35:49.083+0100] {processor.py:186} INFO - Started process (PID=7683) to work on /home/sakana/anaconda3/envs/airflow_env/lib/python3.8/site-packages/airflow/example_dags/example_inlet_event_extra.py
[2024-11-11T00:35:49.089+0100] {processor.py:914} INFO - Processing file /home/sakana/anaconda3/envs/airflow_env/lib/python3.8/site-packages/airflow/example_dags/example_inlet_event_extra.py for tasks to queue
[2024-11-11T00:35:49.095+0100] {logging_mixin.py:190} INFO - [2024-11-11T00:35:49.094+0100] {dagbag.py:588} INFO - Filling up the DagBag from /home/sakana/anaconda3/envs/airflow_env/lib/python3.8/site-packages/airflow/example_dags/example_inlet_event_extra.py
[2024-11-11T00:35:49.125+0100] {processor.py:925} INFO - DAG(s) 'read_dataset_event_from_classic', 'read_dataset_event' retrieved from /home/sakana/anaconda3/envs/airflow_env/lib/python3.8/site-packages/airflow/example_dags/example_inlet_event_extra.py
[2024-11-11T00:35:49.143+0100] {logging_mixin.py:190} INFO - [2024-11-11T00:35:49.143+0100] {dag.py:3239} INFO - Sync 2 DAGs
[2024-11-11T00:35:49.162+0100] {logging_mixin.py:190} INFO - [2024-11-11T00:35:49.162+0100] {dag.py:4180} INFO - Setting next_dagrun for read_dataset_event to 2024-11-09 00:00:00+00:00, run_after=2024-11-10 00:00:00+00:00
[2024-11-11T00:35:49.166+0100] {logging_mixin.py:190} INFO - [2024-11-11T00:35:49.166+0100] {dag.py:4180} INFO - Setting next_dagrun for read_dataset_event_from_classic to 2024-11-09 00:00:00+00:00, run_after=2024-11-10 00:00:00+00:00
[2024-11-11T00:35:49.188+0100] {processor.py:208} INFO - Processing /home/sakana/anaconda3/envs/airflow_env/lib/python3.8/site-packages/airflow/example_dags/example_inlet_event_extra.py took 0.111 seconds
[2024-11-11T00:36:44.047+0100] {processor.py:186} INFO - Started process (PID=7750) to work on /home/sakana/anaconda3/envs/airflow_env/lib/python3.8/site-packages/airflow/example_dags/example_inlet_event_extra.py
[2024-11-11T00:36:44.051+0100] {processor.py:914} INFO - Processing file /home/sakana/anaconda3/envs/airflow_env/lib/python3.8/site-packages/airflow/example_dags/example_inlet_event_extra.py for tasks to queue
[2024-11-11T00:36:44.054+0100] {logging_mixin.py:190} INFO - [2024-11-11T00:36:44.054+0100] {dagbag.py:588} INFO - Filling up the DagBag from /home/sakana/anaconda3/envs/airflow_env/lib/python3.8/site-packages/airflow/example_dags/example_inlet_event_extra.py
[2024-11-11T00:36:44.071+0100] {processor.py:925} INFO - DAG(s) 'read_dataset_event_from_classic', 'read_dataset_event' retrieved from /home/sakana/anaconda3/envs/airflow_env/lib/python3.8/site-packages/airflow/example_dags/example_inlet_event_extra.py
[2024-11-11T00:36:44.089+0100] {logging_mixin.py:190} INFO - [2024-11-11T00:36:44.088+0100] {dag.py:3239} INFO - Sync 2 DAGs
[2024-11-11T00:36:44.110+0100] {logging_mixin.py:190} INFO - [2024-11-11T00:36:44.110+0100] {dag.py:4180} INFO - Setting next_dagrun for read_dataset_event to 2024-11-09 00:00:00+00:00, run_after=2024-11-10 00:00:00+00:00
[2024-11-11T00:36:44.114+0100] {logging_mixin.py:190} INFO - [2024-11-11T00:36:44.114+0100] {dag.py:4180} INFO - Setting next_dagrun for read_dataset_event_from_classic to 2024-11-09 00:00:00+00:00, run_after=2024-11-10 00:00:00+00:00
[2024-11-11T00:36:44.137+0100] {processor.py:208} INFO - Processing /home/sakana/anaconda3/envs/airflow_env/lib/python3.8/site-packages/airflow/example_dags/example_inlet_event_extra.py took 0.098 seconds
[2024-11-11T00:37:42.631+0100] {processor.py:186} INFO - Started process (PID=7824) to work on /home/sakana/anaconda3/envs/airflow_env/lib/python3.8/site-packages/airflow/example_dags/example_inlet_event_extra.py
[2024-11-11T00:37:42.632+0100] {processor.py:914} INFO - Processing file /home/sakana/anaconda3/envs/airflow_env/lib/python3.8/site-packages/airflow/example_dags/example_inlet_event_extra.py for tasks to queue
[2024-11-11T00:37:42.634+0100] {logging_mixin.py:190} INFO - [2024-11-11T00:37:42.633+0100] {dagbag.py:588} INFO - Filling up the DagBag from /home/sakana/anaconda3/envs/airflow_env/lib/python3.8/site-packages/airflow/example_dags/example_inlet_event_extra.py
[2024-11-11T00:37:42.647+0100] {processor.py:925} INFO - DAG(s) 'read_dataset_event_from_classic', 'read_dataset_event' retrieved from /home/sakana/anaconda3/envs/airflow_env/lib/python3.8/site-packages/airflow/example_dags/example_inlet_event_extra.py
[2024-11-11T00:37:42.665+0100] {logging_mixin.py:190} INFO - [2024-11-11T00:37:42.665+0100] {dag.py:3239} INFO - Sync 2 DAGs
[2024-11-11T00:37:42.685+0100] {logging_mixin.py:190} INFO - [2024-11-11T00:37:42.685+0100] {dag.py:4180} INFO - Setting next_dagrun for read_dataset_event to 2024-11-09 00:00:00+00:00, run_after=2024-11-10 00:00:00+00:00
[2024-11-11T00:37:42.689+0100] {logging_mixin.py:190} INFO - [2024-11-11T00:37:42.689+0100] {dag.py:4180} INFO - Setting next_dagrun for read_dataset_event_from_classic to 2024-11-09 00:00:00+00:00, run_after=2024-11-10 00:00:00+00:00
[2024-11-11T00:37:42.715+0100] {processor.py:208} INFO - Processing /home/sakana/anaconda3/envs/airflow_env/lib/python3.8/site-packages/airflow/example_dags/example_inlet_event_extra.py took 0.089 seconds
[2024-11-11T00:38:37.092+0100] {processor.py:186} INFO - Started process (PID=7929) to work on /home/sakana/anaconda3/envs/airflow_env/lib/python3.8/site-packages/airflow/example_dags/example_inlet_event_extra.py
[2024-11-11T00:38:37.097+0100] {processor.py:914} INFO - Processing file /home/sakana/anaconda3/envs/airflow_env/lib/python3.8/site-packages/airflow/example_dags/example_inlet_event_extra.py for tasks to queue
[2024-11-11T00:38:37.099+0100] {logging_mixin.py:190} INFO - [2024-11-11T00:38:37.098+0100] {dagbag.py:588} INFO - Filling up the DagBag from /home/sakana/anaconda3/envs/airflow_env/lib/python3.8/site-packages/airflow/example_dags/example_inlet_event_extra.py
[2024-11-11T00:38:37.113+0100] {processor.py:925} INFO - DAG(s) 'read_dataset_event_from_classic', 'read_dataset_event' retrieved from /home/sakana/anaconda3/envs/airflow_env/lib/python3.8/site-packages/airflow/example_dags/example_inlet_event_extra.py
[2024-11-11T00:38:37.129+0100] {logging_mixin.py:190} INFO - [2024-11-11T00:38:37.128+0100] {dag.py:3239} INFO - Sync 2 DAGs
[2024-11-11T00:38:37.148+0100] {logging_mixin.py:190} INFO - [2024-11-11T00:38:37.148+0100] {dag.py:4180} INFO - Setting next_dagrun for read_dataset_event to 2024-11-09 00:00:00+00:00, run_after=2024-11-10 00:00:00+00:00
[2024-11-11T00:38:37.152+0100] {logging_mixin.py:190} INFO - [2024-11-11T00:38:37.151+0100] {dag.py:4180} INFO - Setting next_dagrun for read_dataset_event_from_classic to 2024-11-09 00:00:00+00:00, run_after=2024-11-10 00:00:00+00:00
[2024-11-11T00:38:37.174+0100] {processor.py:208} INFO - Processing /home/sakana/anaconda3/envs/airflow_env/lib/python3.8/site-packages/airflow/example_dags/example_inlet_event_extra.py took 0.088 seconds
[2024-11-11T00:39:33.037+0100] {processor.py:186} INFO - Started process (PID=8071) to work on /home/sakana/anaconda3/envs/airflow_env/lib/python3.8/site-packages/airflow/example_dags/example_inlet_event_extra.py
[2024-11-11T00:39:33.042+0100] {processor.py:914} INFO - Processing file /home/sakana/anaconda3/envs/airflow_env/lib/python3.8/site-packages/airflow/example_dags/example_inlet_event_extra.py for tasks to queue
[2024-11-11T00:39:33.044+0100] {logging_mixin.py:190} INFO - [2024-11-11T00:39:33.044+0100] {dagbag.py:588} INFO - Filling up the DagBag from /home/sakana/anaconda3/envs/airflow_env/lib/python3.8/site-packages/airflow/example_dags/example_inlet_event_extra.py
[2024-11-11T00:39:33.064+0100] {processor.py:925} INFO - DAG(s) 'read_dataset_event', 'read_dataset_event_from_classic' retrieved from /home/sakana/anaconda3/envs/airflow_env/lib/python3.8/site-packages/airflow/example_dags/example_inlet_event_extra.py
[2024-11-11T00:39:33.090+0100] {logging_mixin.py:190} INFO - [2024-11-11T00:39:33.089+0100] {dag.py:3239} INFO - Sync 2 DAGs
[2024-11-11T00:39:33.131+0100] {logging_mixin.py:190} INFO - [2024-11-11T00:39:33.131+0100] {dag.py:4180} INFO - Setting next_dagrun for read_dataset_event to 2024-11-09 00:00:00+00:00, run_after=2024-11-10 00:00:00+00:00
[2024-11-11T00:39:33.138+0100] {logging_mixin.py:190} INFO - [2024-11-11T00:39:33.137+0100] {dag.py:4180} INFO - Setting next_dagrun for read_dataset_event_from_classic to 2024-11-09 00:00:00+00:00, run_after=2024-11-10 00:00:00+00:00
[2024-11-11T00:39:33.170+0100] {processor.py:208} INFO - Processing /home/sakana/anaconda3/envs/airflow_env/lib/python3.8/site-packages/airflow/example_dags/example_inlet_event_extra.py took 0.142 seconds
[2024-11-11T00:46:00.927+0100] {processor.py:186} INFO - Started process (PID=8810) to work on /home/sakana/anaconda3/envs/airflow_env/lib/python3.8/site-packages/airflow/example_dags/example_inlet_event_extra.py
[2024-11-11T00:46:00.932+0100] {processor.py:914} INFO - Processing file /home/sakana/anaconda3/envs/airflow_env/lib/python3.8/site-packages/airflow/example_dags/example_inlet_event_extra.py for tasks to queue
[2024-11-11T00:46:00.940+0100] {logging_mixin.py:190} INFO - [2024-11-11T00:46:00.939+0100] {dagbag.py:588} INFO - Filling up the DagBag from /home/sakana/anaconda3/envs/airflow_env/lib/python3.8/site-packages/airflow/example_dags/example_inlet_event_extra.py
[2024-11-11T00:46:00.967+0100] {processor.py:925} INFO - DAG(s) 'read_dataset_event_from_classic', 'read_dataset_event' retrieved from /home/sakana/anaconda3/envs/airflow_env/lib/python3.8/site-packages/airflow/example_dags/example_inlet_event_extra.py
[2024-11-11T00:46:00.988+0100] {logging_mixin.py:190} INFO - [2024-11-11T00:46:00.988+0100] {dag.py:3239} INFO - Sync 2 DAGs
[2024-11-11T00:46:01.015+0100] {logging_mixin.py:190} INFO - [2024-11-11T00:46:01.015+0100] {dag.py:4180} INFO - Setting next_dagrun for read_dataset_event to 2024-11-09 00:00:00+00:00, run_after=2024-11-10 00:00:00+00:00
[2024-11-11T00:46:01.020+0100] {logging_mixin.py:190} INFO - [2024-11-11T00:46:01.020+0100] {dag.py:4180} INFO - Setting next_dagrun for read_dataset_event_from_classic to 2024-11-09 00:00:00+00:00, run_after=2024-11-10 00:00:00+00:00
[2024-11-11T00:46:01.040+0100] {processor.py:208} INFO - Processing /home/sakana/anaconda3/envs/airflow_env/lib/python3.8/site-packages/airflow/example_dags/example_inlet_event_extra.py took 0.120 seconds
[2024-11-11T00:46:58.148+0100] {processor.py:186} INFO - Started process (PID=8895) to work on /home/sakana/anaconda3/envs/airflow_env/lib/python3.8/site-packages/airflow/example_dags/example_inlet_event_extra.py
[2024-11-11T00:46:58.153+0100] {processor.py:914} INFO - Processing file /home/sakana/anaconda3/envs/airflow_env/lib/python3.8/site-packages/airflow/example_dags/example_inlet_event_extra.py for tasks to queue
[2024-11-11T00:46:58.155+0100] {logging_mixin.py:190} INFO - [2024-11-11T00:46:58.155+0100] {dagbag.py:588} INFO - Filling up the DagBag from /home/sakana/anaconda3/envs/airflow_env/lib/python3.8/site-packages/airflow/example_dags/example_inlet_event_extra.py
[2024-11-11T00:46:58.170+0100] {processor.py:925} INFO - DAG(s) 'read_dataset_event_from_classic', 'read_dataset_event' retrieved from /home/sakana/anaconda3/envs/airflow_env/lib/python3.8/site-packages/airflow/example_dags/example_inlet_event_extra.py
[2024-11-11T00:46:58.189+0100] {logging_mixin.py:190} INFO - [2024-11-11T00:46:58.189+0100] {dag.py:3239} INFO - Sync 2 DAGs
[2024-11-11T00:46:58.214+0100] {logging_mixin.py:190} INFO - [2024-11-11T00:46:58.213+0100] {dag.py:4180} INFO - Setting next_dagrun for read_dataset_event to 2024-11-09 00:00:00+00:00, run_after=2024-11-10 00:00:00+00:00
[2024-11-11T00:46:58.218+0100] {logging_mixin.py:190} INFO - [2024-11-11T00:46:58.218+0100] {dag.py:4180} INFO - Setting next_dagrun for read_dataset_event_from_classic to 2024-11-09 00:00:00+00:00, run_after=2024-11-10 00:00:00+00:00
[2024-11-11T00:46:58.234+0100] {processor.py:208} INFO - Processing /home/sakana/anaconda3/envs/airflow_env/lib/python3.8/site-packages/airflow/example_dags/example_inlet_event_extra.py took 0.092 seconds
[2024-11-11T00:47:56.012+0100] {processor.py:186} INFO - Started process (PID=8967) to work on /home/sakana/anaconda3/envs/airflow_env/lib/python3.8/site-packages/airflow/example_dags/example_inlet_event_extra.py
[2024-11-11T00:47:56.018+0100] {processor.py:914} INFO - Processing file /home/sakana/anaconda3/envs/airflow_env/lib/python3.8/site-packages/airflow/example_dags/example_inlet_event_extra.py for tasks to queue
[2024-11-11T00:47:56.020+0100] {logging_mixin.py:190} INFO - [2024-11-11T00:47:56.020+0100] {dagbag.py:588} INFO - Filling up the DagBag from /home/sakana/anaconda3/envs/airflow_env/lib/python3.8/site-packages/airflow/example_dags/example_inlet_event_extra.py
[2024-11-11T00:47:56.035+0100] {processor.py:925} INFO - DAG(s) 'read_dataset_event', 'read_dataset_event_from_classic' retrieved from /home/sakana/anaconda3/envs/airflow_env/lib/python3.8/site-packages/airflow/example_dags/example_inlet_event_extra.py
[2024-11-11T00:47:56.056+0100] {logging_mixin.py:190} INFO - [2024-11-11T00:47:56.056+0100] {dag.py:3239} INFO - Sync 2 DAGs
[2024-11-11T00:47:56.081+0100] {logging_mixin.py:190} INFO - [2024-11-11T00:47:56.080+0100] {dag.py:4180} INFO - Setting next_dagrun for read_dataset_event to 2024-11-09 00:00:00+00:00, run_after=2024-11-10 00:00:00+00:00
[2024-11-11T00:47:56.089+0100] {logging_mixin.py:190} INFO - [2024-11-11T00:47:56.088+0100] {dag.py:4180} INFO - Setting next_dagrun for read_dataset_event_from_classic to 2024-11-09 00:00:00+00:00, run_after=2024-11-10 00:00:00+00:00
[2024-11-11T00:47:56.120+0100] {processor.py:208} INFO - Processing /home/sakana/anaconda3/envs/airflow_env/lib/python3.8/site-packages/airflow/example_dags/example_inlet_event_extra.py took 0.116 seconds
[2024-11-11T00:48:53.214+0100] {processor.py:186} INFO - Started process (PID=9071) to work on /home/sakana/anaconda3/envs/airflow_env/lib/python3.8/site-packages/airflow/example_dags/example_inlet_event_extra.py
[2024-11-11T00:48:53.219+0100] {processor.py:914} INFO - Processing file /home/sakana/anaconda3/envs/airflow_env/lib/python3.8/site-packages/airflow/example_dags/example_inlet_event_extra.py for tasks to queue
[2024-11-11T00:48:53.221+0100] {logging_mixin.py:190} INFO - [2024-11-11T00:48:53.221+0100] {dagbag.py:588} INFO - Filling up the DagBag from /home/sakana/anaconda3/envs/airflow_env/lib/python3.8/site-packages/airflow/example_dags/example_inlet_event_extra.py
[2024-11-11T00:48:53.239+0100] {processor.py:925} INFO - DAG(s) 'read_dataset_event_from_classic', 'read_dataset_event' retrieved from /home/sakana/anaconda3/envs/airflow_env/lib/python3.8/site-packages/airflow/example_dags/example_inlet_event_extra.py
[2024-11-11T00:48:53.262+0100] {logging_mixin.py:190} INFO - [2024-11-11T00:48:53.261+0100] {dag.py:3239} INFO - Sync 2 DAGs
[2024-11-11T00:48:53.291+0100] {logging_mixin.py:190} INFO - [2024-11-11T00:48:53.290+0100] {dag.py:4180} INFO - Setting next_dagrun for read_dataset_event to 2024-11-09 00:00:00+00:00, run_after=2024-11-10 00:00:00+00:00
[2024-11-11T00:48:53.298+0100] {logging_mixin.py:190} INFO - [2024-11-11T00:48:53.297+0100] {dag.py:4180} INFO - Setting next_dagrun for read_dataset_event_from_classic to 2024-11-09 00:00:00+00:00, run_after=2024-11-10 00:00:00+00:00
[2024-11-11T00:48:53.318+0100] {processor.py:208} INFO - Processing /home/sakana/anaconda3/envs/airflow_env/lib/python3.8/site-packages/airflow/example_dags/example_inlet_event_extra.py took 0.112 seconds
[2024-11-11T00:49:50.600+0100] {processor.py:186} INFO - Started process (PID=9437) to work on /home/sakana/anaconda3/envs/airflow_env/lib/python3.8/site-packages/airflow/example_dags/example_inlet_event_extra.py
[2024-11-11T00:49:50.605+0100] {processor.py:914} INFO - Processing file /home/sakana/anaconda3/envs/airflow_env/lib/python3.8/site-packages/airflow/example_dags/example_inlet_event_extra.py for tasks to queue
[2024-11-11T00:49:50.608+0100] {logging_mixin.py:190} INFO - [2024-11-11T00:49:50.607+0100] {dagbag.py:588} INFO - Filling up the DagBag from /home/sakana/anaconda3/envs/airflow_env/lib/python3.8/site-packages/airflow/example_dags/example_inlet_event_extra.py
[2024-11-11T00:49:50.624+0100] {processor.py:925} INFO - DAG(s) 'read_dataset_event', 'read_dataset_event_from_classic' retrieved from /home/sakana/anaconda3/envs/airflow_env/lib/python3.8/site-packages/airflow/example_dags/example_inlet_event_extra.py
[2024-11-11T00:49:50.649+0100] {logging_mixin.py:190} INFO - [2024-11-11T00:49:50.649+0100] {dag.py:3239} INFO - Sync 2 DAGs
[2024-11-11T00:49:50.676+0100] {logging_mixin.py:190} INFO - [2024-11-11T00:49:50.676+0100] {dag.py:4180} INFO - Setting next_dagrun for read_dataset_event to 2024-11-09 00:00:00+00:00, run_after=2024-11-10 00:00:00+00:00
[2024-11-11T00:49:50.681+0100] {logging_mixin.py:190} INFO - [2024-11-11T00:49:50.681+0100] {dag.py:4180} INFO - Setting next_dagrun for read_dataset_event_from_classic to 2024-11-09 00:00:00+00:00, run_after=2024-11-10 00:00:00+00:00
[2024-11-11T00:49:50.699+0100] {processor.py:208} INFO - Processing /home/sakana/anaconda3/envs/airflow_env/lib/python3.8/site-packages/airflow/example_dags/example_inlet_event_extra.py took 0.106 seconds
[2024-11-11T00:50:50.770+0100] {processor.py:186} INFO - Started process (PID=9521) to work on /home/sakana/anaconda3/envs/airflow_env/lib/python3.8/site-packages/airflow/example_dags/example_inlet_event_extra.py
[2024-11-11T00:50:50.776+0100] {processor.py:914} INFO - Processing file /home/sakana/anaconda3/envs/airflow_env/lib/python3.8/site-packages/airflow/example_dags/example_inlet_event_extra.py for tasks to queue
[2024-11-11T00:50:50.781+0100] {logging_mixin.py:190} INFO - [2024-11-11T00:50:50.779+0100] {dagbag.py:588} INFO - Filling up the DagBag from /home/sakana/anaconda3/envs/airflow_env/lib/python3.8/site-packages/airflow/example_dags/example_inlet_event_extra.py
[2024-11-11T00:50:50.811+0100] {processor.py:925} INFO - DAG(s) 'read_dataset_event', 'read_dataset_event_from_classic' retrieved from /home/sakana/anaconda3/envs/airflow_env/lib/python3.8/site-packages/airflow/example_dags/example_inlet_event_extra.py
[2024-11-11T00:50:50.831+0100] {logging_mixin.py:190} INFO - [2024-11-11T00:50:50.831+0100] {dag.py:3239} INFO - Sync 2 DAGs
[2024-11-11T00:50:50.861+0100] {logging_mixin.py:190} INFO - [2024-11-11T00:50:50.860+0100] {dag.py:4180} INFO - Setting next_dagrun for read_dataset_event to 2024-11-09 00:00:00+00:00, run_after=2024-11-10 00:00:00+00:00
[2024-11-11T00:50:50.868+0100] {logging_mixin.py:190} INFO - [2024-11-11T00:50:50.868+0100] {dag.py:4180} INFO - Setting next_dagrun for read_dataset_event_from_classic to 2024-11-09 00:00:00+00:00, run_after=2024-11-10 00:00:00+00:00
[2024-11-11T00:50:50.892+0100] {processor.py:208} INFO - Processing /home/sakana/anaconda3/envs/airflow_env/lib/python3.8/site-packages/airflow/example_dags/example_inlet_event_extra.py took 0.139 seconds
[2024-11-11T00:51:48.365+0100] {processor.py:186} INFO - Started process (PID=9621) to work on /home/sakana/anaconda3/envs/airflow_env/lib/python3.8/site-packages/airflow/example_dags/example_inlet_event_extra.py
[2024-11-11T00:51:48.370+0100] {processor.py:914} INFO - Processing file /home/sakana/anaconda3/envs/airflow_env/lib/python3.8/site-packages/airflow/example_dags/example_inlet_event_extra.py for tasks to queue
[2024-11-11T00:51:48.373+0100] {logging_mixin.py:190} INFO - [2024-11-11T00:51:48.372+0100] {dagbag.py:588} INFO - Filling up the DagBag from /home/sakana/anaconda3/envs/airflow_env/lib/python3.8/site-packages/airflow/example_dags/example_inlet_event_extra.py
[2024-11-11T00:51:48.391+0100] {processor.py:925} INFO - DAG(s) 'read_dataset_event', 'read_dataset_event_from_classic' retrieved from /home/sakana/anaconda3/envs/airflow_env/lib/python3.8/site-packages/airflow/example_dags/example_inlet_event_extra.py
[2024-11-11T00:51:48.411+0100] {logging_mixin.py:190} INFO - [2024-11-11T00:51:48.411+0100] {dag.py:3239} INFO - Sync 2 DAGs
[2024-11-11T00:51:48.439+0100] {logging_mixin.py:190} INFO - [2024-11-11T00:51:48.439+0100] {dag.py:4180} INFO - Setting next_dagrun for read_dataset_event to 2024-11-09 00:00:00+00:00, run_after=2024-11-10 00:00:00+00:00
[2024-11-11T00:51:48.446+0100] {logging_mixin.py:190} INFO - [2024-11-11T00:51:48.446+0100] {dag.py:4180} INFO - Setting next_dagrun for read_dataset_event_from_classic to 2024-11-09 00:00:00+00:00, run_after=2024-11-10 00:00:00+00:00
[2024-11-11T00:51:48.469+0100] {processor.py:208} INFO - Processing /home/sakana/anaconda3/envs/airflow_env/lib/python3.8/site-packages/airflow/example_dags/example_inlet_event_extra.py took 0.111 seconds
[2024-11-11T00:52:45.745+0100] {processor.py:186} INFO - Started process (PID=9817) to work on /home/sakana/anaconda3/envs/airflow_env/lib/python3.8/site-packages/airflow/example_dags/example_inlet_event_extra.py
[2024-11-11T00:52:45.749+0100] {processor.py:914} INFO - Processing file /home/sakana/anaconda3/envs/airflow_env/lib/python3.8/site-packages/airflow/example_dags/example_inlet_event_extra.py for tasks to queue
[2024-11-11T00:52:45.753+0100] {logging_mixin.py:190} INFO - [2024-11-11T00:52:45.752+0100] {dagbag.py:588} INFO - Filling up the DagBag from /home/sakana/anaconda3/envs/airflow_env/lib/python3.8/site-packages/airflow/example_dags/example_inlet_event_extra.py
[2024-11-11T00:52:45.778+0100] {processor.py:925} INFO - DAG(s) 'read_dataset_event_from_classic', 'read_dataset_event' retrieved from /home/sakana/anaconda3/envs/airflow_env/lib/python3.8/site-packages/airflow/example_dags/example_inlet_event_extra.py
[2024-11-11T00:52:45.811+0100] {logging_mixin.py:190} INFO - [2024-11-11T00:52:45.811+0100] {dag.py:3239} INFO - Sync 2 DAGs
[2024-11-11T00:52:45.863+0100] {logging_mixin.py:190} INFO - [2024-11-11T00:52:45.862+0100] {dag.py:4180} INFO - Setting next_dagrun for read_dataset_event to 2024-11-09 00:00:00+00:00, run_after=2024-11-10 00:00:00+00:00
[2024-11-11T00:52:45.873+0100] {logging_mixin.py:190} INFO - [2024-11-11T00:52:45.872+0100] {dag.py:4180} INFO - Setting next_dagrun for read_dataset_event_from_classic to 2024-11-09 00:00:00+00:00, run_after=2024-11-10 00:00:00+00:00
[2024-11-11T00:52:45.912+0100] {processor.py:208} INFO - Processing /home/sakana/anaconda3/envs/airflow_env/lib/python3.8/site-packages/airflow/example_dags/example_inlet_event_extra.py took 0.178 seconds
[2024-11-11T00:53:46.923+0100] {processor.py:186} INFO - Started process (PID=9900) to work on /home/sakana/anaconda3/envs/airflow_env/lib/python3.8/site-packages/airflow/example_dags/example_inlet_event_extra.py
[2024-11-11T00:53:46.929+0100] {processor.py:914} INFO - Processing file /home/sakana/anaconda3/envs/airflow_env/lib/python3.8/site-packages/airflow/example_dags/example_inlet_event_extra.py for tasks to queue
[2024-11-11T00:53:46.931+0100] {logging_mixin.py:190} INFO - [2024-11-11T00:53:46.931+0100] {dagbag.py:588} INFO - Filling up the DagBag from /home/sakana/anaconda3/envs/airflow_env/lib/python3.8/site-packages/airflow/example_dags/example_inlet_event_extra.py
[2024-11-11T00:53:46.947+0100] {processor.py:925} INFO - DAG(s) 'read_dataset_event', 'read_dataset_event_from_classic' retrieved from /home/sakana/anaconda3/envs/airflow_env/lib/python3.8/site-packages/airflow/example_dags/example_inlet_event_extra.py
[2024-11-11T00:53:46.965+0100] {logging_mixin.py:190} INFO - [2024-11-11T00:53:46.965+0100] {dag.py:3239} INFO - Sync 2 DAGs
[2024-11-11T00:53:46.984+0100] {logging_mixin.py:190} INFO - [2024-11-11T00:53:46.984+0100] {dag.py:4180} INFO - Setting next_dagrun for read_dataset_event to 2024-11-09 00:00:00+00:00, run_after=2024-11-10 00:00:00+00:00
[2024-11-11T00:53:46.988+0100] {logging_mixin.py:190} INFO - [2024-11-11T00:53:46.987+0100] {dag.py:4180} INFO - Setting next_dagrun for read_dataset_event_from_classic to 2024-11-09 00:00:00+00:00, run_after=2024-11-10 00:00:00+00:00
[2024-11-11T00:53:47.017+0100] {processor.py:208} INFO - Processing /home/sakana/anaconda3/envs/airflow_env/lib/python3.8/site-packages/airflow/example_dags/example_inlet_event_extra.py took 0.101 seconds
