[2024-11-11T00:25:53.444+0100] {processor.py:186} INFO - Started process (PID=6723) to work on /home/sakana/anaconda3/envs/airflow_env/lib/python3.8/site-packages/airflow/example_dags/example_skip_dag.py
[2024-11-11T00:25:53.445+0100] {processor.py:914} INFO - Processing file /home/sakana/anaconda3/envs/airflow_env/lib/python3.8/site-packages/airflow/example_dags/example_skip_dag.py for tasks to queue
[2024-11-11T00:25:53.447+0100] {logging_mixin.py:190} INFO - [2024-11-11T00:25:53.447+0100] {dagbag.py:588} INFO - Filling up the DagBag from /home/sakana/anaconda3/envs/airflow_env/lib/python3.8/site-packages/airflow/example_dags/example_skip_dag.py
[2024-11-11T00:25:53.456+0100] {processor.py:925} INFO - DAG(s) 'example_skip_dag' retrieved from /home/sakana/anaconda3/envs/airflow_env/lib/python3.8/site-packages/airflow/example_dags/example_skip_dag.py
[2024-11-11T00:25:53.574+0100] {logging_mixin.py:190} INFO - [2024-11-11T00:25:53.572+0100] {override.py:1901} INFO - Created Permission View: can edit on DAG:example_skip_dag
[2024-11-11T00:25:53.604+0100] {logging_mixin.py:190} INFO - [2024-11-11T00:25:53.603+0100] {override.py:1901} INFO - Created Permission View: can read on DAG:example_skip_dag
[2024-11-11T00:25:53.621+0100] {logging_mixin.py:190} INFO - [2024-11-11T00:25:53.620+0100] {override.py:1901} INFO - Created Permission View: can delete on DAG:example_skip_dag
[2024-11-11T00:25:53.650+0100] {logging_mixin.py:190} INFO - [2024-11-11T00:25:53.649+0100] {override.py:1901} INFO - Created Permission View: can create on DAG Run:example_skip_dag
[2024-11-11T00:25:53.678+0100] {logging_mixin.py:190} INFO - [2024-11-11T00:25:53.678+0100] {override.py:1901} INFO - Created Permission View: can read on DAG Run:example_skip_dag
[2024-11-11T00:25:53.696+0100] {logging_mixin.py:190} INFO - [2024-11-11T00:25:53.695+0100] {override.py:1901} INFO - Created Permission View: can delete on DAG Run:example_skip_dag
[2024-11-11T00:25:53.713+0100] {logging_mixin.py:190} INFO - [2024-11-11T00:25:53.712+0100] {override.py:1901} INFO - Created Permission View: menu access on DAG Run:example_skip_dag
[2024-11-11T00:25:53.715+0100] {logging_mixin.py:190} INFO - [2024-11-11T00:25:53.714+0100] {dag.py:3239} INFO - Sync 1 DAGs
[2024-11-11T00:25:53.743+0100] {logging_mixin.py:190} INFO - [2024-11-11T00:25:53.742+0100] {dag.py:3262} INFO - Creating ORM DAG for example_skip_dag
[2024-11-11T00:25:53.752+0100] {logging_mixin.py:190} INFO - [2024-11-11T00:25:53.752+0100] {dag.py:4180} INFO - Setting next_dagrun for example_skip_dag to 2024-11-09 00:00:00+00:00, run_after=2024-11-10 00:00:00+00:00
[2024-11-11T00:25:53.778+0100] {processor.py:208} INFO - Processing /home/sakana/anaconda3/envs/airflow_env/lib/python3.8/site-packages/airflow/example_dags/example_skip_dag.py took 0.341 seconds
[2024-11-11T00:27:00.225+0100] {processor.py:186} INFO - Started process (PID=6904) to work on /home/sakana/anaconda3/envs/airflow_env/lib/python3.8/site-packages/airflow/example_dags/example_skip_dag.py
[2024-11-11T00:27:00.231+0100] {processor.py:914} INFO - Processing file /home/sakana/anaconda3/envs/airflow_env/lib/python3.8/site-packages/airflow/example_dags/example_skip_dag.py for tasks to queue
[2024-11-11T00:27:00.236+0100] {logging_mixin.py:190} INFO - [2024-11-11T00:27:00.235+0100] {dagbag.py:588} INFO - Filling up the DagBag from /home/sakana/anaconda3/envs/airflow_env/lib/python3.8/site-packages/airflow/example_dags/example_skip_dag.py
[2024-11-11T00:27:00.251+0100] {processor.py:925} INFO - DAG(s) 'example_skip_dag' retrieved from /home/sakana/anaconda3/envs/airflow_env/lib/python3.8/site-packages/airflow/example_dags/example_skip_dag.py
[2024-11-11T00:27:00.273+0100] {logging_mixin.py:190} INFO - [2024-11-11T00:27:00.273+0100] {dag.py:3239} INFO - Sync 1 DAGs
[2024-11-11T00:27:00.293+0100] {logging_mixin.py:190} INFO - [2024-11-11T00:27:00.293+0100] {dag.py:4180} INFO - Setting next_dagrun for example_skip_dag to 2024-11-09 00:00:00+00:00, run_after=2024-11-10 00:00:00+00:00
[2024-11-11T00:27:00.311+0100] {processor.py:208} INFO - Processing /home/sakana/anaconda3/envs/airflow_env/lib/python3.8/site-packages/airflow/example_dags/example_skip_dag.py took 0.097 seconds
[2024-11-11T00:27:56.036+0100] {processor.py:186} INFO - Started process (PID=6984) to work on /home/sakana/anaconda3/envs/airflow_env/lib/python3.8/site-packages/airflow/example_dags/example_skip_dag.py
[2024-11-11T00:27:56.041+0100] {processor.py:914} INFO - Processing file /home/sakana/anaconda3/envs/airflow_env/lib/python3.8/site-packages/airflow/example_dags/example_skip_dag.py for tasks to queue
[2024-11-11T00:27:56.047+0100] {logging_mixin.py:190} INFO - [2024-11-11T00:27:56.046+0100] {dagbag.py:588} INFO - Filling up the DagBag from /home/sakana/anaconda3/envs/airflow_env/lib/python3.8/site-packages/airflow/example_dags/example_skip_dag.py
[2024-11-11T00:27:56.069+0100] {processor.py:925} INFO - DAG(s) 'example_skip_dag' retrieved from /home/sakana/anaconda3/envs/airflow_env/lib/python3.8/site-packages/airflow/example_dags/example_skip_dag.py
[2024-11-11T00:27:56.089+0100] {logging_mixin.py:190} INFO - [2024-11-11T00:27:56.089+0100] {dag.py:3239} INFO - Sync 1 DAGs
[2024-11-11T00:27:56.106+0100] {logging_mixin.py:190} INFO - [2024-11-11T00:27:56.106+0100] {dag.py:4180} INFO - Setting next_dagrun for example_skip_dag to 2024-11-09 00:00:00+00:00, run_after=2024-11-10 00:00:00+00:00
[2024-11-11T00:27:56.123+0100] {processor.py:208} INFO - Processing /home/sakana/anaconda3/envs/airflow_env/lib/python3.8/site-packages/airflow/example_dags/example_skip_dag.py took 0.096 seconds
[2024-11-11T00:28:52.403+0100] {processor.py:186} INFO - Started process (PID=7083) to work on /home/sakana/anaconda3/envs/airflow_env/lib/python3.8/site-packages/airflow/example_dags/example_skip_dag.py
[2024-11-11T00:28:52.408+0100] {processor.py:914} INFO - Processing file /home/sakana/anaconda3/envs/airflow_env/lib/python3.8/site-packages/airflow/example_dags/example_skip_dag.py for tasks to queue
[2024-11-11T00:28:52.414+0100] {logging_mixin.py:190} INFO - [2024-11-11T00:28:52.413+0100] {dagbag.py:588} INFO - Filling up the DagBag from /home/sakana/anaconda3/envs/airflow_env/lib/python3.8/site-packages/airflow/example_dags/example_skip_dag.py
[2024-11-11T00:28:52.426+0100] {processor.py:925} INFO - DAG(s) 'example_skip_dag' retrieved from /home/sakana/anaconda3/envs/airflow_env/lib/python3.8/site-packages/airflow/example_dags/example_skip_dag.py
[2024-11-11T00:28:52.444+0100] {logging_mixin.py:190} INFO - [2024-11-11T00:28:52.443+0100] {dag.py:3239} INFO - Sync 1 DAGs
[2024-11-11T00:28:52.465+0100] {logging_mixin.py:190} INFO - [2024-11-11T00:28:52.464+0100] {dag.py:4180} INFO - Setting next_dagrun for example_skip_dag to 2024-11-09 00:00:00+00:00, run_after=2024-11-10 00:00:00+00:00
[2024-11-11T00:28:52.482+0100] {processor.py:208} INFO - Processing /home/sakana/anaconda3/envs/airflow_env/lib/python3.8/site-packages/airflow/example_dags/example_skip_dag.py took 0.086 seconds
[2024-11-11T00:29:47.040+0100] {processor.py:186} INFO - Started process (PID=7164) to work on /home/sakana/anaconda3/envs/airflow_env/lib/python3.8/site-packages/airflow/example_dags/example_skip_dag.py
[2024-11-11T00:29:47.045+0100] {processor.py:914} INFO - Processing file /home/sakana/anaconda3/envs/airflow_env/lib/python3.8/site-packages/airflow/example_dags/example_skip_dag.py for tasks to queue
[2024-11-11T00:29:47.048+0100] {logging_mixin.py:190} INFO - [2024-11-11T00:29:47.048+0100] {dagbag.py:588} INFO - Filling up the DagBag from /home/sakana/anaconda3/envs/airflow_env/lib/python3.8/site-packages/airflow/example_dags/example_skip_dag.py
[2024-11-11T00:29:47.056+0100] {processor.py:925} INFO - DAG(s) 'example_skip_dag' retrieved from /home/sakana/anaconda3/envs/airflow_env/lib/python3.8/site-packages/airflow/example_dags/example_skip_dag.py
[2024-11-11T00:29:47.073+0100] {logging_mixin.py:190} INFO - [2024-11-11T00:29:47.073+0100] {dag.py:3239} INFO - Sync 1 DAGs
[2024-11-11T00:29:47.090+0100] {logging_mixin.py:190} INFO - [2024-11-11T00:29:47.090+0100] {dag.py:4180} INFO - Setting next_dagrun for example_skip_dag to 2024-11-09 00:00:00+00:00, run_after=2024-11-10 00:00:00+00:00
[2024-11-11T00:29:47.106+0100] {processor.py:208} INFO - Processing /home/sakana/anaconda3/envs/airflow_env/lib/python3.8/site-packages/airflow/example_dags/example_skip_dag.py took 0.072 seconds
[2024-11-11T00:30:41.471+0100] {processor.py:186} INFO - Started process (PID=7241) to work on /home/sakana/anaconda3/envs/airflow_env/lib/python3.8/site-packages/airflow/example_dags/example_skip_dag.py
[2024-11-11T00:30:41.476+0100] {processor.py:914} INFO - Processing file /home/sakana/anaconda3/envs/airflow_env/lib/python3.8/site-packages/airflow/example_dags/example_skip_dag.py for tasks to queue
[2024-11-11T00:30:41.478+0100] {logging_mixin.py:190} INFO - [2024-11-11T00:30:41.478+0100] {dagbag.py:588} INFO - Filling up the DagBag from /home/sakana/anaconda3/envs/airflow_env/lib/python3.8/site-packages/airflow/example_dags/example_skip_dag.py
[2024-11-11T00:30:41.485+0100] {processor.py:925} INFO - DAG(s) 'example_skip_dag' retrieved from /home/sakana/anaconda3/envs/airflow_env/lib/python3.8/site-packages/airflow/example_dags/example_skip_dag.py
[2024-11-11T00:30:41.501+0100] {logging_mixin.py:190} INFO - [2024-11-11T00:30:41.501+0100] {dag.py:3239} INFO - Sync 1 DAGs
[2024-11-11T00:30:41.519+0100] {logging_mixin.py:190} INFO - [2024-11-11T00:30:41.519+0100] {dag.py:4180} INFO - Setting next_dagrun for example_skip_dag to 2024-11-09 00:00:00+00:00, run_after=2024-11-10 00:00:00+00:00
[2024-11-11T00:30:41.541+0100] {processor.py:208} INFO - Processing /home/sakana/anaconda3/envs/airflow_env/lib/python3.8/site-packages/airflow/example_dags/example_skip_dag.py took 0.077 seconds
[2024-11-11T00:31:37.919+0100] {processor.py:186} INFO - Started process (PID=7319) to work on /home/sakana/anaconda3/envs/airflow_env/lib/python3.8/site-packages/airflow/example_dags/example_skip_dag.py
[2024-11-11T00:31:37.923+0100] {processor.py:914} INFO - Processing file /home/sakana/anaconda3/envs/airflow_env/lib/python3.8/site-packages/airflow/example_dags/example_skip_dag.py for tasks to queue
[2024-11-11T00:31:37.926+0100] {logging_mixin.py:190} INFO - [2024-11-11T00:31:37.925+0100] {dagbag.py:588} INFO - Filling up the DagBag from /home/sakana/anaconda3/envs/airflow_env/lib/python3.8/site-packages/airflow/example_dags/example_skip_dag.py
[2024-11-11T00:31:37.933+0100] {processor.py:925} INFO - DAG(s) 'example_skip_dag' retrieved from /home/sakana/anaconda3/envs/airflow_env/lib/python3.8/site-packages/airflow/example_dags/example_skip_dag.py
[2024-11-11T00:31:37.951+0100] {logging_mixin.py:190} INFO - [2024-11-11T00:31:37.951+0100] {dag.py:3239} INFO - Sync 1 DAGs
[2024-11-11T00:31:37.969+0100] {logging_mixin.py:190} INFO - [2024-11-11T00:31:37.969+0100] {dag.py:4180} INFO - Setting next_dagrun for example_skip_dag to 2024-11-09 00:00:00+00:00, run_after=2024-11-10 00:00:00+00:00
[2024-11-11T00:31:37.985+0100] {processor.py:208} INFO - Processing /home/sakana/anaconda3/envs/airflow_env/lib/python3.8/site-packages/airflow/example_dags/example_skip_dag.py took 0.073 seconds
[2024-11-11T00:32:32.828+0100] {processor.py:186} INFO - Started process (PID=7391) to work on /home/sakana/anaconda3/envs/airflow_env/lib/python3.8/site-packages/airflow/example_dags/example_skip_dag.py
[2024-11-11T00:32:32.832+0100] {processor.py:914} INFO - Processing file /home/sakana/anaconda3/envs/airflow_env/lib/python3.8/site-packages/airflow/example_dags/example_skip_dag.py for tasks to queue
[2024-11-11T00:32:32.835+0100] {logging_mixin.py:190} INFO - [2024-11-11T00:32:32.834+0100] {dagbag.py:588} INFO - Filling up the DagBag from /home/sakana/anaconda3/envs/airflow_env/lib/python3.8/site-packages/airflow/example_dags/example_skip_dag.py
[2024-11-11T00:32:32.845+0100] {processor.py:925} INFO - DAG(s) 'example_skip_dag' retrieved from /home/sakana/anaconda3/envs/airflow_env/lib/python3.8/site-packages/airflow/example_dags/example_skip_dag.py
[2024-11-11T00:32:32.864+0100] {logging_mixin.py:190} INFO - [2024-11-11T00:32:32.864+0100] {dag.py:3239} INFO - Sync 1 DAGs
[2024-11-11T00:32:32.882+0100] {logging_mixin.py:190} INFO - [2024-11-11T00:32:32.882+0100] {dag.py:4180} INFO - Setting next_dagrun for example_skip_dag to 2024-11-09 00:00:00+00:00, run_after=2024-11-10 00:00:00+00:00
[2024-11-11T00:32:32.898+0100] {processor.py:208} INFO - Processing /home/sakana/anaconda3/envs/airflow_env/lib/python3.8/site-packages/airflow/example_dags/example_skip_dag.py took 0.076 seconds
[2024-11-11T00:33:28.128+0100] {processor.py:186} INFO - Started process (PID=7479) to work on /home/sakana/anaconda3/envs/airflow_env/lib/python3.8/site-packages/airflow/example_dags/example_skip_dag.py
[2024-11-11T00:33:28.133+0100] {processor.py:914} INFO - Processing file /home/sakana/anaconda3/envs/airflow_env/lib/python3.8/site-packages/airflow/example_dags/example_skip_dag.py for tasks to queue
[2024-11-11T00:33:28.137+0100] {logging_mixin.py:190} INFO - [2024-11-11T00:33:28.137+0100] {dagbag.py:588} INFO - Filling up the DagBag from /home/sakana/anaconda3/envs/airflow_env/lib/python3.8/site-packages/airflow/example_dags/example_skip_dag.py
[2024-11-11T00:33:28.148+0100] {processor.py:925} INFO - DAG(s) 'example_skip_dag' retrieved from /home/sakana/anaconda3/envs/airflow_env/lib/python3.8/site-packages/airflow/example_dags/example_skip_dag.py
[2024-11-11T00:33:28.166+0100] {logging_mixin.py:190} INFO - [2024-11-11T00:33:28.166+0100] {dag.py:3239} INFO - Sync 1 DAGs
[2024-11-11T00:33:28.187+0100] {logging_mixin.py:190} INFO - [2024-11-11T00:33:28.187+0100] {dag.py:4180} INFO - Setting next_dagrun for example_skip_dag to 2024-11-09 00:00:00+00:00, run_after=2024-11-10 00:00:00+00:00
[2024-11-11T00:33:28.208+0100] {processor.py:208} INFO - Processing /home/sakana/anaconda3/envs/airflow_env/lib/python3.8/site-packages/airflow/example_dags/example_skip_dag.py took 0.089 seconds
[2024-11-11T00:34:24.753+0100] {processor.py:186} INFO - Started process (PID=7568) to work on /home/sakana/anaconda3/envs/airflow_env/lib/python3.8/site-packages/airflow/example_dags/example_skip_dag.py
[2024-11-11T00:34:24.758+0100] {processor.py:914} INFO - Processing file /home/sakana/anaconda3/envs/airflow_env/lib/python3.8/site-packages/airflow/example_dags/example_skip_dag.py for tasks to queue
[2024-11-11T00:34:24.766+0100] {logging_mixin.py:190} INFO - [2024-11-11T00:34:24.765+0100] {dagbag.py:588} INFO - Filling up the DagBag from /home/sakana/anaconda3/envs/airflow_env/lib/python3.8/site-packages/airflow/example_dags/example_skip_dag.py
[2024-11-11T00:34:24.782+0100] {processor.py:925} INFO - DAG(s) 'example_skip_dag' retrieved from /home/sakana/anaconda3/envs/airflow_env/lib/python3.8/site-packages/airflow/example_dags/example_skip_dag.py
[2024-11-11T00:34:24.800+0100] {logging_mixin.py:190} INFO - [2024-11-11T00:34:24.799+0100] {dag.py:3239} INFO - Sync 1 DAGs
[2024-11-11T00:34:24.818+0100] {logging_mixin.py:190} INFO - [2024-11-11T00:34:24.818+0100] {dag.py:4180} INFO - Setting next_dagrun for example_skip_dag to 2024-11-09 00:00:00+00:00, run_after=2024-11-10 00:00:00+00:00
[2024-11-11T00:34:24.839+0100] {processor.py:208} INFO - Processing /home/sakana/anaconda3/envs/airflow_env/lib/python3.8/site-packages/airflow/example_dags/example_skip_dag.py took 0.097 seconds
[2024-11-11T00:35:20.964+0100] {processor.py:186} INFO - Started process (PID=7644) to work on /home/sakana/anaconda3/envs/airflow_env/lib/python3.8/site-packages/airflow/example_dags/example_skip_dag.py
[2024-11-11T00:35:20.969+0100] {processor.py:914} INFO - Processing file /home/sakana/anaconda3/envs/airflow_env/lib/python3.8/site-packages/airflow/example_dags/example_skip_dag.py for tasks to queue
[2024-11-11T00:35:20.976+0100] {logging_mixin.py:190} INFO - [2024-11-11T00:35:20.974+0100] {dagbag.py:588} INFO - Filling up the DagBag from /home/sakana/anaconda3/envs/airflow_env/lib/python3.8/site-packages/airflow/example_dags/example_skip_dag.py
[2024-11-11T00:35:20.998+0100] {processor.py:925} INFO - DAG(s) 'example_skip_dag' retrieved from /home/sakana/anaconda3/envs/airflow_env/lib/python3.8/site-packages/airflow/example_dags/example_skip_dag.py
[2024-11-11T00:35:21.019+0100] {logging_mixin.py:190} INFO - [2024-11-11T00:35:21.019+0100] {dag.py:3239} INFO - Sync 1 DAGs
[2024-11-11T00:35:21.038+0100] {logging_mixin.py:190} INFO - [2024-11-11T00:35:21.038+0100] {dag.py:4180} INFO - Setting next_dagrun for example_skip_dag to 2024-11-09 00:00:00+00:00, run_after=2024-11-10 00:00:00+00:00
[2024-11-11T00:35:21.055+0100] {processor.py:208} INFO - Processing /home/sakana/anaconda3/envs/airflow_env/lib/python3.8/site-packages/airflow/example_dags/example_skip_dag.py took 0.097 seconds
[2024-11-11T00:36:14.875+0100] {processor.py:186} INFO - Started process (PID=7716) to work on /home/sakana/anaconda3/envs/airflow_env/lib/python3.8/site-packages/airflow/example_dags/example_skip_dag.py
[2024-11-11T00:36:14.879+0100] {processor.py:914} INFO - Processing file /home/sakana/anaconda3/envs/airflow_env/lib/python3.8/site-packages/airflow/example_dags/example_skip_dag.py for tasks to queue
[2024-11-11T00:36:14.882+0100] {logging_mixin.py:190} INFO - [2024-11-11T00:36:14.881+0100] {dagbag.py:588} INFO - Filling up the DagBag from /home/sakana/anaconda3/envs/airflow_env/lib/python3.8/site-packages/airflow/example_dags/example_skip_dag.py
[2024-11-11T00:36:14.891+0100] {processor.py:925} INFO - DAG(s) 'example_skip_dag' retrieved from /home/sakana/anaconda3/envs/airflow_env/lib/python3.8/site-packages/airflow/example_dags/example_skip_dag.py
[2024-11-11T00:36:14.908+0100] {logging_mixin.py:190} INFO - [2024-11-11T00:36:14.908+0100] {dag.py:3239} INFO - Sync 1 DAGs
[2024-11-11T00:36:14.925+0100] {logging_mixin.py:190} INFO - [2024-11-11T00:36:14.925+0100] {dag.py:4180} INFO - Setting next_dagrun for example_skip_dag to 2024-11-09 00:00:00+00:00, run_after=2024-11-10 00:00:00+00:00
[2024-11-11T00:36:14.949+0100] {processor.py:208} INFO - Processing /home/sakana/anaconda3/envs/airflow_env/lib/python3.8/site-packages/airflow/example_dags/example_skip_dag.py took 0.081 seconds
[2024-11-11T00:37:11.807+0100] {processor.py:186} INFO - Started process (PID=7786) to work on /home/sakana/anaconda3/envs/airflow_env/lib/python3.8/site-packages/airflow/example_dags/example_skip_dag.py
[2024-11-11T00:37:11.812+0100] {processor.py:914} INFO - Processing file /home/sakana/anaconda3/envs/airflow_env/lib/python3.8/site-packages/airflow/example_dags/example_skip_dag.py for tasks to queue
[2024-11-11T00:37:11.815+0100] {logging_mixin.py:190} INFO - [2024-11-11T00:37:11.815+0100] {dagbag.py:588} INFO - Filling up the DagBag from /home/sakana/anaconda3/envs/airflow_env/lib/python3.8/site-packages/airflow/example_dags/example_skip_dag.py
[2024-11-11T00:37:11.826+0100] {processor.py:925} INFO - DAG(s) 'example_skip_dag' retrieved from /home/sakana/anaconda3/envs/airflow_env/lib/python3.8/site-packages/airflow/example_dags/example_skip_dag.py
[2024-11-11T00:37:11.845+0100] {logging_mixin.py:190} INFO - [2024-11-11T00:37:11.845+0100] {dag.py:3239} INFO - Sync 1 DAGs
[2024-11-11T00:37:11.862+0100] {logging_mixin.py:190} INFO - [2024-11-11T00:37:11.862+0100] {dag.py:4180} INFO - Setting next_dagrun for example_skip_dag to 2024-11-09 00:00:00+00:00, run_after=2024-11-10 00:00:00+00:00
[2024-11-11T00:37:11.887+0100] {processor.py:208} INFO - Processing /home/sakana/anaconda3/envs/airflow_env/lib/python3.8/site-packages/airflow/example_dags/example_skip_dag.py took 0.091 seconds
[2024-11-11T00:38:08.641+0100] {processor.py:186} INFO - Started process (PID=7885) to work on /home/sakana/anaconda3/envs/airflow_env/lib/python3.8/site-packages/airflow/example_dags/example_skip_dag.py
[2024-11-11T00:38:08.642+0100] {processor.py:914} INFO - Processing file /home/sakana/anaconda3/envs/airflow_env/lib/python3.8/site-packages/airflow/example_dags/example_skip_dag.py for tasks to queue
[2024-11-11T00:38:08.644+0100] {logging_mixin.py:190} INFO - [2024-11-11T00:38:08.644+0100] {dagbag.py:588} INFO - Filling up the DagBag from /home/sakana/anaconda3/envs/airflow_env/lib/python3.8/site-packages/airflow/example_dags/example_skip_dag.py
[2024-11-11T00:38:08.650+0100] {processor.py:925} INFO - DAG(s) 'example_skip_dag' retrieved from /home/sakana/anaconda3/envs/airflow_env/lib/python3.8/site-packages/airflow/example_dags/example_skip_dag.py
[2024-11-11T00:38:08.669+0100] {logging_mixin.py:190} INFO - [2024-11-11T00:38:08.669+0100] {dag.py:3239} INFO - Sync 1 DAGs
[2024-11-11T00:38:08.698+0100] {logging_mixin.py:190} INFO - [2024-11-11T00:38:08.697+0100] {dag.py:4180} INFO - Setting next_dagrun for example_skip_dag to 2024-11-09 00:00:00+00:00, run_after=2024-11-10 00:00:00+00:00
[2024-11-11T00:38:08.730+0100] {processor.py:208} INFO - Processing /home/sakana/anaconda3/envs/airflow_env/lib/python3.8/site-packages/airflow/example_dags/example_skip_dag.py took 0.095 seconds
[2024-11-11T00:39:02.909+0100] {processor.py:186} INFO - Started process (PID=7965) to work on /home/sakana/anaconda3/envs/airflow_env/lib/python3.8/site-packages/airflow/example_dags/example_skip_dag.py
[2024-11-11T00:39:02.915+0100] {processor.py:914} INFO - Processing file /home/sakana/anaconda3/envs/airflow_env/lib/python3.8/site-packages/airflow/example_dags/example_skip_dag.py for tasks to queue
[2024-11-11T00:39:02.923+0100] {logging_mixin.py:190} INFO - [2024-11-11T00:39:02.922+0100] {dagbag.py:588} INFO - Filling up the DagBag from /home/sakana/anaconda3/envs/airflow_env/lib/python3.8/site-packages/airflow/example_dags/example_skip_dag.py
[2024-11-11T00:39:02.939+0100] {processor.py:925} INFO - DAG(s) 'example_skip_dag' retrieved from /home/sakana/anaconda3/envs/airflow_env/lib/python3.8/site-packages/airflow/example_dags/example_skip_dag.py
[2024-11-11T00:39:02.957+0100] {logging_mixin.py:190} INFO - [2024-11-11T00:39:02.957+0100] {dag.py:3239} INFO - Sync 1 DAGs
[2024-11-11T00:39:02.975+0100] {logging_mixin.py:190} INFO - [2024-11-11T00:39:02.975+0100] {dag.py:4180} INFO - Setting next_dagrun for example_skip_dag to 2024-11-09 00:00:00+00:00, run_after=2024-11-10 00:00:00+00:00
[2024-11-11T00:39:03.004+0100] {processor.py:208} INFO - Processing /home/sakana/anaconda3/envs/airflow_env/lib/python3.8/site-packages/airflow/example_dags/example_skip_dag.py took 0.105 seconds
[2024-11-11T00:39:58.866+0100] {processor.py:186} INFO - Started process (PID=8120) to work on /home/sakana/anaconda3/envs/airflow_env/lib/python3.8/site-packages/airflow/example_dags/example_skip_dag.py
[2024-11-11T00:39:58.871+0100] {processor.py:914} INFO - Processing file /home/sakana/anaconda3/envs/airflow_env/lib/python3.8/site-packages/airflow/example_dags/example_skip_dag.py for tasks to queue
[2024-11-11T00:39:58.876+0100] {logging_mixin.py:190} INFO - [2024-11-11T00:39:58.875+0100] {dagbag.py:588} INFO - Filling up the DagBag from /home/sakana/anaconda3/envs/airflow_env/lib/python3.8/site-packages/airflow/example_dags/example_skip_dag.py
[2024-11-11T00:39:58.890+0100] {processor.py:925} INFO - DAG(s) 'example_skip_dag' retrieved from /home/sakana/anaconda3/envs/airflow_env/lib/python3.8/site-packages/airflow/example_dags/example_skip_dag.py
[2024-11-11T00:39:58.910+0100] {logging_mixin.py:190} INFO - [2024-11-11T00:39:58.909+0100] {dag.py:3239} INFO - Sync 1 DAGs
[2024-11-11T00:39:58.928+0100] {logging_mixin.py:190} INFO - [2024-11-11T00:39:58.928+0100] {dag.py:4180} INFO - Setting next_dagrun for example_skip_dag to 2024-11-09 00:00:00+00:00, run_after=2024-11-10 00:00:00+00:00
[2024-11-11T00:39:58.952+0100] {processor.py:208} INFO - Processing /home/sakana/anaconda3/envs/airflow_env/lib/python3.8/site-packages/airflow/example_dags/example_skip_dag.py took 0.098 seconds
[2024-11-11T00:43:15.659+0100] {processor.py:186} INFO - Started process (PID=8507) to work on /home/sakana/anaconda3/envs/airflow_env/lib/python3.8/site-packages/airflow/example_dags/example_skip_dag.py
[2024-11-11T00:43:15.664+0100] {processor.py:914} INFO - Processing file /home/sakana/anaconda3/envs/airflow_env/lib/python3.8/site-packages/airflow/example_dags/example_skip_dag.py for tasks to queue
[2024-11-11T00:43:15.666+0100] {logging_mixin.py:190} INFO - [2024-11-11T00:43:15.666+0100] {dagbag.py:588} INFO - Filling up the DagBag from /home/sakana/anaconda3/envs/airflow_env/lib/python3.8/site-packages/airflow/example_dags/example_skip_dag.py
[2024-11-11T00:43:15.675+0100] {processor.py:925} INFO - DAG(s) 'example_skip_dag' retrieved from /home/sakana/anaconda3/envs/airflow_env/lib/python3.8/site-packages/airflow/example_dags/example_skip_dag.py
[2024-11-11T00:43:15.695+0100] {logging_mixin.py:190} INFO - [2024-11-11T00:43:15.694+0100] {dag.py:3239} INFO - Sync 1 DAGs
[2024-11-11T00:43:15.716+0100] {logging_mixin.py:190} INFO - [2024-11-11T00:43:15.716+0100] {dag.py:4180} INFO - Setting next_dagrun for example_skip_dag to 2024-11-09 00:00:00+00:00, run_after=2024-11-10 00:00:00+00:00
[2024-11-11T00:43:15.744+0100] {processor.py:208} INFO - Processing /home/sakana/anaconda3/envs/airflow_env/lib/python3.8/site-packages/airflow/example_dags/example_skip_dag.py took 0.091 seconds
[2024-11-11T00:45:41.181+0100] {processor.py:186} INFO - Started process (PID=8767) to work on /home/sakana/anaconda3/envs/airflow_env/lib/python3.8/site-packages/airflow/example_dags/example_skip_dag.py
[2024-11-11T00:45:41.182+0100] {processor.py:914} INFO - Processing file /home/sakana/anaconda3/envs/airflow_env/lib/python3.8/site-packages/airflow/example_dags/example_skip_dag.py for tasks to queue
[2024-11-11T00:45:41.185+0100] {logging_mixin.py:190} INFO - [2024-11-11T00:45:41.184+0100] {dagbag.py:588} INFO - Filling up the DagBag from /home/sakana/anaconda3/envs/airflow_env/lib/python3.8/site-packages/airflow/example_dags/example_skip_dag.py
[2024-11-11T00:45:41.195+0100] {processor.py:925} INFO - DAG(s) 'example_skip_dag' retrieved from /home/sakana/anaconda3/envs/airflow_env/lib/python3.8/site-packages/airflow/example_dags/example_skip_dag.py
[2024-11-11T00:45:41.221+0100] {logging_mixin.py:190} INFO - [2024-11-11T00:45:41.221+0100] {dag.py:3239} INFO - Sync 1 DAGs
[2024-11-11T00:45:41.251+0100] {logging_mixin.py:190} INFO - [2024-11-11T00:45:41.251+0100] {dag.py:4180} INFO - Setting next_dagrun for example_skip_dag to 2024-11-09 00:00:00+00:00, run_after=2024-11-10 00:00:00+00:00
[2024-11-11T00:45:41.280+0100] {processor.py:208} INFO - Processing /home/sakana/anaconda3/envs/airflow_env/lib/python3.8/site-packages/airflow/example_dags/example_skip_dag.py took 0.108 seconds
[2024-11-11T00:46:39.636+0100] {processor.py:186} INFO - Started process (PID=8864) to work on /home/sakana/anaconda3/envs/airflow_env/lib/python3.8/site-packages/airflow/example_dags/example_skip_dag.py
[2024-11-11T00:46:39.641+0100] {processor.py:914} INFO - Processing file /home/sakana/anaconda3/envs/airflow_env/lib/python3.8/site-packages/airflow/example_dags/example_skip_dag.py for tasks to queue
[2024-11-11T00:46:39.644+0100] {logging_mixin.py:190} INFO - [2024-11-11T00:46:39.644+0100] {dagbag.py:588} INFO - Filling up the DagBag from /home/sakana/anaconda3/envs/airflow_env/lib/python3.8/site-packages/airflow/example_dags/example_skip_dag.py
[2024-11-11T00:46:39.652+0100] {processor.py:925} INFO - DAG(s) 'example_skip_dag' retrieved from /home/sakana/anaconda3/envs/airflow_env/lib/python3.8/site-packages/airflow/example_dags/example_skip_dag.py
[2024-11-11T00:46:39.668+0100] {logging_mixin.py:190} INFO - [2024-11-11T00:46:39.668+0100] {dag.py:3239} INFO - Sync 1 DAGs
[2024-11-11T00:46:39.687+0100] {logging_mixin.py:190} INFO - [2024-11-11T00:46:39.687+0100] {dag.py:4180} INFO - Setting next_dagrun for example_skip_dag to 2024-11-09 00:00:00+00:00, run_after=2024-11-10 00:00:00+00:00
[2024-11-11T00:46:39.705+0100] {processor.py:208} INFO - Processing /home/sakana/anaconda3/envs/airflow_env/lib/python3.8/site-packages/airflow/example_dags/example_skip_dag.py took 0.074 seconds
[2024-11-11T00:47:35.630+0100] {processor.py:186} INFO - Started process (PID=8944) to work on /home/sakana/anaconda3/envs/airflow_env/lib/python3.8/site-packages/airflow/example_dags/example_skip_dag.py
[2024-11-11T00:47:35.636+0100] {processor.py:914} INFO - Processing file /home/sakana/anaconda3/envs/airflow_env/lib/python3.8/site-packages/airflow/example_dags/example_skip_dag.py for tasks to queue
[2024-11-11T00:47:35.639+0100] {logging_mixin.py:190} INFO - [2024-11-11T00:47:35.638+0100] {dagbag.py:588} INFO - Filling up the DagBag from /home/sakana/anaconda3/envs/airflow_env/lib/python3.8/site-packages/airflow/example_dags/example_skip_dag.py
[2024-11-11T00:47:35.654+0100] {processor.py:925} INFO - DAG(s) 'example_skip_dag' retrieved from /home/sakana/anaconda3/envs/airflow_env/lib/python3.8/site-packages/airflow/example_dags/example_skip_dag.py
[2024-11-11T00:47:35.671+0100] {logging_mixin.py:190} INFO - [2024-11-11T00:47:35.671+0100] {dag.py:3239} INFO - Sync 1 DAGs
[2024-11-11T00:47:35.689+0100] {logging_mixin.py:190} INFO - [2024-11-11T00:47:35.689+0100] {dag.py:4180} INFO - Setting next_dagrun for example_skip_dag to 2024-11-09 00:00:00+00:00, run_after=2024-11-10 00:00:00+00:00
[2024-11-11T00:47:35.714+0100] {processor.py:208} INFO - Processing /home/sakana/anaconda3/envs/airflow_env/lib/python3.8/site-packages/airflow/example_dags/example_skip_dag.py took 0.095 seconds
[2024-11-11T00:48:33.671+0100] {processor.py:186} INFO - Started process (PID=9037) to work on /home/sakana/anaconda3/envs/airflow_env/lib/python3.8/site-packages/airflow/example_dags/example_skip_dag.py
[2024-11-11T00:48:33.672+0100] {processor.py:914} INFO - Processing file /home/sakana/anaconda3/envs/airflow_env/lib/python3.8/site-packages/airflow/example_dags/example_skip_dag.py for tasks to queue
[2024-11-11T00:48:33.675+0100] {logging_mixin.py:190} INFO - [2024-11-11T00:48:33.674+0100] {dagbag.py:588} INFO - Filling up the DagBag from /home/sakana/anaconda3/envs/airflow_env/lib/python3.8/site-packages/airflow/example_dags/example_skip_dag.py
[2024-11-11T00:48:33.685+0100] {processor.py:925} INFO - DAG(s) 'example_skip_dag' retrieved from /home/sakana/anaconda3/envs/airflow_env/lib/python3.8/site-packages/airflow/example_dags/example_skip_dag.py
[2024-11-11T00:48:33.703+0100] {logging_mixin.py:190} INFO - [2024-11-11T00:48:33.703+0100] {dag.py:3239} INFO - Sync 1 DAGs
[2024-11-11T00:48:33.724+0100] {logging_mixin.py:190} INFO - [2024-11-11T00:48:33.723+0100] {dag.py:4180} INFO - Setting next_dagrun for example_skip_dag to 2024-11-09 00:00:00+00:00, run_after=2024-11-10 00:00:00+00:00
[2024-11-11T00:48:33.744+0100] {processor.py:208} INFO - Processing /home/sakana/anaconda3/envs/airflow_env/lib/python3.8/site-packages/airflow/example_dags/example_skip_dag.py took 0.082 seconds
[2024-11-11T00:49:29.911+0100] {processor.py:186} INFO - Started process (PID=9228) to work on /home/sakana/anaconda3/envs/airflow_env/lib/python3.8/site-packages/airflow/example_dags/example_skip_dag.py
[2024-11-11T00:49:29.912+0100] {processor.py:914} INFO - Processing file /home/sakana/anaconda3/envs/airflow_env/lib/python3.8/site-packages/airflow/example_dags/example_skip_dag.py for tasks to queue
[2024-11-11T00:49:29.915+0100] {logging_mixin.py:190} INFO - [2024-11-11T00:49:29.915+0100] {dagbag.py:588} INFO - Filling up the DagBag from /home/sakana/anaconda3/envs/airflow_env/lib/python3.8/site-packages/airflow/example_dags/example_skip_dag.py
[2024-11-11T00:49:29.926+0100] {processor.py:925} INFO - DAG(s) 'example_skip_dag' retrieved from /home/sakana/anaconda3/envs/airflow_env/lib/python3.8/site-packages/airflow/example_dags/example_skip_dag.py
[2024-11-11T00:49:29.945+0100] {logging_mixin.py:190} INFO - [2024-11-11T00:49:29.945+0100] {dag.py:3239} INFO - Sync 1 DAGs
[2024-11-11T00:49:29.965+0100] {logging_mixin.py:190} INFO - [2024-11-11T00:49:29.965+0100] {dag.py:4180} INFO - Setting next_dagrun for example_skip_dag to 2024-11-09 00:00:00+00:00, run_after=2024-11-10 00:00:00+00:00
[2024-11-11T00:49:29.987+0100] {processor.py:208} INFO - Processing /home/sakana/anaconda3/envs/airflow_env/lib/python3.8/site-packages/airflow/example_dags/example_skip_dag.py took 0.084 seconds
[2024-11-11T00:50:30.759+0100] {processor.py:186} INFO - Started process (PID=9498) to work on /home/sakana/anaconda3/envs/airflow_env/lib/python3.8/site-packages/airflow/example_dags/example_skip_dag.py
[2024-11-11T00:50:30.765+0100] {processor.py:914} INFO - Processing file /home/sakana/anaconda3/envs/airflow_env/lib/python3.8/site-packages/airflow/example_dags/example_skip_dag.py for tasks to queue
[2024-11-11T00:50:30.769+0100] {logging_mixin.py:190} INFO - [2024-11-11T00:50:30.768+0100] {dagbag.py:588} INFO - Filling up the DagBag from /home/sakana/anaconda3/envs/airflow_env/lib/python3.8/site-packages/airflow/example_dags/example_skip_dag.py
[2024-11-11T00:50:30.789+0100] {processor.py:925} INFO - DAG(s) 'example_skip_dag' retrieved from /home/sakana/anaconda3/envs/airflow_env/lib/python3.8/site-packages/airflow/example_dags/example_skip_dag.py
[2024-11-11T00:50:30.835+0100] {logging_mixin.py:190} INFO - [2024-11-11T00:50:30.835+0100] {dag.py:3239} INFO - Sync 1 DAGs
[2024-11-11T00:50:30.890+0100] {logging_mixin.py:190} INFO - [2024-11-11T00:50:30.889+0100] {dag.py:4180} INFO - Setting next_dagrun for example_skip_dag to 2024-11-09 00:00:00+00:00, run_after=2024-11-10 00:00:00+00:00
[2024-11-11T00:50:30.917+0100] {processor.py:208} INFO - Processing /home/sakana/anaconda3/envs/airflow_env/lib/python3.8/site-packages/airflow/example_dags/example_skip_dag.py took 0.167 seconds
[2024-11-11T00:51:29.195+0100] {processor.py:186} INFO - Started process (PID=9575) to work on /home/sakana/anaconda3/envs/airflow_env/lib/python3.8/site-packages/airflow/example_dags/example_skip_dag.py
[2024-11-11T00:51:29.196+0100] {processor.py:914} INFO - Processing file /home/sakana/anaconda3/envs/airflow_env/lib/python3.8/site-packages/airflow/example_dags/example_skip_dag.py for tasks to queue
[2024-11-11T00:51:29.199+0100] {logging_mixin.py:190} INFO - [2024-11-11T00:51:29.198+0100] {dagbag.py:588} INFO - Filling up the DagBag from /home/sakana/anaconda3/envs/airflow_env/lib/python3.8/site-packages/airflow/example_dags/example_skip_dag.py
[2024-11-11T00:51:29.209+0100] {processor.py:925} INFO - DAG(s) 'example_skip_dag' retrieved from /home/sakana/anaconda3/envs/airflow_env/lib/python3.8/site-packages/airflow/example_dags/example_skip_dag.py
[2024-11-11T00:51:29.232+0100] {logging_mixin.py:190} INFO - [2024-11-11T00:51:29.232+0100] {dag.py:3239} INFO - Sync 1 DAGs
[2024-11-11T00:51:29.255+0100] {logging_mixin.py:190} INFO - [2024-11-11T00:51:29.254+0100] {dag.py:4180} INFO - Setting next_dagrun for example_skip_dag to 2024-11-09 00:00:00+00:00, run_after=2024-11-10 00:00:00+00:00
[2024-11-11T00:51:29.285+0100] {processor.py:208} INFO - Processing /home/sakana/anaconda3/envs/airflow_env/lib/python3.8/site-packages/airflow/example_dags/example_skip_dag.py took 0.099 seconds
[2024-11-11T00:52:24.525+0100] {processor.py:186} INFO - Started process (PID=9674) to work on /home/sakana/anaconda3/envs/airflow_env/lib/python3.8/site-packages/airflow/example_dags/example_skip_dag.py
[2024-11-11T00:52:24.527+0100] {processor.py:914} INFO - Processing file /home/sakana/anaconda3/envs/airflow_env/lib/python3.8/site-packages/airflow/example_dags/example_skip_dag.py for tasks to queue
[2024-11-11T00:52:24.531+0100] {logging_mixin.py:190} INFO - [2024-11-11T00:52:24.531+0100] {dagbag.py:588} INFO - Filling up the DagBag from /home/sakana/anaconda3/envs/airflow_env/lib/python3.8/site-packages/airflow/example_dags/example_skip_dag.py
[2024-11-11T00:52:24.549+0100] {processor.py:925} INFO - DAG(s) 'example_skip_dag' retrieved from /home/sakana/anaconda3/envs/airflow_env/lib/python3.8/site-packages/airflow/example_dags/example_skip_dag.py
[2024-11-11T00:52:24.579+0100] {logging_mixin.py:190} INFO - [2024-11-11T00:52:24.579+0100] {dag.py:3239} INFO - Sync 1 DAGs
[2024-11-11T00:52:24.616+0100] {logging_mixin.py:190} INFO - [2024-11-11T00:52:24.615+0100] {dag.py:4180} INFO - Setting next_dagrun for example_skip_dag to 2024-11-09 00:00:00+00:00, run_after=2024-11-10 00:00:00+00:00
[2024-11-11T00:52:24.664+0100] {processor.py:208} INFO - Processing /home/sakana/anaconda3/envs/airflow_env/lib/python3.8/site-packages/airflow/example_dags/example_skip_dag.py took 0.153 seconds
[2024-11-11T00:53:27.328+0100] {processor.py:186} INFO - Started process (PID=9871) to work on /home/sakana/anaconda3/envs/airflow_env/lib/python3.8/site-packages/airflow/example_dags/example_skip_dag.py
[2024-11-11T00:53:27.329+0100] {processor.py:914} INFO - Processing file /home/sakana/anaconda3/envs/airflow_env/lib/python3.8/site-packages/airflow/example_dags/example_skip_dag.py for tasks to queue
[2024-11-11T00:53:27.331+0100] {logging_mixin.py:190} INFO - [2024-11-11T00:53:27.330+0100] {dagbag.py:588} INFO - Filling up the DagBag from /home/sakana/anaconda3/envs/airflow_env/lib/python3.8/site-packages/airflow/example_dags/example_skip_dag.py
[2024-11-11T00:53:27.338+0100] {processor.py:925} INFO - DAG(s) 'example_skip_dag' retrieved from /home/sakana/anaconda3/envs/airflow_env/lib/python3.8/site-packages/airflow/example_dags/example_skip_dag.py
[2024-11-11T00:53:27.353+0100] {logging_mixin.py:190} INFO - [2024-11-11T00:53:27.352+0100] {dag.py:3239} INFO - Sync 1 DAGs
[2024-11-11T00:53:27.372+0100] {logging_mixin.py:190} INFO - [2024-11-11T00:53:27.372+0100] {dag.py:4180} INFO - Setting next_dagrun for example_skip_dag to 2024-11-09 00:00:00+00:00, run_after=2024-11-10 00:00:00+00:00
[2024-11-11T00:53:27.399+0100] {processor.py:208} INFO - Processing /home/sakana/anaconda3/envs/airflow_env/lib/python3.8/site-packages/airflow/example_dags/example_skip_dag.py took 0.077 seconds
[2024-11-11T00:54:23.836+0100] {processor.py:186} INFO - Started process (PID=9950) to work on /home/sakana/anaconda3/envs/airflow_env/lib/python3.8/site-packages/airflow/example_dags/example_skip_dag.py
[2024-11-11T00:54:23.841+0100] {processor.py:914} INFO - Processing file /home/sakana/anaconda3/envs/airflow_env/lib/python3.8/site-packages/airflow/example_dags/example_skip_dag.py for tasks to queue
[2024-11-11T00:54:23.843+0100] {logging_mixin.py:190} INFO - [2024-11-11T00:54:23.843+0100] {dagbag.py:588} INFO - Filling up the DagBag from /home/sakana/anaconda3/envs/airflow_env/lib/python3.8/site-packages/airflow/example_dags/example_skip_dag.py
[2024-11-11T00:54:23.851+0100] {processor.py:925} INFO - DAG(s) 'example_skip_dag' retrieved from /home/sakana/anaconda3/envs/airflow_env/lib/python3.8/site-packages/airflow/example_dags/example_skip_dag.py
[2024-11-11T00:54:23.867+0100] {logging_mixin.py:190} INFO - [2024-11-11T00:54:23.867+0100] {dag.py:3239} INFO - Sync 1 DAGs
[2024-11-11T00:54:23.889+0100] {logging_mixin.py:190} INFO - [2024-11-11T00:54:23.888+0100] {dag.py:4180} INFO - Setting next_dagrun for example_skip_dag to 2024-11-09 00:00:00+00:00, run_after=2024-11-10 00:00:00+00:00
[2024-11-11T00:54:23.915+0100] {processor.py:208} INFO - Processing /home/sakana/anaconda3/envs/airflow_env/lib/python3.8/site-packages/airflow/example_dags/example_skip_dag.py took 0.085 seconds
