[2024-11-11T00:25:39.549+0100] {processor.py:186} INFO - Started process (PID=6658) to work on /home/sakana/anaconda3/envs/airflow_env/lib/python3.8/site-packages/airflow/example_dags/example_short_circuit_operator.py
[2024-11-11T00:25:39.550+0100] {processor.py:914} INFO - Processing file /home/sakana/anaconda3/envs/airflow_env/lib/python3.8/site-packages/airflow/example_dags/example_short_circuit_operator.py for tasks to queue
[2024-11-11T00:25:39.552+0100] {logging_mixin.py:190} INFO - [2024-11-11T00:25:39.551+0100] {dagbag.py:588} INFO - Filling up the DagBag from /home/sakana/anaconda3/envs/airflow_env/lib/python3.8/site-packages/airflow/example_dags/example_short_circuit_operator.py
[2024-11-11T00:25:39.560+0100] {processor.py:925} INFO - DAG(s) 'example_short_circuit_operator' retrieved from /home/sakana/anaconda3/envs/airflow_env/lib/python3.8/site-packages/airflow/example_dags/example_short_circuit_operator.py
[2024-11-11T00:25:39.689+0100] {logging_mixin.py:190} INFO - [2024-11-11T00:25:39.687+0100] {override.py:1901} INFO - Created Permission View: can edit on DAG:example_short_circuit_operator
[2024-11-11T00:25:39.721+0100] {logging_mixin.py:190} INFO - [2024-11-11T00:25:39.721+0100] {override.py:1901} INFO - Created Permission View: can read on DAG:example_short_circuit_operator
[2024-11-11T00:25:39.740+0100] {logging_mixin.py:190} INFO - [2024-11-11T00:25:39.739+0100] {override.py:1901} INFO - Created Permission View: can delete on DAG:example_short_circuit_operator
[2024-11-11T00:25:39.768+0100] {logging_mixin.py:190} INFO - [2024-11-11T00:25:39.767+0100] {override.py:1901} INFO - Created Permission View: can create on DAG Run:example_short_circuit_operator
[2024-11-11T00:25:39.783+0100] {logging_mixin.py:190} INFO - [2024-11-11T00:25:39.783+0100] {override.py:1901} INFO - Created Permission View: can read on DAG Run:example_short_circuit_operator
[2024-11-11T00:25:39.797+0100] {logging_mixin.py:190} INFO - [2024-11-11T00:25:39.797+0100] {override.py:1901} INFO - Created Permission View: can delete on DAG Run:example_short_circuit_operator
[2024-11-11T00:25:39.811+0100] {logging_mixin.py:190} INFO - [2024-11-11T00:25:39.810+0100] {override.py:1901} INFO - Created Permission View: menu access on DAG Run:example_short_circuit_operator
[2024-11-11T00:25:39.811+0100] {logging_mixin.py:190} INFO - [2024-11-11T00:25:39.811+0100] {dag.py:3239} INFO - Sync 1 DAGs
[2024-11-11T00:25:39.827+0100] {logging_mixin.py:190} INFO - [2024-11-11T00:25:39.827+0100] {dag.py:3262} INFO - Creating ORM DAG for example_short_circuit_operator
[2024-11-11T00:25:39.828+0100] {logging_mixin.py:190} INFO - [2024-11-11T00:25:39.828+0100] {dag.py:4180} INFO - Setting next_dagrun for example_short_circuit_operator to None, run_after=None
[2024-11-11T00:25:39.871+0100] {processor.py:208} INFO - Processing /home/sakana/anaconda3/envs/airflow_env/lib/python3.8/site-packages/airflow/example_dags/example_short_circuit_operator.py took 0.329 seconds
[2024-11-11T00:26:49.856+0100] {processor.py:186} INFO - Started process (PID=6889) to work on /home/sakana/anaconda3/envs/airflow_env/lib/python3.8/site-packages/airflow/example_dags/example_short_circuit_operator.py
[2024-11-11T00:26:49.861+0100] {processor.py:914} INFO - Processing file /home/sakana/anaconda3/envs/airflow_env/lib/python3.8/site-packages/airflow/example_dags/example_short_circuit_operator.py for tasks to queue
[2024-11-11T00:26:49.863+0100] {logging_mixin.py:190} INFO - [2024-11-11T00:26:49.863+0100] {dagbag.py:588} INFO - Filling up the DagBag from /home/sakana/anaconda3/envs/airflow_env/lib/python3.8/site-packages/airflow/example_dags/example_short_circuit_operator.py
[2024-11-11T00:26:49.874+0100] {processor.py:925} INFO - DAG(s) 'example_short_circuit_operator' retrieved from /home/sakana/anaconda3/envs/airflow_env/lib/python3.8/site-packages/airflow/example_dags/example_short_circuit_operator.py
[2024-11-11T00:26:49.891+0100] {logging_mixin.py:190} INFO - [2024-11-11T00:26:49.891+0100] {dag.py:3239} INFO - Sync 1 DAGs
[2024-11-11T00:26:49.908+0100] {logging_mixin.py:190} INFO - [2024-11-11T00:26:49.908+0100] {dag.py:4180} INFO - Setting next_dagrun for example_short_circuit_operator to None, run_after=None
[2024-11-11T00:26:49.935+0100] {processor.py:208} INFO - Processing /home/sakana/anaconda3/envs/airflow_env/lib/python3.8/site-packages/airflow/example_dags/example_short_circuit_operator.py took 0.086 seconds
[2024-11-11T00:27:45.741+0100] {processor.py:186} INFO - Started process (PID=6967) to work on /home/sakana/anaconda3/envs/airflow_env/lib/python3.8/site-packages/airflow/example_dags/example_short_circuit_operator.py
[2024-11-11T00:27:45.746+0100] {processor.py:914} INFO - Processing file /home/sakana/anaconda3/envs/airflow_env/lib/python3.8/site-packages/airflow/example_dags/example_short_circuit_operator.py for tasks to queue
[2024-11-11T00:27:45.748+0100] {logging_mixin.py:190} INFO - [2024-11-11T00:27:45.748+0100] {dagbag.py:588} INFO - Filling up the DagBag from /home/sakana/anaconda3/envs/airflow_env/lib/python3.8/site-packages/airflow/example_dags/example_short_circuit_operator.py
[2024-11-11T00:27:45.761+0100] {processor.py:925} INFO - DAG(s) 'example_short_circuit_operator' retrieved from /home/sakana/anaconda3/envs/airflow_env/lib/python3.8/site-packages/airflow/example_dags/example_short_circuit_operator.py
[2024-11-11T00:27:45.781+0100] {logging_mixin.py:190} INFO - [2024-11-11T00:27:45.781+0100] {dag.py:3239} INFO - Sync 1 DAGs
[2024-11-11T00:27:45.796+0100] {logging_mixin.py:190} INFO - [2024-11-11T00:27:45.796+0100] {dag.py:4180} INFO - Setting next_dagrun for example_short_circuit_operator to None, run_after=None
[2024-11-11T00:27:45.815+0100] {processor.py:208} INFO - Processing /home/sakana/anaconda3/envs/airflow_env/lib/python3.8/site-packages/airflow/example_dags/example_short_circuit_operator.py took 0.082 seconds
[2024-11-11T00:28:40.794+0100] {processor.py:186} INFO - Started process (PID=7069) to work on /home/sakana/anaconda3/envs/airflow_env/lib/python3.8/site-packages/airflow/example_dags/example_short_circuit_operator.py
[2024-11-11T00:28:40.800+0100] {processor.py:914} INFO - Processing file /home/sakana/anaconda3/envs/airflow_env/lib/python3.8/site-packages/airflow/example_dags/example_short_circuit_operator.py for tasks to queue
[2024-11-11T00:28:40.802+0100] {logging_mixin.py:190} INFO - [2024-11-11T00:28:40.802+0100] {dagbag.py:588} INFO - Filling up the DagBag from /home/sakana/anaconda3/envs/airflow_env/lib/python3.8/site-packages/airflow/example_dags/example_short_circuit_operator.py
[2024-11-11T00:28:40.812+0100] {processor.py:925} INFO - DAG(s) 'example_short_circuit_operator' retrieved from /home/sakana/anaconda3/envs/airflow_env/lib/python3.8/site-packages/airflow/example_dags/example_short_circuit_operator.py
[2024-11-11T00:28:40.830+0100] {logging_mixin.py:190} INFO - [2024-11-11T00:28:40.830+0100] {dag.py:3239} INFO - Sync 1 DAGs
[2024-11-11T00:28:40.843+0100] {logging_mixin.py:190} INFO - [2024-11-11T00:28:40.842+0100] {dag.py:4180} INFO - Setting next_dagrun for example_short_circuit_operator to None, run_after=None
[2024-11-11T00:28:40.859+0100] {processor.py:208} INFO - Processing /home/sakana/anaconda3/envs/airflow_env/lib/python3.8/site-packages/airflow/example_dags/example_short_circuit_operator.py took 0.079 seconds
[2024-11-11T00:29:35.616+0100] {processor.py:186} INFO - Started process (PID=7146) to work on /home/sakana/anaconda3/envs/airflow_env/lib/python3.8/site-packages/airflow/example_dags/example_short_circuit_operator.py
[2024-11-11T00:29:35.622+0100] {processor.py:914} INFO - Processing file /home/sakana/anaconda3/envs/airflow_env/lib/python3.8/site-packages/airflow/example_dags/example_short_circuit_operator.py for tasks to queue
[2024-11-11T00:29:35.628+0100] {logging_mixin.py:190} INFO - [2024-11-11T00:29:35.627+0100] {dagbag.py:588} INFO - Filling up the DagBag from /home/sakana/anaconda3/envs/airflow_env/lib/python3.8/site-packages/airflow/example_dags/example_short_circuit_operator.py
[2024-11-11T00:29:35.650+0100] {processor.py:925} INFO - DAG(s) 'example_short_circuit_operator' retrieved from /home/sakana/anaconda3/envs/airflow_env/lib/python3.8/site-packages/airflow/example_dags/example_short_circuit_operator.py
[2024-11-11T00:29:35.670+0100] {logging_mixin.py:190} INFO - [2024-11-11T00:29:35.670+0100] {dag.py:3239} INFO - Sync 1 DAGs
[2024-11-11T00:29:35.682+0100] {logging_mixin.py:190} INFO - [2024-11-11T00:29:35.682+0100] {dag.py:4180} INFO - Setting next_dagrun for example_short_circuit_operator to None, run_after=None
[2024-11-11T00:29:35.699+0100] {processor.py:208} INFO - Processing /home/sakana/anaconda3/envs/airflow_env/lib/python3.8/site-packages/airflow/example_dags/example_short_circuit_operator.py took 0.091 seconds
[2024-11-11T00:30:30.875+0100] {processor.py:186} INFO - Started process (PID=7229) to work on /home/sakana/anaconda3/envs/airflow_env/lib/python3.8/site-packages/airflow/example_dags/example_short_circuit_operator.py
[2024-11-11T00:30:30.880+0100] {processor.py:914} INFO - Processing file /home/sakana/anaconda3/envs/airflow_env/lib/python3.8/site-packages/airflow/example_dags/example_short_circuit_operator.py for tasks to queue
[2024-11-11T00:30:30.882+0100] {logging_mixin.py:190} INFO - [2024-11-11T00:30:30.881+0100] {dagbag.py:588} INFO - Filling up the DagBag from /home/sakana/anaconda3/envs/airflow_env/lib/python3.8/site-packages/airflow/example_dags/example_short_circuit_operator.py
[2024-11-11T00:30:30.890+0100] {processor.py:925} INFO - DAG(s) 'example_short_circuit_operator' retrieved from /home/sakana/anaconda3/envs/airflow_env/lib/python3.8/site-packages/airflow/example_dags/example_short_circuit_operator.py
[2024-11-11T00:30:30.908+0100] {logging_mixin.py:190} INFO - [2024-11-11T00:30:30.908+0100] {dag.py:3239} INFO - Sync 1 DAGs
[2024-11-11T00:30:30.921+0100] {logging_mixin.py:190} INFO - [2024-11-11T00:30:30.920+0100] {dag.py:4180} INFO - Setting next_dagrun for example_short_circuit_operator to None, run_after=None
[2024-11-11T00:30:30.938+0100] {processor.py:208} INFO - Processing /home/sakana/anaconda3/envs/airflow_env/lib/python3.8/site-packages/airflow/example_dags/example_short_circuit_operator.py took 0.070 seconds
[2024-11-11T00:31:26.626+0100] {processor.py:186} INFO - Started process (PID=7303) to work on /home/sakana/anaconda3/envs/airflow_env/lib/python3.8/site-packages/airflow/example_dags/example_short_circuit_operator.py
[2024-11-11T00:31:26.631+0100] {processor.py:914} INFO - Processing file /home/sakana/anaconda3/envs/airflow_env/lib/python3.8/site-packages/airflow/example_dags/example_short_circuit_operator.py for tasks to queue
[2024-11-11T00:31:26.633+0100] {logging_mixin.py:190} INFO - [2024-11-11T00:31:26.633+0100] {dagbag.py:588} INFO - Filling up the DagBag from /home/sakana/anaconda3/envs/airflow_env/lib/python3.8/site-packages/airflow/example_dags/example_short_circuit_operator.py
[2024-11-11T00:31:26.645+0100] {processor.py:925} INFO - DAG(s) 'example_short_circuit_operator' retrieved from /home/sakana/anaconda3/envs/airflow_env/lib/python3.8/site-packages/airflow/example_dags/example_short_circuit_operator.py
[2024-11-11T00:31:26.668+0100] {logging_mixin.py:190} INFO - [2024-11-11T00:31:26.668+0100] {dag.py:3239} INFO - Sync 1 DAGs
[2024-11-11T00:31:26.681+0100] {logging_mixin.py:190} INFO - [2024-11-11T00:31:26.681+0100] {dag.py:4180} INFO - Setting next_dagrun for example_short_circuit_operator to None, run_after=None
[2024-11-11T00:31:26.699+0100] {processor.py:208} INFO - Processing /home/sakana/anaconda3/envs/airflow_env/lib/python3.8/site-packages/airflow/example_dags/example_short_circuit_operator.py took 0.081 seconds
[2024-11-11T00:32:21.345+0100] {processor.py:186} INFO - Started process (PID=7375) to work on /home/sakana/anaconda3/envs/airflow_env/lib/python3.8/site-packages/airflow/example_dags/example_short_circuit_operator.py
[2024-11-11T00:32:21.350+0100] {processor.py:914} INFO - Processing file /home/sakana/anaconda3/envs/airflow_env/lib/python3.8/site-packages/airflow/example_dags/example_short_circuit_operator.py for tasks to queue
[2024-11-11T00:32:21.352+0100] {logging_mixin.py:190} INFO - [2024-11-11T00:32:21.351+0100] {dagbag.py:588} INFO - Filling up the DagBag from /home/sakana/anaconda3/envs/airflow_env/lib/python3.8/site-packages/airflow/example_dags/example_short_circuit_operator.py
[2024-11-11T00:32:21.363+0100] {processor.py:925} INFO - DAG(s) 'example_short_circuit_operator' retrieved from /home/sakana/anaconda3/envs/airflow_env/lib/python3.8/site-packages/airflow/example_dags/example_short_circuit_operator.py
[2024-11-11T00:32:21.383+0100] {logging_mixin.py:190} INFO - [2024-11-11T00:32:21.383+0100] {dag.py:3239} INFO - Sync 1 DAGs
[2024-11-11T00:32:21.394+0100] {logging_mixin.py:190} INFO - [2024-11-11T00:32:21.394+0100] {dag.py:4180} INFO - Setting next_dagrun for example_short_circuit_operator to None, run_after=None
[2024-11-11T00:32:21.412+0100] {processor.py:208} INFO - Processing /home/sakana/anaconda3/envs/airflow_env/lib/python3.8/site-packages/airflow/example_dags/example_short_circuit_operator.py took 0.073 seconds
[2024-11-11T00:33:17.978+0100] {processor.py:186} INFO - Started process (PID=7463) to work on /home/sakana/anaconda3/envs/airflow_env/lib/python3.8/site-packages/airflow/example_dags/example_short_circuit_operator.py
[2024-11-11T00:33:17.984+0100] {processor.py:914} INFO - Processing file /home/sakana/anaconda3/envs/airflow_env/lib/python3.8/site-packages/airflow/example_dags/example_short_circuit_operator.py for tasks to queue
[2024-11-11T00:33:17.990+0100] {logging_mixin.py:190} INFO - [2024-11-11T00:33:17.989+0100] {dagbag.py:588} INFO - Filling up the DagBag from /home/sakana/anaconda3/envs/airflow_env/lib/python3.8/site-packages/airflow/example_dags/example_short_circuit_operator.py
[2024-11-11T00:33:18.011+0100] {processor.py:925} INFO - DAG(s) 'example_short_circuit_operator' retrieved from /home/sakana/anaconda3/envs/airflow_env/lib/python3.8/site-packages/airflow/example_dags/example_short_circuit_operator.py
[2024-11-11T00:33:18.034+0100] {logging_mixin.py:190} INFO - [2024-11-11T00:33:18.034+0100] {dag.py:3239} INFO - Sync 1 DAGs
[2024-11-11T00:33:18.046+0100] {logging_mixin.py:190} INFO - [2024-11-11T00:33:18.046+0100] {dag.py:4180} INFO - Setting next_dagrun for example_short_circuit_operator to None, run_after=None
[2024-11-11T00:33:18.067+0100] {processor.py:208} INFO - Processing /home/sakana/anaconda3/envs/airflow_env/lib/python3.8/site-packages/airflow/example_dags/example_short_circuit_operator.py took 0.094 seconds
[2024-11-11T00:34:13.698+0100] {processor.py:186} INFO - Started process (PID=7552) to work on /home/sakana/anaconda3/envs/airflow_env/lib/python3.8/site-packages/airflow/example_dags/example_short_circuit_operator.py
[2024-11-11T00:34:13.703+0100] {processor.py:914} INFO - Processing file /home/sakana/anaconda3/envs/airflow_env/lib/python3.8/site-packages/airflow/example_dags/example_short_circuit_operator.py for tasks to queue
[2024-11-11T00:34:13.706+0100] {logging_mixin.py:190} INFO - [2024-11-11T00:34:13.705+0100] {dagbag.py:588} INFO - Filling up the DagBag from /home/sakana/anaconda3/envs/airflow_env/lib/python3.8/site-packages/airflow/example_dags/example_short_circuit_operator.py
[2024-11-11T00:34:13.719+0100] {processor.py:925} INFO - DAG(s) 'example_short_circuit_operator' retrieved from /home/sakana/anaconda3/envs/airflow_env/lib/python3.8/site-packages/airflow/example_dags/example_short_circuit_operator.py
[2024-11-11T00:34:13.738+0100] {logging_mixin.py:190} INFO - [2024-11-11T00:34:13.738+0100] {dag.py:3239} INFO - Sync 1 DAGs
[2024-11-11T00:34:13.750+0100] {logging_mixin.py:190} INFO - [2024-11-11T00:34:13.750+0100] {dag.py:4180} INFO - Setting next_dagrun for example_short_circuit_operator to None, run_after=None
[2024-11-11T00:34:13.770+0100] {processor.py:208} INFO - Processing /home/sakana/anaconda3/envs/airflow_env/lib/python3.8/site-packages/airflow/example_dags/example_short_circuit_operator.py took 0.079 seconds
[2024-11-11T00:35:10.486+0100] {processor.py:186} INFO - Started process (PID=7629) to work on /home/sakana/anaconda3/envs/airflow_env/lib/python3.8/site-packages/airflow/example_dags/example_short_circuit_operator.py
[2024-11-11T00:35:10.492+0100] {processor.py:914} INFO - Processing file /home/sakana/anaconda3/envs/airflow_env/lib/python3.8/site-packages/airflow/example_dags/example_short_circuit_operator.py for tasks to queue
[2024-11-11T00:35:10.494+0100] {logging_mixin.py:190} INFO - [2024-11-11T00:35:10.494+0100] {dagbag.py:588} INFO - Filling up the DagBag from /home/sakana/anaconda3/envs/airflow_env/lib/python3.8/site-packages/airflow/example_dags/example_short_circuit_operator.py
[2024-11-11T00:35:10.506+0100] {processor.py:925} INFO - DAG(s) 'example_short_circuit_operator' retrieved from /home/sakana/anaconda3/envs/airflow_env/lib/python3.8/site-packages/airflow/example_dags/example_short_circuit_operator.py
[2024-11-11T00:35:10.526+0100] {logging_mixin.py:190} INFO - [2024-11-11T00:35:10.526+0100] {dag.py:3239} INFO - Sync 1 DAGs
[2024-11-11T00:35:10.539+0100] {logging_mixin.py:190} INFO - [2024-11-11T00:35:10.539+0100] {dag.py:4180} INFO - Setting next_dagrun for example_short_circuit_operator to None, run_after=None
[2024-11-11T00:35:10.558+0100] {processor.py:208} INFO - Processing /home/sakana/anaconda3/envs/airflow_env/lib/python3.8/site-packages/airflow/example_dags/example_short_circuit_operator.py took 0.079 seconds
[2024-11-11T00:36:04.299+0100] {processor.py:186} INFO - Started process (PID=7701) to work on /home/sakana/anaconda3/envs/airflow_env/lib/python3.8/site-packages/airflow/example_dags/example_short_circuit_operator.py
[2024-11-11T00:36:04.304+0100] {processor.py:914} INFO - Processing file /home/sakana/anaconda3/envs/airflow_env/lib/python3.8/site-packages/airflow/example_dags/example_short_circuit_operator.py for tasks to queue
[2024-11-11T00:36:04.306+0100] {logging_mixin.py:190} INFO - [2024-11-11T00:36:04.306+0100] {dagbag.py:588} INFO - Filling up the DagBag from /home/sakana/anaconda3/envs/airflow_env/lib/python3.8/site-packages/airflow/example_dags/example_short_circuit_operator.py
[2024-11-11T00:36:04.317+0100] {processor.py:925} INFO - DAG(s) 'example_short_circuit_operator' retrieved from /home/sakana/anaconda3/envs/airflow_env/lib/python3.8/site-packages/airflow/example_dags/example_short_circuit_operator.py
[2024-11-11T00:36:04.336+0100] {logging_mixin.py:190} INFO - [2024-11-11T00:36:04.336+0100] {dag.py:3239} INFO - Sync 1 DAGs
[2024-11-11T00:36:04.348+0100] {logging_mixin.py:190} INFO - [2024-11-11T00:36:04.347+0100] {dag.py:4180} INFO - Setting next_dagrun for example_short_circuit_operator to None, run_after=None
[2024-11-11T00:36:04.372+0100] {processor.py:208} INFO - Processing /home/sakana/anaconda3/envs/airflow_env/lib/python3.8/site-packages/airflow/example_dags/example_short_circuit_operator.py took 0.080 seconds
[2024-11-11T00:37:00.331+0100] {processor.py:186} INFO - Started process (PID=7772) to work on /home/sakana/anaconda3/envs/airflow_env/lib/python3.8/site-packages/airflow/example_dags/example_short_circuit_operator.py
[2024-11-11T00:37:00.336+0100] {processor.py:914} INFO - Processing file /home/sakana/anaconda3/envs/airflow_env/lib/python3.8/site-packages/airflow/example_dags/example_short_circuit_operator.py for tasks to queue
[2024-11-11T00:37:00.338+0100] {logging_mixin.py:190} INFO - [2024-11-11T00:37:00.338+0100] {dagbag.py:588} INFO - Filling up the DagBag from /home/sakana/anaconda3/envs/airflow_env/lib/python3.8/site-packages/airflow/example_dags/example_short_circuit_operator.py
[2024-11-11T00:37:00.348+0100] {processor.py:925} INFO - DAG(s) 'example_short_circuit_operator' retrieved from /home/sakana/anaconda3/envs/airflow_env/lib/python3.8/site-packages/airflow/example_dags/example_short_circuit_operator.py
[2024-11-11T00:37:00.366+0100] {logging_mixin.py:190} INFO - [2024-11-11T00:37:00.366+0100] {dag.py:3239} INFO - Sync 1 DAGs
[2024-11-11T00:37:00.378+0100] {logging_mixin.py:190} INFO - [2024-11-11T00:37:00.378+0100] {dag.py:4180} INFO - Setting next_dagrun for example_short_circuit_operator to None, run_after=None
[2024-11-11T00:37:00.411+0100] {processor.py:208} INFO - Processing /home/sakana/anaconda3/envs/airflow_env/lib/python3.8/site-packages/airflow/example_dags/example_short_circuit_operator.py took 0.087 seconds
[2024-11-11T00:37:57.634+0100] {processor.py:186} INFO - Started process (PID=7848) to work on /home/sakana/anaconda3/envs/airflow_env/lib/python3.8/site-packages/airflow/example_dags/example_short_circuit_operator.py
[2024-11-11T00:37:57.639+0100] {processor.py:914} INFO - Processing file /home/sakana/anaconda3/envs/airflow_env/lib/python3.8/site-packages/airflow/example_dags/example_short_circuit_operator.py for tasks to queue
[2024-11-11T00:37:57.641+0100] {logging_mixin.py:190} INFO - [2024-11-11T00:37:57.641+0100] {dagbag.py:588} INFO - Filling up the DagBag from /home/sakana/anaconda3/envs/airflow_env/lib/python3.8/site-packages/airflow/example_dags/example_short_circuit_operator.py
[2024-11-11T00:37:57.651+0100] {processor.py:925} INFO - DAG(s) 'example_short_circuit_operator' retrieved from /home/sakana/anaconda3/envs/airflow_env/lib/python3.8/site-packages/airflow/example_dags/example_short_circuit_operator.py
[2024-11-11T00:37:57.670+0100] {logging_mixin.py:190} INFO - [2024-11-11T00:37:57.670+0100] {dag.py:3239} INFO - Sync 1 DAGs
[2024-11-11T00:37:57.682+0100] {logging_mixin.py:190} INFO - [2024-11-11T00:37:57.681+0100] {dag.py:4180} INFO - Setting next_dagrun for example_short_circuit_operator to None, run_after=None
[2024-11-11T00:37:57.707+0100] {processor.py:208} INFO - Processing /home/sakana/anaconda3/envs/airflow_env/lib/python3.8/site-packages/airflow/example_dags/example_short_circuit_operator.py took 0.080 seconds
[2024-11-11T00:38:51.360+0100] {processor.py:186} INFO - Started process (PID=7952) to work on /home/sakana/anaconda3/envs/airflow_env/lib/python3.8/site-packages/airflow/example_dags/example_short_circuit_operator.py
[2024-11-11T00:38:51.365+0100] {processor.py:914} INFO - Processing file /home/sakana/anaconda3/envs/airflow_env/lib/python3.8/site-packages/airflow/example_dags/example_short_circuit_operator.py for tasks to queue
[2024-11-11T00:38:51.367+0100] {logging_mixin.py:190} INFO - [2024-11-11T00:38:51.366+0100] {dagbag.py:588} INFO - Filling up the DagBag from /home/sakana/anaconda3/envs/airflow_env/lib/python3.8/site-packages/airflow/example_dags/example_short_circuit_operator.py
[2024-11-11T00:38:51.376+0100] {processor.py:925} INFO - DAG(s) 'example_short_circuit_operator' retrieved from /home/sakana/anaconda3/envs/airflow_env/lib/python3.8/site-packages/airflow/example_dags/example_short_circuit_operator.py
[2024-11-11T00:38:51.393+0100] {logging_mixin.py:190} INFO - [2024-11-11T00:38:51.393+0100] {dag.py:3239} INFO - Sync 1 DAGs
[2024-11-11T00:38:51.405+0100] {logging_mixin.py:190} INFO - [2024-11-11T00:38:51.405+0100] {dag.py:4180} INFO - Setting next_dagrun for example_short_circuit_operator to None, run_after=None
[2024-11-11T00:38:51.442+0100] {processor.py:208} INFO - Processing /home/sakana/anaconda3/envs/airflow_env/lib/python3.8/site-packages/airflow/example_dags/example_short_circuit_operator.py took 0.087 seconds
[2024-11-11T00:39:47.533+0100] {processor.py:186} INFO - Started process (PID=8099) to work on /home/sakana/anaconda3/envs/airflow_env/lib/python3.8/site-packages/airflow/example_dags/example_short_circuit_operator.py
[2024-11-11T00:39:47.538+0100] {processor.py:914} INFO - Processing file /home/sakana/anaconda3/envs/airflow_env/lib/python3.8/site-packages/airflow/example_dags/example_short_circuit_operator.py for tasks to queue
[2024-11-11T00:39:47.541+0100] {logging_mixin.py:190} INFO - [2024-11-11T00:39:47.540+0100] {dagbag.py:588} INFO - Filling up the DagBag from /home/sakana/anaconda3/envs/airflow_env/lib/python3.8/site-packages/airflow/example_dags/example_short_circuit_operator.py
[2024-11-11T00:39:47.558+0100] {processor.py:925} INFO - DAG(s) 'example_short_circuit_operator' retrieved from /home/sakana/anaconda3/envs/airflow_env/lib/python3.8/site-packages/airflow/example_dags/example_short_circuit_operator.py
[2024-11-11T00:39:47.584+0100] {logging_mixin.py:190} INFO - [2024-11-11T00:39:47.584+0100] {dag.py:3239} INFO - Sync 1 DAGs
[2024-11-11T00:39:47.600+0100] {logging_mixin.py:190} INFO - [2024-11-11T00:39:47.600+0100] {dag.py:4180} INFO - Setting next_dagrun for example_short_circuit_operator to None, run_after=None
[2024-11-11T00:39:47.628+0100] {processor.py:208} INFO - Processing /home/sakana/anaconda3/envs/airflow_env/lib/python3.8/site-packages/airflow/example_dags/example_short_circuit_operator.py took 0.103 seconds
[2024-11-11T00:43:04.116+0100] {processor.py:186} INFO - Started process (PID=8444) to work on /home/sakana/anaconda3/envs/airflow_env/lib/python3.8/site-packages/airflow/example_dags/example_short_circuit_operator.py
[2024-11-11T00:43:04.121+0100] {processor.py:914} INFO - Processing file /home/sakana/anaconda3/envs/airflow_env/lib/python3.8/site-packages/airflow/example_dags/example_short_circuit_operator.py for tasks to queue
[2024-11-11T00:43:04.124+0100] {logging_mixin.py:190} INFO - [2024-11-11T00:43:04.123+0100] {dagbag.py:588} INFO - Filling up the DagBag from /home/sakana/anaconda3/envs/airflow_env/lib/python3.8/site-packages/airflow/example_dags/example_short_circuit_operator.py
[2024-11-11T00:43:04.136+0100] {processor.py:925} INFO - DAG(s) 'example_short_circuit_operator' retrieved from /home/sakana/anaconda3/envs/airflow_env/lib/python3.8/site-packages/airflow/example_dags/example_short_circuit_operator.py
[2024-11-11T00:43:04.157+0100] {logging_mixin.py:190} INFO - [2024-11-11T00:43:04.157+0100] {dag.py:3239} INFO - Sync 1 DAGs
[2024-11-11T00:43:04.170+0100] {logging_mixin.py:190} INFO - [2024-11-11T00:43:04.169+0100] {dag.py:4180} INFO - Setting next_dagrun for example_short_circuit_operator to None, run_after=None
[2024-11-11T00:43:04.186+0100] {processor.py:208} INFO - Processing /home/sakana/anaconda3/envs/airflow_env/lib/python3.8/site-packages/airflow/example_dags/example_short_circuit_operator.py took 0.077 seconds
[2024-11-11T00:45:29.486+0100] {processor.py:186} INFO - Started process (PID=8741) to work on /home/sakana/anaconda3/envs/airflow_env/lib/python3.8/site-packages/airflow/example_dags/example_short_circuit_operator.py
[2024-11-11T00:45:29.491+0100] {processor.py:914} INFO - Processing file /home/sakana/anaconda3/envs/airflow_env/lib/python3.8/site-packages/airflow/example_dags/example_short_circuit_operator.py for tasks to queue
[2024-11-11T00:45:29.494+0100] {logging_mixin.py:190} INFO - [2024-11-11T00:45:29.494+0100] {dagbag.py:588} INFO - Filling up the DagBag from /home/sakana/anaconda3/envs/airflow_env/lib/python3.8/site-packages/airflow/example_dags/example_short_circuit_operator.py
[2024-11-11T00:45:29.504+0100] {processor.py:925} INFO - DAG(s) 'example_short_circuit_operator' retrieved from /home/sakana/anaconda3/envs/airflow_env/lib/python3.8/site-packages/airflow/example_dags/example_short_circuit_operator.py
[2024-11-11T00:45:29.531+0100] {logging_mixin.py:190} INFO - [2024-11-11T00:45:29.530+0100] {dag.py:3239} INFO - Sync 1 DAGs
[2024-11-11T00:45:29.550+0100] {logging_mixin.py:190} INFO - [2024-11-11T00:45:29.550+0100] {dag.py:4180} INFO - Setting next_dagrun for example_short_circuit_operator to None, run_after=None
[2024-11-11T00:45:29.579+0100] {processor.py:208} INFO - Processing /home/sakana/anaconda3/envs/airflow_env/lib/python3.8/site-packages/airflow/example_dags/example_short_circuit_operator.py took 0.100 seconds
[2024-11-11T00:46:27.822+0100] {processor.py:186} INFO - Started process (PID=8847) to work on /home/sakana/anaconda3/envs/airflow_env/lib/python3.8/site-packages/airflow/example_dags/example_short_circuit_operator.py
[2024-11-11T00:46:27.827+0100] {processor.py:914} INFO - Processing file /home/sakana/anaconda3/envs/airflow_env/lib/python3.8/site-packages/airflow/example_dags/example_short_circuit_operator.py for tasks to queue
[2024-11-11T00:46:27.829+0100] {logging_mixin.py:190} INFO - [2024-11-11T00:46:27.829+0100] {dagbag.py:588} INFO - Filling up the DagBag from /home/sakana/anaconda3/envs/airflow_env/lib/python3.8/site-packages/airflow/example_dags/example_short_circuit_operator.py
[2024-11-11T00:46:27.840+0100] {processor.py:925} INFO - DAG(s) 'example_short_circuit_operator' retrieved from /home/sakana/anaconda3/envs/airflow_env/lib/python3.8/site-packages/airflow/example_dags/example_short_circuit_operator.py
[2024-11-11T00:46:27.862+0100] {logging_mixin.py:190} INFO - [2024-11-11T00:46:27.862+0100] {dag.py:3239} INFO - Sync 1 DAGs
[2024-11-11T00:46:27.875+0100] {logging_mixin.py:190} INFO - [2024-11-11T00:46:27.875+0100] {dag.py:4180} INFO - Setting next_dagrun for example_short_circuit_operator to None, run_after=None
[2024-11-11T00:46:27.892+0100] {processor.py:208} INFO - Processing /home/sakana/anaconda3/envs/airflow_env/lib/python3.8/site-packages/airflow/example_dags/example_short_circuit_operator.py took 0.078 seconds
[2024-11-11T00:47:21.892+0100] {processor.py:186} INFO - Started process (PID=8929) to work on /home/sakana/anaconda3/envs/airflow_env/lib/python3.8/site-packages/airflow/example_dags/example_short_circuit_operator.py
[2024-11-11T00:47:21.897+0100] {processor.py:914} INFO - Processing file /home/sakana/anaconda3/envs/airflow_env/lib/python3.8/site-packages/airflow/example_dags/example_short_circuit_operator.py for tasks to queue
[2024-11-11T00:47:21.905+0100] {logging_mixin.py:190} INFO - [2024-11-11T00:47:21.904+0100] {dagbag.py:588} INFO - Filling up the DagBag from /home/sakana/anaconda3/envs/airflow_env/lib/python3.8/site-packages/airflow/example_dags/example_short_circuit_operator.py
[2024-11-11T00:47:21.928+0100] {processor.py:925} INFO - DAG(s) 'example_short_circuit_operator' retrieved from /home/sakana/anaconda3/envs/airflow_env/lib/python3.8/site-packages/airflow/example_dags/example_short_circuit_operator.py
[2024-11-11T00:47:21.949+0100] {logging_mixin.py:190} INFO - [2024-11-11T00:47:21.949+0100] {dag.py:3239} INFO - Sync 1 DAGs
[2024-11-11T00:47:21.960+0100] {logging_mixin.py:190} INFO - [2024-11-11T00:47:21.960+0100] {dag.py:4180} INFO - Setting next_dagrun for example_short_circuit_operator to None, run_after=None
[2024-11-11T00:47:21.978+0100] {processor.py:208} INFO - Processing /home/sakana/anaconda3/envs/airflow_env/lib/python3.8/site-packages/airflow/example_dags/example_short_circuit_operator.py took 0.092 seconds
[2024-11-11T00:48:18.749+0100] {processor.py:186} INFO - Started process (PID=9017) to work on /home/sakana/anaconda3/envs/airflow_env/lib/python3.8/site-packages/airflow/example_dags/example_short_circuit_operator.py
[2024-11-11T00:48:18.754+0100] {processor.py:914} INFO - Processing file /home/sakana/anaconda3/envs/airflow_env/lib/python3.8/site-packages/airflow/example_dags/example_short_circuit_operator.py for tasks to queue
[2024-11-11T00:48:18.757+0100] {logging_mixin.py:190} INFO - [2024-11-11T00:48:18.756+0100] {dagbag.py:588} INFO - Filling up the DagBag from /home/sakana/anaconda3/envs/airflow_env/lib/python3.8/site-packages/airflow/example_dags/example_short_circuit_operator.py
[2024-11-11T00:48:18.768+0100] {processor.py:925} INFO - DAG(s) 'example_short_circuit_operator' retrieved from /home/sakana/anaconda3/envs/airflow_env/lib/python3.8/site-packages/airflow/example_dags/example_short_circuit_operator.py
[2024-11-11T00:48:18.789+0100] {logging_mixin.py:190} INFO - [2024-11-11T00:48:18.789+0100] {dag.py:3239} INFO - Sync 1 DAGs
[2024-11-11T00:48:18.804+0100] {logging_mixin.py:190} INFO - [2024-11-11T00:48:18.803+0100] {dag.py:4180} INFO - Setting next_dagrun for example_short_circuit_operator to None, run_after=None
[2024-11-11T00:48:18.827+0100] {processor.py:208} INFO - Processing /home/sakana/anaconda3/envs/airflow_env/lib/python3.8/site-packages/airflow/example_dags/example_short_circuit_operator.py took 0.087 seconds
[2024-11-11T00:49:15.935+0100] {processor.py:186} INFO - Started process (PID=9168) to work on /home/sakana/anaconda3/envs/airflow_env/lib/python3.8/site-packages/airflow/example_dags/example_short_circuit_operator.py
[2024-11-11T00:49:15.940+0100] {processor.py:914} INFO - Processing file /home/sakana/anaconda3/envs/airflow_env/lib/python3.8/site-packages/airflow/example_dags/example_short_circuit_operator.py for tasks to queue
[2024-11-11T00:49:15.942+0100] {logging_mixin.py:190} INFO - [2024-11-11T00:49:15.942+0100] {dagbag.py:588} INFO - Filling up the DagBag from /home/sakana/anaconda3/envs/airflow_env/lib/python3.8/site-packages/airflow/example_dags/example_short_circuit_operator.py
[2024-11-11T00:49:15.951+0100] {processor.py:925} INFO - DAG(s) 'example_short_circuit_operator' retrieved from /home/sakana/anaconda3/envs/airflow_env/lib/python3.8/site-packages/airflow/example_dags/example_short_circuit_operator.py
[2024-11-11T00:49:15.969+0100] {logging_mixin.py:190} INFO - [2024-11-11T00:49:15.969+0100] {dag.py:3239} INFO - Sync 1 DAGs
[2024-11-11T00:49:15.980+0100] {logging_mixin.py:190} INFO - [2024-11-11T00:49:15.980+0100] {dag.py:4180} INFO - Setting next_dagrun for example_short_circuit_operator to None, run_after=None
[2024-11-11T00:49:16.002+0100] {processor.py:208} INFO - Processing /home/sakana/anaconda3/envs/airflow_env/lib/python3.8/site-packages/airflow/example_dags/example_short_circuit_operator.py took 0.073 seconds
[2024-11-11T00:50:15.186+0100] {processor.py:186} INFO - Started process (PID=9475) to work on /home/sakana/anaconda3/envs/airflow_env/lib/python3.8/site-packages/airflow/example_dags/example_short_circuit_operator.py
[2024-11-11T00:50:15.191+0100] {processor.py:914} INFO - Processing file /home/sakana/anaconda3/envs/airflow_env/lib/python3.8/site-packages/airflow/example_dags/example_short_circuit_operator.py for tasks to queue
[2024-11-11T00:50:15.193+0100] {logging_mixin.py:190} INFO - [2024-11-11T00:50:15.193+0100] {dagbag.py:588} INFO - Filling up the DagBag from /home/sakana/anaconda3/envs/airflow_env/lib/python3.8/site-packages/airflow/example_dags/example_short_circuit_operator.py
[2024-11-11T00:50:15.205+0100] {processor.py:925} INFO - DAG(s) 'example_short_circuit_operator' retrieved from /home/sakana/anaconda3/envs/airflow_env/lib/python3.8/site-packages/airflow/example_dags/example_short_circuit_operator.py
[2024-11-11T00:50:15.236+0100] {logging_mixin.py:190} INFO - [2024-11-11T00:50:15.235+0100] {dag.py:3239} INFO - Sync 1 DAGs
[2024-11-11T00:50:15.249+0100] {logging_mixin.py:190} INFO - [2024-11-11T00:50:15.249+0100] {dag.py:4180} INFO - Setting next_dagrun for example_short_circuit_operator to None, run_after=None
[2024-11-11T00:50:15.272+0100] {processor.py:208} INFO - Processing /home/sakana/anaconda3/envs/airflow_env/lib/python3.8/site-packages/airflow/example_dags/example_short_circuit_operator.py took 0.092 seconds
[2024-11-11T00:51:15.351+0100] {processor.py:186} INFO - Started process (PID=9550) to work on /home/sakana/anaconda3/envs/airflow_env/lib/python3.8/site-packages/airflow/example_dags/example_short_circuit_operator.py
[2024-11-11T00:51:15.356+0100] {processor.py:914} INFO - Processing file /home/sakana/anaconda3/envs/airflow_env/lib/python3.8/site-packages/airflow/example_dags/example_short_circuit_operator.py for tasks to queue
[2024-11-11T00:51:15.359+0100] {logging_mixin.py:190} INFO - [2024-11-11T00:51:15.358+0100] {dagbag.py:588} INFO - Filling up the DagBag from /home/sakana/anaconda3/envs/airflow_env/lib/python3.8/site-packages/airflow/example_dags/example_short_circuit_operator.py
[2024-11-11T00:51:15.370+0100] {processor.py:925} INFO - DAG(s) 'example_short_circuit_operator' retrieved from /home/sakana/anaconda3/envs/airflow_env/lib/python3.8/site-packages/airflow/example_dags/example_short_circuit_operator.py
[2024-11-11T00:51:15.391+0100] {logging_mixin.py:190} INFO - [2024-11-11T00:51:15.390+0100] {dag.py:3239} INFO - Sync 1 DAGs
[2024-11-11T00:51:15.406+0100] {logging_mixin.py:190} INFO - [2024-11-11T00:51:15.405+0100] {dag.py:4180} INFO - Setting next_dagrun for example_short_circuit_operator to None, run_after=None
[2024-11-11T00:51:15.430+0100] {processor.py:208} INFO - Processing /home/sakana/anaconda3/envs/airflow_env/lib/python3.8/site-packages/airflow/example_dags/example_short_circuit_operator.py took 0.086 seconds
[2024-11-11T00:52:12.283+0100] {processor.py:186} INFO - Started process (PID=9651) to work on /home/sakana/anaconda3/envs/airflow_env/lib/python3.8/site-packages/airflow/example_dags/example_short_circuit_operator.py
[2024-11-11T00:52:12.289+0100] {processor.py:914} INFO - Processing file /home/sakana/anaconda3/envs/airflow_env/lib/python3.8/site-packages/airflow/example_dags/example_short_circuit_operator.py for tasks to queue
[2024-11-11T00:52:12.293+0100] {logging_mixin.py:190} INFO - [2024-11-11T00:52:12.292+0100] {dagbag.py:588} INFO - Filling up the DagBag from /home/sakana/anaconda3/envs/airflow_env/lib/python3.8/site-packages/airflow/example_dags/example_short_circuit_operator.py
[2024-11-11T00:52:12.305+0100] {processor.py:925} INFO - DAG(s) 'example_short_circuit_operator' retrieved from /home/sakana/anaconda3/envs/airflow_env/lib/python3.8/site-packages/airflow/example_dags/example_short_circuit_operator.py
[2024-11-11T00:52:12.329+0100] {logging_mixin.py:190} INFO - [2024-11-11T00:52:12.329+0100] {dag.py:3239} INFO - Sync 1 DAGs
[2024-11-11T00:52:12.343+0100] {logging_mixin.py:190} INFO - [2024-11-11T00:52:12.343+0100] {dag.py:4180} INFO - Setting next_dagrun for example_short_circuit_operator to None, run_after=None
[2024-11-11T00:52:12.365+0100] {processor.py:208} INFO - Processing /home/sakana/anaconda3/envs/airflow_env/lib/python3.8/site-packages/airflow/example_dags/example_short_circuit_operator.py took 0.092 seconds
[2024-11-11T00:53:10.222+0100] {processor.py:186} INFO - Started process (PID=9851) to work on /home/sakana/anaconda3/envs/airflow_env/lib/python3.8/site-packages/airflow/example_dags/example_short_circuit_operator.py
[2024-11-11T00:53:10.226+0100] {processor.py:914} INFO - Processing file /home/sakana/anaconda3/envs/airflow_env/lib/python3.8/site-packages/airflow/example_dags/example_short_circuit_operator.py for tasks to queue
[2024-11-11T00:53:10.229+0100] {logging_mixin.py:190} INFO - [2024-11-11T00:53:10.228+0100] {dagbag.py:588} INFO - Filling up the DagBag from /home/sakana/anaconda3/envs/airflow_env/lib/python3.8/site-packages/airflow/example_dags/example_short_circuit_operator.py
[2024-11-11T00:53:10.250+0100] {processor.py:925} INFO - DAG(s) 'example_short_circuit_operator' retrieved from /home/sakana/anaconda3/envs/airflow_env/lib/python3.8/site-packages/airflow/example_dags/example_short_circuit_operator.py
[2024-11-11T00:53:10.286+0100] {logging_mixin.py:190} INFO - [2024-11-11T00:53:10.286+0100] {dag.py:3239} INFO - Sync 1 DAGs
[2024-11-11T00:53:10.308+0100] {logging_mixin.py:190} INFO - [2024-11-11T00:53:10.308+0100] {dag.py:4180} INFO - Setting next_dagrun for example_short_circuit_operator to None, run_after=None
[2024-11-11T00:53:10.365+0100] {processor.py:208} INFO - Processing /home/sakana/anaconda3/envs/airflow_env/lib/python3.8/site-packages/airflow/example_dags/example_short_circuit_operator.py took 0.153 seconds
[2024-11-11T00:54:08.899+0100] {processor.py:186} INFO - Started process (PID=9926) to work on /home/sakana/anaconda3/envs/airflow_env/lib/python3.8/site-packages/airflow/example_dags/example_short_circuit_operator.py
[2024-11-11T00:54:08.901+0100] {processor.py:914} INFO - Processing file /home/sakana/anaconda3/envs/airflow_env/lib/python3.8/site-packages/airflow/example_dags/example_short_circuit_operator.py for tasks to queue
[2024-11-11T00:54:08.903+0100] {logging_mixin.py:190} INFO - [2024-11-11T00:54:08.903+0100] {dagbag.py:588} INFO - Filling up the DagBag from /home/sakana/anaconda3/envs/airflow_env/lib/python3.8/site-packages/airflow/example_dags/example_short_circuit_operator.py
[2024-11-11T00:54:08.915+0100] {processor.py:925} INFO - DAG(s) 'example_short_circuit_operator' retrieved from /home/sakana/anaconda3/envs/airflow_env/lib/python3.8/site-packages/airflow/example_dags/example_short_circuit_operator.py
[2024-11-11T00:54:08.934+0100] {logging_mixin.py:190} INFO - [2024-11-11T00:54:08.934+0100] {dag.py:3239} INFO - Sync 1 DAGs
[2024-11-11T00:54:08.945+0100] {logging_mixin.py:190} INFO - [2024-11-11T00:54:08.945+0100] {dag.py:4180} INFO - Setting next_dagrun for example_short_circuit_operator to None, run_after=None
[2024-11-11T00:54:08.976+0100] {processor.py:208} INFO - Processing /home/sakana/anaconda3/envs/airflow_env/lib/python3.8/site-packages/airflow/example_dags/example_short_circuit_operator.py took 0.084 seconds
