[2024-11-11T00:25:35.784+0100] {processor.py:186} INFO - Started process (PID=6642) to work on /home/sakana/anaconda3/envs/airflow_env/lib/python3.8/site-packages/airflow/example_dags/tutorial_taskflow_templates.py
[2024-11-11T00:25:35.785+0100] {processor.py:914} INFO - Processing file /home/sakana/anaconda3/envs/airflow_env/lib/python3.8/site-packages/airflow/example_dags/tutorial_taskflow_templates.py for tasks to queue
[2024-11-11T00:25:35.789+0100] {logging_mixin.py:190} INFO - [2024-11-11T00:25:35.788+0100] {dagbag.py:588} INFO - Filling up the DagBag from /home/sakana/anaconda3/envs/airflow_env/lib/python3.8/site-packages/airflow/example_dags/tutorial_taskflow_templates.py
[2024-11-11T00:25:35.815+0100] {processor.py:925} INFO - DAG(s) 'tutorial_taskflow_templates' retrieved from /home/sakana/anaconda3/envs/airflow_env/lib/python3.8/site-packages/airflow/example_dags/tutorial_taskflow_templates.py
[2024-11-11T00:25:35.924+0100] {logging_mixin.py:190} INFO - [2024-11-11T00:25:35.923+0100] {override.py:1901} INFO - Created Permission View: can edit on DAG:tutorial_taskflow_templates
[2024-11-11T00:25:35.945+0100] {logging_mixin.py:190} INFO - [2024-11-11T00:25:35.944+0100] {override.py:1901} INFO - Created Permission View: can read on DAG:tutorial_taskflow_templates
[2024-11-11T00:25:35.960+0100] {logging_mixin.py:190} INFO - [2024-11-11T00:25:35.960+0100] {override.py:1901} INFO - Created Permission View: can delete on DAG:tutorial_taskflow_templates
[2024-11-11T00:25:35.987+0100] {logging_mixin.py:190} INFO - [2024-11-11T00:25:35.986+0100] {override.py:1901} INFO - Created Permission View: can create on DAG Run:tutorial_taskflow_templates
[2024-11-11T00:25:36.013+0100] {logging_mixin.py:190} INFO - [2024-11-11T00:25:36.013+0100] {override.py:1901} INFO - Created Permission View: can read on DAG Run:tutorial_taskflow_templates
[2024-11-11T00:25:36.030+0100] {logging_mixin.py:190} INFO - [2024-11-11T00:25:36.030+0100] {override.py:1901} INFO - Created Permission View: can delete on DAG Run:tutorial_taskflow_templates
[2024-11-11T00:25:36.045+0100] {logging_mixin.py:190} INFO - [2024-11-11T00:25:36.045+0100] {override.py:1901} INFO - Created Permission View: menu access on DAG Run:tutorial_taskflow_templates
[2024-11-11T00:25:36.046+0100] {logging_mixin.py:190} INFO - [2024-11-11T00:25:36.046+0100] {dag.py:3239} INFO - Sync 1 DAGs
[2024-11-11T00:25:36.060+0100] {logging_mixin.py:190} INFO - [2024-11-11T00:25:36.059+0100] {dag.py:3262} INFO - Creating ORM DAG for tutorial_taskflow_templates
[2024-11-11T00:25:36.070+0100] {logging_mixin.py:190} INFO - [2024-11-11T00:25:36.069+0100] {dag.py:4180} INFO - Setting next_dagrun for tutorial_taskflow_templates to 2024-11-09 00:00:00+00:00, run_after=2024-11-10 00:00:00+00:00
[2024-11-11T00:25:36.100+0100] {processor.py:208} INFO - Processing /home/sakana/anaconda3/envs/airflow_env/lib/python3.8/site-packages/airflow/example_dags/tutorial_taskflow_templates.py took 0.325 seconds
[2024-11-11T00:26:47.018+0100] {processor.py:186} INFO - Started process (PID=6885) to work on /home/sakana/anaconda3/envs/airflow_env/lib/python3.8/site-packages/airflow/example_dags/tutorial_taskflow_templates.py
[2024-11-11T00:26:47.023+0100] {processor.py:914} INFO - Processing file /home/sakana/anaconda3/envs/airflow_env/lib/python3.8/site-packages/airflow/example_dags/tutorial_taskflow_templates.py for tasks to queue
[2024-11-11T00:26:47.026+0100] {logging_mixin.py:190} INFO - [2024-11-11T00:26:47.026+0100] {dagbag.py:588} INFO - Filling up the DagBag from /home/sakana/anaconda3/envs/airflow_env/lib/python3.8/site-packages/airflow/example_dags/tutorial_taskflow_templates.py
[2024-11-11T00:26:47.044+0100] {processor.py:925} INFO - DAG(s) 'tutorial_taskflow_templates' retrieved from /home/sakana/anaconda3/envs/airflow_env/lib/python3.8/site-packages/airflow/example_dags/tutorial_taskflow_templates.py
[2024-11-11T00:26:47.059+0100] {logging_mixin.py:190} INFO - [2024-11-11T00:26:47.059+0100] {dag.py:3239} INFO - Sync 1 DAGs
[2024-11-11T00:26:47.080+0100] {logging_mixin.py:190} INFO - [2024-11-11T00:26:47.080+0100] {dag.py:4180} INFO - Setting next_dagrun for tutorial_taskflow_templates to 2024-11-09 00:00:00+00:00, run_after=2024-11-10 00:00:00+00:00
[2024-11-11T00:26:47.127+0100] {processor.py:208} INFO - Processing /home/sakana/anaconda3/envs/airflow_env/lib/python3.8/site-packages/airflow/example_dags/tutorial_taskflow_templates.py took 0.118 seconds
[2024-11-11T00:27:42.290+0100] {processor.py:186} INFO - Started process (PID=6964) to work on /home/sakana/anaconda3/envs/airflow_env/lib/python3.8/site-packages/airflow/example_dags/tutorial_taskflow_templates.py
[2024-11-11T00:27:42.296+0100] {processor.py:914} INFO - Processing file /home/sakana/anaconda3/envs/airflow_env/lib/python3.8/site-packages/airflow/example_dags/tutorial_taskflow_templates.py for tasks to queue
[2024-11-11T00:27:42.301+0100] {logging_mixin.py:190} INFO - [2024-11-11T00:27:42.300+0100] {dagbag.py:588} INFO - Filling up the DagBag from /home/sakana/anaconda3/envs/airflow_env/lib/python3.8/site-packages/airflow/example_dags/tutorial_taskflow_templates.py
[2024-11-11T00:27:42.320+0100] {processor.py:925} INFO - DAG(s) 'tutorial_taskflow_templates' retrieved from /home/sakana/anaconda3/envs/airflow_env/lib/python3.8/site-packages/airflow/example_dags/tutorial_taskflow_templates.py
[2024-11-11T00:27:42.334+0100] {logging_mixin.py:190} INFO - [2024-11-11T00:27:42.334+0100] {dag.py:3239} INFO - Sync 1 DAGs
[2024-11-11T00:27:42.352+0100] {logging_mixin.py:190} INFO - [2024-11-11T00:27:42.352+0100] {dag.py:4180} INFO - Setting next_dagrun for tutorial_taskflow_templates to 2024-11-09 00:00:00+00:00, run_after=2024-11-10 00:00:00+00:00
[2024-11-11T00:27:42.373+0100] {processor.py:208} INFO - Processing /home/sakana/anaconda3/envs/airflow_env/lib/python3.8/site-packages/airflow/example_dags/tutorial_taskflow_templates.py took 0.091 seconds
[2024-11-11T00:28:37.299+0100] {processor.py:186} INFO - Started process (PID=7064) to work on /home/sakana/anaconda3/envs/airflow_env/lib/python3.8/site-packages/airflow/example_dags/tutorial_taskflow_templates.py
[2024-11-11T00:28:37.305+0100] {processor.py:914} INFO - Processing file /home/sakana/anaconda3/envs/airflow_env/lib/python3.8/site-packages/airflow/example_dags/tutorial_taskflow_templates.py for tasks to queue
[2024-11-11T00:28:37.308+0100] {logging_mixin.py:190} INFO - [2024-11-11T00:28:37.307+0100] {dagbag.py:588} INFO - Filling up the DagBag from /home/sakana/anaconda3/envs/airflow_env/lib/python3.8/site-packages/airflow/example_dags/tutorial_taskflow_templates.py
[2024-11-11T00:28:37.326+0100] {processor.py:925} INFO - DAG(s) 'tutorial_taskflow_templates' retrieved from /home/sakana/anaconda3/envs/airflow_env/lib/python3.8/site-packages/airflow/example_dags/tutorial_taskflow_templates.py
[2024-11-11T00:28:37.342+0100] {logging_mixin.py:190} INFO - [2024-11-11T00:28:37.342+0100] {dag.py:3239} INFO - Sync 1 DAGs
[2024-11-11T00:28:37.364+0100] {logging_mixin.py:190} INFO - [2024-11-11T00:28:37.363+0100] {dag.py:4180} INFO - Setting next_dagrun for tutorial_taskflow_templates to 2024-11-09 00:00:00+00:00, run_after=2024-11-10 00:00:00+00:00
[2024-11-11T00:28:37.381+0100] {processor.py:208} INFO - Processing /home/sakana/anaconda3/envs/airflow_env/lib/python3.8/site-packages/airflow/example_dags/tutorial_taskflow_templates.py took 0.089 seconds
[2024-11-11T00:29:32.787+0100] {processor.py:186} INFO - Started process (PID=7143) to work on /home/sakana/anaconda3/envs/airflow_env/lib/python3.8/site-packages/airflow/example_dags/tutorial_taskflow_templates.py
[2024-11-11T00:29:32.792+0100] {processor.py:914} INFO - Processing file /home/sakana/anaconda3/envs/airflow_env/lib/python3.8/site-packages/airflow/example_dags/tutorial_taskflow_templates.py for tasks to queue
[2024-11-11T00:29:32.795+0100] {logging_mixin.py:190} INFO - [2024-11-11T00:29:32.794+0100] {dagbag.py:588} INFO - Filling up the DagBag from /home/sakana/anaconda3/envs/airflow_env/lib/python3.8/site-packages/airflow/example_dags/tutorial_taskflow_templates.py
[2024-11-11T00:29:32.813+0100] {processor.py:925} INFO - DAG(s) 'tutorial_taskflow_templates' retrieved from /home/sakana/anaconda3/envs/airflow_env/lib/python3.8/site-packages/airflow/example_dags/tutorial_taskflow_templates.py
[2024-11-11T00:29:32.829+0100] {logging_mixin.py:190} INFO - [2024-11-11T00:29:32.829+0100] {dag.py:3239} INFO - Sync 1 DAGs
[2024-11-11T00:29:32.852+0100] {logging_mixin.py:190} INFO - [2024-11-11T00:29:32.852+0100] {dag.py:4180} INFO - Setting next_dagrun for tutorial_taskflow_templates to 2024-11-09 00:00:00+00:00, run_after=2024-11-10 00:00:00+00:00
[2024-11-11T00:29:32.868+0100] {processor.py:208} INFO - Processing /home/sakana/anaconda3/envs/airflow_env/lib/python3.8/site-packages/airflow/example_dags/tutorial_taskflow_templates.py took 0.089 seconds
[2024-11-11T00:30:27.408+0100] {processor.py:186} INFO - Started process (PID=7223) to work on /home/sakana/anaconda3/envs/airflow_env/lib/python3.8/site-packages/airflow/example_dags/tutorial_taskflow_templates.py
[2024-11-11T00:30:27.412+0100] {processor.py:914} INFO - Processing file /home/sakana/anaconda3/envs/airflow_env/lib/python3.8/site-packages/airflow/example_dags/tutorial_taskflow_templates.py for tasks to queue
[2024-11-11T00:30:27.415+0100] {logging_mixin.py:190} INFO - [2024-11-11T00:30:27.414+0100] {dagbag.py:588} INFO - Filling up the DagBag from /home/sakana/anaconda3/envs/airflow_env/lib/python3.8/site-packages/airflow/example_dags/tutorial_taskflow_templates.py
[2024-11-11T00:30:27.429+0100] {processor.py:925} INFO - DAG(s) 'tutorial_taskflow_templates' retrieved from /home/sakana/anaconda3/envs/airflow_env/lib/python3.8/site-packages/airflow/example_dags/tutorial_taskflow_templates.py
[2024-11-11T00:30:27.446+0100] {logging_mixin.py:190} INFO - [2024-11-11T00:30:27.446+0100] {dag.py:3239} INFO - Sync 1 DAGs
[2024-11-11T00:30:27.464+0100] {logging_mixin.py:190} INFO - [2024-11-11T00:30:27.464+0100] {dag.py:4180} INFO - Setting next_dagrun for tutorial_taskflow_templates to 2024-11-09 00:00:00+00:00, run_after=2024-11-10 00:00:00+00:00
[2024-11-11T00:30:27.481+0100] {processor.py:208} INFO - Processing /home/sakana/anaconda3/envs/airflow_env/lib/python3.8/site-packages/airflow/example_dags/tutorial_taskflow_templates.py took 0.079 seconds
[2024-11-11T00:31:24.145+0100] {processor.py:186} INFO - Started process (PID=7299) to work on /home/sakana/anaconda3/envs/airflow_env/lib/python3.8/site-packages/airflow/example_dags/tutorial_taskflow_templates.py
[2024-11-11T00:31:24.150+0100] {processor.py:914} INFO - Processing file /home/sakana/anaconda3/envs/airflow_env/lib/python3.8/site-packages/airflow/example_dags/tutorial_taskflow_templates.py for tasks to queue
[2024-11-11T00:31:24.153+0100] {logging_mixin.py:190} INFO - [2024-11-11T00:31:24.153+0100] {dagbag.py:588} INFO - Filling up the DagBag from /home/sakana/anaconda3/envs/airflow_env/lib/python3.8/site-packages/airflow/example_dags/tutorial_taskflow_templates.py
[2024-11-11T00:31:24.168+0100] {processor.py:925} INFO - DAG(s) 'tutorial_taskflow_templates' retrieved from /home/sakana/anaconda3/envs/airflow_env/lib/python3.8/site-packages/airflow/example_dags/tutorial_taskflow_templates.py
[2024-11-11T00:31:24.183+0100] {logging_mixin.py:190} INFO - [2024-11-11T00:31:24.183+0100] {dag.py:3239} INFO - Sync 1 DAGs
[2024-11-11T00:31:24.201+0100] {logging_mixin.py:190} INFO - [2024-11-11T00:31:24.201+0100] {dag.py:4180} INFO - Setting next_dagrun for tutorial_taskflow_templates to 2024-11-09 00:00:00+00:00, run_after=2024-11-10 00:00:00+00:00
[2024-11-11T00:31:24.218+0100] {processor.py:208} INFO - Processing /home/sakana/anaconda3/envs/airflow_env/lib/python3.8/site-packages/airflow/example_dags/tutorial_taskflow_templates.py took 0.079 seconds
[2024-11-11T00:32:18.499+0100] {processor.py:186} INFO - Started process (PID=7372) to work on /home/sakana/anaconda3/envs/airflow_env/lib/python3.8/site-packages/airflow/example_dags/tutorial_taskflow_templates.py
[2024-11-11T00:32:18.504+0100] {processor.py:914} INFO - Processing file /home/sakana/anaconda3/envs/airflow_env/lib/python3.8/site-packages/airflow/example_dags/tutorial_taskflow_templates.py for tasks to queue
[2024-11-11T00:32:18.507+0100] {logging_mixin.py:190} INFO - [2024-11-11T00:32:18.507+0100] {dagbag.py:588} INFO - Filling up the DagBag from /home/sakana/anaconda3/envs/airflow_env/lib/python3.8/site-packages/airflow/example_dags/tutorial_taskflow_templates.py
[2024-11-11T00:32:18.523+0100] {processor.py:925} INFO - DAG(s) 'tutorial_taskflow_templates' retrieved from /home/sakana/anaconda3/envs/airflow_env/lib/python3.8/site-packages/airflow/example_dags/tutorial_taskflow_templates.py
[2024-11-11T00:32:18.541+0100] {logging_mixin.py:190} INFO - [2024-11-11T00:32:18.541+0100] {dag.py:3239} INFO - Sync 1 DAGs
[2024-11-11T00:32:18.560+0100] {logging_mixin.py:190} INFO - [2024-11-11T00:32:18.559+0100] {dag.py:4180} INFO - Setting next_dagrun for tutorial_taskflow_templates to 2024-11-09 00:00:00+00:00, run_after=2024-11-10 00:00:00+00:00
[2024-11-11T00:32:18.577+0100] {processor.py:208} INFO - Processing /home/sakana/anaconda3/envs/airflow_env/lib/python3.8/site-packages/airflow/example_dags/tutorial_taskflow_templates.py took 0.084 seconds
[2024-11-11T00:33:14.554+0100] {processor.py:186} INFO - Started process (PID=7460) to work on /home/sakana/anaconda3/envs/airflow_env/lib/python3.8/site-packages/airflow/example_dags/tutorial_taskflow_templates.py
[2024-11-11T00:33:14.560+0100] {processor.py:914} INFO - Processing file /home/sakana/anaconda3/envs/airflow_env/lib/python3.8/site-packages/airflow/example_dags/tutorial_taskflow_templates.py for tasks to queue
[2024-11-11T00:33:14.564+0100] {logging_mixin.py:190} INFO - [2024-11-11T00:33:14.563+0100] {dagbag.py:588} INFO - Filling up the DagBag from /home/sakana/anaconda3/envs/airflow_env/lib/python3.8/site-packages/airflow/example_dags/tutorial_taskflow_templates.py
[2024-11-11T00:33:14.584+0100] {processor.py:925} INFO - DAG(s) 'tutorial_taskflow_templates' retrieved from /home/sakana/anaconda3/envs/airflow_env/lib/python3.8/site-packages/airflow/example_dags/tutorial_taskflow_templates.py
[2024-11-11T00:33:14.600+0100] {logging_mixin.py:190} INFO - [2024-11-11T00:33:14.599+0100] {dag.py:3239} INFO - Sync 1 DAGs
[2024-11-11T00:33:14.618+0100] {logging_mixin.py:190} INFO - [2024-11-11T00:33:14.618+0100] {dag.py:4180} INFO - Setting next_dagrun for tutorial_taskflow_templates to 2024-11-09 00:00:00+00:00, run_after=2024-11-10 00:00:00+00:00
[2024-11-11T00:33:14.639+0100] {processor.py:208} INFO - Processing /home/sakana/anaconda3/envs/airflow_env/lib/python3.8/site-packages/airflow/example_dags/tutorial_taskflow_templates.py took 0.095 seconds
[2024-11-11T00:34:10.222+0100] {processor.py:186} INFO - Started process (PID=7549) to work on /home/sakana/anaconda3/envs/airflow_env/lib/python3.8/site-packages/airflow/example_dags/tutorial_taskflow_templates.py
[2024-11-11T00:34:10.227+0100] {processor.py:914} INFO - Processing file /home/sakana/anaconda3/envs/airflow_env/lib/python3.8/site-packages/airflow/example_dags/tutorial_taskflow_templates.py for tasks to queue
[2024-11-11T00:34:10.230+0100] {logging_mixin.py:190} INFO - [2024-11-11T00:34:10.229+0100] {dagbag.py:588} INFO - Filling up the DagBag from /home/sakana/anaconda3/envs/airflow_env/lib/python3.8/site-packages/airflow/example_dags/tutorial_taskflow_templates.py
[2024-11-11T00:34:10.247+0100] {processor.py:925} INFO - DAG(s) 'tutorial_taskflow_templates' retrieved from /home/sakana/anaconda3/envs/airflow_env/lib/python3.8/site-packages/airflow/example_dags/tutorial_taskflow_templates.py
[2024-11-11T00:34:10.262+0100] {logging_mixin.py:190} INFO - [2024-11-11T00:34:10.262+0100] {dag.py:3239} INFO - Sync 1 DAGs
[2024-11-11T00:34:10.281+0100] {logging_mixin.py:190} INFO - [2024-11-11T00:34:10.281+0100] {dag.py:4180} INFO - Setting next_dagrun for tutorial_taskflow_templates to 2024-11-09 00:00:00+00:00, run_after=2024-11-10 00:00:00+00:00
[2024-11-11T00:34:10.297+0100] {processor.py:208} INFO - Processing /home/sakana/anaconda3/envs/airflow_env/lib/python3.8/site-packages/airflow/example_dags/tutorial_taskflow_templates.py took 0.082 seconds
[2024-11-11T00:35:07.379+0100] {processor.py:186} INFO - Started process (PID=7626) to work on /home/sakana/anaconda3/envs/airflow_env/lib/python3.8/site-packages/airflow/example_dags/tutorial_taskflow_templates.py
[2024-11-11T00:35:07.384+0100] {processor.py:914} INFO - Processing file /home/sakana/anaconda3/envs/airflow_env/lib/python3.8/site-packages/airflow/example_dags/tutorial_taskflow_templates.py for tasks to queue
[2024-11-11T00:35:07.392+0100] {logging_mixin.py:190} INFO - [2024-11-11T00:35:07.391+0100] {dagbag.py:588} INFO - Filling up the DagBag from /home/sakana/anaconda3/envs/airflow_env/lib/python3.8/site-packages/airflow/example_dags/tutorial_taskflow_templates.py
[2024-11-11T00:35:07.422+0100] {processor.py:925} INFO - DAG(s) 'tutorial_taskflow_templates' retrieved from /home/sakana/anaconda3/envs/airflow_env/lib/python3.8/site-packages/airflow/example_dags/tutorial_taskflow_templates.py
[2024-11-11T00:35:07.438+0100] {logging_mixin.py:190} INFO - [2024-11-11T00:35:07.438+0100] {dag.py:3239} INFO - Sync 1 DAGs
[2024-11-11T00:35:07.457+0100] {logging_mixin.py:190} INFO - [2024-11-11T00:35:07.457+0100] {dag.py:4180} INFO - Setting next_dagrun for tutorial_taskflow_templates to 2024-11-09 00:00:00+00:00, run_after=2024-11-10 00:00:00+00:00
[2024-11-11T00:35:07.475+0100] {processor.py:208} INFO - Processing /home/sakana/anaconda3/envs/airflow_env/lib/python3.8/site-packages/airflow/example_dags/tutorial_taskflow_templates.py took 0.103 seconds
[2024-11-11T00:36:00.633+0100] {processor.py:186} INFO - Started process (PID=7698) to work on /home/sakana/anaconda3/envs/airflow_env/lib/python3.8/site-packages/airflow/example_dags/tutorial_taskflow_templates.py
[2024-11-11T00:36:00.638+0100] {processor.py:914} INFO - Processing file /home/sakana/anaconda3/envs/airflow_env/lib/python3.8/site-packages/airflow/example_dags/tutorial_taskflow_templates.py for tasks to queue
[2024-11-11T00:36:00.641+0100] {logging_mixin.py:190} INFO - [2024-11-11T00:36:00.640+0100] {dagbag.py:588} INFO - Filling up the DagBag from /home/sakana/anaconda3/envs/airflow_env/lib/python3.8/site-packages/airflow/example_dags/tutorial_taskflow_templates.py
[2024-11-11T00:36:00.659+0100] {processor.py:925} INFO - DAG(s) 'tutorial_taskflow_templates' retrieved from /home/sakana/anaconda3/envs/airflow_env/lib/python3.8/site-packages/airflow/example_dags/tutorial_taskflow_templates.py
[2024-11-11T00:36:00.675+0100] {logging_mixin.py:190} INFO - [2024-11-11T00:36:00.674+0100] {dag.py:3239} INFO - Sync 1 DAGs
[2024-11-11T00:36:00.697+0100] {logging_mixin.py:190} INFO - [2024-11-11T00:36:00.697+0100] {dag.py:4180} INFO - Setting next_dagrun for tutorial_taskflow_templates to 2024-11-09 00:00:00+00:00, run_after=2024-11-10 00:00:00+00:00
[2024-11-11T00:36:00.722+0100] {processor.py:208} INFO - Processing /home/sakana/anaconda3/envs/airflow_env/lib/python3.8/site-packages/airflow/example_dags/tutorial_taskflow_templates.py took 0.097 seconds
[2024-11-11T00:36:56.875+0100] {processor.py:186} INFO - Started process (PID=7769) to work on /home/sakana/anaconda3/envs/airflow_env/lib/python3.8/site-packages/airflow/example_dags/tutorial_taskflow_templates.py
[2024-11-11T00:36:56.880+0100] {processor.py:914} INFO - Processing file /home/sakana/anaconda3/envs/airflow_env/lib/python3.8/site-packages/airflow/example_dags/tutorial_taskflow_templates.py for tasks to queue
[2024-11-11T00:36:56.882+0100] {logging_mixin.py:190} INFO - [2024-11-11T00:36:56.882+0100] {dagbag.py:588} INFO - Filling up the DagBag from /home/sakana/anaconda3/envs/airflow_env/lib/python3.8/site-packages/airflow/example_dags/tutorial_taskflow_templates.py
[2024-11-11T00:36:56.900+0100] {processor.py:925} INFO - DAG(s) 'tutorial_taskflow_templates' retrieved from /home/sakana/anaconda3/envs/airflow_env/lib/python3.8/site-packages/airflow/example_dags/tutorial_taskflow_templates.py
[2024-11-11T00:36:56.916+0100] {logging_mixin.py:190} INFO - [2024-11-11T00:36:56.916+0100] {dag.py:3239} INFO - Sync 1 DAGs
[2024-11-11T00:36:56.934+0100] {logging_mixin.py:190} INFO - [2024-11-11T00:36:56.934+0100] {dag.py:4180} INFO - Setting next_dagrun for tutorial_taskflow_templates to 2024-11-09 00:00:00+00:00, run_after=2024-11-10 00:00:00+00:00
[2024-11-11T00:36:56.964+0100] {processor.py:208} INFO - Processing /home/sakana/anaconda3/envs/airflow_env/lib/python3.8/site-packages/airflow/example_dags/tutorial_taskflow_templates.py took 0.096 seconds
[2024-11-11T00:37:54.325+0100] {processor.py:186} INFO - Started process (PID=7844) to work on /home/sakana/anaconda3/envs/airflow_env/lib/python3.8/site-packages/airflow/example_dags/tutorial_taskflow_templates.py
[2024-11-11T00:37:54.330+0100] {processor.py:914} INFO - Processing file /home/sakana/anaconda3/envs/airflow_env/lib/python3.8/site-packages/airflow/example_dags/tutorial_taskflow_templates.py for tasks to queue
[2024-11-11T00:37:54.332+0100] {logging_mixin.py:190} INFO - [2024-11-11T00:37:54.332+0100] {dagbag.py:588} INFO - Filling up the DagBag from /home/sakana/anaconda3/envs/airflow_env/lib/python3.8/site-packages/airflow/example_dags/tutorial_taskflow_templates.py
[2024-11-11T00:37:54.348+0100] {processor.py:925} INFO - DAG(s) 'tutorial_taskflow_templates' retrieved from /home/sakana/anaconda3/envs/airflow_env/lib/python3.8/site-packages/airflow/example_dags/tutorial_taskflow_templates.py
[2024-11-11T00:37:54.364+0100] {logging_mixin.py:190} INFO - [2024-11-11T00:37:54.364+0100] {dag.py:3239} INFO - Sync 1 DAGs
[2024-11-11T00:37:54.382+0100] {logging_mixin.py:190} INFO - [2024-11-11T00:37:54.382+0100] {dag.py:4180} INFO - Setting next_dagrun for tutorial_taskflow_templates to 2024-11-09 00:00:00+00:00, run_after=2024-11-10 00:00:00+00:00
[2024-11-11T00:37:54.409+0100] {processor.py:208} INFO - Processing /home/sakana/anaconda3/envs/airflow_env/lib/python3.8/site-packages/airflow/example_dags/tutorial_taskflow_templates.py took 0.093 seconds
[2024-11-11T00:38:48.628+0100] {processor.py:186} INFO - Started process (PID=7948) to work on /home/sakana/anaconda3/envs/airflow_env/lib/python3.8/site-packages/airflow/example_dags/tutorial_taskflow_templates.py
[2024-11-11T00:38:48.633+0100] {processor.py:914} INFO - Processing file /home/sakana/anaconda3/envs/airflow_env/lib/python3.8/site-packages/airflow/example_dags/tutorial_taskflow_templates.py for tasks to queue
[2024-11-11T00:38:48.635+0100] {logging_mixin.py:190} INFO - [2024-11-11T00:38:48.634+0100] {dagbag.py:588} INFO - Filling up the DagBag from /home/sakana/anaconda3/envs/airflow_env/lib/python3.8/site-packages/airflow/example_dags/tutorial_taskflow_templates.py
[2024-11-11T00:38:48.648+0100] {processor.py:925} INFO - DAG(s) 'tutorial_taskflow_templates' retrieved from /home/sakana/anaconda3/envs/airflow_env/lib/python3.8/site-packages/airflow/example_dags/tutorial_taskflow_templates.py
[2024-11-11T00:38:48.663+0100] {logging_mixin.py:190} INFO - [2024-11-11T00:38:48.663+0100] {dag.py:3239} INFO - Sync 1 DAGs
[2024-11-11T00:38:48.681+0100] {logging_mixin.py:190} INFO - [2024-11-11T00:38:48.681+0100] {dag.py:4180} INFO - Setting next_dagrun for tutorial_taskflow_templates to 2024-11-09 00:00:00+00:00, run_after=2024-11-10 00:00:00+00:00
[2024-11-11T00:38:48.708+0100] {processor.py:208} INFO - Processing /home/sakana/anaconda3/envs/airflow_env/lib/python3.8/site-packages/airflow/example_dags/tutorial_taskflow_templates.py took 0.087 seconds
[2024-11-11T00:39:44.851+0100] {processor.py:186} INFO - Started process (PID=8085) to work on /home/sakana/anaconda3/envs/airflow_env/lib/python3.8/site-packages/airflow/example_dags/tutorial_taskflow_templates.py
[2024-11-11T00:39:44.857+0100] {processor.py:914} INFO - Processing file /home/sakana/anaconda3/envs/airflow_env/lib/python3.8/site-packages/airflow/example_dags/tutorial_taskflow_templates.py for tasks to queue
[2024-11-11T00:39:44.864+0100] {logging_mixin.py:190} INFO - [2024-11-11T00:39:44.863+0100] {dagbag.py:588} INFO - Filling up the DagBag from /home/sakana/anaconda3/envs/airflow_env/lib/python3.8/site-packages/airflow/example_dags/tutorial_taskflow_templates.py
[2024-11-11T00:39:44.895+0100] {processor.py:925} INFO - DAG(s) 'tutorial_taskflow_templates' retrieved from /home/sakana/anaconda3/envs/airflow_env/lib/python3.8/site-packages/airflow/example_dags/tutorial_taskflow_templates.py
[2024-11-11T00:39:44.911+0100] {logging_mixin.py:190} INFO - [2024-11-11T00:39:44.911+0100] {dag.py:3239} INFO - Sync 1 DAGs
[2024-11-11T00:39:44.929+0100] {logging_mixin.py:190} INFO - [2024-11-11T00:39:44.929+0100] {dag.py:4180} INFO - Setting next_dagrun for tutorial_taskflow_templates to 2024-11-09 00:00:00+00:00, run_after=2024-11-10 00:00:00+00:00
[2024-11-11T00:39:44.963+0100] {processor.py:208} INFO - Processing /home/sakana/anaconda3/envs/airflow_env/lib/python3.8/site-packages/airflow/example_dags/tutorial_taskflow_templates.py took 0.119 seconds
[2024-11-11T00:43:01.413+0100] {processor.py:186} INFO - Started process (PID=8440) to work on /home/sakana/anaconda3/envs/airflow_env/lib/python3.8/site-packages/airflow/example_dags/tutorial_taskflow_templates.py
[2024-11-11T00:43:01.418+0100] {processor.py:914} INFO - Processing file /home/sakana/anaconda3/envs/airflow_env/lib/python3.8/site-packages/airflow/example_dags/tutorial_taskflow_templates.py for tasks to queue
[2024-11-11T00:43:01.422+0100] {logging_mixin.py:190} INFO - [2024-11-11T00:43:01.422+0100] {dagbag.py:588} INFO - Filling up the DagBag from /home/sakana/anaconda3/envs/airflow_env/lib/python3.8/site-packages/airflow/example_dags/tutorial_taskflow_templates.py
[2024-11-11T00:43:01.443+0100] {processor.py:925} INFO - DAG(s) 'tutorial_taskflow_templates' retrieved from /home/sakana/anaconda3/envs/airflow_env/lib/python3.8/site-packages/airflow/example_dags/tutorial_taskflow_templates.py
[2024-11-11T00:43:01.460+0100] {logging_mixin.py:190} INFO - [2024-11-11T00:43:01.459+0100] {dag.py:3239} INFO - Sync 1 DAGs
[2024-11-11T00:43:01.480+0100] {logging_mixin.py:190} INFO - [2024-11-11T00:43:01.479+0100] {dag.py:4180} INFO - Setting next_dagrun for tutorial_taskflow_templates to 2024-11-09 00:00:00+00:00, run_after=2024-11-10 00:00:00+00:00
[2024-11-11T00:43:01.496+0100] {processor.py:208} INFO - Processing /home/sakana/anaconda3/envs/airflow_env/lib/python3.8/site-packages/airflow/example_dags/tutorial_taskflow_templates.py took 0.093 seconds
[2024-11-11T00:45:26.841+0100] {processor.py:186} INFO - Started process (PID=8736) to work on /home/sakana/anaconda3/envs/airflow_env/lib/python3.8/site-packages/airflow/example_dags/tutorial_taskflow_templates.py
[2024-11-11T00:45:26.846+0100] {processor.py:914} INFO - Processing file /home/sakana/anaconda3/envs/airflow_env/lib/python3.8/site-packages/airflow/example_dags/tutorial_taskflow_templates.py for tasks to queue
[2024-11-11T00:45:26.851+0100] {logging_mixin.py:190} INFO - [2024-11-11T00:45:26.850+0100] {dagbag.py:588} INFO - Filling up the DagBag from /home/sakana/anaconda3/envs/airflow_env/lib/python3.8/site-packages/airflow/example_dags/tutorial_taskflow_templates.py
[2024-11-11T00:45:26.870+0100] {processor.py:925} INFO - DAG(s) 'tutorial_taskflow_templates' retrieved from /home/sakana/anaconda3/envs/airflow_env/lib/python3.8/site-packages/airflow/example_dags/tutorial_taskflow_templates.py
[2024-11-11T00:45:26.886+0100] {logging_mixin.py:190} INFO - [2024-11-11T00:45:26.886+0100] {dag.py:3239} INFO - Sync 1 DAGs
[2024-11-11T00:45:26.907+0100] {logging_mixin.py:190} INFO - [2024-11-11T00:45:26.906+0100] {dag.py:4180} INFO - Setting next_dagrun for tutorial_taskflow_templates to 2024-11-09 00:00:00+00:00, run_after=2024-11-10 00:00:00+00:00
[2024-11-11T00:45:26.932+0100] {processor.py:208} INFO - Processing /home/sakana/anaconda3/envs/airflow_env/lib/python3.8/site-packages/airflow/example_dags/tutorial_taskflow_templates.py took 0.102 seconds
[2024-11-11T00:46:24.331+0100] {processor.py:186} INFO - Started process (PID=8843) to work on /home/sakana/anaconda3/envs/airflow_env/lib/python3.8/site-packages/airflow/example_dags/tutorial_taskflow_templates.py
[2024-11-11T00:46:24.336+0100] {processor.py:914} INFO - Processing file /home/sakana/anaconda3/envs/airflow_env/lib/python3.8/site-packages/airflow/example_dags/tutorial_taskflow_templates.py for tasks to queue
[2024-11-11T00:46:24.339+0100] {logging_mixin.py:190} INFO - [2024-11-11T00:46:24.339+0100] {dagbag.py:588} INFO - Filling up the DagBag from /home/sakana/anaconda3/envs/airflow_env/lib/python3.8/site-packages/airflow/example_dags/tutorial_taskflow_templates.py
[2024-11-11T00:46:24.358+0100] {processor.py:925} INFO - DAG(s) 'tutorial_taskflow_templates' retrieved from /home/sakana/anaconda3/envs/airflow_env/lib/python3.8/site-packages/airflow/example_dags/tutorial_taskflow_templates.py
[2024-11-11T00:46:24.379+0100] {logging_mixin.py:190} INFO - [2024-11-11T00:46:24.378+0100] {dag.py:3239} INFO - Sync 1 DAGs
[2024-11-11T00:46:24.402+0100] {logging_mixin.py:190} INFO - [2024-11-11T00:46:24.402+0100] {dag.py:4180} INFO - Setting next_dagrun for tutorial_taskflow_templates to 2024-11-09 00:00:00+00:00, run_after=2024-11-10 00:00:00+00:00
[2024-11-11T00:46:24.436+0100] {processor.py:208} INFO - Processing /home/sakana/anaconda3/envs/airflow_env/lib/python3.8/site-packages/airflow/example_dags/tutorial_taskflow_templates.py took 0.113 seconds
[2024-11-11T00:47:19.061+0100] {processor.py:186} INFO - Started process (PID=8925) to work on /home/sakana/anaconda3/envs/airflow_env/lib/python3.8/site-packages/airflow/example_dags/tutorial_taskflow_templates.py
[2024-11-11T00:47:19.067+0100] {processor.py:914} INFO - Processing file /home/sakana/anaconda3/envs/airflow_env/lib/python3.8/site-packages/airflow/example_dags/tutorial_taskflow_templates.py for tasks to queue
[2024-11-11T00:47:19.076+0100] {logging_mixin.py:190} INFO - [2024-11-11T00:47:19.075+0100] {dagbag.py:588} INFO - Filling up the DagBag from /home/sakana/anaconda3/envs/airflow_env/lib/python3.8/site-packages/airflow/example_dags/tutorial_taskflow_templates.py
[2024-11-11T00:47:19.103+0100] {processor.py:925} INFO - DAG(s) 'tutorial_taskflow_templates' retrieved from /home/sakana/anaconda3/envs/airflow_env/lib/python3.8/site-packages/airflow/example_dags/tutorial_taskflow_templates.py
[2024-11-11T00:47:19.124+0100] {logging_mixin.py:190} INFO - [2024-11-11T00:47:19.124+0100] {dag.py:3239} INFO - Sync 1 DAGs
[2024-11-11T00:47:19.149+0100] {logging_mixin.py:190} INFO - [2024-11-11T00:47:19.149+0100] {dag.py:4180} INFO - Setting next_dagrun for tutorial_taskflow_templates to 2024-11-09 00:00:00+00:00, run_after=2024-11-10 00:00:00+00:00
[2024-11-11T00:47:19.171+0100] {processor.py:208} INFO - Processing /home/sakana/anaconda3/envs/airflow_env/lib/python3.8/site-packages/airflow/example_dags/tutorial_taskflow_templates.py took 0.116 seconds
[2024-11-11T00:48:15.162+0100] {processor.py:186} INFO - Started process (PID=9014) to work on /home/sakana/anaconda3/envs/airflow_env/lib/python3.8/site-packages/airflow/example_dags/tutorial_taskflow_templates.py
[2024-11-11T00:48:15.167+0100] {processor.py:914} INFO - Processing file /home/sakana/anaconda3/envs/airflow_env/lib/python3.8/site-packages/airflow/example_dags/tutorial_taskflow_templates.py for tasks to queue
[2024-11-11T00:48:15.169+0100] {logging_mixin.py:190} INFO - [2024-11-11T00:48:15.168+0100] {dagbag.py:588} INFO - Filling up the DagBag from /home/sakana/anaconda3/envs/airflow_env/lib/python3.8/site-packages/airflow/example_dags/tutorial_taskflow_templates.py
[2024-11-11T00:48:15.182+0100] {processor.py:925} INFO - DAG(s) 'tutorial_taskflow_templates' retrieved from /home/sakana/anaconda3/envs/airflow_env/lib/python3.8/site-packages/airflow/example_dags/tutorial_taskflow_templates.py
[2024-11-11T00:48:15.200+0100] {logging_mixin.py:190} INFO - [2024-11-11T00:48:15.200+0100] {dag.py:3239} INFO - Sync 1 DAGs
[2024-11-11T00:48:15.223+0100] {logging_mixin.py:190} INFO - [2024-11-11T00:48:15.223+0100] {dag.py:4180} INFO - Setting next_dagrun for tutorial_taskflow_templates to 2024-11-09 00:00:00+00:00, run_after=2024-11-10 00:00:00+00:00
[2024-11-11T00:48:15.248+0100] {processor.py:208} INFO - Processing /home/sakana/anaconda3/envs/airflow_env/lib/python3.8/site-packages/airflow/example_dags/tutorial_taskflow_templates.py took 0.092 seconds
[2024-11-11T00:49:12.610+0100] {processor.py:186} INFO - Started process (PID=9154) to work on /home/sakana/anaconda3/envs/airflow_env/lib/python3.8/site-packages/airflow/example_dags/tutorial_taskflow_templates.py
[2024-11-11T00:49:12.616+0100] {processor.py:914} INFO - Processing file /home/sakana/anaconda3/envs/airflow_env/lib/python3.8/site-packages/airflow/example_dags/tutorial_taskflow_templates.py for tasks to queue
[2024-11-11T00:49:12.624+0100] {logging_mixin.py:190} INFO - [2024-11-11T00:49:12.623+0100] {dagbag.py:588} INFO - Filling up the DagBag from /home/sakana/anaconda3/envs/airflow_env/lib/python3.8/site-packages/airflow/example_dags/tutorial_taskflow_templates.py
[2024-11-11T00:49:12.647+0100] {processor.py:925} INFO - DAG(s) 'tutorial_taskflow_templates' retrieved from /home/sakana/anaconda3/envs/airflow_env/lib/python3.8/site-packages/airflow/example_dags/tutorial_taskflow_templates.py
[2024-11-11T00:49:12.670+0100] {logging_mixin.py:190} INFO - [2024-11-11T00:49:12.670+0100] {dag.py:3239} INFO - Sync 1 DAGs
[2024-11-11T00:49:12.703+0100] {logging_mixin.py:190} INFO - [2024-11-11T00:49:12.702+0100] {dag.py:4180} INFO - Setting next_dagrun for tutorial_taskflow_templates to 2024-11-09 00:00:00+00:00, run_after=2024-11-10 00:00:00+00:00
[2024-11-11T00:49:12.729+0100] {processor.py:208} INFO - Processing /home/sakana/anaconda3/envs/airflow_env/lib/python3.8/site-packages/airflow/example_dags/tutorial_taskflow_templates.py took 0.130 seconds
[2024-11-11T00:50:12.061+0100] {processor.py:186} INFO - Started process (PID=9471) to work on /home/sakana/anaconda3/envs/airflow_env/lib/python3.8/site-packages/airflow/example_dags/tutorial_taskflow_templates.py
[2024-11-11T00:50:12.062+0100] {processor.py:914} INFO - Processing file /home/sakana/anaconda3/envs/airflow_env/lib/python3.8/site-packages/airflow/example_dags/tutorial_taskflow_templates.py for tasks to queue
[2024-11-11T00:50:12.064+0100] {logging_mixin.py:190} INFO - [2024-11-11T00:50:12.064+0100] {dagbag.py:588} INFO - Filling up the DagBag from /home/sakana/anaconda3/envs/airflow_env/lib/python3.8/site-packages/airflow/example_dags/tutorial_taskflow_templates.py
[2024-11-11T00:50:12.079+0100] {processor.py:925} INFO - DAG(s) 'tutorial_taskflow_templates' retrieved from /home/sakana/anaconda3/envs/airflow_env/lib/python3.8/site-packages/airflow/example_dags/tutorial_taskflow_templates.py
[2024-11-11T00:50:12.099+0100] {logging_mixin.py:190} INFO - [2024-11-11T00:50:12.099+0100] {dag.py:3239} INFO - Sync 1 DAGs
[2024-11-11T00:50:12.125+0100] {logging_mixin.py:190} INFO - [2024-11-11T00:50:12.125+0100] {dag.py:4180} INFO - Setting next_dagrun for tutorial_taskflow_templates to 2024-11-09 00:00:00+00:00, run_after=2024-11-10 00:00:00+00:00
[2024-11-11T00:50:12.146+0100] {processor.py:208} INFO - Processing /home/sakana/anaconda3/envs/airflow_env/lib/python3.8/site-packages/airflow/example_dags/tutorial_taskflow_templates.py took 0.091 seconds
[2024-11-11T00:51:12.336+0100] {processor.py:186} INFO - Started process (PID=9547) to work on /home/sakana/anaconda3/envs/airflow_env/lib/python3.8/site-packages/airflow/example_dags/tutorial_taskflow_templates.py
[2024-11-11T00:51:12.341+0100] {processor.py:914} INFO - Processing file /home/sakana/anaconda3/envs/airflow_env/lib/python3.8/site-packages/airflow/example_dags/tutorial_taskflow_templates.py for tasks to queue
[2024-11-11T00:51:12.343+0100] {logging_mixin.py:190} INFO - [2024-11-11T00:51:12.343+0100] {dagbag.py:588} INFO - Filling up the DagBag from /home/sakana/anaconda3/envs/airflow_env/lib/python3.8/site-packages/airflow/example_dags/tutorial_taskflow_templates.py
[2024-11-11T00:51:12.359+0100] {processor.py:925} INFO - DAG(s) 'tutorial_taskflow_templates' retrieved from /home/sakana/anaconda3/envs/airflow_env/lib/python3.8/site-packages/airflow/example_dags/tutorial_taskflow_templates.py
[2024-11-11T00:51:12.377+0100] {logging_mixin.py:190} INFO - [2024-11-11T00:51:12.377+0100] {dag.py:3239} INFO - Sync 1 DAGs
[2024-11-11T00:51:12.416+0100] {logging_mixin.py:190} INFO - [2024-11-11T00:51:12.415+0100] {dag.py:4180} INFO - Setting next_dagrun for tutorial_taskflow_templates to 2024-11-09 00:00:00+00:00, run_after=2024-11-10 00:00:00+00:00
[2024-11-11T00:51:12.438+0100] {processor.py:208} INFO - Processing /home/sakana/anaconda3/envs/airflow_env/lib/python3.8/site-packages/airflow/example_dags/tutorial_taskflow_templates.py took 0.110 seconds
[2024-11-11T00:52:08.683+0100] {processor.py:186} INFO - Started process (PID=9647) to work on /home/sakana/anaconda3/envs/airflow_env/lib/python3.8/site-packages/airflow/example_dags/tutorial_taskflow_templates.py
[2024-11-11T00:52:08.688+0100] {processor.py:914} INFO - Processing file /home/sakana/anaconda3/envs/airflow_env/lib/python3.8/site-packages/airflow/example_dags/tutorial_taskflow_templates.py for tasks to queue
[2024-11-11T00:52:08.691+0100] {logging_mixin.py:190} INFO - [2024-11-11T00:52:08.691+0100] {dagbag.py:588} INFO - Filling up the DagBag from /home/sakana/anaconda3/envs/airflow_env/lib/python3.8/site-packages/airflow/example_dags/tutorial_taskflow_templates.py
[2024-11-11T00:52:08.708+0100] {processor.py:925} INFO - DAG(s) 'tutorial_taskflow_templates' retrieved from /home/sakana/anaconda3/envs/airflow_env/lib/python3.8/site-packages/airflow/example_dags/tutorial_taskflow_templates.py
[2024-11-11T00:52:08.730+0100] {logging_mixin.py:190} INFO - [2024-11-11T00:52:08.730+0100] {dag.py:3239} INFO - Sync 1 DAGs
[2024-11-11T00:52:08.762+0100] {logging_mixin.py:190} INFO - [2024-11-11T00:52:08.762+0100] {dag.py:4180} INFO - Setting next_dagrun for tutorial_taskflow_templates to 2024-11-09 00:00:00+00:00, run_after=2024-11-10 00:00:00+00:00
[2024-11-11T00:52:08.788+0100] {processor.py:208} INFO - Processing /home/sakana/anaconda3/envs/airflow_env/lib/python3.8/site-packages/airflow/example_dags/tutorial_taskflow_templates.py took 0.113 seconds
[2024-11-11T00:53:06.816+0100] {processor.py:186} INFO - Started process (PID=9847) to work on /home/sakana/anaconda3/envs/airflow_env/lib/python3.8/site-packages/airflow/example_dags/tutorial_taskflow_templates.py
[2024-11-11T00:53:06.817+0100] {processor.py:914} INFO - Processing file /home/sakana/anaconda3/envs/airflow_env/lib/python3.8/site-packages/airflow/example_dags/tutorial_taskflow_templates.py for tasks to queue
[2024-11-11T00:53:06.820+0100] {logging_mixin.py:190} INFO - [2024-11-11T00:53:06.819+0100] {dagbag.py:588} INFO - Filling up the DagBag from /home/sakana/anaconda3/envs/airflow_env/lib/python3.8/site-packages/airflow/example_dags/tutorial_taskflow_templates.py
[2024-11-11T00:53:06.841+0100] {processor.py:925} INFO - DAG(s) 'tutorial_taskflow_templates' retrieved from /home/sakana/anaconda3/envs/airflow_env/lib/python3.8/site-packages/airflow/example_dags/tutorial_taskflow_templates.py
[2024-11-11T00:53:06.863+0100] {logging_mixin.py:190} INFO - [2024-11-11T00:53:06.862+0100] {dag.py:3239} INFO - Sync 1 DAGs
[2024-11-11T00:53:06.905+0100] {logging_mixin.py:190} INFO - [2024-11-11T00:53:06.905+0100] {dag.py:4180} INFO - Setting next_dagrun for tutorial_taskflow_templates to 2024-11-09 00:00:00+00:00, run_after=2024-11-10 00:00:00+00:00
[2024-11-11T00:53:06.945+0100] {processor.py:208} INFO - Processing /home/sakana/anaconda3/envs/airflow_env/lib/python3.8/site-packages/airflow/example_dags/tutorial_taskflow_templates.py took 0.139 seconds
[2024-11-11T00:54:05.424+0100] {processor.py:186} INFO - Started process (PID=9923) to work on /home/sakana/anaconda3/envs/airflow_env/lib/python3.8/site-packages/airflow/example_dags/tutorial_taskflow_templates.py
[2024-11-11T00:54:05.429+0100] {processor.py:914} INFO - Processing file /home/sakana/anaconda3/envs/airflow_env/lib/python3.8/site-packages/airflow/example_dags/tutorial_taskflow_templates.py for tasks to queue
[2024-11-11T00:54:05.432+0100] {logging_mixin.py:190} INFO - [2024-11-11T00:54:05.431+0100] {dagbag.py:588} INFO - Filling up the DagBag from /home/sakana/anaconda3/envs/airflow_env/lib/python3.8/site-packages/airflow/example_dags/tutorial_taskflow_templates.py
[2024-11-11T00:54:05.448+0100] {processor.py:925} INFO - DAG(s) 'tutorial_taskflow_templates' retrieved from /home/sakana/anaconda3/envs/airflow_env/lib/python3.8/site-packages/airflow/example_dags/tutorial_taskflow_templates.py
[2024-11-11T00:54:05.467+0100] {logging_mixin.py:190} INFO - [2024-11-11T00:54:05.466+0100] {dag.py:3239} INFO - Sync 1 DAGs
[2024-11-11T00:54:05.485+0100] {logging_mixin.py:190} INFO - [2024-11-11T00:54:05.485+0100] {dag.py:4180} INFO - Setting next_dagrun for tutorial_taskflow_templates to 2024-11-09 00:00:00+00:00, run_after=2024-11-10 00:00:00+00:00
[2024-11-11T00:54:05.511+0100] {processor.py:208} INFO - Processing /home/sakana/anaconda3/envs/airflow_env/lib/python3.8/site-packages/airflow/example_dags/tutorial_taskflow_templates.py took 0.093 seconds
