[2024-11-11T00:25:37.248+0100] {processor.py:186} INFO - Started process (PID=6645) to work on /home/sakana/anaconda3/envs/airflow_env/lib/python3.8/site-packages/airflow/example_dags/tutorial_dag.py
[2024-11-11T00:25:37.249+0100] {processor.py:914} INFO - Processing file /home/sakana/anaconda3/envs/airflow_env/lib/python3.8/site-packages/airflow/example_dags/tutorial_dag.py for tasks to queue
[2024-11-11T00:25:37.251+0100] {logging_mixin.py:190} INFO - [2024-11-11T00:25:37.250+0100] {dagbag.py:588} INFO - Filling up the DagBag from /home/sakana/anaconda3/envs/airflow_env/lib/python3.8/site-packages/airflow/example_dags/tutorial_dag.py
[2024-11-11T00:25:37.259+0100] {processor.py:925} INFO - DAG(s) 'tutorial_dag' retrieved from /home/sakana/anaconda3/envs/airflow_env/lib/python3.8/site-packages/airflow/example_dags/tutorial_dag.py
[2024-11-11T00:25:37.393+0100] {logging_mixin.py:190} INFO - [2024-11-11T00:25:37.391+0100] {override.py:1901} INFO - Created Permission View: can edit on DAG:tutorial_dag
[2024-11-11T00:25:37.433+0100] {logging_mixin.py:190} INFO - [2024-11-11T00:25:37.432+0100] {override.py:1901} INFO - Created Permission View: can read on DAG:tutorial_dag
[2024-11-11T00:25:37.450+0100] {logging_mixin.py:190} INFO - [2024-11-11T00:25:37.449+0100] {override.py:1901} INFO - Created Permission View: can delete on DAG:tutorial_dag
[2024-11-11T00:25:37.490+0100] {logging_mixin.py:190} INFO - [2024-11-11T00:25:37.490+0100] {override.py:1901} INFO - Created Permission View: can create on DAG Run:tutorial_dag
[2024-11-11T00:25:37.506+0100] {logging_mixin.py:190} INFO - [2024-11-11T00:25:37.506+0100] {override.py:1901} INFO - Created Permission View: can read on DAG Run:tutorial_dag
[2024-11-11T00:25:37.523+0100] {logging_mixin.py:190} INFO - [2024-11-11T00:25:37.522+0100] {override.py:1901} INFO - Created Permission View: can delete on DAG Run:tutorial_dag
[2024-11-11T00:25:37.541+0100] {logging_mixin.py:190} INFO - [2024-11-11T00:25:37.540+0100] {override.py:1901} INFO - Created Permission View: menu access on DAG Run:tutorial_dag
[2024-11-11T00:25:37.542+0100] {logging_mixin.py:190} INFO - [2024-11-11T00:25:37.541+0100] {dag.py:3239} INFO - Sync 1 DAGs
[2024-11-11T00:25:37.557+0100] {logging_mixin.py:190} INFO - [2024-11-11T00:25:37.557+0100] {dag.py:3262} INFO - Creating ORM DAG for tutorial_dag
[2024-11-11T00:25:37.558+0100] {logging_mixin.py:190} INFO - [2024-11-11T00:25:37.558+0100] {dag.py:4180} INFO - Setting next_dagrun for tutorial_dag to None, run_after=None
[2024-11-11T00:25:37.587+0100] {processor.py:208} INFO - Processing /home/sakana/anaconda3/envs/airflow_env/lib/python3.8/site-packages/airflow/example_dags/tutorial_dag.py took 0.346 seconds
[2024-11-11T00:26:48.264+0100] {processor.py:186} INFO - Started process (PID=6886) to work on /home/sakana/anaconda3/envs/airflow_env/lib/python3.8/site-packages/airflow/example_dags/tutorial_dag.py
[2024-11-11T00:26:48.269+0100] {processor.py:914} INFO - Processing file /home/sakana/anaconda3/envs/airflow_env/lib/python3.8/site-packages/airflow/example_dags/tutorial_dag.py for tasks to queue
[2024-11-11T00:26:48.277+0100] {logging_mixin.py:190} INFO - [2024-11-11T00:26:48.276+0100] {dagbag.py:588} INFO - Filling up the DagBag from /home/sakana/anaconda3/envs/airflow_env/lib/python3.8/site-packages/airflow/example_dags/tutorial_dag.py
[2024-11-11T00:26:48.298+0100] {processor.py:925} INFO - DAG(s) 'tutorial_dag' retrieved from /home/sakana/anaconda3/envs/airflow_env/lib/python3.8/site-packages/airflow/example_dags/tutorial_dag.py
[2024-11-11T00:26:48.317+0100] {logging_mixin.py:190} INFO - [2024-11-11T00:26:48.316+0100] {dag.py:3239} INFO - Sync 1 DAGs
[2024-11-11T00:26:48.328+0100] {logging_mixin.py:190} INFO - [2024-11-11T00:26:48.328+0100] {dag.py:4180} INFO - Setting next_dagrun for tutorial_dag to None, run_after=None
[2024-11-11T00:26:48.353+0100] {processor.py:208} INFO - Processing /home/sakana/anaconda3/envs/airflow_env/lib/python3.8/site-packages/airflow/example_dags/tutorial_dag.py took 0.097 seconds
[2024-11-11T00:27:43.440+0100] {processor.py:186} INFO - Started process (PID=6965) to work on /home/sakana/anaconda3/envs/airflow_env/lib/python3.8/site-packages/airflow/example_dags/tutorial_dag.py
[2024-11-11T00:27:43.445+0100] {processor.py:914} INFO - Processing file /home/sakana/anaconda3/envs/airflow_env/lib/python3.8/site-packages/airflow/example_dags/tutorial_dag.py for tasks to queue
[2024-11-11T00:27:43.447+0100] {logging_mixin.py:190} INFO - [2024-11-11T00:27:43.447+0100] {dagbag.py:588} INFO - Filling up the DagBag from /home/sakana/anaconda3/envs/airflow_env/lib/python3.8/site-packages/airflow/example_dags/tutorial_dag.py
[2024-11-11T00:27:43.454+0100] {processor.py:925} INFO - DAG(s) 'tutorial_dag' retrieved from /home/sakana/anaconda3/envs/airflow_env/lib/python3.8/site-packages/airflow/example_dags/tutorial_dag.py
[2024-11-11T00:27:43.470+0100] {logging_mixin.py:190} INFO - [2024-11-11T00:27:43.469+0100] {dag.py:3239} INFO - Sync 1 DAGs
[2024-11-11T00:27:43.483+0100] {logging_mixin.py:190} INFO - [2024-11-11T00:27:43.483+0100] {dag.py:4180} INFO - Setting next_dagrun for tutorial_dag to None, run_after=None
[2024-11-11T00:27:43.500+0100] {processor.py:208} INFO - Processing /home/sakana/anaconda3/envs/airflow_env/lib/python3.8/site-packages/airflow/example_dags/tutorial_dag.py took 0.067 seconds
[2024-11-11T00:28:38.466+0100] {processor.py:186} INFO - Started process (PID=7065) to work on /home/sakana/anaconda3/envs/airflow_env/lib/python3.8/site-packages/airflow/example_dags/tutorial_dag.py
[2024-11-11T00:28:38.471+0100] {processor.py:914} INFO - Processing file /home/sakana/anaconda3/envs/airflow_env/lib/python3.8/site-packages/airflow/example_dags/tutorial_dag.py for tasks to queue
[2024-11-11T00:28:38.474+0100] {logging_mixin.py:190} INFO - [2024-11-11T00:28:38.473+0100] {dagbag.py:588} INFO - Filling up the DagBag from /home/sakana/anaconda3/envs/airflow_env/lib/python3.8/site-packages/airflow/example_dags/tutorial_dag.py
[2024-11-11T00:28:38.486+0100] {processor.py:925} INFO - DAG(s) 'tutorial_dag' retrieved from /home/sakana/anaconda3/envs/airflow_env/lib/python3.8/site-packages/airflow/example_dags/tutorial_dag.py
[2024-11-11T00:28:38.503+0100] {logging_mixin.py:190} INFO - [2024-11-11T00:28:38.503+0100] {dag.py:3239} INFO - Sync 1 DAGs
[2024-11-11T00:28:38.515+0100] {logging_mixin.py:190} INFO - [2024-11-11T00:28:38.515+0100] {dag.py:4180} INFO - Setting next_dagrun for tutorial_dag to None, run_after=None
[2024-11-11T00:28:38.533+0100] {processor.py:208} INFO - Processing /home/sakana/anaconda3/envs/airflow_env/lib/python3.8/site-packages/airflow/example_dags/tutorial_dag.py took 0.077 seconds
[2024-11-11T00:29:33.930+0100] {processor.py:186} INFO - Started process (PID=7144) to work on /home/sakana/anaconda3/envs/airflow_env/lib/python3.8/site-packages/airflow/example_dags/tutorial_dag.py
[2024-11-11T00:29:33.932+0100] {processor.py:914} INFO - Processing file /home/sakana/anaconda3/envs/airflow_env/lib/python3.8/site-packages/airflow/example_dags/tutorial_dag.py for tasks to queue
[2024-11-11T00:29:33.934+0100] {logging_mixin.py:190} INFO - [2024-11-11T00:29:33.934+0100] {dagbag.py:588} INFO - Filling up the DagBag from /home/sakana/anaconda3/envs/airflow_env/lib/python3.8/site-packages/airflow/example_dags/tutorial_dag.py
[2024-11-11T00:29:33.945+0100] {processor.py:925} INFO - DAG(s) 'tutorial_dag' retrieved from /home/sakana/anaconda3/envs/airflow_env/lib/python3.8/site-packages/airflow/example_dags/tutorial_dag.py
[2024-11-11T00:29:33.963+0100] {logging_mixin.py:190} INFO - [2024-11-11T00:29:33.963+0100] {dag.py:3239} INFO - Sync 1 DAGs
[2024-11-11T00:29:33.975+0100] {logging_mixin.py:190} INFO - [2024-11-11T00:29:33.975+0100] {dag.py:4180} INFO - Setting next_dagrun for tutorial_dag to None, run_after=None
[2024-11-11T00:29:34.001+0100] {processor.py:208} INFO - Processing /home/sakana/anaconda3/envs/airflow_env/lib/python3.8/site-packages/airflow/example_dags/tutorial_dag.py took 0.080 seconds
[2024-11-11T00:30:28.579+0100] {processor.py:186} INFO - Started process (PID=7225) to work on /home/sakana/anaconda3/envs/airflow_env/lib/python3.8/site-packages/airflow/example_dags/tutorial_dag.py
[2024-11-11T00:30:28.580+0100] {processor.py:914} INFO - Processing file /home/sakana/anaconda3/envs/airflow_env/lib/python3.8/site-packages/airflow/example_dags/tutorial_dag.py for tasks to queue
[2024-11-11T00:30:28.583+0100] {logging_mixin.py:190} INFO - [2024-11-11T00:30:28.582+0100] {dagbag.py:588} INFO - Filling up the DagBag from /home/sakana/anaconda3/envs/airflow_env/lib/python3.8/site-packages/airflow/example_dags/tutorial_dag.py
[2024-11-11T00:30:28.589+0100] {processor.py:925} INFO - DAG(s) 'tutorial_dag' retrieved from /home/sakana/anaconda3/envs/airflow_env/lib/python3.8/site-packages/airflow/example_dags/tutorial_dag.py
[2024-11-11T00:30:28.603+0100] {logging_mixin.py:190} INFO - [2024-11-11T00:30:28.603+0100] {dag.py:3239} INFO - Sync 1 DAGs
[2024-11-11T00:30:28.615+0100] {logging_mixin.py:190} INFO - [2024-11-11T00:30:28.614+0100] {dag.py:4180} INFO - Setting next_dagrun for tutorial_dag to None, run_after=None
[2024-11-11T00:30:28.632+0100] {processor.py:208} INFO - Processing /home/sakana/anaconda3/envs/airflow_env/lib/python3.8/site-packages/airflow/example_dags/tutorial_dag.py took 0.061 seconds
[2024-11-11T00:31:24.346+0100] {processor.py:186} INFO - Started process (PID=7300) to work on /home/sakana/anaconda3/envs/airflow_env/lib/python3.8/site-packages/airflow/example_dags/tutorial_dag.py
[2024-11-11T00:31:24.352+0100] {processor.py:914} INFO - Processing file /home/sakana/anaconda3/envs/airflow_env/lib/python3.8/site-packages/airflow/example_dags/tutorial_dag.py for tasks to queue
[2024-11-11T00:31:24.354+0100] {logging_mixin.py:190} INFO - [2024-11-11T00:31:24.354+0100] {dagbag.py:588} INFO - Filling up the DagBag from /home/sakana/anaconda3/envs/airflow_env/lib/python3.8/site-packages/airflow/example_dags/tutorial_dag.py
[2024-11-11T00:31:24.363+0100] {processor.py:925} INFO - DAG(s) 'tutorial_dag' retrieved from /home/sakana/anaconda3/envs/airflow_env/lib/python3.8/site-packages/airflow/example_dags/tutorial_dag.py
[2024-11-11T00:31:24.380+0100] {logging_mixin.py:190} INFO - [2024-11-11T00:31:24.379+0100] {dag.py:3239} INFO - Sync 1 DAGs
[2024-11-11T00:31:24.391+0100] {logging_mixin.py:190} INFO - [2024-11-11T00:31:24.391+0100] {dag.py:4180} INFO - Setting next_dagrun for tutorial_dag to None, run_after=None
[2024-11-11T00:31:24.409+0100] {processor.py:208} INFO - Processing /home/sakana/anaconda3/envs/airflow_env/lib/python3.8/site-packages/airflow/example_dags/tutorial_dag.py took 0.080 seconds
[2024-11-11T00:32:19.314+0100] {processor.py:186} INFO - Started process (PID=7373) to work on /home/sakana/anaconda3/envs/airflow_env/lib/python3.8/site-packages/airflow/example_dags/tutorial_dag.py
[2024-11-11T00:32:19.319+0100] {processor.py:914} INFO - Processing file /home/sakana/anaconda3/envs/airflow_env/lib/python3.8/site-packages/airflow/example_dags/tutorial_dag.py for tasks to queue
[2024-11-11T00:32:19.322+0100] {logging_mixin.py:190} INFO - [2024-11-11T00:32:19.321+0100] {dagbag.py:588} INFO - Filling up the DagBag from /home/sakana/anaconda3/envs/airflow_env/lib/python3.8/site-packages/airflow/example_dags/tutorial_dag.py
[2024-11-11T00:32:19.331+0100] {processor.py:925} INFO - DAG(s) 'tutorial_dag' retrieved from /home/sakana/anaconda3/envs/airflow_env/lib/python3.8/site-packages/airflow/example_dags/tutorial_dag.py
[2024-11-11T00:32:19.349+0100] {logging_mixin.py:190} INFO - [2024-11-11T00:32:19.349+0100] {dag.py:3239} INFO - Sync 1 DAGs
[2024-11-11T00:32:19.360+0100] {logging_mixin.py:190} INFO - [2024-11-11T00:32:19.360+0100] {dag.py:4180} INFO - Setting next_dagrun for tutorial_dag to None, run_after=None
[2024-11-11T00:32:19.379+0100] {processor.py:208} INFO - Processing /home/sakana/anaconda3/envs/airflow_env/lib/python3.8/site-packages/airflow/example_dags/tutorial_dag.py took 0.073 seconds
[2024-11-11T00:33:15.696+0100] {processor.py:186} INFO - Started process (PID=7461) to work on /home/sakana/anaconda3/envs/airflow_env/lib/python3.8/site-packages/airflow/example_dags/tutorial_dag.py
[2024-11-11T00:33:15.701+0100] {processor.py:914} INFO - Processing file /home/sakana/anaconda3/envs/airflow_env/lib/python3.8/site-packages/airflow/example_dags/tutorial_dag.py for tasks to queue
[2024-11-11T00:33:15.705+0100] {logging_mixin.py:190} INFO - [2024-11-11T00:33:15.704+0100] {dagbag.py:588} INFO - Filling up the DagBag from /home/sakana/anaconda3/envs/airflow_env/lib/python3.8/site-packages/airflow/example_dags/tutorial_dag.py
[2024-11-11T00:33:15.713+0100] {processor.py:925} INFO - DAG(s) 'tutorial_dag' retrieved from /home/sakana/anaconda3/envs/airflow_env/lib/python3.8/site-packages/airflow/example_dags/tutorial_dag.py
[2024-11-11T00:33:15.729+0100] {logging_mixin.py:190} INFO - [2024-11-11T00:33:15.729+0100] {dag.py:3239} INFO - Sync 1 DAGs
[2024-11-11T00:33:15.746+0100] {logging_mixin.py:190} INFO - [2024-11-11T00:33:15.746+0100] {dag.py:4180} INFO - Setting next_dagrun for tutorial_dag to None, run_after=None
[2024-11-11T00:33:15.764+0100] {processor.py:208} INFO - Processing /home/sakana/anaconda3/envs/airflow_env/lib/python3.8/site-packages/airflow/example_dags/tutorial_dag.py took 0.075 seconds
[2024-11-11T00:34:11.390+0100] {processor.py:186} INFO - Started process (PID=7550) to work on /home/sakana/anaconda3/envs/airflow_env/lib/python3.8/site-packages/airflow/example_dags/tutorial_dag.py
[2024-11-11T00:34:11.396+0100] {processor.py:914} INFO - Processing file /home/sakana/anaconda3/envs/airflow_env/lib/python3.8/site-packages/airflow/example_dags/tutorial_dag.py for tasks to queue
[2024-11-11T00:34:11.402+0100] {logging_mixin.py:190} INFO - [2024-11-11T00:34:11.401+0100] {dagbag.py:588} INFO - Filling up the DagBag from /home/sakana/anaconda3/envs/airflow_env/lib/python3.8/site-packages/airflow/example_dags/tutorial_dag.py
[2024-11-11T00:34:11.421+0100] {processor.py:925} INFO - DAG(s) 'tutorial_dag' retrieved from /home/sakana/anaconda3/envs/airflow_env/lib/python3.8/site-packages/airflow/example_dags/tutorial_dag.py
[2024-11-11T00:34:11.440+0100] {logging_mixin.py:190} INFO - [2024-11-11T00:34:11.440+0100] {dag.py:3239} INFO - Sync 1 DAGs
[2024-11-11T00:34:11.452+0100] {logging_mixin.py:190} INFO - [2024-11-11T00:34:11.452+0100] {dag.py:4180} INFO - Setting next_dagrun for tutorial_dag to None, run_after=None
[2024-11-11T00:34:11.471+0100] {processor.py:208} INFO - Processing /home/sakana/anaconda3/envs/airflow_env/lib/python3.8/site-packages/airflow/example_dags/tutorial_dag.py took 0.090 seconds
[2024-11-11T00:35:08.661+0100] {processor.py:186} INFO - Started process (PID=7627) to work on /home/sakana/anaconda3/envs/airflow_env/lib/python3.8/site-packages/airflow/example_dags/tutorial_dag.py
[2024-11-11T00:35:08.666+0100] {processor.py:914} INFO - Processing file /home/sakana/anaconda3/envs/airflow_env/lib/python3.8/site-packages/airflow/example_dags/tutorial_dag.py for tasks to queue
[2024-11-11T00:35:08.668+0100] {logging_mixin.py:190} INFO - [2024-11-11T00:35:08.668+0100] {dagbag.py:588} INFO - Filling up the DagBag from /home/sakana/anaconda3/envs/airflow_env/lib/python3.8/site-packages/airflow/example_dags/tutorial_dag.py
[2024-11-11T00:35:08.676+0100] {processor.py:925} INFO - DAG(s) 'tutorial_dag' retrieved from /home/sakana/anaconda3/envs/airflow_env/lib/python3.8/site-packages/airflow/example_dags/tutorial_dag.py
[2024-11-11T00:35:08.691+0100] {logging_mixin.py:190} INFO - [2024-11-11T00:35:08.691+0100] {dag.py:3239} INFO - Sync 1 DAGs
[2024-11-11T00:35:08.702+0100] {logging_mixin.py:190} INFO - [2024-11-11T00:35:08.702+0100] {dag.py:4180} INFO - Setting next_dagrun for tutorial_dag to None, run_after=None
[2024-11-11T00:35:08.719+0100] {processor.py:208} INFO - Processing /home/sakana/anaconda3/envs/airflow_env/lib/python3.8/site-packages/airflow/example_dags/tutorial_dag.py took 0.065 seconds
[2024-11-11T00:36:01.900+0100] {processor.py:186} INFO - Started process (PID=7699) to work on /home/sakana/anaconda3/envs/airflow_env/lib/python3.8/site-packages/airflow/example_dags/tutorial_dag.py
[2024-11-11T00:36:01.906+0100] {processor.py:914} INFO - Processing file /home/sakana/anaconda3/envs/airflow_env/lib/python3.8/site-packages/airflow/example_dags/tutorial_dag.py for tasks to queue
[2024-11-11T00:36:01.911+0100] {logging_mixin.py:190} INFO - [2024-11-11T00:36:01.911+0100] {dagbag.py:588} INFO - Filling up the DagBag from /home/sakana/anaconda3/envs/airflow_env/lib/python3.8/site-packages/airflow/example_dags/tutorial_dag.py
[2024-11-11T00:36:01.926+0100] {processor.py:925} INFO - DAG(s) 'tutorial_dag' retrieved from /home/sakana/anaconda3/envs/airflow_env/lib/python3.8/site-packages/airflow/example_dags/tutorial_dag.py
[2024-11-11T00:36:01.942+0100] {logging_mixin.py:190} INFO - [2024-11-11T00:36:01.942+0100] {dag.py:3239} INFO - Sync 1 DAGs
[2024-11-11T00:36:01.953+0100] {logging_mixin.py:190} INFO - [2024-11-11T00:36:01.953+0100] {dag.py:4180} INFO - Setting next_dagrun for tutorial_dag to None, run_after=None
[2024-11-11T00:36:01.977+0100] {processor.py:208} INFO - Processing /home/sakana/anaconda3/envs/airflow_env/lib/python3.8/site-packages/airflow/example_dags/tutorial_dag.py took 0.092 seconds
[2024-11-11T00:36:58.032+0100] {processor.py:186} INFO - Started process (PID=7770) to work on /home/sakana/anaconda3/envs/airflow_env/lib/python3.8/site-packages/airflow/example_dags/tutorial_dag.py
[2024-11-11T00:36:58.037+0100] {processor.py:914} INFO - Processing file /home/sakana/anaconda3/envs/airflow_env/lib/python3.8/site-packages/airflow/example_dags/tutorial_dag.py for tasks to queue
[2024-11-11T00:36:58.039+0100] {logging_mixin.py:190} INFO - [2024-11-11T00:36:58.038+0100] {dagbag.py:588} INFO - Filling up the DagBag from /home/sakana/anaconda3/envs/airflow_env/lib/python3.8/site-packages/airflow/example_dags/tutorial_dag.py
[2024-11-11T00:36:58.046+0100] {processor.py:925} INFO - DAG(s) 'tutorial_dag' retrieved from /home/sakana/anaconda3/envs/airflow_env/lib/python3.8/site-packages/airflow/example_dags/tutorial_dag.py
[2024-11-11T00:36:58.062+0100] {logging_mixin.py:190} INFO - [2024-11-11T00:36:58.062+0100] {dag.py:3239} INFO - Sync 1 DAGs
[2024-11-11T00:36:58.073+0100] {logging_mixin.py:190} INFO - [2024-11-11T00:36:58.073+0100] {dag.py:4180} INFO - Setting next_dagrun for tutorial_dag to None, run_after=None
[2024-11-11T00:36:58.100+0100] {processor.py:208} INFO - Processing /home/sakana/anaconda3/envs/airflow_env/lib/python3.8/site-packages/airflow/example_dags/tutorial_dag.py took 0.075 seconds
[2024-11-11T00:37:55.467+0100] {processor.py:186} INFO - Started process (PID=7845) to work on /home/sakana/anaconda3/envs/airflow_env/lib/python3.8/site-packages/airflow/example_dags/tutorial_dag.py
[2024-11-11T00:37:55.495+0100] {processor.py:914} INFO - Processing file /home/sakana/anaconda3/envs/airflow_env/lib/python3.8/site-packages/airflow/example_dags/tutorial_dag.py for tasks to queue
[2024-11-11T00:37:55.499+0100] {logging_mixin.py:190} INFO - [2024-11-11T00:37:55.498+0100] {dagbag.py:588} INFO - Filling up the DagBag from /home/sakana/anaconda3/envs/airflow_env/lib/python3.8/site-packages/airflow/example_dags/tutorial_dag.py
[2024-11-11T00:37:55.521+0100] {processor.py:925} INFO - DAG(s) 'tutorial_dag' retrieved from /home/sakana/anaconda3/envs/airflow_env/lib/python3.8/site-packages/airflow/example_dags/tutorial_dag.py
[2024-11-11T00:37:55.541+0100] {logging_mixin.py:190} INFO - [2024-11-11T00:37:55.541+0100] {dag.py:3239} INFO - Sync 1 DAGs
[2024-11-11T00:37:55.552+0100] {logging_mixin.py:190} INFO - [2024-11-11T00:37:55.552+0100] {dag.py:4180} INFO - Setting next_dagrun for tutorial_dag to None, run_after=None
[2024-11-11T00:37:55.579+0100] {processor.py:208} INFO - Processing /home/sakana/anaconda3/envs/airflow_env/lib/python3.8/site-packages/airflow/example_dags/tutorial_dag.py took 0.120 seconds
[2024-11-11T00:38:49.771+0100] {processor.py:186} INFO - Started process (PID=7949) to work on /home/sakana/anaconda3/envs/airflow_env/lib/python3.8/site-packages/airflow/example_dags/tutorial_dag.py
[2024-11-11T00:38:49.776+0100] {processor.py:914} INFO - Processing file /home/sakana/anaconda3/envs/airflow_env/lib/python3.8/site-packages/airflow/example_dags/tutorial_dag.py for tasks to queue
[2024-11-11T00:38:49.779+0100] {logging_mixin.py:190} INFO - [2024-11-11T00:38:49.778+0100] {dagbag.py:588} INFO - Filling up the DagBag from /home/sakana/anaconda3/envs/airflow_env/lib/python3.8/site-packages/airflow/example_dags/tutorial_dag.py
[2024-11-11T00:38:49.789+0100] {processor.py:925} INFO - DAG(s) 'tutorial_dag' retrieved from /home/sakana/anaconda3/envs/airflow_env/lib/python3.8/site-packages/airflow/example_dags/tutorial_dag.py
[2024-11-11T00:38:49.807+0100] {logging_mixin.py:190} INFO - [2024-11-11T00:38:49.807+0100] {dag.py:3239} INFO - Sync 1 DAGs
[2024-11-11T00:38:49.819+0100] {logging_mixin.py:190} INFO - [2024-11-11T00:38:49.819+0100] {dag.py:4180} INFO - Setting next_dagrun for tutorial_dag to None, run_after=None
[2024-11-11T00:38:49.843+0100] {processor.py:208} INFO - Processing /home/sakana/anaconda3/envs/airflow_env/lib/python3.8/site-packages/airflow/example_dags/tutorial_dag.py took 0.080 seconds
[2024-11-11T00:39:45.132+0100] {processor.py:186} INFO - Started process (PID=8086) to work on /home/sakana/anaconda3/envs/airflow_env/lib/python3.8/site-packages/airflow/example_dags/tutorial_dag.py
[2024-11-11T00:39:45.137+0100] {processor.py:914} INFO - Processing file /home/sakana/anaconda3/envs/airflow_env/lib/python3.8/site-packages/airflow/example_dags/tutorial_dag.py for tasks to queue
[2024-11-11T00:39:45.140+0100] {logging_mixin.py:190} INFO - [2024-11-11T00:39:45.139+0100] {dagbag.py:588} INFO - Filling up the DagBag from /home/sakana/anaconda3/envs/airflow_env/lib/python3.8/site-packages/airflow/example_dags/tutorial_dag.py
[2024-11-11T00:39:45.148+0100] {processor.py:925} INFO - DAG(s) 'tutorial_dag' retrieved from /home/sakana/anaconda3/envs/airflow_env/lib/python3.8/site-packages/airflow/example_dags/tutorial_dag.py
[2024-11-11T00:39:45.164+0100] {logging_mixin.py:190} INFO - [2024-11-11T00:39:45.164+0100] {dag.py:3239} INFO - Sync 1 DAGs
[2024-11-11T00:39:45.178+0100] {logging_mixin.py:190} INFO - [2024-11-11T00:39:45.178+0100] {dag.py:4180} INFO - Setting next_dagrun for tutorial_dag to None, run_after=None
[2024-11-11T00:39:45.212+0100] {processor.py:208} INFO - Processing /home/sakana/anaconda3/envs/airflow_env/lib/python3.8/site-packages/airflow/example_dags/tutorial_dag.py took 0.087 seconds
[2024-11-11T00:43:01.699+0100] {processor.py:186} INFO - Started process (PID=8441) to work on /home/sakana/anaconda3/envs/airflow_env/lib/python3.8/site-packages/airflow/example_dags/tutorial_dag.py
[2024-11-11T00:43:01.704+0100] {processor.py:914} INFO - Processing file /home/sakana/anaconda3/envs/airflow_env/lib/python3.8/site-packages/airflow/example_dags/tutorial_dag.py for tasks to queue
[2024-11-11T00:43:01.706+0100] {logging_mixin.py:190} INFO - [2024-11-11T00:43:01.706+0100] {dagbag.py:588} INFO - Filling up the DagBag from /home/sakana/anaconda3/envs/airflow_env/lib/python3.8/site-packages/airflow/example_dags/tutorial_dag.py
[2024-11-11T00:43:01.713+0100] {processor.py:925} INFO - DAG(s) 'tutorial_dag' retrieved from /home/sakana/anaconda3/envs/airflow_env/lib/python3.8/site-packages/airflow/example_dags/tutorial_dag.py
[2024-11-11T00:43:01.732+0100] {logging_mixin.py:190} INFO - [2024-11-11T00:43:01.732+0100] {dag.py:3239} INFO - Sync 1 DAGs
[2024-11-11T00:43:01.745+0100] {logging_mixin.py:190} INFO - [2024-11-11T00:43:01.745+0100] {dag.py:4180} INFO - Setting next_dagrun for tutorial_dag to None, run_after=None
[2024-11-11T00:43:01.767+0100] {processor.py:208} INFO - Processing /home/sakana/anaconda3/envs/airflow_env/lib/python3.8/site-packages/airflow/example_dags/tutorial_dag.py took 0.075 seconds
[2024-11-11T00:45:27.180+0100] {processor.py:186} INFO - Started process (PID=8737) to work on /home/sakana/anaconda3/envs/airflow_env/lib/python3.8/site-packages/airflow/example_dags/tutorial_dag.py
[2024-11-11T00:45:27.181+0100] {processor.py:914} INFO - Processing file /home/sakana/anaconda3/envs/airflow_env/lib/python3.8/site-packages/airflow/example_dags/tutorial_dag.py for tasks to queue
[2024-11-11T00:45:27.183+0100] {logging_mixin.py:190} INFO - [2024-11-11T00:45:27.183+0100] {dagbag.py:588} INFO - Filling up the DagBag from /home/sakana/anaconda3/envs/airflow_env/lib/python3.8/site-packages/airflow/example_dags/tutorial_dag.py
[2024-11-11T00:45:27.193+0100] {processor.py:925} INFO - DAG(s) 'tutorial_dag' retrieved from /home/sakana/anaconda3/envs/airflow_env/lib/python3.8/site-packages/airflow/example_dags/tutorial_dag.py
[2024-11-11T00:45:27.218+0100] {logging_mixin.py:190} INFO - [2024-11-11T00:45:27.217+0100] {dag.py:3239} INFO - Sync 1 DAGs
[2024-11-11T00:45:27.235+0100] {logging_mixin.py:190} INFO - [2024-11-11T00:45:27.234+0100] {dag.py:4180} INFO - Setting next_dagrun for tutorial_dag to None, run_after=None
[2024-11-11T00:45:27.255+0100] {processor.py:208} INFO - Processing /home/sakana/anaconda3/envs/airflow_env/lib/python3.8/site-packages/airflow/example_dags/tutorial_dag.py took 0.082 seconds
[2024-11-11T00:46:25.629+0100] {processor.py:186} INFO - Started process (PID=8844) to work on /home/sakana/anaconda3/envs/airflow_env/lib/python3.8/site-packages/airflow/example_dags/tutorial_dag.py
[2024-11-11T00:46:25.634+0100] {processor.py:914} INFO - Processing file /home/sakana/anaconda3/envs/airflow_env/lib/python3.8/site-packages/airflow/example_dags/tutorial_dag.py for tasks to queue
[2024-11-11T00:46:25.636+0100] {logging_mixin.py:190} INFO - [2024-11-11T00:46:25.636+0100] {dagbag.py:588} INFO - Filling up the DagBag from /home/sakana/anaconda3/envs/airflow_env/lib/python3.8/site-packages/airflow/example_dags/tutorial_dag.py
[2024-11-11T00:46:25.645+0100] {processor.py:925} INFO - DAG(s) 'tutorial_dag' retrieved from /home/sakana/anaconda3/envs/airflow_env/lib/python3.8/site-packages/airflow/example_dags/tutorial_dag.py
[2024-11-11T00:46:25.665+0100] {logging_mixin.py:190} INFO - [2024-11-11T00:46:25.664+0100] {dag.py:3239} INFO - Sync 1 DAGs
[2024-11-11T00:46:25.680+0100] {logging_mixin.py:190} INFO - [2024-11-11T00:46:25.679+0100] {dag.py:4180} INFO - Setting next_dagrun for tutorial_dag to None, run_after=None
[2024-11-11T00:46:25.700+0100] {processor.py:208} INFO - Processing /home/sakana/anaconda3/envs/airflow_env/lib/python3.8/site-packages/airflow/example_dags/tutorial_dag.py took 0.079 seconds
[2024-11-11T00:47:20.316+0100] {processor.py:186} INFO - Started process (PID=8926) to work on /home/sakana/anaconda3/envs/airflow_env/lib/python3.8/site-packages/airflow/example_dags/tutorial_dag.py
[2024-11-11T00:47:20.321+0100] {processor.py:914} INFO - Processing file /home/sakana/anaconda3/envs/airflow_env/lib/python3.8/site-packages/airflow/example_dags/tutorial_dag.py for tasks to queue
[2024-11-11T00:47:20.324+0100] {logging_mixin.py:190} INFO - [2024-11-11T00:47:20.323+0100] {dagbag.py:588} INFO - Filling up the DagBag from /home/sakana/anaconda3/envs/airflow_env/lib/python3.8/site-packages/airflow/example_dags/tutorial_dag.py
[2024-11-11T00:47:20.333+0100] {processor.py:925} INFO - DAG(s) 'tutorial_dag' retrieved from /home/sakana/anaconda3/envs/airflow_env/lib/python3.8/site-packages/airflow/example_dags/tutorial_dag.py
[2024-11-11T00:47:20.348+0100] {logging_mixin.py:190} INFO - [2024-11-11T00:47:20.348+0100] {dag.py:3239} INFO - Sync 1 DAGs
[2024-11-11T00:47:20.359+0100] {logging_mixin.py:190} INFO - [2024-11-11T00:47:20.359+0100] {dag.py:4180} INFO - Setting next_dagrun for tutorial_dag to None, run_after=None
[2024-11-11T00:47:20.376+0100] {processor.py:208} INFO - Processing /home/sakana/anaconda3/envs/airflow_env/lib/python3.8/site-packages/airflow/example_dags/tutorial_dag.py took 0.067 seconds
[2024-11-11T00:48:16.337+0100] {processor.py:186} INFO - Started process (PID=9015) to work on /home/sakana/anaconda3/envs/airflow_env/lib/python3.8/site-packages/airflow/example_dags/tutorial_dag.py
[2024-11-11T00:48:16.343+0100] {processor.py:914} INFO - Processing file /home/sakana/anaconda3/envs/airflow_env/lib/python3.8/site-packages/airflow/example_dags/tutorial_dag.py for tasks to queue
[2024-11-11T00:48:16.346+0100] {logging_mixin.py:190} INFO - [2024-11-11T00:48:16.346+0100] {dagbag.py:588} INFO - Filling up the DagBag from /home/sakana/anaconda3/envs/airflow_env/lib/python3.8/site-packages/airflow/example_dags/tutorial_dag.py
[2024-11-11T00:48:16.357+0100] {processor.py:925} INFO - DAG(s) 'tutorial_dag' retrieved from /home/sakana/anaconda3/envs/airflow_env/lib/python3.8/site-packages/airflow/example_dags/tutorial_dag.py
[2024-11-11T00:48:16.373+0100] {logging_mixin.py:190} INFO - [2024-11-11T00:48:16.373+0100] {dag.py:3239} INFO - Sync 1 DAGs
[2024-11-11T00:48:16.384+0100] {logging_mixin.py:190} INFO - [2024-11-11T00:48:16.384+0100] {dag.py:4180} INFO - Setting next_dagrun for tutorial_dag to None, run_after=None
[2024-11-11T00:48:16.411+0100] {processor.py:208} INFO - Processing /home/sakana/anaconda3/envs/airflow_env/lib/python3.8/site-packages/airflow/example_dags/tutorial_dag.py took 0.086 seconds
[2024-11-11T00:49:13.896+0100] {processor.py:186} INFO - Started process (PID=9164) to work on /home/sakana/anaconda3/envs/airflow_env/lib/python3.8/site-packages/airflow/example_dags/tutorial_dag.py
[2024-11-11T00:49:13.898+0100] {processor.py:914} INFO - Processing file /home/sakana/anaconda3/envs/airflow_env/lib/python3.8/site-packages/airflow/example_dags/tutorial_dag.py for tasks to queue
[2024-11-11T00:49:13.902+0100] {logging_mixin.py:190} INFO - [2024-11-11T00:49:13.901+0100] {dagbag.py:588} INFO - Filling up the DagBag from /home/sakana/anaconda3/envs/airflow_env/lib/python3.8/site-packages/airflow/example_dags/tutorial_dag.py
[2024-11-11T00:49:13.915+0100] {processor.py:925} INFO - DAG(s) 'tutorial_dag' retrieved from /home/sakana/anaconda3/envs/airflow_env/lib/python3.8/site-packages/airflow/example_dags/tutorial_dag.py
[2024-11-11T00:49:13.943+0100] {logging_mixin.py:190} INFO - [2024-11-11T00:49:13.943+0100] {dag.py:3239} INFO - Sync 1 DAGs
[2024-11-11T00:49:13.966+0100] {logging_mixin.py:190} INFO - [2024-11-11T00:49:13.966+0100] {dag.py:4180} INFO - Setting next_dagrun for tutorial_dag to None, run_after=None
[2024-11-11T00:49:13.993+0100] {processor.py:208} INFO - Processing /home/sakana/anaconda3/envs/airflow_env/lib/python3.8/site-packages/airflow/example_dags/tutorial_dag.py took 0.111 seconds
[2024-11-11T00:50:12.864+0100] {processor.py:186} INFO - Started process (PID=9472) to work on /home/sakana/anaconda3/envs/airflow_env/lib/python3.8/site-packages/airflow/example_dags/tutorial_dag.py
[2024-11-11T00:50:12.865+0100] {processor.py:914} INFO - Processing file /home/sakana/anaconda3/envs/airflow_env/lib/python3.8/site-packages/airflow/example_dags/tutorial_dag.py for tasks to queue
[2024-11-11T00:50:12.868+0100] {logging_mixin.py:190} INFO - [2024-11-11T00:50:12.867+0100] {dagbag.py:588} INFO - Filling up the DagBag from /home/sakana/anaconda3/envs/airflow_env/lib/python3.8/site-packages/airflow/example_dags/tutorial_dag.py
[2024-11-11T00:50:12.879+0100] {processor.py:925} INFO - DAG(s) 'tutorial_dag' retrieved from /home/sakana/anaconda3/envs/airflow_env/lib/python3.8/site-packages/airflow/example_dags/tutorial_dag.py
[2024-11-11T00:50:12.900+0100] {logging_mixin.py:190} INFO - [2024-11-11T00:50:12.899+0100] {dag.py:3239} INFO - Sync 1 DAGs
[2024-11-11T00:50:12.914+0100] {logging_mixin.py:190} INFO - [2024-11-11T00:50:12.914+0100] {dag.py:4180} INFO - Setting next_dagrun for tutorial_dag to None, run_after=None
[2024-11-11T00:50:12.936+0100] {processor.py:208} INFO - Processing /home/sakana/anaconda3/envs/airflow_env/lib/python3.8/site-packages/airflow/example_dags/tutorial_dag.py took 0.080 seconds
[2024-11-11T00:51:13.039+0100] {processor.py:186} INFO - Started process (PID=9548) to work on /home/sakana/anaconda3/envs/airflow_env/lib/python3.8/site-packages/airflow/example_dags/tutorial_dag.py
[2024-11-11T00:51:13.043+0100] {processor.py:914} INFO - Processing file /home/sakana/anaconda3/envs/airflow_env/lib/python3.8/site-packages/airflow/example_dags/tutorial_dag.py for tasks to queue
[2024-11-11T00:51:13.046+0100] {logging_mixin.py:190} INFO - [2024-11-11T00:51:13.046+0100] {dagbag.py:588} INFO - Filling up the DagBag from /home/sakana/anaconda3/envs/airflow_env/lib/python3.8/site-packages/airflow/example_dags/tutorial_dag.py
[2024-11-11T00:51:13.055+0100] {processor.py:925} INFO - DAG(s) 'tutorial_dag' retrieved from /home/sakana/anaconda3/envs/airflow_env/lib/python3.8/site-packages/airflow/example_dags/tutorial_dag.py
[2024-11-11T00:51:13.072+0100] {logging_mixin.py:190} INFO - [2024-11-11T00:51:13.072+0100] {dag.py:3239} INFO - Sync 1 DAGs
[2024-11-11T00:51:13.087+0100] {logging_mixin.py:190} INFO - [2024-11-11T00:51:13.087+0100] {dag.py:4180} INFO - Setting next_dagrun for tutorial_dag to None, run_after=None
[2024-11-11T00:51:13.111+0100] {processor.py:208} INFO - Processing /home/sakana/anaconda3/envs/airflow_env/lib/python3.8/site-packages/airflow/example_dags/tutorial_dag.py took 0.080 seconds
[2024-11-11T00:52:09.953+0100] {processor.py:186} INFO - Started process (PID=9648) to work on /home/sakana/anaconda3/envs/airflow_env/lib/python3.8/site-packages/airflow/example_dags/tutorial_dag.py
[2024-11-11T00:52:09.958+0100] {processor.py:914} INFO - Processing file /home/sakana/anaconda3/envs/airflow_env/lib/python3.8/site-packages/airflow/example_dags/tutorial_dag.py for tasks to queue
[2024-11-11T00:52:09.961+0100] {logging_mixin.py:190} INFO - [2024-11-11T00:52:09.961+0100] {dagbag.py:588} INFO - Filling up the DagBag from /home/sakana/anaconda3/envs/airflow_env/lib/python3.8/site-packages/airflow/example_dags/tutorial_dag.py
[2024-11-11T00:52:09.970+0100] {processor.py:925} INFO - DAG(s) 'tutorial_dag' retrieved from /home/sakana/anaconda3/envs/airflow_env/lib/python3.8/site-packages/airflow/example_dags/tutorial_dag.py
[2024-11-11T00:52:09.992+0100] {logging_mixin.py:190} INFO - [2024-11-11T00:52:09.992+0100] {dag.py:3239} INFO - Sync 1 DAGs
[2024-11-11T00:52:10.010+0100] {logging_mixin.py:190} INFO - [2024-11-11T00:52:10.010+0100] {dag.py:4180} INFO - Setting next_dagrun for tutorial_dag to None, run_after=None
[2024-11-11T00:52:10.033+0100] {processor.py:208} INFO - Processing /home/sakana/anaconda3/envs/airflow_env/lib/python3.8/site-packages/airflow/example_dags/tutorial_dag.py took 0.087 seconds
[2024-11-11T00:53:08.110+0100] {processor.py:186} INFO - Started process (PID=9849) to work on /home/sakana/anaconda3/envs/airflow_env/lib/python3.8/site-packages/airflow/example_dags/tutorial_dag.py
[2024-11-11T00:53:08.111+0100] {processor.py:914} INFO - Processing file /home/sakana/anaconda3/envs/airflow_env/lib/python3.8/site-packages/airflow/example_dags/tutorial_dag.py for tasks to queue
[2024-11-11T00:53:08.114+0100] {logging_mixin.py:190} INFO - [2024-11-11T00:53:08.113+0100] {dagbag.py:588} INFO - Filling up the DagBag from /home/sakana/anaconda3/envs/airflow_env/lib/python3.8/site-packages/airflow/example_dags/tutorial_dag.py
[2024-11-11T00:53:08.126+0100] {processor.py:925} INFO - DAG(s) 'tutorial_dag' retrieved from /home/sakana/anaconda3/envs/airflow_env/lib/python3.8/site-packages/airflow/example_dags/tutorial_dag.py
[2024-11-11T00:53:08.152+0100] {logging_mixin.py:190} INFO - [2024-11-11T00:53:08.152+0100] {dag.py:3239} INFO - Sync 1 DAGs
[2024-11-11T00:53:08.170+0100] {logging_mixin.py:190} INFO - [2024-11-11T00:53:08.170+0100] {dag.py:4180} INFO - Setting next_dagrun for tutorial_dag to None, run_after=None
[2024-11-11T00:53:08.211+0100] {processor.py:208} INFO - Processing /home/sakana/anaconda3/envs/airflow_env/lib/python3.8/site-packages/airflow/example_dags/tutorial_dag.py took 0.111 seconds
[2024-11-11T00:54:06.568+0100] {processor.py:186} INFO - Started process (PID=9924) to work on /home/sakana/anaconda3/envs/airflow_env/lib/python3.8/site-packages/airflow/example_dags/tutorial_dag.py
[2024-11-11T00:54:06.574+0100] {processor.py:914} INFO - Processing file /home/sakana/anaconda3/envs/airflow_env/lib/python3.8/site-packages/airflow/example_dags/tutorial_dag.py for tasks to queue
[2024-11-11T00:54:06.576+0100] {logging_mixin.py:190} INFO - [2024-11-11T00:54:06.575+0100] {dagbag.py:588} INFO - Filling up the DagBag from /home/sakana/anaconda3/envs/airflow_env/lib/python3.8/site-packages/airflow/example_dags/tutorial_dag.py
[2024-11-11T00:54:06.583+0100] {processor.py:925} INFO - DAG(s) 'tutorial_dag' retrieved from /home/sakana/anaconda3/envs/airflow_env/lib/python3.8/site-packages/airflow/example_dags/tutorial_dag.py
[2024-11-11T00:54:06.598+0100] {logging_mixin.py:190} INFO - [2024-11-11T00:54:06.598+0100] {dag.py:3239} INFO - Sync 1 DAGs
[2024-11-11T00:54:06.610+0100] {logging_mixin.py:190} INFO - [2024-11-11T00:54:06.610+0100] {dag.py:4180} INFO - Setting next_dagrun for tutorial_dag to None, run_after=None
[2024-11-11T00:54:06.635+0100] {processor.py:208} INFO - Processing /home/sakana/anaconda3/envs/airflow_env/lib/python3.8/site-packages/airflow/example_dags/tutorial_dag.py took 0.073 seconds
