[2024-11-11T00:25:27.571+0100] {processor.py:186} INFO - Started process (PID=6620) to work on /home/sakana/anaconda3/envs/airflow_env/lib/python3.8/site-packages/airflow/example_dags/tutorial_objectstorage.py
[2024-11-11T00:25:27.572+0100] {processor.py:914} INFO - Processing file /home/sakana/anaconda3/envs/airflow_env/lib/python3.8/site-packages/airflow/example_dags/tutorial_objectstorage.py for tasks to queue
[2024-11-11T00:25:27.574+0100] {logging_mixin.py:190} INFO - [2024-11-11T00:25:27.573+0100] {dagbag.py:588} INFO - Filling up the DagBag from /home/sakana/anaconda3/envs/airflow_env/lib/python3.8/site-packages/airflow/example_dags/tutorial_objectstorage.py
[2024-11-11T00:25:27.585+0100] {processor.py:925} INFO - DAG(s) 'tutorial_objectstorage' retrieved from /home/sakana/anaconda3/envs/airflow_env/lib/python3.8/site-packages/airflow/example_dags/tutorial_objectstorage.py
[2024-11-11T00:25:27.709+0100] {logging_mixin.py:190} INFO - [2024-11-11T00:25:27.708+0100] {override.py:1901} INFO - Created Permission View: can edit on DAG:tutorial_objectstorage
[2024-11-11T00:25:27.733+0100] {logging_mixin.py:190} INFO - [2024-11-11T00:25:27.732+0100] {override.py:1901} INFO - Created Permission View: can read on DAG:tutorial_objectstorage
[2024-11-11T00:25:27.755+0100] {logging_mixin.py:190} INFO - [2024-11-11T00:25:27.754+0100] {override.py:1901} INFO - Created Permission View: can delete on DAG:tutorial_objectstorage
[2024-11-11T00:25:27.782+0100] {logging_mixin.py:190} INFO - [2024-11-11T00:25:27.781+0100] {override.py:1901} INFO - Created Permission View: can create on DAG Run:tutorial_objectstorage
[2024-11-11T00:25:27.811+0100] {logging_mixin.py:190} INFO - [2024-11-11T00:25:27.810+0100] {override.py:1901} INFO - Created Permission View: can read on DAG Run:tutorial_objectstorage
[2024-11-11T00:25:27.828+0100] {logging_mixin.py:190} INFO - [2024-11-11T00:25:27.828+0100] {override.py:1901} INFO - Created Permission View: can delete on DAG Run:tutorial_objectstorage
[2024-11-11T00:25:27.843+0100] {logging_mixin.py:190} INFO - [2024-11-11T00:25:27.842+0100] {override.py:1901} INFO - Created Permission View: menu access on DAG Run:tutorial_objectstorage
[2024-11-11T00:25:27.843+0100] {logging_mixin.py:190} INFO - [2024-11-11T00:25:27.843+0100] {dag.py:3239} INFO - Sync 1 DAGs
[2024-11-11T00:25:27.859+0100] {logging_mixin.py:190} INFO - [2024-11-11T00:25:27.859+0100] {dag.py:3262} INFO - Creating ORM DAG for tutorial_objectstorage
[2024-11-11T00:25:27.860+0100] {logging_mixin.py:190} INFO - [2024-11-11T00:25:27.859+0100] {dag.py:4180} INFO - Setting next_dagrun for tutorial_objectstorage to None, run_after=None
[2024-11-11T00:25:27.887+0100] {processor.py:208} INFO - Processing /home/sakana/anaconda3/envs/airflow_env/lib/python3.8/site-packages/airflow/example_dags/tutorial_objectstorage.py took 0.323 seconds
[2024-11-11T00:26:41.068+0100] {processor.py:186} INFO - Started process (PID=6878) to work on /home/sakana/anaconda3/envs/airflow_env/lib/python3.8/site-packages/airflow/example_dags/tutorial_objectstorage.py
[2024-11-11T00:26:41.073+0100] {processor.py:914} INFO - Processing file /home/sakana/anaconda3/envs/airflow_env/lib/python3.8/site-packages/airflow/example_dags/tutorial_objectstorage.py for tasks to queue
[2024-11-11T00:26:41.076+0100] {logging_mixin.py:190} INFO - [2024-11-11T00:26:41.076+0100] {dagbag.py:588} INFO - Filling up the DagBag from /home/sakana/anaconda3/envs/airflow_env/lib/python3.8/site-packages/airflow/example_dags/tutorial_objectstorage.py
[2024-11-11T00:26:41.088+0100] {processor.py:925} INFO - DAG(s) 'tutorial_objectstorage' retrieved from /home/sakana/anaconda3/envs/airflow_env/lib/python3.8/site-packages/airflow/example_dags/tutorial_objectstorage.py
[2024-11-11T00:26:41.104+0100] {logging_mixin.py:190} INFO - [2024-11-11T00:26:41.104+0100] {dag.py:3239} INFO - Sync 1 DAGs
[2024-11-11T00:26:41.116+0100] {logging_mixin.py:190} INFO - [2024-11-11T00:26:41.116+0100] {dag.py:4180} INFO - Setting next_dagrun for tutorial_objectstorage to None, run_after=None
[2024-11-11T00:26:41.148+0100] {processor.py:208} INFO - Processing /home/sakana/anaconda3/envs/airflow_env/lib/python3.8/site-packages/airflow/example_dags/tutorial_objectstorage.py took 0.087 seconds
[2024-11-11T00:27:36.751+0100] {processor.py:186} INFO - Started process (PID=6954) to work on /home/sakana/anaconda3/envs/airflow_env/lib/python3.8/site-packages/airflow/example_dags/tutorial_objectstorage.py
[2024-11-11T00:27:36.756+0100] {processor.py:914} INFO - Processing file /home/sakana/anaconda3/envs/airflow_env/lib/python3.8/site-packages/airflow/example_dags/tutorial_objectstorage.py for tasks to queue
[2024-11-11T00:27:36.760+0100] {logging_mixin.py:190} INFO - [2024-11-11T00:27:36.759+0100] {dagbag.py:588} INFO - Filling up the DagBag from /home/sakana/anaconda3/envs/airflow_env/lib/python3.8/site-packages/airflow/example_dags/tutorial_objectstorage.py
[2024-11-11T00:27:36.770+0100] {processor.py:925} INFO - DAG(s) 'tutorial_objectstorage' retrieved from /home/sakana/anaconda3/envs/airflow_env/lib/python3.8/site-packages/airflow/example_dags/tutorial_objectstorage.py
[2024-11-11T00:27:36.784+0100] {logging_mixin.py:190} INFO - [2024-11-11T00:27:36.784+0100] {dag.py:3239} INFO - Sync 1 DAGs
[2024-11-11T00:27:36.798+0100] {logging_mixin.py:190} INFO - [2024-11-11T00:27:36.797+0100] {dag.py:4180} INFO - Setting next_dagrun for tutorial_objectstorage to None, run_after=None
[2024-11-11T00:27:36.814+0100] {processor.py:208} INFO - Processing /home/sakana/anaconda3/envs/airflow_env/lib/python3.8/site-packages/airflow/example_dags/tutorial_objectstorage.py took 0.074 seconds
[2024-11-11T00:28:31.914+0100] {processor.py:186} INFO - Started process (PID=7052) to work on /home/sakana/anaconda3/envs/airflow_env/lib/python3.8/site-packages/airflow/example_dags/tutorial_objectstorage.py
[2024-11-11T00:28:31.919+0100] {processor.py:914} INFO - Processing file /home/sakana/anaconda3/envs/airflow_env/lib/python3.8/site-packages/airflow/example_dags/tutorial_objectstorage.py for tasks to queue
[2024-11-11T00:28:31.923+0100] {logging_mixin.py:190} INFO - [2024-11-11T00:28:31.922+0100] {dagbag.py:588} INFO - Filling up the DagBag from /home/sakana/anaconda3/envs/airflow_env/lib/python3.8/site-packages/airflow/example_dags/tutorial_objectstorage.py
[2024-11-11T00:28:31.938+0100] {processor.py:925} INFO - DAG(s) 'tutorial_objectstorage' retrieved from /home/sakana/anaconda3/envs/airflow_env/lib/python3.8/site-packages/airflow/example_dags/tutorial_objectstorage.py
[2024-11-11T00:28:31.953+0100] {logging_mixin.py:190} INFO - [2024-11-11T00:28:31.953+0100] {dag.py:3239} INFO - Sync 1 DAGs
[2024-11-11T00:28:31.964+0100] {logging_mixin.py:190} INFO - [2024-11-11T00:28:31.964+0100] {dag.py:4180} INFO - Setting next_dagrun for tutorial_objectstorage to None, run_after=None
[2024-11-11T00:28:31.981+0100] {processor.py:208} INFO - Processing /home/sakana/anaconda3/envs/airflow_env/lib/python3.8/site-packages/airflow/example_dags/tutorial_objectstorage.py took 0.079 seconds
[2024-11-11T00:29:26.451+0100] {processor.py:186} INFO - Started process (PID=7132) to work on /home/sakana/anaconda3/envs/airflow_env/lib/python3.8/site-packages/airflow/example_dags/tutorial_objectstorage.py
[2024-11-11T00:29:26.456+0100] {processor.py:914} INFO - Processing file /home/sakana/anaconda3/envs/airflow_env/lib/python3.8/site-packages/airflow/example_dags/tutorial_objectstorage.py for tasks to queue
[2024-11-11T00:29:26.458+0100] {logging_mixin.py:190} INFO - [2024-11-11T00:29:26.458+0100] {dagbag.py:588} INFO - Filling up the DagBag from /home/sakana/anaconda3/envs/airflow_env/lib/python3.8/site-packages/airflow/example_dags/tutorial_objectstorage.py
[2024-11-11T00:29:26.471+0100] {processor.py:925} INFO - DAG(s) 'tutorial_objectstorage' retrieved from /home/sakana/anaconda3/envs/airflow_env/lib/python3.8/site-packages/airflow/example_dags/tutorial_objectstorage.py
[2024-11-11T00:29:26.487+0100] {logging_mixin.py:190} INFO - [2024-11-11T00:29:26.487+0100] {dag.py:3239} INFO - Sync 1 DAGs
[2024-11-11T00:29:26.501+0100] {logging_mixin.py:190} INFO - [2024-11-11T00:29:26.501+0100] {dag.py:4180} INFO - Setting next_dagrun for tutorial_objectstorage to None, run_after=None
[2024-11-11T00:29:26.521+0100] {processor.py:208} INFO - Processing /home/sakana/anaconda3/envs/airflow_env/lib/python3.8/site-packages/airflow/example_dags/tutorial_objectstorage.py took 0.078 seconds
[2024-11-11T00:30:21.327+0100] {processor.py:186} INFO - Started process (PID=7213) to work on /home/sakana/anaconda3/envs/airflow_env/lib/python3.8/site-packages/airflow/example_dags/tutorial_objectstorage.py
[2024-11-11T00:30:21.331+0100] {processor.py:914} INFO - Processing file /home/sakana/anaconda3/envs/airflow_env/lib/python3.8/site-packages/airflow/example_dags/tutorial_objectstorage.py for tasks to queue
[2024-11-11T00:30:21.333+0100] {logging_mixin.py:190} INFO - [2024-11-11T00:30:21.333+0100] {dagbag.py:588} INFO - Filling up the DagBag from /home/sakana/anaconda3/envs/airflow_env/lib/python3.8/site-packages/airflow/example_dags/tutorial_objectstorage.py
[2024-11-11T00:30:21.343+0100] {processor.py:925} INFO - DAG(s) 'tutorial_objectstorage' retrieved from /home/sakana/anaconda3/envs/airflow_env/lib/python3.8/site-packages/airflow/example_dags/tutorial_objectstorage.py
[2024-11-11T00:30:21.358+0100] {logging_mixin.py:190} INFO - [2024-11-11T00:30:21.357+0100] {dag.py:3239} INFO - Sync 1 DAGs
[2024-11-11T00:30:21.369+0100] {logging_mixin.py:190} INFO - [2024-11-11T00:30:21.369+0100] {dag.py:4180} INFO - Setting next_dagrun for tutorial_objectstorage to None, run_after=None
[2024-11-11T00:30:21.389+0100] {processor.py:208} INFO - Processing /home/sakana/anaconda3/envs/airflow_env/lib/python3.8/site-packages/airflow/example_dags/tutorial_objectstorage.py took 0.069 seconds
[2024-11-11T00:31:18.369+0100] {processor.py:186} INFO - Started process (PID=7291) to work on /home/sakana/anaconda3/envs/airflow_env/lib/python3.8/site-packages/airflow/example_dags/tutorial_objectstorage.py
[2024-11-11T00:31:18.374+0100] {processor.py:914} INFO - Processing file /home/sakana/anaconda3/envs/airflow_env/lib/python3.8/site-packages/airflow/example_dags/tutorial_objectstorage.py for tasks to queue
[2024-11-11T00:31:18.376+0100] {logging_mixin.py:190} INFO - [2024-11-11T00:31:18.376+0100] {dagbag.py:588} INFO - Filling up the DagBag from /home/sakana/anaconda3/envs/airflow_env/lib/python3.8/site-packages/airflow/example_dags/tutorial_objectstorage.py
[2024-11-11T00:31:18.389+0100] {processor.py:925} INFO - DAG(s) 'tutorial_objectstorage' retrieved from /home/sakana/anaconda3/envs/airflow_env/lib/python3.8/site-packages/airflow/example_dags/tutorial_objectstorage.py
[2024-11-11T00:31:18.407+0100] {logging_mixin.py:190} INFO - [2024-11-11T00:31:18.407+0100] {dag.py:3239} INFO - Sync 1 DAGs
[2024-11-11T00:31:18.419+0100] {logging_mixin.py:190} INFO - [2024-11-11T00:31:18.419+0100] {dag.py:4180} INFO - Setting next_dagrun for tutorial_objectstorage to None, run_after=None
[2024-11-11T00:31:18.436+0100] {processor.py:208} INFO - Processing /home/sakana/anaconda3/envs/airflow_env/lib/python3.8/site-packages/airflow/example_dags/tutorial_objectstorage.py took 0.075 seconds
[2024-11-11T00:32:12.209+0100] {processor.py:186} INFO - Started process (PID=7364) to work on /home/sakana/anaconda3/envs/airflow_env/lib/python3.8/site-packages/airflow/example_dags/tutorial_objectstorage.py
[2024-11-11T00:32:12.214+0100] {processor.py:914} INFO - Processing file /home/sakana/anaconda3/envs/airflow_env/lib/python3.8/site-packages/airflow/example_dags/tutorial_objectstorage.py for tasks to queue
[2024-11-11T00:32:12.220+0100] {logging_mixin.py:190} INFO - [2024-11-11T00:32:12.219+0100] {dagbag.py:588} INFO - Filling up the DagBag from /home/sakana/anaconda3/envs/airflow_env/lib/python3.8/site-packages/airflow/example_dags/tutorial_objectstorage.py
[2024-11-11T00:32:12.242+0100] {processor.py:925} INFO - DAG(s) 'tutorial_objectstorage' retrieved from /home/sakana/anaconda3/envs/airflow_env/lib/python3.8/site-packages/airflow/example_dags/tutorial_objectstorage.py
[2024-11-11T00:32:12.257+0100] {logging_mixin.py:190} INFO - [2024-11-11T00:32:12.257+0100] {dag.py:3239} INFO - Sync 1 DAGs
[2024-11-11T00:32:12.269+0100] {logging_mixin.py:190} INFO - [2024-11-11T00:32:12.269+0100] {dag.py:4180} INFO - Setting next_dagrun for tutorial_objectstorage to None, run_after=None
[2024-11-11T00:32:12.290+0100] {processor.py:208} INFO - Processing /home/sakana/anaconda3/envs/airflow_env/lib/python3.8/site-packages/airflow/example_dags/tutorial_objectstorage.py took 0.089 seconds
[2024-11-11T00:33:08.227+0100] {processor.py:186} INFO - Started process (PID=7441) to work on /home/sakana/anaconda3/envs/airflow_env/lib/python3.8/site-packages/airflow/example_dags/tutorial_objectstorage.py
[2024-11-11T00:33:08.232+0100] {processor.py:914} INFO - Processing file /home/sakana/anaconda3/envs/airflow_env/lib/python3.8/site-packages/airflow/example_dags/tutorial_objectstorage.py for tasks to queue
[2024-11-11T00:33:08.234+0100] {logging_mixin.py:190} INFO - [2024-11-11T00:33:08.234+0100] {dagbag.py:588} INFO - Filling up the DagBag from /home/sakana/anaconda3/envs/airflow_env/lib/python3.8/site-packages/airflow/example_dags/tutorial_objectstorage.py
[2024-11-11T00:33:08.244+0100] {processor.py:925} INFO - DAG(s) 'tutorial_objectstorage' retrieved from /home/sakana/anaconda3/envs/airflow_env/lib/python3.8/site-packages/airflow/example_dags/tutorial_objectstorage.py
[2024-11-11T00:33:08.260+0100] {logging_mixin.py:190} INFO - [2024-11-11T00:33:08.260+0100] {dag.py:3239} INFO - Sync 1 DAGs
[2024-11-11T00:33:08.271+0100] {logging_mixin.py:190} INFO - [2024-11-11T00:33:08.271+0100] {dag.py:4180} INFO - Setting next_dagrun for tutorial_objectstorage to None, run_after=None
[2024-11-11T00:33:08.292+0100] {processor.py:208} INFO - Processing /home/sakana/anaconda3/envs/airflow_env/lib/python3.8/site-packages/airflow/example_dags/tutorial_objectstorage.py took 0.072 seconds
[2024-11-11T00:34:05.054+0100] {processor.py:186} INFO - Started process (PID=7539) to work on /home/sakana/anaconda3/envs/airflow_env/lib/python3.8/site-packages/airflow/example_dags/tutorial_objectstorage.py
[2024-11-11T00:34:05.059+0100] {processor.py:914} INFO - Processing file /home/sakana/anaconda3/envs/airflow_env/lib/python3.8/site-packages/airflow/example_dags/tutorial_objectstorage.py for tasks to queue
[2024-11-11T00:34:05.062+0100] {logging_mixin.py:190} INFO - [2024-11-11T00:34:05.062+0100] {dagbag.py:588} INFO - Filling up the DagBag from /home/sakana/anaconda3/envs/airflow_env/lib/python3.8/site-packages/airflow/example_dags/tutorial_objectstorage.py
[2024-11-11T00:34:05.077+0100] {processor.py:925} INFO - DAG(s) 'tutorial_objectstorage' retrieved from /home/sakana/anaconda3/envs/airflow_env/lib/python3.8/site-packages/airflow/example_dags/tutorial_objectstorage.py
[2024-11-11T00:34:05.093+0100] {logging_mixin.py:190} INFO - [2024-11-11T00:34:05.092+0100] {dag.py:3239} INFO - Sync 1 DAGs
[2024-11-11T00:34:05.104+0100] {logging_mixin.py:190} INFO - [2024-11-11T00:34:05.104+0100] {dag.py:4180} INFO - Setting next_dagrun for tutorial_objectstorage to None, run_after=None
[2024-11-11T00:34:05.127+0100] {processor.py:208} INFO - Processing /home/sakana/anaconda3/envs/airflow_env/lib/python3.8/site-packages/airflow/example_dags/tutorial_objectstorage.py took 0.083 seconds
[2024-11-11T00:35:02.018+0100] {processor.py:186} INFO - Started process (PID=7618) to work on /home/sakana/anaconda3/envs/airflow_env/lib/python3.8/site-packages/airflow/example_dags/tutorial_objectstorage.py
[2024-11-11T00:35:02.023+0100] {processor.py:914} INFO - Processing file /home/sakana/anaconda3/envs/airflow_env/lib/python3.8/site-packages/airflow/example_dags/tutorial_objectstorage.py for tasks to queue
[2024-11-11T00:35:02.025+0100] {logging_mixin.py:190} INFO - [2024-11-11T00:35:02.025+0100] {dagbag.py:588} INFO - Filling up the DagBag from /home/sakana/anaconda3/envs/airflow_env/lib/python3.8/site-packages/airflow/example_dags/tutorial_objectstorage.py
[2024-11-11T00:35:02.038+0100] {processor.py:925} INFO - DAG(s) 'tutorial_objectstorage' retrieved from /home/sakana/anaconda3/envs/airflow_env/lib/python3.8/site-packages/airflow/example_dags/tutorial_objectstorage.py
[2024-11-11T00:35:02.054+0100] {logging_mixin.py:190} INFO - [2024-11-11T00:35:02.054+0100] {dag.py:3239} INFO - Sync 1 DAGs
[2024-11-11T00:35:02.066+0100] {logging_mixin.py:190} INFO - [2024-11-11T00:35:02.066+0100] {dag.py:4180} INFO - Setting next_dagrun for tutorial_objectstorage to None, run_after=None
[2024-11-11T00:35:02.087+0100] {processor.py:208} INFO - Processing /home/sakana/anaconda3/envs/airflow_env/lib/python3.8/site-packages/airflow/example_dags/tutorial_objectstorage.py took 0.078 seconds
[2024-11-11T00:35:54.362+0100] {processor.py:186} INFO - Started process (PID=7690) to work on /home/sakana/anaconda3/envs/airflow_env/lib/python3.8/site-packages/airflow/example_dags/tutorial_objectstorage.py
[2024-11-11T00:35:54.367+0100] {processor.py:914} INFO - Processing file /home/sakana/anaconda3/envs/airflow_env/lib/python3.8/site-packages/airflow/example_dags/tutorial_objectstorage.py for tasks to queue
[2024-11-11T00:35:54.369+0100] {logging_mixin.py:190} INFO - [2024-11-11T00:35:54.369+0100] {dagbag.py:588} INFO - Filling up the DagBag from /home/sakana/anaconda3/envs/airflow_env/lib/python3.8/site-packages/airflow/example_dags/tutorial_objectstorage.py
[2024-11-11T00:35:54.379+0100] {processor.py:925} INFO - DAG(s) 'tutorial_objectstorage' retrieved from /home/sakana/anaconda3/envs/airflow_env/lib/python3.8/site-packages/airflow/example_dags/tutorial_objectstorage.py
[2024-11-11T00:35:54.396+0100] {logging_mixin.py:190} INFO - [2024-11-11T00:35:54.396+0100] {dag.py:3239} INFO - Sync 1 DAGs
[2024-11-11T00:35:54.407+0100] {logging_mixin.py:190} INFO - [2024-11-11T00:35:54.407+0100] {dag.py:4180} INFO - Setting next_dagrun for tutorial_objectstorage to None, run_after=None
[2024-11-11T00:35:54.437+0100] {processor.py:208} INFO - Processing /home/sakana/anaconda3/envs/airflow_env/lib/python3.8/site-packages/airflow/example_dags/tutorial_objectstorage.py took 0.083 seconds
[2024-11-11T00:36:51.265+0100] {processor.py:186} INFO - Started process (PID=7758) to work on /home/sakana/anaconda3/envs/airflow_env/lib/python3.8/site-packages/airflow/example_dags/tutorial_objectstorage.py
[2024-11-11T00:36:51.270+0100] {processor.py:914} INFO - Processing file /home/sakana/anaconda3/envs/airflow_env/lib/python3.8/site-packages/airflow/example_dags/tutorial_objectstorage.py for tasks to queue
[2024-11-11T00:36:51.272+0100] {logging_mixin.py:190} INFO - [2024-11-11T00:36:51.272+0100] {dagbag.py:588} INFO - Filling up the DagBag from /home/sakana/anaconda3/envs/airflow_env/lib/python3.8/site-packages/airflow/example_dags/tutorial_objectstorage.py
[2024-11-11T00:36:51.282+0100] {processor.py:925} INFO - DAG(s) 'tutorial_objectstorage' retrieved from /home/sakana/anaconda3/envs/airflow_env/lib/python3.8/site-packages/airflow/example_dags/tutorial_objectstorage.py
[2024-11-11T00:36:51.297+0100] {logging_mixin.py:190} INFO - [2024-11-11T00:36:51.297+0100] {dag.py:3239} INFO - Sync 1 DAGs
[2024-11-11T00:36:51.308+0100] {logging_mixin.py:190} INFO - [2024-11-11T00:36:51.308+0100] {dag.py:4180} INFO - Setting next_dagrun for tutorial_objectstorage to None, run_after=None
[2024-11-11T00:36:51.334+0100] {processor.py:208} INFO - Processing /home/sakana/anaconda3/envs/airflow_env/lib/python3.8/site-packages/airflow/example_dags/tutorial_objectstorage.py took 0.077 seconds
[2024-11-11T00:37:49.132+0100] {processor.py:186} INFO - Started process (PID=7834) to work on /home/sakana/anaconda3/envs/airflow_env/lib/python3.8/site-packages/airflow/example_dags/tutorial_objectstorage.py
[2024-11-11T00:37:49.137+0100] {processor.py:914} INFO - Processing file /home/sakana/anaconda3/envs/airflow_env/lib/python3.8/site-packages/airflow/example_dags/tutorial_objectstorage.py for tasks to queue
[2024-11-11T00:37:49.139+0100] {logging_mixin.py:190} INFO - [2024-11-11T00:37:49.139+0100] {dagbag.py:588} INFO - Filling up the DagBag from /home/sakana/anaconda3/envs/airflow_env/lib/python3.8/site-packages/airflow/example_dags/tutorial_objectstorage.py
[2024-11-11T00:37:49.148+0100] {processor.py:925} INFO - DAG(s) 'tutorial_objectstorage' retrieved from /home/sakana/anaconda3/envs/airflow_env/lib/python3.8/site-packages/airflow/example_dags/tutorial_objectstorage.py
[2024-11-11T00:37:49.163+0100] {logging_mixin.py:190} INFO - [2024-11-11T00:37:49.163+0100] {dag.py:3239} INFO - Sync 1 DAGs
[2024-11-11T00:37:49.177+0100] {logging_mixin.py:190} INFO - [2024-11-11T00:37:49.177+0100] {dag.py:4180} INFO - Setting next_dagrun for tutorial_objectstorage to None, run_after=None
[2024-11-11T00:37:49.209+0100] {processor.py:208} INFO - Processing /home/sakana/anaconda3/envs/airflow_env/lib/python3.8/site-packages/airflow/example_dags/tutorial_objectstorage.py took 0.083 seconds
[2024-11-11T00:38:42.373+0100] {processor.py:186} INFO - Started process (PID=7942) to work on /home/sakana/anaconda3/envs/airflow_env/lib/python3.8/site-packages/airflow/example_dags/tutorial_objectstorage.py
[2024-11-11T00:38:42.377+0100] {processor.py:914} INFO - Processing file /home/sakana/anaconda3/envs/airflow_env/lib/python3.8/site-packages/airflow/example_dags/tutorial_objectstorage.py for tasks to queue
[2024-11-11T00:38:42.380+0100] {logging_mixin.py:190} INFO - [2024-11-11T00:38:42.379+0100] {dagbag.py:588} INFO - Filling up the DagBag from /home/sakana/anaconda3/envs/airflow_env/lib/python3.8/site-packages/airflow/example_dags/tutorial_objectstorage.py
[2024-11-11T00:38:42.389+0100] {processor.py:925} INFO - DAG(s) 'tutorial_objectstorage' retrieved from /home/sakana/anaconda3/envs/airflow_env/lib/python3.8/site-packages/airflow/example_dags/tutorial_objectstorage.py
[2024-11-11T00:38:42.405+0100] {logging_mixin.py:190} INFO - [2024-11-11T00:38:42.405+0100] {dag.py:3239} INFO - Sync 1 DAGs
[2024-11-11T00:38:42.417+0100] {logging_mixin.py:190} INFO - [2024-11-11T00:38:42.417+0100] {dag.py:4180} INFO - Setting next_dagrun for tutorial_objectstorage to None, run_after=None
[2024-11-11T00:38:42.443+0100] {processor.py:208} INFO - Processing /home/sakana/anaconda3/envs/airflow_env/lib/python3.8/site-packages/airflow/example_dags/tutorial_objectstorage.py took 0.077 seconds
[2024-11-11T00:39:39.490+0100] {processor.py:186} INFO - Started process (PID=8079) to work on /home/sakana/anaconda3/envs/airflow_env/lib/python3.8/site-packages/airflow/example_dags/tutorial_objectstorage.py
[2024-11-11T00:39:39.495+0100] {processor.py:914} INFO - Processing file /home/sakana/anaconda3/envs/airflow_env/lib/python3.8/site-packages/airflow/example_dags/tutorial_objectstorage.py for tasks to queue
[2024-11-11T00:39:39.498+0100] {logging_mixin.py:190} INFO - [2024-11-11T00:39:39.497+0100] {dagbag.py:588} INFO - Filling up the DagBag from /home/sakana/anaconda3/envs/airflow_env/lib/python3.8/site-packages/airflow/example_dags/tutorial_objectstorage.py
[2024-11-11T00:39:39.508+0100] {processor.py:925} INFO - DAG(s) 'tutorial_objectstorage' retrieved from /home/sakana/anaconda3/envs/airflow_env/lib/python3.8/site-packages/airflow/example_dags/tutorial_objectstorage.py
[2024-11-11T00:39:39.526+0100] {logging_mixin.py:190} INFO - [2024-11-11T00:39:39.525+0100] {dag.py:3239} INFO - Sync 1 DAGs
[2024-11-11T00:39:39.547+0100] {logging_mixin.py:190} INFO - [2024-11-11T00:39:39.547+0100] {dag.py:4180} INFO - Setting next_dagrun for tutorial_objectstorage to None, run_after=None
[2024-11-11T00:39:39.579+0100] {processor.py:208} INFO - Processing /home/sakana/anaconda3/envs/airflow_env/lib/python3.8/site-packages/airflow/example_dags/tutorial_objectstorage.py took 0.095 seconds
[2024-11-11T00:42:55.147+0100] {processor.py:186} INFO - Started process (PID=8418) to work on /home/sakana/anaconda3/envs/airflow_env/lib/python3.8/site-packages/airflow/example_dags/tutorial_objectstorage.py
[2024-11-11T00:42:55.152+0100] {processor.py:914} INFO - Processing file /home/sakana/anaconda3/envs/airflow_env/lib/python3.8/site-packages/airflow/example_dags/tutorial_objectstorage.py for tasks to queue
[2024-11-11T00:42:55.154+0100] {logging_mixin.py:190} INFO - [2024-11-11T00:42:55.154+0100] {dagbag.py:588} INFO - Filling up the DagBag from /home/sakana/anaconda3/envs/airflow_env/lib/python3.8/site-packages/airflow/example_dags/tutorial_objectstorage.py
[2024-11-11T00:42:55.166+0100] {processor.py:925} INFO - DAG(s) 'tutorial_objectstorage' retrieved from /home/sakana/anaconda3/envs/airflow_env/lib/python3.8/site-packages/airflow/example_dags/tutorial_objectstorage.py
[2024-11-11T00:42:55.193+0100] {logging_mixin.py:190} INFO - [2024-11-11T00:42:55.192+0100] {dag.py:3239} INFO - Sync 1 DAGs
[2024-11-11T00:42:55.214+0100] {logging_mixin.py:190} INFO - [2024-11-11T00:42:55.214+0100] {dag.py:4180} INFO - Setting next_dagrun for tutorial_objectstorage to None, run_after=None
[2024-11-11T00:42:55.236+0100] {processor.py:208} INFO - Processing /home/sakana/anaconda3/envs/airflow_env/lib/python3.8/site-packages/airflow/example_dags/tutorial_objectstorage.py took 0.096 seconds
[2024-11-11T00:45:20.495+0100] {processor.py:186} INFO - Started process (PID=8714) to work on /home/sakana/anaconda3/envs/airflow_env/lib/python3.8/site-packages/airflow/example_dags/tutorial_objectstorage.py
[2024-11-11T00:45:20.501+0100] {processor.py:914} INFO - Processing file /home/sakana/anaconda3/envs/airflow_env/lib/python3.8/site-packages/airflow/example_dags/tutorial_objectstorage.py for tasks to queue
[2024-11-11T00:45:20.504+0100] {logging_mixin.py:190} INFO - [2024-11-11T00:45:20.503+0100] {dagbag.py:588} INFO - Filling up the DagBag from /home/sakana/anaconda3/envs/airflow_env/lib/python3.8/site-packages/airflow/example_dags/tutorial_objectstorage.py
[2024-11-11T00:45:20.521+0100] {processor.py:925} INFO - DAG(s) 'tutorial_objectstorage' retrieved from /home/sakana/anaconda3/envs/airflow_env/lib/python3.8/site-packages/airflow/example_dags/tutorial_objectstorage.py
[2024-11-11T00:45:20.553+0100] {logging_mixin.py:190} INFO - [2024-11-11T00:45:20.553+0100] {dag.py:3239} INFO - Sync 1 DAGs
[2024-11-11T00:45:20.570+0100] {logging_mixin.py:190} INFO - [2024-11-11T00:45:20.570+0100] {dag.py:4180} INFO - Setting next_dagrun for tutorial_objectstorage to None, run_after=None
[2024-11-11T00:45:20.594+0100] {processor.py:208} INFO - Processing /home/sakana/anaconda3/envs/airflow_env/lib/python3.8/site-packages/airflow/example_dags/tutorial_objectstorage.py took 0.109 seconds
[2024-11-11T00:46:18.747+0100] {processor.py:186} INFO - Started process (PID=8835) to work on /home/sakana/anaconda3/envs/airflow_env/lib/python3.8/site-packages/airflow/example_dags/tutorial_objectstorage.py
[2024-11-11T00:46:18.752+0100] {processor.py:914} INFO - Processing file /home/sakana/anaconda3/envs/airflow_env/lib/python3.8/site-packages/airflow/example_dags/tutorial_objectstorage.py for tasks to queue
[2024-11-11T00:46:18.755+0100] {logging_mixin.py:190} INFO - [2024-11-11T00:46:18.754+0100] {dagbag.py:588} INFO - Filling up the DagBag from /home/sakana/anaconda3/envs/airflow_env/lib/python3.8/site-packages/airflow/example_dags/tutorial_objectstorage.py
[2024-11-11T00:46:18.766+0100] {processor.py:925} INFO - DAG(s) 'tutorial_objectstorage' retrieved from /home/sakana/anaconda3/envs/airflow_env/lib/python3.8/site-packages/airflow/example_dags/tutorial_objectstorage.py
[2024-11-11T00:46:18.784+0100] {logging_mixin.py:190} INFO - [2024-11-11T00:46:18.784+0100] {dag.py:3239} INFO - Sync 1 DAGs
[2024-11-11T00:46:18.799+0100] {logging_mixin.py:190} INFO - [2024-11-11T00:46:18.798+0100] {dag.py:4180} INFO - Setting next_dagrun for tutorial_objectstorage to None, run_after=None
[2024-11-11T00:46:18.824+0100] {processor.py:208} INFO - Processing /home/sakana/anaconda3/envs/airflow_env/lib/python3.8/site-packages/airflow/example_dags/tutorial_objectstorage.py took 0.084 seconds
[2024-11-11T00:47:13.318+0100] {processor.py:186} INFO - Started process (PID=8916) to work on /home/sakana/anaconda3/envs/airflow_env/lib/python3.8/site-packages/airflow/example_dags/tutorial_objectstorage.py
[2024-11-11T00:47:13.319+0100] {processor.py:914} INFO - Processing file /home/sakana/anaconda3/envs/airflow_env/lib/python3.8/site-packages/airflow/example_dags/tutorial_objectstorage.py for tasks to queue
[2024-11-11T00:47:13.321+0100] {logging_mixin.py:190} INFO - [2024-11-11T00:47:13.320+0100] {dagbag.py:588} INFO - Filling up the DagBag from /home/sakana/anaconda3/envs/airflow_env/lib/python3.8/site-packages/airflow/example_dags/tutorial_objectstorage.py
[2024-11-11T00:47:13.332+0100] {processor.py:925} INFO - DAG(s) 'tutorial_objectstorage' retrieved from /home/sakana/anaconda3/envs/airflow_env/lib/python3.8/site-packages/airflow/example_dags/tutorial_objectstorage.py
[2024-11-11T00:47:13.350+0100] {logging_mixin.py:190} INFO - [2024-11-11T00:47:13.349+0100] {dag.py:3239} INFO - Sync 1 DAGs
[2024-11-11T00:47:13.364+0100] {logging_mixin.py:190} INFO - [2024-11-11T00:47:13.364+0100] {dag.py:4180} INFO - Setting next_dagrun for tutorial_objectstorage to None, run_after=None
[2024-11-11T00:47:13.386+0100] {processor.py:208} INFO - Processing /home/sakana/anaconda3/envs/airflow_env/lib/python3.8/site-packages/airflow/example_dags/tutorial_objectstorage.py took 0.076 seconds
[2024-11-11T00:48:10.458+0100] {processor.py:186} INFO - Started process (PID=9006) to work on /home/sakana/anaconda3/envs/airflow_env/lib/python3.8/site-packages/airflow/example_dags/tutorial_objectstorage.py
[2024-11-11T00:48:10.463+0100] {processor.py:914} INFO - Processing file /home/sakana/anaconda3/envs/airflow_env/lib/python3.8/site-packages/airflow/example_dags/tutorial_objectstorage.py for tasks to queue
[2024-11-11T00:48:10.467+0100] {logging_mixin.py:190} INFO - [2024-11-11T00:48:10.466+0100] {dagbag.py:588} INFO - Filling up the DagBag from /home/sakana/anaconda3/envs/airflow_env/lib/python3.8/site-packages/airflow/example_dags/tutorial_objectstorage.py
[2024-11-11T00:48:10.481+0100] {processor.py:925} INFO - DAG(s) 'tutorial_objectstorage' retrieved from /home/sakana/anaconda3/envs/airflow_env/lib/python3.8/site-packages/airflow/example_dags/tutorial_objectstorage.py
[2024-11-11T00:48:10.498+0100] {logging_mixin.py:190} INFO - [2024-11-11T00:48:10.497+0100] {dag.py:3239} INFO - Sync 1 DAGs
[2024-11-11T00:48:10.509+0100] {logging_mixin.py:190} INFO - [2024-11-11T00:48:10.509+0100] {dag.py:4180} INFO - Setting next_dagrun for tutorial_objectstorage to None, run_after=None
[2024-11-11T00:48:10.556+0100] {processor.py:208} INFO - Processing /home/sakana/anaconda3/envs/airflow_env/lib/python3.8/site-packages/airflow/example_dags/tutorial_objectstorage.py took 0.107 seconds
[2024-11-11T00:49:07.706+0100] {processor.py:186} INFO - Started process (PID=9134) to work on /home/sakana/anaconda3/envs/airflow_env/lib/python3.8/site-packages/airflow/example_dags/tutorial_objectstorage.py
[2024-11-11T00:49:07.707+0100] {processor.py:914} INFO - Processing file /home/sakana/anaconda3/envs/airflow_env/lib/python3.8/site-packages/airflow/example_dags/tutorial_objectstorage.py for tasks to queue
[2024-11-11T00:49:07.710+0100] {logging_mixin.py:190} INFO - [2024-11-11T00:49:07.709+0100] {dagbag.py:588} INFO - Filling up the DagBag from /home/sakana/anaconda3/envs/airflow_env/lib/python3.8/site-packages/airflow/example_dags/tutorial_objectstorage.py
[2024-11-11T00:49:07.722+0100] {processor.py:925} INFO - DAG(s) 'tutorial_objectstorage' retrieved from /home/sakana/anaconda3/envs/airflow_env/lib/python3.8/site-packages/airflow/example_dags/tutorial_objectstorage.py
[2024-11-11T00:49:07.736+0100] {logging_mixin.py:190} INFO - [2024-11-11T00:49:07.736+0100] {dag.py:3239} INFO - Sync 1 DAGs
[2024-11-11T00:49:07.748+0100] {logging_mixin.py:190} INFO - [2024-11-11T00:49:07.748+0100] {dag.py:4180} INFO - Setting next_dagrun for tutorial_objectstorage to None, run_after=None
[2024-11-11T00:49:07.769+0100] {processor.py:208} INFO - Processing /home/sakana/anaconda3/envs/airflow_env/lib/python3.8/site-packages/airflow/example_dags/tutorial_objectstorage.py took 0.072 seconds
[2024-11-11T00:50:06.133+0100] {processor.py:186} INFO - Started process (PID=9457) to work on /home/sakana/anaconda3/envs/airflow_env/lib/python3.8/site-packages/airflow/example_dags/tutorial_objectstorage.py
[2024-11-11T00:50:06.138+0100] {processor.py:914} INFO - Processing file /home/sakana/anaconda3/envs/airflow_env/lib/python3.8/site-packages/airflow/example_dags/tutorial_objectstorage.py for tasks to queue
[2024-11-11T00:50:06.142+0100] {logging_mixin.py:190} INFO - [2024-11-11T00:50:06.141+0100] {dagbag.py:588} INFO - Filling up the DagBag from /home/sakana/anaconda3/envs/airflow_env/lib/python3.8/site-packages/airflow/example_dags/tutorial_objectstorage.py
[2024-11-11T00:50:06.154+0100] {processor.py:925} INFO - DAG(s) 'tutorial_objectstorage' retrieved from /home/sakana/anaconda3/envs/airflow_env/lib/python3.8/site-packages/airflow/example_dags/tutorial_objectstorage.py
[2024-11-11T00:50:06.174+0100] {logging_mixin.py:190} INFO - [2024-11-11T00:50:06.174+0100] {dag.py:3239} INFO - Sync 1 DAGs
[2024-11-11T00:50:06.189+0100] {logging_mixin.py:190} INFO - [2024-11-11T00:50:06.188+0100] {dag.py:4180} INFO - Setting next_dagrun for tutorial_objectstorage to None, run_after=None
[2024-11-11T00:50:06.211+0100] {processor.py:208} INFO - Processing /home/sakana/anaconda3/envs/airflow_env/lib/python3.8/site-packages/airflow/example_dags/tutorial_objectstorage.py took 0.084 seconds
[2024-11-11T00:51:06.483+0100] {processor.py:186} INFO - Started process (PID=9538) to work on /home/sakana/anaconda3/envs/airflow_env/lib/python3.8/site-packages/airflow/example_dags/tutorial_objectstorage.py
[2024-11-11T00:51:06.488+0100] {processor.py:914} INFO - Processing file /home/sakana/anaconda3/envs/airflow_env/lib/python3.8/site-packages/airflow/example_dags/tutorial_objectstorage.py for tasks to queue
[2024-11-11T00:51:06.491+0100] {logging_mixin.py:190} INFO - [2024-11-11T00:51:06.490+0100] {dagbag.py:588} INFO - Filling up the DagBag from /home/sakana/anaconda3/envs/airflow_env/lib/python3.8/site-packages/airflow/example_dags/tutorial_objectstorage.py
[2024-11-11T00:51:06.502+0100] {processor.py:925} INFO - DAG(s) 'tutorial_objectstorage' retrieved from /home/sakana/anaconda3/envs/airflow_env/lib/python3.8/site-packages/airflow/example_dags/tutorial_objectstorage.py
[2024-11-11T00:51:06.518+0100] {logging_mixin.py:190} INFO - [2024-11-11T00:51:06.518+0100] {dag.py:3239} INFO - Sync 1 DAGs
[2024-11-11T00:51:06.533+0100] {logging_mixin.py:190} INFO - [2024-11-11T00:51:06.533+0100] {dag.py:4180} INFO - Setting next_dagrun for tutorial_objectstorage to None, run_after=None
[2024-11-11T00:51:06.557+0100] {processor.py:208} INFO - Processing /home/sakana/anaconda3/envs/airflow_env/lib/python3.8/site-packages/airflow/example_dags/tutorial_objectstorage.py took 0.082 seconds
[2024-11-11T00:52:03.250+0100] {processor.py:186} INFO - Started process (PID=9639) to work on /home/sakana/anaconda3/envs/airflow_env/lib/python3.8/site-packages/airflow/example_dags/tutorial_objectstorage.py
[2024-11-11T00:52:03.256+0100] {processor.py:914} INFO - Processing file /home/sakana/anaconda3/envs/airflow_env/lib/python3.8/site-packages/airflow/example_dags/tutorial_objectstorage.py for tasks to queue
[2024-11-11T00:52:03.259+0100] {logging_mixin.py:190} INFO - [2024-11-11T00:52:03.258+0100] {dagbag.py:588} INFO - Filling up the DagBag from /home/sakana/anaconda3/envs/airflow_env/lib/python3.8/site-packages/airflow/example_dags/tutorial_objectstorage.py
[2024-11-11T00:52:03.269+0100] {processor.py:925} INFO - DAG(s) 'tutorial_objectstorage' retrieved from /home/sakana/anaconda3/envs/airflow_env/lib/python3.8/site-packages/airflow/example_dags/tutorial_objectstorage.py
[2024-11-11T00:52:03.291+0100] {logging_mixin.py:190} INFO - [2024-11-11T00:52:03.291+0100] {dag.py:3239} INFO - Sync 1 DAGs
[2024-11-11T00:52:03.308+0100] {logging_mixin.py:190} INFO - [2024-11-11T00:52:03.307+0100] {dag.py:4180} INFO - Setting next_dagrun for tutorial_objectstorage to None, run_after=None
[2024-11-11T00:52:03.332+0100] {processor.py:208} INFO - Processing /home/sakana/anaconda3/envs/airflow_env/lib/python3.8/site-packages/airflow/example_dags/tutorial_objectstorage.py took 0.091 seconds
[2024-11-11T00:53:01.207+0100] {processor.py:186} INFO - Started process (PID=9839) to work on /home/sakana/anaconda3/envs/airflow_env/lib/python3.8/site-packages/airflow/example_dags/tutorial_objectstorage.py
[2024-11-11T00:53:01.212+0100] {processor.py:914} INFO - Processing file /home/sakana/anaconda3/envs/airflow_env/lib/python3.8/site-packages/airflow/example_dags/tutorial_objectstorage.py for tasks to queue
[2024-11-11T00:53:01.215+0100] {logging_mixin.py:190} INFO - [2024-11-11T00:53:01.215+0100] {dagbag.py:588} INFO - Filling up the DagBag from /home/sakana/anaconda3/envs/airflow_env/lib/python3.8/site-packages/airflow/example_dags/tutorial_objectstorage.py
[2024-11-11T00:53:01.225+0100] {processor.py:925} INFO - DAG(s) 'tutorial_objectstorage' retrieved from /home/sakana/anaconda3/envs/airflow_env/lib/python3.8/site-packages/airflow/example_dags/tutorial_objectstorage.py
[2024-11-11T00:53:01.244+0100] {logging_mixin.py:190} INFO - [2024-11-11T00:53:01.243+0100] {dag.py:3239} INFO - Sync 1 DAGs
[2024-11-11T00:53:01.258+0100] {logging_mixin.py:190} INFO - [2024-11-11T00:53:01.257+0100] {dag.py:4180} INFO - Setting next_dagrun for tutorial_objectstorage to None, run_after=None
[2024-11-11T00:53:01.286+0100] {processor.py:208} INFO - Processing /home/sakana/anaconda3/envs/airflow_env/lib/python3.8/site-packages/airflow/example_dags/tutorial_objectstorage.py took 0.086 seconds
[2024-11-11T00:54:00.141+0100] {processor.py:186} INFO - Started process (PID=9916) to work on /home/sakana/anaconda3/envs/airflow_env/lib/python3.8/site-packages/airflow/example_dags/tutorial_objectstorage.py
[2024-11-11T00:54:00.147+0100] {processor.py:914} INFO - Processing file /home/sakana/anaconda3/envs/airflow_env/lib/python3.8/site-packages/airflow/example_dags/tutorial_objectstorage.py for tasks to queue
[2024-11-11T00:54:00.149+0100] {logging_mixin.py:190} INFO - [2024-11-11T00:54:00.148+0100] {dagbag.py:588} INFO - Filling up the DagBag from /home/sakana/anaconda3/envs/airflow_env/lib/python3.8/site-packages/airflow/example_dags/tutorial_objectstorage.py
[2024-11-11T00:54:00.157+0100] {processor.py:925} INFO - DAG(s) 'tutorial_objectstorage' retrieved from /home/sakana/anaconda3/envs/airflow_env/lib/python3.8/site-packages/airflow/example_dags/tutorial_objectstorage.py
[2024-11-11T00:54:00.171+0100] {logging_mixin.py:190} INFO - [2024-11-11T00:54:00.171+0100] {dag.py:3239} INFO - Sync 1 DAGs
[2024-11-11T00:54:00.183+0100] {logging_mixin.py:190} INFO - [2024-11-11T00:54:00.182+0100] {dag.py:4180} INFO - Setting next_dagrun for tutorial_objectstorage to None, run_after=None
[2024-11-11T00:54:00.229+0100] {processor.py:208} INFO - Processing /home/sakana/anaconda3/envs/airflow_env/lib/python3.8/site-packages/airflow/example_dags/tutorial_objectstorage.py took 0.095 seconds
