[2024-11-11T00:25:30.507+0100] {processor.py:186} INFO - Started process (PID=6627) to work on /home/sakana/anaconda3/envs/airflow_env/lib/python3.8/site-packages/airflow/example_dags/tutorial.py
[2024-11-11T00:25:30.507+0100] {processor.py:914} INFO - Processing file /home/sakana/anaconda3/envs/airflow_env/lib/python3.8/site-packages/airflow/example_dags/tutorial.py for tasks to queue
[2024-11-11T00:25:30.510+0100] {logging_mixin.py:190} INFO - [2024-11-11T00:25:30.509+0100] {dagbag.py:588} INFO - Filling up the DagBag from /home/sakana/anaconda3/envs/airflow_env/lib/python3.8/site-packages/airflow/example_dags/tutorial.py
[2024-11-11T00:25:30.517+0100] {processor.py:925} INFO - DAG(s) 'tutorial' retrieved from /home/sakana/anaconda3/envs/airflow_env/lib/python3.8/site-packages/airflow/example_dags/tutorial.py
[2024-11-11T00:25:30.638+0100] {logging_mixin.py:190} INFO - [2024-11-11T00:25:30.636+0100] {override.py:1901} INFO - Created Permission View: can edit on DAG:tutorial
[2024-11-11T00:25:30.667+0100] {logging_mixin.py:190} INFO - [2024-11-11T00:25:30.666+0100] {override.py:1901} INFO - Created Permission View: can read on DAG:tutorial
[2024-11-11T00:25:30.685+0100] {logging_mixin.py:190} INFO - [2024-11-11T00:25:30.683+0100] {override.py:1901} INFO - Created Permission View: can delete on DAG:tutorial
[2024-11-11T00:25:30.726+0100] {logging_mixin.py:190} INFO - [2024-11-11T00:25:30.725+0100] {override.py:1901} INFO - Created Permission View: can create on DAG Run:tutorial
[2024-11-11T00:25:30.754+0100] {logging_mixin.py:190} INFO - [2024-11-11T00:25:30.753+0100] {override.py:1901} INFO - Created Permission View: can read on DAG Run:tutorial
[2024-11-11T00:25:30.771+0100] {logging_mixin.py:190} INFO - [2024-11-11T00:25:30.770+0100] {override.py:1901} INFO - Created Permission View: can delete on DAG Run:tutorial
[2024-11-11T00:25:30.789+0100] {logging_mixin.py:190} INFO - [2024-11-11T00:25:30.787+0100] {override.py:1901} INFO - Created Permission View: menu access on DAG Run:tutorial
[2024-11-11T00:25:30.790+0100] {logging_mixin.py:190} INFO - [2024-11-11T00:25:30.790+0100] {dag.py:3239} INFO - Sync 1 DAGs
[2024-11-11T00:25:30.818+0100] {logging_mixin.py:190} INFO - [2024-11-11T00:25:30.818+0100] {dag.py:3262} INFO - Creating ORM DAG for tutorial
[2024-11-11T00:25:30.827+0100] {logging_mixin.py:190} INFO - [2024-11-11T00:25:30.827+0100] {dag.py:4180} INFO - Setting next_dagrun for tutorial to 2024-11-09 00:00:00+00:00, run_after=2024-11-10 00:00:00+00:00
[2024-11-11T00:25:30.856+0100] {processor.py:208} INFO - Processing /home/sakana/anaconda3/envs/airflow_env/lib/python3.8/site-packages/airflow/example_dags/tutorial.py took 0.355 seconds
[2024-11-11T00:26:43.351+0100] {processor.py:186} INFO - Started process (PID=6880) to work on /home/sakana/anaconda3/envs/airflow_env/lib/python3.8/site-packages/airflow/example_dags/tutorial.py
[2024-11-11T00:26:43.356+0100] {processor.py:914} INFO - Processing file /home/sakana/anaconda3/envs/airflow_env/lib/python3.8/site-packages/airflow/example_dags/tutorial.py for tasks to queue
[2024-11-11T00:26:43.358+0100] {logging_mixin.py:190} INFO - [2024-11-11T00:26:43.358+0100] {dagbag.py:588} INFO - Filling up the DagBag from /home/sakana/anaconda3/envs/airflow_env/lib/python3.8/site-packages/airflow/example_dags/tutorial.py
[2024-11-11T00:26:43.366+0100] {processor.py:925} INFO - DAG(s) 'tutorial' retrieved from /home/sakana/anaconda3/envs/airflow_env/lib/python3.8/site-packages/airflow/example_dags/tutorial.py
[2024-11-11T00:26:43.381+0100] {logging_mixin.py:190} INFO - [2024-11-11T00:26:43.381+0100] {dag.py:3239} INFO - Sync 1 DAGs
[2024-11-11T00:26:43.399+0100] {logging_mixin.py:190} INFO - [2024-11-11T00:26:43.399+0100] {dag.py:4180} INFO - Setting next_dagrun for tutorial to 2024-11-09 00:00:00+00:00, run_after=2024-11-10 00:00:00+00:00
[2024-11-11T00:26:43.423+0100] {processor.py:208} INFO - Processing /home/sakana/anaconda3/envs/airflow_env/lib/python3.8/site-packages/airflow/example_dags/tutorial.py took 0.078 seconds
[2024-11-11T00:27:39.083+0100] {processor.py:186} INFO - Started process (PID=6958) to work on /home/sakana/anaconda3/envs/airflow_env/lib/python3.8/site-packages/airflow/example_dags/tutorial.py
[2024-11-11T00:27:39.088+0100] {processor.py:914} INFO - Processing file /home/sakana/anaconda3/envs/airflow_env/lib/python3.8/site-packages/airflow/example_dags/tutorial.py for tasks to queue
[2024-11-11T00:27:39.094+0100] {logging_mixin.py:190} INFO - [2024-11-11T00:27:39.093+0100] {dagbag.py:588} INFO - Filling up the DagBag from /home/sakana/anaconda3/envs/airflow_env/lib/python3.8/site-packages/airflow/example_dags/tutorial.py
[2024-11-11T00:27:39.114+0100] {processor.py:925} INFO - DAG(s) 'tutorial' retrieved from /home/sakana/anaconda3/envs/airflow_env/lib/python3.8/site-packages/airflow/example_dags/tutorial.py
[2024-11-11T00:27:39.131+0100] {logging_mixin.py:190} INFO - [2024-11-11T00:27:39.131+0100] {dag.py:3239} INFO - Sync 1 DAGs
[2024-11-11T00:27:39.154+0100] {logging_mixin.py:190} INFO - [2024-11-11T00:27:39.153+0100] {dag.py:4180} INFO - Setting next_dagrun for tutorial to 2024-11-09 00:00:00+00:00, run_after=2024-11-10 00:00:00+00:00
[2024-11-11T00:27:39.170+0100] {processor.py:208} INFO - Processing /home/sakana/anaconda3/envs/airflow_env/lib/python3.8/site-packages/airflow/example_dags/tutorial.py took 0.093 seconds
[2024-11-11T00:28:33.461+0100] {processor.py:186} INFO - Started process (PID=7054) to work on /home/sakana/anaconda3/envs/airflow_env/lib/python3.8/site-packages/airflow/example_dags/tutorial.py
[2024-11-11T00:28:33.466+0100] {processor.py:914} INFO - Processing file /home/sakana/anaconda3/envs/airflow_env/lib/python3.8/site-packages/airflow/example_dags/tutorial.py for tasks to queue
[2024-11-11T00:28:33.468+0100] {logging_mixin.py:190} INFO - [2024-11-11T00:28:33.468+0100] {dagbag.py:588} INFO - Filling up the DagBag from /home/sakana/anaconda3/envs/airflow_env/lib/python3.8/site-packages/airflow/example_dags/tutorial.py
[2024-11-11T00:28:33.477+0100] {processor.py:925} INFO - DAG(s) 'tutorial' retrieved from /home/sakana/anaconda3/envs/airflow_env/lib/python3.8/site-packages/airflow/example_dags/tutorial.py
[2024-11-11T00:28:33.492+0100] {logging_mixin.py:190} INFO - [2024-11-11T00:28:33.492+0100] {dag.py:3239} INFO - Sync 1 DAGs
[2024-11-11T00:28:33.510+0100] {logging_mixin.py:190} INFO - [2024-11-11T00:28:33.510+0100] {dag.py:4180} INFO - Setting next_dagrun for tutorial to 2024-11-09 00:00:00+00:00, run_after=2024-11-10 00:00:00+00:00
[2024-11-11T00:28:33.528+0100] {processor.py:208} INFO - Processing /home/sakana/anaconda3/envs/airflow_env/lib/python3.8/site-packages/airflow/example_dags/tutorial.py took 0.076 seconds
[2024-11-11T00:29:28.754+0100] {processor.py:186} INFO - Started process (PID=7135) to work on /home/sakana/anaconda3/envs/airflow_env/lib/python3.8/site-packages/airflow/example_dags/tutorial.py
[2024-11-11T00:29:28.759+0100] {processor.py:914} INFO - Processing file /home/sakana/anaconda3/envs/airflow_env/lib/python3.8/site-packages/airflow/example_dags/tutorial.py for tasks to queue
[2024-11-11T00:29:28.760+0100] {logging_mixin.py:190} INFO - [2024-11-11T00:29:28.760+0100] {dagbag.py:588} INFO - Filling up the DagBag from /home/sakana/anaconda3/envs/airflow_env/lib/python3.8/site-packages/airflow/example_dags/tutorial.py
[2024-11-11T00:29:28.768+0100] {processor.py:925} INFO - DAG(s) 'tutorial' retrieved from /home/sakana/anaconda3/envs/airflow_env/lib/python3.8/site-packages/airflow/example_dags/tutorial.py
[2024-11-11T00:29:28.783+0100] {logging_mixin.py:190} INFO - [2024-11-11T00:29:28.782+0100] {dag.py:3239} INFO - Sync 1 DAGs
[2024-11-11T00:29:28.800+0100] {logging_mixin.py:190} INFO - [2024-11-11T00:29:28.800+0100] {dag.py:4180} INFO - Setting next_dagrun for tutorial to 2024-11-09 00:00:00+00:00, run_after=2024-11-10 00:00:00+00:00
[2024-11-11T00:29:28.820+0100] {processor.py:208} INFO - Processing /home/sakana/anaconda3/envs/airflow_env/lib/python3.8/site-packages/airflow/example_dags/tutorial.py took 0.073 seconds
[2024-11-11T00:30:23.408+0100] {processor.py:186} INFO - Started process (PID=7218) to work on /home/sakana/anaconda3/envs/airflow_env/lib/python3.8/site-packages/airflow/example_dags/tutorial.py
[2024-11-11T00:30:23.413+0100] {processor.py:914} INFO - Processing file /home/sakana/anaconda3/envs/airflow_env/lib/python3.8/site-packages/airflow/example_dags/tutorial.py for tasks to queue
[2024-11-11T00:30:23.415+0100] {logging_mixin.py:190} INFO - [2024-11-11T00:30:23.414+0100] {dagbag.py:588} INFO - Filling up the DagBag from /home/sakana/anaconda3/envs/airflow_env/lib/python3.8/site-packages/airflow/example_dags/tutorial.py
[2024-11-11T00:30:23.423+0100] {processor.py:925} INFO - DAG(s) 'tutorial' retrieved from /home/sakana/anaconda3/envs/airflow_env/lib/python3.8/site-packages/airflow/example_dags/tutorial.py
[2024-11-11T00:30:23.439+0100] {logging_mixin.py:190} INFO - [2024-11-11T00:30:23.439+0100] {dag.py:3239} INFO - Sync 1 DAGs
[2024-11-11T00:30:23.458+0100] {logging_mixin.py:190} INFO - [2024-11-11T00:30:23.458+0100] {dag.py:4180} INFO - Setting next_dagrun for tutorial to 2024-11-09 00:00:00+00:00, run_after=2024-11-10 00:00:00+00:00
[2024-11-11T00:30:23.476+0100] {processor.py:208} INFO - Processing /home/sakana/anaconda3/envs/airflow_env/lib/python3.8/site-packages/airflow/example_dags/tutorial.py took 0.075 seconds
[2024-11-11T00:31:20.346+0100] {processor.py:186} INFO - Started process (PID=7294) to work on /home/sakana/anaconda3/envs/airflow_env/lib/python3.8/site-packages/airflow/example_dags/tutorial.py
[2024-11-11T00:31:20.351+0100] {processor.py:914} INFO - Processing file /home/sakana/anaconda3/envs/airflow_env/lib/python3.8/site-packages/airflow/example_dags/tutorial.py for tasks to queue
[2024-11-11T00:31:20.359+0100] {logging_mixin.py:190} INFO - [2024-11-11T00:31:20.357+0100] {dagbag.py:588} INFO - Filling up the DagBag from /home/sakana/anaconda3/envs/airflow_env/lib/python3.8/site-packages/airflow/example_dags/tutorial.py
[2024-11-11T00:31:20.378+0100] {processor.py:925} INFO - DAG(s) 'tutorial' retrieved from /home/sakana/anaconda3/envs/airflow_env/lib/python3.8/site-packages/airflow/example_dags/tutorial.py
[2024-11-11T00:31:20.395+0100] {logging_mixin.py:190} INFO - [2024-11-11T00:31:20.395+0100] {dag.py:3239} INFO - Sync 1 DAGs
[2024-11-11T00:31:20.414+0100] {logging_mixin.py:190} INFO - [2024-11-11T00:31:20.413+0100] {dag.py:4180} INFO - Setting next_dagrun for tutorial to 2024-11-09 00:00:00+00:00, run_after=2024-11-10 00:00:00+00:00
[2024-11-11T00:31:20.435+0100] {processor.py:208} INFO - Processing /home/sakana/anaconda3/envs/airflow_env/lib/python3.8/site-packages/airflow/example_dags/tutorial.py took 0.097 seconds
[2024-11-11T00:32:14.514+0100] {processor.py:186} INFO - Started process (PID=7366) to work on /home/sakana/anaconda3/envs/airflow_env/lib/python3.8/site-packages/airflow/example_dags/tutorial.py
[2024-11-11T00:32:14.519+0100] {processor.py:914} INFO - Processing file /home/sakana/anaconda3/envs/airflow_env/lib/python3.8/site-packages/airflow/example_dags/tutorial.py for tasks to queue
[2024-11-11T00:32:14.521+0100] {logging_mixin.py:190} INFO - [2024-11-11T00:32:14.520+0100] {dagbag.py:588} INFO - Filling up the DagBag from /home/sakana/anaconda3/envs/airflow_env/lib/python3.8/site-packages/airflow/example_dags/tutorial.py
[2024-11-11T00:32:14.529+0100] {processor.py:925} INFO - DAG(s) 'tutorial' retrieved from /home/sakana/anaconda3/envs/airflow_env/lib/python3.8/site-packages/airflow/example_dags/tutorial.py
[2024-11-11T00:32:14.544+0100] {logging_mixin.py:190} INFO - [2024-11-11T00:32:14.543+0100] {dag.py:3239} INFO - Sync 1 DAGs
[2024-11-11T00:32:14.561+0100] {logging_mixin.py:190} INFO - [2024-11-11T00:32:14.561+0100] {dag.py:4180} INFO - Setting next_dagrun for tutorial to 2024-11-09 00:00:00+00:00, run_after=2024-11-10 00:00:00+00:00
[2024-11-11T00:32:14.578+0100] {processor.py:208} INFO - Processing /home/sakana/anaconda3/envs/airflow_env/lib/python3.8/site-packages/airflow/example_dags/tutorial.py took 0.070 seconds
[2024-11-11T00:33:10.279+0100] {processor.py:186} INFO - Started process (PID=7455) to work on /home/sakana/anaconda3/envs/airflow_env/lib/python3.8/site-packages/airflow/example_dags/tutorial.py
[2024-11-11T00:33:10.284+0100] {processor.py:914} INFO - Processing file /home/sakana/anaconda3/envs/airflow_env/lib/python3.8/site-packages/airflow/example_dags/tutorial.py for tasks to queue
[2024-11-11T00:33:10.290+0100] {logging_mixin.py:190} INFO - [2024-11-11T00:33:10.289+0100] {dagbag.py:588} INFO - Filling up the DagBag from /home/sakana/anaconda3/envs/airflow_env/lib/python3.8/site-packages/airflow/example_dags/tutorial.py
[2024-11-11T00:33:10.313+0100] {processor.py:925} INFO - DAG(s) 'tutorial' retrieved from /home/sakana/anaconda3/envs/airflow_env/lib/python3.8/site-packages/airflow/example_dags/tutorial.py
[2024-11-11T00:33:10.333+0100] {logging_mixin.py:190} INFO - [2024-11-11T00:33:10.333+0100] {dag.py:3239} INFO - Sync 1 DAGs
[2024-11-11T00:33:10.355+0100] {logging_mixin.py:190} INFO - [2024-11-11T00:33:10.355+0100] {dag.py:4180} INFO - Setting next_dagrun for tutorial to 2024-11-09 00:00:00+00:00, run_after=2024-11-10 00:00:00+00:00
[2024-11-11T00:33:10.373+0100] {processor.py:208} INFO - Processing /home/sakana/anaconda3/envs/airflow_env/lib/python3.8/site-packages/airflow/example_dags/tutorial.py took 0.100 seconds
[2024-11-11T00:34:07.375+0100] {processor.py:186} INFO - Started process (PID=7543) to work on /home/sakana/anaconda3/envs/airflow_env/lib/python3.8/site-packages/airflow/example_dags/tutorial.py
[2024-11-11T00:34:07.379+0100] {processor.py:914} INFO - Processing file /home/sakana/anaconda3/envs/airflow_env/lib/python3.8/site-packages/airflow/example_dags/tutorial.py for tasks to queue
[2024-11-11T00:34:07.381+0100] {logging_mixin.py:190} INFO - [2024-11-11T00:34:07.381+0100] {dagbag.py:588} INFO - Filling up the DagBag from /home/sakana/anaconda3/envs/airflow_env/lib/python3.8/site-packages/airflow/example_dags/tutorial.py
[2024-11-11T00:34:07.389+0100] {processor.py:925} INFO - DAG(s) 'tutorial' retrieved from /home/sakana/anaconda3/envs/airflow_env/lib/python3.8/site-packages/airflow/example_dags/tutorial.py
[2024-11-11T00:34:07.404+0100] {logging_mixin.py:190} INFO - [2024-11-11T00:34:07.404+0100] {dag.py:3239} INFO - Sync 1 DAGs
[2024-11-11T00:34:07.423+0100] {logging_mixin.py:190} INFO - [2024-11-11T00:34:07.423+0100] {dag.py:4180} INFO - Setting next_dagrun for tutorial to 2024-11-09 00:00:00+00:00, run_after=2024-11-10 00:00:00+00:00
[2024-11-11T00:34:07.439+0100] {processor.py:208} INFO - Processing /home/sakana/anaconda3/envs/airflow_env/lib/python3.8/site-packages/airflow/example_dags/tutorial.py took 0.070 seconds
[2024-11-11T00:35:03.403+0100] {processor.py:186} INFO - Started process (PID=7621) to work on /home/sakana/anaconda3/envs/airflow_env/lib/python3.8/site-packages/airflow/example_dags/tutorial.py
[2024-11-11T00:35:03.408+0100] {processor.py:914} INFO - Processing file /home/sakana/anaconda3/envs/airflow_env/lib/python3.8/site-packages/airflow/example_dags/tutorial.py for tasks to queue
[2024-11-11T00:35:03.410+0100] {logging_mixin.py:190} INFO - [2024-11-11T00:35:03.410+0100] {dagbag.py:588} INFO - Filling up the DagBag from /home/sakana/anaconda3/envs/airflow_env/lib/python3.8/site-packages/airflow/example_dags/tutorial.py
[2024-11-11T00:35:03.418+0100] {processor.py:925} INFO - DAG(s) 'tutorial' retrieved from /home/sakana/anaconda3/envs/airflow_env/lib/python3.8/site-packages/airflow/example_dags/tutorial.py
[2024-11-11T00:35:03.433+0100] {logging_mixin.py:190} INFO - [2024-11-11T00:35:03.433+0100] {dag.py:3239} INFO - Sync 1 DAGs
[2024-11-11T00:35:03.451+0100] {logging_mixin.py:190} INFO - [2024-11-11T00:35:03.451+0100] {dag.py:4180} INFO - Setting next_dagrun for tutorial to 2024-11-09 00:00:00+00:00, run_after=2024-11-10 00:00:00+00:00
[2024-11-11T00:35:03.468+0100] {processor.py:208} INFO - Processing /home/sakana/anaconda3/envs/airflow_env/lib/python3.8/site-packages/airflow/example_dags/tutorial.py took 0.074 seconds
[2024-11-11T00:35:56.048+0100] {processor.py:186} INFO - Started process (PID=7693) to work on /home/sakana/anaconda3/envs/airflow_env/lib/python3.8/site-packages/airflow/example_dags/tutorial.py
[2024-11-11T00:35:56.054+0100] {processor.py:914} INFO - Processing file /home/sakana/anaconda3/envs/airflow_env/lib/python3.8/site-packages/airflow/example_dags/tutorial.py for tasks to queue
[2024-11-11T00:35:56.058+0100] {logging_mixin.py:190} INFO - [2024-11-11T00:35:56.057+0100] {dagbag.py:588} INFO - Filling up the DagBag from /home/sakana/anaconda3/envs/airflow_env/lib/python3.8/site-packages/airflow/example_dags/tutorial.py
[2024-11-11T00:35:56.072+0100] {processor.py:925} INFO - DAG(s) 'tutorial' retrieved from /home/sakana/anaconda3/envs/airflow_env/lib/python3.8/site-packages/airflow/example_dags/tutorial.py
[2024-11-11T00:35:56.088+0100] {logging_mixin.py:190} INFO - [2024-11-11T00:35:56.088+0100] {dag.py:3239} INFO - Sync 1 DAGs
[2024-11-11T00:35:56.105+0100] {logging_mixin.py:190} INFO - [2024-11-11T00:35:56.105+0100] {dag.py:4180} INFO - Setting next_dagrun for tutorial to 2024-11-09 00:00:00+00:00, run_after=2024-11-10 00:00:00+00:00
[2024-11-11T00:35:56.140+0100] {processor.py:208} INFO - Processing /home/sakana/anaconda3/envs/airflow_env/lib/python3.8/site-packages/airflow/example_dags/tutorial.py took 0.103 seconds
[2024-11-11T00:36:53.032+0100] {processor.py:186} INFO - Started process (PID=7763) to work on /home/sakana/anaconda3/envs/airflow_env/lib/python3.8/site-packages/airflow/example_dags/tutorial.py
[2024-11-11T00:36:53.036+0100] {processor.py:914} INFO - Processing file /home/sakana/anaconda3/envs/airflow_env/lib/python3.8/site-packages/airflow/example_dags/tutorial.py for tasks to queue
[2024-11-11T00:36:53.038+0100] {logging_mixin.py:190} INFO - [2024-11-11T00:36:53.038+0100] {dagbag.py:588} INFO - Filling up the DagBag from /home/sakana/anaconda3/envs/airflow_env/lib/python3.8/site-packages/airflow/example_dags/tutorial.py
[2024-11-11T00:36:53.045+0100] {processor.py:925} INFO - DAG(s) 'tutorial' retrieved from /home/sakana/anaconda3/envs/airflow_env/lib/python3.8/site-packages/airflow/example_dags/tutorial.py
[2024-11-11T00:36:53.061+0100] {logging_mixin.py:190} INFO - [2024-11-11T00:36:53.060+0100] {dag.py:3239} INFO - Sync 1 DAGs
[2024-11-11T00:36:53.084+0100] {logging_mixin.py:190} INFO - [2024-11-11T00:36:53.083+0100] {dag.py:4180} INFO - Setting next_dagrun for tutorial to 2024-11-09 00:00:00+00:00, run_after=2024-11-10 00:00:00+00:00
[2024-11-11T00:36:53.109+0100] {processor.py:208} INFO - Processing /home/sakana/anaconda3/envs/airflow_env/lib/python3.8/site-packages/airflow/example_dags/tutorial.py took 0.082 seconds
[2024-11-11T00:37:51.435+0100] {processor.py:186} INFO - Started process (PID=7837) to work on /home/sakana/anaconda3/envs/airflow_env/lib/python3.8/site-packages/airflow/example_dags/tutorial.py
[2024-11-11T00:37:51.440+0100] {processor.py:914} INFO - Processing file /home/sakana/anaconda3/envs/airflow_env/lib/python3.8/site-packages/airflow/example_dags/tutorial.py for tasks to queue
[2024-11-11T00:37:51.442+0100] {logging_mixin.py:190} INFO - [2024-11-11T00:37:51.441+0100] {dagbag.py:588} INFO - Filling up the DagBag from /home/sakana/anaconda3/envs/airflow_env/lib/python3.8/site-packages/airflow/example_dags/tutorial.py
[2024-11-11T00:37:51.449+0100] {processor.py:925} INFO - DAG(s) 'tutorial' retrieved from /home/sakana/anaconda3/envs/airflow_env/lib/python3.8/site-packages/airflow/example_dags/tutorial.py
[2024-11-11T00:37:51.464+0100] {logging_mixin.py:190} INFO - [2024-11-11T00:37:51.464+0100] {dag.py:3239} INFO - Sync 1 DAGs
[2024-11-11T00:37:51.485+0100] {logging_mixin.py:190} INFO - [2024-11-11T00:37:51.484+0100] {dag.py:4180} INFO - Setting next_dagrun for tutorial to 2024-11-09 00:00:00+00:00, run_after=2024-11-10 00:00:00+00:00
[2024-11-11T00:37:51.511+0100] {processor.py:208} INFO - Processing /home/sakana/anaconda3/envs/airflow_env/lib/python3.8/site-packages/airflow/example_dags/tutorial.py took 0.082 seconds
[2024-11-11T00:38:43.707+0100] {processor.py:186} INFO - Started process (PID=7944) to work on /home/sakana/anaconda3/envs/airflow_env/lib/python3.8/site-packages/airflow/example_dags/tutorial.py
[2024-11-11T00:38:43.712+0100] {processor.py:914} INFO - Processing file /home/sakana/anaconda3/envs/airflow_env/lib/python3.8/site-packages/airflow/example_dags/tutorial.py for tasks to queue
[2024-11-11T00:38:43.714+0100] {logging_mixin.py:190} INFO - [2024-11-11T00:38:43.714+0100] {dagbag.py:588} INFO - Filling up the DagBag from /home/sakana/anaconda3/envs/airflow_env/lib/python3.8/site-packages/airflow/example_dags/tutorial.py
[2024-11-11T00:38:43.725+0100] {processor.py:925} INFO - DAG(s) 'tutorial' retrieved from /home/sakana/anaconda3/envs/airflow_env/lib/python3.8/site-packages/airflow/example_dags/tutorial.py
[2024-11-11T00:38:43.743+0100] {logging_mixin.py:190} INFO - [2024-11-11T00:38:43.742+0100] {dag.py:3239} INFO - Sync 1 DAGs
[2024-11-11T00:38:43.764+0100] {logging_mixin.py:190} INFO - [2024-11-11T00:38:43.764+0100] {dag.py:4180} INFO - Setting next_dagrun for tutorial to 2024-11-09 00:00:00+00:00, run_after=2024-11-10 00:00:00+00:00
[2024-11-11T00:38:43.797+0100] {processor.py:208} INFO - Processing /home/sakana/anaconda3/envs/airflow_env/lib/python3.8/site-packages/airflow/example_dags/tutorial.py took 0.098 seconds
[2024-11-11T00:39:41.813+0100] {processor.py:186} INFO - Started process (PID=8081) to work on /home/sakana/anaconda3/envs/airflow_env/lib/python3.8/site-packages/airflow/example_dags/tutorial.py
[2024-11-11T00:39:41.814+0100] {processor.py:914} INFO - Processing file /home/sakana/anaconda3/envs/airflow_env/lib/python3.8/site-packages/airflow/example_dags/tutorial.py for tasks to queue
[2024-11-11T00:39:41.817+0100] {logging_mixin.py:190} INFO - [2024-11-11T00:39:41.817+0100] {dagbag.py:588} INFO - Filling up the DagBag from /home/sakana/anaconda3/envs/airflow_env/lib/python3.8/site-packages/airflow/example_dags/tutorial.py
[2024-11-11T00:39:41.829+0100] {processor.py:925} INFO - DAG(s) 'tutorial' retrieved from /home/sakana/anaconda3/envs/airflow_env/lib/python3.8/site-packages/airflow/example_dags/tutorial.py
[2024-11-11T00:39:41.849+0100] {logging_mixin.py:190} INFO - [2024-11-11T00:39:41.848+0100] {dag.py:3239} INFO - Sync 1 DAGs
[2024-11-11T00:39:41.874+0100] {logging_mixin.py:190} INFO - [2024-11-11T00:39:41.874+0100] {dag.py:4180} INFO - Setting next_dagrun for tutorial to 2024-11-09 00:00:00+00:00, run_after=2024-11-10 00:00:00+00:00
[2024-11-11T00:39:41.905+0100] {processor.py:208} INFO - Processing /home/sakana/anaconda3/envs/airflow_env/lib/python3.8/site-packages/airflow/example_dags/tutorial.py took 0.102 seconds
[2024-11-11T00:42:56.540+0100] {processor.py:186} INFO - Started process (PID=8422) to work on /home/sakana/anaconda3/envs/airflow_env/lib/python3.8/site-packages/airflow/example_dags/tutorial.py
[2024-11-11T00:42:56.545+0100] {processor.py:914} INFO - Processing file /home/sakana/anaconda3/envs/airflow_env/lib/python3.8/site-packages/airflow/example_dags/tutorial.py for tasks to queue
[2024-11-11T00:42:56.547+0100] {logging_mixin.py:190} INFO - [2024-11-11T00:42:56.547+0100] {dagbag.py:588} INFO - Filling up the DagBag from /home/sakana/anaconda3/envs/airflow_env/lib/python3.8/site-packages/airflow/example_dags/tutorial.py
[2024-11-11T00:42:56.555+0100] {processor.py:925} INFO - DAG(s) 'tutorial' retrieved from /home/sakana/anaconda3/envs/airflow_env/lib/python3.8/site-packages/airflow/example_dags/tutorial.py
[2024-11-11T00:42:56.575+0100] {logging_mixin.py:190} INFO - [2024-11-11T00:42:56.574+0100] {dag.py:3239} INFO - Sync 1 DAGs
[2024-11-11T00:42:56.602+0100] {logging_mixin.py:190} INFO - [2024-11-11T00:42:56.602+0100] {dag.py:4180} INFO - Setting next_dagrun for tutorial to 2024-11-09 00:00:00+00:00, run_after=2024-11-10 00:00:00+00:00
[2024-11-11T00:42:56.619+0100] {processor.py:208} INFO - Processing /home/sakana/anaconda3/envs/airflow_env/lib/python3.8/site-packages/airflow/example_dags/tutorial.py took 0.085 seconds
[2024-11-11T00:45:21.991+0100] {processor.py:186} INFO - Started process (PID=8719) to work on /home/sakana/anaconda3/envs/airflow_env/lib/python3.8/site-packages/airflow/example_dags/tutorial.py
[2024-11-11T00:45:21.992+0100] {processor.py:914} INFO - Processing file /home/sakana/anaconda3/envs/airflow_env/lib/python3.8/site-packages/airflow/example_dags/tutorial.py for tasks to queue
[2024-11-11T00:45:21.995+0100] {logging_mixin.py:190} INFO - [2024-11-11T00:45:21.994+0100] {dagbag.py:588} INFO - Filling up the DagBag from /home/sakana/anaconda3/envs/airflow_env/lib/python3.8/site-packages/airflow/example_dags/tutorial.py
[2024-11-11T00:45:22.004+0100] {processor.py:925} INFO - DAG(s) 'tutorial' retrieved from /home/sakana/anaconda3/envs/airflow_env/lib/python3.8/site-packages/airflow/example_dags/tutorial.py
[2024-11-11T00:45:22.032+0100] {logging_mixin.py:190} INFO - [2024-11-11T00:45:22.032+0100] {dag.py:3239} INFO - Sync 1 DAGs
[2024-11-11T00:45:22.055+0100] {logging_mixin.py:190} INFO - [2024-11-11T00:45:22.054+0100] {dag.py:4180} INFO - Setting next_dagrun for tutorial to 2024-11-09 00:00:00+00:00, run_after=2024-11-10 00:00:00+00:00
[2024-11-11T00:45:22.073+0100] {processor.py:208} INFO - Processing /home/sakana/anaconda3/envs/airflow_env/lib/python3.8/site-packages/airflow/example_dags/tutorial.py took 0.088 seconds
[2024-11-11T00:46:20.534+0100] {processor.py:186} INFO - Started process (PID=8837) to work on /home/sakana/anaconda3/envs/airflow_env/lib/python3.8/site-packages/airflow/example_dags/tutorial.py
[2024-11-11T00:46:20.539+0100] {processor.py:914} INFO - Processing file /home/sakana/anaconda3/envs/airflow_env/lib/python3.8/site-packages/airflow/example_dags/tutorial.py for tasks to queue
[2024-11-11T00:46:20.542+0100] {logging_mixin.py:190} INFO - [2024-11-11T00:46:20.541+0100] {dagbag.py:588} INFO - Filling up the DagBag from /home/sakana/anaconda3/envs/airflow_env/lib/python3.8/site-packages/airflow/example_dags/tutorial.py
[2024-11-11T00:46:20.552+0100] {processor.py:925} INFO - DAG(s) 'tutorial' retrieved from /home/sakana/anaconda3/envs/airflow_env/lib/python3.8/site-packages/airflow/example_dags/tutorial.py
[2024-11-11T00:46:20.568+0100] {logging_mixin.py:190} INFO - [2024-11-11T00:46:20.568+0100] {dag.py:3239} INFO - Sync 1 DAGs
[2024-11-11T00:46:20.586+0100] {logging_mixin.py:190} INFO - [2024-11-11T00:46:20.586+0100] {dag.py:4180} INFO - Setting next_dagrun for tutorial to 2024-11-09 00:00:00+00:00, run_after=2024-11-10 00:00:00+00:00
[2024-11-11T00:46:20.604+0100] {processor.py:208} INFO - Processing /home/sakana/anaconda3/envs/airflow_env/lib/python3.8/site-packages/airflow/example_dags/tutorial.py took 0.080 seconds
[2024-11-11T00:47:15.259+0100] {processor.py:186} INFO - Started process (PID=8919) to work on /home/sakana/anaconda3/envs/airflow_env/lib/python3.8/site-packages/airflow/example_dags/tutorial.py
[2024-11-11T00:47:15.265+0100] {processor.py:914} INFO - Processing file /home/sakana/anaconda3/envs/airflow_env/lib/python3.8/site-packages/airflow/example_dags/tutorial.py for tasks to queue
[2024-11-11T00:47:15.271+0100] {logging_mixin.py:190} INFO - [2024-11-11T00:47:15.270+0100] {dagbag.py:588} INFO - Filling up the DagBag from /home/sakana/anaconda3/envs/airflow_env/lib/python3.8/site-packages/airflow/example_dags/tutorial.py
[2024-11-11T00:47:15.284+0100] {processor.py:925} INFO - DAG(s) 'tutorial' retrieved from /home/sakana/anaconda3/envs/airflow_env/lib/python3.8/site-packages/airflow/example_dags/tutorial.py
[2024-11-11T00:47:15.306+0100] {logging_mixin.py:190} INFO - [2024-11-11T00:47:15.306+0100] {dag.py:3239} INFO - Sync 1 DAGs
[2024-11-11T00:47:15.323+0100] {logging_mixin.py:190} INFO - [2024-11-11T00:47:15.323+0100] {dag.py:4180} INFO - Setting next_dagrun for tutorial to 2024-11-09 00:00:00+00:00, run_after=2024-11-10 00:00:00+00:00
[2024-11-11T00:47:15.341+0100] {processor.py:208} INFO - Processing /home/sakana/anaconda3/envs/airflow_env/lib/python3.8/site-packages/airflow/example_dags/tutorial.py took 0.093 seconds
[2024-11-11T00:48:12.331+0100] {processor.py:186} INFO - Started process (PID=9008) to work on /home/sakana/anaconda3/envs/airflow_env/lib/python3.8/site-packages/airflow/example_dags/tutorial.py
[2024-11-11T00:48:12.336+0100] {processor.py:914} INFO - Processing file /home/sakana/anaconda3/envs/airflow_env/lib/python3.8/site-packages/airflow/example_dags/tutorial.py for tasks to queue
[2024-11-11T00:48:12.341+0100] {logging_mixin.py:190} INFO - [2024-11-11T00:48:12.340+0100] {dagbag.py:588} INFO - Filling up the DagBag from /home/sakana/anaconda3/envs/airflow_env/lib/python3.8/site-packages/airflow/example_dags/tutorial.py
[2024-11-11T00:48:12.351+0100] {processor.py:925} INFO - DAG(s) 'tutorial' retrieved from /home/sakana/anaconda3/envs/airflow_env/lib/python3.8/site-packages/airflow/example_dags/tutorial.py
[2024-11-11T00:48:12.369+0100] {logging_mixin.py:190} INFO - [2024-11-11T00:48:12.369+0100] {dag.py:3239} INFO - Sync 1 DAGs
[2024-11-11T00:48:12.396+0100] {logging_mixin.py:190} INFO - [2024-11-11T00:48:12.396+0100] {dag.py:4180} INFO - Setting next_dagrun for tutorial to 2024-11-09 00:00:00+00:00, run_after=2024-11-10 00:00:00+00:00
[2024-11-11T00:48:12.426+0100] {processor.py:208} INFO - Processing /home/sakana/anaconda3/envs/airflow_env/lib/python3.8/site-packages/airflow/example_dags/tutorial.py took 0.104 seconds
[2024-11-11T00:49:09.998+0100] {processor.py:186} INFO - Started process (PID=9149) to work on /home/sakana/anaconda3/envs/airflow_env/lib/python3.8/site-packages/airflow/example_dags/tutorial.py
[2024-11-11T00:49:09.999+0100] {processor.py:914} INFO - Processing file /home/sakana/anaconda3/envs/airflow_env/lib/python3.8/site-packages/airflow/example_dags/tutorial.py for tasks to queue
[2024-11-11T00:49:10.002+0100] {logging_mixin.py:190} INFO - [2024-11-11T00:49:10.002+0100] {dagbag.py:588} INFO - Filling up the DagBag from /home/sakana/anaconda3/envs/airflow_env/lib/python3.8/site-packages/airflow/example_dags/tutorial.py
[2024-11-11T00:49:10.013+0100] {processor.py:925} INFO - DAG(s) 'tutorial' retrieved from /home/sakana/anaconda3/envs/airflow_env/lib/python3.8/site-packages/airflow/example_dags/tutorial.py
[2024-11-11T00:49:10.035+0100] {logging_mixin.py:190} INFO - [2024-11-11T00:49:10.035+0100] {dag.py:3239} INFO - Sync 1 DAGs
[2024-11-11T00:49:10.072+0100] {logging_mixin.py:190} INFO - [2024-11-11T00:49:10.072+0100] {dag.py:4180} INFO - Setting next_dagrun for tutorial to 2024-11-09 00:00:00+00:00, run_after=2024-11-10 00:00:00+00:00
[2024-11-11T00:49:10.109+0100] {processor.py:208} INFO - Processing /home/sakana/anaconda3/envs/airflow_env/lib/python3.8/site-packages/airflow/example_dags/tutorial.py took 0.120 seconds
[2024-11-11T00:50:08.068+0100] {processor.py:186} INFO - Started process (PID=9463) to work on /home/sakana/anaconda3/envs/airflow_env/lib/python3.8/site-packages/airflow/example_dags/tutorial.py
[2024-11-11T00:50:08.073+0100] {processor.py:914} INFO - Processing file /home/sakana/anaconda3/envs/airflow_env/lib/python3.8/site-packages/airflow/example_dags/tutorial.py for tasks to queue
[2024-11-11T00:50:08.081+0100] {logging_mixin.py:190} INFO - [2024-11-11T00:50:08.079+0100] {dagbag.py:588} INFO - Filling up the DagBag from /home/sakana/anaconda3/envs/airflow_env/lib/python3.8/site-packages/airflow/example_dags/tutorial.py
[2024-11-11T00:50:08.102+0100] {processor.py:925} INFO - DAG(s) 'tutorial' retrieved from /home/sakana/anaconda3/envs/airflow_env/lib/python3.8/site-packages/airflow/example_dags/tutorial.py
[2024-11-11T00:50:08.130+0100] {logging_mixin.py:190} INFO - [2024-11-11T00:50:08.130+0100] {dag.py:3239} INFO - Sync 1 DAGs
[2024-11-11T00:50:08.153+0100] {logging_mixin.py:190} INFO - [2024-11-11T00:50:08.153+0100] {dag.py:4180} INFO - Setting next_dagrun for tutorial to 2024-11-09 00:00:00+00:00, run_after=2024-11-10 00:00:00+00:00
[2024-11-11T00:50:08.179+0100] {processor.py:208} INFO - Processing /home/sakana/anaconda3/envs/airflow_env/lib/python3.8/site-packages/airflow/example_dags/tutorial.py took 0.129 seconds
[2024-11-11T00:51:08.626+0100] {processor.py:186} INFO - Started process (PID=9542) to work on /home/sakana/anaconda3/envs/airflow_env/lib/python3.8/site-packages/airflow/example_dags/tutorial.py
[2024-11-11T00:51:08.631+0100] {processor.py:914} INFO - Processing file /home/sakana/anaconda3/envs/airflow_env/lib/python3.8/site-packages/airflow/example_dags/tutorial.py for tasks to queue
[2024-11-11T00:51:08.634+0100] {logging_mixin.py:190} INFO - [2024-11-11T00:51:08.634+0100] {dagbag.py:588} INFO - Filling up the DagBag from /home/sakana/anaconda3/envs/airflow_env/lib/python3.8/site-packages/airflow/example_dags/tutorial.py
[2024-11-11T00:51:08.643+0100] {processor.py:925} INFO - DAG(s) 'tutorial' retrieved from /home/sakana/anaconda3/envs/airflow_env/lib/python3.8/site-packages/airflow/example_dags/tutorial.py
[2024-11-11T00:51:08.660+0100] {logging_mixin.py:190} INFO - [2024-11-11T00:51:08.660+0100] {dag.py:3239} INFO - Sync 1 DAGs
[2024-11-11T00:51:08.690+0100] {logging_mixin.py:190} INFO - [2024-11-11T00:51:08.690+0100] {dag.py:4180} INFO - Setting next_dagrun for tutorial to 2024-11-09 00:00:00+00:00, run_after=2024-11-10 00:00:00+00:00
[2024-11-11T00:51:08.711+0100] {processor.py:208} INFO - Processing /home/sakana/anaconda3/envs/airflow_env/lib/python3.8/site-packages/airflow/example_dags/tutorial.py took 0.091 seconds
[2024-11-11T00:52:04.686+0100] {processor.py:186} INFO - Started process (PID=9642) to work on /home/sakana/anaconda3/envs/airflow_env/lib/python3.8/site-packages/airflow/example_dags/tutorial.py
[2024-11-11T00:52:04.691+0100] {processor.py:914} INFO - Processing file /home/sakana/anaconda3/envs/airflow_env/lib/python3.8/site-packages/airflow/example_dags/tutorial.py for tasks to queue
[2024-11-11T00:52:04.694+0100] {logging_mixin.py:190} INFO - [2024-11-11T00:52:04.693+0100] {dagbag.py:588} INFO - Filling up the DagBag from /home/sakana/anaconda3/envs/airflow_env/lib/python3.8/site-packages/airflow/example_dags/tutorial.py
[2024-11-11T00:52:04.703+0100] {processor.py:925} INFO - DAG(s) 'tutorial' retrieved from /home/sakana/anaconda3/envs/airflow_env/lib/python3.8/site-packages/airflow/example_dags/tutorial.py
[2024-11-11T00:52:04.723+0100] {logging_mixin.py:190} INFO - [2024-11-11T00:52:04.723+0100] {dag.py:3239} INFO - Sync 1 DAGs
[2024-11-11T00:52:04.756+0100] {logging_mixin.py:190} INFO - [2024-11-11T00:52:04.755+0100] {dag.py:4180} INFO - Setting next_dagrun for tutorial to 2024-11-09 00:00:00+00:00, run_after=2024-11-10 00:00:00+00:00
[2024-11-11T00:52:04.783+0100] {processor.py:208} INFO - Processing /home/sakana/anaconda3/envs/airflow_env/lib/python3.8/site-packages/airflow/example_dags/tutorial.py took 0.105 seconds
[2024-11-11T00:53:02.817+0100] {processor.py:186} INFO - Started process (PID=9843) to work on /home/sakana/anaconda3/envs/airflow_env/lib/python3.8/site-packages/airflow/example_dags/tutorial.py
[2024-11-11T00:53:02.818+0100] {processor.py:914} INFO - Processing file /home/sakana/anaconda3/envs/airflow_env/lib/python3.8/site-packages/airflow/example_dags/tutorial.py for tasks to queue
[2024-11-11T00:53:02.821+0100] {logging_mixin.py:190} INFO - [2024-11-11T00:53:02.821+0100] {dagbag.py:588} INFO - Filling up the DagBag from /home/sakana/anaconda3/envs/airflow_env/lib/python3.8/site-packages/airflow/example_dags/tutorial.py
[2024-11-11T00:53:02.832+0100] {processor.py:925} INFO - DAG(s) 'tutorial' retrieved from /home/sakana/anaconda3/envs/airflow_env/lib/python3.8/site-packages/airflow/example_dags/tutorial.py
[2024-11-11T00:53:02.859+0100] {logging_mixin.py:190} INFO - [2024-11-11T00:53:02.859+0100] {dag.py:3239} INFO - Sync 1 DAGs
[2024-11-11T00:53:02.893+0100] {logging_mixin.py:190} INFO - [2024-11-11T00:53:02.893+0100] {dag.py:4180} INFO - Setting next_dagrun for tutorial to 2024-11-09 00:00:00+00:00, run_after=2024-11-10 00:00:00+00:00
[2024-11-11T00:53:02.934+0100] {processor.py:208} INFO - Processing /home/sakana/anaconda3/envs/airflow_env/lib/python3.8/site-packages/airflow/example_dags/tutorial.py took 0.127 seconds
[2024-11-11T00:54:02.213+0100] {processor.py:186} INFO - Started process (PID=9918) to work on /home/sakana/anaconda3/envs/airflow_env/lib/python3.8/site-packages/airflow/example_dags/tutorial.py
[2024-11-11T00:54:02.219+0100] {processor.py:914} INFO - Processing file /home/sakana/anaconda3/envs/airflow_env/lib/python3.8/site-packages/airflow/example_dags/tutorial.py for tasks to queue
[2024-11-11T00:54:02.222+0100] {logging_mixin.py:190} INFO - [2024-11-11T00:54:02.221+0100] {dagbag.py:588} INFO - Filling up the DagBag from /home/sakana/anaconda3/envs/airflow_env/lib/python3.8/site-packages/airflow/example_dags/tutorial.py
[2024-11-11T00:54:02.231+0100] {processor.py:925} INFO - DAG(s) 'tutorial' retrieved from /home/sakana/anaconda3/envs/airflow_env/lib/python3.8/site-packages/airflow/example_dags/tutorial.py
[2024-11-11T00:54:02.250+0100] {logging_mixin.py:190} INFO - [2024-11-11T00:54:02.249+0100] {dag.py:3239} INFO - Sync 1 DAGs
[2024-11-11T00:54:02.267+0100] {logging_mixin.py:190} INFO - [2024-11-11T00:54:02.267+0100] {dag.py:4180} INFO - Setting next_dagrun for tutorial to 2024-11-09 00:00:00+00:00, run_after=2024-11-10 00:00:00+00:00
[2024-11-11T00:54:02.290+0100] {processor.py:208} INFO - Processing /home/sakana/anaconda3/envs/airflow_env/lib/python3.8/site-packages/airflow/example_dags/tutorial.py took 0.084 seconds
