[2024-11-12T01:00:15.711+0100] {local_task_job_runner.py:123} INFO - ::group::Pre task execution logs
[2024-11-12T01:00:15.749+0100] {taskinstance.py:2613} INFO - Dependencies all met for dep_context=non-requeueable deps ti=<TaskInstance: example_bash_operator.runme_1 scheduled__2024-11-11T00:00:00+00:00 [queued]>
[2024-11-12T01:00:15.773+0100] {taskinstance.py:2613} INFO - Dependencies all met for dep_context=requeueable deps ti=<TaskInstance: example_bash_operator.runme_1 scheduled__2024-11-11T00:00:00+00:00 [queued]>
[2024-11-12T01:00:15.774+0100] {taskinstance.py:2866} INFO - Starting attempt 1 of 1
[2024-11-12T01:00:15.819+0100] {taskinstance.py:2889} INFO - Executing <Task(BashOperator): runme_1> on 2024-11-11 00:00:00+00:00
[2024-11-12T01:00:15.823+0100] {standard_task_runner.py:72} INFO - Started process 30492 to run task
[2024-11-12T01:00:15.836+0100] {standard_task_runner.py:104} INFO - Running: ['airflow', 'tasks', 'run', 'example_bash_operator', 'runme_1', 'scheduled__2024-11-11T00:00:00+00:00', '--job-id', '30', '--raw', '--subdir', '/home/sakana/anaconda3/envs/airflow_env/lib/python3.8/site-packages/airflow/example_dags/example_bash_operator.py', '--cfg-path', '/tmp/tmpe3uc6quv']
[2024-11-12T01:00:15.839+0100] {standard_task_runner.py:105} INFO - Job 30: Subtask runme_1
[2024-11-12T01:00:16.069+0100] {task_command.py:467} INFO - Running <TaskInstance: example_bash_operator.runme_1 scheduled__2024-11-11T00:00:00+00:00 [running]> on host sakana
[2024-11-12T01:00:16.443+0100] {taskinstance.py:3132} INFO - Exporting env vars: AIRFLOW_CTX_DAG_OWNER='airflow' AIRFLOW_CTX_DAG_ID='example_bash_operator' AIRFLOW_CTX_TASK_ID='runme_1' AIRFLOW_CTX_EXECUTION_DATE='2024-11-11T00:00:00+00:00' AIRFLOW_CTX_TRY_NUMBER='1' AIRFLOW_CTX_DAG_RUN_ID='scheduled__2024-11-11T00:00:00+00:00'
[2024-11-12T01:00:16.446+0100] {logging_mixin.py:190} INFO - Task instance is in running state
[2024-11-12T01:00:16.446+0100] {logging_mixin.py:190} INFO -  Previous state of the Task instance: queued
[2024-11-12T01:00:16.447+0100] {logging_mixin.py:190} INFO - Current task name:runme_1 state:running start_date:2024-11-12 00:00:15.749962+00:00
[2024-11-12T01:00:16.447+0100] {logging_mixin.py:190} INFO - Dag name:example_bash_operator and current dag run status:running
[2024-11-12T01:00:16.448+0100] {taskinstance.py:731} INFO - ::endgroup::
[2024-11-12T01:00:16.449+0100] {subprocess.py:78} INFO - Tmp dir root location: /tmp
[2024-11-12T01:00:16.453+0100] {subprocess.py:88} INFO - Running command: ['/usr/bin/bash', '-c', 'echo "example_bash_operator__runme_1__20241111" && sleep 1']
[2024-11-12T01:00:16.512+0100] {subprocess.py:99} INFO - Output:
[2024-11-12T01:00:16.514+0100] {subprocess.py:106} INFO - example_bash_operator__runme_1__20241111
[2024-11-12T01:00:17.521+0100] {subprocess.py:110} INFO - Command exited with return code 0
[2024-11-12T01:00:17.584+0100] {taskinstance.py:340} INFO - ::group::Post task execution logs
[2024-11-12T01:00:17.585+0100] {taskinstance.py:352} INFO - Marking task as SUCCESS. dag_id=example_bash_operator, task_id=runme_1, run_id=scheduled__2024-11-11T00:00:00+00:00, execution_date=20241111T000000, start_date=20241112T000015, end_date=20241112T000017
[2024-11-12T01:00:17.645+0100] {logging_mixin.py:190} INFO - Task instance in success state
[2024-11-12T01:00:17.646+0100] {logging_mixin.py:190} INFO -  Previous state of the Task instance: running
[2024-11-12T01:00:17.647+0100] {logging_mixin.py:190} INFO - Dag name:example_bash_operator queued_at:2024-11-12 00:00:07.281242+00:00
[2024-11-12T01:00:17.647+0100] {logging_mixin.py:190} INFO - Task hostname:sakana operator:BashOperator
[2024-11-12T01:00:17.694+0100] {local_task_job_runner.py:266} INFO - Task exited with return code 0
[2024-11-12T01:00:17.792+0100] {taskinstance.py:3895} INFO - 0 downstream tasks scheduled from follow-on schedule check
[2024-11-12T01:00:17.794+0100] {local_task_job_runner.py:245} INFO - ::endgroup::
