[2024-11-12T16:46:14.411+0100] {local_task_job_runner.py:123} INFO - ::group::Pre task execution logs
[2024-11-12T16:46:14.423+0100] {taskinstance.py:2613} INFO - Dependencies all met for dep_context=non-requeueable deps ti=<TaskInstance: process_web_log_v2.extract_data manual__2024-11-12T15:46:07+00:00 [queued]>
[2024-11-12T16:46:14.430+0100] {taskinstance.py:2613} INFO - Dependencies all met for dep_context=requeueable deps ti=<TaskInstance: process_web_log_v2.extract_data manual__2024-11-12T15:46:07+00:00 [queued]>
[2024-11-12T16:46:14.430+0100] {taskinstance.py:2866} INFO - Starting attempt 1 of 2
[2024-11-12T16:46:14.449+0100] {taskinstance.py:2889} INFO - Executing <Task(PythonOperator): extract_data> on 2024-11-12 15:46:07+00:00
[2024-11-12T16:46:14.452+0100] {standard_task_runner.py:72} INFO - Started process 7616 to run task
[2024-11-12T16:46:14.456+0100] {standard_task_runner.py:104} INFO - Running: ['airflow', 'tasks', 'run', 'process_web_log_v2', 'extract_data', 'manual__2024-11-12T15:46:07+00:00', '--job-id', '46', '--raw', '--subdir', 'DAGS_FOLDER/process_web_log.py', '--cfg-path', '/tmp/tmpnnpaso0d']
[2024-11-12T16:46:14.457+0100] {standard_task_runner.py:105} INFO - Job 46: Subtask extract_data
[2024-11-12T16:46:14.519+0100] {task_command.py:467} INFO - Running <TaskInstance: process_web_log_v2.extract_data manual__2024-11-12T15:46:07+00:00 [running]> on host sakana
[2024-11-12T16:46:14.602+0100] {taskinstance.py:3132} INFO - Exporting env vars: AIRFLOW_CTX_DAG_OWNER='airflow' AIRFLOW_CTX_DAG_ID='process_web_log_v2' AIRFLOW_CTX_TASK_ID='extract_data' AIRFLOW_CTX_EXECUTION_DATE='2024-11-12T15:46:07+00:00' AIRFLOW_CTX_TRY_NUMBER='1' AIRFLOW_CTX_DAG_RUN_ID='manual__2024-11-12T15:46:07+00:00'
[2024-11-12T16:46:14.603+0100] {logging_mixin.py:190} INFO - Task instance is in running state
[2024-11-12T16:46:14.603+0100] {logging_mixin.py:190} INFO -  Previous state of the Task instance: queued
[2024-11-12T16:46:14.603+0100] {logging_mixin.py:190} INFO - Current task name:extract_data state:running start_date:2024-11-12 15:46:14.424290+00:00
[2024-11-12T16:46:14.603+0100] {logging_mixin.py:190} INFO - Dag name:process_web_log_v2 and current dag run status:running
[2024-11-12T16:46:14.603+0100] {taskinstance.py:731} INFO - ::endgroup::
[2024-11-12T16:46:14.618+0100] {python.py:240} INFO - Done. Returned value was: None
[2024-11-12T16:46:14.622+0100] {taskinstance.py:340} INFO - ::group::Post task execution logs
[2024-11-12T16:46:14.622+0100] {taskinstance.py:352} INFO - Marking task as SUCCESS. dag_id=process_web_log_v2, task_id=extract_data, run_id=manual__2024-11-12T15:46:07+00:00, execution_date=20241112T154607, start_date=20241112T154614, end_date=20241112T154614
[2024-11-12T16:46:14.637+0100] {logging_mixin.py:190} INFO - Task instance in success state
[2024-11-12T16:46:14.637+0100] {logging_mixin.py:190} INFO -  Previous state of the Task instance: running
[2024-11-12T16:46:14.637+0100] {logging_mixin.py:190} INFO - Dag name:process_web_log_v2 queued_at:2024-11-12 15:46:07.794056+00:00
[2024-11-12T16:46:14.638+0100] {logging_mixin.py:190} INFO - Task hostname:sakana operator:PythonOperator
[2024-11-12T16:46:14.668+0100] {local_task_job_runner.py:266} INFO - Task exited with return code 0
[2024-11-12T16:46:14.698+0100] {taskinstance.py:3895} INFO - 1 downstream tasks scheduled from follow-on schedule check
[2024-11-12T16:46:14.708+0100] {local_task_job_runner.py:245} INFO - ::endgroup::
